<?xml version="1.0" encoding="UTF-8" ?>
<testsuite errors="0" failures="0" hostname="mycom" name="net.ion.radon.repository.TestAllRepository" tests="164" time="3.625" timestamp="2011-10-04T12:41:34">
  <properties>
    <property name="java.vendor" value="Sun Microsystems Inc." />
    <property name="sun.java.launcher" value="SUN_STANDARD" />
    <property name="eclipse.pdebuild.templates" value="/D:/eclipse341/plugins/org.eclipse.pde.build_3.4.1.R34x_v20081217/templates/" />
    <property name="sun.management.compiler" value="HotSpot Client Compiler" />
    <property name="os.name" value="Windows XP" />
    <property name="sun.boot.class.path" value="D:\java\jdk5_22\jre\lib\rt.jar;D:\java\jdk5_22\jre\lib\i18n.jar;D:\java\jdk5_22\jre\lib\sunrsasign.jar;D:\java\jdk5_22\jre\lib\jsse.jar;D:\java\jdk5_22\jre\lib\jce.jar;D:\java\jdk5_22\jre\lib\charsets.jar;D:\java\jdk5_22\jre\classes" />
    <property name="TODAY" value="October 4 2011" />
    <property name="build.number" value="2" />
    <property name="sun.desktop" value="windows" />
    <property name="java.vm.specification.vendor" value="Sun Microsystems Inc." />
    <property name="ant.home" value="D:\eclipse341\plugins\org.apache.ant_1.7.0.v200803061910" />
    <property name="java.runtime.version" value="1.5.0_22-b03" />
    <property name="version.number" value="0" />
    <property name="user.name" value="Administrator" />
    <property name="ant.file.Jar Publish" value="D:\eclipse\workspace\MongoNode\build.xml" />
    <property name="publishDir" value="./publish" />
    <property name="user.language" value="ko" />
    <property name="sun.boot.library.path" value="D:\java\jdk5_22\jre\bin" />
    <property name="manifest.main.class" value="" />
    <property name="ant.project.name" value="Jar Publish" />
    <property name="DSTAMP" value="20111004" />
    <property name="java.version" value="1.5.0_22" />
    <property name="user.timezone" value="" />
    <property name="sun.arch.data.model" value="32" />
    <property name="java.endorsed.dirs" value="D:\java\jdk5_22\jre\lib\endorsed" />
    <property name="sun.cpu.isalist" value="pentium_pro+mmx pentium_pro pentium+mmx pentium i486 i386 i86" />
    <property name="sun.jnu.encoding" value="MS949" />
    <property name="file.encoding.pkg" value="sun.io" />
    <property name="file.separator" value="\" />
    <property name="java.specification.name" value="Java Platform API Specification" />
    <property name="java.class.version" value="49.0" />
    <property name="user.country" value="KR" />
    <property name="java.home" value="D:\java\jdk5_22\jre" />
    <property name="java.vm.info" value="mixed mode, sharing" />
    <property name="ant.file" value="D:\eclipse\workspace\MongoNode\build.xml" />
    <property name="os.version" value="5.1" />
    <property name="test.reports" value="./resource/report" />
    <property name="path.separator" value=";" />
    <property name="java.vm.version" value="1.5.0_22-b03" />
    <property name="user.variant" value="" />
    <property name="ant.library.dir" value="D:\eclipse341\plugins\org.apache.ant_1.7.0.v200803061910\lib" />
    <property name="manifest.classpath" value="./" />
    <property name="java.awt.printerjob" value="sun.awt.windows.WPrinterJob" />
    <property name="sun.io.unicode.encoding" value="UnicodeLittle" />
    <property name="awt.toolkit" value="sun.awt.windows.WToolkit" />
    <property name="eclipse.pdebuild.scripts" value="/D:/eclipse341/plugins/org.eclipse.pde.build_3.4.1.R34x_v20081217/scripts/" />
    <property name="user.home" value="C:\Documents and Settings\Administrator" />
    <property name="java.specification.vendor" value="Sun Microsystems Inc." />
    <property name="binDir" value="./bin" />
    <property name="java.library.path" value="D:\java\jdk5_22\jre\bin;.;C:\WINDOWS\system32;C:\WINDOWS;D:/java/jdk5_22/bin/../jre/bin/client;D:/java/jdk5_22/bin/../jre/bin;D:\java\jdk5_22;D:\java\jdk5_22\bin;C:\WINDOWS\system32;C:\WINDOWS;C:\WINDOWS\System32\Wbem;C:\Program Files\QuickTime\QTSystem\;C:\Program Files\TortoiseSVN\bin;C:\Program Files\TortoiseGit\bin;D:\java\jdk5se_22\bin;D:\java\jdk5_22;D:\java\jdk5_22\bin;C:\WINDOWS\system32;C:\WINDOWS;C:\WINDOWS\System32\Wbem;C:\Program Files\QuickTime\QTSystem\;C:\Program Files\TortoiseSVN\bin;C:\Program Files\TortoiseGit\bin" />
    <property name="java.vendor.url" value="http://java.sun.com/" />
    <property name="java.vm.vendor" value="Sun Microsystems Inc." />
    <property name="java.runtime.name" value="Java(TM) 2 Runtime Environment, Standard Edition" />
    <property name="java.class.path" value="D:\eclipse\workspace\MongoNode\bin;D:\eclipse\workspace\MongoNode\lib\aradon_0.5.jar;D:\eclipse\workspace\MongoNode\lib\commons-beanutils-1.8.0.jar;D:\eclipse\workspace\MongoNode\lib\commons-codec-1.3.jar;D:\eclipse\workspace\MongoNode\lib\commons-collections-3.2.jar;D:\eclipse\workspace\MongoNode\lib\commons-io-1.4.jar;D:\eclipse\workspace\MongoNode\lib\commons-lang-2.4.jar;D:\eclipse\workspace\MongoNode\lib\commons-logging-1.1.jar;D:\eclipse\workspace\MongoNode\lib\commons-vfs-20070730.jar;D:\eclipse\workspace\MongoNode\lib\ezmorph-1.0.5.jar;D:\eclipse\workspace\MongoNode\lib\iframework_2.2.jar;D:\eclipse\workspace\MongoNode\lib\json-lib-2.2.2-jdk15.jar;D:\eclipse\workspace\MongoNode\lib\jsqlparser.jar;D:\eclipse\workspace\MongoNode\lib\junit.jar;D:\eclipse\workspace\MongoNode\lib\mongo-2.6.3.jar;D:\eclipse341\plugins\org.apache.ant_1.7.0.v200803061910\lib\ant-launcher.jar;D:\eclipse341\plugins\org.apache.ant_1.7.0.v200803061910\lib\ant.jar;D:\eclipse341\plugins\org.apache.ant_1.7.0.v200803061910\lib\ant-junit.jar" />
    <property name="ant.version" value="Apache Ant version 1.7.0 compiled on December 13 2006" />
    <property name="TSTAMP" value="1241" />
    <property name="java.vm.specification.name" value="Java Virtual Machine Specification" />
    <property name="java.vm.specification.version" value="1.0" />
    <property name="sun.cpu.endian" value="little" />
    <property name="sun.os.patch.level" value="Service Pack 3" />
    <property name="eclipse.pdebuild.home" value="/D:/eclipse341/plugins/org.eclipse.pde.build_3.4.1.R34x_v20081217/./" />
    <property name="java.io.tmpdir" value="C:\DOCUME~1\ADMINI~1\LOCALS~1\Temp\" />
    <property name="java.vendor.url.bug" value="http://java.sun.com/cgi-bin/bugreport.cgi" />
    <property name="os.arch" value="x86" />
    <property name="java.awt.graphicsenv" value="sun.awt.Win32GraphicsEnvironment" />
    <property name="java.ext.dirs" value="D:\java\jdk5_22\jre\lib\ext" />
    <property name="user.dir" value="D:\eclipse\workspace\MongoNode" />
    <property name="line.separator" value="
" />
    <property name="java.vm.name" value="Java HotSpot(TM) Client VM" />
    <property name="basedir" value="D:\eclipse\workspace\MongoNode" />
    <property name="baseDir" value="." />
    <property name="ant.java.version" value="1.5" />
    <property name="TODAY_MY" value="10/04/2011 12:41" />
    <property name="ant.core.lib" value="D:\eclipse341\plugins\org.apache.ant_1.7.0.v200803061910\lib\ant.jar" />
    <property name="file.encoding" value="MS949" />
    <property name="java.specification.version" value="1.5" />
  </properties>
  <testcase classname="net.ion.radon.repository.TestCreate" name="testNewNode" time="0.188" />
  <testcase classname="net.ion.radon.repository.TestCreate" name="testOtherType" time="0.015" />
  <testcase classname="net.ion.radon.repository.TestCreate" name="testCaseSentive" time="0.016" />
  <testcase classname="net.ion.radon.repository.TestCreate" name="testCaseInSentiveQuery" time="0.016" />
  <testcase classname="net.ion.radon.repository.TestCreate" name="testCreateWithPath" time="0.0" />
  <testcase classname="net.ion.radon.repository.TestCreate" name="testChildNode" time="0.031" />
  <testcase classname="net.ion.radon.repository.TestCreate" name="testDupName" time="0.016" />
  <testcase classname="net.ion.radon.repository.TestCreate" name="testPath" time="0.015" />
  <testcase classname="net.ion.radon.repository.TestCreate" name="testReserved" time="0.0" />
  <testcase classname="net.ion.radon.repository.TestUpdate" name="testUpdate" time="0.016" />
  <testcase classname="net.ion.radon.repository.TestUpdate" name="testFindUpdate" time="0.015" />
  <testcase classname="net.ion.radon.repository.TestUpdate" name="testFindOverwrite" time="0.0" />
  <testcase classname="net.ion.radon.repository.TestUpdate" name="testNotExistUpdate" time="0.0" />
  <testcase classname="net.ion.radon.repository.TestUpdate" name="testMultiUpdate" time="0.031" />
  <testcase classname="net.ion.radon.repository.TestUpdate" name="testResult" time="0.016" />
  <testcase classname="net.ion.radon.repository.TestUpdate" name="testLastResult" time="0.0" />
  <testcase classname="net.ion.radon.repository.TestRemove" name="testNodeRemove" time="0.016" />
  <testcase classname="net.ion.radon.repository.TestRemove" name="testQueryRemove" time="0.015" />
  <testcase classname="net.ion.radon.repository.TestRootNode" name="testGet" time="0.016" />
  <testcase classname="net.ion.radon.repository.TestRootNode" name="testChild" time="0.015" />
  <testcase classname="net.ion.radon.repository.TestRootNode" name="testFindByPath" time="0.0" />
  <testcase classname="net.ion.radon.repository.TestFind" name="testFindByPath" time="0.032" />
  <testcase classname="net.ion.radon.repository.TestFind" name="testFindById" time="0.0" />
  <testcase classname="net.ion.radon.repository.TestFind" name="testFindByProperty" time="0.015" />
  <testcase classname="net.ion.radon.repository.TestFind" name="testByAradonId" time="0.016" />
  <testcase classname="net.ion.radon.repository.TestFind" name="testCacheLoad" time="0.0" />
  <testcase classname="net.ion.radon.repository.TestColumns" name="testSelect" time="0.031" />
  <testcase classname="net.ion.radon.repository.TestColumns" name="testBlankColumn" time="0.016" />
  <testcase classname="net.ion.radon.repository.TestColumns" name="testSelectDup" time="0.015" />
  <testcase classname="net.ion.radon.repository.TestColumns" name="testCompositeSelect" time="0.032" />
  <testcase classname="net.ion.radon.repository.TestColumns" name="testCompositeSelect2" time="0.015" />
  <testcase classname="net.ion.radon.repository.TestColumns" name="testSlice" time="0.032" />
  <testcase classname="net.ion.radon.repository.TestColumns" name="testExcludeSlice" time="0.015" />
  <testcase classname="net.ion.radon.repository.TestNodeCursor" name="testSelectAll" time="0.031" />
  <testcase classname="net.ion.radon.repository.TestNodeCursor" name="testPaging" time="0.032" />
  <testcase classname="net.ion.radon.repository.TestNodeCursor" name="testSort" time="0.015" />
  <testcase classname="net.ion.radon.repository.TestNodeCursor" name="testEach" time="0.032" />
  <testcase classname="net.ion.radon.repository.TestNodeCursor" name="testDebugPrint" time="0.015" />
  <testcase classname="net.ion.radon.repository.TestNodeCursor" name="testScreen" time="0.031" />
  <testcase classname="net.ion.radon.repository.TestAdvanceNode" name="testCompare" time="0.016" />
  <testcase classname="net.ion.radon.repository.TestAdvanceNode" name="testTwoCompare" time="0.031" />
  <testcase classname="net.ion.radon.repository.TestAdvanceNode" name="testListCompare" time="0.016" />
  <testcase classname="net.ion.radon.repository.TestAdvanceNode" name="testEncrypt" time="0.266" />
  <testcase classname="net.ion.radon.repository.TestAdvanceNode" name="testIncrease" time="0.031" />
  <testcase classname="net.ion.radon.repository.TestAradonId" name="testNewNode" time="0.062" />
  <testcase classname="net.ion.radon.repository.TestAradonId" name="testFind" time="0.032" />
  <testcase classname="net.ion.radon.repository.TestAradonId" name="testPredefinedIndexCount" time="0.046" />
  <testcase classname="net.ion.radon.repository.TestAradonId" name="testAradonId" time="0.032" />
  <testcase classname="net.ion.radon.repository.TestAradonId" name="testGroupPath" time="0.015" />
  <testcase classname="net.ion.radon.repository.TestAradonId" name="testGroupAndId" time="0.032" />
  <testcase classname="net.ion.radon.repository.TestAradonId" name="testAradonIdSort" time="0.015" />
  <testcase classname="net.ion.radon.repository.TestAradonId" name="testfindGroupUid" time="0.016" />
  <testcase classname="net.ion.radon.repository.function.TestFunction" name="testColumnParse" time="0.015" />
  <testcase classname="net.ion.radon.repository.function.TestFunction" name="testSecurity" time="0.016" />
  <testcase classname="net.ion.radon.repository.function.TestFunction" name="testToCharFromDate" time="0.0" />
  <testcase classname="net.ion.radon.repository.function.TestFunction" name="testToChar" time="0.016" />
  <testcase classname="net.ion.radon.repository.function.TestFunction" name="testDateColumn" time="0.047" />
  <testcase classname="net.ion.radon.repository.function.TestFunction" name="testDateOrder" time="0.015" />
  <testcase classname="net.ion.radon.repository.function.TestFunction" name="testPrefix" time="0.0" />
  <testcase classname="net.ion.radon.repository.TestInnerNode" name="testInterrface" time="0.016" />
  <testcase classname="net.ion.radon.repository.TestInnerNode" name="testComplicateGet" time="0.0" />
  <testcase classname="net.ion.radon.repository.TestTempNode" name="testChild" time="0.015" />
  <testcase classname="net.ion.radon.repository.TestTempNode" name="testOtherSelect" time="0.094" />
  <testcase classname="net.ion.radon.repository.TestLastModified" name="testWhenNew" time="0.11" />
  <testcase classname="net.ion.radon.repository.TestLastModified" name="testQueryUpdate" time="0.218" />
  <testcase classname="net.ion.radon.repository.TestQueryOperator" name="testAllFind" time="0.016" />
  <testcase classname="net.ion.radon.repository.TestQueryOperator" name="testEqual" time="0.016" />
  <testcase classname="net.ion.radon.repository.TestQueryOperator" name="testGreaterThan" time="0.0" />
  <testcase classname="net.ion.radon.repository.TestQueryOperator" name="testGraterThanEqual" time="0.015" />
  <testcase classname="net.ion.radon.repository.TestQueryOperator" name="testLessThan" time="0.016" />
  <testcase classname="net.ion.radon.repository.TestQueryOperator" name="testLessThanEqual" time="0.015" />
  <testcase classname="net.ion.radon.repository.TestQueryOperator" name="testInExpression" time="0.0" />
  <testcase classname="net.ion.radon.repository.TestQueryOperator" name="testExist" time="0.016" />
  <testcase classname="net.ion.radon.repository.TestQueryOperator" name="testNotExist" time="0.016" />
  <testcase classname="net.ion.radon.repository.TestQueryOperator" name="testBetween" time="0.047" />
  <testcase classname="net.ion.radon.repository.TestQueryOperator" name="testBetween2" time="0.015" />
  <testcase classname="net.ion.radon.repository.TestQueryOperator" name="testOrExpression" time="0.016" />
  <testcase classname="net.ion.radon.repository.TestQueryOperator" name="testOr2" time="0.015" />
  <testcase classname="net.ion.radon.repository.TestQueryOperator" name="testOrAradonGroup" time="0.016" />
  <testcase classname="net.ion.radon.repository.TestQueryOperator" name="testRegExpression" time="0.016" />
  <testcase classname="net.ion.radon.repository.TestQueryOperator" name="testWhere" time="0.015" />
  <testcase classname="net.ion.radon.repository.TestQueryOperator" name="testDate" time="0.032" />
  <testcase classname="net.ion.radon.repository.TestQueryOperator" name="testDateLessThen" time="0.015" />
  <testcase classname="net.ion.radon.repository.TestQueryOperator" name="testDateGreaterThen" time="0.016" />
  <testcase classname="net.ion.radon.repository.TestQueryMDL" name="testQueryRemove" time="0.0" />
  <testcase classname="net.ion.radon.repository.TestQueryMDL" name="testQueryUpdate" time="0.015" />
  <testcase classname="net.ion.radon.repository.TestAdvanceQuery" name="testAnd" time="0.016" />
  <testcase classname="net.ion.radon.repository.TestAdvanceQuery" name="testNotify" time="0.0" />
  <testcase classname="net.ion.radon.repository.innode.TestInPut" name="testCase" time="0.016" />
  <testcase classname="net.ion.radon.repository.innode.TestInPut" name="testPath" time="0.0" />
  <testcase classname="net.ion.radon.repository.innode.TestInPut" name="testQuery" time="0.015" />
  <testcase classname="net.ion.radon.repository.innode.TestInListQuery" name="testExist" time="0.016" />
  <testcase classname="net.ion.radon.repository.innode.TestInListQuery" name="testEqualFilter" time="0.016" />
  <testcase classname="net.ion.radon.repository.innode.TestInListQuery" name="testNotEqualFilter" time="0.015" />
  <testcase classname="net.ion.radon.repository.innode.TestInListQuery" name="testGreater" time="0.016" />
  <testcase classname="net.ion.radon.repository.innode.TestInListQuery" name="testLess" time="0.015" />
  <testcase classname="net.ion.radon.repository.innode.TestInListQuery" name="testIn" time="0.016" />
  <testcase classname="net.ion.radon.repository.innode.TestInListQuerySort" name="testPath" time="0.016" />
  <testcase classname="net.ion.radon.repository.innode.TestInListQuerySort" name="testSort" time="0.015" />
  <testcase classname="net.ion.radon.repository.innode.TestInListQuerySort" name="testSortPage" time="0.016" />
  <testcase classname="net.ion.radon.repository.innode.TestInListMDL" name="testUpdate" time="0.016" />
  <testcase classname="net.ion.radon.repository.innode.TestInListMDL" name="testAppend" time="0.015" />
  <testcase classname="net.ion.radon.repository.innode.TestInListMDL" name="testRemove" time="0.016" />
  <testcase classname="net.ion.radon.repository.innode.TestInListMDL" name="testRemove2" time="0.0" />
  <testcase classname="net.ion.radon.repository.innode.TestInListMDL" name="testInListNodeUpdate" time="0.015" />
  <testcase classname="net.ion.radon.repository.innode.TestInListMDL" name="testPush" time="0.016" />
  <testcase classname="net.ion.radon.repository.innode.TestInListNodeQuery" name="testPush" time="0.0" />
  <testcase classname="net.ion.radon.repository.innode.TestInListNodeQuery" name="testPushInNode" time="0.016" />
  <testcase classname="net.ion.radon.repository.innode.TestInListNodeQuery" name="testPull" time="0.031" />
  <testcase classname="net.ion.radon.repository.innode.TestInListNodeQuery" name="testMultiPush" time="0.0" />
  <testcase classname="net.ion.radon.repository.innode.TestInListNodeQuery" name="testCaseInSensitive" time="0.062" />
  <testcase classname="net.ion.radon.repository.innode.TestInListNodeQuery" name="testDepth" time="0.016" />
  <testcase classname="net.ion.radon.repository.innode.TestInListNodeQuery" name="testInListUpdate" time="0.0" />
  <testcase classname="net.ion.radon.repository.TestRepositoryCentral" name="testCreate" time="0.0" />
  <testcase classname="net.ion.radon.repository.TestRepositoryCentral" name="testSameMongo" time="0.0" />
  <testcase classname="net.ion.radon.repository.TestSession" name="testParentChild2" time="0.0" />
  <testcase classname="net.ion.radon.repository.TestSession" name="testSameSessionInSameThread" time="0.0" />
  <testcase classname="net.ion.radon.repository.TestSession" name="testSessionLogout" time="0.0" />
  <testcase classname="net.ion.radon.repository.TestWorkspace" name="testWorkspace2" time="0.015" />
  <testcase classname="net.ion.radon.repository.TestWorkspace" name="testReference" time="0.016" />
  <testcase classname="net.ion.radon.repository.TestWorkspace" name="testSessionSave" time="0.0" />
  <testcase classname="net.ion.radon.repository.TestWorkspace" name="testConplict" time="0.016" />
  <testcase classname="net.ion.radon.repository.TestWorkspace" name="testWorkspace" time="0.015" />
  <testcase classname="net.ion.radon.repository.TestParentChild" name="testParentChild" time="0.016" />
  <testcase classname="net.ion.radon.repository.TestParentChild" name="testReferenceDepth" time="0.015" />
  <testcase classname="net.ion.radon.repository.TestGeneralRelation" name="testRelation" time="0.016" />
  <testcase classname="net.ion.radon.repository.TestGeneralRelation" name="testReference2" time="0.016" />
  <testcase classname="net.ion.radon.repository.TestGeneralRelation" name="testOtherRelation" time="0.031" />
  <testcase classname="net.ion.radon.repository.TestGeneralRelation" name="testAddReference" time="0.016" />
  <testcase classname="net.ion.radon.repository.TestGeneralRelation" name="testRemoveReference" time="0.0" />
  <testcase classname="net.ion.radon.repository.TestGeneralRelation" name="testUpdateReference" time="0.031" />
  <testcase classname="net.ion.radon.repository.TestFindRelation" name="testReference" time="0.031" />
  <testcase classname="net.ion.radon.repository.TestFindRelation" name="testSimpleReference" time="0.0" />
  <testcase classname="net.ion.radon.repository.TestAdvanceRelation" name="testReference" time="0.063" />
  <testcase classname="net.ion.radon.repository.TestAdvanceRelation" name="testSetReference" time="0.031" />
  <testcase classname="net.ion.radon.repository.TestAdvanceRelation" name="testAradonDuplicate" time="0.047" />
  <testcase classname="net.ion.radon.repository.TestAdvanceRelation" name="testFindByGroup" time="0.062" />
  <testcase classname="net.ion.radon.repository.TestAdvanceRelation" name="testDifferentWorksapce" time="0.047" />
  <testcase classname="net.ion.radon.repository.TestAdvanceRelation" name="testCaseInsentiveReference" time="0.047" />
  <testcase classname="net.ion.radon.repository.TestAdvanceRelation2" name="testReference" time="0.016" />
  <testcase classname="net.ion.radon.repository.TestAdvanceRelation2" name="testHasProperty" time="0.015" />
  <testcase classname="net.ion.radon.repository.TestAdvanceRelation2" name="testReferenceGroup" time="0.016" />
  <testcase classname="net.ion.radon.repository.TestAdvanceRelation2" name="testViewRef" time="0.015" />
  <testcase classname="net.ion.radon.repository.TestSequence" name="testCreate" time="0.0" />
  <testcase classname="net.ion.radon.repository.TestSequence" name="testInit" time="0.016" />
  <testcase classname="net.ion.radon.repository.TestSequence" name="testNext" time="0.0" />
  <testcase classname="net.ion.radon.repository.TestSequence" name="testCache" time="0.016" />
  <testcase classname="net.ion.radon.repository.TestSequence" name="testUse" time="0.015" />
  <testcase classname="net.ion.radon.repository.advance.TestExplain" name="testViewExplain" time="0.016" />
  <testcase classname="net.ion.radon.repository.advance.TestExplain" name="testViewLastExplain" time="0.0" />
  <testcase classname="net.ion.radon.repository.advance.TestIndex" name="testLazyConfirmPath" time="0.016" />
  <testcase classname="net.ion.radon.repository.advance.TestIndex" name="testConfirmIndex" time="0.0" />
  <testcase classname="net.ion.radon.repository.TestNodeRows" name="testCreate" time="0.015" />
  <testcase classname="net.ion.radon.repository.TestNodeRows" name="testSort" time="0.0" />
  <testcase classname="net.ion.radon.repository.TestNodeRows" name="testReference" time="0.031" />
  <testcase classname="net.ion.radon.repository.TestNodeRows" name="testFavoriate" time="0.0" />
  <testcase classname="net.ion.radon.repository.TestNodeRows" name="testMeta" time="0.016" />
  <testcase classname="net.ion.radon.repository.TestNodeRows" name="testValue" time="0.0" />
  <testcase classname="net.ion.radon.repository.TestNodeRows" name="testCursor" time="0.016" />
  <testcase classname="net.ion.radon.repository.TestNodeRows" name="testCursor2" time="0.015" />
  <testcase classname="net.ion.radon.repository.TestNodeRows" name="testDecode" time="0.016" />
  <testcase classname="net.ion.radon.repository.TestNodeRows" name="testColumn" time="0.016" />
  <testcase classname="net.ion.radon.repository.TestNodeRows" name="testUnionAll" time="0.015" />
  <testcase classname="net.ion.radon.repository.TestNodeSerialize" name="testSerialize" time="0.016" />
  <system-out><![CDATA[[[[{age=2, color=red}, {age=1, color=red}]]] by net.ion.radon.repository.TestAradonId:testFind[20111004-124135]
[[[{ "name" : "_id_" , "ns" : "test.abcd" , "key" : { "_id" : 1}}, { "name" : "_aradon_id" , "ns" : "test.abcd" , "unique" : true , "key" : { "__aradon.group" : 1 , "__aradon.uid" : -1}}, { "name" : "_path_id" , "ns" : "test.abcd" , "unique" : true , "key" : { "__path" : 1}}]]] by net.ion.radon.repository.TestAradonId:testPredefinedIndexCount[20111004-124135]
[2011-10-04 12:41:35] by net.ion.radon.repository.function.TestFunction:testToChar[20111004-124135]
[20111004-124135] by net.ion.radon.repository.function.TestFunction:testToChar[20111004-124135]
[20111004-124135] by net.ion.radon.repository.function.TestFunction:testDateColumn[20111004-124135]
[[<?xml version="1.0" encoding="UTF-8"?>
<!DOCTYPE RowSet PUBLIC '-//Sun Microsystems, Inc.//DTD RowSet//EN' 'http://java.sun.com/j2ee/dtds/RowSet.dtd'>

<RowSet>
  <data>
    <ins>
      <date>Tue Oct 04 12:41:35 GMT 2011</date>
      <name><![CDATA[d2&#x5d;&#x5d;&gt;</name>
    </ins>
    <ins>
      <date>Tue Oct 04 12:24:55 GMT 2011</date>
      <name><![CDATA[d1&#x5d;&#x5d;&gt;</name>
    </ins>
  </data>
</RowSet>
]] by net.ion.radon.repository.function.TestFunction:testDateOrder[20111004-124135]
[[{key=val}, class net.ion.radon.repository.NodeImpl]] by net.ion.radon.repository.ReferenceTaragetCursor:each[20111004-124135]
[[{key=val}, class net.ion.radon.repository.NodeImpl]] by net.ion.radon.repository.ReferenceTaragetCursor:each[20111004-124135]
[[{age=20, greeting=hi!, name=hello}, class net.ion.radon.repository.NodeImpl]] by net.ion.radon.repository.NodeCursor:each[20111004-124136]
[[1317732096140, 1317732096343]] by net.ion.radon.repository.TestLastModified:testQueryUpdate[20111004-124136]
[[{color=black, name=my1}, class net.ion.radon.repository.NodeImpl]] by net.ion.radon.repository.NodeCursor:each[20111004-124136]
[[{color=red, name=my4}, class net.ion.radon.repository.NodeImpl]] by net.ion.radon.repository.NodeCursor:each[20111004-124136]
[[{ "path" : { "$regex" : "^\\/\\w*$"}}]] by net.ion.radon.repository.TestQueryOperator:testRegExpression[20111004-124136]
[[{age=40, address=null, path=/hero, name=hero}, class net.ion.radon.repository.NodeImpl]] by net.ion.radon.repository.NodeCursor:each[20111004-124136]
[====================, []] by net.ion.radon.repository.TestQueryOperator:testDate[20111004-124136]
[[{birthdate=Fri Jan 01 00:00:00 GMT 2010}, class net.ion.radon.repository.NodeImpl]] by net.ion.radon.repository.NodeCursor:each[20111004-124136]
[[{name=bleujin, 1=2, address={ "city" : "seoul" , "street" : [ 1 , 2 , 3] , "col" : { "val" : "A"}}, color=["red","blue","white"], index=0}]] by net.ion.radon.repository.innode.TestInListQuerySort:testPath[20111004-124136]
[[1, hello]] by net.ion.radon.repository.innode.TestInListNodeQuery:testMultiPush[20111004-124136]
[[{eng=hello}]] by net.ion.radon.repository.innode.TestInListNodeQuery:testCaseInSensitive[20111004-124137]
[[{person=[ { "name" : "bleujin" , "1" : 2 , "address" : { "city" : "seoul" , "street" : [ 1 , 2 , 3] , "col" : { "val" : "A"}} , "color" : [ "red" , "blue" , "white"]}], name=bleujin}, class net.ion.radon.repository.NodeImpl]] by net.ion.radon.repository.NodeCursor:each[20111004-124137]
[====================, [{ "err" :  null  , "updatedExisting" : true , "n" : 1 , "ok" : 1.0}, 1, null]] by net.ion.radon.repository.innode.TestInListNodeQuery:testInListUpdate[20111004-124137]
[[{name=bleujin, working=true}, class net.ion.radon.repository.NodeImpl]] by net.ion.radon.repository.NodeCursor:each[20111004-124137]
[====================, [Mongo: 61.250.201.78:27017, Mongo: 61.250.201.78:27017]] by net.ion.radon.repository.TestRepositoryCentral:testCreate[20111004-124137]
[[1]] by net.ion.radon.repository.TestWorkspace:testReference[20111004-124137]
[[[]]] by net.ion.radon.repository.TestWorkspace:testWorkspace[20111004-124137]
[[{greeting=44564, name=jin}]] by net.ion.radon.repository.TestGeneralRelation:testRelation[20111004-124137]
[[{greeting=Tue Oct 04 12:41:37 GMT 2011, name=heeya}]] by net.ion.radon.repository.TestGeneralRelation:testRelation[20111004-124137]
[[N/A]] by net.ion.radon.repository.TestGeneralRelation:testRemoveReference[20111004-124137]
[[{target_aradon={ "group" : "dept" , "uid" : "dev" , "ghash" : 7576180}, type=dept, target={ "workspace" : "abcd" , "id" : { "$oid" : "4e8aff01441107e0e6f36ce2"} , "orderNo" :  null }, src_aradon={ "group" : "employee" , "uid" : "bleujin" , "ghash" : 12316472402134}, src={ "workspace" : "abcd" , "id" : { "$oid" : "4e8aff01441107e0e6f36ce3"} , "orderNo" :  null }}, class net.ion.radon.repository.NodeImpl]] by net.ion.radon.repository.NodeCursor:each[20111004-124137]
[[{age=20, name=bleu, id=bleujin}]] by net.ion.radon.repository.TestAdvanceRelation:testFindByGroup[20111004-124137]
[====================, [{dno=20, deptno=20, name=bleu, id=bleujin}]] by net.ion.radon.repository.TestAdvanceRelation:testCaseInsentiveReference[20111004-124137]
[[my, [{seq=1, name=bleujin}]]] by net.ion.radon.repository.TestSequence:testUse[20111004-124137]
[[                , CURRENT, 0]] by net.ion.radon.repository.StopWatch:current[20111004-124137]
[[                , make nodeRows, 0]] by net.ion.radon.repository.StopWatch:end[20111004-124137]
[[[bleujin, hero], seoul, 10]] by net.ion.radon.repository.TestNodeSerialize:testSerialize[20111004-124137]
[[[bleujin, hero], other]] by net.ion.radon.repository.TestNodeSerialize:testSerialize[20111004-124137]
]]></system-out>
  <system-err><![CDATA[]]></system-err>
</testsuite>
