<?xml version="1.0" encoding="UTF-8" ?>
<testsuite errors="239" failures="0" hostname="mycom" name="net.ion.radon.repository.TestAllRepository" tests="245" time="15094.734" timestamp="2011-11-17T06:08:21">
  <properties>
    <property name="java.vendor" value="Sun Microsystems Inc." />
    <property name="sun.java.launcher" value="SUN_STANDARD" />
    <property name="eclipse.pdebuild.templates" value="/D:/eclipse341/plugins/org.eclipse.pde.build_3.4.1.R34x_v20081217/templates/" />
    <property name="sun.management.compiler" value="HotSpot Client Compiler" />
    <property name="os.name" value="Windows XP" />
    <property name="sun.boot.class.path" value="D:\java\jdk5_22\jre\lib\rt.jar;D:\java\jdk5_22\jre\lib\i18n.jar;D:\java\jdk5_22\jre\lib\sunrsasign.jar;D:\java\jdk5_22\jre\lib\jsse.jar;D:\java\jdk5_22\jre\lib\jce.jar;D:\java\jdk5_22\jre\lib\charsets.jar;D:\java\jdk5_22\jre\classes" />
    <property name="TODAY" value="November 17 2011" />
    <property name="build.number" value="2" />
    <property name="sun.desktop" value="windows" />
    <property name="java.vm.specification.vendor" value="Sun Microsystems Inc." />
    <property name="ant.home" value="D:\eclipse341\plugins\org.apache.ant_1.7.0.v200803061910" />
    <property name="java.runtime.version" value="1.5.0_22-b03" />
    <property name="version.number" value="0" />
    <property name="user.name" value="Administrator" />
    <property name="ant.file.Jar Publish" value="D:\eclipse\workspace\MongoNode\build.xml" />
    <property name="publishDir" value="./publish" />
    <property name="user.language" value="ko" />
    <property name="sun.boot.library.path" value="D:\java\jdk5_22\jre\bin" />
    <property name="manifest.main.class" value="" />
    <property name="ant.project.name" value="Jar Publish" />
    <property name="DSTAMP" value="20111117" />
    <property name="java.version" value="1.5.0_22" />
    <property name="user.timezone" value="" />
    <property name="sun.arch.data.model" value="32" />
    <property name="java.endorsed.dirs" value="D:\java\jdk5_22\jre\lib\endorsed" />
    <property name="sun.cpu.isalist" value="pentium_pro+mmx pentium_pro pentium+mmx pentium i486 i386 i86" />
    <property name="sun.jnu.encoding" value="MS949" />
    <property name="file.encoding.pkg" value="sun.io" />
    <property name="file.separator" value="\" />
    <property name="java.specification.name" value="Java Platform API Specification" />
    <property name="java.class.version" value="49.0" />
    <property name="user.country" value="KR" />
    <property name="java.home" value="D:\java\jdk5_22\jre" />
    <property name="java.vm.info" value="mixed mode, sharing" />
    <property name="ant.file" value="D:\eclipse\workspace\MongoNode\build.xml" />
    <property name="os.version" value="5.1" />
    <property name="test.reports" value="./resource/report" />
    <property name="path.separator" value=";" />
    <property name="java.vm.version" value="1.5.0_22-b03" />
    <property name="user.variant" value="" />
    <property name="ant.library.dir" value="D:\eclipse341\plugins\org.apache.ant_1.7.0.v200803061910\lib" />
    <property name="manifest.classpath" value="./" />
    <property name="java.awt.printerjob" value="sun.awt.windows.WPrinterJob" />
    <property name="sun.io.unicode.encoding" value="UnicodeLittle" />
    <property name="awt.toolkit" value="sun.awt.windows.WToolkit" />
    <property name="eclipse.pdebuild.scripts" value="/D:/eclipse341/plugins/org.eclipse.pde.build_3.4.1.R34x_v20081217/scripts/" />
    <property name="user.home" value="C:\Documents and Settings\Administrator" />
    <property name="java.specification.vendor" value="Sun Microsystems Inc." />
    <property name="binDir" value="./bin" />
    <property name="java.library.path" value="D:\java\jdk5_22\jre\bin;.;C:\WINDOWS\system32;C:\WINDOWS;D:/java/jdk5_22/bin/../jre/bin/client;D:/java/jdk5_22/bin/../jre/bin;D:\java\jdk5_22;D:\java\jdk5_22\bin;C:\WINDOWS\system32;C:\WINDOWS;C:\WINDOWS\System32\Wbem;C:\Program Files\QuickTime\QTSystem\;C:\Program Files\TortoiseSVN\bin;C:\Program Files\TortoiseGit\bin;D:\java\jdk5se_22\bin;D:\java\jdk5_22;D:\java\jdk5_22\bin;C:\WINDOWS\system32;C:\WINDOWS;C:\WINDOWS\System32\Wbem;C:\Program Files\QuickTime\QTSystem\;C:\Program Files\TortoiseSVN\bin;C:\Program Files\TortoiseGit\bin" />
    <property name="java.vendor.url" value="http://java.sun.com/" />
    <property name="java.vm.vendor" value="Sun Microsystems Inc." />
    <property name="java.runtime.name" value="Java(TM) 2 Runtime Environment, Standard Edition" />
    <property name="java.class.path" value="D:\eclipse\workspace\MongoNode\bin;D:\eclipse\workspace\MongoNode\lib\aradon_0.5.jar;D:\eclipse\workspace\MongoNode\lib\commons-beanutils-1.8.0.jar;D:\eclipse\workspace\MongoNode\lib\commons-codec-1.3.jar;D:\eclipse\workspace\MongoNode\lib\commons-collections-3.2.jar;D:\eclipse\workspace\MongoNode\lib\commons-io-1.4.jar;D:\eclipse\workspace\MongoNode\lib\commons-lang-2.4.jar;D:\eclipse\workspace\MongoNode\lib\commons-logging-1.1.jar;D:\eclipse\workspace\MongoNode\lib\commons-vfs-20070730.jar;D:\eclipse\workspace\MongoNode\lib\ezmorph-1.0.5.jar;D:\eclipse\workspace\MongoNode\lib\iframework_2.2.jar;D:\eclipse\workspace\MongoNode\lib\json-lib-2.2.2-jdk15.jar;D:\eclipse\workspace\MongoNode\lib\jsqlparser.jar;D:\eclipse\workspace\MongoNode\lib\junit.jar;D:\eclipse\workspace\MongoNode\lib\mongo-2.6.5.jar;D:\eclipse341\plugins\org.apache.ant_1.7.0.v200803061910\lib\ant-launcher.jar;D:\eclipse341\plugins\org.apache.ant_1.7.0.v200803061910\lib\ant.jar;D:\eclipse341\plugins\org.apache.ant_1.7.0.v200803061910\lib\ant-junit.jar" />
    <property name="ant.version" value="Apache Ant version 1.7.0 compiled on December 13 2006" />
    <property name="TSTAMP" value="0608" />
    <property name="java.vm.specification.name" value="Java Virtual Machine Specification" />
    <property name="java.vm.specification.version" value="1.0" />
    <property name="sun.cpu.endian" value="little" />
    <property name="sun.os.patch.level" value="Service Pack 3" />
    <property name="eclipse.pdebuild.home" value="/D:/eclipse341/plugins/org.eclipse.pde.build_3.4.1.R34x_v20081217/./" />
    <property name="java.io.tmpdir" value="C:\DOCUME~1\ADMINI~1\LOCALS~1\Temp\" />
    <property name="java.vendor.url.bug" value="http://java.sun.com/cgi-bin/bugreport.cgi" />
    <property name="os.arch" value="x86" />
    <property name="java.awt.graphicsenv" value="sun.awt.Win32GraphicsEnvironment" />
    <property name="java.ext.dirs" value="D:\java\jdk5_22\jre\lib\ext" />
    <property name="user.dir" value="D:\eclipse\workspace\MongoNode" />
    <property name="line.separator" value="
" />
    <property name="java.vm.name" value="Java HotSpot(TM) Client VM" />
    <property name="basedir" value="D:\eclipse\workspace\MongoNode" />
    <property name="baseDir" value="." />
    <property name="ant.java.version" value="1.5" />
    <property name="TODAY_MY" value="11/17/2011 06:08" />
    <property name="ant.core.lib" value="D:\eclipse341\plugins\org.apache.ant_1.7.0.v200803061910\lib\ant.jar" />
    <property name="file.encoding" value="MS949" />
    <property name="java.specification.version" value="1.5" />
  </properties>
  <testcase classname="net.ion.radon.repository.TestCreate" name="testNewNode" time="63.422">
    <error message="can&apos;t say something" type="com.mongodb.MongoException$Network">com.mongodb.MongoException$Network: can&apos;t say something
	at com.mongodb.DBTCPConnector.say(DBTCPConnector.java:159)
	at com.mongodb.DBTCPConnector.say(DBTCPConnector.java:132)
	at com.mongodb.DBApiLayer$MyCollection.insert(DBApiLayer.java:262)
	at com.mongodb.DBApiLayer$MyCollection.createIndex(DBApiLayer.java:354)
	at com.mongodb.DBCollection.ensureIndex(DBCollection.java:444)
	at com.mongodb.DBCollection.ensureIndex(DBCollection.java:392)
	at net.ion.radon.repository.Workspace.createWorkspace(Workspace.java:64)
	at net.ion.radon.repository.Workspace.load(Workspace.java:43)
	at net.ion.radon.repository.Repository.getWorkspace(Repository.java:28)
	at net.ion.radon.repository.LocalSession.getCurrentWorkspace(LocalSession.java:147)
	at net.ion.radon.repository.LocalSession.dropWorkspace(LocalSession.java:76)
	at net.ion.radon.repository.TestCreate.setUp(TestCreate.java:15)
Caused by: java.io.IOException: couldn&apos;t connect to [/61.250.201.78:27017] bc:java.net.ConnectException: Connection timed out: connect
	at com.mongodb.DBPort._open(DBPort.java:224)
	at com.mongodb.DBPort.go(DBPort.java:101)
	at com.mongodb.DBPort.go(DBPort.java:82)
	at com.mongodb.DBPort.say(DBPort.java:77)
	at com.mongodb.DBTCPConnector.say(DBTCPConnector.java:146)
</error>
  </testcase>
  <testcase classname="net.ion.radon.repository.TestCreate" name="testOtherType" time="63.141">
    <error message="can&apos;t say something" type="com.mongodb.MongoException$Network">com.mongodb.MongoException$Network: can&apos;t say something
	at com.mongodb.DBTCPConnector.say(DBTCPConnector.java:159)
	at com.mongodb.DBTCPConnector.say(DBTCPConnector.java:132)
	at com.mongodb.DBApiLayer$MyCollection.insert(DBApiLayer.java:262)
	at com.mongodb.DBApiLayer$MyCollection.createIndex(DBApiLayer.java:354)
	at com.mongodb.DBCollection.ensureIndex(DBCollection.java:444)
	at com.mongodb.DBCollection.ensureIndex(DBCollection.java:392)
	at net.ion.radon.repository.Workspace.createWorkspace(Workspace.java:64)
	at net.ion.radon.repository.Workspace.load(Workspace.java:43)
	at net.ion.radon.repository.Repository.getWorkspace(Repository.java:28)
	at net.ion.radon.repository.LocalSession.getCurrentWorkspace(LocalSession.java:147)
	at net.ion.radon.repository.LocalSession.dropWorkspace(LocalSession.java:76)
	at net.ion.radon.repository.TestCreate.setUp(TestCreate.java:15)
Caused by: java.io.IOException: couldn&apos;t connect to [/61.250.201.78:27017] bc:java.net.ConnectException: Connection timed out: connect
	at com.mongodb.DBPort._open(DBPort.java:224)
	at com.mongodb.DBPort.go(DBPort.java:101)
	at com.mongodb.DBPort.go(DBPort.java:82)
	at com.mongodb.DBPort.say(DBPort.java:77)
	at com.mongodb.DBTCPConnector.say(DBTCPConnector.java:146)
</error>
  </testcase>
  <testcase classname="net.ion.radon.repository.TestCreate" name="testCaseSentive" time="62.968">
    <error message="can&apos;t say something" type="com.mongodb.MongoException$Network">com.mongodb.MongoException$Network: can&apos;t say something
	at com.mongodb.DBTCPConnector.say(DBTCPConnector.java:159)
	at com.mongodb.DBTCPConnector.say(DBTCPConnector.java:132)
	at com.mongodb.DBApiLayer$MyCollection.insert(DBApiLayer.java:262)
	at com.mongodb.DBApiLayer$MyCollection.createIndex(DBApiLayer.java:354)
	at com.mongodb.DBCollection.ensureIndex(DBCollection.java:444)
	at com.mongodb.DBCollection.ensureIndex(DBCollection.java:392)
	at net.ion.radon.repository.Workspace.createWorkspace(Workspace.java:64)
	at net.ion.radon.repository.Workspace.load(Workspace.java:43)
	at net.ion.radon.repository.Repository.getWorkspace(Repository.java:28)
	at net.ion.radon.repository.LocalSession.getCurrentWorkspace(LocalSession.java:147)
	at net.ion.radon.repository.LocalSession.dropWorkspace(LocalSession.java:76)
	at net.ion.radon.repository.TestCreate.setUp(TestCreate.java:15)
Caused by: java.io.IOException: couldn&apos;t connect to [/61.250.201.78:27017] bc:java.net.ConnectException: Connection timed out: connect
	at com.mongodb.DBPort._open(DBPort.java:224)
	at com.mongodb.DBPort.go(DBPort.java:101)
	at com.mongodb.DBPort.go(DBPort.java:82)
	at com.mongodb.DBPort.say(DBPort.java:77)
	at com.mongodb.DBTCPConnector.say(DBTCPConnector.java:146)
</error>
  </testcase>
  <testcase classname="net.ion.radon.repository.TestCreate" name="testCaseInSentiveQuery" time="63.062">
    <error message="can&apos;t say something" type="com.mongodb.MongoException$Network">com.mongodb.MongoException$Network: can&apos;t say something
	at com.mongodb.DBTCPConnector.say(DBTCPConnector.java:159)
	at com.mongodb.DBTCPConnector.say(DBTCPConnector.java:132)
	at com.mongodb.DBApiLayer$MyCollection.insert(DBApiLayer.java:262)
	at com.mongodb.DBApiLayer$MyCollection.createIndex(DBApiLayer.java:354)
	at com.mongodb.DBCollection.ensureIndex(DBCollection.java:444)
	at com.mongodb.DBCollection.ensureIndex(DBCollection.java:392)
	at net.ion.radon.repository.Workspace.createWorkspace(Workspace.java:64)
	at net.ion.radon.repository.Workspace.load(Workspace.java:43)
	at net.ion.radon.repository.Repository.getWorkspace(Repository.java:28)
	at net.ion.radon.repository.LocalSession.getCurrentWorkspace(LocalSession.java:147)
	at net.ion.radon.repository.LocalSession.dropWorkspace(LocalSession.java:76)
	at net.ion.radon.repository.TestCreate.setUp(TestCreate.java:15)
Caused by: java.io.IOException: couldn&apos;t connect to [/61.250.201.78:27017] bc:java.net.ConnectException: Connection timed out: connect
	at com.mongodb.DBPort._open(DBPort.java:224)
	at com.mongodb.DBPort.go(DBPort.java:101)
	at com.mongodb.DBPort.go(DBPort.java:82)
	at com.mongodb.DBPort.say(DBPort.java:77)
	at com.mongodb.DBTCPConnector.say(DBTCPConnector.java:146)
</error>
  </testcase>
  <testcase classname="net.ion.radon.repository.TestCreate" name="testCreateWithPath" time="63.063">
    <error message="can&apos;t say something" type="com.mongodb.MongoException$Network">com.mongodb.MongoException$Network: can&apos;t say something
	at com.mongodb.DBTCPConnector.say(DBTCPConnector.java:159)
	at com.mongodb.DBTCPConnector.say(DBTCPConnector.java:132)
	at com.mongodb.DBApiLayer$MyCollection.insert(DBApiLayer.java:262)
	at com.mongodb.DBApiLayer$MyCollection.createIndex(DBApiLayer.java:354)
	at com.mongodb.DBCollection.ensureIndex(DBCollection.java:444)
	at com.mongodb.DBCollection.ensureIndex(DBCollection.java:392)
	at net.ion.radon.repository.Workspace.createWorkspace(Workspace.java:64)
	at net.ion.radon.repository.Workspace.load(Workspace.java:43)
	at net.ion.radon.repository.Repository.getWorkspace(Repository.java:28)
	at net.ion.radon.repository.LocalSession.getCurrentWorkspace(LocalSession.java:147)
	at net.ion.radon.repository.LocalSession.dropWorkspace(LocalSession.java:76)
	at net.ion.radon.repository.TestCreate.setUp(TestCreate.java:15)
Caused by: java.io.IOException: couldn&apos;t connect to [/61.250.201.78:27017] bc:java.net.ConnectException: Connection timed out: connect
	at com.mongodb.DBPort._open(DBPort.java:224)
	at com.mongodb.DBPort.go(DBPort.java:101)
	at com.mongodb.DBPort.go(DBPort.java:82)
	at com.mongodb.DBPort.say(DBPort.java:77)
	at com.mongodb.DBTCPConnector.say(DBTCPConnector.java:146)
</error>
  </testcase>
  <testcase classname="net.ion.radon.repository.TestCreate" name="testChildNode" time="63.172">
    <error message="can&apos;t say something" type="com.mongodb.MongoException$Network">com.mongodb.MongoException$Network: can&apos;t say something
	at com.mongodb.DBTCPConnector.say(DBTCPConnector.java:159)
	at com.mongodb.DBTCPConnector.say(DBTCPConnector.java:132)
	at com.mongodb.DBApiLayer$MyCollection.insert(DBApiLayer.java:262)
	at com.mongodb.DBApiLayer$MyCollection.createIndex(DBApiLayer.java:354)
	at com.mongodb.DBCollection.ensureIndex(DBCollection.java:444)
	at com.mongodb.DBCollection.ensureIndex(DBCollection.java:392)
	at net.ion.radon.repository.Workspace.createWorkspace(Workspace.java:64)
	at net.ion.radon.repository.Workspace.load(Workspace.java:43)
	at net.ion.radon.repository.Repository.getWorkspace(Repository.java:28)
	at net.ion.radon.repository.LocalSession.getCurrentWorkspace(LocalSession.java:147)
	at net.ion.radon.repository.LocalSession.dropWorkspace(LocalSession.java:76)
	at net.ion.radon.repository.TestCreate.setUp(TestCreate.java:15)
Caused by: java.io.IOException: couldn&apos;t connect to [/61.250.201.78:27017] bc:java.net.ConnectException: Connection timed out: connect
	at com.mongodb.DBPort._open(DBPort.java:224)
	at com.mongodb.DBPort.go(DBPort.java:101)
	at com.mongodb.DBPort.go(DBPort.java:82)
	at com.mongodb.DBPort.say(DBPort.java:77)
	at com.mongodb.DBTCPConnector.say(DBTCPConnector.java:146)
</error>
  </testcase>
  <testcase classname="net.ion.radon.repository.TestCreate" name="testDupName" time="63.265">
    <error message="can&apos;t say something" type="com.mongodb.MongoException$Network">com.mongodb.MongoException$Network: can&apos;t say something
	at com.mongodb.DBTCPConnector.say(DBTCPConnector.java:159)
	at com.mongodb.DBTCPConnector.say(DBTCPConnector.java:132)
	at com.mongodb.DBApiLayer$MyCollection.insert(DBApiLayer.java:262)
	at com.mongodb.DBApiLayer$MyCollection.createIndex(DBApiLayer.java:354)
	at com.mongodb.DBCollection.ensureIndex(DBCollection.java:444)
	at com.mongodb.DBCollection.ensureIndex(DBCollection.java:392)
	at net.ion.radon.repository.Workspace.createWorkspace(Workspace.java:64)
	at net.ion.radon.repository.Workspace.load(Workspace.java:43)
	at net.ion.radon.repository.Repository.getWorkspace(Repository.java:28)
	at net.ion.radon.repository.LocalSession.getCurrentWorkspace(LocalSession.java:147)
	at net.ion.radon.repository.LocalSession.dropWorkspace(LocalSession.java:76)
	at net.ion.radon.repository.TestCreate.setUp(TestCreate.java:15)
Caused by: java.io.IOException: couldn&apos;t connect to [/61.250.201.78:27017] bc:java.net.ConnectException: Connection timed out: connect
	at com.mongodb.DBPort._open(DBPort.java:224)
	at com.mongodb.DBPort.go(DBPort.java:101)
	at com.mongodb.DBPort.go(DBPort.java:82)
	at com.mongodb.DBPort.say(DBPort.java:77)
	at com.mongodb.DBTCPConnector.say(DBTCPConnector.java:146)
</error>
  </testcase>
  <testcase classname="net.ion.radon.repository.TestCreate" name="testPath" time="63.469">
    <error message="can&apos;t say something" type="com.mongodb.MongoException$Network">com.mongodb.MongoException$Network: can&apos;t say something
	at com.mongodb.DBTCPConnector.say(DBTCPConnector.java:159)
	at com.mongodb.DBTCPConnector.say(DBTCPConnector.java:132)
	at com.mongodb.DBApiLayer$MyCollection.insert(DBApiLayer.java:262)
	at com.mongodb.DBApiLayer$MyCollection.createIndex(DBApiLayer.java:354)
	at com.mongodb.DBCollection.ensureIndex(DBCollection.java:444)
	at com.mongodb.DBCollection.ensureIndex(DBCollection.java:392)
	at net.ion.radon.repository.Workspace.createWorkspace(Workspace.java:64)
	at net.ion.radon.repository.Workspace.load(Workspace.java:43)
	at net.ion.radon.repository.Repository.getWorkspace(Repository.java:28)
	at net.ion.radon.repository.LocalSession.getCurrentWorkspace(LocalSession.java:147)
	at net.ion.radon.repository.LocalSession.dropWorkspace(LocalSession.java:76)
	at net.ion.radon.repository.TestCreate.setUp(TestCreate.java:15)
Caused by: java.io.IOException: couldn&apos;t connect to [/61.250.201.78:27017] bc:java.net.ConnectException: Connection timed out: connect
	at com.mongodb.DBPort._open(DBPort.java:224)
	at com.mongodb.DBPort.go(DBPort.java:101)
	at com.mongodb.DBPort.go(DBPort.java:82)
	at com.mongodb.DBPort.say(DBPort.java:77)
	at com.mongodb.DBTCPConnector.say(DBTCPConnector.java:146)
</error>
  </testcase>
  <testcase classname="net.ion.radon.repository.TestCreate" name="testReserved" time="63.063">
    <error message="can&apos;t say something" type="com.mongodb.MongoException$Network">com.mongodb.MongoException$Network: can&apos;t say something
	at com.mongodb.DBTCPConnector.say(DBTCPConnector.java:159)
	at com.mongodb.DBTCPConnector.say(DBTCPConnector.java:132)
	at com.mongodb.DBApiLayer$MyCollection.insert(DBApiLayer.java:262)
	at com.mongodb.DBApiLayer$MyCollection.createIndex(DBApiLayer.java:354)
	at com.mongodb.DBCollection.ensureIndex(DBCollection.java:444)
	at com.mongodb.DBCollection.ensureIndex(DBCollection.java:392)
	at net.ion.radon.repository.Workspace.createWorkspace(Workspace.java:64)
	at net.ion.radon.repository.Workspace.load(Workspace.java:43)
	at net.ion.radon.repository.Repository.getWorkspace(Repository.java:28)
	at net.ion.radon.repository.LocalSession.getCurrentWorkspace(LocalSession.java:147)
	at net.ion.radon.repository.LocalSession.dropWorkspace(LocalSession.java:76)
	at net.ion.radon.repository.TestCreate.setUp(TestCreate.java:15)
Caused by: java.io.IOException: couldn&apos;t connect to [/61.250.201.78:27017] bc:java.net.ConnectException: Connection timed out: connect
	at com.mongodb.DBPort._open(DBPort.java:224)
	at com.mongodb.DBPort.go(DBPort.java:101)
	at com.mongodb.DBPort.go(DBPort.java:82)
	at com.mongodb.DBPort.say(DBPort.java:77)
	at com.mongodb.DBTCPConnector.say(DBTCPConnector.java:146)
</error>
  </testcase>
  <testcase classname="net.ion.radon.repository.TestUpdate" name="testUpdate" time="63.468">
    <error message="can&apos;t say something" type="com.mongodb.MongoException$Network">com.mongodb.MongoException$Network: can&apos;t say something
	at com.mongodb.DBTCPConnector.say(DBTCPConnector.java:159)
	at com.mongodb.DBTCPConnector.say(DBTCPConnector.java:132)
	at com.mongodb.DBApiLayer$MyCollection.insert(DBApiLayer.java:262)
	at com.mongodb.DBApiLayer$MyCollection.createIndex(DBApiLayer.java:354)
	at com.mongodb.DBCollection.ensureIndex(DBCollection.java:444)
	at com.mongodb.DBCollection.ensureIndex(DBCollection.java:392)
	at net.ion.radon.repository.Workspace.createWorkspace(Workspace.java:64)
	at net.ion.radon.repository.Workspace.load(Workspace.java:43)
	at net.ion.radon.repository.Repository.getWorkspace(Repository.java:28)
	at net.ion.radon.repository.LocalSession.getCurrentWorkspace(LocalSession.java:147)
	at net.ion.radon.repository.LocalSession.dropWorkspace(LocalSession.java:76)
	at net.ion.radon.repository.TestBaseRepository.setUp(TestBaseRepository.java:17)
Caused by: java.io.IOException: couldn&apos;t connect to [/61.250.201.78:27017] bc:java.net.ConnectException: Connection timed out: connect
	at com.mongodb.DBPort._open(DBPort.java:224)
	at com.mongodb.DBPort.go(DBPort.java:101)
	at com.mongodb.DBPort.go(DBPort.java:82)
	at com.mongodb.DBPort.say(DBPort.java:77)
	at com.mongodb.DBTCPConnector.say(DBTCPConnector.java:146)
</error>
  </testcase>
  <testcase classname="net.ion.radon.repository.TestUpdate" name="testFindUpdate" time="63.172">
    <error message="can&apos;t say something" type="com.mongodb.MongoException$Network">com.mongodb.MongoException$Network: can&apos;t say something
	at com.mongodb.DBTCPConnector.say(DBTCPConnector.java:159)
	at com.mongodb.DBTCPConnector.say(DBTCPConnector.java:132)
	at com.mongodb.DBApiLayer$MyCollection.insert(DBApiLayer.java:262)
	at com.mongodb.DBApiLayer$MyCollection.createIndex(DBApiLayer.java:354)
	at com.mongodb.DBCollection.ensureIndex(DBCollection.java:444)
	at com.mongodb.DBCollection.ensureIndex(DBCollection.java:392)
	at net.ion.radon.repository.Workspace.createWorkspace(Workspace.java:64)
	at net.ion.radon.repository.Workspace.load(Workspace.java:43)
	at net.ion.radon.repository.Repository.getWorkspace(Repository.java:28)
	at net.ion.radon.repository.LocalSession.getCurrentWorkspace(LocalSession.java:147)
	at net.ion.radon.repository.LocalSession.dropWorkspace(LocalSession.java:76)
	at net.ion.radon.repository.TestBaseRepository.setUp(TestBaseRepository.java:17)
Caused by: java.io.IOException: couldn&apos;t connect to [/61.250.201.78:27017] bc:java.net.ConnectException: Connection timed out: connect
	at com.mongodb.DBPort._open(DBPort.java:224)
	at com.mongodb.DBPort.go(DBPort.java:101)
	at com.mongodb.DBPort.go(DBPort.java:82)
	at com.mongodb.DBPort.say(DBPort.java:77)
	at com.mongodb.DBTCPConnector.say(DBTCPConnector.java:146)
</error>
  </testcase>
  <testcase classname="net.ion.radon.repository.TestUpdate" name="testFindOverwrite" time="63.172">
    <error message="can&apos;t say something" type="com.mongodb.MongoException$Network">com.mongodb.MongoException$Network: can&apos;t say something
	at com.mongodb.DBTCPConnector.say(DBTCPConnector.java:159)
	at com.mongodb.DBTCPConnector.say(DBTCPConnector.java:132)
	at com.mongodb.DBApiLayer$MyCollection.insert(DBApiLayer.java:262)
	at com.mongodb.DBApiLayer$MyCollection.createIndex(DBApiLayer.java:354)
	at com.mongodb.DBCollection.ensureIndex(DBCollection.java:444)
	at com.mongodb.DBCollection.ensureIndex(DBCollection.java:392)
	at net.ion.radon.repository.Workspace.createWorkspace(Workspace.java:64)
	at net.ion.radon.repository.Workspace.load(Workspace.java:43)
	at net.ion.radon.repository.Repository.getWorkspace(Repository.java:28)
	at net.ion.radon.repository.LocalSession.getCurrentWorkspace(LocalSession.java:147)
	at net.ion.radon.repository.LocalSession.dropWorkspace(LocalSession.java:76)
	at net.ion.radon.repository.TestBaseRepository.setUp(TestBaseRepository.java:17)
Caused by: java.io.IOException: couldn&apos;t connect to [/61.250.201.78:27017] bc:java.net.ConnectException: Connection timed out: connect
	at com.mongodb.DBPort._open(DBPort.java:224)
	at com.mongodb.DBPort.go(DBPort.java:101)
	at com.mongodb.DBPort.go(DBPort.java:82)
	at com.mongodb.DBPort.say(DBPort.java:77)
	at com.mongodb.DBTCPConnector.say(DBTCPConnector.java:146)
</error>
  </testcase>
  <testcase classname="net.ion.radon.repository.TestUpdate" name="testNotExistUpdate" time="63.672">
    <error message="can&apos;t say something" type="com.mongodb.MongoException$Network">com.mongodb.MongoException$Network: can&apos;t say something
	at com.mongodb.DBTCPConnector.say(DBTCPConnector.java:159)
	at com.mongodb.DBTCPConnector.say(DBTCPConnector.java:132)
	at com.mongodb.DBApiLayer$MyCollection.insert(DBApiLayer.java:262)
	at com.mongodb.DBApiLayer$MyCollection.createIndex(DBApiLayer.java:354)
	at com.mongodb.DBCollection.ensureIndex(DBCollection.java:444)
	at com.mongodb.DBCollection.ensureIndex(DBCollection.java:392)
	at net.ion.radon.repository.Workspace.createWorkspace(Workspace.java:64)
	at net.ion.radon.repository.Workspace.load(Workspace.java:43)
	at net.ion.radon.repository.Repository.getWorkspace(Repository.java:28)
	at net.ion.radon.repository.LocalSession.getCurrentWorkspace(LocalSession.java:147)
	at net.ion.radon.repository.LocalSession.dropWorkspace(LocalSession.java:76)
	at net.ion.radon.repository.TestBaseRepository.setUp(TestBaseRepository.java:17)
Caused by: java.io.IOException: couldn&apos;t connect to [/61.250.201.78:27017] bc:java.net.ConnectException: Connection timed out: connect
	at com.mongodb.DBPort._open(DBPort.java:224)
	at com.mongodb.DBPort.go(DBPort.java:101)
	at com.mongodb.DBPort.go(DBPort.java:82)
	at com.mongodb.DBPort.say(DBPort.java:77)
	at com.mongodb.DBTCPConnector.say(DBTCPConnector.java:146)
</error>
  </testcase>
  <testcase classname="net.ion.radon.repository.TestUpdate" name="testMultiUpdate" time="63.469">
    <error message="can&apos;t say something" type="com.mongodb.MongoException$Network">com.mongodb.MongoException$Network: can&apos;t say something
	at com.mongodb.DBTCPConnector.say(DBTCPConnector.java:159)
	at com.mongodb.DBTCPConnector.say(DBTCPConnector.java:132)
	at com.mongodb.DBApiLayer$MyCollection.insert(DBApiLayer.java:262)
	at com.mongodb.DBApiLayer$MyCollection.createIndex(DBApiLayer.java:354)
	at com.mongodb.DBCollection.ensureIndex(DBCollection.java:444)
	at com.mongodb.DBCollection.ensureIndex(DBCollection.java:392)
	at net.ion.radon.repository.Workspace.createWorkspace(Workspace.java:64)
	at net.ion.radon.repository.Workspace.load(Workspace.java:43)
	at net.ion.radon.repository.Repository.getWorkspace(Repository.java:28)
	at net.ion.radon.repository.LocalSession.getCurrentWorkspace(LocalSession.java:147)
	at net.ion.radon.repository.LocalSession.dropWorkspace(LocalSession.java:76)
	at net.ion.radon.repository.TestBaseRepository.setUp(TestBaseRepository.java:17)
Caused by: java.io.IOException: couldn&apos;t connect to [/61.250.201.78:27017] bc:java.net.ConnectException: Connection timed out: connect
	at com.mongodb.DBPort._open(DBPort.java:224)
	at com.mongodb.DBPort.go(DBPort.java:101)
	at com.mongodb.DBPort.go(DBPort.java:82)
	at com.mongodb.DBPort.say(DBPort.java:77)
	at com.mongodb.DBTCPConnector.say(DBTCPConnector.java:146)
</error>
  </testcase>
  <testcase classname="net.ion.radon.repository.TestUpdate" name="testResult" time="63.375">
    <error message="can&apos;t say something" type="com.mongodb.MongoException$Network">com.mongodb.MongoException$Network: can&apos;t say something
	at com.mongodb.DBTCPConnector.say(DBTCPConnector.java:159)
	at com.mongodb.DBTCPConnector.say(DBTCPConnector.java:132)
	at com.mongodb.DBApiLayer$MyCollection.insert(DBApiLayer.java:262)
	at com.mongodb.DBApiLayer$MyCollection.createIndex(DBApiLayer.java:354)
	at com.mongodb.DBCollection.ensureIndex(DBCollection.java:444)
	at com.mongodb.DBCollection.ensureIndex(DBCollection.java:392)
	at net.ion.radon.repository.Workspace.createWorkspace(Workspace.java:64)
	at net.ion.radon.repository.Workspace.load(Workspace.java:43)
	at net.ion.radon.repository.Repository.getWorkspace(Repository.java:28)
	at net.ion.radon.repository.LocalSession.getCurrentWorkspace(LocalSession.java:147)
	at net.ion.radon.repository.LocalSession.dropWorkspace(LocalSession.java:76)
	at net.ion.radon.repository.TestBaseRepository.setUp(TestBaseRepository.java:17)
Caused by: java.io.IOException: couldn&apos;t connect to [/61.250.201.78:27017] bc:java.net.ConnectException: Connection timed out: connect
	at com.mongodb.DBPort._open(DBPort.java:224)
	at com.mongodb.DBPort.go(DBPort.java:101)
	at com.mongodb.DBPort.go(DBPort.java:82)
	at com.mongodb.DBPort.say(DBPort.java:77)
	at com.mongodb.DBTCPConnector.say(DBTCPConnector.java:146)
</error>
  </testcase>
  <testcase classname="net.ion.radon.repository.TestUpdate" name="testLastResult" time="63.25">
    <error message="can&apos;t say something" type="com.mongodb.MongoException$Network">com.mongodb.MongoException$Network: can&apos;t say something
	at com.mongodb.DBTCPConnector.say(DBTCPConnector.java:159)
	at com.mongodb.DBTCPConnector.say(DBTCPConnector.java:132)
	at com.mongodb.DBApiLayer$MyCollection.insert(DBApiLayer.java:262)
	at com.mongodb.DBApiLayer$MyCollection.createIndex(DBApiLayer.java:354)
	at com.mongodb.DBCollection.ensureIndex(DBCollection.java:444)
	at com.mongodb.DBCollection.ensureIndex(DBCollection.java:392)
	at net.ion.radon.repository.Workspace.createWorkspace(Workspace.java:64)
	at net.ion.radon.repository.Workspace.load(Workspace.java:43)
	at net.ion.radon.repository.Repository.getWorkspace(Repository.java:28)
	at net.ion.radon.repository.LocalSession.getCurrentWorkspace(LocalSession.java:147)
	at net.ion.radon.repository.LocalSession.dropWorkspace(LocalSession.java:76)
	at net.ion.radon.repository.TestBaseRepository.setUp(TestBaseRepository.java:17)
Caused by: java.io.IOException: couldn&apos;t connect to [/61.250.201.78:27017] bc:java.net.ConnectException: Connection timed out: connect
	at com.mongodb.DBPort._open(DBPort.java:224)
	at com.mongodb.DBPort.go(DBPort.java:101)
	at com.mongodb.DBPort.go(DBPort.java:82)
	at com.mongodb.DBPort.say(DBPort.java:77)
	at com.mongodb.DBTCPConnector.say(DBTCPConnector.java:146)
</error>
  </testcase>
  <testcase classname="net.ion.radon.repository.TestRemove" name="testNodeRemove" time="63.063">
    <error message="can&apos;t say something" type="com.mongodb.MongoException$Network">com.mongodb.MongoException$Network: can&apos;t say something
	at com.mongodb.DBTCPConnector.say(DBTCPConnector.java:159)
	at com.mongodb.DBTCPConnector.say(DBTCPConnector.java:132)
	at com.mongodb.DBApiLayer$MyCollection.insert(DBApiLayer.java:262)
	at com.mongodb.DBApiLayer$MyCollection.createIndex(DBApiLayer.java:354)
	at com.mongodb.DBCollection.ensureIndex(DBCollection.java:444)
	at com.mongodb.DBCollection.ensureIndex(DBCollection.java:392)
	at net.ion.radon.repository.Workspace.createWorkspace(Workspace.java:64)
	at net.ion.radon.repository.Workspace.load(Workspace.java:43)
	at net.ion.radon.repository.Repository.getWorkspace(Repository.java:28)
	at net.ion.radon.repository.LocalSession.getCurrentWorkspace(LocalSession.java:147)
	at net.ion.radon.repository.LocalSession.dropWorkspace(LocalSession.java:76)
	at net.ion.radon.repository.TestBaseRepository.setUp(TestBaseRepository.java:17)
Caused by: java.io.IOException: couldn&apos;t connect to [/61.250.201.78:27017] bc:java.net.ConnectException: Connection timed out: connect
	at com.mongodb.DBPort._open(DBPort.java:224)
	at com.mongodb.DBPort.go(DBPort.java:101)
	at com.mongodb.DBPort.go(DBPort.java:82)
	at com.mongodb.DBPort.say(DBPort.java:77)
	at com.mongodb.DBTCPConnector.say(DBTCPConnector.java:146)
</error>
  </testcase>
  <testcase classname="net.ion.radon.repository.TestRemove" name="testQueryRemove" time="62.969">
    <error message="can&apos;t say something" type="com.mongodb.MongoException$Network">com.mongodb.MongoException$Network: can&apos;t say something
	at com.mongodb.DBTCPConnector.say(DBTCPConnector.java:159)
	at com.mongodb.DBTCPConnector.say(DBTCPConnector.java:132)
	at com.mongodb.DBApiLayer$MyCollection.insert(DBApiLayer.java:262)
	at com.mongodb.DBApiLayer$MyCollection.createIndex(DBApiLayer.java:354)
	at com.mongodb.DBCollection.ensureIndex(DBCollection.java:444)
	at com.mongodb.DBCollection.ensureIndex(DBCollection.java:392)
	at net.ion.radon.repository.Workspace.createWorkspace(Workspace.java:64)
	at net.ion.radon.repository.Workspace.load(Workspace.java:43)
	at net.ion.radon.repository.Repository.getWorkspace(Repository.java:28)
	at net.ion.radon.repository.LocalSession.getCurrentWorkspace(LocalSession.java:147)
	at net.ion.radon.repository.LocalSession.dropWorkspace(LocalSession.java:76)
	at net.ion.radon.repository.TestBaseRepository.setUp(TestBaseRepository.java:17)
Caused by: java.io.IOException: couldn&apos;t connect to [/61.250.201.78:27017] bc:java.net.ConnectException: Connection timed out: connect
	at com.mongodb.DBPort._open(DBPort.java:224)
	at com.mongodb.DBPort.go(DBPort.java:101)
	at com.mongodb.DBPort.go(DBPort.java:82)
	at com.mongodb.DBPort.say(DBPort.java:77)
	at com.mongodb.DBTCPConnector.say(DBTCPConnector.java:146)
</error>
  </testcase>
  <testcase classname="net.ion.radon.repository.TestRootNode" name="testPath" time="63.468">
    <error message="can&apos;t say something" type="com.mongodb.MongoException$Network">com.mongodb.MongoException$Network: can&apos;t say something
	at com.mongodb.DBTCPConnector.say(DBTCPConnector.java:159)
	at com.mongodb.DBTCPConnector.say(DBTCPConnector.java:132)
	at com.mongodb.DBApiLayer$MyCollection.insert(DBApiLayer.java:262)
	at com.mongodb.DBApiLayer$MyCollection.createIndex(DBApiLayer.java:354)
	at com.mongodb.DBCollection.ensureIndex(DBCollection.java:444)
	at com.mongodb.DBCollection.ensureIndex(DBCollection.java:392)
	at net.ion.radon.repository.Workspace.createWorkspace(Workspace.java:64)
	at net.ion.radon.repository.Workspace.load(Workspace.java:43)
	at net.ion.radon.repository.Repository.getWorkspace(Repository.java:28)
	at net.ion.radon.repository.LocalSession.getCurrentWorkspace(LocalSession.java:147)
	at net.ion.radon.repository.LocalSession.dropWorkspace(LocalSession.java:76)
	at net.ion.radon.repository.TestBaseRepository.setUp(TestBaseRepository.java:17)
Caused by: java.io.IOException: couldn&apos;t connect to [/61.250.201.78:27017] bc:java.net.ConnectException: Connection timed out: connect
	at com.mongodb.DBPort._open(DBPort.java:224)
	at com.mongodb.DBPort.go(DBPort.java:101)
	at com.mongodb.DBPort.go(DBPort.java:82)
	at com.mongodb.DBPort.say(DBPort.java:77)
	at com.mongodb.DBTCPConnector.say(DBTCPConnector.java:146)
</error>
  </testcase>
  <testcase classname="net.ion.radon.repository.TestRootNode" name="testGet" time="63.36">
    <error message="can&apos;t say something" type="com.mongodb.MongoException$Network">com.mongodb.MongoException$Network: can&apos;t say something
	at com.mongodb.DBTCPConnector.say(DBTCPConnector.java:159)
	at com.mongodb.DBTCPConnector.say(DBTCPConnector.java:132)
	at com.mongodb.DBApiLayer$MyCollection.insert(DBApiLayer.java:262)
	at com.mongodb.DBApiLayer$MyCollection.createIndex(DBApiLayer.java:354)
	at com.mongodb.DBCollection.ensureIndex(DBCollection.java:444)
	at com.mongodb.DBCollection.ensureIndex(DBCollection.java:392)
	at net.ion.radon.repository.Workspace.createWorkspace(Workspace.java:64)
	at net.ion.radon.repository.Workspace.load(Workspace.java:43)
	at net.ion.radon.repository.Repository.getWorkspace(Repository.java:28)
	at net.ion.radon.repository.LocalSession.getCurrentWorkspace(LocalSession.java:147)
	at net.ion.radon.repository.LocalSession.dropWorkspace(LocalSession.java:76)
	at net.ion.radon.repository.TestBaseRepository.setUp(TestBaseRepository.java:17)
Caused by: java.io.IOException: couldn&apos;t connect to [/61.250.201.78:27017] bc:java.net.ConnectException: Connection timed out: connect
	at com.mongodb.DBPort._open(DBPort.java:224)
	at com.mongodb.DBPort.go(DBPort.java:101)
	at com.mongodb.DBPort.go(DBPort.java:82)
	at com.mongodb.DBPort.say(DBPort.java:77)
	at com.mongodb.DBTCPConnector.say(DBTCPConnector.java:146)
</error>
  </testcase>
  <testcase classname="net.ion.radon.repository.TestRootNode" name="testChild" time="63.172">
    <error message="can&apos;t say something" type="com.mongodb.MongoException$Network">com.mongodb.MongoException$Network: can&apos;t say something
	at com.mongodb.DBTCPConnector.say(DBTCPConnector.java:159)
	at com.mongodb.DBTCPConnector.say(DBTCPConnector.java:132)
	at com.mongodb.DBApiLayer$MyCollection.insert(DBApiLayer.java:262)
	at com.mongodb.DBApiLayer$MyCollection.createIndex(DBApiLayer.java:354)
	at com.mongodb.DBCollection.ensureIndex(DBCollection.java:444)
	at com.mongodb.DBCollection.ensureIndex(DBCollection.java:392)
	at net.ion.radon.repository.Workspace.createWorkspace(Workspace.java:64)
	at net.ion.radon.repository.Workspace.load(Workspace.java:43)
	at net.ion.radon.repository.Repository.getWorkspace(Repository.java:28)
	at net.ion.radon.repository.LocalSession.getCurrentWorkspace(LocalSession.java:147)
	at net.ion.radon.repository.LocalSession.dropWorkspace(LocalSession.java:76)
	at net.ion.radon.repository.TestBaseRepository.setUp(TestBaseRepository.java:17)
Caused by: java.io.IOException: couldn&apos;t connect to [/61.250.201.78:27017] bc:java.net.ConnectException: Connection timed out: connect
	at com.mongodb.DBPort._open(DBPort.java:224)
	at com.mongodb.DBPort.go(DBPort.java:101)
	at com.mongodb.DBPort.go(DBPort.java:82)
	at com.mongodb.DBPort.say(DBPort.java:77)
	at com.mongodb.DBTCPConnector.say(DBTCPConnector.java:146)
</error>
  </testcase>
  <testcase classname="net.ion.radon.repository.TestFind" name="testFindById" time="63.0">
    <error message="can&apos;t say something" type="com.mongodb.MongoException$Network">com.mongodb.MongoException$Network: can&apos;t say something
	at com.mongodb.DBTCPConnector.say(DBTCPConnector.java:159)
	at com.mongodb.DBTCPConnector.say(DBTCPConnector.java:132)
	at com.mongodb.DBApiLayer$MyCollection.insert(DBApiLayer.java:262)
	at com.mongodb.DBApiLayer$MyCollection.createIndex(DBApiLayer.java:354)
	at com.mongodb.DBCollection.ensureIndex(DBCollection.java:444)
	at com.mongodb.DBCollection.ensureIndex(DBCollection.java:392)
	at net.ion.radon.repository.Workspace.createWorkspace(Workspace.java:64)
	at net.ion.radon.repository.Workspace.load(Workspace.java:43)
	at net.ion.radon.repository.Repository.getWorkspace(Repository.java:28)
	at net.ion.radon.repository.LocalSession.getCurrentWorkspace(LocalSession.java:147)
	at net.ion.radon.repository.LocalSession.dropWorkspace(LocalSession.java:76)
	at net.ion.radon.repository.TestBaseRepository.setUp(TestBaseRepository.java:17)
Caused by: java.io.IOException: couldn&apos;t connect to [/61.250.201.78:27017] bc:java.net.ConnectException: Connection timed out: connect
	at com.mongodb.DBPort._open(DBPort.java:224)
	at com.mongodb.DBPort.go(DBPort.java:101)
	at com.mongodb.DBPort.go(DBPort.java:82)
	at com.mongodb.DBPort.say(DBPort.java:77)
	at com.mongodb.DBTCPConnector.say(DBTCPConnector.java:146)
</error>
  </testcase>
  <testcase classname="net.ion.radon.repository.TestFind" name="testFindByProperty" time="63.234">
    <error message="can&apos;t say something" type="com.mongodb.MongoException$Network">com.mongodb.MongoException$Network: can&apos;t say something
	at com.mongodb.DBTCPConnector.say(DBTCPConnector.java:159)
	at com.mongodb.DBTCPConnector.say(DBTCPConnector.java:132)
	at com.mongodb.DBApiLayer$MyCollection.insert(DBApiLayer.java:262)
	at com.mongodb.DBApiLayer$MyCollection.createIndex(DBApiLayer.java:354)
	at com.mongodb.DBCollection.ensureIndex(DBCollection.java:444)
	at com.mongodb.DBCollection.ensureIndex(DBCollection.java:392)
	at net.ion.radon.repository.Workspace.createWorkspace(Workspace.java:64)
	at net.ion.radon.repository.Workspace.load(Workspace.java:43)
	at net.ion.radon.repository.Repository.getWorkspace(Repository.java:28)
	at net.ion.radon.repository.LocalSession.getCurrentWorkspace(LocalSession.java:147)
	at net.ion.radon.repository.LocalSession.dropWorkspace(LocalSession.java:76)
	at net.ion.radon.repository.TestBaseRepository.setUp(TestBaseRepository.java:17)
Caused by: java.io.IOException: couldn&apos;t connect to [/61.250.201.78:27017] bc:java.net.ConnectException: Connection timed out: connect
	at com.mongodb.DBPort._open(DBPort.java:224)
	at com.mongodb.DBPort.go(DBPort.java:101)
	at com.mongodb.DBPort.go(DBPort.java:82)
	at com.mongodb.DBPort.say(DBPort.java:77)
	at com.mongodb.DBTCPConnector.say(DBTCPConnector.java:146)
</error>
  </testcase>
  <testcase classname="net.ion.radon.repository.TestFind" name="testFindByPath" time="63.469">
    <error message="can&apos;t say something" type="com.mongodb.MongoException$Network">com.mongodb.MongoException$Network: can&apos;t say something
	at com.mongodb.DBTCPConnector.say(DBTCPConnector.java:159)
	at com.mongodb.DBTCPConnector.say(DBTCPConnector.java:132)
	at com.mongodb.DBApiLayer$MyCollection.insert(DBApiLayer.java:262)
	at com.mongodb.DBApiLayer$MyCollection.createIndex(DBApiLayer.java:354)
	at com.mongodb.DBCollection.ensureIndex(DBCollection.java:444)
	at com.mongodb.DBCollection.ensureIndex(DBCollection.java:392)
	at net.ion.radon.repository.Workspace.createWorkspace(Workspace.java:64)
	at net.ion.radon.repository.Workspace.load(Workspace.java:43)
	at net.ion.radon.repository.Repository.getWorkspace(Repository.java:28)
	at net.ion.radon.repository.LocalSession.getCurrentWorkspace(LocalSession.java:147)
	at net.ion.radon.repository.LocalSession.dropWorkspace(LocalSession.java:76)
	at net.ion.radon.repository.TestBaseRepository.setUp(TestBaseRepository.java:17)
Caused by: java.io.IOException: couldn&apos;t connect to [/61.250.201.78:27017] bc:java.net.ConnectException: Connection timed out: connect
	at com.mongodb.DBPort._open(DBPort.java:224)
	at com.mongodb.DBPort.go(DBPort.java:101)
	at com.mongodb.DBPort.go(DBPort.java:82)
	at com.mongodb.DBPort.say(DBPort.java:77)
	at com.mongodb.DBTCPConnector.say(DBTCPConnector.java:146)
</error>
  </testcase>
  <testcase classname="net.ion.radon.repository.TestFind" name="testByAradonId" time="63.672">
    <error message="can&apos;t say something" type="com.mongodb.MongoException$Network">com.mongodb.MongoException$Network: can&apos;t say something
	at com.mongodb.DBTCPConnector.say(DBTCPConnector.java:159)
	at com.mongodb.DBTCPConnector.say(DBTCPConnector.java:132)
	at com.mongodb.DBApiLayer$MyCollection.insert(DBApiLayer.java:262)
	at com.mongodb.DBApiLayer$MyCollection.createIndex(DBApiLayer.java:354)
	at com.mongodb.DBCollection.ensureIndex(DBCollection.java:444)
	at com.mongodb.DBCollection.ensureIndex(DBCollection.java:392)
	at net.ion.radon.repository.Workspace.createWorkspace(Workspace.java:64)
	at net.ion.radon.repository.Workspace.load(Workspace.java:43)
	at net.ion.radon.repository.Repository.getWorkspace(Repository.java:28)
	at net.ion.radon.repository.LocalSession.getCurrentWorkspace(LocalSession.java:147)
	at net.ion.radon.repository.LocalSession.dropWorkspace(LocalSession.java:76)
	at net.ion.radon.repository.TestBaseRepository.setUp(TestBaseRepository.java:17)
Caused by: java.io.IOException: couldn&apos;t connect to [/61.250.201.78:27017] bc:java.net.ConnectException: Connection timed out: connect
	at com.mongodb.DBPort._open(DBPort.java:224)
	at com.mongodb.DBPort.go(DBPort.java:101)
	at com.mongodb.DBPort.go(DBPort.java:82)
	at com.mongodb.DBPort.say(DBPort.java:77)
	at com.mongodb.DBTCPConnector.say(DBTCPConnector.java:146)
</error>
  </testcase>
  <testcase classname="net.ion.radon.repository.TestFind" name="testEqual" time="63.484">
    <error message="can&apos;t say something" type="com.mongodb.MongoException$Network">com.mongodb.MongoException$Network: can&apos;t say something
	at com.mongodb.DBTCPConnector.say(DBTCPConnector.java:159)
	at com.mongodb.DBTCPConnector.say(DBTCPConnector.java:132)
	at com.mongodb.DBApiLayer$MyCollection.insert(DBApiLayer.java:262)
	at com.mongodb.DBApiLayer$MyCollection.createIndex(DBApiLayer.java:354)
	at com.mongodb.DBCollection.ensureIndex(DBCollection.java:444)
	at com.mongodb.DBCollection.ensureIndex(DBCollection.java:392)
	at net.ion.radon.repository.Workspace.createWorkspace(Workspace.java:64)
	at net.ion.radon.repository.Workspace.load(Workspace.java:43)
	at net.ion.radon.repository.Repository.getWorkspace(Repository.java:28)
	at net.ion.radon.repository.LocalSession.getCurrentWorkspace(LocalSession.java:147)
	at net.ion.radon.repository.LocalSession.dropWorkspace(LocalSession.java:76)
	at net.ion.radon.repository.TestBaseRepository.setUp(TestBaseRepository.java:17)
Caused by: java.io.IOException: couldn&apos;t connect to [/61.250.201.78:27017] bc:java.net.ConnectException: Connection timed out: connect
	at com.mongodb.DBPort._open(DBPort.java:224)
	at com.mongodb.DBPort.go(DBPort.java:101)
	at com.mongodb.DBPort.go(DBPort.java:82)
	at com.mongodb.DBPort.say(DBPort.java:77)
	at com.mongodb.DBTCPConnector.say(DBTCPConnector.java:146)
</error>
  </testcase>
  <testcase classname="net.ion.radon.repository.TestColumns" name="testSelect" time="63.156">
    <error message="can&apos;t say something" type="com.mongodb.MongoException$Network">com.mongodb.MongoException$Network: can&apos;t say something
	at com.mongodb.DBTCPConnector.say(DBTCPConnector.java:159)
	at com.mongodb.DBTCPConnector.say(DBTCPConnector.java:132)
	at com.mongodb.DBApiLayer$MyCollection.insert(DBApiLayer.java:262)
	at com.mongodb.DBApiLayer$MyCollection.createIndex(DBApiLayer.java:354)
	at com.mongodb.DBCollection.ensureIndex(DBCollection.java:444)
	at com.mongodb.DBCollection.ensureIndex(DBCollection.java:392)
	at net.ion.radon.repository.Workspace.createWorkspace(Workspace.java:64)
	at net.ion.radon.repository.Workspace.load(Workspace.java:43)
	at net.ion.radon.repository.Repository.getWorkspace(Repository.java:28)
	at net.ion.radon.repository.LocalSession.getCurrentWorkspace(LocalSession.java:147)
	at net.ion.radon.repository.LocalSession.dropWorkspace(LocalSession.java:76)
	at net.ion.radon.repository.TestBaseRepository.setUp(TestBaseRepository.java:17)
Caused by: java.io.IOException: couldn&apos;t connect to [/61.250.201.78:27017] bc:java.net.ConnectException: Connection timed out: connect
	at com.mongodb.DBPort._open(DBPort.java:224)
	at com.mongodb.DBPort.go(DBPort.java:101)
	at com.mongodb.DBPort.go(DBPort.java:82)
	at com.mongodb.DBPort.say(DBPort.java:77)
	at com.mongodb.DBTCPConnector.say(DBTCPConnector.java:146)
</error>
  </testcase>
  <testcase classname="net.ion.radon.repository.TestColumns" name="testBlankColumn" time="63.172">
    <error message="can&apos;t say something" type="com.mongodb.MongoException$Network">com.mongodb.MongoException$Network: can&apos;t say something
	at com.mongodb.DBTCPConnector.say(DBTCPConnector.java:159)
	at com.mongodb.DBTCPConnector.say(DBTCPConnector.java:132)
	at com.mongodb.DBApiLayer$MyCollection.insert(DBApiLayer.java:262)
	at com.mongodb.DBApiLayer$MyCollection.createIndex(DBApiLayer.java:354)
	at com.mongodb.DBCollection.ensureIndex(DBCollection.java:444)
	at com.mongodb.DBCollection.ensureIndex(DBCollection.java:392)
	at net.ion.radon.repository.Workspace.createWorkspace(Workspace.java:64)
	at net.ion.radon.repository.Workspace.load(Workspace.java:43)
	at net.ion.radon.repository.Repository.getWorkspace(Repository.java:28)
	at net.ion.radon.repository.LocalSession.getCurrentWorkspace(LocalSession.java:147)
	at net.ion.radon.repository.LocalSession.dropWorkspace(LocalSession.java:76)
	at net.ion.radon.repository.TestBaseRepository.setUp(TestBaseRepository.java:17)
Caused by: java.io.IOException: couldn&apos;t connect to [/61.250.201.78:27017] bc:java.net.ConnectException: Connection timed out: connect
	at com.mongodb.DBPort._open(DBPort.java:224)
	at com.mongodb.DBPort.go(DBPort.java:101)
	at com.mongodb.DBPort.go(DBPort.java:82)
	at com.mongodb.DBPort.say(DBPort.java:77)
	at com.mongodb.DBTCPConnector.say(DBTCPConnector.java:146)
</error>
  </testcase>
  <testcase classname="net.ion.radon.repository.TestColumns" name="testSelectDup" time="63.063">
    <error message="can&apos;t say something" type="com.mongodb.MongoException$Network">com.mongodb.MongoException$Network: can&apos;t say something
	at com.mongodb.DBTCPConnector.say(DBTCPConnector.java:159)
	at com.mongodb.DBTCPConnector.say(DBTCPConnector.java:132)
	at com.mongodb.DBApiLayer$MyCollection.insert(DBApiLayer.java:262)
	at com.mongodb.DBApiLayer$MyCollection.createIndex(DBApiLayer.java:354)
	at com.mongodb.DBCollection.ensureIndex(DBCollection.java:444)
	at com.mongodb.DBCollection.ensureIndex(DBCollection.java:392)
	at net.ion.radon.repository.Workspace.createWorkspace(Workspace.java:64)
	at net.ion.radon.repository.Workspace.load(Workspace.java:43)
	at net.ion.radon.repository.Repository.getWorkspace(Repository.java:28)
	at net.ion.radon.repository.LocalSession.getCurrentWorkspace(LocalSession.java:147)
	at net.ion.radon.repository.LocalSession.dropWorkspace(LocalSession.java:76)
	at net.ion.radon.repository.TestBaseRepository.setUp(TestBaseRepository.java:17)
Caused by: java.io.IOException: couldn&apos;t connect to [/61.250.201.78:27017] bc:java.net.ConnectException: Connection timed out: connect
	at com.mongodb.DBPort._open(DBPort.java:224)
	at com.mongodb.DBPort.go(DBPort.java:101)
	at com.mongodb.DBPort.go(DBPort.java:82)
	at com.mongodb.DBPort.say(DBPort.java:77)
	at com.mongodb.DBTCPConnector.say(DBTCPConnector.java:146)
</error>
  </testcase>
  <testcase classname="net.ion.radon.repository.TestColumns" name="testCompositeSelect" time="63.187">
    <error message="can&apos;t say something" type="com.mongodb.MongoException$Network">com.mongodb.MongoException$Network: can&apos;t say something
	at com.mongodb.DBTCPConnector.say(DBTCPConnector.java:159)
	at com.mongodb.DBTCPConnector.say(DBTCPConnector.java:132)
	at com.mongodb.DBApiLayer$MyCollection.insert(DBApiLayer.java:262)
	at com.mongodb.DBApiLayer$MyCollection.createIndex(DBApiLayer.java:354)
	at com.mongodb.DBCollection.ensureIndex(DBCollection.java:444)
	at com.mongodb.DBCollection.ensureIndex(DBCollection.java:392)
	at net.ion.radon.repository.Workspace.createWorkspace(Workspace.java:64)
	at net.ion.radon.repository.Workspace.load(Workspace.java:43)
	at net.ion.radon.repository.Repository.getWorkspace(Repository.java:28)
	at net.ion.radon.repository.LocalSession.getCurrentWorkspace(LocalSession.java:147)
	at net.ion.radon.repository.LocalSession.dropWorkspace(LocalSession.java:76)
	at net.ion.radon.repository.TestBaseRepository.setUp(TestBaseRepository.java:17)
Caused by: java.io.IOException: couldn&apos;t connect to [/61.250.201.78:27017] bc:java.net.ConnectException: Connection timed out: connect
	at com.mongodb.DBPort._open(DBPort.java:224)
	at com.mongodb.DBPort.go(DBPort.java:101)
	at com.mongodb.DBPort.go(DBPort.java:82)
	at com.mongodb.DBPort.say(DBPort.java:77)
	at com.mongodb.DBTCPConnector.say(DBTCPConnector.java:146)
</error>
  </testcase>
  <testcase classname="net.ion.radon.repository.TestColumns" name="testCompositeSelect2" time="63.25">
    <error message="can&apos;t say something" type="com.mongodb.MongoException$Network">com.mongodb.MongoException$Network: can&apos;t say something
	at com.mongodb.DBTCPConnector.say(DBTCPConnector.java:159)
	at com.mongodb.DBTCPConnector.say(DBTCPConnector.java:132)
	at com.mongodb.DBApiLayer$MyCollection.insert(DBApiLayer.java:262)
	at com.mongodb.DBApiLayer$MyCollection.createIndex(DBApiLayer.java:354)
	at com.mongodb.DBCollection.ensureIndex(DBCollection.java:444)
	at com.mongodb.DBCollection.ensureIndex(DBCollection.java:392)
	at net.ion.radon.repository.Workspace.createWorkspace(Workspace.java:64)
	at net.ion.radon.repository.Workspace.load(Workspace.java:43)
	at net.ion.radon.repository.Repository.getWorkspace(Repository.java:28)
	at net.ion.radon.repository.LocalSession.getCurrentWorkspace(LocalSession.java:147)
	at net.ion.radon.repository.LocalSession.dropWorkspace(LocalSession.java:76)
	at net.ion.radon.repository.TestBaseRepository.setUp(TestBaseRepository.java:17)
Caused by: java.io.IOException: couldn&apos;t connect to [/61.250.201.78:27017] bc:java.net.ConnectException: Connection timed out: connect
	at com.mongodb.DBPort._open(DBPort.java:224)
	at com.mongodb.DBPort.go(DBPort.java:101)
	at com.mongodb.DBPort.go(DBPort.java:82)
	at com.mongodb.DBPort.say(DBPort.java:77)
	at com.mongodb.DBTCPConnector.say(DBTCPConnector.java:146)
</error>
  </testcase>
  <testcase classname="net.ion.radon.repository.TestColumns" name="testSlice" time="63.266">
    <error message="can&apos;t say something" type="com.mongodb.MongoException$Network">com.mongodb.MongoException$Network: can&apos;t say something
	at com.mongodb.DBTCPConnector.say(DBTCPConnector.java:159)
	at com.mongodb.DBTCPConnector.say(DBTCPConnector.java:132)
	at com.mongodb.DBApiLayer$MyCollection.insert(DBApiLayer.java:262)
	at com.mongodb.DBApiLayer$MyCollection.createIndex(DBApiLayer.java:354)
	at com.mongodb.DBCollection.ensureIndex(DBCollection.java:444)
	at com.mongodb.DBCollection.ensureIndex(DBCollection.java:392)
	at net.ion.radon.repository.Workspace.createWorkspace(Workspace.java:64)
	at net.ion.radon.repository.Workspace.load(Workspace.java:43)
	at net.ion.radon.repository.Repository.getWorkspace(Repository.java:28)
	at net.ion.radon.repository.LocalSession.getCurrentWorkspace(LocalSession.java:147)
	at net.ion.radon.repository.LocalSession.dropWorkspace(LocalSession.java:76)
	at net.ion.radon.repository.TestBaseRepository.setUp(TestBaseRepository.java:17)
Caused by: java.io.IOException: couldn&apos;t connect to [/61.250.201.78:27017] bc:java.net.ConnectException: Connection timed out: connect
	at com.mongodb.DBPort._open(DBPort.java:224)
	at com.mongodb.DBPort.go(DBPort.java:101)
	at com.mongodb.DBPort.go(DBPort.java:82)
	at com.mongodb.DBPort.say(DBPort.java:77)
	at com.mongodb.DBTCPConnector.say(DBTCPConnector.java:146)
</error>
  </testcase>
  <testcase classname="net.ion.radon.repository.TestColumns" name="testExcludeSlice" time="63.375">
    <error message="can&apos;t say something" type="com.mongodb.MongoException$Network">com.mongodb.MongoException$Network: can&apos;t say something
	at com.mongodb.DBTCPConnector.say(DBTCPConnector.java:159)
	at com.mongodb.DBTCPConnector.say(DBTCPConnector.java:132)
	at com.mongodb.DBApiLayer$MyCollection.insert(DBApiLayer.java:262)
	at com.mongodb.DBApiLayer$MyCollection.createIndex(DBApiLayer.java:354)
	at com.mongodb.DBCollection.ensureIndex(DBCollection.java:444)
	at com.mongodb.DBCollection.ensureIndex(DBCollection.java:392)
	at net.ion.radon.repository.Workspace.createWorkspace(Workspace.java:64)
	at net.ion.radon.repository.Workspace.load(Workspace.java:43)
	at net.ion.radon.repository.Repository.getWorkspace(Repository.java:28)
	at net.ion.radon.repository.LocalSession.getCurrentWorkspace(LocalSession.java:147)
	at net.ion.radon.repository.LocalSession.dropWorkspace(LocalSession.java:76)
	at net.ion.radon.repository.TestBaseRepository.setUp(TestBaseRepository.java:17)
Caused by: java.io.IOException: couldn&apos;t connect to [/61.250.201.78:27017] bc:java.net.ConnectException: Connection timed out: connect
	at com.mongodb.DBPort._open(DBPort.java:224)
	at com.mongodb.DBPort.go(DBPort.java:101)
	at com.mongodb.DBPort.go(DBPort.java:82)
	at com.mongodb.DBPort.say(DBPort.java:77)
	at com.mongodb.DBTCPConnector.say(DBTCPConnector.java:146)
</error>
  </testcase>
  <testcase classname="net.ion.radon.repository.TestAdvanceColumns" name="testSlice" time="63.172">
    <error message="can&apos;t say something" type="com.mongodb.MongoException$Network">com.mongodb.MongoException$Network: can&apos;t say something
	at com.mongodb.DBTCPConnector.say(DBTCPConnector.java:159)
	at com.mongodb.DBTCPConnector.say(DBTCPConnector.java:132)
	at com.mongodb.DBApiLayer$MyCollection.insert(DBApiLayer.java:262)
	at com.mongodb.DBApiLayer$MyCollection.createIndex(DBApiLayer.java:354)
	at com.mongodb.DBCollection.ensureIndex(DBCollection.java:444)
	at com.mongodb.DBCollection.ensureIndex(DBCollection.java:392)
	at net.ion.radon.repository.Workspace.createWorkspace(Workspace.java:64)
	at net.ion.radon.repository.Workspace.load(Workspace.java:43)
	at net.ion.radon.repository.Repository.getWorkspace(Repository.java:28)
	at net.ion.radon.repository.LocalSession.getCurrentWorkspace(LocalSession.java:147)
	at net.ion.radon.repository.LocalSession.dropWorkspace(LocalSession.java:76)
	at net.ion.radon.repository.TestBaseRepository.setUp(TestBaseRepository.java:17)
	at net.ion.radon.repository.TestAdvanceColumns.setUp(TestAdvanceColumns.java:9)
Caused by: java.io.IOException: couldn&apos;t connect to [/61.250.201.78:27017] bc:java.net.ConnectException: Connection timed out: connect
	at com.mongodb.DBPort._open(DBPort.java:224)
	at com.mongodb.DBPort.go(DBPort.java:101)
	at com.mongodb.DBPort.go(DBPort.java:82)
	at com.mongodb.DBPort.say(DBPort.java:77)
	at com.mongodb.DBTCPConnector.say(DBTCPConnector.java:146)
</error>
  </testcase>
  <testcase classname="net.ion.radon.repository.TestTemporaryNode" name="testCreateTempNode" time="62.953">
    <error message="can&apos;t say something" type="com.mongodb.MongoException$Network">com.mongodb.MongoException$Network: can&apos;t say something
	at com.mongodb.DBTCPConnector.say(DBTCPConnector.java:159)
	at com.mongodb.DBTCPConnector.say(DBTCPConnector.java:132)
	at com.mongodb.DBApiLayer$MyCollection.insert(DBApiLayer.java:262)
	at com.mongodb.DBApiLayer$MyCollection.createIndex(DBApiLayer.java:354)
	at com.mongodb.DBCollection.ensureIndex(DBCollection.java:444)
	at com.mongodb.DBCollection.ensureIndex(DBCollection.java:392)
	at net.ion.radon.repository.Workspace.createWorkspace(Workspace.java:64)
	at net.ion.radon.repository.Workspace.load(Workspace.java:43)
	at net.ion.radon.repository.Repository.getWorkspace(Repository.java:28)
	at net.ion.radon.repository.LocalSession.getCurrentWorkspace(LocalSession.java:147)
	at net.ion.radon.repository.LocalSession.dropWorkspace(LocalSession.java:76)
	at net.ion.radon.repository.TestBaseRepository.setUp(TestBaseRepository.java:17)
Caused by: java.io.IOException: couldn&apos;t connect to [/61.250.201.78:27017] bc:java.net.ConnectException: Connection timed out: connect
	at com.mongodb.DBPort._open(DBPort.java:224)
	at com.mongodb.DBPort.go(DBPort.java:101)
	at com.mongodb.DBPort.go(DBPort.java:82)
	at com.mongodb.DBPort.say(DBPort.java:77)
	at com.mongodb.DBTCPConnector.say(DBTCPConnector.java:146)
</error>
  </testcase>
  <testcase classname="net.ion.radon.repository.TestTemporaryNode" name="testSetGet" time="63.157">
    <error message="can&apos;t say something" type="com.mongodb.MongoException$Network">com.mongodb.MongoException$Network: can&apos;t say something
	at com.mongodb.DBTCPConnector.say(DBTCPConnector.java:159)
	at com.mongodb.DBTCPConnector.say(DBTCPConnector.java:132)
	at com.mongodb.DBApiLayer$MyCollection.insert(DBApiLayer.java:262)
	at com.mongodb.DBApiLayer$MyCollection.createIndex(DBApiLayer.java:354)
	at com.mongodb.DBCollection.ensureIndex(DBCollection.java:444)
	at com.mongodb.DBCollection.ensureIndex(DBCollection.java:392)
	at net.ion.radon.repository.Workspace.createWorkspace(Workspace.java:64)
	at net.ion.radon.repository.Workspace.load(Workspace.java:43)
	at net.ion.radon.repository.Repository.getWorkspace(Repository.java:28)
	at net.ion.radon.repository.LocalSession.getCurrentWorkspace(LocalSession.java:147)
	at net.ion.radon.repository.LocalSession.dropWorkspace(LocalSession.java:76)
	at net.ion.radon.repository.TestBaseRepository.setUp(TestBaseRepository.java:17)
Caused by: java.io.IOException: couldn&apos;t connect to [/61.250.201.78:27017] bc:java.net.ConnectException: Connection timed out: connect
	at com.mongodb.DBPort._open(DBPort.java:224)
	at com.mongodb.DBPort.go(DBPort.java:101)
	at com.mongodb.DBPort.go(DBPort.java:82)
	at com.mongodb.DBPort.say(DBPort.java:77)
	at com.mongodb.DBTCPConnector.say(DBTCPConnector.java:146)
</error>
  </testcase>
  <testcase classname="net.ion.radon.repository.TestTemporaryNode" name="testAppend" time="62.968">
    <error message="can&apos;t say something" type="com.mongodb.MongoException$Network">com.mongodb.MongoException$Network: can&apos;t say something
	at com.mongodb.DBTCPConnector.say(DBTCPConnector.java:159)
	at com.mongodb.DBTCPConnector.say(DBTCPConnector.java:132)
	at com.mongodb.DBApiLayer$MyCollection.insert(DBApiLayer.java:262)
	at com.mongodb.DBApiLayer$MyCollection.createIndex(DBApiLayer.java:354)
	at com.mongodb.DBCollection.ensureIndex(DBCollection.java:444)
	at com.mongodb.DBCollection.ensureIndex(DBCollection.java:392)
	at net.ion.radon.repository.Workspace.createWorkspace(Workspace.java:64)
	at net.ion.radon.repository.Workspace.load(Workspace.java:43)
	at net.ion.radon.repository.Repository.getWorkspace(Repository.java:28)
	at net.ion.radon.repository.LocalSession.getCurrentWorkspace(LocalSession.java:147)
	at net.ion.radon.repository.LocalSession.dropWorkspace(LocalSession.java:76)
	at net.ion.radon.repository.TestBaseRepository.setUp(TestBaseRepository.java:17)
Caused by: java.io.IOException: couldn&apos;t connect to [/61.250.201.78:27017] bc:java.net.ConnectException: Connection timed out: connect
	at com.mongodb.DBPort._open(DBPort.java:224)
	at com.mongodb.DBPort.go(DBPort.java:101)
	at com.mongodb.DBPort.go(DBPort.java:82)
	at com.mongodb.DBPort.say(DBPort.java:77)
	at com.mongodb.DBTCPConnector.say(DBTCPConnector.java:146)
</error>
  </testcase>
  <testcase classname="net.ion.radon.repository.TestTemporaryNode" name="testMerge" time="63.063">
    <error message="can&apos;t say something" type="com.mongodb.MongoException$Network">com.mongodb.MongoException$Network: can&apos;t say something
	at com.mongodb.DBTCPConnector.say(DBTCPConnector.java:159)
	at com.mongodb.DBTCPConnector.say(DBTCPConnector.java:132)
	at com.mongodb.DBApiLayer$MyCollection.insert(DBApiLayer.java:262)
	at com.mongodb.DBApiLayer$MyCollection.createIndex(DBApiLayer.java:354)
	at com.mongodb.DBCollection.ensureIndex(DBCollection.java:444)
	at com.mongodb.DBCollection.ensureIndex(DBCollection.java:392)
	at net.ion.radon.repository.Workspace.createWorkspace(Workspace.java:64)
	at net.ion.radon.repository.Workspace.load(Workspace.java:43)
	at net.ion.radon.repository.Repository.getWorkspace(Repository.java:28)
	at net.ion.radon.repository.LocalSession.getCurrentWorkspace(LocalSession.java:147)
	at net.ion.radon.repository.LocalSession.dropWorkspace(LocalSession.java:76)
	at net.ion.radon.repository.TestBaseRepository.setUp(TestBaseRepository.java:17)
Caused by: java.io.IOException: couldn&apos;t connect to [/61.250.201.78:27017] bc:java.net.ConnectException: Connection timed out: connect
	at com.mongodb.DBPort._open(DBPort.java:224)
	at com.mongodb.DBPort.go(DBPort.java:101)
	at com.mongodb.DBPort.go(DBPort.java:82)
	at com.mongodb.DBPort.say(DBPort.java:77)
	at com.mongodb.DBTCPConnector.say(DBTCPConnector.java:146)
</error>
  </testcase>
  <testcase classname="net.ion.radon.repository.TestTemporaryNode" name="testGetParent" time="63.078">
    <error message="can&apos;t say something" type="com.mongodb.MongoException$Network">com.mongodb.MongoException$Network: can&apos;t say something
	at com.mongodb.DBTCPConnector.say(DBTCPConnector.java:159)
	at com.mongodb.DBTCPConnector.say(DBTCPConnector.java:132)
	at com.mongodb.DBApiLayer$MyCollection.insert(DBApiLayer.java:262)
	at com.mongodb.DBApiLayer$MyCollection.createIndex(DBApiLayer.java:354)
	at com.mongodb.DBCollection.ensureIndex(DBCollection.java:444)
	at com.mongodb.DBCollection.ensureIndex(DBCollection.java:392)
	at net.ion.radon.repository.Workspace.createWorkspace(Workspace.java:64)
	at net.ion.radon.repository.Workspace.load(Workspace.java:43)
	at net.ion.radon.repository.Repository.getWorkspace(Repository.java:28)
	at net.ion.radon.repository.LocalSession.getCurrentWorkspace(LocalSession.java:147)
	at net.ion.radon.repository.LocalSession.dropWorkspace(LocalSession.java:76)
	at net.ion.radon.repository.TestBaseRepository.setUp(TestBaseRepository.java:17)
Caused by: java.io.IOException: couldn&apos;t connect to [/61.250.201.78:27017] bc:java.net.ConnectException: Connection timed out: connect
	at com.mongodb.DBPort._open(DBPort.java:224)
	at com.mongodb.DBPort.go(DBPort.java:101)
	at com.mongodb.DBPort.go(DBPort.java:82)
	at com.mongodb.DBPort.say(DBPort.java:77)
	at com.mongodb.DBTCPConnector.say(DBTCPConnector.java:146)
</error>
  </testcase>
  <testcase classname="net.ion.radon.repository.TestTemporaryNode" name="testMergeId" time="63.266">
    <error message="can&apos;t say something" type="com.mongodb.MongoException$Network">com.mongodb.MongoException$Network: can&apos;t say something
	at com.mongodb.DBTCPConnector.say(DBTCPConnector.java:159)
	at com.mongodb.DBTCPConnector.say(DBTCPConnector.java:132)
	at com.mongodb.DBApiLayer$MyCollection.insert(DBApiLayer.java:262)
	at com.mongodb.DBApiLayer$MyCollection.createIndex(DBApiLayer.java:354)
	at com.mongodb.DBCollection.ensureIndex(DBCollection.java:444)
	at com.mongodb.DBCollection.ensureIndex(DBCollection.java:392)
	at net.ion.radon.repository.Workspace.createWorkspace(Workspace.java:64)
	at net.ion.radon.repository.Workspace.load(Workspace.java:43)
	at net.ion.radon.repository.Repository.getWorkspace(Repository.java:28)
	at net.ion.radon.repository.LocalSession.getCurrentWorkspace(LocalSession.java:147)
	at net.ion.radon.repository.LocalSession.dropWorkspace(LocalSession.java:76)
	at net.ion.radon.repository.TestBaseRepository.setUp(TestBaseRepository.java:17)
Caused by: java.io.IOException: couldn&apos;t connect to [/61.250.201.78:27017] bc:java.net.ConnectException: Connection timed out: connect
	at com.mongodb.DBPort._open(DBPort.java:224)
	at com.mongodb.DBPort.go(DBPort.java:101)
	at com.mongodb.DBPort.go(DBPort.java:82)
	at com.mongodb.DBPort.say(DBPort.java:77)
	at com.mongodb.DBTCPConnector.say(DBTCPConnector.java:146)
</error>
  </testcase>
  <testcase classname="net.ion.radon.repository.TestTemporaryNode" name="testMergeAradonId" time="63.265">
    <error message="can&apos;t say something" type="com.mongodb.MongoException$Network">com.mongodb.MongoException$Network: can&apos;t say something
	at com.mongodb.DBTCPConnector.say(DBTCPConnector.java:159)
	at com.mongodb.DBTCPConnector.say(DBTCPConnector.java:132)
	at com.mongodb.DBApiLayer$MyCollection.insert(DBApiLayer.java:262)
	at com.mongodb.DBApiLayer$MyCollection.createIndex(DBApiLayer.java:354)
	at com.mongodb.DBCollection.ensureIndex(DBCollection.java:444)
	at com.mongodb.DBCollection.ensureIndex(DBCollection.java:392)
	at net.ion.radon.repository.Workspace.createWorkspace(Workspace.java:64)
	at net.ion.radon.repository.Workspace.load(Workspace.java:43)
	at net.ion.radon.repository.Repository.getWorkspace(Repository.java:28)
	at net.ion.radon.repository.LocalSession.getCurrentWorkspace(LocalSession.java:147)
	at net.ion.radon.repository.LocalSession.dropWorkspace(LocalSession.java:76)
	at net.ion.radon.repository.TestBaseRepository.setUp(TestBaseRepository.java:17)
Caused by: java.io.IOException: couldn&apos;t connect to [/61.250.201.78:27017] bc:java.net.ConnectException: Connection timed out: connect
	at com.mongodb.DBPort._open(DBPort.java:224)
	at com.mongodb.DBPort.go(DBPort.java:101)
	at com.mongodb.DBPort.go(DBPort.java:82)
	at com.mongodb.DBPort.say(DBPort.java:77)
	at com.mongodb.DBTCPConnector.say(DBTCPConnector.java:146)
</error>
  </testcase>
  <testcase classname="net.ion.radon.repository.TestTemporaryNode" name="testMergePath" time="63.172">
    <error message="can&apos;t say something" type="com.mongodb.MongoException$Network">com.mongodb.MongoException$Network: can&apos;t say something
	at com.mongodb.DBTCPConnector.say(DBTCPConnector.java:159)
	at com.mongodb.DBTCPConnector.say(DBTCPConnector.java:132)
	at com.mongodb.DBApiLayer$MyCollection.insert(DBApiLayer.java:262)
	at com.mongodb.DBApiLayer$MyCollection.createIndex(DBApiLayer.java:354)
	at com.mongodb.DBCollection.ensureIndex(DBCollection.java:444)
	at com.mongodb.DBCollection.ensureIndex(DBCollection.java:392)
	at net.ion.radon.repository.Workspace.createWorkspace(Workspace.java:64)
	at net.ion.radon.repository.Workspace.load(Workspace.java:43)
	at net.ion.radon.repository.Repository.getWorkspace(Repository.java:28)
	at net.ion.radon.repository.LocalSession.getCurrentWorkspace(LocalSession.java:147)
	at net.ion.radon.repository.LocalSession.dropWorkspace(LocalSession.java:76)
	at net.ion.radon.repository.TestBaseRepository.setUp(TestBaseRepository.java:17)
Caused by: java.io.IOException: couldn&apos;t connect to [/61.250.201.78:27017] bc:java.net.ConnectException: Connection timed out: connect
	at com.mongodb.DBPort._open(DBPort.java:224)
	at com.mongodb.DBPort.go(DBPort.java:101)
	at com.mongodb.DBPort.go(DBPort.java:82)
	at com.mongodb.DBPort.say(DBPort.java:77)
	at com.mongodb.DBTCPConnector.say(DBTCPConnector.java:146)
</error>
  </testcase>
  <testcase classname="net.ion.radon.repository.TestTemporaryNode" name="testMergtPath2" time="62.969">
    <error message="can&apos;t say something" type="com.mongodb.MongoException$Network">com.mongodb.MongoException$Network: can&apos;t say something
	at com.mongodb.DBTCPConnector.say(DBTCPConnector.java:159)
	at com.mongodb.DBTCPConnector.say(DBTCPConnector.java:132)
	at com.mongodb.DBApiLayer$MyCollection.insert(DBApiLayer.java:262)
	at com.mongodb.DBApiLayer$MyCollection.createIndex(DBApiLayer.java:354)
	at com.mongodb.DBCollection.ensureIndex(DBCollection.java:444)
	at com.mongodb.DBCollection.ensureIndex(DBCollection.java:392)
	at net.ion.radon.repository.Workspace.createWorkspace(Workspace.java:64)
	at net.ion.radon.repository.Workspace.load(Workspace.java:43)
	at net.ion.radon.repository.Repository.getWorkspace(Repository.java:28)
	at net.ion.radon.repository.LocalSession.getCurrentWorkspace(LocalSession.java:147)
	at net.ion.radon.repository.LocalSession.dropWorkspace(LocalSession.java:76)
	at net.ion.radon.repository.TestBaseRepository.setUp(TestBaseRepository.java:17)
Caused by: java.io.IOException: couldn&apos;t connect to [/61.250.201.78:27017] bc:java.net.ConnectException: Connection timed out: connect
	at com.mongodb.DBPort._open(DBPort.java:224)
	at com.mongodb.DBPort.go(DBPort.java:101)
	at com.mongodb.DBPort.go(DBPort.java:82)
	at com.mongodb.DBPort.say(DBPort.java:77)
	at com.mongodb.DBTCPConnector.say(DBTCPConnector.java:146)
</error>
  </testcase>
  <testcase classname="net.ion.radon.repository.TestTemporaryNode" name="testInListOverwrite" time="62.969">
    <error message="can&apos;t say something" type="com.mongodb.MongoException$Network">com.mongodb.MongoException$Network: can&apos;t say something
	at com.mongodb.DBTCPConnector.say(DBTCPConnector.java:159)
	at com.mongodb.DBTCPConnector.say(DBTCPConnector.java:132)
	at com.mongodb.DBApiLayer$MyCollection.insert(DBApiLayer.java:262)
	at com.mongodb.DBApiLayer$MyCollection.createIndex(DBApiLayer.java:354)
	at com.mongodb.DBCollection.ensureIndex(DBCollection.java:444)
	at com.mongodb.DBCollection.ensureIndex(DBCollection.java:392)
	at net.ion.radon.repository.Workspace.createWorkspace(Workspace.java:64)
	at net.ion.radon.repository.Workspace.load(Workspace.java:43)
	at net.ion.radon.repository.Repository.getWorkspace(Repository.java:28)
	at net.ion.radon.repository.LocalSession.getCurrentWorkspace(LocalSession.java:147)
	at net.ion.radon.repository.LocalSession.dropWorkspace(LocalSession.java:76)
	at net.ion.radon.repository.TestBaseRepository.setUp(TestBaseRepository.java:17)
Caused by: java.io.IOException: couldn&apos;t connect to [/61.250.201.78:27017] bc:java.net.ConnectException: Connection timed out: connect
	at com.mongodb.DBPort._open(DBPort.java:224)
	at com.mongodb.DBPort.go(DBPort.java:101)
	at com.mongodb.DBPort.go(DBPort.java:82)
	at com.mongodb.DBPort.say(DBPort.java:77)
	at com.mongodb.DBTCPConnector.say(DBTCPConnector.java:146)
</error>
  </testcase>
  <testcase classname="net.ion.radon.repository.TestMergeNode" name="testMergeNode" time="63.156">
    <error message="can&apos;t say something" type="com.mongodb.MongoException$Network">com.mongodb.MongoException$Network: can&apos;t say something
	at com.mongodb.DBTCPConnector.say(DBTCPConnector.java:159)
	at com.mongodb.DBTCPConnector.say(DBTCPConnector.java:132)
	at com.mongodb.DBApiLayer$MyCollection.insert(DBApiLayer.java:262)
	at com.mongodb.DBApiLayer$MyCollection.createIndex(DBApiLayer.java:354)
	at com.mongodb.DBCollection.ensureIndex(DBCollection.java:444)
	at com.mongodb.DBCollection.ensureIndex(DBCollection.java:392)
	at net.ion.radon.repository.Workspace.createWorkspace(Workspace.java:64)
	at net.ion.radon.repository.Workspace.load(Workspace.java:43)
	at net.ion.radon.repository.Repository.getWorkspace(Repository.java:28)
	at net.ion.radon.repository.LocalSession.getCurrentWorkspace(LocalSession.java:147)
	at net.ion.radon.repository.LocalSession.dropWorkspace(LocalSession.java:76)
	at net.ion.radon.repository.TestBaseRepository.setUp(TestBaseRepository.java:17)
Caused by: java.io.IOException: couldn&apos;t connect to [/61.250.201.78:27017] bc:java.net.ConnectException: Connection timed out: connect
	at com.mongodb.DBPort._open(DBPort.java:224)
	at com.mongodb.DBPort.go(DBPort.java:101)
	at com.mongodb.DBPort.go(DBPort.java:82)
	at com.mongodb.DBPort.say(DBPort.java:77)
	at com.mongodb.DBTCPConnector.say(DBTCPConnector.java:146)
</error>
  </testcase>
  <testcase classname="net.ion.radon.repository.TestMergeNode" name="testMetaGet" time="63.469">
    <error message="can&apos;t say something" type="com.mongodb.MongoException$Network">com.mongodb.MongoException$Network: can&apos;t say something
	at com.mongodb.DBTCPConnector.say(DBTCPConnector.java:159)
	at com.mongodb.DBTCPConnector.say(DBTCPConnector.java:132)
	at com.mongodb.DBApiLayer$MyCollection.insert(DBApiLayer.java:262)
	at com.mongodb.DBApiLayer$MyCollection.createIndex(DBApiLayer.java:354)
	at com.mongodb.DBCollection.ensureIndex(DBCollection.java:444)
	at com.mongodb.DBCollection.ensureIndex(DBCollection.java:392)
	at net.ion.radon.repository.Workspace.createWorkspace(Workspace.java:64)
	at net.ion.radon.repository.Workspace.load(Workspace.java:43)
	at net.ion.radon.repository.Repository.getWorkspace(Repository.java:28)
	at net.ion.radon.repository.LocalSession.getCurrentWorkspace(LocalSession.java:147)
	at net.ion.radon.repository.LocalSession.dropWorkspace(LocalSession.java:76)
	at net.ion.radon.repository.TestBaseRepository.setUp(TestBaseRepository.java:17)
Caused by: java.io.IOException: couldn&apos;t connect to [/61.250.201.78:27017] bc:java.net.ConnectException: Connection timed out: connect
	at com.mongodb.DBPort._open(DBPort.java:224)
	at com.mongodb.DBPort.go(DBPort.java:101)
	at com.mongodb.DBPort.go(DBPort.java:82)
	at com.mongodb.DBPort.say(DBPort.java:77)
	at com.mongodb.DBTCPConnector.say(DBTCPConnector.java:146)
</error>
  </testcase>
  <testcase classname="net.ion.radon.repository.TestMergeNode" name="testMergeOnExist" time="63.578">
    <error message="can&apos;t say something" type="com.mongodb.MongoException$Network">com.mongodb.MongoException$Network: can&apos;t say something
	at com.mongodb.DBTCPConnector.say(DBTCPConnector.java:159)
	at com.mongodb.DBTCPConnector.say(DBTCPConnector.java:132)
	at com.mongodb.DBApiLayer$MyCollection.insert(DBApiLayer.java:262)
	at com.mongodb.DBApiLayer$MyCollection.createIndex(DBApiLayer.java:354)
	at com.mongodb.DBCollection.ensureIndex(DBCollection.java:444)
	at com.mongodb.DBCollection.ensureIndex(DBCollection.java:392)
	at net.ion.radon.repository.Workspace.createWorkspace(Workspace.java:64)
	at net.ion.radon.repository.Workspace.load(Workspace.java:43)
	at net.ion.radon.repository.Repository.getWorkspace(Repository.java:28)
	at net.ion.radon.repository.LocalSession.getCurrentWorkspace(LocalSession.java:147)
	at net.ion.radon.repository.LocalSession.dropWorkspace(LocalSession.java:76)
	at net.ion.radon.repository.TestBaseRepository.setUp(TestBaseRepository.java:17)
Caused by: java.io.IOException: couldn&apos;t connect to [/61.250.201.78:27017] bc:java.net.ConnectException: Connection timed out: connect
	at com.mongodb.DBPort._open(DBPort.java:224)
	at com.mongodb.DBPort.go(DBPort.java:101)
	at com.mongodb.DBPort.go(DBPort.java:82)
	at com.mongodb.DBPort.say(DBPort.java:77)
	at com.mongodb.DBTCPConnector.say(DBTCPConnector.java:146)
</error>
  </testcase>
  <testcase classname="net.ion.radon.repository.TestMergeNode" name="testNotExist" time="62.969">
    <error message="can&apos;t say something" type="com.mongodb.MongoException$Network">com.mongodb.MongoException$Network: can&apos;t say something
	at com.mongodb.DBTCPConnector.say(DBTCPConnector.java:159)
	at com.mongodb.DBTCPConnector.say(DBTCPConnector.java:132)
	at com.mongodb.DBApiLayer$MyCollection.insert(DBApiLayer.java:262)
	at com.mongodb.DBApiLayer$MyCollection.createIndex(DBApiLayer.java:354)
	at com.mongodb.DBCollection.ensureIndex(DBCollection.java:444)
	at com.mongodb.DBCollection.ensureIndex(DBCollection.java:392)
	at net.ion.radon.repository.Workspace.createWorkspace(Workspace.java:64)
	at net.ion.radon.repository.Workspace.load(Workspace.java:43)
	at net.ion.radon.repository.Repository.getWorkspace(Repository.java:28)
	at net.ion.radon.repository.LocalSession.getCurrentWorkspace(LocalSession.java:147)
	at net.ion.radon.repository.LocalSession.dropWorkspace(LocalSession.java:76)
	at net.ion.radon.repository.TestBaseRepository.setUp(TestBaseRepository.java:17)
Caused by: java.io.IOException: couldn&apos;t connect to [/61.250.201.78:27017] bc:java.net.ConnectException: Connection timed out: connect
	at com.mongodb.DBPort._open(DBPort.java:224)
	at com.mongodb.DBPort.go(DBPort.java:101)
	at com.mongodb.DBPort.go(DBPort.java:82)
	at com.mongodb.DBPort.say(DBPort.java:77)
	at com.mongodb.DBTCPConnector.say(DBTCPConnector.java:146)
</error>
  </testcase>
  <testcase classname="net.ion.radon.repository.TestMergeNode" name="testLastModified" time="63.062">
    <error message="can&apos;t say something" type="com.mongodb.MongoException$Network">com.mongodb.MongoException$Network: can&apos;t say something
	at com.mongodb.DBTCPConnector.say(DBTCPConnector.java:159)
	at com.mongodb.DBTCPConnector.say(DBTCPConnector.java:132)
	at com.mongodb.DBApiLayer$MyCollection.insert(DBApiLayer.java:262)
	at com.mongodb.DBApiLayer$MyCollection.createIndex(DBApiLayer.java:354)
	at com.mongodb.DBCollection.ensureIndex(DBCollection.java:444)
	at com.mongodb.DBCollection.ensureIndex(DBCollection.java:392)
	at net.ion.radon.repository.Workspace.createWorkspace(Workspace.java:64)
	at net.ion.radon.repository.Workspace.load(Workspace.java:43)
	at net.ion.radon.repository.Repository.getWorkspace(Repository.java:28)
	at net.ion.radon.repository.LocalSession.getCurrentWorkspace(LocalSession.java:147)
	at net.ion.radon.repository.LocalSession.dropWorkspace(LocalSession.java:76)
	at net.ion.radon.repository.TestBaseRepository.setUp(TestBaseRepository.java:17)
Caused by: java.io.IOException: couldn&apos;t connect to [/61.250.201.78:27017] bc:java.net.ConnectException: Connection timed out: connect
	at com.mongodb.DBPort._open(DBPort.java:224)
	at com.mongodb.DBPort.go(DBPort.java:101)
	at com.mongodb.DBPort.go(DBPort.java:82)
	at com.mongodb.DBPort.say(DBPort.java:77)
	at com.mongodb.DBTCPConnector.say(DBTCPConnector.java:146)
</error>
  </testcase>
  <testcase classname="net.ion.radon.repository.TestMergeNode" name="testNotOverwriteAgeProperty" time="62.969">
    <error message="can&apos;t say something" type="com.mongodb.MongoException$Network">com.mongodb.MongoException$Network: can&apos;t say something
	at com.mongodb.DBTCPConnector.say(DBTCPConnector.java:159)
	at com.mongodb.DBTCPConnector.say(DBTCPConnector.java:132)
	at com.mongodb.DBApiLayer$MyCollection.insert(DBApiLayer.java:262)
	at com.mongodb.DBApiLayer$MyCollection.createIndex(DBApiLayer.java:354)
	at com.mongodb.DBCollection.ensureIndex(DBCollection.java:444)
	at com.mongodb.DBCollection.ensureIndex(DBCollection.java:392)
	at net.ion.radon.repository.Workspace.createWorkspace(Workspace.java:64)
	at net.ion.radon.repository.Workspace.load(Workspace.java:43)
	at net.ion.radon.repository.Repository.getWorkspace(Repository.java:28)
	at net.ion.radon.repository.LocalSession.getCurrentWorkspace(LocalSession.java:147)
	at net.ion.radon.repository.LocalSession.dropWorkspace(LocalSession.java:76)
	at net.ion.radon.repository.TestBaseRepository.setUp(TestBaseRepository.java:17)
Caused by: java.io.IOException: couldn&apos;t connect to [/61.250.201.78:27017] bc:java.net.ConnectException: Connection timed out: connect
	at com.mongodb.DBPort._open(DBPort.java:224)
	at com.mongodb.DBPort.go(DBPort.java:101)
	at com.mongodb.DBPort.go(DBPort.java:82)
	at com.mongodb.DBPort.say(DBPort.java:77)
	at com.mongodb.DBTCPConnector.say(DBTCPConnector.java:146)
</error>
  </testcase>
  <testcase classname="net.ion.radon.repository.TestMergeNode" name="testNotOverwriteAgePropertyButNotExist" time="62.969">
    <error message="can&apos;t say something" type="com.mongodb.MongoException$Network">com.mongodb.MongoException$Network: can&apos;t say something
	at com.mongodb.DBTCPConnector.say(DBTCPConnector.java:159)
	at com.mongodb.DBTCPConnector.say(DBTCPConnector.java:132)
	at com.mongodb.DBApiLayer$MyCollection.insert(DBApiLayer.java:262)
	at com.mongodb.DBApiLayer$MyCollection.createIndex(DBApiLayer.java:354)
	at com.mongodb.DBCollection.ensureIndex(DBCollection.java:444)
	at com.mongodb.DBCollection.ensureIndex(DBCollection.java:392)
	at net.ion.radon.repository.Workspace.createWorkspace(Workspace.java:64)
	at net.ion.radon.repository.Workspace.load(Workspace.java:43)
	at net.ion.radon.repository.Repository.getWorkspace(Repository.java:28)
	at net.ion.radon.repository.LocalSession.getCurrentWorkspace(LocalSession.java:147)
	at net.ion.radon.repository.LocalSession.dropWorkspace(LocalSession.java:76)
	at net.ion.radon.repository.TestBaseRepository.setUp(TestBaseRepository.java:17)
Caused by: java.io.IOException: couldn&apos;t connect to [/61.250.201.78:27017] bc:java.net.ConnectException: Connection timed out: connect
	at com.mongodb.DBPort._open(DBPort.java:224)
	at com.mongodb.DBPort.go(DBPort.java:101)
	at com.mongodb.DBPort.go(DBPort.java:82)
	at com.mongodb.DBPort.say(DBPort.java:77)
	at com.mongodb.DBTCPConnector.say(DBTCPConnector.java:146)
</error>
  </testcase>
  <testcase classname="net.ion.radon.repository.TestMergeNode" name="testRelation" time="63.171">
    <error message="can&apos;t say something" type="com.mongodb.MongoException$Network">com.mongodb.MongoException$Network: can&apos;t say something
	at com.mongodb.DBTCPConnector.say(DBTCPConnector.java:159)
	at com.mongodb.DBTCPConnector.say(DBTCPConnector.java:132)
	at com.mongodb.DBApiLayer$MyCollection.insert(DBApiLayer.java:262)
	at com.mongodb.DBApiLayer$MyCollection.createIndex(DBApiLayer.java:354)
	at com.mongodb.DBCollection.ensureIndex(DBCollection.java:444)
	at com.mongodb.DBCollection.ensureIndex(DBCollection.java:392)
	at net.ion.radon.repository.Workspace.createWorkspace(Workspace.java:64)
	at net.ion.radon.repository.Workspace.load(Workspace.java:43)
	at net.ion.radon.repository.Repository.getWorkspace(Repository.java:28)
	at net.ion.radon.repository.LocalSession.getCurrentWorkspace(LocalSession.java:147)
	at net.ion.radon.repository.LocalSession.dropWorkspace(LocalSession.java:76)
	at net.ion.radon.repository.TestBaseRepository.setUp(TestBaseRepository.java:17)
Caused by: java.io.IOException: couldn&apos;t connect to [/61.250.201.78:27017] bc:java.net.ConnectException: Connection timed out: connect
	at com.mongodb.DBPort._open(DBPort.java:224)
	at com.mongodb.DBPort.go(DBPort.java:101)
	at com.mongodb.DBPort.go(DBPort.java:82)
	at com.mongodb.DBPort.say(DBPort.java:77)
	at com.mongodb.DBTCPConnector.say(DBTCPConnector.java:146)
</error>
  </testcase>
  <testcase classname="net.ion.radon.repository.TestToMap" name="testGet" time="63.157">
    <error message="can&apos;t say something" type="com.mongodb.MongoException$Network">com.mongodb.MongoException$Network: can&apos;t say something
	at com.mongodb.DBTCPConnector.say(DBTCPConnector.java:159)
	at com.mongodb.DBTCPConnector.say(DBTCPConnector.java:132)
	at com.mongodb.DBApiLayer$MyCollection.insert(DBApiLayer.java:262)
	at com.mongodb.DBApiLayer$MyCollection.createIndex(DBApiLayer.java:354)
	at com.mongodb.DBCollection.ensureIndex(DBCollection.java:444)
	at com.mongodb.DBCollection.ensureIndex(DBCollection.java:392)
	at net.ion.radon.repository.Workspace.createWorkspace(Workspace.java:64)
	at net.ion.radon.repository.Workspace.load(Workspace.java:43)
	at net.ion.radon.repository.Repository.getWorkspace(Repository.java:28)
	at net.ion.radon.repository.LocalSession.getCurrentWorkspace(LocalSession.java:147)
	at net.ion.radon.repository.LocalSession.dropWorkspace(LocalSession.java:76)
	at net.ion.radon.repository.TestBaseRepository.setUp(TestBaseRepository.java:17)
Caused by: java.io.IOException: couldn&apos;t connect to [/61.250.201.78:27017] bc:java.net.ConnectException: Connection timed out: connect
	at com.mongodb.DBPort._open(DBPort.java:224)
	at com.mongodb.DBPort.go(DBPort.java:101)
	at com.mongodb.DBPort.go(DBPort.java:82)
	at com.mongodb.DBPort.say(DBPort.java:77)
	at com.mongodb.DBTCPConnector.say(DBTCPConnector.java:146)
</error>
  </testcase>
  <testcase classname="net.ion.radon.repository.TestToMap" name="testInnerClass" time="62.968">
    <error message="can&apos;t say something" type="com.mongodb.MongoException$Network">com.mongodb.MongoException$Network: can&apos;t say something
	at com.mongodb.DBTCPConnector.say(DBTCPConnector.java:159)
	at com.mongodb.DBTCPConnector.say(DBTCPConnector.java:132)
	at com.mongodb.DBApiLayer$MyCollection.insert(DBApiLayer.java:262)
	at com.mongodb.DBApiLayer$MyCollection.createIndex(DBApiLayer.java:354)
	at com.mongodb.DBCollection.ensureIndex(DBCollection.java:444)
	at com.mongodb.DBCollection.ensureIndex(DBCollection.java:392)
	at net.ion.radon.repository.Workspace.createWorkspace(Workspace.java:64)
	at net.ion.radon.repository.Workspace.load(Workspace.java:43)
	at net.ion.radon.repository.Repository.getWorkspace(Repository.java:28)
	at net.ion.radon.repository.LocalSession.getCurrentWorkspace(LocalSession.java:147)
	at net.ion.radon.repository.LocalSession.dropWorkspace(LocalSession.java:76)
	at net.ion.radon.repository.TestBaseRepository.setUp(TestBaseRepository.java:17)
Caused by: java.io.IOException: couldn&apos;t connect to [/61.250.201.78:27017] bc:java.net.ConnectException: Connection timed out: connect
	at com.mongodb.DBPort._open(DBPort.java:224)
	at com.mongodb.DBPort.go(DBPort.java:101)
	at com.mongodb.DBPort.go(DBPort.java:82)
	at com.mongodb.DBPort.say(DBPort.java:77)
	at com.mongodb.DBTCPConnector.say(DBTCPConnector.java:146)
</error>
  </testcase>
  <testcase classname="net.ion.radon.repository.TestToMap" name="testTempInner" time="63.079">
    <error message="can&apos;t say something" type="com.mongodb.MongoException$Network">com.mongodb.MongoException$Network: can&apos;t say something
	at com.mongodb.DBTCPConnector.say(DBTCPConnector.java:159)
	at com.mongodb.DBTCPConnector.say(DBTCPConnector.java:132)
	at com.mongodb.DBApiLayer$MyCollection.insert(DBApiLayer.java:262)
	at com.mongodb.DBApiLayer$MyCollection.createIndex(DBApiLayer.java:354)
	at com.mongodb.DBCollection.ensureIndex(DBCollection.java:444)
	at com.mongodb.DBCollection.ensureIndex(DBCollection.java:392)
	at net.ion.radon.repository.Workspace.createWorkspace(Workspace.java:64)
	at net.ion.radon.repository.Workspace.load(Workspace.java:43)
	at net.ion.radon.repository.Repository.getWorkspace(Repository.java:28)
	at net.ion.radon.repository.LocalSession.getCurrentWorkspace(LocalSession.java:147)
	at net.ion.radon.repository.LocalSession.dropWorkspace(LocalSession.java:76)
	at net.ion.radon.repository.TestBaseRepository.setUp(TestBaseRepository.java:17)
Caused by: java.io.IOException: couldn&apos;t connect to [/61.250.201.78:27017] bc:java.net.ConnectException: Connection timed out: connect
	at com.mongodb.DBPort._open(DBPort.java:224)
	at com.mongodb.DBPort.go(DBPort.java:101)
	at com.mongodb.DBPort.go(DBPort.java:82)
	at com.mongodb.DBPort.say(DBPort.java:77)
	at com.mongodb.DBTCPConnector.say(DBTCPConnector.java:146)
</error>
  </testcase>
  <testcase classname="net.ion.radon.repository.TestToMap" name="testInList" time="63.265">
    <error message="can&apos;t say something" type="com.mongodb.MongoException$Network">com.mongodb.MongoException$Network: can&apos;t say something
	at com.mongodb.DBTCPConnector.say(DBTCPConnector.java:159)
	at com.mongodb.DBTCPConnector.say(DBTCPConnector.java:132)
	at com.mongodb.DBApiLayer$MyCollection.insert(DBApiLayer.java:262)
	at com.mongodb.DBApiLayer$MyCollection.createIndex(DBApiLayer.java:354)
	at com.mongodb.DBCollection.ensureIndex(DBCollection.java:444)
	at com.mongodb.DBCollection.ensureIndex(DBCollection.java:392)
	at net.ion.radon.repository.Workspace.createWorkspace(Workspace.java:64)
	at net.ion.radon.repository.Workspace.load(Workspace.java:43)
	at net.ion.radon.repository.Repository.getWorkspace(Repository.java:28)
	at net.ion.radon.repository.LocalSession.getCurrentWorkspace(LocalSession.java:147)
	at net.ion.radon.repository.LocalSession.dropWorkspace(LocalSession.java:76)
	at net.ion.radon.repository.TestBaseRepository.setUp(TestBaseRepository.java:17)
Caused by: java.io.IOException: couldn&apos;t connect to [/61.250.201.78:27017] bc:java.net.ConnectException: Connection timed out: connect
	at com.mongodb.DBPort._open(DBPort.java:224)
	at com.mongodb.DBPort.go(DBPort.java:101)
	at com.mongodb.DBPort.go(DBPort.java:82)
	at com.mongodb.DBPort.say(DBPort.java:77)
	at com.mongodb.DBTCPConnector.say(DBTCPConnector.java:146)
</error>
  </testcase>
  <testcase classname="net.ion.radon.repository.TestAppend" name="testAppend" time="63.156">
    <error message="can&apos;t say something" type="com.mongodb.MongoException$Network">com.mongodb.MongoException$Network: can&apos;t say something
	at com.mongodb.DBTCPConnector.say(DBTCPConnector.java:159)
	at com.mongodb.DBTCPConnector.say(DBTCPConnector.java:132)
	at com.mongodb.DBApiLayer$MyCollection.insert(DBApiLayer.java:262)
	at com.mongodb.DBApiLayer$MyCollection.createIndex(DBApiLayer.java:354)
	at com.mongodb.DBCollection.ensureIndex(DBCollection.java:444)
	at com.mongodb.DBCollection.ensureIndex(DBCollection.java:392)
	at net.ion.radon.repository.Workspace.createWorkspace(Workspace.java:64)
	at net.ion.radon.repository.Workspace.load(Workspace.java:43)
	at net.ion.radon.repository.Repository.getWorkspace(Repository.java:28)
	at net.ion.radon.repository.LocalSession.getCurrentWorkspace(LocalSession.java:147)
	at net.ion.radon.repository.LocalSession.dropWorkspace(LocalSession.java:76)
	at net.ion.radon.repository.TestBaseRepository.setUp(TestBaseRepository.java:17)
Caused by: java.io.IOException: couldn&apos;t connect to [/61.250.201.78:27017] bc:java.net.ConnectException: Connection timed out: connect
	at com.mongodb.DBPort._open(DBPort.java:224)
	at com.mongodb.DBPort.go(DBPort.java:101)
	at com.mongodb.DBPort.go(DBPort.java:82)
	at com.mongodb.DBPort.say(DBPort.java:77)
	at com.mongodb.DBTCPConnector.say(DBTCPConnector.java:146)
</error>
  </testcase>
  <testcase classname="net.ion.radon.repository.TestParticialNode" name="testWithColumns" time="63.079">
    <error message="can&apos;t say something" type="com.mongodb.MongoException$Network">com.mongodb.MongoException$Network: can&apos;t say something
	at com.mongodb.DBTCPConnector.say(DBTCPConnector.java:159)
	at com.mongodb.DBTCPConnector.say(DBTCPConnector.java:132)
	at com.mongodb.DBApiLayer$MyCollection.insert(DBApiLayer.java:262)
	at com.mongodb.DBApiLayer$MyCollection.createIndex(DBApiLayer.java:354)
	at com.mongodb.DBCollection.ensureIndex(DBCollection.java:444)
	at com.mongodb.DBCollection.ensureIndex(DBCollection.java:392)
	at net.ion.radon.repository.Workspace.createWorkspace(Workspace.java:64)
	at net.ion.radon.repository.Workspace.load(Workspace.java:43)
	at net.ion.radon.repository.Repository.getWorkspace(Repository.java:28)
	at net.ion.radon.repository.LocalSession.getCurrentWorkspace(LocalSession.java:147)
	at net.ion.radon.repository.LocalSession.dropWorkspace(LocalSession.java:76)
	at net.ion.radon.repository.TestBaseRepository.setUp(TestBaseRepository.java:17)
Caused by: java.io.IOException: couldn&apos;t connect to [/61.250.201.78:27017] bc:java.net.ConnectException: Connection timed out: connect
	at com.mongodb.DBPort._open(DBPort.java:224)
	at com.mongodb.DBPort.go(DBPort.java:101)
	at com.mongodb.DBPort.go(DBPort.java:82)
	at com.mongodb.DBPort.say(DBPort.java:77)
	at com.mongodb.DBTCPConnector.say(DBTCPConnector.java:146)
</error>
  </testcase>
  <testcase classname="net.ion.radon.repository.TestParticialNode" name="testPush" time="63.265">
    <error message="can&apos;t say something" type="com.mongodb.MongoException$Network">com.mongodb.MongoException$Network: can&apos;t say something
	at com.mongodb.DBTCPConnector.say(DBTCPConnector.java:159)
	at com.mongodb.DBTCPConnector.say(DBTCPConnector.java:132)
	at com.mongodb.DBApiLayer$MyCollection.insert(DBApiLayer.java:262)
	at com.mongodb.DBApiLayer$MyCollection.createIndex(DBApiLayer.java:354)
	at com.mongodb.DBCollection.ensureIndex(DBCollection.java:444)
	at com.mongodb.DBCollection.ensureIndex(DBCollection.java:392)
	at net.ion.radon.repository.Workspace.createWorkspace(Workspace.java:64)
	at net.ion.radon.repository.Workspace.load(Workspace.java:43)
	at net.ion.radon.repository.Repository.getWorkspace(Repository.java:28)
	at net.ion.radon.repository.LocalSession.getCurrentWorkspace(LocalSession.java:147)
	at net.ion.radon.repository.LocalSession.dropWorkspace(LocalSession.java:76)
	at net.ion.radon.repository.TestBaseRepository.setUp(TestBaseRepository.java:17)
Caused by: java.io.IOException: couldn&apos;t connect to [/61.250.201.78:27017] bc:java.net.ConnectException: Connection timed out: connect
	at com.mongodb.DBPort._open(DBPort.java:224)
	at com.mongodb.DBPort.go(DBPort.java:101)
	at com.mongodb.DBPort.go(DBPort.java:82)
	at com.mongodb.DBPort.say(DBPort.java:77)
	at com.mongodb.DBTCPConnector.say(DBTCPConnector.java:146)
</error>
  </testcase>
  <testcase classname="net.ion.radon.repository.TestNodeCursor" name="testSelectAll" time="63.172">
    <error message="can&apos;t say something" type="com.mongodb.MongoException$Network">com.mongodb.MongoException$Network: can&apos;t say something
	at com.mongodb.DBTCPConnector.say(DBTCPConnector.java:159)
	at com.mongodb.DBTCPConnector.say(DBTCPConnector.java:132)
	at com.mongodb.DBApiLayer$MyCollection.insert(DBApiLayer.java:262)
	at com.mongodb.DBApiLayer$MyCollection.createIndex(DBApiLayer.java:354)
	at com.mongodb.DBCollection.ensureIndex(DBCollection.java:444)
	at com.mongodb.DBCollection.ensureIndex(DBCollection.java:392)
	at net.ion.radon.repository.Workspace.createWorkspace(Workspace.java:64)
	at net.ion.radon.repository.Workspace.load(Workspace.java:43)
	at net.ion.radon.repository.Repository.getWorkspace(Repository.java:28)
	at net.ion.radon.repository.LocalSession.getCurrentWorkspace(LocalSession.java:147)
	at net.ion.radon.repository.LocalSession.dropWorkspace(LocalSession.java:76)
	at net.ion.radon.repository.TestBaseRepository.setUp(TestBaseRepository.java:17)
	at net.ion.radon.repository.TestNodeCursor.setUp(TestNodeCursor.java:15)
Caused by: java.io.IOException: couldn&apos;t connect to [/61.250.201.78:27017] bc:java.net.ConnectException: Connection timed out: connect
	at com.mongodb.DBPort._open(DBPort.java:224)
	at com.mongodb.DBPort.go(DBPort.java:101)
	at com.mongodb.DBPort.go(DBPort.java:82)
	at com.mongodb.DBPort.say(DBPort.java:77)
	at com.mongodb.DBTCPConnector.say(DBTCPConnector.java:146)
</error>
  </testcase>
  <testcase classname="net.ion.radon.repository.TestNodeCursor" name="testPaging" time="63.266">
    <error message="can&apos;t say something" type="com.mongodb.MongoException$Network">com.mongodb.MongoException$Network: can&apos;t say something
	at com.mongodb.DBTCPConnector.say(DBTCPConnector.java:159)
	at com.mongodb.DBTCPConnector.say(DBTCPConnector.java:132)
	at com.mongodb.DBApiLayer$MyCollection.insert(DBApiLayer.java:262)
	at com.mongodb.DBApiLayer$MyCollection.createIndex(DBApiLayer.java:354)
	at com.mongodb.DBCollection.ensureIndex(DBCollection.java:444)
	at com.mongodb.DBCollection.ensureIndex(DBCollection.java:392)
	at net.ion.radon.repository.Workspace.createWorkspace(Workspace.java:64)
	at net.ion.radon.repository.Workspace.load(Workspace.java:43)
	at net.ion.radon.repository.Repository.getWorkspace(Repository.java:28)
	at net.ion.radon.repository.LocalSession.getCurrentWorkspace(LocalSession.java:147)
	at net.ion.radon.repository.LocalSession.dropWorkspace(LocalSession.java:76)
	at net.ion.radon.repository.TestBaseRepository.setUp(TestBaseRepository.java:17)
	at net.ion.radon.repository.TestNodeCursor.setUp(TestNodeCursor.java:15)
Caused by: java.io.IOException: couldn&apos;t connect to [/61.250.201.78:27017] bc:java.net.ConnectException: Connection timed out: connect
	at com.mongodb.DBPort._open(DBPort.java:224)
	at com.mongodb.DBPort.go(DBPort.java:101)
	at com.mongodb.DBPort.go(DBPort.java:82)
	at com.mongodb.DBPort.say(DBPort.java:77)
	at com.mongodb.DBTCPConnector.say(DBTCPConnector.java:146)
</error>
  </testcase>
  <testcase classname="net.ion.radon.repository.TestNodeCursor" name="testSort" time="63.375">
    <error message="can&apos;t say something" type="com.mongodb.MongoException$Network">com.mongodb.MongoException$Network: can&apos;t say something
	at com.mongodb.DBTCPConnector.say(DBTCPConnector.java:159)
	at com.mongodb.DBTCPConnector.say(DBTCPConnector.java:132)
	at com.mongodb.DBApiLayer$MyCollection.insert(DBApiLayer.java:262)
	at com.mongodb.DBApiLayer$MyCollection.createIndex(DBApiLayer.java:354)
	at com.mongodb.DBCollection.ensureIndex(DBCollection.java:444)
	at com.mongodb.DBCollection.ensureIndex(DBCollection.java:392)
	at net.ion.radon.repository.Workspace.createWorkspace(Workspace.java:64)
	at net.ion.radon.repository.Workspace.load(Workspace.java:43)
	at net.ion.radon.repository.Repository.getWorkspace(Repository.java:28)
	at net.ion.radon.repository.LocalSession.getCurrentWorkspace(LocalSession.java:147)
	at net.ion.radon.repository.LocalSession.dropWorkspace(LocalSession.java:76)
	at net.ion.radon.repository.TestBaseRepository.setUp(TestBaseRepository.java:17)
	at net.ion.radon.repository.TestNodeCursor.setUp(TestNodeCursor.java:15)
Caused by: java.io.IOException: couldn&apos;t connect to [/61.250.201.78:27017] bc:java.net.ConnectException: Connection timed out: connect
	at com.mongodb.DBPort._open(DBPort.java:224)
	at com.mongodb.DBPort.go(DBPort.java:101)
	at com.mongodb.DBPort.go(DBPort.java:82)
	at com.mongodb.DBPort.say(DBPort.java:77)
	at com.mongodb.DBTCPConnector.say(DBTCPConnector.java:146)
</error>
  </testcase>
  <testcase classname="net.ion.radon.repository.TestNodeCursor" name="testEach" time="63.468">
    <error message="can&apos;t say something" type="com.mongodb.MongoException$Network">com.mongodb.MongoException$Network: can&apos;t say something
	at com.mongodb.DBTCPConnector.say(DBTCPConnector.java:159)
	at com.mongodb.DBTCPConnector.say(DBTCPConnector.java:132)
	at com.mongodb.DBApiLayer$MyCollection.insert(DBApiLayer.java:262)
	at com.mongodb.DBApiLayer$MyCollection.createIndex(DBApiLayer.java:354)
	at com.mongodb.DBCollection.ensureIndex(DBCollection.java:444)
	at com.mongodb.DBCollection.ensureIndex(DBCollection.java:392)
	at net.ion.radon.repository.Workspace.createWorkspace(Workspace.java:64)
	at net.ion.radon.repository.Workspace.load(Workspace.java:43)
	at net.ion.radon.repository.Repository.getWorkspace(Repository.java:28)
	at net.ion.radon.repository.LocalSession.getCurrentWorkspace(LocalSession.java:147)
	at net.ion.radon.repository.LocalSession.dropWorkspace(LocalSession.java:76)
	at net.ion.radon.repository.TestBaseRepository.setUp(TestBaseRepository.java:17)
	at net.ion.radon.repository.TestNodeCursor.setUp(TestNodeCursor.java:15)
Caused by: java.io.IOException: couldn&apos;t connect to [/61.250.201.78:27017] bc:java.net.ConnectException: Connection timed out: connect
	at com.mongodb.DBPort._open(DBPort.java:224)
	at com.mongodb.DBPort.go(DBPort.java:101)
	at com.mongodb.DBPort.go(DBPort.java:82)
	at com.mongodb.DBPort.say(DBPort.java:77)
	at com.mongodb.DBTCPConnector.say(DBTCPConnector.java:146)
</error>
  </testcase>
  <testcase classname="net.ion.radon.repository.TestNodeCursor" name="testDebugPrint" time="63.36">
    <error message="can&apos;t say something" type="com.mongodb.MongoException$Network">com.mongodb.MongoException$Network: can&apos;t say something
	at com.mongodb.DBTCPConnector.say(DBTCPConnector.java:159)
	at com.mongodb.DBTCPConnector.say(DBTCPConnector.java:132)
	at com.mongodb.DBApiLayer$MyCollection.insert(DBApiLayer.java:262)
	at com.mongodb.DBApiLayer$MyCollection.createIndex(DBApiLayer.java:354)
	at com.mongodb.DBCollection.ensureIndex(DBCollection.java:444)
	at com.mongodb.DBCollection.ensureIndex(DBCollection.java:392)
	at net.ion.radon.repository.Workspace.createWorkspace(Workspace.java:64)
	at net.ion.radon.repository.Workspace.load(Workspace.java:43)
	at net.ion.radon.repository.Repository.getWorkspace(Repository.java:28)
	at net.ion.radon.repository.LocalSession.getCurrentWorkspace(LocalSession.java:147)
	at net.ion.radon.repository.LocalSession.dropWorkspace(LocalSession.java:76)
	at net.ion.radon.repository.TestBaseRepository.setUp(TestBaseRepository.java:17)
	at net.ion.radon.repository.TestNodeCursor.setUp(TestNodeCursor.java:15)
Caused by: java.io.IOException: couldn&apos;t connect to [/61.250.201.78:27017] bc:java.net.ConnectException: Connection timed out: connect
	at com.mongodb.DBPort._open(DBPort.java:224)
	at com.mongodb.DBPort.go(DBPort.java:101)
	at com.mongodb.DBPort.go(DBPort.java:82)
	at com.mongodb.DBPort.say(DBPort.java:77)
	at com.mongodb.DBTCPConnector.say(DBTCPConnector.java:146)
</error>
  </testcase>
  <testcase classname="net.ion.radon.repository.TestNodeCursor" name="testScreen" time="63.172">
    <error message="can&apos;t say something" type="com.mongodb.MongoException$Network">com.mongodb.MongoException$Network: can&apos;t say something
	at com.mongodb.DBTCPConnector.say(DBTCPConnector.java:159)
	at com.mongodb.DBTCPConnector.say(DBTCPConnector.java:132)
	at com.mongodb.DBApiLayer$MyCollection.insert(DBApiLayer.java:262)
	at com.mongodb.DBApiLayer$MyCollection.createIndex(DBApiLayer.java:354)
	at com.mongodb.DBCollection.ensureIndex(DBCollection.java:444)
	at com.mongodb.DBCollection.ensureIndex(DBCollection.java:392)
	at net.ion.radon.repository.Workspace.createWorkspace(Workspace.java:64)
	at net.ion.radon.repository.Workspace.load(Workspace.java:43)
	at net.ion.radon.repository.Repository.getWorkspace(Repository.java:28)
	at net.ion.radon.repository.LocalSession.getCurrentWorkspace(LocalSession.java:147)
	at net.ion.radon.repository.LocalSession.dropWorkspace(LocalSession.java:76)
	at net.ion.radon.repository.TestBaseRepository.setUp(TestBaseRepository.java:17)
	at net.ion.radon.repository.TestNodeCursor.setUp(TestNodeCursor.java:15)
Caused by: java.io.IOException: couldn&apos;t connect to [/61.250.201.78:27017] bc:java.net.ConnectException: Connection timed out: connect
	at com.mongodb.DBPort._open(DBPort.java:224)
	at com.mongodb.DBPort.go(DBPort.java:101)
	at com.mongodb.DBPort.go(DBPort.java:82)
	at com.mongodb.DBPort.say(DBPort.java:77)
	at com.mongodb.DBTCPConnector.say(DBTCPConnector.java:146)
</error>
  </testcase>
  <testcase classname="net.ion.radon.repository.TestAdvanceNode" name="testCompare" time="63.157">
    <error message="can&apos;t say something" type="com.mongodb.MongoException$Network">com.mongodb.MongoException$Network: can&apos;t say something
	at com.mongodb.DBTCPConnector.say(DBTCPConnector.java:159)
	at com.mongodb.DBTCPConnector.say(DBTCPConnector.java:132)
	at com.mongodb.DBApiLayer$MyCollection.insert(DBApiLayer.java:262)
	at com.mongodb.DBApiLayer$MyCollection.createIndex(DBApiLayer.java:354)
	at com.mongodb.DBCollection.ensureIndex(DBCollection.java:444)
	at com.mongodb.DBCollection.ensureIndex(DBCollection.java:392)
	at net.ion.radon.repository.Workspace.createWorkspace(Workspace.java:64)
	at net.ion.radon.repository.Workspace.load(Workspace.java:43)
	at net.ion.radon.repository.Repository.getWorkspace(Repository.java:28)
	at net.ion.radon.repository.LocalSession.getCurrentWorkspace(LocalSession.java:147)
	at net.ion.radon.repository.LocalSession.dropWorkspace(LocalSession.java:76)
	at net.ion.radon.repository.TestBaseRepository.setUp(TestBaseRepository.java:17)
	at net.ion.radon.repository.TestAdvanceNode.setUp(TestAdvanceNode.java:14)
Caused by: java.io.IOException: couldn&apos;t connect to [/61.250.201.78:27017] bc:java.net.ConnectException: Connection timed out: connect
	at com.mongodb.DBPort._open(DBPort.java:224)
	at com.mongodb.DBPort.go(DBPort.java:101)
	at com.mongodb.DBPort.go(DBPort.java:82)
	at com.mongodb.DBPort.say(DBPort.java:77)
	at com.mongodb.DBTCPConnector.say(DBTCPConnector.java:146)
</error>
  </testcase>
  <testcase classname="net.ion.radon.repository.TestAdvanceNode" name="testTwoCompare" time="63.468">
    <error message="can&apos;t say something" type="com.mongodb.MongoException$Network">com.mongodb.MongoException$Network: can&apos;t say something
	at com.mongodb.DBTCPConnector.say(DBTCPConnector.java:159)
	at com.mongodb.DBTCPConnector.say(DBTCPConnector.java:132)
	at com.mongodb.DBApiLayer$MyCollection.insert(DBApiLayer.java:262)
	at com.mongodb.DBApiLayer$MyCollection.createIndex(DBApiLayer.java:354)
	at com.mongodb.DBCollection.ensureIndex(DBCollection.java:444)
	at com.mongodb.DBCollection.ensureIndex(DBCollection.java:392)
	at net.ion.radon.repository.Workspace.createWorkspace(Workspace.java:64)
	at net.ion.radon.repository.Workspace.load(Workspace.java:43)
	at net.ion.radon.repository.Repository.getWorkspace(Repository.java:28)
	at net.ion.radon.repository.LocalSession.getCurrentWorkspace(LocalSession.java:147)
	at net.ion.radon.repository.LocalSession.dropWorkspace(LocalSession.java:76)
	at net.ion.radon.repository.TestBaseRepository.setUp(TestBaseRepository.java:17)
	at net.ion.radon.repository.TestAdvanceNode.setUp(TestAdvanceNode.java:14)
Caused by: java.io.IOException: couldn&apos;t connect to [/61.250.201.78:27017] bc:java.net.ConnectException: Connection timed out: connect
	at com.mongodb.DBPort._open(DBPort.java:224)
	at com.mongodb.DBPort.go(DBPort.java:101)
	at com.mongodb.DBPort.go(DBPort.java:82)
	at com.mongodb.DBPort.say(DBPort.java:77)
	at com.mongodb.DBTCPConnector.say(DBTCPConnector.java:146)
</error>
  </testcase>
  <testcase classname="net.ion.radon.repository.TestAdvanceNode" name="testListCompare" time="63.266">
    <error message="can&apos;t say something" type="com.mongodb.MongoException$Network">com.mongodb.MongoException$Network: can&apos;t say something
	at com.mongodb.DBTCPConnector.say(DBTCPConnector.java:159)
	at com.mongodb.DBTCPConnector.say(DBTCPConnector.java:132)
	at com.mongodb.DBApiLayer$MyCollection.insert(DBApiLayer.java:262)
	at com.mongodb.DBApiLayer$MyCollection.createIndex(DBApiLayer.java:354)
	at com.mongodb.DBCollection.ensureIndex(DBCollection.java:444)
	at com.mongodb.DBCollection.ensureIndex(DBCollection.java:392)
	at net.ion.radon.repository.Workspace.createWorkspace(Workspace.java:64)
	at net.ion.radon.repository.Workspace.load(Workspace.java:43)
	at net.ion.radon.repository.Repository.getWorkspace(Repository.java:28)
	at net.ion.radon.repository.LocalSession.getCurrentWorkspace(LocalSession.java:147)
	at net.ion.radon.repository.LocalSession.dropWorkspace(LocalSession.java:76)
	at net.ion.radon.repository.TestBaseRepository.setUp(TestBaseRepository.java:17)
	at net.ion.radon.repository.TestAdvanceNode.setUp(TestAdvanceNode.java:14)
Caused by: java.io.IOException: couldn&apos;t connect to [/61.250.201.78:27017] bc:java.net.ConnectException: Connection timed out: connect
	at com.mongodb.DBPort._open(DBPort.java:224)
	at com.mongodb.DBPort.go(DBPort.java:101)
	at com.mongodb.DBPort.go(DBPort.java:82)
	at com.mongodb.DBPort.say(DBPort.java:77)
	at com.mongodb.DBTCPConnector.say(DBTCPConnector.java:146)
</error>
  </testcase>
  <testcase classname="net.ion.radon.repository.TestAdvanceNode" name="testInListCompare" time="62.969">
    <error message="can&apos;t say something" type="com.mongodb.MongoException$Network">com.mongodb.MongoException$Network: can&apos;t say something
	at com.mongodb.DBTCPConnector.say(DBTCPConnector.java:159)
	at com.mongodb.DBTCPConnector.say(DBTCPConnector.java:132)
	at com.mongodb.DBApiLayer$MyCollection.insert(DBApiLayer.java:262)
	at com.mongodb.DBApiLayer$MyCollection.createIndex(DBApiLayer.java:354)
	at com.mongodb.DBCollection.ensureIndex(DBCollection.java:444)
	at com.mongodb.DBCollection.ensureIndex(DBCollection.java:392)
	at net.ion.radon.repository.Workspace.createWorkspace(Workspace.java:64)
	at net.ion.radon.repository.Workspace.load(Workspace.java:43)
	at net.ion.radon.repository.Repository.getWorkspace(Repository.java:28)
	at net.ion.radon.repository.LocalSession.getCurrentWorkspace(LocalSession.java:147)
	at net.ion.radon.repository.LocalSession.dropWorkspace(LocalSession.java:76)
	at net.ion.radon.repository.TestBaseRepository.setUp(TestBaseRepository.java:17)
	at net.ion.radon.repository.TestAdvanceNode.setUp(TestAdvanceNode.java:14)
Caused by: java.io.IOException: couldn&apos;t connect to [/61.250.201.78:27017] bc:java.net.ConnectException: Connection timed out: connect
	at com.mongodb.DBPort._open(DBPort.java:224)
	at com.mongodb.DBPort.go(DBPort.java:101)
	at com.mongodb.DBPort.go(DBPort.java:82)
	at com.mongodb.DBPort.say(DBPort.java:77)
	at com.mongodb.DBTCPConnector.say(DBTCPConnector.java:146)
</error>
  </testcase>
  <testcase classname="net.ion.radon.repository.TestAdvanceNode" name="testEncrypt" time="63.468">
    <error message="can&apos;t say something" type="com.mongodb.MongoException$Network">com.mongodb.MongoException$Network: can&apos;t say something
	at com.mongodb.DBTCPConnector.say(DBTCPConnector.java:159)
	at com.mongodb.DBTCPConnector.say(DBTCPConnector.java:132)
	at com.mongodb.DBApiLayer$MyCollection.insert(DBApiLayer.java:262)
	at com.mongodb.DBApiLayer$MyCollection.createIndex(DBApiLayer.java:354)
	at com.mongodb.DBCollection.ensureIndex(DBCollection.java:444)
	at com.mongodb.DBCollection.ensureIndex(DBCollection.java:392)
	at net.ion.radon.repository.Workspace.createWorkspace(Workspace.java:64)
	at net.ion.radon.repository.Workspace.load(Workspace.java:43)
	at net.ion.radon.repository.Repository.getWorkspace(Repository.java:28)
	at net.ion.radon.repository.LocalSession.getCurrentWorkspace(LocalSession.java:147)
	at net.ion.radon.repository.LocalSession.dropWorkspace(LocalSession.java:76)
	at net.ion.radon.repository.TestBaseRepository.setUp(TestBaseRepository.java:17)
	at net.ion.radon.repository.TestAdvanceNode.setUp(TestAdvanceNode.java:14)
Caused by: java.io.IOException: couldn&apos;t connect to [/61.250.201.78:27017] bc:java.net.ConnectException: Connection timed out: connect
	at com.mongodb.DBPort._open(DBPort.java:224)
	at com.mongodb.DBPort.go(DBPort.java:101)
	at com.mongodb.DBPort.go(DBPort.java:82)
	at com.mongodb.DBPort.say(DBPort.java:77)
	at com.mongodb.DBTCPConnector.say(DBTCPConnector.java:146)
</error>
  </testcase>
  <testcase classname="net.ion.radon.repository.TestAdvanceNode" name="testIncrease" time="63.469">
    <error message="can&apos;t say something" type="com.mongodb.MongoException$Network">com.mongodb.MongoException$Network: can&apos;t say something
	at com.mongodb.DBTCPConnector.say(DBTCPConnector.java:159)
	at com.mongodb.DBTCPConnector.say(DBTCPConnector.java:132)
	at com.mongodb.DBApiLayer$MyCollection.insert(DBApiLayer.java:262)
	at com.mongodb.DBApiLayer$MyCollection.createIndex(DBApiLayer.java:354)
	at com.mongodb.DBCollection.ensureIndex(DBCollection.java:444)
	at com.mongodb.DBCollection.ensureIndex(DBCollection.java:392)
	at net.ion.radon.repository.Workspace.createWorkspace(Workspace.java:64)
	at net.ion.radon.repository.Workspace.load(Workspace.java:43)
	at net.ion.radon.repository.Repository.getWorkspace(Repository.java:28)
	at net.ion.radon.repository.LocalSession.getCurrentWorkspace(LocalSession.java:147)
	at net.ion.radon.repository.LocalSession.dropWorkspace(LocalSession.java:76)
	at net.ion.radon.repository.TestBaseRepository.setUp(TestBaseRepository.java:17)
	at net.ion.radon.repository.TestAdvanceNode.setUp(TestAdvanceNode.java:14)
Caused by: java.io.IOException: couldn&apos;t connect to [/61.250.201.78:27017] bc:java.net.ConnectException: Connection timed out: connect
	at com.mongodb.DBPort._open(DBPort.java:224)
	at com.mongodb.DBPort.go(DBPort.java:101)
	at com.mongodb.DBPort.go(DBPort.java:82)
	at com.mongodb.DBPort.say(DBPort.java:77)
	at com.mongodb.DBTCPConnector.say(DBTCPConnector.java:146)
</error>
  </testcase>
  <testcase classname="net.ion.radon.repository.TestAdvanceNodeGet" name="testByAradonId" time="63.281">
    <error message="can&apos;t say something" type="com.mongodb.MongoException$Network">com.mongodb.MongoException$Network: can&apos;t say something
	at com.mongodb.DBTCPConnector.say(DBTCPConnector.java:159)
	at com.mongodb.DBTCPConnector.say(DBTCPConnector.java:132)
	at com.mongodb.DBApiLayer$MyCollection.insert(DBApiLayer.java:262)
	at com.mongodb.DBApiLayer$MyCollection.createIndex(DBApiLayer.java:354)
	at com.mongodb.DBCollection.ensureIndex(DBCollection.java:444)
	at com.mongodb.DBCollection.ensureIndex(DBCollection.java:392)
	at net.ion.radon.repository.Workspace.createWorkspace(Workspace.java:64)
	at net.ion.radon.repository.Workspace.load(Workspace.java:43)
	at net.ion.radon.repository.Repository.getWorkspace(Repository.java:28)
	at net.ion.radon.repository.LocalSession.getCurrentWorkspace(LocalSession.java:147)
	at net.ion.radon.repository.LocalSession.dropWorkspace(LocalSession.java:76)
	at net.ion.radon.repository.TestBaseRepository.setUp(TestBaseRepository.java:17)
Caused by: java.io.IOException: couldn&apos;t connect to [/61.250.201.78:27017] bc:java.net.ConnectException: Connection timed out: connect
	at com.mongodb.DBPort._open(DBPort.java:224)
	at com.mongodb.DBPort.go(DBPort.java:101)
	at com.mongodb.DBPort.go(DBPort.java:82)
	at com.mongodb.DBPort.say(DBPort.java:77)
	at com.mongodb.DBTCPConnector.say(DBTCPConnector.java:146)
</error>
  </testcase>
  <testcase classname="net.ion.radon.repository.TestAdvanceNodeGet" name="testBlankGet" time="63.25">
    <error message="can&apos;t say something" type="com.mongodb.MongoException$Network">com.mongodb.MongoException$Network: can&apos;t say something
	at com.mongodb.DBTCPConnector.say(DBTCPConnector.java:159)
	at com.mongodb.DBTCPConnector.say(DBTCPConnector.java:132)
	at com.mongodb.DBApiLayer$MyCollection.insert(DBApiLayer.java:262)
	at com.mongodb.DBApiLayer$MyCollection.createIndex(DBApiLayer.java:354)
	at com.mongodb.DBCollection.ensureIndex(DBCollection.java:444)
	at com.mongodb.DBCollection.ensureIndex(DBCollection.java:392)
	at net.ion.radon.repository.Workspace.createWorkspace(Workspace.java:64)
	at net.ion.radon.repository.Workspace.load(Workspace.java:43)
	at net.ion.radon.repository.Repository.getWorkspace(Repository.java:28)
	at net.ion.radon.repository.LocalSession.getCurrentWorkspace(LocalSession.java:147)
	at net.ion.radon.repository.LocalSession.dropWorkspace(LocalSession.java:76)
	at net.ion.radon.repository.TestBaseRepository.setUp(TestBaseRepository.java:17)
Caused by: java.io.IOException: couldn&apos;t connect to [/61.250.201.78:27017] bc:java.net.ConnectException: Connection timed out: connect
	at com.mongodb.DBPort._open(DBPort.java:224)
	at com.mongodb.DBPort.go(DBPort.java:101)
	at com.mongodb.DBPort.go(DBPort.java:82)
	at com.mongodb.DBPort.say(DBPort.java:77)
	at com.mongodb.DBTCPConnector.say(DBTCPConnector.java:146)
</error>
  </testcase>
  <testcase classname="net.ion.radon.repository.TestAdvanceNodeGet" name="testByPath" time="63.156">
    <error message="can&apos;t say something" type="com.mongodb.MongoException$Network">com.mongodb.MongoException$Network: can&apos;t say something
	at com.mongodb.DBTCPConnector.say(DBTCPConnector.java:159)
	at com.mongodb.DBTCPConnector.say(DBTCPConnector.java:132)
	at com.mongodb.DBApiLayer$MyCollection.insert(DBApiLayer.java:262)
	at com.mongodb.DBApiLayer$MyCollection.createIndex(DBApiLayer.java:354)
	at com.mongodb.DBCollection.ensureIndex(DBCollection.java:444)
	at com.mongodb.DBCollection.ensureIndex(DBCollection.java:392)
	at net.ion.radon.repository.Workspace.createWorkspace(Workspace.java:64)
	at net.ion.radon.repository.Workspace.load(Workspace.java:43)
	at net.ion.radon.repository.Repository.getWorkspace(Repository.java:28)
	at net.ion.radon.repository.LocalSession.getCurrentWorkspace(LocalSession.java:147)
	at net.ion.radon.repository.LocalSession.dropWorkspace(LocalSession.java:76)
	at net.ion.radon.repository.TestBaseRepository.setUp(TestBaseRepository.java:17)
Caused by: java.io.IOException: couldn&apos;t connect to [/61.250.201.78:27017] bc:java.net.ConnectException: Connection timed out: connect
	at com.mongodb.DBPort._open(DBPort.java:224)
	at com.mongodb.DBPort.go(DBPort.java:101)
	at com.mongodb.DBPort.go(DBPort.java:82)
	at com.mongodb.DBPort.say(DBPort.java:77)
	at com.mongodb.DBTCPConnector.say(DBTCPConnector.java:146)
</error>
  </testcase>
  <testcase classname="net.ion.radon.repository.TestAdvanceNodeGet" name="testPathWorkspace" time="63.078">
    <error message="can&apos;t say something" type="com.mongodb.MongoException$Network">com.mongodb.MongoException$Network: can&apos;t say something
	at com.mongodb.DBTCPConnector.say(DBTCPConnector.java:159)
	at com.mongodb.DBTCPConnector.say(DBTCPConnector.java:132)
	at com.mongodb.DBApiLayer$MyCollection.insert(DBApiLayer.java:262)
	at com.mongodb.DBApiLayer$MyCollection.createIndex(DBApiLayer.java:354)
	at com.mongodb.DBCollection.ensureIndex(DBCollection.java:444)
	at com.mongodb.DBCollection.ensureIndex(DBCollection.java:392)
	at net.ion.radon.repository.Workspace.createWorkspace(Workspace.java:64)
	at net.ion.radon.repository.Workspace.load(Workspace.java:43)
	at net.ion.radon.repository.Repository.getWorkspace(Repository.java:28)
	at net.ion.radon.repository.LocalSession.getCurrentWorkspace(LocalSession.java:147)
	at net.ion.radon.repository.LocalSession.dropWorkspace(LocalSession.java:76)
	at net.ion.radon.repository.TestBaseRepository.setUp(TestBaseRepository.java:17)
Caused by: java.io.IOException: couldn&apos;t connect to [/61.250.201.78:27017] bc:java.net.ConnectException: Connection timed out: connect
	at com.mongodb.DBPort._open(DBPort.java:224)
	at com.mongodb.DBPort.go(DBPort.java:101)
	at com.mongodb.DBPort.go(DBPort.java:82)
	at com.mongodb.DBPort.say(DBPort.java:77)
	at com.mongodb.DBTCPConnector.say(DBTCPConnector.java:146)
</error>
  </testcase>
  <testcase classname="net.ion.radon.repository.TestAdvanceNodeGet" name="testPathWorkspace2" time="62.969">
    <error message="can&apos;t say something" type="com.mongodb.MongoException$Network">com.mongodb.MongoException$Network: can&apos;t say something
	at com.mongodb.DBTCPConnector.say(DBTCPConnector.java:159)
	at com.mongodb.DBTCPConnector.say(DBTCPConnector.java:132)
	at com.mongodb.DBApiLayer$MyCollection.insert(DBApiLayer.java:262)
	at com.mongodb.DBApiLayer$MyCollection.createIndex(DBApiLayer.java:354)
	at com.mongodb.DBCollection.ensureIndex(DBCollection.java:444)
	at com.mongodb.DBCollection.ensureIndex(DBCollection.java:392)
	at net.ion.radon.repository.Workspace.createWorkspace(Workspace.java:64)
	at net.ion.radon.repository.Workspace.load(Workspace.java:43)
	at net.ion.radon.repository.Repository.getWorkspace(Repository.java:28)
	at net.ion.radon.repository.LocalSession.getCurrentWorkspace(LocalSession.java:147)
	at net.ion.radon.repository.LocalSession.dropWorkspace(LocalSession.java:76)
	at net.ion.radon.repository.TestBaseRepository.setUp(TestBaseRepository.java:17)
Caused by: java.io.IOException: couldn&apos;t connect to [/61.250.201.78:27017] bc:java.net.ConnectException: Connection timed out: connect
	at com.mongodb.DBPort._open(DBPort.java:224)
	at com.mongodb.DBPort.go(DBPort.java:101)
	at com.mongodb.DBPort.go(DBPort.java:82)
	at com.mongodb.DBPort.say(DBPort.java:77)
	at com.mongodb.DBTCPConnector.say(DBTCPConnector.java:146)
</error>
  </testcase>
  <testcase classname="net.ion.radon.repository.TestAdvanceNodeGet" name="testByAradonIdWorkspace" time="63.156">
    <error message="can&apos;t say something" type="com.mongodb.MongoException$Network">com.mongodb.MongoException$Network: can&apos;t say something
	at com.mongodb.DBTCPConnector.say(DBTCPConnector.java:159)
	at com.mongodb.DBTCPConnector.say(DBTCPConnector.java:132)
	at com.mongodb.DBApiLayer$MyCollection.insert(DBApiLayer.java:262)
	at com.mongodb.DBApiLayer$MyCollection.createIndex(DBApiLayer.java:354)
	at com.mongodb.DBCollection.ensureIndex(DBCollection.java:444)
	at com.mongodb.DBCollection.ensureIndex(DBCollection.java:392)
	at net.ion.radon.repository.Workspace.createWorkspace(Workspace.java:64)
	at net.ion.radon.repository.Workspace.load(Workspace.java:43)
	at net.ion.radon.repository.Repository.getWorkspace(Repository.java:28)
	at net.ion.radon.repository.LocalSession.getCurrentWorkspace(LocalSession.java:147)
	at net.ion.radon.repository.LocalSession.dropWorkspace(LocalSession.java:76)
	at net.ion.radon.repository.TestBaseRepository.setUp(TestBaseRepository.java:17)
Caused by: java.io.IOException: couldn&apos;t connect to [/61.250.201.78:27017] bc:java.net.ConnectException: Connection timed out: connect
	at com.mongodb.DBPort._open(DBPort.java:224)
	at com.mongodb.DBPort.go(DBPort.java:101)
	at com.mongodb.DBPort.go(DBPort.java:82)
	at com.mongodb.DBPort.say(DBPort.java:77)
	at com.mongodb.DBTCPConnector.say(DBTCPConnector.java:146)
</error>
  </testcase>
  <testcase classname="net.ion.radon.repository.TestAdvanceNodeGet" name="testByAradonIdWorkspace2" time="63.109">
    <error message="can&apos;t say something" type="com.mongodb.MongoException$Network">com.mongodb.MongoException$Network: can&apos;t say something
	at com.mongodb.DBTCPConnector.say(DBTCPConnector.java:159)
	at com.mongodb.DBTCPConnector.say(DBTCPConnector.java:132)
	at com.mongodb.DBApiLayer$MyCollection.insert(DBApiLayer.java:262)
	at com.mongodb.DBApiLayer$MyCollection.createIndex(DBApiLayer.java:354)
	at com.mongodb.DBCollection.ensureIndex(DBCollection.java:444)
	at com.mongodb.DBCollection.ensureIndex(DBCollection.java:392)
	at net.ion.radon.repository.Workspace.createWorkspace(Workspace.java:64)
	at net.ion.radon.repository.Workspace.load(Workspace.java:43)
	at net.ion.radon.repository.Repository.getWorkspace(Repository.java:28)
	at net.ion.radon.repository.LocalSession.getCurrentWorkspace(LocalSession.java:147)
	at net.ion.radon.repository.LocalSession.dropWorkspace(LocalSession.java:76)
	at net.ion.radon.repository.TestBaseRepository.setUp(TestBaseRepository.java:17)
Caused by: java.io.IOException: couldn&apos;t connect to [/61.250.201.78:27017] bc:java.net.ConnectException: Connection timed out: connect
	at com.mongodb.DBPort._open(DBPort.java:224)
	at com.mongodb.DBPort.go(DBPort.java:101)
	at com.mongodb.DBPort.go(DBPort.java:82)
	at com.mongodb.DBPort.say(DBPort.java:77)
	at com.mongodb.DBTCPConnector.say(DBTCPConnector.java:146)
</error>
  </testcase>
  <testcase classname="net.ion.radon.repository.TestAdvanceNodeGet" name="testByAradonIdNumeric" time="63.016">
    <error message="can&apos;t say something" type="com.mongodb.MongoException$Network">com.mongodb.MongoException$Network: can&apos;t say something
	at com.mongodb.DBTCPConnector.say(DBTCPConnector.java:159)
	at com.mongodb.DBTCPConnector.say(DBTCPConnector.java:132)
	at com.mongodb.DBApiLayer$MyCollection.insert(DBApiLayer.java:262)
	at com.mongodb.DBApiLayer$MyCollection.createIndex(DBApiLayer.java:354)
	at com.mongodb.DBCollection.ensureIndex(DBCollection.java:444)
	at com.mongodb.DBCollection.ensureIndex(DBCollection.java:392)
	at net.ion.radon.repository.Workspace.createWorkspace(Workspace.java:64)
	at net.ion.radon.repository.Workspace.load(Workspace.java:43)
	at net.ion.radon.repository.Repository.getWorkspace(Repository.java:28)
	at net.ion.radon.repository.LocalSession.getCurrentWorkspace(LocalSession.java:147)
	at net.ion.radon.repository.LocalSession.dropWorkspace(LocalSession.java:76)
	at net.ion.radon.repository.TestBaseRepository.setUp(TestBaseRepository.java:17)
Caused by: java.io.IOException: couldn&apos;t connect to [/61.250.201.78:27017] bc:java.net.ConnectException: Connection timed out: connect
	at com.mongodb.DBPort._open(DBPort.java:224)
	at com.mongodb.DBPort.go(DBPort.java:101)
	at com.mongodb.DBPort.go(DBPort.java:82)
	at com.mongodb.DBPort.say(DBPort.java:77)
	at com.mongodb.DBTCPConnector.say(DBTCPConnector.java:146)
</error>
  </testcase>
  <testcase classname="net.ion.radon.repository.TestAdvanceNodeGet" name="testInListNodeExpression" time="63.266">
    <error message="can&apos;t say something" type="com.mongodb.MongoException$Network">com.mongodb.MongoException$Network: can&apos;t say something
	at com.mongodb.DBTCPConnector.say(DBTCPConnector.java:159)
	at com.mongodb.DBTCPConnector.say(DBTCPConnector.java:132)
	at com.mongodb.DBApiLayer$MyCollection.insert(DBApiLayer.java:262)
	at com.mongodb.DBApiLayer$MyCollection.createIndex(DBApiLayer.java:354)
	at com.mongodb.DBCollection.ensureIndex(DBCollection.java:444)
	at com.mongodb.DBCollection.ensureIndex(DBCollection.java:392)
	at net.ion.radon.repository.Workspace.createWorkspace(Workspace.java:64)
	at net.ion.radon.repository.Workspace.load(Workspace.java:43)
	at net.ion.radon.repository.Repository.getWorkspace(Repository.java:28)
	at net.ion.radon.repository.LocalSession.getCurrentWorkspace(LocalSession.java:147)
	at net.ion.radon.repository.LocalSession.dropWorkspace(LocalSession.java:76)
	at net.ion.radon.repository.TestBaseRepository.setUp(TestBaseRepository.java:17)
Caused by: java.io.IOException: couldn&apos;t connect to [/61.250.201.78:27017] bc:java.net.ConnectException: Connection timed out: connect
	at com.mongodb.DBPort._open(DBPort.java:224)
	at com.mongodb.DBPort.go(DBPort.java:101)
	at com.mongodb.DBPort.go(DBPort.java:82)
	at com.mongodb.DBPort.say(DBPort.java:77)
	at com.mongodb.DBTCPConnector.say(DBTCPConnector.java:146)
</error>
  </testcase>
  <testcase classname="net.ion.radon.repository.TestAradonId" name="testNewNode" time="62.953">
    <error message="can&apos;t say something" type="com.mongodb.MongoException$Network">com.mongodb.MongoException$Network: can&apos;t say something
	at com.mongodb.DBTCPConnector.say(DBTCPConnector.java:159)
	at com.mongodb.DBTCPConnector.say(DBTCPConnector.java:132)
	at com.mongodb.DBApiLayer$MyCollection.insert(DBApiLayer.java:262)
	at com.mongodb.DBApiLayer$MyCollection.createIndex(DBApiLayer.java:354)
	at com.mongodb.DBCollection.ensureIndex(DBCollection.java:444)
	at com.mongodb.DBCollection.ensureIndex(DBCollection.java:392)
	at net.ion.radon.repository.Workspace.createWorkspace(Workspace.java:64)
	at net.ion.radon.repository.Workspace.load(Workspace.java:43)
	at net.ion.radon.repository.Repository.getWorkspace(Repository.java:28)
	at net.ion.radon.repository.LocalSession.getCurrentWorkspace(LocalSession.java:147)
	at net.ion.radon.repository.LocalSession.dropWorkspace(LocalSession.java:76)
	at net.ion.radon.repository.TestBaseRepository.setUp(TestBaseRepository.java:17)
	at net.ion.radon.repository.TestAradonId.setUp(TestAradonId.java:10)
Caused by: java.io.IOException: couldn&apos;t connect to [/61.250.201.78:27017] bc:java.net.ConnectException: Connection timed out: connect
	at com.mongodb.DBPort._open(DBPort.java:224)
	at com.mongodb.DBPort.go(DBPort.java:101)
	at com.mongodb.DBPort.go(DBPort.java:82)
	at com.mongodb.DBPort.say(DBPort.java:77)
	at com.mongodb.DBTCPConnector.say(DBTCPConnector.java:146)
</error>
  </testcase>
  <testcase classname="net.ion.radon.repository.TestAradonId" name="testFind" time="63.063">
    <error message="can&apos;t say something" type="com.mongodb.MongoException$Network">com.mongodb.MongoException$Network: can&apos;t say something
	at com.mongodb.DBTCPConnector.say(DBTCPConnector.java:159)
	at com.mongodb.DBTCPConnector.say(DBTCPConnector.java:132)
	at com.mongodb.DBApiLayer$MyCollection.insert(DBApiLayer.java:262)
	at com.mongodb.DBApiLayer$MyCollection.createIndex(DBApiLayer.java:354)
	at com.mongodb.DBCollection.ensureIndex(DBCollection.java:444)
	at com.mongodb.DBCollection.ensureIndex(DBCollection.java:392)
	at net.ion.radon.repository.Workspace.createWorkspace(Workspace.java:64)
	at net.ion.radon.repository.Workspace.load(Workspace.java:43)
	at net.ion.radon.repository.Repository.getWorkspace(Repository.java:28)
	at net.ion.radon.repository.LocalSession.getCurrentWorkspace(LocalSession.java:147)
	at net.ion.radon.repository.LocalSession.dropWorkspace(LocalSession.java:76)
	at net.ion.radon.repository.TestBaseRepository.setUp(TestBaseRepository.java:17)
	at net.ion.radon.repository.TestAradonId.setUp(TestAradonId.java:10)
Caused by: java.io.IOException: couldn&apos;t connect to [/61.250.201.78:27017] bc:java.net.ConnectException: Connection timed out: connect
	at com.mongodb.DBPort._open(DBPort.java:224)
	at com.mongodb.DBPort.go(DBPort.java:101)
	at com.mongodb.DBPort.go(DBPort.java:82)
	at com.mongodb.DBPort.say(DBPort.java:77)
	at com.mongodb.DBTCPConnector.say(DBTCPConnector.java:146)
</error>
  </testcase>
  <testcase classname="net.ion.radon.repository.TestAradonId" name="testPredefinedIndexCount" time="63.172">
    <error message="can&apos;t say something" type="com.mongodb.MongoException$Network">com.mongodb.MongoException$Network: can&apos;t say something
	at com.mongodb.DBTCPConnector.say(DBTCPConnector.java:159)
	at com.mongodb.DBTCPConnector.say(DBTCPConnector.java:132)
	at com.mongodb.DBApiLayer$MyCollection.insert(DBApiLayer.java:262)
	at com.mongodb.DBApiLayer$MyCollection.createIndex(DBApiLayer.java:354)
	at com.mongodb.DBCollection.ensureIndex(DBCollection.java:444)
	at com.mongodb.DBCollection.ensureIndex(DBCollection.java:392)
	at net.ion.radon.repository.Workspace.createWorkspace(Workspace.java:64)
	at net.ion.radon.repository.Workspace.load(Workspace.java:43)
	at net.ion.radon.repository.Repository.getWorkspace(Repository.java:28)
	at net.ion.radon.repository.LocalSession.getCurrentWorkspace(LocalSession.java:147)
	at net.ion.radon.repository.LocalSession.dropWorkspace(LocalSession.java:76)
	at net.ion.radon.repository.TestBaseRepository.setUp(TestBaseRepository.java:17)
	at net.ion.radon.repository.TestAradonId.setUp(TestAradonId.java:10)
Caused by: java.io.IOException: couldn&apos;t connect to [/61.250.201.78:27017] bc:java.net.ConnectException: Connection timed out: connect
	at com.mongodb.DBPort._open(DBPort.java:224)
	at com.mongodb.DBPort.go(DBPort.java:101)
	at com.mongodb.DBPort.go(DBPort.java:82)
	at com.mongodb.DBPort.say(DBPort.java:77)
	at com.mongodb.DBTCPConnector.say(DBTCPConnector.java:146)
</error>
  </testcase>
  <testcase classname="net.ion.radon.repository.TestAradonId" name="testAradonId" time="62.954">
    <error message="can&apos;t say something" type="com.mongodb.MongoException$Network">com.mongodb.MongoException$Network: can&apos;t say something
	at com.mongodb.DBTCPConnector.say(DBTCPConnector.java:159)
	at com.mongodb.DBTCPConnector.say(DBTCPConnector.java:132)
	at com.mongodb.DBApiLayer$MyCollection.insert(DBApiLayer.java:262)
	at com.mongodb.DBApiLayer$MyCollection.createIndex(DBApiLayer.java:354)
	at com.mongodb.DBCollection.ensureIndex(DBCollection.java:444)
	at com.mongodb.DBCollection.ensureIndex(DBCollection.java:392)
	at net.ion.radon.repository.Workspace.createWorkspace(Workspace.java:64)
	at net.ion.radon.repository.Workspace.load(Workspace.java:43)
	at net.ion.radon.repository.Repository.getWorkspace(Repository.java:28)
	at net.ion.radon.repository.LocalSession.getCurrentWorkspace(LocalSession.java:147)
	at net.ion.radon.repository.LocalSession.dropWorkspace(LocalSession.java:76)
	at net.ion.radon.repository.TestBaseRepository.setUp(TestBaseRepository.java:17)
	at net.ion.radon.repository.TestAradonId.setUp(TestAradonId.java:10)
Caused by: java.io.IOException: couldn&apos;t connect to [/61.250.201.78:27017] bc:java.net.ConnectException: Connection timed out: connect
	at com.mongodb.DBPort._open(DBPort.java:224)
	at com.mongodb.DBPort.go(DBPort.java:101)
	at com.mongodb.DBPort.go(DBPort.java:82)
	at com.mongodb.DBPort.say(DBPort.java:77)
	at com.mongodb.DBTCPConnector.say(DBTCPConnector.java:146)
</error>
  </testcase>
  <testcase classname="net.ion.radon.repository.TestAradonId" name="testGroupPath" time="62.968">
    <error message="can&apos;t say something" type="com.mongodb.MongoException$Network">com.mongodb.MongoException$Network: can&apos;t say something
	at com.mongodb.DBTCPConnector.say(DBTCPConnector.java:159)
	at com.mongodb.DBTCPConnector.say(DBTCPConnector.java:132)
	at com.mongodb.DBApiLayer$MyCollection.insert(DBApiLayer.java:262)
	at com.mongodb.DBApiLayer$MyCollection.createIndex(DBApiLayer.java:354)
	at com.mongodb.DBCollection.ensureIndex(DBCollection.java:444)
	at com.mongodb.DBCollection.ensureIndex(DBCollection.java:392)
	at net.ion.radon.repository.Workspace.createWorkspace(Workspace.java:64)
	at net.ion.radon.repository.Workspace.load(Workspace.java:43)
	at net.ion.radon.repository.Repository.getWorkspace(Repository.java:28)
	at net.ion.radon.repository.LocalSession.getCurrentWorkspace(LocalSession.java:147)
	at net.ion.radon.repository.LocalSession.dropWorkspace(LocalSession.java:76)
	at net.ion.radon.repository.TestBaseRepository.setUp(TestBaseRepository.java:17)
	at net.ion.radon.repository.TestAradonId.setUp(TestAradonId.java:10)
Caused by: java.io.IOException: couldn&apos;t connect to [/61.250.201.78:27017] bc:java.net.ConnectException: Connection timed out: connect
	at com.mongodb.DBPort._open(DBPort.java:224)
	at com.mongodb.DBPort.go(DBPort.java:101)
	at com.mongodb.DBPort.go(DBPort.java:82)
	at com.mongodb.DBPort.say(DBPort.java:77)
	at com.mongodb.DBTCPConnector.say(DBTCPConnector.java:146)
</error>
  </testcase>
  <testcase classname="net.ion.radon.repository.TestAradonId" name="testGroupAndId" time="63.375">
    <error message="can&apos;t say something" type="com.mongodb.MongoException$Network">com.mongodb.MongoException$Network: can&apos;t say something
	at com.mongodb.DBTCPConnector.say(DBTCPConnector.java:159)
	at com.mongodb.DBTCPConnector.say(DBTCPConnector.java:132)
	at com.mongodb.DBApiLayer$MyCollection.insert(DBApiLayer.java:262)
	at com.mongodb.DBApiLayer$MyCollection.createIndex(DBApiLayer.java:354)
	at com.mongodb.DBCollection.ensureIndex(DBCollection.java:444)
	at com.mongodb.DBCollection.ensureIndex(DBCollection.java:392)
	at net.ion.radon.repository.Workspace.createWorkspace(Workspace.java:64)
	at net.ion.radon.repository.Workspace.load(Workspace.java:43)
	at net.ion.radon.repository.Repository.getWorkspace(Repository.java:28)
	at net.ion.radon.repository.LocalSession.getCurrentWorkspace(LocalSession.java:147)
	at net.ion.radon.repository.LocalSession.dropWorkspace(LocalSession.java:76)
	at net.ion.radon.repository.TestBaseRepository.setUp(TestBaseRepository.java:17)
	at net.ion.radon.repository.TestAradonId.setUp(TestAradonId.java:10)
Caused by: java.io.IOException: couldn&apos;t connect to [/61.250.201.78:27017] bc:java.net.ConnectException: Connection timed out: connect
	at com.mongodb.DBPort._open(DBPort.java:224)
	at com.mongodb.DBPort.go(DBPort.java:101)
	at com.mongodb.DBPort.go(DBPort.java:82)
	at com.mongodb.DBPort.say(DBPort.java:77)
	at com.mongodb.DBTCPConnector.say(DBTCPConnector.java:146)
</error>
  </testcase>
  <testcase classname="net.ion.radon.repository.TestAradonId" name="testAradonIdSort" time="63.36">
    <error message="can&apos;t say something" type="com.mongodb.MongoException$Network">com.mongodb.MongoException$Network: can&apos;t say something
	at com.mongodb.DBTCPConnector.say(DBTCPConnector.java:159)
	at com.mongodb.DBTCPConnector.say(DBTCPConnector.java:132)
	at com.mongodb.DBApiLayer$MyCollection.insert(DBApiLayer.java:262)
	at com.mongodb.DBApiLayer$MyCollection.createIndex(DBApiLayer.java:354)
	at com.mongodb.DBCollection.ensureIndex(DBCollection.java:444)
	at com.mongodb.DBCollection.ensureIndex(DBCollection.java:392)
	at net.ion.radon.repository.Workspace.createWorkspace(Workspace.java:64)
	at net.ion.radon.repository.Workspace.load(Workspace.java:43)
	at net.ion.radon.repository.Repository.getWorkspace(Repository.java:28)
	at net.ion.radon.repository.LocalSession.getCurrentWorkspace(LocalSession.java:147)
	at net.ion.radon.repository.LocalSession.dropWorkspace(LocalSession.java:76)
	at net.ion.radon.repository.TestBaseRepository.setUp(TestBaseRepository.java:17)
	at net.ion.radon.repository.TestAradonId.setUp(TestAradonId.java:10)
Caused by: java.io.IOException: couldn&apos;t connect to [/61.250.201.78:27017] bc:java.net.ConnectException: Connection timed out: connect
	at com.mongodb.DBPort._open(DBPort.java:224)
	at com.mongodb.DBPort.go(DBPort.java:101)
	at com.mongodb.DBPort.go(DBPort.java:82)
	at com.mongodb.DBPort.say(DBPort.java:77)
	at com.mongodb.DBTCPConnector.say(DBTCPConnector.java:146)
</error>
  </testcase>
  <testcase classname="net.ion.radon.repository.TestAradonId" name="testfindGroupUid" time="63.062">
    <error message="can&apos;t say something" type="com.mongodb.MongoException$Network">com.mongodb.MongoException$Network: can&apos;t say something
	at com.mongodb.DBTCPConnector.say(DBTCPConnector.java:159)
	at com.mongodb.DBTCPConnector.say(DBTCPConnector.java:132)
	at com.mongodb.DBApiLayer$MyCollection.insert(DBApiLayer.java:262)
	at com.mongodb.DBApiLayer$MyCollection.createIndex(DBApiLayer.java:354)
	at com.mongodb.DBCollection.ensureIndex(DBCollection.java:444)
	at com.mongodb.DBCollection.ensureIndex(DBCollection.java:392)
	at net.ion.radon.repository.Workspace.createWorkspace(Workspace.java:64)
	at net.ion.radon.repository.Workspace.load(Workspace.java:43)
	at net.ion.radon.repository.Repository.getWorkspace(Repository.java:28)
	at net.ion.radon.repository.LocalSession.getCurrentWorkspace(LocalSession.java:147)
	at net.ion.radon.repository.LocalSession.dropWorkspace(LocalSession.java:76)
	at net.ion.radon.repository.TestBaseRepository.setUp(TestBaseRepository.java:17)
	at net.ion.radon.repository.TestAradonId.setUp(TestAradonId.java:10)
Caused by: java.io.IOException: couldn&apos;t connect to [/61.250.201.78:27017] bc:java.net.ConnectException: Connection timed out: connect
	at com.mongodb.DBPort._open(DBPort.java:224)
	at com.mongodb.DBPort.go(DBPort.java:101)
	at com.mongodb.DBPort.go(DBPort.java:82)
	at com.mongodb.DBPort.say(DBPort.java:77)
	at com.mongodb.DBTCPConnector.say(DBTCPConnector.java:146)
</error>
  </testcase>
  <testcase classname="net.ion.radon.repository.function.TestFunction" name="testColumnParse" time="63.172">
    <error message="can&apos;t say something" type="com.mongodb.MongoException$Network">com.mongodb.MongoException$Network: can&apos;t say something
	at com.mongodb.DBTCPConnector.say(DBTCPConnector.java:159)
	at com.mongodb.DBTCPConnector.say(DBTCPConnector.java:132)
	at com.mongodb.DBApiLayer$MyCollection.insert(DBApiLayer.java:262)
	at com.mongodb.DBApiLayer$MyCollection.createIndex(DBApiLayer.java:354)
	at com.mongodb.DBCollection.ensureIndex(DBCollection.java:444)
	at com.mongodb.DBCollection.ensureIndex(DBCollection.java:392)
	at net.ion.radon.repository.Workspace.createWorkspace(Workspace.java:64)
	at net.ion.radon.repository.Workspace.load(Workspace.java:43)
	at net.ion.radon.repository.Repository.getWorkspace(Repository.java:28)
	at net.ion.radon.repository.LocalSession.getCurrentWorkspace(LocalSession.java:147)
	at net.ion.radon.repository.LocalSession.dropWorkspace(LocalSession.java:76)
	at net.ion.radon.repository.TestBaseRepository.setUp(TestBaseRepository.java:17)
Caused by: java.io.IOException: couldn&apos;t connect to [/61.250.201.78:27017] bc:java.net.ConnectException: Connection timed out: connect
	at com.mongodb.DBPort._open(DBPort.java:224)
	at com.mongodb.DBPort.go(DBPort.java:101)
	at com.mongodb.DBPort.go(DBPort.java:82)
	at com.mongodb.DBPort.say(DBPort.java:77)
	at com.mongodb.DBTCPConnector.say(DBTCPConnector.java:146)
</error>
  </testcase>
  <testcase classname="net.ion.radon.repository.function.TestFunction" name="testSecurity" time="62.969">
    <error message="can&apos;t say something" type="com.mongodb.MongoException$Network">com.mongodb.MongoException$Network: can&apos;t say something
	at com.mongodb.DBTCPConnector.say(DBTCPConnector.java:159)
	at com.mongodb.DBTCPConnector.say(DBTCPConnector.java:132)
	at com.mongodb.DBApiLayer$MyCollection.insert(DBApiLayer.java:262)
	at com.mongodb.DBApiLayer$MyCollection.createIndex(DBApiLayer.java:354)
	at com.mongodb.DBCollection.ensureIndex(DBCollection.java:444)
	at com.mongodb.DBCollection.ensureIndex(DBCollection.java:392)
	at net.ion.radon.repository.Workspace.createWorkspace(Workspace.java:64)
	at net.ion.radon.repository.Workspace.load(Workspace.java:43)
	at net.ion.radon.repository.Repository.getWorkspace(Repository.java:28)
	at net.ion.radon.repository.LocalSession.getCurrentWorkspace(LocalSession.java:147)
	at net.ion.radon.repository.LocalSession.dropWorkspace(LocalSession.java:76)
	at net.ion.radon.repository.TestBaseRepository.setUp(TestBaseRepository.java:17)
Caused by: java.io.IOException: couldn&apos;t connect to [/61.250.201.78:27017] bc:java.net.ConnectException: Connection timed out: connect
	at com.mongodb.DBPort._open(DBPort.java:224)
	at com.mongodb.DBPort.go(DBPort.java:101)
	at com.mongodb.DBPort.go(DBPort.java:82)
	at com.mongodb.DBPort.say(DBPort.java:77)
	at com.mongodb.DBTCPConnector.say(DBTCPConnector.java:146)
</error>
  </testcase>
  <testcase classname="net.ion.radon.repository.function.TestFunction" name="testToCharFromDate" time="62.969">
    <error message="can&apos;t say something" type="com.mongodb.MongoException$Network">com.mongodb.MongoException$Network: can&apos;t say something
	at com.mongodb.DBTCPConnector.say(DBTCPConnector.java:159)
	at com.mongodb.DBTCPConnector.say(DBTCPConnector.java:132)
	at com.mongodb.DBApiLayer$MyCollection.insert(DBApiLayer.java:262)
	at com.mongodb.DBApiLayer$MyCollection.createIndex(DBApiLayer.java:354)
	at com.mongodb.DBCollection.ensureIndex(DBCollection.java:444)
	at com.mongodb.DBCollection.ensureIndex(DBCollection.java:392)
	at net.ion.radon.repository.Workspace.createWorkspace(Workspace.java:64)
	at net.ion.radon.repository.Workspace.load(Workspace.java:43)
	at net.ion.radon.repository.Repository.getWorkspace(Repository.java:28)
	at net.ion.radon.repository.LocalSession.getCurrentWorkspace(LocalSession.java:147)
	at net.ion.radon.repository.LocalSession.dropWorkspace(LocalSession.java:76)
	at net.ion.radon.repository.TestBaseRepository.setUp(TestBaseRepository.java:17)
Caused by: java.io.IOException: couldn&apos;t connect to [/61.250.201.78:27017] bc:java.net.ConnectException: Connection timed out: connect
	at com.mongodb.DBPort._open(DBPort.java:224)
	at com.mongodb.DBPort.go(DBPort.java:101)
	at com.mongodb.DBPort.go(DBPort.java:82)
	at com.mongodb.DBPort.say(DBPort.java:77)
	at com.mongodb.DBTCPConnector.say(DBTCPConnector.java:146)
</error>
  </testcase>
  <testcase classname="net.ion.radon.repository.function.TestFunction" name="testToChar" time="63.062">
    <error message="can&apos;t say something" type="com.mongodb.MongoException$Network">com.mongodb.MongoException$Network: can&apos;t say something
	at com.mongodb.DBTCPConnector.say(DBTCPConnector.java:159)
	at com.mongodb.DBTCPConnector.say(DBTCPConnector.java:132)
	at com.mongodb.DBApiLayer$MyCollection.insert(DBApiLayer.java:262)
	at com.mongodb.DBApiLayer$MyCollection.createIndex(DBApiLayer.java:354)
	at com.mongodb.DBCollection.ensureIndex(DBCollection.java:444)
	at com.mongodb.DBCollection.ensureIndex(DBCollection.java:392)
	at net.ion.radon.repository.Workspace.createWorkspace(Workspace.java:64)
	at net.ion.radon.repository.Workspace.load(Workspace.java:43)
	at net.ion.radon.repository.Repository.getWorkspace(Repository.java:28)
	at net.ion.radon.repository.LocalSession.getCurrentWorkspace(LocalSession.java:147)
	at net.ion.radon.repository.LocalSession.dropWorkspace(LocalSession.java:76)
	at net.ion.radon.repository.TestBaseRepository.setUp(TestBaseRepository.java:17)
Caused by: java.io.IOException: couldn&apos;t connect to [/61.250.201.78:27017] bc:java.net.ConnectException: Connection timed out: connect
	at com.mongodb.DBPort._open(DBPort.java:224)
	at com.mongodb.DBPort.go(DBPort.java:101)
	at com.mongodb.DBPort.go(DBPort.java:82)
	at com.mongodb.DBPort.say(DBPort.java:77)
	at com.mongodb.DBTCPConnector.say(DBTCPConnector.java:146)
</error>
  </testcase>
  <testcase classname="net.ion.radon.repository.function.TestFunction" name="testDateColumn" time="62.969">
    <error message="can&apos;t say something" type="com.mongodb.MongoException$Network">com.mongodb.MongoException$Network: can&apos;t say something
	at com.mongodb.DBTCPConnector.say(DBTCPConnector.java:159)
	at com.mongodb.DBTCPConnector.say(DBTCPConnector.java:132)
	at com.mongodb.DBApiLayer$MyCollection.insert(DBApiLayer.java:262)
	at com.mongodb.DBApiLayer$MyCollection.createIndex(DBApiLayer.java:354)
	at com.mongodb.DBCollection.ensureIndex(DBCollection.java:444)
	at com.mongodb.DBCollection.ensureIndex(DBCollection.java:392)
	at net.ion.radon.repository.Workspace.createWorkspace(Workspace.java:64)
	at net.ion.radon.repository.Workspace.load(Workspace.java:43)
	at net.ion.radon.repository.Repository.getWorkspace(Repository.java:28)
	at net.ion.radon.repository.LocalSession.getCurrentWorkspace(LocalSession.java:147)
	at net.ion.radon.repository.LocalSession.dropWorkspace(LocalSession.java:76)
	at net.ion.radon.repository.TestBaseRepository.setUp(TestBaseRepository.java:17)
Caused by: java.io.IOException: couldn&apos;t connect to [/61.250.201.78:27017] bc:java.net.ConnectException: Connection timed out: connect
	at com.mongodb.DBPort._open(DBPort.java:224)
	at com.mongodb.DBPort.go(DBPort.java:101)
	at com.mongodb.DBPort.go(DBPort.java:82)
	at com.mongodb.DBPort.say(DBPort.java:77)
	at com.mongodb.DBTCPConnector.say(DBTCPConnector.java:146)
</error>
  </testcase>
  <testcase classname="net.ion.radon.repository.function.TestFunction" name="testDateOrder" time="63.172">
    <error message="can&apos;t say something" type="com.mongodb.MongoException$Network">com.mongodb.MongoException$Network: can&apos;t say something
	at com.mongodb.DBTCPConnector.say(DBTCPConnector.java:159)
	at com.mongodb.DBTCPConnector.say(DBTCPConnector.java:132)
	at com.mongodb.DBApiLayer$MyCollection.insert(DBApiLayer.java:262)
	at com.mongodb.DBApiLayer$MyCollection.createIndex(DBApiLayer.java:354)
	at com.mongodb.DBCollection.ensureIndex(DBCollection.java:444)
	at com.mongodb.DBCollection.ensureIndex(DBCollection.java:392)
	at net.ion.radon.repository.Workspace.createWorkspace(Workspace.java:64)
	at net.ion.radon.repository.Workspace.load(Workspace.java:43)
	at net.ion.radon.repository.Repository.getWorkspace(Repository.java:28)
	at net.ion.radon.repository.LocalSession.getCurrentWorkspace(LocalSession.java:147)
	at net.ion.radon.repository.LocalSession.dropWorkspace(LocalSession.java:76)
	at net.ion.radon.repository.TestBaseRepository.setUp(TestBaseRepository.java:17)
Caused by: java.io.IOException: couldn&apos;t connect to [/61.250.201.78:27017] bc:java.net.ConnectException: Connection timed out: connect
	at com.mongodb.DBPort._open(DBPort.java:224)
	at com.mongodb.DBPort.go(DBPort.java:101)
	at com.mongodb.DBPort.go(DBPort.java:82)
	at com.mongodb.DBPort.say(DBPort.java:77)
	at com.mongodb.DBTCPConnector.say(DBTCPConnector.java:146)
</error>
  </testcase>
  <testcase classname="net.ion.radon.repository.function.TestFunction" name="testPrefix" time="62.968">
    <error message="can&apos;t say something" type="com.mongodb.MongoException$Network">com.mongodb.MongoException$Network: can&apos;t say something
	at com.mongodb.DBTCPConnector.say(DBTCPConnector.java:159)
	at com.mongodb.DBTCPConnector.say(DBTCPConnector.java:132)
	at com.mongodb.DBApiLayer$MyCollection.insert(DBApiLayer.java:262)
	at com.mongodb.DBApiLayer$MyCollection.createIndex(DBApiLayer.java:354)
	at com.mongodb.DBCollection.ensureIndex(DBCollection.java:444)
	at com.mongodb.DBCollection.ensureIndex(DBCollection.java:392)
	at net.ion.radon.repository.Workspace.createWorkspace(Workspace.java:64)
	at net.ion.radon.repository.Workspace.load(Workspace.java:43)
	at net.ion.radon.repository.Repository.getWorkspace(Repository.java:28)
	at net.ion.radon.repository.LocalSession.getCurrentWorkspace(LocalSession.java:147)
	at net.ion.radon.repository.LocalSession.dropWorkspace(LocalSession.java:76)
	at net.ion.radon.repository.TestBaseRepository.setUp(TestBaseRepository.java:17)
Caused by: java.io.IOException: couldn&apos;t connect to [/61.250.201.78:27017] bc:java.net.ConnectException: Connection timed out: connect
	at com.mongodb.DBPort._open(DBPort.java:224)
	at com.mongodb.DBPort.go(DBPort.java:101)
	at com.mongodb.DBPort.go(DBPort.java:82)
	at com.mongodb.DBPort.say(DBPort.java:77)
	at com.mongodb.DBTCPConnector.say(DBTCPConnector.java:146)
</error>
  </testcase>
  <testcase classname="net.ion.radon.repository.TestInnerNode" name="testInterrface" time="63.157">
    <error message="can&apos;t say something" type="com.mongodb.MongoException$Network">com.mongodb.MongoException$Network: can&apos;t say something
	at com.mongodb.DBTCPConnector.say(DBTCPConnector.java:159)
	at com.mongodb.DBTCPConnector.say(DBTCPConnector.java:132)
	at com.mongodb.DBApiLayer$MyCollection.insert(DBApiLayer.java:262)
	at com.mongodb.DBApiLayer$MyCollection.createIndex(DBApiLayer.java:354)
	at com.mongodb.DBCollection.ensureIndex(DBCollection.java:444)
	at com.mongodb.DBCollection.ensureIndex(DBCollection.java:392)
	at net.ion.radon.repository.Workspace.createWorkspace(Workspace.java:64)
	at net.ion.radon.repository.Workspace.load(Workspace.java:43)
	at net.ion.radon.repository.Repository.getWorkspace(Repository.java:28)
	at net.ion.radon.repository.LocalSession.getCurrentWorkspace(LocalSession.java:147)
	at net.ion.radon.repository.LocalSession.dropWorkspace(LocalSession.java:76)
	at net.ion.radon.repository.TestBaseRepository.setUp(TestBaseRepository.java:17)
Caused by: java.io.IOException: couldn&apos;t connect to [/61.250.201.78:27017] bc:java.net.ConnectException: Connection timed out: connect
	at com.mongodb.DBPort._open(DBPort.java:224)
	at com.mongodb.DBPort.go(DBPort.java:101)
	at com.mongodb.DBPort.go(DBPort.java:82)
	at com.mongodb.DBPort.say(DBPort.java:77)
	at com.mongodb.DBTCPConnector.say(DBTCPConnector.java:146)
</error>
  </testcase>
  <testcase classname="net.ion.radon.repository.TestInnerNode" name="testComplicateGet" time="62.953">
    <error message="can&apos;t say something" type="com.mongodb.MongoException$Network">com.mongodb.MongoException$Network: can&apos;t say something
	at com.mongodb.DBTCPConnector.say(DBTCPConnector.java:159)
	at com.mongodb.DBTCPConnector.say(DBTCPConnector.java:132)
	at com.mongodb.DBApiLayer$MyCollection.insert(DBApiLayer.java:262)
	at com.mongodb.DBApiLayer$MyCollection.createIndex(DBApiLayer.java:354)
	at com.mongodb.DBCollection.ensureIndex(DBCollection.java:444)
	at com.mongodb.DBCollection.ensureIndex(DBCollection.java:392)
	at net.ion.radon.repository.Workspace.createWorkspace(Workspace.java:64)
	at net.ion.radon.repository.Workspace.load(Workspace.java:43)
	at net.ion.radon.repository.Repository.getWorkspace(Repository.java:28)
	at net.ion.radon.repository.LocalSession.getCurrentWorkspace(LocalSession.java:147)
	at net.ion.radon.repository.LocalSession.dropWorkspace(LocalSession.java:76)
	at net.ion.radon.repository.TestBaseRepository.setUp(TestBaseRepository.java:17)
Caused by: java.io.IOException: couldn&apos;t connect to [/61.250.201.78:27017] bc:java.net.ConnectException: Connection timed out: connect
	at com.mongodb.DBPort._open(DBPort.java:224)
	at com.mongodb.DBPort.go(DBPort.java:101)
	at com.mongodb.DBPort.go(DBPort.java:82)
	at com.mongodb.DBPort.say(DBPort.java:77)
	at com.mongodb.DBTCPConnector.say(DBTCPConnector.java:146)
</error>
  </testcase>
  <testcase classname="net.ion.radon.repository.TestInnerNode" name="testComplicateInner" time="63.079">
    <error message="can&apos;t say something" type="com.mongodb.MongoException$Network">com.mongodb.MongoException$Network: can&apos;t say something
	at com.mongodb.DBTCPConnector.say(DBTCPConnector.java:159)
	at com.mongodb.DBTCPConnector.say(DBTCPConnector.java:132)
	at com.mongodb.DBApiLayer$MyCollection.insert(DBApiLayer.java:262)
	at com.mongodb.DBApiLayer$MyCollection.createIndex(DBApiLayer.java:354)
	at com.mongodb.DBCollection.ensureIndex(DBCollection.java:444)
	at com.mongodb.DBCollection.ensureIndex(DBCollection.java:392)
	at net.ion.radon.repository.Workspace.createWorkspace(Workspace.java:64)
	at net.ion.radon.repository.Workspace.load(Workspace.java:43)
	at net.ion.radon.repository.Repository.getWorkspace(Repository.java:28)
	at net.ion.radon.repository.LocalSession.getCurrentWorkspace(LocalSession.java:147)
	at net.ion.radon.repository.LocalSession.dropWorkspace(LocalSession.java:76)
	at net.ion.radon.repository.TestBaseRepository.setUp(TestBaseRepository.java:17)
Caused by: java.io.IOException: couldn&apos;t connect to [/61.250.201.78:27017] bc:java.net.ConnectException: Connection timed out: connect
	at com.mongodb.DBPort._open(DBPort.java:224)
	at com.mongodb.DBPort.go(DBPort.java:101)
	at com.mongodb.DBPort.go(DBPort.java:82)
	at com.mongodb.DBPort.say(DBPort.java:77)
	at com.mongodb.DBTCPConnector.say(DBTCPConnector.java:146)
</error>
  </testcase>
  <testcase classname="net.ion.radon.repository.TestLastModified" name="testWhenNew" time="63.468">
    <error message="can&apos;t say something" type="com.mongodb.MongoException$Network">com.mongodb.MongoException$Network: can&apos;t say something
	at com.mongodb.DBTCPConnector.say(DBTCPConnector.java:159)
	at com.mongodb.DBTCPConnector.say(DBTCPConnector.java:132)
	at com.mongodb.DBApiLayer$MyCollection.insert(DBApiLayer.java:262)
	at com.mongodb.DBApiLayer$MyCollection.createIndex(DBApiLayer.java:354)
	at com.mongodb.DBCollection.ensureIndex(DBCollection.java:444)
	at com.mongodb.DBCollection.ensureIndex(DBCollection.java:392)
	at net.ion.radon.repository.Workspace.createWorkspace(Workspace.java:64)
	at net.ion.radon.repository.Workspace.load(Workspace.java:43)
	at net.ion.radon.repository.Repository.getWorkspace(Repository.java:28)
	at net.ion.radon.repository.LocalSession.getCurrentWorkspace(LocalSession.java:147)
	at net.ion.radon.repository.LocalSession.dropWorkspace(LocalSession.java:76)
	at net.ion.radon.repository.TestBaseRepository.setUp(TestBaseRepository.java:17)
Caused by: java.io.IOException: couldn&apos;t connect to [/61.250.201.78:27017] bc:java.net.ConnectException: Connection timed out: connect
	at com.mongodb.DBPort._open(DBPort.java:224)
	at com.mongodb.DBPort.go(DBPort.java:101)
	at com.mongodb.DBPort.go(DBPort.java:82)
	at com.mongodb.DBPort.say(DBPort.java:77)
	at com.mongodb.DBTCPConnector.say(DBTCPConnector.java:146)
</error>
  </testcase>
  <testcase classname="net.ion.radon.repository.TestLastModified" name="testQueryUpdate" time="62.969">
    <error message="can&apos;t say something" type="com.mongodb.MongoException$Network">com.mongodb.MongoException$Network: can&apos;t say something
	at com.mongodb.DBTCPConnector.say(DBTCPConnector.java:159)
	at com.mongodb.DBTCPConnector.say(DBTCPConnector.java:132)
	at com.mongodb.DBApiLayer$MyCollection.insert(DBApiLayer.java:262)
	at com.mongodb.DBApiLayer$MyCollection.createIndex(DBApiLayer.java:354)
	at com.mongodb.DBCollection.ensureIndex(DBCollection.java:444)
	at com.mongodb.DBCollection.ensureIndex(DBCollection.java:392)
	at net.ion.radon.repository.Workspace.createWorkspace(Workspace.java:64)
	at net.ion.radon.repository.Workspace.load(Workspace.java:43)
	at net.ion.radon.repository.Repository.getWorkspace(Repository.java:28)
	at net.ion.radon.repository.LocalSession.getCurrentWorkspace(LocalSession.java:147)
	at net.ion.radon.repository.LocalSession.dropWorkspace(LocalSession.java:76)
	at net.ion.radon.repository.TestBaseRepository.setUp(TestBaseRepository.java:17)
Caused by: java.io.IOException: couldn&apos;t connect to [/61.250.201.78:27017] bc:java.net.ConnectException: Connection timed out: connect
	at com.mongodb.DBPort._open(DBPort.java:224)
	at com.mongodb.DBPort.go(DBPort.java:101)
	at com.mongodb.DBPort.go(DBPort.java:82)
	at com.mongodb.DBPort.say(DBPort.java:77)
	at com.mongodb.DBTCPConnector.say(DBTCPConnector.java:146)
</error>
  </testcase>
  <testcase classname="net.ion.radon.repository.TestQueryOperator" name="testEqual" time="63.172">
    <error message="can&apos;t say something" type="com.mongodb.MongoException$Network">com.mongodb.MongoException$Network: can&apos;t say something
	at com.mongodb.DBTCPConnector.say(DBTCPConnector.java:159)
	at com.mongodb.DBTCPConnector.say(DBTCPConnector.java:132)
	at com.mongodb.DBApiLayer$MyCollection.insert(DBApiLayer.java:262)
	at com.mongodb.DBApiLayer$MyCollection.createIndex(DBApiLayer.java:354)
	at com.mongodb.DBCollection.ensureIndex(DBCollection.java:444)
	at com.mongodb.DBCollection.ensureIndex(DBCollection.java:392)
	at net.ion.radon.repository.Workspace.createWorkspace(Workspace.java:64)
	at net.ion.radon.repository.Workspace.load(Workspace.java:43)
	at net.ion.radon.repository.Repository.getWorkspace(Repository.java:28)
	at net.ion.radon.repository.LocalSession.getCurrentWorkspace(LocalSession.java:147)
	at net.ion.radon.repository.LocalSession.dropWorkspace(LocalSession.java:76)
	at net.ion.radon.repository.TestBaseRepository.setUp(TestBaseRepository.java:17)
	at net.ion.radon.repository.TestQueryOperator.setUp(TestQueryOperator.java:19)
Caused by: java.io.IOException: couldn&apos;t connect to [/61.250.201.78:27017] bc:java.net.ConnectException: Connection timed out: connect
	at com.mongodb.DBPort._open(DBPort.java:224)
	at com.mongodb.DBPort.go(DBPort.java:101)
	at com.mongodb.DBPort.go(DBPort.java:82)
	at com.mongodb.DBPort.say(DBPort.java:77)
	at com.mongodb.DBTCPConnector.say(DBTCPConnector.java:146)
</error>
  </testcase>
  <testcase classname="net.ion.radon.repository.TestQueryOperator" name="testNotExist" time="63.469">
    <error message="can&apos;t say something" type="com.mongodb.MongoException$Network">com.mongodb.MongoException$Network: can&apos;t say something
	at com.mongodb.DBTCPConnector.say(DBTCPConnector.java:159)
	at com.mongodb.DBTCPConnector.say(DBTCPConnector.java:132)
	at com.mongodb.DBApiLayer$MyCollection.insert(DBApiLayer.java:262)
	at com.mongodb.DBApiLayer$MyCollection.createIndex(DBApiLayer.java:354)
	at com.mongodb.DBCollection.ensureIndex(DBCollection.java:444)
	at com.mongodb.DBCollection.ensureIndex(DBCollection.java:392)
	at net.ion.radon.repository.Workspace.createWorkspace(Workspace.java:64)
	at net.ion.radon.repository.Workspace.load(Workspace.java:43)
	at net.ion.radon.repository.Repository.getWorkspace(Repository.java:28)
	at net.ion.radon.repository.LocalSession.getCurrentWorkspace(LocalSession.java:147)
	at net.ion.radon.repository.LocalSession.dropWorkspace(LocalSession.java:76)
	at net.ion.radon.repository.TestBaseRepository.setUp(TestBaseRepository.java:17)
	at net.ion.radon.repository.TestQueryOperator.setUp(TestQueryOperator.java:19)
Caused by: java.io.IOException: couldn&apos;t connect to [/61.250.201.78:27017] bc:java.net.ConnectException: Connection timed out: connect
	at com.mongodb.DBPort._open(DBPort.java:224)
	at com.mongodb.DBPort.go(DBPort.java:101)
	at com.mongodb.DBPort.go(DBPort.java:82)
	at com.mongodb.DBPort.say(DBPort.java:77)
	at com.mongodb.DBTCPConnector.say(DBTCPConnector.java:146)
</error>
  </testcase>
  <testcase classname="net.ion.radon.repository.TestQueryOperator" name="testAllFind" time="63.156">
    <error message="can&apos;t say something" type="com.mongodb.MongoException$Network">com.mongodb.MongoException$Network: can&apos;t say something
	at com.mongodb.DBTCPConnector.say(DBTCPConnector.java:159)
	at com.mongodb.DBTCPConnector.say(DBTCPConnector.java:132)
	at com.mongodb.DBApiLayer$MyCollection.insert(DBApiLayer.java:262)
	at com.mongodb.DBApiLayer$MyCollection.createIndex(DBApiLayer.java:354)
	at com.mongodb.DBCollection.ensureIndex(DBCollection.java:444)
	at com.mongodb.DBCollection.ensureIndex(DBCollection.java:392)
	at net.ion.radon.repository.Workspace.createWorkspace(Workspace.java:64)
	at net.ion.radon.repository.Workspace.load(Workspace.java:43)
	at net.ion.radon.repository.Repository.getWorkspace(Repository.java:28)
	at net.ion.radon.repository.LocalSession.getCurrentWorkspace(LocalSession.java:147)
	at net.ion.radon.repository.LocalSession.dropWorkspace(LocalSession.java:76)
	at net.ion.radon.repository.TestBaseRepository.setUp(TestBaseRepository.java:17)
	at net.ion.radon.repository.TestQueryOperator.setUp(TestQueryOperator.java:19)
Caused by: java.io.IOException: couldn&apos;t connect to [/61.250.201.78:27017] bc:java.net.ConnectException: Connection timed out: connect
	at com.mongodb.DBPort._open(DBPort.java:224)
	at com.mongodb.DBPort.go(DBPort.java:101)
	at com.mongodb.DBPort.go(DBPort.java:82)
	at com.mongodb.DBPort.say(DBPort.java:77)
	at com.mongodb.DBTCPConnector.say(DBTCPConnector.java:146)
</error>
  </testcase>
  <testcase classname="net.ion.radon.repository.TestQueryOperator" name="testGreaterThan" time="62.969">
    <error message="can&apos;t say something" type="com.mongodb.MongoException$Network">com.mongodb.MongoException$Network: can&apos;t say something
	at com.mongodb.DBTCPConnector.say(DBTCPConnector.java:159)
	at com.mongodb.DBTCPConnector.say(DBTCPConnector.java:132)
	at com.mongodb.DBApiLayer$MyCollection.insert(DBApiLayer.java:262)
	at com.mongodb.DBApiLayer$MyCollection.createIndex(DBApiLayer.java:354)
	at com.mongodb.DBCollection.ensureIndex(DBCollection.java:444)
	at com.mongodb.DBCollection.ensureIndex(DBCollection.java:392)
	at net.ion.radon.repository.Workspace.createWorkspace(Workspace.java:64)
	at net.ion.radon.repository.Workspace.load(Workspace.java:43)
	at net.ion.radon.repository.Repository.getWorkspace(Repository.java:28)
	at net.ion.radon.repository.LocalSession.getCurrentWorkspace(LocalSession.java:147)
	at net.ion.radon.repository.LocalSession.dropWorkspace(LocalSession.java:76)
	at net.ion.radon.repository.TestBaseRepository.setUp(TestBaseRepository.java:17)
	at net.ion.radon.repository.TestQueryOperator.setUp(TestQueryOperator.java:19)
Caused by: java.io.IOException: couldn&apos;t connect to [/61.250.201.78:27017] bc:java.net.ConnectException: Connection timed out: connect
	at com.mongodb.DBPort._open(DBPort.java:224)
	at com.mongodb.DBPort.go(DBPort.java:101)
	at com.mongodb.DBPort.go(DBPort.java:82)
	at com.mongodb.DBPort.say(DBPort.java:77)
	at com.mongodb.DBTCPConnector.say(DBTCPConnector.java:146)
</error>
  </testcase>
  <testcase classname="net.ion.radon.repository.TestQueryOperator" name="testGraterThanEqual" time="63.265">
    <error message="can&apos;t say something" type="com.mongodb.MongoException$Network">com.mongodb.MongoException$Network: can&apos;t say something
	at com.mongodb.DBTCPConnector.say(DBTCPConnector.java:159)
	at com.mongodb.DBTCPConnector.say(DBTCPConnector.java:132)
	at com.mongodb.DBApiLayer$MyCollection.insert(DBApiLayer.java:262)
	at com.mongodb.DBApiLayer$MyCollection.createIndex(DBApiLayer.java:354)
	at com.mongodb.DBCollection.ensureIndex(DBCollection.java:444)
	at com.mongodb.DBCollection.ensureIndex(DBCollection.java:392)
	at net.ion.radon.repository.Workspace.createWorkspace(Workspace.java:64)
	at net.ion.radon.repository.Workspace.load(Workspace.java:43)
	at net.ion.radon.repository.Repository.getWorkspace(Repository.java:28)
	at net.ion.radon.repository.LocalSession.getCurrentWorkspace(LocalSession.java:147)
	at net.ion.radon.repository.LocalSession.dropWorkspace(LocalSession.java:76)
	at net.ion.radon.repository.TestBaseRepository.setUp(TestBaseRepository.java:17)
	at net.ion.radon.repository.TestQueryOperator.setUp(TestQueryOperator.java:19)
Caused by: java.io.IOException: couldn&apos;t connect to [/61.250.201.78:27017] bc:java.net.ConnectException: Connection timed out: connect
	at com.mongodb.DBPort._open(DBPort.java:224)
	at com.mongodb.DBPort.go(DBPort.java:101)
	at com.mongodb.DBPort.go(DBPort.java:82)
	at com.mongodb.DBPort.say(DBPort.java:77)
	at com.mongodb.DBTCPConnector.say(DBTCPConnector.java:146)
</error>
  </testcase>
  <testcase classname="net.ion.radon.repository.TestQueryOperator" name="testLessThan" time="63.266">
    <error message="can&apos;t say something" type="com.mongodb.MongoException$Network">com.mongodb.MongoException$Network: can&apos;t say something
	at com.mongodb.DBTCPConnector.say(DBTCPConnector.java:159)
	at com.mongodb.DBTCPConnector.say(DBTCPConnector.java:132)
	at com.mongodb.DBApiLayer$MyCollection.insert(DBApiLayer.java:262)
	at com.mongodb.DBApiLayer$MyCollection.createIndex(DBApiLayer.java:354)
	at com.mongodb.DBCollection.ensureIndex(DBCollection.java:444)
	at com.mongodb.DBCollection.ensureIndex(DBCollection.java:392)
	at net.ion.radon.repository.Workspace.createWorkspace(Workspace.java:64)
	at net.ion.radon.repository.Workspace.load(Workspace.java:43)
	at net.ion.radon.repository.Repository.getWorkspace(Repository.java:28)
	at net.ion.radon.repository.LocalSession.getCurrentWorkspace(LocalSession.java:147)
	at net.ion.radon.repository.LocalSession.dropWorkspace(LocalSession.java:76)
	at net.ion.radon.repository.TestBaseRepository.setUp(TestBaseRepository.java:17)
	at net.ion.radon.repository.TestQueryOperator.setUp(TestQueryOperator.java:19)
Caused by: java.io.IOException: couldn&apos;t connect to [/61.250.201.78:27017] bc:java.net.ConnectException: Connection timed out: connect
	at com.mongodb.DBPort._open(DBPort.java:224)
	at com.mongodb.DBPort.go(DBPort.java:101)
	at com.mongodb.DBPort.go(DBPort.java:82)
	at com.mongodb.DBPort.say(DBPort.java:77)
	at com.mongodb.DBTCPConnector.say(DBTCPConnector.java:146)
</error>
  </testcase>
  <testcase classname="net.ion.radon.repository.TestQueryOperator" name="testLessThanEqual" time="63.469">
    <error message="can&apos;t say something" type="com.mongodb.MongoException$Network">com.mongodb.MongoException$Network: can&apos;t say something
	at com.mongodb.DBTCPConnector.say(DBTCPConnector.java:159)
	at com.mongodb.DBTCPConnector.say(DBTCPConnector.java:132)
	at com.mongodb.DBApiLayer$MyCollection.insert(DBApiLayer.java:262)
	at com.mongodb.DBApiLayer$MyCollection.createIndex(DBApiLayer.java:354)
	at com.mongodb.DBCollection.ensureIndex(DBCollection.java:444)
	at com.mongodb.DBCollection.ensureIndex(DBCollection.java:392)
	at net.ion.radon.repository.Workspace.createWorkspace(Workspace.java:64)
	at net.ion.radon.repository.Workspace.load(Workspace.java:43)
	at net.ion.radon.repository.Repository.getWorkspace(Repository.java:28)
	at net.ion.radon.repository.LocalSession.getCurrentWorkspace(LocalSession.java:147)
	at net.ion.radon.repository.LocalSession.dropWorkspace(LocalSession.java:76)
	at net.ion.radon.repository.TestBaseRepository.setUp(TestBaseRepository.java:17)
	at net.ion.radon.repository.TestQueryOperator.setUp(TestQueryOperator.java:19)
Caused by: java.io.IOException: couldn&apos;t connect to [/61.250.201.78:27017] bc:java.net.ConnectException: Connection timed out: connect
	at com.mongodb.DBPort._open(DBPort.java:224)
	at com.mongodb.DBPort.go(DBPort.java:101)
	at com.mongodb.DBPort.go(DBPort.java:82)
	at com.mongodb.DBPort.say(DBPort.java:77)
	at com.mongodb.DBTCPConnector.say(DBTCPConnector.java:146)
</error>
  </testcase>
  <testcase classname="net.ion.radon.repository.TestQueryOperator" name="testInExpression" time="63.265">
    <error message="can&apos;t say something" type="com.mongodb.MongoException$Network">com.mongodb.MongoException$Network: can&apos;t say something
	at com.mongodb.DBTCPConnector.say(DBTCPConnector.java:159)
	at com.mongodb.DBTCPConnector.say(DBTCPConnector.java:132)
	at com.mongodb.DBApiLayer$MyCollection.insert(DBApiLayer.java:262)
	at com.mongodb.DBApiLayer$MyCollection.createIndex(DBApiLayer.java:354)
	at com.mongodb.DBCollection.ensureIndex(DBCollection.java:444)
	at com.mongodb.DBCollection.ensureIndex(DBCollection.java:392)
	at net.ion.radon.repository.Workspace.createWorkspace(Workspace.java:64)
	at net.ion.radon.repository.Workspace.load(Workspace.java:43)
	at net.ion.radon.repository.Repository.getWorkspace(Repository.java:28)
	at net.ion.radon.repository.LocalSession.getCurrentWorkspace(LocalSession.java:147)
	at net.ion.radon.repository.LocalSession.dropWorkspace(LocalSession.java:76)
	at net.ion.radon.repository.TestBaseRepository.setUp(TestBaseRepository.java:17)
	at net.ion.radon.repository.TestQueryOperator.setUp(TestQueryOperator.java:19)
Caused by: java.io.IOException: couldn&apos;t connect to [/61.250.201.78:27017] bc:java.net.ConnectException: Connection timed out: connect
	at com.mongodb.DBPort._open(DBPort.java:224)
	at com.mongodb.DBPort.go(DBPort.java:101)
	at com.mongodb.DBPort.go(DBPort.java:82)
	at com.mongodb.DBPort.say(DBPort.java:77)
	at com.mongodb.DBTCPConnector.say(DBTCPConnector.java:146)
</error>
  </testcase>
  <testcase classname="net.ion.radon.repository.TestQueryOperator" name="testExist" time="63.266">
    <error message="can&apos;t say something" type="com.mongodb.MongoException$Network">com.mongodb.MongoException$Network: can&apos;t say something
	at com.mongodb.DBTCPConnector.say(DBTCPConnector.java:159)
	at com.mongodb.DBTCPConnector.say(DBTCPConnector.java:132)
	at com.mongodb.DBApiLayer$MyCollection.insert(DBApiLayer.java:262)
	at com.mongodb.DBApiLayer$MyCollection.createIndex(DBApiLayer.java:354)
	at com.mongodb.DBCollection.ensureIndex(DBCollection.java:444)
	at com.mongodb.DBCollection.ensureIndex(DBCollection.java:392)
	at net.ion.radon.repository.Workspace.createWorkspace(Workspace.java:64)
	at net.ion.radon.repository.Workspace.load(Workspace.java:43)
	at net.ion.radon.repository.Repository.getWorkspace(Repository.java:28)
	at net.ion.radon.repository.LocalSession.getCurrentWorkspace(LocalSession.java:147)
	at net.ion.radon.repository.LocalSession.dropWorkspace(LocalSession.java:76)
	at net.ion.radon.repository.TestBaseRepository.setUp(TestBaseRepository.java:17)
	at net.ion.radon.repository.TestQueryOperator.setUp(TestQueryOperator.java:19)
Caused by: java.io.IOException: couldn&apos;t connect to [/61.250.201.78:27017] bc:java.net.ConnectException: Connection timed out: connect
	at com.mongodb.DBPort._open(DBPort.java:224)
	at com.mongodb.DBPort.go(DBPort.java:101)
	at com.mongodb.DBPort.go(DBPort.java:82)
	at com.mongodb.DBPort.say(DBPort.java:77)
	at com.mongodb.DBTCPConnector.say(DBTCPConnector.java:146)
</error>
  </testcase>
  <testcase classname="net.ion.radon.repository.TestQueryOperator" name="testBetween" time="63.375">
    <error message="can&apos;t say something" type="com.mongodb.MongoException$Network">com.mongodb.MongoException$Network: can&apos;t say something
	at com.mongodb.DBTCPConnector.say(DBTCPConnector.java:159)
	at com.mongodb.DBTCPConnector.say(DBTCPConnector.java:132)
	at com.mongodb.DBApiLayer$MyCollection.insert(DBApiLayer.java:262)
	at com.mongodb.DBApiLayer$MyCollection.createIndex(DBApiLayer.java:354)
	at com.mongodb.DBCollection.ensureIndex(DBCollection.java:444)
	at com.mongodb.DBCollection.ensureIndex(DBCollection.java:392)
	at net.ion.radon.repository.Workspace.createWorkspace(Workspace.java:64)
	at net.ion.radon.repository.Workspace.load(Workspace.java:43)
	at net.ion.radon.repository.Repository.getWorkspace(Repository.java:28)
	at net.ion.radon.repository.LocalSession.getCurrentWorkspace(LocalSession.java:147)
	at net.ion.radon.repository.LocalSession.dropWorkspace(LocalSession.java:76)
	at net.ion.radon.repository.TestBaseRepository.setUp(TestBaseRepository.java:17)
	at net.ion.radon.repository.TestQueryOperator.setUp(TestQueryOperator.java:19)
Caused by: java.io.IOException: couldn&apos;t connect to [/61.250.201.78:27017] bc:java.net.ConnectException: Connection timed out: connect
	at com.mongodb.DBPort._open(DBPort.java:224)
	at com.mongodb.DBPort.go(DBPort.java:101)
	at com.mongodb.DBPort.go(DBPort.java:82)
	at com.mongodb.DBPort.say(DBPort.java:77)
	at com.mongodb.DBTCPConnector.say(DBTCPConnector.java:146)
</error>
  </testcase>
  <testcase classname="net.ion.radon.repository.TestQueryOperator" name="testBetween2" time="63.156">
    <error message="can&apos;t say something" type="com.mongodb.MongoException$Network">com.mongodb.MongoException$Network: can&apos;t say something
	at com.mongodb.DBTCPConnector.say(DBTCPConnector.java:159)
	at com.mongodb.DBTCPConnector.say(DBTCPConnector.java:132)
	at com.mongodb.DBApiLayer$MyCollection.insert(DBApiLayer.java:262)
	at com.mongodb.DBApiLayer$MyCollection.createIndex(DBApiLayer.java:354)
	at com.mongodb.DBCollection.ensureIndex(DBCollection.java:444)
	at com.mongodb.DBCollection.ensureIndex(DBCollection.java:392)
	at net.ion.radon.repository.Workspace.createWorkspace(Workspace.java:64)
	at net.ion.radon.repository.Workspace.load(Workspace.java:43)
	at net.ion.radon.repository.Repository.getWorkspace(Repository.java:28)
	at net.ion.radon.repository.LocalSession.getCurrentWorkspace(LocalSession.java:147)
	at net.ion.radon.repository.LocalSession.dropWorkspace(LocalSession.java:76)
	at net.ion.radon.repository.TestBaseRepository.setUp(TestBaseRepository.java:17)
	at net.ion.radon.repository.TestQueryOperator.setUp(TestQueryOperator.java:19)
Caused by: java.io.IOException: couldn&apos;t connect to [/61.250.201.78:27017] bc:java.net.ConnectException: Connection timed out: connect
	at com.mongodb.DBPort._open(DBPort.java:224)
	at com.mongodb.DBPort.go(DBPort.java:101)
	at com.mongodb.DBPort.go(DBPort.java:82)
	at com.mongodb.DBPort.say(DBPort.java:77)
	at com.mongodb.DBTCPConnector.say(DBTCPConnector.java:146)
</error>
  </testcase>
  <testcase classname="net.ion.radon.repository.TestQueryOperator" name="testOrExpression" time="63.375">
    <error message="can&apos;t say something" type="com.mongodb.MongoException$Network">com.mongodb.MongoException$Network: can&apos;t say something
	at com.mongodb.DBTCPConnector.say(DBTCPConnector.java:159)
	at com.mongodb.DBTCPConnector.say(DBTCPConnector.java:132)
	at com.mongodb.DBApiLayer$MyCollection.insert(DBApiLayer.java:262)
	at com.mongodb.DBApiLayer$MyCollection.createIndex(DBApiLayer.java:354)
	at com.mongodb.DBCollection.ensureIndex(DBCollection.java:444)
	at com.mongodb.DBCollection.ensureIndex(DBCollection.java:392)
	at net.ion.radon.repository.Workspace.createWorkspace(Workspace.java:64)
	at net.ion.radon.repository.Workspace.load(Workspace.java:43)
	at net.ion.radon.repository.Repository.getWorkspace(Repository.java:28)
	at net.ion.radon.repository.LocalSession.getCurrentWorkspace(LocalSession.java:147)
	at net.ion.radon.repository.LocalSession.dropWorkspace(LocalSession.java:76)
	at net.ion.radon.repository.TestBaseRepository.setUp(TestBaseRepository.java:17)
	at net.ion.radon.repository.TestQueryOperator.setUp(TestQueryOperator.java:19)
Caused by: java.io.IOException: couldn&apos;t connect to [/61.250.201.78:27017] bc:java.net.ConnectException: Connection timed out: connect
	at com.mongodb.DBPort._open(DBPort.java:224)
	at com.mongodb.DBPort.go(DBPort.java:101)
	at com.mongodb.DBPort.go(DBPort.java:82)
	at com.mongodb.DBPort.say(DBPort.java:77)
	at com.mongodb.DBTCPConnector.say(DBTCPConnector.java:146)
</error>
  </testcase>
  <testcase classname="net.ion.radon.repository.TestQueryOperator" name="testOr2" time="62.969">
    <error message="can&apos;t say something" type="com.mongodb.MongoException$Network">com.mongodb.MongoException$Network: can&apos;t say something
	at com.mongodb.DBTCPConnector.say(DBTCPConnector.java:159)
	at com.mongodb.DBTCPConnector.say(DBTCPConnector.java:132)
	at com.mongodb.DBApiLayer$MyCollection.insert(DBApiLayer.java:262)
	at com.mongodb.DBApiLayer$MyCollection.createIndex(DBApiLayer.java:354)
	at com.mongodb.DBCollection.ensureIndex(DBCollection.java:444)
	at com.mongodb.DBCollection.ensureIndex(DBCollection.java:392)
	at net.ion.radon.repository.Workspace.createWorkspace(Workspace.java:64)
	at net.ion.radon.repository.Workspace.load(Workspace.java:43)
	at net.ion.radon.repository.Repository.getWorkspace(Repository.java:28)
	at net.ion.radon.repository.LocalSession.getCurrentWorkspace(LocalSession.java:147)
	at net.ion.radon.repository.LocalSession.dropWorkspace(LocalSession.java:76)
	at net.ion.radon.repository.TestBaseRepository.setUp(TestBaseRepository.java:17)
	at net.ion.radon.repository.TestQueryOperator.setUp(TestQueryOperator.java:19)
Caused by: java.io.IOException: couldn&apos;t connect to [/61.250.201.78:27017] bc:java.net.ConnectException: Connection timed out: connect
	at com.mongodb.DBPort._open(DBPort.java:224)
	at com.mongodb.DBPort.go(DBPort.java:101)
	at com.mongodb.DBPort.go(DBPort.java:82)
	at com.mongodb.DBPort.say(DBPort.java:77)
	at com.mongodb.DBTCPConnector.say(DBTCPConnector.java:146)
</error>
  </testcase>
  <testcase classname="net.ion.radon.repository.TestQueryOperator" name="testOrAradonGroup" time="63.265">
    <error message="can&apos;t say something" type="com.mongodb.MongoException$Network">com.mongodb.MongoException$Network: can&apos;t say something
	at com.mongodb.DBTCPConnector.say(DBTCPConnector.java:159)
	at com.mongodb.DBTCPConnector.say(DBTCPConnector.java:132)
	at com.mongodb.DBApiLayer$MyCollection.insert(DBApiLayer.java:262)
	at com.mongodb.DBApiLayer$MyCollection.createIndex(DBApiLayer.java:354)
	at com.mongodb.DBCollection.ensureIndex(DBCollection.java:444)
	at com.mongodb.DBCollection.ensureIndex(DBCollection.java:392)
	at net.ion.radon.repository.Workspace.createWorkspace(Workspace.java:64)
	at net.ion.radon.repository.Workspace.load(Workspace.java:43)
	at net.ion.radon.repository.Repository.getWorkspace(Repository.java:28)
	at net.ion.radon.repository.LocalSession.getCurrentWorkspace(LocalSession.java:147)
	at net.ion.radon.repository.LocalSession.dropWorkspace(LocalSession.java:76)
	at net.ion.radon.repository.TestBaseRepository.setUp(TestBaseRepository.java:17)
	at net.ion.radon.repository.TestQueryOperator.setUp(TestQueryOperator.java:19)
Caused by: java.io.IOException: couldn&apos;t connect to [/61.250.201.78:27017] bc:java.net.ConnectException: Connection timed out: connect
	at com.mongodb.DBPort._open(DBPort.java:224)
	at com.mongodb.DBPort.go(DBPort.java:101)
	at com.mongodb.DBPort.go(DBPort.java:82)
	at com.mongodb.DBPort.say(DBPort.java:77)
	at com.mongodb.DBTCPConnector.say(DBTCPConnector.java:146)
</error>
  </testcase>
  <testcase classname="net.ion.radon.repository.TestQueryOperator" name="testRegExpression" time="63.063">
    <error message="can&apos;t say something" type="com.mongodb.MongoException$Network">com.mongodb.MongoException$Network: can&apos;t say something
	at com.mongodb.DBTCPConnector.say(DBTCPConnector.java:159)
	at com.mongodb.DBTCPConnector.say(DBTCPConnector.java:132)
	at com.mongodb.DBApiLayer$MyCollection.insert(DBApiLayer.java:262)
	at com.mongodb.DBApiLayer$MyCollection.createIndex(DBApiLayer.java:354)
	at com.mongodb.DBCollection.ensureIndex(DBCollection.java:444)
	at com.mongodb.DBCollection.ensureIndex(DBCollection.java:392)
	at net.ion.radon.repository.Workspace.createWorkspace(Workspace.java:64)
	at net.ion.radon.repository.Workspace.load(Workspace.java:43)
	at net.ion.radon.repository.Repository.getWorkspace(Repository.java:28)
	at net.ion.radon.repository.LocalSession.getCurrentWorkspace(LocalSession.java:147)
	at net.ion.radon.repository.LocalSession.dropWorkspace(LocalSession.java:76)
	at net.ion.radon.repository.TestBaseRepository.setUp(TestBaseRepository.java:17)
	at net.ion.radon.repository.TestQueryOperator.setUp(TestQueryOperator.java:19)
Caused by: java.io.IOException: couldn&apos;t connect to [/61.250.201.78:27017] bc:java.net.ConnectException: Connection timed out: connect
	at com.mongodb.DBPort._open(DBPort.java:224)
	at com.mongodb.DBPort.go(DBPort.java:101)
	at com.mongodb.DBPort.go(DBPort.java:82)
	at com.mongodb.DBPort.say(DBPort.java:77)
	at com.mongodb.DBTCPConnector.say(DBTCPConnector.java:146)
</error>
  </testcase>
  <testcase classname="net.ion.radon.repository.TestQueryOperator" name="testAnd" time="62.953">
    <error message="can&apos;t say something" type="com.mongodb.MongoException$Network">com.mongodb.MongoException$Network: can&apos;t say something
	at com.mongodb.DBTCPConnector.say(DBTCPConnector.java:159)
	at com.mongodb.DBTCPConnector.say(DBTCPConnector.java:132)
	at com.mongodb.DBApiLayer$MyCollection.insert(DBApiLayer.java:262)
	at com.mongodb.DBApiLayer$MyCollection.createIndex(DBApiLayer.java:354)
	at com.mongodb.DBCollection.ensureIndex(DBCollection.java:444)
	at com.mongodb.DBCollection.ensureIndex(DBCollection.java:392)
	at net.ion.radon.repository.Workspace.createWorkspace(Workspace.java:64)
	at net.ion.radon.repository.Workspace.load(Workspace.java:43)
	at net.ion.radon.repository.Repository.getWorkspace(Repository.java:28)
	at net.ion.radon.repository.LocalSession.getCurrentWorkspace(LocalSession.java:147)
	at net.ion.radon.repository.LocalSession.dropWorkspace(LocalSession.java:76)
	at net.ion.radon.repository.TestBaseRepository.setUp(TestBaseRepository.java:17)
	at net.ion.radon.repository.TestQueryOperator.setUp(TestQueryOperator.java:19)
Caused by: java.io.IOException: couldn&apos;t connect to [/61.250.201.78:27017] bc:java.net.ConnectException: Connection timed out: connect
	at com.mongodb.DBPort._open(DBPort.java:224)
	at com.mongodb.DBPort.go(DBPort.java:101)
	at com.mongodb.DBPort.go(DBPort.java:82)
	at com.mongodb.DBPort.say(DBPort.java:77)
	at com.mongodb.DBTCPConnector.say(DBTCPConnector.java:146)
</error>
  </testcase>
  <testcase classname="net.ion.radon.repository.TestQueryOperator" name="testCompositeAnd" time="63.172">
    <error message="can&apos;t say something" type="com.mongodb.MongoException$Network">com.mongodb.MongoException$Network: can&apos;t say something
	at com.mongodb.DBTCPConnector.say(DBTCPConnector.java:159)
	at com.mongodb.DBTCPConnector.say(DBTCPConnector.java:132)
	at com.mongodb.DBApiLayer$MyCollection.insert(DBApiLayer.java:262)
	at com.mongodb.DBApiLayer$MyCollection.createIndex(DBApiLayer.java:354)
	at com.mongodb.DBCollection.ensureIndex(DBCollection.java:444)
	at com.mongodb.DBCollection.ensureIndex(DBCollection.java:392)
	at net.ion.radon.repository.Workspace.createWorkspace(Workspace.java:64)
	at net.ion.radon.repository.Workspace.load(Workspace.java:43)
	at net.ion.radon.repository.Repository.getWorkspace(Repository.java:28)
	at net.ion.radon.repository.LocalSession.getCurrentWorkspace(LocalSession.java:147)
	at net.ion.radon.repository.LocalSession.dropWorkspace(LocalSession.java:76)
	at net.ion.radon.repository.TestBaseRepository.setUp(TestBaseRepository.java:17)
	at net.ion.radon.repository.TestQueryOperator.setUp(TestQueryOperator.java:19)
Caused by: java.io.IOException: couldn&apos;t connect to [/61.250.201.78:27017] bc:java.net.ConnectException: Connection timed out: connect
	at com.mongodb.DBPort._open(DBPort.java:224)
	at com.mongodb.DBPort.go(DBPort.java:101)
	at com.mongodb.DBPort.go(DBPort.java:82)
	at com.mongodb.DBPort.say(DBPort.java:77)
	at com.mongodb.DBTCPConnector.say(DBTCPConnector.java:146)
</error>
  </testcase>
  <testcase classname="net.ion.radon.repository.TestQueryOperator" name="testWhere" time="62.969">
    <error message="can&apos;t say something" type="com.mongodb.MongoException$Network">com.mongodb.MongoException$Network: can&apos;t say something
	at com.mongodb.DBTCPConnector.say(DBTCPConnector.java:159)
	at com.mongodb.DBTCPConnector.say(DBTCPConnector.java:132)
	at com.mongodb.DBApiLayer$MyCollection.insert(DBApiLayer.java:262)
	at com.mongodb.DBApiLayer$MyCollection.createIndex(DBApiLayer.java:354)
	at com.mongodb.DBCollection.ensureIndex(DBCollection.java:444)
	at com.mongodb.DBCollection.ensureIndex(DBCollection.java:392)
	at net.ion.radon.repository.Workspace.createWorkspace(Workspace.java:64)
	at net.ion.radon.repository.Workspace.load(Workspace.java:43)
	at net.ion.radon.repository.Repository.getWorkspace(Repository.java:28)
	at net.ion.radon.repository.LocalSession.getCurrentWorkspace(LocalSession.java:147)
	at net.ion.radon.repository.LocalSession.dropWorkspace(LocalSession.java:76)
	at net.ion.radon.repository.TestBaseRepository.setUp(TestBaseRepository.java:17)
	at net.ion.radon.repository.TestQueryOperator.setUp(TestQueryOperator.java:19)
Caused by: java.io.IOException: couldn&apos;t connect to [/61.250.201.78:27017] bc:java.net.ConnectException: Connection timed out: connect
	at com.mongodb.DBPort._open(DBPort.java:224)
	at com.mongodb.DBPort.go(DBPort.java:101)
	at com.mongodb.DBPort.go(DBPort.java:82)
	at com.mongodb.DBPort.say(DBPort.java:77)
	at com.mongodb.DBTCPConnector.say(DBTCPConnector.java:146)
</error>
  </testcase>
  <testcase classname="net.ion.radon.repository.TestQueryOperator" name="testDate" time="62.953">
    <error message="can&apos;t say something" type="com.mongodb.MongoException$Network">com.mongodb.MongoException$Network: can&apos;t say something
	at com.mongodb.DBTCPConnector.say(DBTCPConnector.java:159)
	at com.mongodb.DBTCPConnector.say(DBTCPConnector.java:132)
	at com.mongodb.DBApiLayer$MyCollection.insert(DBApiLayer.java:262)
	at com.mongodb.DBApiLayer$MyCollection.createIndex(DBApiLayer.java:354)
	at com.mongodb.DBCollection.ensureIndex(DBCollection.java:444)
	at com.mongodb.DBCollection.ensureIndex(DBCollection.java:392)
	at net.ion.radon.repository.Workspace.createWorkspace(Workspace.java:64)
	at net.ion.radon.repository.Workspace.load(Workspace.java:43)
	at net.ion.radon.repository.Repository.getWorkspace(Repository.java:28)
	at net.ion.radon.repository.LocalSession.getCurrentWorkspace(LocalSession.java:147)
	at net.ion.radon.repository.LocalSession.dropWorkspace(LocalSession.java:76)
	at net.ion.radon.repository.TestBaseRepository.setUp(TestBaseRepository.java:17)
	at net.ion.radon.repository.TestQueryOperator.setUp(TestQueryOperator.java:19)
Caused by: java.io.IOException: couldn&apos;t connect to [/61.250.201.78:27017] bc:java.net.ConnectException: Connection timed out: connect
	at com.mongodb.DBPort._open(DBPort.java:224)
	at com.mongodb.DBPort.go(DBPort.java:101)
	at com.mongodb.DBPort.go(DBPort.java:82)
	at com.mongodb.DBPort.say(DBPort.java:77)
	at com.mongodb.DBTCPConnector.say(DBTCPConnector.java:146)
</error>
  </testcase>
  <testcase classname="net.ion.radon.repository.TestQueryOperator" name="testDateLessThen" time="63.078">
    <error message="can&apos;t say something" type="com.mongodb.MongoException$Network">com.mongodb.MongoException$Network: can&apos;t say something
	at com.mongodb.DBTCPConnector.say(DBTCPConnector.java:159)
	at com.mongodb.DBTCPConnector.say(DBTCPConnector.java:132)
	at com.mongodb.DBApiLayer$MyCollection.insert(DBApiLayer.java:262)
	at com.mongodb.DBApiLayer$MyCollection.createIndex(DBApiLayer.java:354)
	at com.mongodb.DBCollection.ensureIndex(DBCollection.java:444)
	at com.mongodb.DBCollection.ensureIndex(DBCollection.java:392)
	at net.ion.radon.repository.Workspace.createWorkspace(Workspace.java:64)
	at net.ion.radon.repository.Workspace.load(Workspace.java:43)
	at net.ion.radon.repository.Repository.getWorkspace(Repository.java:28)
	at net.ion.radon.repository.LocalSession.getCurrentWorkspace(LocalSession.java:147)
	at net.ion.radon.repository.LocalSession.dropWorkspace(LocalSession.java:76)
	at net.ion.radon.repository.TestBaseRepository.setUp(TestBaseRepository.java:17)
	at net.ion.radon.repository.TestQueryOperator.setUp(TestQueryOperator.java:19)
Caused by: java.io.IOException: couldn&apos;t connect to [/61.250.201.78:27017] bc:java.net.ConnectException: Connection timed out: connect
	at com.mongodb.DBPort._open(DBPort.java:224)
	at com.mongodb.DBPort.go(DBPort.java:101)
	at com.mongodb.DBPort.go(DBPort.java:82)
	at com.mongodb.DBPort.say(DBPort.java:77)
	at com.mongodb.DBTCPConnector.say(DBTCPConnector.java:146)
</error>
  </testcase>
  <testcase classname="net.ion.radon.repository.TestQueryOperator" name="testDateGreaterThen" time="63.266">
    <error message="can&apos;t say something" type="com.mongodb.MongoException$Network">com.mongodb.MongoException$Network: can&apos;t say something
	at com.mongodb.DBTCPConnector.say(DBTCPConnector.java:159)
	at com.mongodb.DBTCPConnector.say(DBTCPConnector.java:132)
	at com.mongodb.DBApiLayer$MyCollection.insert(DBApiLayer.java:262)
	at com.mongodb.DBApiLayer$MyCollection.createIndex(DBApiLayer.java:354)
	at com.mongodb.DBCollection.ensureIndex(DBCollection.java:444)
	at com.mongodb.DBCollection.ensureIndex(DBCollection.java:392)
	at net.ion.radon.repository.Workspace.createWorkspace(Workspace.java:64)
	at net.ion.radon.repository.Workspace.load(Workspace.java:43)
	at net.ion.radon.repository.Repository.getWorkspace(Repository.java:28)
	at net.ion.radon.repository.LocalSession.getCurrentWorkspace(LocalSession.java:147)
	at net.ion.radon.repository.LocalSession.dropWorkspace(LocalSession.java:76)
	at net.ion.radon.repository.TestBaseRepository.setUp(TestBaseRepository.java:17)
	at net.ion.radon.repository.TestQueryOperator.setUp(TestQueryOperator.java:19)
Caused by: java.io.IOException: couldn&apos;t connect to [/61.250.201.78:27017] bc:java.net.ConnectException: Connection timed out: connect
	at com.mongodb.DBPort._open(DBPort.java:224)
	at com.mongodb.DBPort.go(DBPort.java:101)
	at com.mongodb.DBPort.go(DBPort.java:82)
	at com.mongodb.DBPort.say(DBPort.java:77)
	at com.mongodb.DBTCPConnector.say(DBTCPConnector.java:146)
</error>
  </testcase>
  <testcase classname="net.ion.radon.repository.TestQueryMDL" name="testQueryRemove" time="62.969">
    <error message="can&apos;t say something" type="com.mongodb.MongoException$Network">com.mongodb.MongoException$Network: can&apos;t say something
	at com.mongodb.DBTCPConnector.say(DBTCPConnector.java:159)
	at com.mongodb.DBTCPConnector.say(DBTCPConnector.java:132)
	at com.mongodb.DBApiLayer$MyCollection.insert(DBApiLayer.java:262)
	at com.mongodb.DBApiLayer$MyCollection.createIndex(DBApiLayer.java:354)
	at com.mongodb.DBCollection.ensureIndex(DBCollection.java:444)
	at com.mongodb.DBCollection.ensureIndex(DBCollection.java:392)
	at net.ion.radon.repository.Workspace.createWorkspace(Workspace.java:64)
	at net.ion.radon.repository.Workspace.load(Workspace.java:43)
	at net.ion.radon.repository.Repository.getWorkspace(Repository.java:28)
	at net.ion.radon.repository.LocalSession.getCurrentWorkspace(LocalSession.java:147)
	at net.ion.radon.repository.LocalSession.dropWorkspace(LocalSession.java:76)
	at net.ion.radon.repository.TestBaseRepository.setUp(TestBaseRepository.java:17)
Caused by: java.io.IOException: couldn&apos;t connect to [/61.250.201.78:27017] bc:java.net.ConnectException: Connection timed out: connect
	at com.mongodb.DBPort._open(DBPort.java:224)
	at com.mongodb.DBPort.go(DBPort.java:101)
	at com.mongodb.DBPort.go(DBPort.java:82)
	at com.mongodb.DBPort.say(DBPort.java:77)
	at com.mongodb.DBTCPConnector.say(DBTCPConnector.java:146)
</error>
  </testcase>
  <testcase classname="net.ion.radon.repository.TestQueryMDL" name="testQueryUpdate" time="64.172">
    <error message="can&apos;t say something" type="com.mongodb.MongoException$Network">com.mongodb.MongoException$Network: can&apos;t say something
	at com.mongodb.DBTCPConnector.say(DBTCPConnector.java:159)
	at com.mongodb.DBTCPConnector.say(DBTCPConnector.java:132)
	at com.mongodb.DBApiLayer$MyCollection.insert(DBApiLayer.java:262)
	at com.mongodb.DBApiLayer$MyCollection.createIndex(DBApiLayer.java:354)
	at com.mongodb.DBCollection.ensureIndex(DBCollection.java:444)
	at com.mongodb.DBCollection.ensureIndex(DBCollection.java:392)
	at net.ion.radon.repository.Workspace.createWorkspace(Workspace.java:64)
	at net.ion.radon.repository.Workspace.load(Workspace.java:43)
	at net.ion.radon.repository.Repository.getWorkspace(Repository.java:28)
	at net.ion.radon.repository.LocalSession.getCurrentWorkspace(LocalSession.java:147)
	at net.ion.radon.repository.LocalSession.dropWorkspace(LocalSession.java:76)
	at net.ion.radon.repository.TestBaseRepository.setUp(TestBaseRepository.java:17)
Caused by: java.io.IOException: couldn&apos;t connect to [/61.250.201.78:27017] bc:java.net.ConnectException: Connection timed out: connect
	at com.mongodb.DBPort._open(DBPort.java:224)
	at com.mongodb.DBPort.go(DBPort.java:101)
	at com.mongodb.DBPort.go(DBPort.java:82)
	at com.mongodb.DBPort.say(DBPort.java:77)
	at com.mongodb.DBTCPConnector.say(DBTCPConnector.java:146)
</error>
  </testcase>
  <testcase classname="net.ion.radon.repository.TestAdvanceQuery" name="testAnd" time="63.781">
    <error message="can&apos;t say something" type="com.mongodb.MongoException$Network">com.mongodb.MongoException$Network: can&apos;t say something
	at com.mongodb.DBTCPConnector.say(DBTCPConnector.java:159)
	at com.mongodb.DBTCPConnector.say(DBTCPConnector.java:132)
	at com.mongodb.DBApiLayer$MyCollection.insert(DBApiLayer.java:262)
	at com.mongodb.DBApiLayer$MyCollection.createIndex(DBApiLayer.java:354)
	at com.mongodb.DBCollection.ensureIndex(DBCollection.java:444)
	at com.mongodb.DBCollection.ensureIndex(DBCollection.java:392)
	at net.ion.radon.repository.Workspace.createWorkspace(Workspace.java:64)
	at net.ion.radon.repository.Workspace.load(Workspace.java:43)
	at net.ion.radon.repository.Repository.getWorkspace(Repository.java:28)
	at net.ion.radon.repository.LocalSession.getCurrentWorkspace(LocalSession.java:147)
	at net.ion.radon.repository.LocalSession.dropWorkspace(LocalSession.java:76)
	at net.ion.radon.repository.TestBaseRepository.setUp(TestBaseRepository.java:17)
Caused by: java.io.IOException: couldn&apos;t connect to [/61.250.201.78:27017] bc:java.net.ConnectException: Connection timed out: connect
	at com.mongodb.DBPort._open(DBPort.java:224)
	at com.mongodb.DBPort.go(DBPort.java:101)
	at com.mongodb.DBPort.go(DBPort.java:82)
	at com.mongodb.DBPort.say(DBPort.java:77)
	at com.mongodb.DBTCPConnector.say(DBTCPConnector.java:146)
</error>
  </testcase>
  <testcase classname="net.ion.radon.repository.TestAdvanceQuery" name="testNotify" time="62.953">
    <error message="can&apos;t say something" type="com.mongodb.MongoException$Network">com.mongodb.MongoException$Network: can&apos;t say something
	at com.mongodb.DBTCPConnector.say(DBTCPConnector.java:159)
	at com.mongodb.DBTCPConnector.say(DBTCPConnector.java:132)
	at com.mongodb.DBApiLayer$MyCollection.insert(DBApiLayer.java:262)
	at com.mongodb.DBApiLayer$MyCollection.createIndex(DBApiLayer.java:354)
	at com.mongodb.DBCollection.ensureIndex(DBCollection.java:444)
	at com.mongodb.DBCollection.ensureIndex(DBCollection.java:392)
	at net.ion.radon.repository.Workspace.createWorkspace(Workspace.java:64)
	at net.ion.radon.repository.Workspace.load(Workspace.java:43)
	at net.ion.radon.repository.Repository.getWorkspace(Repository.java:28)
	at net.ion.radon.repository.LocalSession.getCurrentWorkspace(LocalSession.java:147)
	at net.ion.radon.repository.LocalSession.dropWorkspace(LocalSession.java:76)
	at net.ion.radon.repository.TestBaseRepository.setUp(TestBaseRepository.java:17)
Caused by: java.io.IOException: couldn&apos;t connect to [/61.250.201.78:27017] bc:java.net.ConnectException: Connection timed out: connect
	at com.mongodb.DBPort._open(DBPort.java:224)
	at com.mongodb.DBPort.go(DBPort.java:101)
	at com.mongodb.DBPort.go(DBPort.java:82)
	at com.mongodb.DBPort.say(DBPort.java:77)
	at com.mongodb.DBTCPConnector.say(DBTCPConnector.java:146)
</error>
  </testcase>
  <testcase classname="net.ion.radon.repository.ics.TestAradonQuery" name="testExecQuery" time="63.062">
    <error message="can&apos;t say something" type="com.mongodb.MongoException$Network">com.mongodb.MongoException$Network: can&apos;t say something
	at com.mongodb.DBTCPConnector.say(DBTCPConnector.java:159)
	at com.mongodb.DBTCPConnector.say(DBTCPConnector.java:132)
	at com.mongodb.DBApiLayer$MyCollection.insert(DBApiLayer.java:262)
	at com.mongodb.DBApiLayer$MyCollection.createIndex(DBApiLayer.java:354)
	at com.mongodb.DBCollection.ensureIndex(DBCollection.java:444)
	at com.mongodb.DBCollection.ensureIndex(DBCollection.java:392)
	at net.ion.radon.repository.Workspace.createWorkspace(Workspace.java:64)
	at net.ion.radon.repository.Workspace.load(Workspace.java:43)
	at net.ion.radon.repository.Repository.getWorkspace(Repository.java:28)
	at net.ion.radon.repository.LocalSession.getCurrentWorkspace(LocalSession.java:147)
	at net.ion.radon.repository.LocalSession.dropWorkspace(LocalSession.java:76)
	at net.ion.radon.repository.TestBaseRepository.setUp(TestBaseRepository.java:17)
Caused by: java.io.IOException: couldn&apos;t connect to [/61.250.201.78:27017] bc:java.net.ConnectException: Connection timed out: connect
	at com.mongodb.DBPort._open(DBPort.java:224)
	at com.mongodb.DBPort.go(DBPort.java:101)
	at com.mongodb.DBPort.go(DBPort.java:82)
	at com.mongodb.DBPort.say(DBPort.java:77)
	at com.mongodb.DBTCPConnector.say(DBTCPConnector.java:146)
</error>
  </testcase>
  <testcase classname="net.ion.radon.repository.ics.TestAradonQuery" name="testTypeConvert" time="63.063">
    <error message="can&apos;t say something" type="com.mongodb.MongoException$Network">com.mongodb.MongoException$Network: can&apos;t say something
	at com.mongodb.DBTCPConnector.say(DBTCPConnector.java:159)
	at com.mongodb.DBTCPConnector.say(DBTCPConnector.java:132)
	at com.mongodb.DBApiLayer$MyCollection.insert(DBApiLayer.java:262)
	at com.mongodb.DBApiLayer$MyCollection.createIndex(DBApiLayer.java:354)
	at com.mongodb.DBCollection.ensureIndex(DBCollection.java:444)
	at com.mongodb.DBCollection.ensureIndex(DBCollection.java:392)
	at net.ion.radon.repository.Workspace.createWorkspace(Workspace.java:64)
	at net.ion.radon.repository.Workspace.load(Workspace.java:43)
	at net.ion.radon.repository.Repository.getWorkspace(Repository.java:28)
	at net.ion.radon.repository.LocalSession.getCurrentWorkspace(LocalSession.java:147)
	at net.ion.radon.repository.LocalSession.dropWorkspace(LocalSession.java:76)
	at net.ion.radon.repository.TestBaseRepository.setUp(TestBaseRepository.java:17)
Caused by: java.io.IOException: couldn&apos;t connect to [/61.250.201.78:27017] bc:java.net.ConnectException: Connection timed out: connect
	at com.mongodb.DBPort._open(DBPort.java:224)
	at com.mongodb.DBPort.go(DBPort.java:101)
	at com.mongodb.DBPort.go(DBPort.java:82)
	at com.mongodb.DBPort.say(DBPort.java:77)
	at com.mongodb.DBTCPConnector.say(DBTCPConnector.java:146)
</error>
  </testcase>
  <testcase classname="net.ion.radon.repository.TestRepositoryCentral" name="testCreate" time="63.062">
    <error message="can&apos;t say something" type="com.mongodb.MongoException$Network">com.mongodb.MongoException$Network: can&apos;t say something
	at com.mongodb.DBTCPConnector.say(DBTCPConnector.java:159)
	at com.mongodb.DBTCPConnector.say(DBTCPConnector.java:132)
	at com.mongodb.DBApiLayer$MyCollection.insert(DBApiLayer.java:262)
	at com.mongodb.DBApiLayer$MyCollection.createIndex(DBApiLayer.java:354)
	at com.mongodb.DBCollection.ensureIndex(DBCollection.java:444)
	at com.mongodb.DBCollection.ensureIndex(DBCollection.java:392)
	at net.ion.radon.repository.Workspace.createWorkspace(Workspace.java:64)
	at net.ion.radon.repository.Workspace.load(Workspace.java:43)
	at net.ion.radon.repository.Repository.getWorkspace(Repository.java:28)
	at net.ion.radon.repository.LocalSession.getCurrentWorkspace(LocalSession.java:147)
	at net.ion.radon.repository.LocalSession.dropWorkspace(LocalSession.java:76)
	at net.ion.radon.repository.TestRepositoryCentral.testCreate(TestRepositoryCentral.java:12)
Caused by: java.io.IOException: couldn&apos;t connect to [/61.250.201.78:27017] bc:java.net.ConnectException: Connection timed out: connect
	at com.mongodb.DBPort._open(DBPort.java:224)
	at com.mongodb.DBPort.go(DBPort.java:101)
	at com.mongodb.DBPort.go(DBPort.java:82)
	at com.mongodb.DBPort.say(DBPort.java:77)
	at com.mongodb.DBTCPConnector.say(DBTCPConnector.java:146)
</error>
  </testcase>
  <testcase classname="net.ion.radon.repository.TestRepositoryCentral" name="testSameMongo" time="0.0" />
  <testcase classname="net.ion.radon.repository.TestSession" name="testParentChild2" time="63.266">
    <error message="can&apos;t say something" type="com.mongodb.MongoException$Network">com.mongodb.MongoException$Network: can&apos;t say something
	at com.mongodb.DBTCPConnector.say(DBTCPConnector.java:159)
	at com.mongodb.DBTCPConnector.say(DBTCPConnector.java:132)
	at com.mongodb.DBApiLayer$MyCollection.insert(DBApiLayer.java:262)
	at com.mongodb.DBApiLayer$MyCollection.createIndex(DBApiLayer.java:354)
	at com.mongodb.DBCollection.ensureIndex(DBCollection.java:444)
	at com.mongodb.DBCollection.ensureIndex(DBCollection.java:392)
	at net.ion.radon.repository.Workspace.createWorkspace(Workspace.java:64)
	at net.ion.radon.repository.Workspace.load(Workspace.java:43)
	at net.ion.radon.repository.Repository.getWorkspace(Repository.java:28)
	at net.ion.radon.repository.LocalSession.getCurrentWorkspace(LocalSession.java:147)
	at net.ion.radon.repository.LocalSession.newNode(LocalSession.java:81)
	at net.ion.radon.repository.TestSession.testParentChild2(TestSession.java:18)
Caused by: java.io.IOException: couldn&apos;t connect to [/61.250.201.78:27017] bc:java.net.ConnectException: Connection timed out: connect
	at com.mongodb.DBPort._open(DBPort.java:224)
	at com.mongodb.DBPort.go(DBPort.java:101)
	at com.mongodb.DBPort.go(DBPort.java:82)
	at com.mongodb.DBPort.say(DBPort.java:77)
	at com.mongodb.DBTCPConnector.say(DBTCPConnector.java:146)
</error>
  </testcase>
  <testcase classname="net.ion.radon.repository.TestSession" name="testSameSessionInSameThread" time="0.0" />
  <testcase classname="net.ion.radon.repository.TestSession" name="testSessionLogout" time="0.0" />
  <testcase classname="net.ion.radon.repository.TestSession" name="testThread" time="63.078">
    <error message="can&apos;t say something" type="com.mongodb.MongoException$Network">com.mongodb.MongoException$Network: can&apos;t say something
	at com.mongodb.DBTCPConnector.say(DBTCPConnector.java:159)
	at com.mongodb.DBTCPConnector.say(DBTCPConnector.java:132)
	at com.mongodb.DBApiLayer$MyCollection.insert(DBApiLayer.java:262)
	at com.mongodb.DBApiLayer$MyCollection.createIndex(DBApiLayer.java:354)
	at com.mongodb.DBCollection.ensureIndex(DBCollection.java:444)
	at com.mongodb.DBCollection.ensureIndex(DBCollection.java:392)
	at net.ion.radon.repository.Workspace.createWorkspace(Workspace.java:64)
	at net.ion.radon.repository.Workspace.load(Workspace.java:43)
	at net.ion.radon.repository.Repository.getWorkspace(Repository.java:28)
	at net.ion.radon.repository.LocalSession.getCurrentWorkspace(LocalSession.java:147)
	at net.ion.radon.repository.LocalSession.dropWorkspace(LocalSession.java:76)
	at net.ion.radon.repository.TestSession.testThread(TestSession.java:66)
Caused by: java.io.IOException: couldn&apos;t connect to [/61.250.201.78:27017] bc:java.net.ConnectException: Connection timed out: connect
	at com.mongodb.DBPort._open(DBPort.java:224)
	at com.mongodb.DBPort.go(DBPort.java:101)
	at com.mongodb.DBPort.go(DBPort.java:82)
	at com.mongodb.DBPort.say(DBPort.java:77)
	at com.mongodb.DBTCPConnector.say(DBTCPConnector.java:146)
</error>
  </testcase>
  <testcase classname="net.ion.radon.repository.TestWorkspace" name="testWorkspace2" time="62.953">
    <error message="can&apos;t say something" type="com.mongodb.MongoException$Network">com.mongodb.MongoException$Network: can&apos;t say something
	at com.mongodb.DBTCPConnector.say(DBTCPConnector.java:159)
	at com.mongodb.DBTCPConnector.say(DBTCPConnector.java:132)
	at com.mongodb.DBApiLayer$MyCollection.insert(DBApiLayer.java:262)
	at com.mongodb.DBApiLayer$MyCollection.createIndex(DBApiLayer.java:354)
	at com.mongodb.DBCollection.ensureIndex(DBCollection.java:444)
	at com.mongodb.DBCollection.ensureIndex(DBCollection.java:392)
	at net.ion.radon.repository.Workspace.createWorkspace(Workspace.java:64)
	at net.ion.radon.repository.Workspace.load(Workspace.java:43)
	at net.ion.radon.repository.Repository.getWorkspace(Repository.java:28)
	at net.ion.radon.repository.LocalSession.getCurrentWorkspace(LocalSession.java:147)
	at net.ion.radon.repository.LocalSession.dropWorkspace(LocalSession.java:76)
	at net.ion.radon.repository.TestBaseRepository.setUp(TestBaseRepository.java:17)
Caused by: java.io.IOException: couldn&apos;t connect to [/61.250.201.78:27017] bc:java.net.ConnectException: Connection timed out: connect
	at com.mongodb.DBPort._open(DBPort.java:224)
	at com.mongodb.DBPort.go(DBPort.java:101)
	at com.mongodb.DBPort.go(DBPort.java:82)
	at com.mongodb.DBPort.say(DBPort.java:77)
	at com.mongodb.DBTCPConnector.say(DBTCPConnector.java:146)
</error>
  </testcase>
  <testcase classname="net.ion.radon.repository.TestWorkspace" name="testSessionSave" time="62.969">
    <error message="can&apos;t say something" type="com.mongodb.MongoException$Network">com.mongodb.MongoException$Network: can&apos;t say something
	at com.mongodb.DBTCPConnector.say(DBTCPConnector.java:159)
	at com.mongodb.DBTCPConnector.say(DBTCPConnector.java:132)
	at com.mongodb.DBApiLayer$MyCollection.insert(DBApiLayer.java:262)
	at com.mongodb.DBApiLayer$MyCollection.createIndex(DBApiLayer.java:354)
	at com.mongodb.DBCollection.ensureIndex(DBCollection.java:444)
	at com.mongodb.DBCollection.ensureIndex(DBCollection.java:392)
	at net.ion.radon.repository.Workspace.createWorkspace(Workspace.java:64)
	at net.ion.radon.repository.Workspace.load(Workspace.java:43)
	at net.ion.radon.repository.Repository.getWorkspace(Repository.java:28)
	at net.ion.radon.repository.LocalSession.getCurrentWorkspace(LocalSession.java:147)
	at net.ion.radon.repository.LocalSession.dropWorkspace(LocalSession.java:76)
	at net.ion.radon.repository.TestBaseRepository.setUp(TestBaseRepository.java:17)
Caused by: java.io.IOException: couldn&apos;t connect to [/61.250.201.78:27017] bc:java.net.ConnectException: Connection timed out: connect
	at com.mongodb.DBPort._open(DBPort.java:224)
	at com.mongodb.DBPort.go(DBPort.java:101)
	at com.mongodb.DBPort.go(DBPort.java:82)
	at com.mongodb.DBPort.say(DBPort.java:77)
	at com.mongodb.DBTCPConnector.say(DBTCPConnector.java:146)
</error>
  </testcase>
  <testcase classname="net.ion.radon.repository.TestWorkspace" name="testConplict" time="63.078">
    <error message="can&apos;t say something" type="com.mongodb.MongoException$Network">com.mongodb.MongoException$Network: can&apos;t say something
	at com.mongodb.DBTCPConnector.say(DBTCPConnector.java:159)
	at com.mongodb.DBTCPConnector.say(DBTCPConnector.java:132)
	at com.mongodb.DBApiLayer$MyCollection.insert(DBApiLayer.java:262)
	at com.mongodb.DBApiLayer$MyCollection.createIndex(DBApiLayer.java:354)
	at com.mongodb.DBCollection.ensureIndex(DBCollection.java:444)
	at com.mongodb.DBCollection.ensureIndex(DBCollection.java:392)
	at net.ion.radon.repository.Workspace.createWorkspace(Workspace.java:64)
	at net.ion.radon.repository.Workspace.load(Workspace.java:43)
	at net.ion.radon.repository.Repository.getWorkspace(Repository.java:28)
	at net.ion.radon.repository.LocalSession.getCurrentWorkspace(LocalSession.java:147)
	at net.ion.radon.repository.LocalSession.dropWorkspace(LocalSession.java:76)
	at net.ion.radon.repository.TestBaseRepository.setUp(TestBaseRepository.java:17)
Caused by: java.io.IOException: couldn&apos;t connect to [/61.250.201.78:27017] bc:java.net.ConnectException: Connection timed out: connect
	at com.mongodb.DBPort._open(DBPort.java:224)
	at com.mongodb.DBPort.go(DBPort.java:101)
	at com.mongodb.DBPort.go(DBPort.java:82)
	at com.mongodb.DBPort.say(DBPort.java:77)
	at com.mongodb.DBTCPConnector.say(DBTCPConnector.java:146)
</error>
  </testcase>
  <testcase classname="net.ion.radon.repository.TestWorkspace" name="testWorkspace" time="63.562">
    <error message="can&apos;t say something" type="com.mongodb.MongoException$Network">com.mongodb.MongoException$Network: can&apos;t say something
	at com.mongodb.DBTCPConnector.say(DBTCPConnector.java:159)
	at com.mongodb.DBTCPConnector.say(DBTCPConnector.java:132)
	at com.mongodb.DBApiLayer$MyCollection.insert(DBApiLayer.java:262)
	at com.mongodb.DBApiLayer$MyCollection.createIndex(DBApiLayer.java:354)
	at com.mongodb.DBCollection.ensureIndex(DBCollection.java:444)
	at com.mongodb.DBCollection.ensureIndex(DBCollection.java:392)
	at net.ion.radon.repository.Workspace.createWorkspace(Workspace.java:64)
	at net.ion.radon.repository.Workspace.load(Workspace.java:43)
	at net.ion.radon.repository.Repository.getWorkspace(Repository.java:28)
	at net.ion.radon.repository.LocalSession.getCurrentWorkspace(LocalSession.java:147)
	at net.ion.radon.repository.LocalSession.dropWorkspace(LocalSession.java:76)
	at net.ion.radon.repository.TestBaseRepository.setUp(TestBaseRepository.java:17)
Caused by: java.io.IOException: couldn&apos;t connect to [/61.250.201.78:27017] bc:java.net.ConnectException: Connection timed out: connect
	at com.mongodb.DBPort._open(DBPort.java:224)
	at com.mongodb.DBPort.go(DBPort.java:101)
	at com.mongodb.DBPort.go(DBPort.java:82)
	at com.mongodb.DBPort.say(DBPort.java:77)
	at com.mongodb.DBTCPConnector.say(DBTCPConnector.java:146)
</error>
  </testcase>
  <testcase classname="net.ion.radon.repository.TestWorkspace" name="testCache" time="63.469">
    <error message="can&apos;t say something" type="com.mongodb.MongoException$Network">com.mongodb.MongoException$Network: can&apos;t say something
	at com.mongodb.DBTCPConnector.say(DBTCPConnector.java:159)
	at com.mongodb.DBTCPConnector.say(DBTCPConnector.java:132)
	at com.mongodb.DBApiLayer$MyCollection.insert(DBApiLayer.java:262)
	at com.mongodb.DBApiLayer$MyCollection.createIndex(DBApiLayer.java:354)
	at com.mongodb.DBCollection.ensureIndex(DBCollection.java:444)
	at com.mongodb.DBCollection.ensureIndex(DBCollection.java:392)
	at net.ion.radon.repository.Workspace.createWorkspace(Workspace.java:64)
	at net.ion.radon.repository.Workspace.load(Workspace.java:43)
	at net.ion.radon.repository.Repository.getWorkspace(Repository.java:28)
	at net.ion.radon.repository.LocalSession.getCurrentWorkspace(LocalSession.java:147)
	at net.ion.radon.repository.LocalSession.dropWorkspace(LocalSession.java:76)
	at net.ion.radon.repository.TestBaseRepository.setUp(TestBaseRepository.java:17)
Caused by: java.io.IOException: couldn&apos;t connect to [/61.250.201.78:27017] bc:java.net.ConnectException: Connection timed out: connect
	at com.mongodb.DBPort._open(DBPort.java:224)
	at com.mongodb.DBPort.go(DBPort.java:101)
	at com.mongodb.DBPort.go(DBPort.java:82)
	at com.mongodb.DBPort.say(DBPort.java:77)
	at com.mongodb.DBTCPConnector.say(DBTCPConnector.java:146)
</error>
  </testcase>
  <testcase classname="net.ion.radon.repository.TestWorkspace" name="testWorkspaceCaseSensitiveName" time="63.266">
    <error message="can&apos;t say something" type="com.mongodb.MongoException$Network">com.mongodb.MongoException$Network: can&apos;t say something
	at com.mongodb.DBTCPConnector.say(DBTCPConnector.java:159)
	at com.mongodb.DBTCPConnector.say(DBTCPConnector.java:132)
	at com.mongodb.DBApiLayer$MyCollection.insert(DBApiLayer.java:262)
	at com.mongodb.DBApiLayer$MyCollection.createIndex(DBApiLayer.java:354)
	at com.mongodb.DBCollection.ensureIndex(DBCollection.java:444)
	at com.mongodb.DBCollection.ensureIndex(DBCollection.java:392)
	at net.ion.radon.repository.Workspace.createWorkspace(Workspace.java:64)
	at net.ion.radon.repository.Workspace.load(Workspace.java:43)
	at net.ion.radon.repository.Repository.getWorkspace(Repository.java:28)
	at net.ion.radon.repository.LocalSession.getCurrentWorkspace(LocalSession.java:147)
	at net.ion.radon.repository.LocalSession.dropWorkspace(LocalSession.java:76)
	at net.ion.radon.repository.TestBaseRepository.setUp(TestBaseRepository.java:17)
Caused by: java.io.IOException: couldn&apos;t connect to [/61.250.201.78:27017] bc:java.net.ConnectException: Connection timed out: connect
	at com.mongodb.DBPort._open(DBPort.java:224)
	at com.mongodb.DBPort.go(DBPort.java:101)
	at com.mongodb.DBPort.go(DBPort.java:82)
	at com.mongodb.DBPort.say(DBPort.java:77)
	at com.mongodb.DBTCPConnector.say(DBTCPConnector.java:146)
</error>
  </testcase>
  <testcase classname="net.ion.radon.repository.innode.TestInPut" name="testCase" time="63.172">
    <error message="can&apos;t say something" type="com.mongodb.MongoException$Network">com.mongodb.MongoException$Network: can&apos;t say something
	at com.mongodb.DBTCPConnector.say(DBTCPConnector.java:159)
	at com.mongodb.DBTCPConnector.say(DBTCPConnector.java:132)
	at com.mongodb.DBApiLayer$MyCollection.insert(DBApiLayer.java:262)
	at com.mongodb.DBApiLayer$MyCollection.createIndex(DBApiLayer.java:354)
	at com.mongodb.DBCollection.ensureIndex(DBCollection.java:444)
	at com.mongodb.DBCollection.ensureIndex(DBCollection.java:392)
	at net.ion.radon.repository.Workspace.createWorkspace(Workspace.java:64)
	at net.ion.radon.repository.Workspace.load(Workspace.java:43)
	at net.ion.radon.repository.Repository.getWorkspace(Repository.java:28)
	at net.ion.radon.repository.LocalSession.getCurrentWorkspace(LocalSession.java:147)
	at net.ion.radon.repository.LocalSession.dropWorkspace(LocalSession.java:76)
	at net.ion.radon.repository.TestBaseRepository.setUp(TestBaseRepository.java:17)
Caused by: java.io.IOException: couldn&apos;t connect to [/61.250.201.78:27017] bc:java.net.ConnectException: Connection timed out: connect
	at com.mongodb.DBPort._open(DBPort.java:224)
	at com.mongodb.DBPort.go(DBPort.java:101)
	at com.mongodb.DBPort.go(DBPort.java:82)
	at com.mongodb.DBPort.say(DBPort.java:77)
	at com.mongodb.DBTCPConnector.say(DBTCPConnector.java:146)
</error>
  </testcase>
  <testcase classname="net.ion.radon.repository.innode.TestInPut" name="testPath" time="63.171">
    <error message="can&apos;t say something" type="com.mongodb.MongoException$Network">com.mongodb.MongoException$Network: can&apos;t say something
	at com.mongodb.DBTCPConnector.say(DBTCPConnector.java:159)
	at com.mongodb.DBTCPConnector.say(DBTCPConnector.java:132)
	at com.mongodb.DBApiLayer$MyCollection.insert(DBApiLayer.java:262)
	at com.mongodb.DBApiLayer$MyCollection.createIndex(DBApiLayer.java:354)
	at com.mongodb.DBCollection.ensureIndex(DBCollection.java:444)
	at com.mongodb.DBCollection.ensureIndex(DBCollection.java:392)
	at net.ion.radon.repository.Workspace.createWorkspace(Workspace.java:64)
	at net.ion.radon.repository.Workspace.load(Workspace.java:43)
	at net.ion.radon.repository.Repository.getWorkspace(Repository.java:28)
	at net.ion.radon.repository.LocalSession.getCurrentWorkspace(LocalSession.java:147)
	at net.ion.radon.repository.LocalSession.dropWorkspace(LocalSession.java:76)
	at net.ion.radon.repository.TestBaseRepository.setUp(TestBaseRepository.java:17)
Caused by: java.io.IOException: couldn&apos;t connect to [/61.250.201.78:27017] bc:java.net.ConnectException: Connection timed out: connect
	at com.mongodb.DBPort._open(DBPort.java:224)
	at com.mongodb.DBPort.go(DBPort.java:101)
	at com.mongodb.DBPort.go(DBPort.java:82)
	at com.mongodb.DBPort.say(DBPort.java:77)
	at com.mongodb.DBTCPConnector.say(DBTCPConnector.java:146)
</error>
  </testcase>
  <testcase classname="net.ion.radon.repository.innode.TestInPut" name="testQuery" time="63.375">
    <error message="can&apos;t say something" type="com.mongodb.MongoException$Network">com.mongodb.MongoException$Network: can&apos;t say something
	at com.mongodb.DBTCPConnector.say(DBTCPConnector.java:159)
	at com.mongodb.DBTCPConnector.say(DBTCPConnector.java:132)
	at com.mongodb.DBApiLayer$MyCollection.insert(DBApiLayer.java:262)
	at com.mongodb.DBApiLayer$MyCollection.createIndex(DBApiLayer.java:354)
	at com.mongodb.DBCollection.ensureIndex(DBCollection.java:444)
	at com.mongodb.DBCollection.ensureIndex(DBCollection.java:392)
	at net.ion.radon.repository.Workspace.createWorkspace(Workspace.java:64)
	at net.ion.radon.repository.Workspace.load(Workspace.java:43)
	at net.ion.radon.repository.Repository.getWorkspace(Repository.java:28)
	at net.ion.radon.repository.LocalSession.getCurrentWorkspace(LocalSession.java:147)
	at net.ion.radon.repository.LocalSession.dropWorkspace(LocalSession.java:76)
	at net.ion.radon.repository.TestBaseRepository.setUp(TestBaseRepository.java:17)
Caused by: java.io.IOException: couldn&apos;t connect to [/61.250.201.78:27017] bc:java.net.ConnectException: Connection timed out: connect
	at com.mongodb.DBPort._open(DBPort.java:224)
	at com.mongodb.DBPort.go(DBPort.java:101)
	at com.mongodb.DBPort.go(DBPort.java:82)
	at com.mongodb.DBPort.say(DBPort.java:77)
	at com.mongodb.DBTCPConnector.say(DBTCPConnector.java:146)
</error>
  </testcase>
  <testcase classname="net.ion.radon.repository.innode.TestInListNode" name="testGet" time="63.469">
    <error message="can&apos;t say something" type="com.mongodb.MongoException$Network">com.mongodb.MongoException$Network: can&apos;t say something
	at com.mongodb.DBTCPConnector.say(DBTCPConnector.java:159)
	at com.mongodb.DBTCPConnector.say(DBTCPConnector.java:132)
	at com.mongodb.DBApiLayer$MyCollection.insert(DBApiLayer.java:262)
	at com.mongodb.DBApiLayer$MyCollection.createIndex(DBApiLayer.java:354)
	at com.mongodb.DBCollection.ensureIndex(DBCollection.java:444)
	at com.mongodb.DBCollection.ensureIndex(DBCollection.java:392)
	at net.ion.radon.repository.Workspace.createWorkspace(Workspace.java:64)
	at net.ion.radon.repository.Workspace.load(Workspace.java:43)
	at net.ion.radon.repository.Repository.getWorkspace(Repository.java:28)
	at net.ion.radon.repository.LocalSession.getCurrentWorkspace(LocalSession.java:147)
	at net.ion.radon.repository.LocalSession.dropWorkspace(LocalSession.java:76)
	at net.ion.radon.repository.TestBaseRepository.setUp(TestBaseRepository.java:17)
Caused by: java.io.IOException: couldn&apos;t connect to [/61.250.201.78:27017] bc:java.net.ConnectException: Connection timed out: connect
	at com.mongodb.DBPort._open(DBPort.java:224)
	at com.mongodb.DBPort.go(DBPort.java:101)
	at com.mongodb.DBPort.go(DBPort.java:82)
	at com.mongodb.DBPort.say(DBPort.java:77)
	at com.mongodb.DBTCPConnector.say(DBTCPConnector.java:146)
</error>
  </testcase>
  <testcase classname="net.ion.radon.repository.innode.TestInListNode" name="testExist" time="63.063">
    <error message="can&apos;t say something" type="com.mongodb.MongoException$Network">com.mongodb.MongoException$Network: can&apos;t say something
	at com.mongodb.DBTCPConnector.say(DBTCPConnector.java:159)
	at com.mongodb.DBTCPConnector.say(DBTCPConnector.java:132)
	at com.mongodb.DBApiLayer$MyCollection.insert(DBApiLayer.java:262)
	at com.mongodb.DBApiLayer$MyCollection.createIndex(DBApiLayer.java:354)
	at com.mongodb.DBCollection.ensureIndex(DBCollection.java:444)
	at com.mongodb.DBCollection.ensureIndex(DBCollection.java:392)
	at net.ion.radon.repository.Workspace.createWorkspace(Workspace.java:64)
	at net.ion.radon.repository.Workspace.load(Workspace.java:43)
	at net.ion.radon.repository.Repository.getWorkspace(Repository.java:28)
	at net.ion.radon.repository.LocalSession.getCurrentWorkspace(LocalSession.java:147)
	at net.ion.radon.repository.LocalSession.dropWorkspace(LocalSession.java:76)
	at net.ion.radon.repository.TestBaseRepository.setUp(TestBaseRepository.java:17)
Caused by: java.io.IOException: couldn&apos;t connect to [/61.250.201.78:27017] bc:java.net.ConnectException: Connection timed out: connect
	at com.mongodb.DBPort._open(DBPort.java:224)
	at com.mongodb.DBPort.go(DBPort.java:101)
	at com.mongodb.DBPort.go(DBPort.java:82)
	at com.mongodb.DBPort.say(DBPort.java:77)
	at com.mongodb.DBTCPConnector.say(DBTCPConnector.java:146)
</error>
  </testcase>
  <testcase classname="net.ion.radon.repository.innode.TestInListNode" name="testEqualFilter" time="63.172">
    <error message="can&apos;t say something" type="com.mongodb.MongoException$Network">com.mongodb.MongoException$Network: can&apos;t say something
	at com.mongodb.DBTCPConnector.say(DBTCPConnector.java:159)
	at com.mongodb.DBTCPConnector.say(DBTCPConnector.java:132)
	at com.mongodb.DBApiLayer$MyCollection.insert(DBApiLayer.java:262)
	at com.mongodb.DBApiLayer$MyCollection.createIndex(DBApiLayer.java:354)
	at com.mongodb.DBCollection.ensureIndex(DBCollection.java:444)
	at com.mongodb.DBCollection.ensureIndex(DBCollection.java:392)
	at net.ion.radon.repository.Workspace.createWorkspace(Workspace.java:64)
	at net.ion.radon.repository.Workspace.load(Workspace.java:43)
	at net.ion.radon.repository.Repository.getWorkspace(Repository.java:28)
	at net.ion.radon.repository.LocalSession.getCurrentWorkspace(LocalSession.java:147)
	at net.ion.radon.repository.LocalSession.dropWorkspace(LocalSession.java:76)
	at net.ion.radon.repository.TestBaseRepository.setUp(TestBaseRepository.java:17)
Caused by: java.io.IOException: couldn&apos;t connect to [/61.250.201.78:27017] bc:java.net.ConnectException: Connection timed out: connect
	at com.mongodb.DBPort._open(DBPort.java:224)
	at com.mongodb.DBPort.go(DBPort.java:101)
	at com.mongodb.DBPort.go(DBPort.java:82)
	at com.mongodb.DBPort.say(DBPort.java:77)
	at com.mongodb.DBTCPConnector.say(DBTCPConnector.java:146)
</error>
  </testcase>
  <testcase classname="net.ion.radon.repository.innode.TestInListNode" name="testNotEqualFilter" time="63.062">
    <error message="can&apos;t say something" type="com.mongodb.MongoException$Network">com.mongodb.MongoException$Network: can&apos;t say something
	at com.mongodb.DBTCPConnector.say(DBTCPConnector.java:159)
	at com.mongodb.DBTCPConnector.say(DBTCPConnector.java:132)
	at com.mongodb.DBApiLayer$MyCollection.insert(DBApiLayer.java:262)
	at com.mongodb.DBApiLayer$MyCollection.createIndex(DBApiLayer.java:354)
	at com.mongodb.DBCollection.ensureIndex(DBCollection.java:444)
	at com.mongodb.DBCollection.ensureIndex(DBCollection.java:392)
	at net.ion.radon.repository.Workspace.createWorkspace(Workspace.java:64)
	at net.ion.radon.repository.Workspace.load(Workspace.java:43)
	at net.ion.radon.repository.Repository.getWorkspace(Repository.java:28)
	at net.ion.radon.repository.LocalSession.getCurrentWorkspace(LocalSession.java:147)
	at net.ion.radon.repository.LocalSession.dropWorkspace(LocalSession.java:76)
	at net.ion.radon.repository.TestBaseRepository.setUp(TestBaseRepository.java:17)
Caused by: java.io.IOException: couldn&apos;t connect to [/61.250.201.78:27017] bc:java.net.ConnectException: Connection timed out: connect
	at com.mongodb.DBPort._open(DBPort.java:224)
	at com.mongodb.DBPort.go(DBPort.java:101)
	at com.mongodb.DBPort.go(DBPort.java:82)
	at com.mongodb.DBPort.say(DBPort.java:77)
	at com.mongodb.DBTCPConnector.say(DBTCPConnector.java:146)
</error>
  </testcase>
  <testcase classname="net.ion.radon.repository.innode.TestInListNode" name="testGreater" time="63.063">
    <error message="can&apos;t say something" type="com.mongodb.MongoException$Network">com.mongodb.MongoException$Network: can&apos;t say something
	at com.mongodb.DBTCPConnector.say(DBTCPConnector.java:159)
	at com.mongodb.DBTCPConnector.say(DBTCPConnector.java:132)
	at com.mongodb.DBApiLayer$MyCollection.insert(DBApiLayer.java:262)
	at com.mongodb.DBApiLayer$MyCollection.createIndex(DBApiLayer.java:354)
	at com.mongodb.DBCollection.ensureIndex(DBCollection.java:444)
	at com.mongodb.DBCollection.ensureIndex(DBCollection.java:392)
	at net.ion.radon.repository.Workspace.createWorkspace(Workspace.java:64)
	at net.ion.radon.repository.Workspace.load(Workspace.java:43)
	at net.ion.radon.repository.Repository.getWorkspace(Repository.java:28)
	at net.ion.radon.repository.LocalSession.getCurrentWorkspace(LocalSession.java:147)
	at net.ion.radon.repository.LocalSession.dropWorkspace(LocalSession.java:76)
	at net.ion.radon.repository.TestBaseRepository.setUp(TestBaseRepository.java:17)
Caused by: java.io.IOException: couldn&apos;t connect to [/61.250.201.78:27017] bc:java.net.ConnectException: Connection timed out: connect
	at com.mongodb.DBPort._open(DBPort.java:224)
	at com.mongodb.DBPort.go(DBPort.java:101)
	at com.mongodb.DBPort.go(DBPort.java:82)
	at com.mongodb.DBPort.say(DBPort.java:77)
	at com.mongodb.DBTCPConnector.say(DBTCPConnector.java:146)
</error>
  </testcase>
  <testcase classname="net.ion.radon.repository.innode.TestInListNode" name="testLess" time="63.078">
    <error message="can&apos;t say something" type="com.mongodb.MongoException$Network">com.mongodb.MongoException$Network: can&apos;t say something
	at com.mongodb.DBTCPConnector.say(DBTCPConnector.java:159)
	at com.mongodb.DBTCPConnector.say(DBTCPConnector.java:132)
	at com.mongodb.DBApiLayer$MyCollection.insert(DBApiLayer.java:262)
	at com.mongodb.DBApiLayer$MyCollection.createIndex(DBApiLayer.java:354)
	at com.mongodb.DBCollection.ensureIndex(DBCollection.java:444)
	at com.mongodb.DBCollection.ensureIndex(DBCollection.java:392)
	at net.ion.radon.repository.Workspace.createWorkspace(Workspace.java:64)
	at net.ion.radon.repository.Workspace.load(Workspace.java:43)
	at net.ion.radon.repository.Repository.getWorkspace(Repository.java:28)
	at net.ion.radon.repository.LocalSession.getCurrentWorkspace(LocalSession.java:147)
	at net.ion.radon.repository.LocalSession.dropWorkspace(LocalSession.java:76)
	at net.ion.radon.repository.TestBaseRepository.setUp(TestBaseRepository.java:17)
Caused by: java.io.IOException: couldn&apos;t connect to [/61.250.201.78:27017] bc:java.net.ConnectException: Connection timed out: connect
	at com.mongodb.DBPort._open(DBPort.java:224)
	at com.mongodb.DBPort.go(DBPort.java:101)
	at com.mongodb.DBPort.go(DBPort.java:82)
	at com.mongodb.DBPort.say(DBPort.java:77)
	at com.mongodb.DBTCPConnector.say(DBTCPConnector.java:146)
</error>
  </testcase>
  <testcase classname="net.ion.radon.repository.innode.TestInListNode" name="testIn" time="63.359">
    <error message="can&apos;t say something" type="com.mongodb.MongoException$Network">com.mongodb.MongoException$Network: can&apos;t say something
	at com.mongodb.DBTCPConnector.say(DBTCPConnector.java:159)
	at com.mongodb.DBTCPConnector.say(DBTCPConnector.java:132)
	at com.mongodb.DBApiLayer$MyCollection.insert(DBApiLayer.java:262)
	at com.mongodb.DBApiLayer$MyCollection.createIndex(DBApiLayer.java:354)
	at com.mongodb.DBCollection.ensureIndex(DBCollection.java:444)
	at com.mongodb.DBCollection.ensureIndex(DBCollection.java:392)
	at net.ion.radon.repository.Workspace.createWorkspace(Workspace.java:64)
	at net.ion.radon.repository.Workspace.load(Workspace.java:43)
	at net.ion.radon.repository.Repository.getWorkspace(Repository.java:28)
	at net.ion.radon.repository.LocalSession.getCurrentWorkspace(LocalSession.java:147)
	at net.ion.radon.repository.LocalSession.dropWorkspace(LocalSession.java:76)
	at net.ion.radon.repository.TestBaseRepository.setUp(TestBaseRepository.java:17)
Caused by: java.io.IOException: couldn&apos;t connect to [/61.250.201.78:27017] bc:java.net.ConnectException: Connection timed out: connect
	at com.mongodb.DBPort._open(DBPort.java:224)
	at com.mongodb.DBPort.go(DBPort.java:101)
	at com.mongodb.DBPort.go(DBPort.java:82)
	at com.mongodb.DBPort.say(DBPort.java:77)
	at com.mongodb.DBTCPConnector.say(DBTCPConnector.java:146)
</error>
  </testcase>
  <testcase classname="net.ion.radon.repository.innode.TestInListNode" name="testComplicate" time="63.078">
    <error message="can&apos;t say something" type="com.mongodb.MongoException$Network">com.mongodb.MongoException$Network: can&apos;t say something
	at com.mongodb.DBTCPConnector.say(DBTCPConnector.java:159)
	at com.mongodb.DBTCPConnector.say(DBTCPConnector.java:132)
	at com.mongodb.DBApiLayer$MyCollection.insert(DBApiLayer.java:262)
	at com.mongodb.DBApiLayer$MyCollection.createIndex(DBApiLayer.java:354)
	at com.mongodb.DBCollection.ensureIndex(DBCollection.java:444)
	at com.mongodb.DBCollection.ensureIndex(DBCollection.java:392)
	at net.ion.radon.repository.Workspace.createWorkspace(Workspace.java:64)
	at net.ion.radon.repository.Workspace.load(Workspace.java:43)
	at net.ion.radon.repository.Repository.getWorkspace(Repository.java:28)
	at net.ion.radon.repository.LocalSession.getCurrentWorkspace(LocalSession.java:147)
	at net.ion.radon.repository.LocalSession.dropWorkspace(LocalSession.java:76)
	at net.ion.radon.repository.TestBaseRepository.setUp(TestBaseRepository.java:17)
Caused by: java.io.IOException: couldn&apos;t connect to [/61.250.201.78:27017] bc:java.net.ConnectException: Connection timed out: connect
	at com.mongodb.DBPort._open(DBPort.java:224)
	at com.mongodb.DBPort.go(DBPort.java:101)
	at com.mongodb.DBPort.go(DBPort.java:82)
	at com.mongodb.DBPort.say(DBPort.java:77)
	at com.mongodb.DBTCPConnector.say(DBTCPConnector.java:146)
</error>
  </testcase>
  <testcase classname="net.ion.radon.repository.innode.TestInListNode" name="testIndex" time="63.063">
    <error message="can&apos;t say something" type="com.mongodb.MongoException$Network">com.mongodb.MongoException$Network: can&apos;t say something
	at com.mongodb.DBTCPConnector.say(DBTCPConnector.java:159)
	at com.mongodb.DBTCPConnector.say(DBTCPConnector.java:132)
	at com.mongodb.DBApiLayer$MyCollection.insert(DBApiLayer.java:262)
	at com.mongodb.DBApiLayer$MyCollection.createIndex(DBApiLayer.java:354)
	at com.mongodb.DBCollection.ensureIndex(DBCollection.java:444)
	at com.mongodb.DBCollection.ensureIndex(DBCollection.java:392)
	at net.ion.radon.repository.Workspace.createWorkspace(Workspace.java:64)
	at net.ion.radon.repository.Workspace.load(Workspace.java:43)
	at net.ion.radon.repository.Repository.getWorkspace(Repository.java:28)
	at net.ion.radon.repository.LocalSession.getCurrentWorkspace(LocalSession.java:147)
	at net.ion.radon.repository.LocalSession.dropWorkspace(LocalSession.java:76)
	at net.ion.radon.repository.TestBaseRepository.setUp(TestBaseRepository.java:17)
Caused by: java.io.IOException: couldn&apos;t connect to [/61.250.201.78:27017] bc:java.net.ConnectException: Connection timed out: connect
	at com.mongodb.DBPort._open(DBPort.java:224)
	at com.mongodb.DBPort.go(DBPort.java:101)
	at com.mongodb.DBPort.go(DBPort.java:82)
	at com.mongodb.DBPort.say(DBPort.java:77)
	at com.mongodb.DBTCPConnector.say(DBTCPConnector.java:146)
</error>
  </testcase>
  <testcase classname="net.ion.radon.repository.innode.TestInListQuerySort" name="testPath" time="63.172">
    <error message="can&apos;t say something" type="com.mongodb.MongoException$Network">com.mongodb.MongoException$Network: can&apos;t say something
	at com.mongodb.DBTCPConnector.say(DBTCPConnector.java:159)
	at com.mongodb.DBTCPConnector.say(DBTCPConnector.java:132)
	at com.mongodb.DBApiLayer$MyCollection.insert(DBApiLayer.java:262)
	at com.mongodb.DBApiLayer$MyCollection.createIndex(DBApiLayer.java:354)
	at com.mongodb.DBCollection.ensureIndex(DBCollection.java:444)
	at com.mongodb.DBCollection.ensureIndex(DBCollection.java:392)
	at net.ion.radon.repository.Workspace.createWorkspace(Workspace.java:64)
	at net.ion.radon.repository.Workspace.load(Workspace.java:43)
	at net.ion.radon.repository.Repository.getWorkspace(Repository.java:28)
	at net.ion.radon.repository.LocalSession.getCurrentWorkspace(LocalSession.java:147)
	at net.ion.radon.repository.LocalSession.dropWorkspace(LocalSession.java:76)
	at net.ion.radon.repository.TestBaseRepository.setUp(TestBaseRepository.java:17)
Caused by: java.io.IOException: couldn&apos;t connect to [/61.250.201.78:27017] bc:java.net.ConnectException: Connection timed out: connect
	at com.mongodb.DBPort._open(DBPort.java:224)
	at com.mongodb.DBPort.go(DBPort.java:101)
	at com.mongodb.DBPort.go(DBPort.java:82)
	at com.mongodb.DBPort.say(DBPort.java:77)
	at com.mongodb.DBTCPConnector.say(DBTCPConnector.java:146)
</error>
  </testcase>
  <testcase classname="net.ion.radon.repository.innode.TestInListQuerySort" name="testSort" time="63.062">
    <error message="can&apos;t say something" type="com.mongodb.MongoException$Network">com.mongodb.MongoException$Network: can&apos;t say something
	at com.mongodb.DBTCPConnector.say(DBTCPConnector.java:159)
	at com.mongodb.DBTCPConnector.say(DBTCPConnector.java:132)
	at com.mongodb.DBApiLayer$MyCollection.insert(DBApiLayer.java:262)
	at com.mongodb.DBApiLayer$MyCollection.createIndex(DBApiLayer.java:354)
	at com.mongodb.DBCollection.ensureIndex(DBCollection.java:444)
	at com.mongodb.DBCollection.ensureIndex(DBCollection.java:392)
	at net.ion.radon.repository.Workspace.createWorkspace(Workspace.java:64)
	at net.ion.radon.repository.Workspace.load(Workspace.java:43)
	at net.ion.radon.repository.Repository.getWorkspace(Repository.java:28)
	at net.ion.radon.repository.LocalSession.getCurrentWorkspace(LocalSession.java:147)
	at net.ion.radon.repository.LocalSession.dropWorkspace(LocalSession.java:76)
	at net.ion.radon.repository.TestBaseRepository.setUp(TestBaseRepository.java:17)
Caused by: java.io.IOException: couldn&apos;t connect to [/61.250.201.78:27017] bc:java.net.ConnectException: Connection timed out: connect
	at com.mongodb.DBPort._open(DBPort.java:224)
	at com.mongodb.DBPort.go(DBPort.java:101)
	at com.mongodb.DBPort.go(DBPort.java:82)
	at com.mongodb.DBPort.say(DBPort.java:77)
	at com.mongodb.DBTCPConnector.say(DBTCPConnector.java:146)
</error>
  </testcase>
  <testcase classname="net.ion.radon.repository.innode.TestInListQuerySort" name="testSortPage" time="63.063">
    <error message="can&apos;t say something" type="com.mongodb.MongoException$Network">com.mongodb.MongoException$Network: can&apos;t say something
	at com.mongodb.DBTCPConnector.say(DBTCPConnector.java:159)
	at com.mongodb.DBTCPConnector.say(DBTCPConnector.java:132)
	at com.mongodb.DBApiLayer$MyCollection.insert(DBApiLayer.java:262)
	at com.mongodb.DBApiLayer$MyCollection.createIndex(DBApiLayer.java:354)
	at com.mongodb.DBCollection.ensureIndex(DBCollection.java:444)
	at com.mongodb.DBCollection.ensureIndex(DBCollection.java:392)
	at net.ion.radon.repository.Workspace.createWorkspace(Workspace.java:64)
	at net.ion.radon.repository.Workspace.load(Workspace.java:43)
	at net.ion.radon.repository.Repository.getWorkspace(Repository.java:28)
	at net.ion.radon.repository.LocalSession.getCurrentWorkspace(LocalSession.java:147)
	at net.ion.radon.repository.LocalSession.dropWorkspace(LocalSession.java:76)
	at net.ion.radon.repository.TestBaseRepository.setUp(TestBaseRepository.java:17)
Caused by: java.io.IOException: couldn&apos;t connect to [/61.250.201.78:27017] bc:java.net.ConnectException: Connection timed out: connect
	at com.mongodb.DBPort._open(DBPort.java:224)
	at com.mongodb.DBPort.go(DBPort.java:101)
	at com.mongodb.DBPort.go(DBPort.java:82)
	at com.mongodb.DBPort.say(DBPort.java:77)
	at com.mongodb.DBTCPConnector.say(DBTCPConnector.java:146)
</error>
  </testcase>
  <testcase classname="net.ion.radon.repository.innode.TestInListMDL" name="testAppend" time="63.078">
    <error message="can&apos;t say something" type="com.mongodb.MongoException$Network">com.mongodb.MongoException$Network: can&apos;t say something
	at com.mongodb.DBTCPConnector.say(DBTCPConnector.java:159)
	at com.mongodb.DBTCPConnector.say(DBTCPConnector.java:132)
	at com.mongodb.DBApiLayer$MyCollection.insert(DBApiLayer.java:262)
	at com.mongodb.DBApiLayer$MyCollection.createIndex(DBApiLayer.java:354)
	at com.mongodb.DBCollection.ensureIndex(DBCollection.java:444)
	at com.mongodb.DBCollection.ensureIndex(DBCollection.java:392)
	at net.ion.radon.repository.Workspace.createWorkspace(Workspace.java:64)
	at net.ion.radon.repository.Workspace.load(Workspace.java:43)
	at net.ion.radon.repository.Repository.getWorkspace(Repository.java:28)
	at net.ion.radon.repository.LocalSession.getCurrentWorkspace(LocalSession.java:147)
	at net.ion.radon.repository.LocalSession.dropWorkspace(LocalSession.java:76)
	at net.ion.radon.repository.TestBaseRepository.setUp(TestBaseRepository.java:17)
Caused by: java.io.IOException: couldn&apos;t connect to [/61.250.201.78:27017] bc:java.net.ConnectException: Connection timed out: connect
	at com.mongodb.DBPort._open(DBPort.java:224)
	at com.mongodb.DBPort.go(DBPort.java:101)
	at com.mongodb.DBPort.go(DBPort.java:82)
	at com.mongodb.DBPort.say(DBPort.java:77)
	at com.mongodb.DBTCPConnector.say(DBTCPConnector.java:146)
</error>
  </testcase>
  <testcase classname="net.ion.radon.repository.innode.TestInListMDL" name="testPush" time="62.953">
    <error message="can&apos;t say something" type="com.mongodb.MongoException$Network">com.mongodb.MongoException$Network: can&apos;t say something
	at com.mongodb.DBTCPConnector.say(DBTCPConnector.java:159)
	at com.mongodb.DBTCPConnector.say(DBTCPConnector.java:132)
	at com.mongodb.DBApiLayer$MyCollection.insert(DBApiLayer.java:262)
	at com.mongodb.DBApiLayer$MyCollection.createIndex(DBApiLayer.java:354)
	at com.mongodb.DBCollection.ensureIndex(DBCollection.java:444)
	at com.mongodb.DBCollection.ensureIndex(DBCollection.java:392)
	at net.ion.radon.repository.Workspace.createWorkspace(Workspace.java:64)
	at net.ion.radon.repository.Workspace.load(Workspace.java:43)
	at net.ion.radon.repository.Repository.getWorkspace(Repository.java:28)
	at net.ion.radon.repository.LocalSession.getCurrentWorkspace(LocalSession.java:147)
	at net.ion.radon.repository.LocalSession.dropWorkspace(LocalSession.java:76)
	at net.ion.radon.repository.TestBaseRepository.setUp(TestBaseRepository.java:17)
Caused by: java.io.IOException: couldn&apos;t connect to [/61.250.201.78:27017] bc:java.net.ConnectException: Connection timed out: connect
	at com.mongodb.DBPort._open(DBPort.java:224)
	at com.mongodb.DBPort.go(DBPort.java:101)
	at com.mongodb.DBPort.go(DBPort.java:82)
	at com.mongodb.DBPort.say(DBPort.java:77)
	at com.mongodb.DBTCPConnector.say(DBTCPConnector.java:146)
</error>
  </testcase>
  <testcase classname="net.ion.radon.repository.innode.TestInListMDL" name="testRemove" time="62.969">
    <error message="can&apos;t say something" type="com.mongodb.MongoException$Network">com.mongodb.MongoException$Network: can&apos;t say something
	at com.mongodb.DBTCPConnector.say(DBTCPConnector.java:159)
	at com.mongodb.DBTCPConnector.say(DBTCPConnector.java:132)
	at com.mongodb.DBApiLayer$MyCollection.insert(DBApiLayer.java:262)
	at com.mongodb.DBApiLayer$MyCollection.createIndex(DBApiLayer.java:354)
	at com.mongodb.DBCollection.ensureIndex(DBCollection.java:444)
	at com.mongodb.DBCollection.ensureIndex(DBCollection.java:392)
	at net.ion.radon.repository.Workspace.createWorkspace(Workspace.java:64)
	at net.ion.radon.repository.Workspace.load(Workspace.java:43)
	at net.ion.radon.repository.Repository.getWorkspace(Repository.java:28)
	at net.ion.radon.repository.LocalSession.getCurrentWorkspace(LocalSession.java:147)
	at net.ion.radon.repository.LocalSession.dropWorkspace(LocalSession.java:76)
	at net.ion.radon.repository.TestBaseRepository.setUp(TestBaseRepository.java:17)
Caused by: java.io.IOException: couldn&apos;t connect to [/61.250.201.78:27017] bc:java.net.ConnectException: Connection timed out: connect
	at com.mongodb.DBPort._open(DBPort.java:224)
	at com.mongodb.DBPort.go(DBPort.java:101)
	at com.mongodb.DBPort.go(DBPort.java:82)
	at com.mongodb.DBPort.say(DBPort.java:77)
	at com.mongodb.DBTCPConnector.say(DBTCPConnector.java:146)
</error>
  </testcase>
  <testcase classname="net.ion.radon.repository.innode.TestInListMDL" name="testRemove2" time="63.078">
    <error message="can&apos;t say something" type="com.mongodb.MongoException$Network">com.mongodb.MongoException$Network: can&apos;t say something
	at com.mongodb.DBTCPConnector.say(DBTCPConnector.java:159)
	at com.mongodb.DBTCPConnector.say(DBTCPConnector.java:132)
	at com.mongodb.DBApiLayer$MyCollection.insert(DBApiLayer.java:262)
	at com.mongodb.DBApiLayer$MyCollection.createIndex(DBApiLayer.java:354)
	at com.mongodb.DBCollection.ensureIndex(DBCollection.java:444)
	at com.mongodb.DBCollection.ensureIndex(DBCollection.java:392)
	at net.ion.radon.repository.Workspace.createWorkspace(Workspace.java:64)
	at net.ion.radon.repository.Workspace.load(Workspace.java:43)
	at net.ion.radon.repository.Repository.getWorkspace(Repository.java:28)
	at net.ion.radon.repository.LocalSession.getCurrentWorkspace(LocalSession.java:147)
	at net.ion.radon.repository.LocalSession.dropWorkspace(LocalSession.java:76)
	at net.ion.radon.repository.TestBaseRepository.setUp(TestBaseRepository.java:17)
Caused by: java.io.IOException: couldn&apos;t connect to [/61.250.201.78:27017] bc:java.net.ConnectException: Connection timed out: connect
	at com.mongodb.DBPort._open(DBPort.java:224)
	at com.mongodb.DBPort.go(DBPort.java:101)
	at com.mongodb.DBPort.go(DBPort.java:82)
	at com.mongodb.DBPort.say(DBPort.java:77)
	at com.mongodb.DBTCPConnector.say(DBTCPConnector.java:146)
</error>
  </testcase>
  <testcase classname="net.ion.radon.repository.innode.TestInListMDL" name="testInListNodeUpdate" time="63.062">
    <error message="can&apos;t say something" type="com.mongodb.MongoException$Network">com.mongodb.MongoException$Network: can&apos;t say something
	at com.mongodb.DBTCPConnector.say(DBTCPConnector.java:159)
	at com.mongodb.DBTCPConnector.say(DBTCPConnector.java:132)
	at com.mongodb.DBApiLayer$MyCollection.insert(DBApiLayer.java:262)
	at com.mongodb.DBApiLayer$MyCollection.createIndex(DBApiLayer.java:354)
	at com.mongodb.DBCollection.ensureIndex(DBCollection.java:444)
	at com.mongodb.DBCollection.ensureIndex(DBCollection.java:392)
	at net.ion.radon.repository.Workspace.createWorkspace(Workspace.java:64)
	at net.ion.radon.repository.Workspace.load(Workspace.java:43)
	at net.ion.radon.repository.Repository.getWorkspace(Repository.java:28)
	at net.ion.radon.repository.LocalSession.getCurrentWorkspace(LocalSession.java:147)
	at net.ion.radon.repository.LocalSession.dropWorkspace(LocalSession.java:76)
	at net.ion.radon.repository.TestBaseRepository.setUp(TestBaseRepository.java:17)
Caused by: java.io.IOException: couldn&apos;t connect to [/61.250.201.78:27017] bc:java.net.ConnectException: Connection timed out: connect
	at com.mongodb.DBPort._open(DBPort.java:224)
	at com.mongodb.DBPort.go(DBPort.java:101)
	at com.mongodb.DBPort.go(DBPort.java:82)
	at com.mongodb.DBPort.say(DBPort.java:77)
	at com.mongodb.DBTCPConnector.say(DBTCPConnector.java:146)
</error>
  </testcase>
  <testcase classname="net.ion.radon.repository.innode.TestInListMDL" name="testInListNodeUpdate2" time="62.969">
    <error message="can&apos;t say something" type="com.mongodb.MongoException$Network">com.mongodb.MongoException$Network: can&apos;t say something
	at com.mongodb.DBTCPConnector.say(DBTCPConnector.java:159)
	at com.mongodb.DBTCPConnector.say(DBTCPConnector.java:132)
	at com.mongodb.DBApiLayer$MyCollection.insert(DBApiLayer.java:262)
	at com.mongodb.DBApiLayer$MyCollection.createIndex(DBApiLayer.java:354)
	at com.mongodb.DBCollection.ensureIndex(DBCollection.java:444)
	at com.mongodb.DBCollection.ensureIndex(DBCollection.java:392)
	at net.ion.radon.repository.Workspace.createWorkspace(Workspace.java:64)
	at net.ion.radon.repository.Workspace.load(Workspace.java:43)
	at net.ion.radon.repository.Repository.getWorkspace(Repository.java:28)
	at net.ion.radon.repository.LocalSession.getCurrentWorkspace(LocalSession.java:147)
	at net.ion.radon.repository.LocalSession.dropWorkspace(LocalSession.java:76)
	at net.ion.radon.repository.TestBaseRepository.setUp(TestBaseRepository.java:17)
Caused by: java.io.IOException: couldn&apos;t connect to [/61.250.201.78:27017] bc:java.net.ConnectException: Connection timed out: connect
	at com.mongodb.DBPort._open(DBPort.java:224)
	at com.mongodb.DBPort.go(DBPort.java:101)
	at com.mongodb.DBPort.go(DBPort.java:82)
	at com.mongodb.DBPort.say(DBPort.java:77)
	at com.mongodb.DBTCPConnector.say(DBTCPConnector.java:146)
</error>
  </testcase>
  <testcase classname="net.ion.radon.repository.innode.TestInListMDL" name="testPushOnNewState" time="63.062">
    <error message="can&apos;t say something" type="com.mongodb.MongoException$Network">com.mongodb.MongoException$Network: can&apos;t say something
	at com.mongodb.DBTCPConnector.say(DBTCPConnector.java:159)
	at com.mongodb.DBTCPConnector.say(DBTCPConnector.java:132)
	at com.mongodb.DBApiLayer$MyCollection.insert(DBApiLayer.java:262)
	at com.mongodb.DBApiLayer$MyCollection.createIndex(DBApiLayer.java:354)
	at com.mongodb.DBCollection.ensureIndex(DBCollection.java:444)
	at com.mongodb.DBCollection.ensureIndex(DBCollection.java:392)
	at net.ion.radon.repository.Workspace.createWorkspace(Workspace.java:64)
	at net.ion.radon.repository.Workspace.load(Workspace.java:43)
	at net.ion.radon.repository.Repository.getWorkspace(Repository.java:28)
	at net.ion.radon.repository.LocalSession.getCurrentWorkspace(LocalSession.java:147)
	at net.ion.radon.repository.LocalSession.dropWorkspace(LocalSession.java:76)
	at net.ion.radon.repository.TestBaseRepository.setUp(TestBaseRepository.java:17)
Caused by: java.io.IOException: couldn&apos;t connect to [/61.250.201.78:27017] bc:java.net.ConnectException: Connection timed out: connect
	at com.mongodb.DBPort._open(DBPort.java:224)
	at com.mongodb.DBPort.go(DBPort.java:101)
	at com.mongodb.DBPort.go(DBPort.java:82)
	at com.mongodb.DBPort.say(DBPort.java:77)
	at com.mongodb.DBTCPConnector.say(DBTCPConnector.java:146)
</error>
  </testcase>
  <testcase classname="net.ion.radon.repository.innode.TestInListQueryNode" name="testDepth" time="62.969">
    <error message="can&apos;t say something" type="com.mongodb.MongoException$Network">com.mongodb.MongoException$Network: can&apos;t say something
	at com.mongodb.DBTCPConnector.say(DBTCPConnector.java:159)
	at com.mongodb.DBTCPConnector.say(DBTCPConnector.java:132)
	at com.mongodb.DBApiLayer$MyCollection.insert(DBApiLayer.java:262)
	at com.mongodb.DBApiLayer$MyCollection.createIndex(DBApiLayer.java:354)
	at com.mongodb.DBCollection.ensureIndex(DBCollection.java:444)
	at com.mongodb.DBCollection.ensureIndex(DBCollection.java:392)
	at net.ion.radon.repository.Workspace.createWorkspace(Workspace.java:64)
	at net.ion.radon.repository.Workspace.load(Workspace.java:43)
	at net.ion.radon.repository.Repository.getWorkspace(Repository.java:28)
	at net.ion.radon.repository.LocalSession.getCurrentWorkspace(LocalSession.java:147)
	at net.ion.radon.repository.LocalSession.dropWorkspace(LocalSession.java:76)
	at net.ion.radon.repository.TestBaseRepository.setUp(TestBaseRepository.java:17)
Caused by: java.io.IOException: couldn&apos;t connect to [/61.250.201.78:27017] bc:java.net.ConnectException: Connection timed out: connect
	at com.mongodb.DBPort._open(DBPort.java:224)
	at com.mongodb.DBPort.go(DBPort.java:101)
	at com.mongodb.DBPort.go(DBPort.java:82)
	at com.mongodb.DBPort.say(DBPort.java:77)
	at com.mongodb.DBTCPConnector.say(DBTCPConnector.java:146)
</error>
  </testcase>
  <testcase classname="net.ion.radon.repository.innode.TestInListQueryNode" name="testCaseInSensitive" time="62.969">
    <error message="can&apos;t say something" type="com.mongodb.MongoException$Network">com.mongodb.MongoException$Network: can&apos;t say something
	at com.mongodb.DBTCPConnector.say(DBTCPConnector.java:159)
	at com.mongodb.DBTCPConnector.say(DBTCPConnector.java:132)
	at com.mongodb.DBApiLayer$MyCollection.insert(DBApiLayer.java:262)
	at com.mongodb.DBApiLayer$MyCollection.createIndex(DBApiLayer.java:354)
	at com.mongodb.DBCollection.ensureIndex(DBCollection.java:444)
	at com.mongodb.DBCollection.ensureIndex(DBCollection.java:392)
	at net.ion.radon.repository.Workspace.createWorkspace(Workspace.java:64)
	at net.ion.radon.repository.Workspace.load(Workspace.java:43)
	at net.ion.radon.repository.Repository.getWorkspace(Repository.java:28)
	at net.ion.radon.repository.LocalSession.getCurrentWorkspace(LocalSession.java:147)
	at net.ion.radon.repository.LocalSession.dropWorkspace(LocalSession.java:76)
	at net.ion.radon.repository.TestBaseRepository.setUp(TestBaseRepository.java:17)
Caused by: java.io.IOException: couldn&apos;t connect to [/61.250.201.78:27017] bc:java.net.ConnectException: Connection timed out: connect
	at com.mongodb.DBPort._open(DBPort.java:224)
	at com.mongodb.DBPort.go(DBPort.java:101)
	at com.mongodb.DBPort.go(DBPort.java:82)
	at com.mongodb.DBPort.say(DBPort.java:77)
	at com.mongodb.DBTCPConnector.say(DBTCPConnector.java:146)
</error>
  </testcase>
  <testcase classname="net.ion.radon.repository.innode.TestInListQueryNode" name="testEleMatch" time="63.172">
    <error message="can&apos;t say something" type="com.mongodb.MongoException$Network">com.mongodb.MongoException$Network: can&apos;t say something
	at com.mongodb.DBTCPConnector.say(DBTCPConnector.java:159)
	at com.mongodb.DBTCPConnector.say(DBTCPConnector.java:132)
	at com.mongodb.DBApiLayer$MyCollection.insert(DBApiLayer.java:262)
	at com.mongodb.DBApiLayer$MyCollection.createIndex(DBApiLayer.java:354)
	at com.mongodb.DBCollection.ensureIndex(DBCollection.java:444)
	at com.mongodb.DBCollection.ensureIndex(DBCollection.java:392)
	at net.ion.radon.repository.Workspace.createWorkspace(Workspace.java:64)
	at net.ion.radon.repository.Workspace.load(Workspace.java:43)
	at net.ion.radon.repository.Repository.getWorkspace(Repository.java:28)
	at net.ion.radon.repository.LocalSession.getCurrentWorkspace(LocalSession.java:147)
	at net.ion.radon.repository.LocalSession.dropWorkspace(LocalSession.java:76)
	at net.ion.radon.repository.TestBaseRepository.setUp(TestBaseRepository.java:17)
Caused by: java.io.IOException: couldn&apos;t connect to [/61.250.201.78:27017] bc:java.net.ConnectException: Connection timed out: connect
	at com.mongodb.DBPort._open(DBPort.java:224)
	at com.mongodb.DBPort.go(DBPort.java:101)
	at com.mongodb.DBPort.go(DBPort.java:82)
	at com.mongodb.DBPort.say(DBPort.java:77)
	at com.mongodb.DBTCPConnector.say(DBTCPConnector.java:146)
</error>
  </testcase>
  <testcase classname="net.ion.radon.repository.innode.TestInListQueryNodeMDL" name="testPush" time="62.953">
    <error message="can&apos;t say something" type="com.mongodb.MongoException$Network">com.mongodb.MongoException$Network: can&apos;t say something
	at com.mongodb.DBTCPConnector.say(DBTCPConnector.java:159)
	at com.mongodb.DBTCPConnector.say(DBTCPConnector.java:132)
	at com.mongodb.DBApiLayer$MyCollection.insert(DBApiLayer.java:262)
	at com.mongodb.DBApiLayer$MyCollection.createIndex(DBApiLayer.java:354)
	at com.mongodb.DBCollection.ensureIndex(DBCollection.java:444)
	at com.mongodb.DBCollection.ensureIndex(DBCollection.java:392)
	at net.ion.radon.repository.Workspace.createWorkspace(Workspace.java:64)
	at net.ion.radon.repository.Workspace.load(Workspace.java:43)
	at net.ion.radon.repository.Repository.getWorkspace(Repository.java:28)
	at net.ion.radon.repository.LocalSession.getCurrentWorkspace(LocalSession.java:147)
	at net.ion.radon.repository.LocalSession.dropWorkspace(LocalSession.java:76)
	at net.ion.radon.repository.TestBaseRepository.setUp(TestBaseRepository.java:17)
Caused by: java.io.IOException: couldn&apos;t connect to [/61.250.201.78:27017] bc:java.net.ConnectException: Connection timed out: connect
	at com.mongodb.DBPort._open(DBPort.java:224)
	at com.mongodb.DBPort.go(DBPort.java:101)
	at com.mongodb.DBPort.go(DBPort.java:82)
	at com.mongodb.DBPort.say(DBPort.java:77)
	at com.mongodb.DBTCPConnector.say(DBTCPConnector.java:146)
</error>
  </testcase>
  <testcase classname="net.ion.radon.repository.innode.TestInListQueryNodeMDL" name="testPushDefault" time="62.968">
    <error message="can&apos;t say something" type="com.mongodb.MongoException$Network">com.mongodb.MongoException$Network: can&apos;t say something
	at com.mongodb.DBTCPConnector.say(DBTCPConnector.java:159)
	at com.mongodb.DBTCPConnector.say(DBTCPConnector.java:132)
	at com.mongodb.DBApiLayer$MyCollection.insert(DBApiLayer.java:262)
	at com.mongodb.DBApiLayer$MyCollection.createIndex(DBApiLayer.java:354)
	at com.mongodb.DBCollection.ensureIndex(DBCollection.java:444)
	at com.mongodb.DBCollection.ensureIndex(DBCollection.java:392)
	at net.ion.radon.repository.Workspace.createWorkspace(Workspace.java:64)
	at net.ion.radon.repository.Workspace.load(Workspace.java:43)
	at net.ion.radon.repository.Repository.getWorkspace(Repository.java:28)
	at net.ion.radon.repository.LocalSession.getCurrentWorkspace(LocalSession.java:147)
	at net.ion.radon.repository.LocalSession.dropWorkspace(LocalSession.java:76)
	at net.ion.radon.repository.TestBaseRepository.setUp(TestBaseRepository.java:17)
Caused by: java.io.IOException: couldn&apos;t connect to [/61.250.201.78:27017] bc:java.net.ConnectException: Connection timed out: connect
	at com.mongodb.DBPort._open(DBPort.java:224)
	at com.mongodb.DBPort.go(DBPort.java:101)
	at com.mongodb.DBPort.go(DBPort.java:82)
	at com.mongodb.DBPort.say(DBPort.java:77)
	at com.mongodb.DBTCPConnector.say(DBTCPConnector.java:146)
</error>
  </testcase>
  <testcase classname="net.ion.radon.repository.innode.TestInListQueryNodeMDL" name="testPull" time="63.375">
    <error message="can&apos;t say something" type="com.mongodb.MongoException$Network">com.mongodb.MongoException$Network: can&apos;t say something
	at com.mongodb.DBTCPConnector.say(DBTCPConnector.java:159)
	at com.mongodb.DBTCPConnector.say(DBTCPConnector.java:132)
	at com.mongodb.DBApiLayer$MyCollection.insert(DBApiLayer.java:262)
	at com.mongodb.DBApiLayer$MyCollection.createIndex(DBApiLayer.java:354)
	at com.mongodb.DBCollection.ensureIndex(DBCollection.java:444)
	at com.mongodb.DBCollection.ensureIndex(DBCollection.java:392)
	at net.ion.radon.repository.Workspace.createWorkspace(Workspace.java:64)
	at net.ion.radon.repository.Workspace.load(Workspace.java:43)
	at net.ion.radon.repository.Repository.getWorkspace(Repository.java:28)
	at net.ion.radon.repository.LocalSession.getCurrentWorkspace(LocalSession.java:147)
	at net.ion.radon.repository.LocalSession.dropWorkspace(LocalSession.java:76)
	at net.ion.radon.repository.TestBaseRepository.setUp(TestBaseRepository.java:17)
Caused by: java.io.IOException: couldn&apos;t connect to [/61.250.201.78:27017] bc:java.net.ConnectException: Connection timed out: connect
	at com.mongodb.DBPort._open(DBPort.java:224)
	at com.mongodb.DBPort.go(DBPort.java:101)
	at com.mongodb.DBPort.go(DBPort.java:82)
	at com.mongodb.DBPort.say(DBPort.java:77)
	at com.mongodb.DBTCPConnector.say(DBTCPConnector.java:146)
</error>
  </testcase>
  <testcase classname="net.ion.radon.repository.innode.TestInListQueryNodeMDL" name="testPullAll" time="63.25">
    <error message="can&apos;t say something" type="com.mongodb.MongoException$Network">com.mongodb.MongoException$Network: can&apos;t say something
	at com.mongodb.DBTCPConnector.say(DBTCPConnector.java:159)
	at com.mongodb.DBTCPConnector.say(DBTCPConnector.java:132)
	at com.mongodb.DBApiLayer$MyCollection.insert(DBApiLayer.java:262)
	at com.mongodb.DBApiLayer$MyCollection.createIndex(DBApiLayer.java:354)
	at com.mongodb.DBCollection.ensureIndex(DBCollection.java:444)
	at com.mongodb.DBCollection.ensureIndex(DBCollection.java:392)
	at net.ion.radon.repository.Workspace.createWorkspace(Workspace.java:64)
	at net.ion.radon.repository.Workspace.load(Workspace.java:43)
	at net.ion.radon.repository.Repository.getWorkspace(Repository.java:28)
	at net.ion.radon.repository.LocalSession.getCurrentWorkspace(LocalSession.java:147)
	at net.ion.radon.repository.LocalSession.dropWorkspace(LocalSession.java:76)
	at net.ion.radon.repository.TestBaseRepository.setUp(TestBaseRepository.java:17)
Caused by: java.io.IOException: couldn&apos;t connect to [/61.250.201.78:27017] bc:java.net.ConnectException: Connection timed out: connect
	at com.mongodb.DBPort._open(DBPort.java:224)
	at com.mongodb.DBPort.go(DBPort.java:101)
	at com.mongodb.DBPort.go(DBPort.java:82)
	at com.mongodb.DBPort.say(DBPort.java:77)
	at com.mongodb.DBTCPConnector.say(DBTCPConnector.java:146)
</error>
  </testcase>
  <testcase classname="net.ion.radon.repository.innode.TestInListQueryNodeMDL" name="testMultiPush" time="62.969">
    <error message="can&apos;t say something" type="com.mongodb.MongoException$Network">com.mongodb.MongoException$Network: can&apos;t say something
	at com.mongodb.DBTCPConnector.say(DBTCPConnector.java:159)
	at com.mongodb.DBTCPConnector.say(DBTCPConnector.java:132)
	at com.mongodb.DBApiLayer$MyCollection.insert(DBApiLayer.java:262)
	at com.mongodb.DBApiLayer$MyCollection.createIndex(DBApiLayer.java:354)
	at com.mongodb.DBCollection.ensureIndex(DBCollection.java:444)
	at com.mongodb.DBCollection.ensureIndex(DBCollection.java:392)
	at net.ion.radon.repository.Workspace.createWorkspace(Workspace.java:64)
	at net.ion.radon.repository.Workspace.load(Workspace.java:43)
	at net.ion.radon.repository.Repository.getWorkspace(Repository.java:28)
	at net.ion.radon.repository.LocalSession.getCurrentWorkspace(LocalSession.java:147)
	at net.ion.radon.repository.LocalSession.dropWorkspace(LocalSession.java:76)
	at net.ion.radon.repository.TestBaseRepository.setUp(TestBaseRepository.java:17)
Caused by: java.io.IOException: couldn&apos;t connect to [/61.250.201.78:27017] bc:java.net.ConnectException: Connection timed out: connect
	at com.mongodb.DBPort._open(DBPort.java:224)
	at com.mongodb.DBPort.go(DBPort.java:101)
	at com.mongodb.DBPort.go(DBPort.java:82)
	at com.mongodb.DBPort.say(DBPort.java:77)
	at com.mongodb.DBTCPConnector.say(DBTCPConnector.java:146)
</error>
  </testcase>
  <testcase classname="net.ion.radon.repository.innode.TestInListQueryNodeMDL" name="testInListUpdate" time="63.078">
    <error message="can&apos;t say something" type="com.mongodb.MongoException$Network">com.mongodb.MongoException$Network: can&apos;t say something
	at com.mongodb.DBTCPConnector.say(DBTCPConnector.java:159)
	at com.mongodb.DBTCPConnector.say(DBTCPConnector.java:132)
	at com.mongodb.DBApiLayer$MyCollection.insert(DBApiLayer.java:262)
	at com.mongodb.DBApiLayer$MyCollection.createIndex(DBApiLayer.java:354)
	at com.mongodb.DBCollection.ensureIndex(DBCollection.java:444)
	at com.mongodb.DBCollection.ensureIndex(DBCollection.java:392)
	at net.ion.radon.repository.Workspace.createWorkspace(Workspace.java:64)
	at net.ion.radon.repository.Workspace.load(Workspace.java:43)
	at net.ion.radon.repository.Repository.getWorkspace(Repository.java:28)
	at net.ion.radon.repository.LocalSession.getCurrentWorkspace(LocalSession.java:147)
	at net.ion.radon.repository.LocalSession.dropWorkspace(LocalSession.java:76)
	at net.ion.radon.repository.TestBaseRepository.setUp(TestBaseRepository.java:17)
Caused by: java.io.IOException: couldn&apos;t connect to [/61.250.201.78:27017] bc:java.net.ConnectException: Connection timed out: connect
	at com.mongodb.DBPort._open(DBPort.java:224)
	at com.mongodb.DBPort.go(DBPort.java:101)
	at com.mongodb.DBPort.go(DBPort.java:82)
	at com.mongodb.DBPort.say(DBPort.java:77)
	at com.mongodb.DBTCPConnector.say(DBTCPConnector.java:146)
</error>
  </testcase>
  <testcase classname="net.ion.radon.repository.TestBasicInner" name="testUse" time="62.953">
    <error message="can&apos;t say something" type="com.mongodb.MongoException$Network">com.mongodb.MongoException$Network: can&apos;t say something
	at com.mongodb.DBTCPConnector.say(DBTCPConnector.java:159)
	at com.mongodb.DBTCPConnector.say(DBTCPConnector.java:132)
	at com.mongodb.DBApiLayer$MyCollection.insert(DBApiLayer.java:262)
	at com.mongodb.DBApiLayer$MyCollection.createIndex(DBApiLayer.java:354)
	at com.mongodb.DBCollection.ensureIndex(DBCollection.java:444)
	at com.mongodb.DBCollection.ensureIndex(DBCollection.java:392)
	at net.ion.radon.repository.Workspace.createWorkspace(Workspace.java:64)
	at net.ion.radon.repository.Workspace.load(Workspace.java:43)
	at net.ion.radon.repository.Repository.getWorkspace(Repository.java:28)
	at net.ion.radon.repository.LocalSession.getCurrentWorkspace(LocalSession.java:147)
	at net.ion.radon.repository.LocalSession.dropWorkspace(LocalSession.java:76)
	at net.ion.radon.repository.TestBaseRepository.setUp(TestBaseRepository.java:17)
Caused by: java.io.IOException: couldn&apos;t connect to [/61.250.201.78:27017] bc:java.net.ConnectException: Connection timed out: connect
	at com.mongodb.DBPort._open(DBPort.java:224)
	at com.mongodb.DBPort.go(DBPort.java:101)
	at com.mongodb.DBPort.go(DBPort.java:82)
	at com.mongodb.DBPort.say(DBPort.java:77)
	at com.mongodb.DBTCPConnector.say(DBTCPConnector.java:146)
</error>
  </testcase>
  <testcase classname="net.ion.radon.repository.TestSequence" name="testUse" time="63.078">
    <error message="can&apos;t say something" type="com.mongodb.MongoException$Network">com.mongodb.MongoException$Network: can&apos;t say something
	at com.mongodb.DBTCPConnector.say(DBTCPConnector.java:159)
	at com.mongodb.DBTCPConnector.say(DBTCPConnector.java:132)
	at com.mongodb.DBApiLayer$MyCollection.insert(DBApiLayer.java:262)
	at com.mongodb.DBApiLayer$MyCollection.createIndex(DBApiLayer.java:354)
	at com.mongodb.DBCollection.ensureIndex(DBCollection.java:444)
	at com.mongodb.DBCollection.ensureIndex(DBCollection.java:392)
	at net.ion.radon.repository.Workspace.createWorkspace(Workspace.java:64)
	at net.ion.radon.repository.Workspace.load(Workspace.java:43)
	at net.ion.radon.repository.Repository.getWorkspace(Repository.java:28)
	at net.ion.radon.repository.LocalSession.getCurrentWorkspace(LocalSession.java:147)
	at net.ion.radon.repository.LocalSession.dropWorkspace(LocalSession.java:76)
	at net.ion.radon.repository.TestBaseRepository.setUp(TestBaseRepository.java:17)
Caused by: java.io.IOException: couldn&apos;t connect to [/61.250.201.78:27017] bc:java.net.ConnectException: Connection timed out: connect
	at com.mongodb.DBPort._open(DBPort.java:224)
	at com.mongodb.DBPort.go(DBPort.java:101)
	at com.mongodb.DBPort.go(DBPort.java:82)
	at com.mongodb.DBPort.say(DBPort.java:77)
	at com.mongodb.DBTCPConnector.say(DBTCPConnector.java:146)
</error>
  </testcase>
  <testcase classname="net.ion.radon.repository.TestSequence" name="testInit" time="63.063">
    <error message="can&apos;t say something" type="com.mongodb.MongoException$Network">com.mongodb.MongoException$Network: can&apos;t say something
	at com.mongodb.DBTCPConnector.say(DBTCPConnector.java:159)
	at com.mongodb.DBTCPConnector.say(DBTCPConnector.java:132)
	at com.mongodb.DBApiLayer$MyCollection.insert(DBApiLayer.java:262)
	at com.mongodb.DBApiLayer$MyCollection.createIndex(DBApiLayer.java:354)
	at com.mongodb.DBCollection.ensureIndex(DBCollection.java:444)
	at com.mongodb.DBCollection.ensureIndex(DBCollection.java:392)
	at net.ion.radon.repository.Workspace.createWorkspace(Workspace.java:64)
	at net.ion.radon.repository.Workspace.load(Workspace.java:43)
	at net.ion.radon.repository.Repository.getWorkspace(Repository.java:28)
	at net.ion.radon.repository.LocalSession.getCurrentWorkspace(LocalSession.java:147)
	at net.ion.radon.repository.LocalSession.dropWorkspace(LocalSession.java:76)
	at net.ion.radon.repository.TestBaseRepository.setUp(TestBaseRepository.java:17)
Caused by: java.io.IOException: couldn&apos;t connect to [/61.250.201.78:27017] bc:java.net.ConnectException: Connection timed out: connect
	at com.mongodb.DBPort._open(DBPort.java:224)
	at com.mongodb.DBPort.go(DBPort.java:101)
	at com.mongodb.DBPort.go(DBPort.java:82)
	at com.mongodb.DBPort.say(DBPort.java:77)
	at com.mongodb.DBTCPConnector.say(DBTCPConnector.java:146)
</error>
  </testcase>
  <testcase classname="net.ion.radon.repository.TestSequence" name="testNext" time="62.969">
    <error message="can&apos;t say something" type="com.mongodb.MongoException$Network">com.mongodb.MongoException$Network: can&apos;t say something
	at com.mongodb.DBTCPConnector.say(DBTCPConnector.java:159)
	at com.mongodb.DBTCPConnector.say(DBTCPConnector.java:132)
	at com.mongodb.DBApiLayer$MyCollection.insert(DBApiLayer.java:262)
	at com.mongodb.DBApiLayer$MyCollection.createIndex(DBApiLayer.java:354)
	at com.mongodb.DBCollection.ensureIndex(DBCollection.java:444)
	at com.mongodb.DBCollection.ensureIndex(DBCollection.java:392)
	at net.ion.radon.repository.Workspace.createWorkspace(Workspace.java:64)
	at net.ion.radon.repository.Workspace.load(Workspace.java:43)
	at net.ion.radon.repository.Repository.getWorkspace(Repository.java:28)
	at net.ion.radon.repository.LocalSession.getCurrentWorkspace(LocalSession.java:147)
	at net.ion.radon.repository.LocalSession.dropWorkspace(LocalSession.java:76)
	at net.ion.radon.repository.TestBaseRepository.setUp(TestBaseRepository.java:17)
Caused by: java.io.IOException: couldn&apos;t connect to [/61.250.201.78:27017] bc:java.net.ConnectException: Connection timed out: connect
	at com.mongodb.DBPort._open(DBPort.java:224)
	at com.mongodb.DBPort.go(DBPort.java:101)
	at com.mongodb.DBPort.go(DBPort.java:82)
	at com.mongodb.DBPort.say(DBPort.java:77)
	at com.mongodb.DBTCPConnector.say(DBTCPConnector.java:146)
</error>
  </testcase>
  <testcase classname="net.ion.radon.repository.TestSequence" name="testNextVal" time="63.062">
    <error message="can&apos;t say something" type="com.mongodb.MongoException$Network">com.mongodb.MongoException$Network: can&apos;t say something
	at com.mongodb.DBTCPConnector.say(DBTCPConnector.java:159)
	at com.mongodb.DBTCPConnector.say(DBTCPConnector.java:132)
	at com.mongodb.DBApiLayer$MyCollection.insert(DBApiLayer.java:262)
	at com.mongodb.DBApiLayer$MyCollection.createIndex(DBApiLayer.java:354)
	at com.mongodb.DBCollection.ensureIndex(DBCollection.java:444)
	at com.mongodb.DBCollection.ensureIndex(DBCollection.java:392)
	at net.ion.radon.repository.Workspace.createWorkspace(Workspace.java:64)
	at net.ion.radon.repository.Workspace.load(Workspace.java:43)
	at net.ion.radon.repository.Repository.getWorkspace(Repository.java:28)
	at net.ion.radon.repository.LocalSession.getCurrentWorkspace(LocalSession.java:147)
	at net.ion.radon.repository.LocalSession.dropWorkspace(LocalSession.java:76)
	at net.ion.radon.repository.TestBaseRepository.setUp(TestBaseRepository.java:17)
Caused by: java.io.IOException: couldn&apos;t connect to [/61.250.201.78:27017] bc:java.net.ConnectException: Connection timed out: connect
	at com.mongodb.DBPort._open(DBPort.java:224)
	at com.mongodb.DBPort.go(DBPort.java:101)
	at com.mongodb.DBPort.go(DBPort.java:82)
	at com.mongodb.DBPort.say(DBPort.java:77)
	at com.mongodb.DBTCPConnector.say(DBTCPConnector.java:146)
</error>
  </testcase>
  <testcase classname="net.ion.radon.repository.advance.TestExplain" name="testViewExplain" time="63.063">
    <error message="can&apos;t say something" type="com.mongodb.MongoException$Network">com.mongodb.MongoException$Network: can&apos;t say something
	at com.mongodb.DBTCPConnector.say(DBTCPConnector.java:159)
	at com.mongodb.DBTCPConnector.say(DBTCPConnector.java:132)
	at com.mongodb.DBApiLayer$MyCollection.insert(DBApiLayer.java:262)
	at com.mongodb.DBApiLayer$MyCollection.createIndex(DBApiLayer.java:354)
	at com.mongodb.DBCollection.ensureIndex(DBCollection.java:444)
	at com.mongodb.DBCollection.ensureIndex(DBCollection.java:392)
	at net.ion.radon.repository.Workspace.createWorkspace(Workspace.java:64)
	at net.ion.radon.repository.Workspace.load(Workspace.java:43)
	at net.ion.radon.repository.Repository.getWorkspace(Repository.java:28)
	at net.ion.radon.repository.LocalSession.getCurrentWorkspace(LocalSession.java:147)
	at net.ion.radon.repository.LocalSession.dropWorkspace(LocalSession.java:76)
	at net.ion.radon.repository.TestBaseRepository.setUp(TestBaseRepository.java:17)
Caused by: java.io.IOException: couldn&apos;t connect to [/61.250.201.78:27017] bc:java.net.ConnectException: Connection timed out: connect
	at com.mongodb.DBPort._open(DBPort.java:224)
	at com.mongodb.DBPort.go(DBPort.java:101)
	at com.mongodb.DBPort.go(DBPort.java:82)
	at com.mongodb.DBPort.say(DBPort.java:77)
	at com.mongodb.DBTCPConnector.say(DBTCPConnector.java:146)
</error>
  </testcase>
  <testcase classname="net.ion.radon.repository.advance.TestExplain" name="testViewLastExplain" time="62.953">
    <error message="can&apos;t say something" type="com.mongodb.MongoException$Network">com.mongodb.MongoException$Network: can&apos;t say something
	at com.mongodb.DBTCPConnector.say(DBTCPConnector.java:159)
	at com.mongodb.DBTCPConnector.say(DBTCPConnector.java:132)
	at com.mongodb.DBApiLayer$MyCollection.insert(DBApiLayer.java:262)
	at com.mongodb.DBApiLayer$MyCollection.createIndex(DBApiLayer.java:354)
	at com.mongodb.DBCollection.ensureIndex(DBCollection.java:444)
	at com.mongodb.DBCollection.ensureIndex(DBCollection.java:392)
	at net.ion.radon.repository.Workspace.createWorkspace(Workspace.java:64)
	at net.ion.radon.repository.Workspace.load(Workspace.java:43)
	at net.ion.radon.repository.Repository.getWorkspace(Repository.java:28)
	at net.ion.radon.repository.LocalSession.getCurrentWorkspace(LocalSession.java:147)
	at net.ion.radon.repository.LocalSession.dropWorkspace(LocalSession.java:76)
	at net.ion.radon.repository.TestBaseRepository.setUp(TestBaseRepository.java:17)
Caused by: java.io.IOException: couldn&apos;t connect to [/61.250.201.78:27017] bc:java.net.ConnectException: Connection timed out: connect
	at com.mongodb.DBPort._open(DBPort.java:224)
	at com.mongodb.DBPort.go(DBPort.java:101)
	at com.mongodb.DBPort.go(DBPort.java:82)
	at com.mongodb.DBPort.say(DBPort.java:77)
	at com.mongodb.DBTCPConnector.say(DBTCPConnector.java:146)
</error>
  </testcase>
  <testcase classname="net.ion.radon.repository.advance.TestIndex" name="testLazyConfirmPath" time="63.172">
    <error message="can&apos;t say something" type="com.mongodb.MongoException$Network">com.mongodb.MongoException$Network: can&apos;t say something
	at com.mongodb.DBTCPConnector.say(DBTCPConnector.java:159)
	at com.mongodb.DBTCPConnector.say(DBTCPConnector.java:132)
	at com.mongodb.DBApiLayer$MyCollection.insert(DBApiLayer.java:262)
	at com.mongodb.DBApiLayer$MyCollection.createIndex(DBApiLayer.java:354)
	at com.mongodb.DBCollection.ensureIndex(DBCollection.java:444)
	at com.mongodb.DBCollection.ensureIndex(DBCollection.java:392)
	at net.ion.radon.repository.Workspace.createWorkspace(Workspace.java:64)
	at net.ion.radon.repository.Workspace.load(Workspace.java:43)
	at net.ion.radon.repository.Repository.getWorkspace(Repository.java:28)
	at net.ion.radon.repository.LocalSession.getCurrentWorkspace(LocalSession.java:147)
	at net.ion.radon.repository.LocalSession.dropWorkspace(LocalSession.java:76)
	at net.ion.radon.repository.TestBaseRepository.setUp(TestBaseRepository.java:17)
Caused by: java.io.IOException: couldn&apos;t connect to [/61.250.201.78:27017] bc:java.net.ConnectException: Connection timed out: connect
	at com.mongodb.DBPort._open(DBPort.java:224)
	at com.mongodb.DBPort.go(DBPort.java:101)
	at com.mongodb.DBPort.go(DBPort.java:82)
	at com.mongodb.DBPort.say(DBPort.java:77)
	at com.mongodb.DBTCPConnector.say(DBTCPConnector.java:146)
</error>
  </testcase>
  <testcase classname="net.ion.radon.repository.advance.TestIndex" name="testConfirmIndex" time="63.469">
    <error message="can&apos;t say something" type="com.mongodb.MongoException$Network">com.mongodb.MongoException$Network: can&apos;t say something
	at com.mongodb.DBTCPConnector.say(DBTCPConnector.java:159)
	at com.mongodb.DBTCPConnector.say(DBTCPConnector.java:132)
	at com.mongodb.DBApiLayer$MyCollection.insert(DBApiLayer.java:262)
	at com.mongodb.DBApiLayer$MyCollection.createIndex(DBApiLayer.java:354)
	at com.mongodb.DBCollection.ensureIndex(DBCollection.java:444)
	at com.mongodb.DBCollection.ensureIndex(DBCollection.java:392)
	at net.ion.radon.repository.Workspace.createWorkspace(Workspace.java:64)
	at net.ion.radon.repository.Workspace.load(Workspace.java:43)
	at net.ion.radon.repository.Repository.getWorkspace(Repository.java:28)
	at net.ion.radon.repository.LocalSession.getCurrentWorkspace(LocalSession.java:147)
	at net.ion.radon.repository.LocalSession.dropWorkspace(LocalSession.java:76)
	at net.ion.radon.repository.TestBaseRepository.setUp(TestBaseRepository.java:17)
Caused by: java.io.IOException: couldn&apos;t connect to [/61.250.201.78:27017] bc:java.net.ConnectException: Connection timed out: connect
	at com.mongodb.DBPort._open(DBPort.java:224)
	at com.mongodb.DBPort.go(DBPort.java:101)
	at com.mongodb.DBPort.go(DBPort.java:82)
	at com.mongodb.DBPort.say(DBPort.java:77)
	at com.mongodb.DBTCPConnector.say(DBTCPConnector.java:146)
</error>
  </testcase>
  <testcase classname="net.ion.radon.repository.TestNodeRows" name="testCreate" time="62.969">
    <error message="can&apos;t say something" type="com.mongodb.MongoException$Network">com.mongodb.MongoException$Network: can&apos;t say something
	at com.mongodb.DBTCPConnector.say(DBTCPConnector.java:159)
	at com.mongodb.DBTCPConnector.say(DBTCPConnector.java:132)
	at com.mongodb.DBApiLayer$MyCollection.insert(DBApiLayer.java:262)
	at com.mongodb.DBApiLayer$MyCollection.createIndex(DBApiLayer.java:354)
	at com.mongodb.DBCollection.ensureIndex(DBCollection.java:444)
	at com.mongodb.DBCollection.ensureIndex(DBCollection.java:392)
	at net.ion.radon.repository.Workspace.createWorkspace(Workspace.java:64)
	at net.ion.radon.repository.Workspace.load(Workspace.java:43)
	at net.ion.radon.repository.Repository.getWorkspace(Repository.java:28)
	at net.ion.radon.repository.LocalSession.getCurrentWorkspace(LocalSession.java:147)
	at net.ion.radon.repository.LocalSession.dropWorkspace(LocalSession.java:76)
	at net.ion.radon.repository.TestBaseRepository.setUp(TestBaseRepository.java:17)
Caused by: java.io.IOException: couldn&apos;t connect to [/61.250.201.78:27017] bc:java.net.ConnectException: Connection timed out: connect
	at com.mongodb.DBPort._open(DBPort.java:224)
	at com.mongodb.DBPort.go(DBPort.java:101)
	at com.mongodb.DBPort.go(DBPort.java:82)
	at com.mongodb.DBPort.say(DBPort.java:77)
	at com.mongodb.DBTCPConnector.say(DBTCPConnector.java:146)
</error>
  </testcase>
  <testcase classname="net.ion.radon.repository.TestNodeRows" name="testSort" time="62.969">
    <error message="can&apos;t say something" type="com.mongodb.MongoException$Network">com.mongodb.MongoException$Network: can&apos;t say something
	at com.mongodb.DBTCPConnector.say(DBTCPConnector.java:159)
	at com.mongodb.DBTCPConnector.say(DBTCPConnector.java:132)
	at com.mongodb.DBApiLayer$MyCollection.insert(DBApiLayer.java:262)
	at com.mongodb.DBApiLayer$MyCollection.createIndex(DBApiLayer.java:354)
	at com.mongodb.DBCollection.ensureIndex(DBCollection.java:444)
	at com.mongodb.DBCollection.ensureIndex(DBCollection.java:392)
	at net.ion.radon.repository.Workspace.createWorkspace(Workspace.java:64)
	at net.ion.radon.repository.Workspace.load(Workspace.java:43)
	at net.ion.radon.repository.Repository.getWorkspace(Repository.java:28)
	at net.ion.radon.repository.LocalSession.getCurrentWorkspace(LocalSession.java:147)
	at net.ion.radon.repository.LocalSession.dropWorkspace(LocalSession.java:76)
	at net.ion.radon.repository.TestBaseRepository.setUp(TestBaseRepository.java:17)
Caused by: java.io.IOException: couldn&apos;t connect to [/61.250.201.78:27017] bc:java.net.ConnectException: Connection timed out: connect
	at com.mongodb.DBPort._open(DBPort.java:224)
	at com.mongodb.DBPort.go(DBPort.java:101)
	at com.mongodb.DBPort.go(DBPort.java:82)
	at com.mongodb.DBPort.say(DBPort.java:77)
	at com.mongodb.DBTCPConnector.say(DBTCPConnector.java:146)
</error>
  </testcase>
  <testcase classname="net.ion.radon.repository.TestNodeRows" name="testFavoriate" time="63.171">
    <error message="can&apos;t say something" type="com.mongodb.MongoException$Network">com.mongodb.MongoException$Network: can&apos;t say something
	at com.mongodb.DBTCPConnector.say(DBTCPConnector.java:159)
	at com.mongodb.DBTCPConnector.say(DBTCPConnector.java:132)
	at com.mongodb.DBApiLayer$MyCollection.insert(DBApiLayer.java:262)
	at com.mongodb.DBApiLayer$MyCollection.createIndex(DBApiLayer.java:354)
	at com.mongodb.DBCollection.ensureIndex(DBCollection.java:444)
	at com.mongodb.DBCollection.ensureIndex(DBCollection.java:392)
	at net.ion.radon.repository.Workspace.createWorkspace(Workspace.java:64)
	at net.ion.radon.repository.Workspace.load(Workspace.java:43)
	at net.ion.radon.repository.Repository.getWorkspace(Repository.java:28)
	at net.ion.radon.repository.LocalSession.getCurrentWorkspace(LocalSession.java:147)
	at net.ion.radon.repository.LocalSession.dropWorkspace(LocalSession.java:76)
	at net.ion.radon.repository.TestBaseRepository.setUp(TestBaseRepository.java:17)
Caused by: java.io.IOException: couldn&apos;t connect to [/61.250.201.78:27017] bc:java.net.ConnectException: Connection timed out: connect
	at com.mongodb.DBPort._open(DBPort.java:224)
	at com.mongodb.DBPort.go(DBPort.java:101)
	at com.mongodb.DBPort.go(DBPort.java:82)
	at com.mongodb.DBPort.say(DBPort.java:77)
	at com.mongodb.DBTCPConnector.say(DBTCPConnector.java:146)
</error>
  </testcase>
  <testcase classname="net.ion.radon.repository.TestNodeRows" name="testMeta" time="63.063">
    <error message="can&apos;t say something" type="com.mongodb.MongoException$Network">com.mongodb.MongoException$Network: can&apos;t say something
	at com.mongodb.DBTCPConnector.say(DBTCPConnector.java:159)
	at com.mongodb.DBTCPConnector.say(DBTCPConnector.java:132)
	at com.mongodb.DBApiLayer$MyCollection.insert(DBApiLayer.java:262)
	at com.mongodb.DBApiLayer$MyCollection.createIndex(DBApiLayer.java:354)
	at com.mongodb.DBCollection.ensureIndex(DBCollection.java:444)
	at com.mongodb.DBCollection.ensureIndex(DBCollection.java:392)
	at net.ion.radon.repository.Workspace.createWorkspace(Workspace.java:64)
	at net.ion.radon.repository.Workspace.load(Workspace.java:43)
	at net.ion.radon.repository.Repository.getWorkspace(Repository.java:28)
	at net.ion.radon.repository.LocalSession.getCurrentWorkspace(LocalSession.java:147)
	at net.ion.radon.repository.LocalSession.dropWorkspace(LocalSession.java:76)
	at net.ion.radon.repository.TestBaseRepository.setUp(TestBaseRepository.java:17)
Caused by: java.io.IOException: couldn&apos;t connect to [/61.250.201.78:27017] bc:java.net.ConnectException: Connection timed out: connect
	at com.mongodb.DBPort._open(DBPort.java:224)
	at com.mongodb.DBPort.go(DBPort.java:101)
	at com.mongodb.DBPort.go(DBPort.java:82)
	at com.mongodb.DBPort.say(DBPort.java:77)
	at com.mongodb.DBTCPConnector.say(DBTCPConnector.java:146)
</error>
  </testcase>
  <testcase classname="net.ion.radon.repository.TestNodeRows" name="testValue" time="62.969">
    <error message="can&apos;t say something" type="com.mongodb.MongoException$Network">com.mongodb.MongoException$Network: can&apos;t say something
	at com.mongodb.DBTCPConnector.say(DBTCPConnector.java:159)
	at com.mongodb.DBTCPConnector.say(DBTCPConnector.java:132)
	at com.mongodb.DBApiLayer$MyCollection.insert(DBApiLayer.java:262)
	at com.mongodb.DBApiLayer$MyCollection.createIndex(DBApiLayer.java:354)
	at com.mongodb.DBCollection.ensureIndex(DBCollection.java:444)
	at com.mongodb.DBCollection.ensureIndex(DBCollection.java:392)
	at net.ion.radon.repository.Workspace.createWorkspace(Workspace.java:64)
	at net.ion.radon.repository.Workspace.load(Workspace.java:43)
	at net.ion.radon.repository.Repository.getWorkspace(Repository.java:28)
	at net.ion.radon.repository.LocalSession.getCurrentWorkspace(LocalSession.java:147)
	at net.ion.radon.repository.LocalSession.dropWorkspace(LocalSession.java:76)
	at net.ion.radon.repository.TestBaseRepository.setUp(TestBaseRepository.java:17)
Caused by: java.io.IOException: couldn&apos;t connect to [/61.250.201.78:27017] bc:java.net.ConnectException: Connection timed out: connect
	at com.mongodb.DBPort._open(DBPort.java:224)
	at com.mongodb.DBPort.go(DBPort.java:101)
	at com.mongodb.DBPort.go(DBPort.java:82)
	at com.mongodb.DBPort.say(DBPort.java:77)
	at com.mongodb.DBTCPConnector.say(DBTCPConnector.java:146)
</error>
  </testcase>
  <testcase classname="net.ion.radon.repository.TestNodeRows" name="testCursor" time="62.968">
    <error message="can&apos;t say something" type="com.mongodb.MongoException$Network">com.mongodb.MongoException$Network: can&apos;t say something
	at com.mongodb.DBTCPConnector.say(DBTCPConnector.java:159)
	at com.mongodb.DBTCPConnector.say(DBTCPConnector.java:132)
	at com.mongodb.DBApiLayer$MyCollection.insert(DBApiLayer.java:262)
	at com.mongodb.DBApiLayer$MyCollection.createIndex(DBApiLayer.java:354)
	at com.mongodb.DBCollection.ensureIndex(DBCollection.java:444)
	at com.mongodb.DBCollection.ensureIndex(DBCollection.java:392)
	at net.ion.radon.repository.Workspace.createWorkspace(Workspace.java:64)
	at net.ion.radon.repository.Workspace.load(Workspace.java:43)
	at net.ion.radon.repository.Repository.getWorkspace(Repository.java:28)
	at net.ion.radon.repository.LocalSession.getCurrentWorkspace(LocalSession.java:147)
	at net.ion.radon.repository.LocalSession.dropWorkspace(LocalSession.java:76)
	at net.ion.radon.repository.TestBaseRepository.setUp(TestBaseRepository.java:17)
Caused by: java.io.IOException: couldn&apos;t connect to [/61.250.201.78:27017] bc:java.net.ConnectException: Connection timed out: connect
	at com.mongodb.DBPort._open(DBPort.java:224)
	at com.mongodb.DBPort.go(DBPort.java:101)
	at com.mongodb.DBPort.go(DBPort.java:82)
	at com.mongodb.DBPort.say(DBPort.java:77)
	at com.mongodb.DBTCPConnector.say(DBTCPConnector.java:146)
</error>
  </testcase>
  <testcase classname="net.ion.radon.repository.TestNodeRows" name="testCursor2" time="63.063">
    <error message="can&apos;t say something" type="com.mongodb.MongoException$Network">com.mongodb.MongoException$Network: can&apos;t say something
	at com.mongodb.DBTCPConnector.say(DBTCPConnector.java:159)
	at com.mongodb.DBTCPConnector.say(DBTCPConnector.java:132)
	at com.mongodb.DBApiLayer$MyCollection.insert(DBApiLayer.java:262)
	at com.mongodb.DBApiLayer$MyCollection.createIndex(DBApiLayer.java:354)
	at com.mongodb.DBCollection.ensureIndex(DBCollection.java:444)
	at com.mongodb.DBCollection.ensureIndex(DBCollection.java:392)
	at net.ion.radon.repository.Workspace.createWorkspace(Workspace.java:64)
	at net.ion.radon.repository.Workspace.load(Workspace.java:43)
	at net.ion.radon.repository.Repository.getWorkspace(Repository.java:28)
	at net.ion.radon.repository.LocalSession.getCurrentWorkspace(LocalSession.java:147)
	at net.ion.radon.repository.LocalSession.dropWorkspace(LocalSession.java:76)
	at net.ion.radon.repository.TestBaseRepository.setUp(TestBaseRepository.java:17)
Caused by: java.io.IOException: couldn&apos;t connect to [/61.250.201.78:27017] bc:java.net.ConnectException: Connection timed out: connect
	at com.mongodb.DBPort._open(DBPort.java:224)
	at com.mongodb.DBPort.go(DBPort.java:101)
	at com.mongodb.DBPort.go(DBPort.java:82)
	at com.mongodb.DBPort.say(DBPort.java:77)
	at com.mongodb.DBTCPConnector.say(DBTCPConnector.java:146)
</error>
  </testcase>
  <testcase classname="net.ion.radon.repository.TestNodeRows" name="testReference" time="62.969">
    <error message="can&apos;t say something" type="com.mongodb.MongoException$Network">com.mongodb.MongoException$Network: can&apos;t say something
	at com.mongodb.DBTCPConnector.say(DBTCPConnector.java:159)
	at com.mongodb.DBTCPConnector.say(DBTCPConnector.java:132)
	at com.mongodb.DBApiLayer$MyCollection.insert(DBApiLayer.java:262)
	at com.mongodb.DBApiLayer$MyCollection.createIndex(DBApiLayer.java:354)
	at com.mongodb.DBCollection.ensureIndex(DBCollection.java:444)
	at com.mongodb.DBCollection.ensureIndex(DBCollection.java:392)
	at net.ion.radon.repository.Workspace.createWorkspace(Workspace.java:64)
	at net.ion.radon.repository.Workspace.load(Workspace.java:43)
	at net.ion.radon.repository.Repository.getWorkspace(Repository.java:28)
	at net.ion.radon.repository.LocalSession.getCurrentWorkspace(LocalSession.java:147)
	at net.ion.radon.repository.LocalSession.dropWorkspace(LocalSession.java:76)
	at net.ion.radon.repository.TestBaseRepository.setUp(TestBaseRepository.java:17)
Caused by: java.io.IOException: couldn&apos;t connect to [/61.250.201.78:27017] bc:java.net.ConnectException: Connection timed out: connect
	at com.mongodb.DBPort._open(DBPort.java:224)
	at com.mongodb.DBPort.go(DBPort.java:101)
	at com.mongodb.DBPort.go(DBPort.java:82)
	at com.mongodb.DBPort.say(DBPort.java:77)
	at com.mongodb.DBTCPConnector.say(DBTCPConnector.java:146)
</error>
  </testcase>
  <testcase classname="net.ion.radon.repository.TestNodeRows" name="testDecode" time="63.172">
    <error message="can&apos;t say something" type="com.mongodb.MongoException$Network">com.mongodb.MongoException$Network: can&apos;t say something
	at com.mongodb.DBTCPConnector.say(DBTCPConnector.java:159)
	at com.mongodb.DBTCPConnector.say(DBTCPConnector.java:132)
	at com.mongodb.DBApiLayer$MyCollection.insert(DBApiLayer.java:262)
	at com.mongodb.DBApiLayer$MyCollection.createIndex(DBApiLayer.java:354)
	at com.mongodb.DBCollection.ensureIndex(DBCollection.java:444)
	at com.mongodb.DBCollection.ensureIndex(DBCollection.java:392)
	at net.ion.radon.repository.Workspace.createWorkspace(Workspace.java:64)
	at net.ion.radon.repository.Workspace.load(Workspace.java:43)
	at net.ion.radon.repository.Repository.getWorkspace(Repository.java:28)
	at net.ion.radon.repository.LocalSession.getCurrentWorkspace(LocalSession.java:147)
	at net.ion.radon.repository.LocalSession.dropWorkspace(LocalSession.java:76)
	at net.ion.radon.repository.TestBaseRepository.setUp(TestBaseRepository.java:17)
Caused by: java.io.IOException: couldn&apos;t connect to [/61.250.201.78:27017] bc:java.net.ConnectException: Connection timed out: connect
	at com.mongodb.DBPort._open(DBPort.java:224)
	at com.mongodb.DBPort.go(DBPort.java:101)
	at com.mongodb.DBPort.go(DBPort.java:82)
	at com.mongodb.DBPort.say(DBPort.java:77)
	at com.mongodb.DBTCPConnector.say(DBTCPConnector.java:146)
</error>
  </testcase>
  <testcase classname="net.ion.radon.repository.TestNodeRows" name="testColumn" time="63.359">
    <error message="can&apos;t say something" type="com.mongodb.MongoException$Network">com.mongodb.MongoException$Network: can&apos;t say something
	at com.mongodb.DBTCPConnector.say(DBTCPConnector.java:159)
	at com.mongodb.DBTCPConnector.say(DBTCPConnector.java:132)
	at com.mongodb.DBApiLayer$MyCollection.insert(DBApiLayer.java:262)
	at com.mongodb.DBApiLayer$MyCollection.createIndex(DBApiLayer.java:354)
	at com.mongodb.DBCollection.ensureIndex(DBCollection.java:444)
	at com.mongodb.DBCollection.ensureIndex(DBCollection.java:392)
	at net.ion.radon.repository.Workspace.createWorkspace(Workspace.java:64)
	at net.ion.radon.repository.Workspace.load(Workspace.java:43)
	at net.ion.radon.repository.Repository.getWorkspace(Repository.java:28)
	at net.ion.radon.repository.LocalSession.getCurrentWorkspace(LocalSession.java:147)
	at net.ion.radon.repository.LocalSession.dropWorkspace(LocalSession.java:76)
	at net.ion.radon.repository.TestBaseRepository.setUp(TestBaseRepository.java:17)
Caused by: java.io.IOException: couldn&apos;t connect to [/61.250.201.78:27017] bc:java.net.ConnectException: Connection timed out: connect
	at com.mongodb.DBPort._open(DBPort.java:224)
	at com.mongodb.DBPort.go(DBPort.java:101)
	at com.mongodb.DBPort.go(DBPort.java:82)
	at com.mongodb.DBPort.say(DBPort.java:77)
	at com.mongodb.DBTCPConnector.say(DBTCPConnector.java:146)
</error>
  </testcase>
  <testcase classname="net.ion.radon.repository.TestNodeRows" name="testUnionAll" time="62.969">
    <error message="can&apos;t say something" type="com.mongodb.MongoException$Network">com.mongodb.MongoException$Network: can&apos;t say something
	at com.mongodb.DBTCPConnector.say(DBTCPConnector.java:159)
	at com.mongodb.DBTCPConnector.say(DBTCPConnector.java:132)
	at com.mongodb.DBApiLayer$MyCollection.insert(DBApiLayer.java:262)
	at com.mongodb.DBApiLayer$MyCollection.createIndex(DBApiLayer.java:354)
	at com.mongodb.DBCollection.ensureIndex(DBCollection.java:444)
	at com.mongodb.DBCollection.ensureIndex(DBCollection.java:392)
	at net.ion.radon.repository.Workspace.createWorkspace(Workspace.java:64)
	at net.ion.radon.repository.Workspace.load(Workspace.java:43)
	at net.ion.radon.repository.Repository.getWorkspace(Repository.java:28)
	at net.ion.radon.repository.LocalSession.getCurrentWorkspace(LocalSession.java:147)
	at net.ion.radon.repository.LocalSession.dropWorkspace(LocalSession.java:76)
	at net.ion.radon.repository.TestBaseRepository.setUp(TestBaseRepository.java:17)
Caused by: java.io.IOException: couldn&apos;t connect to [/61.250.201.78:27017] bc:java.net.ConnectException: Connection timed out: connect
	at com.mongodb.DBPort._open(DBPort.java:224)
	at com.mongodb.DBPort.go(DBPort.java:101)
	at com.mongodb.DBPort.go(DBPort.java:82)
	at com.mongodb.DBPort.say(DBPort.java:77)
	at com.mongodb.DBTCPConnector.say(DBTCPConnector.java:146)
</error>
  </testcase>
  <testcase classname="net.ion.radon.repository.TestNodeSerialize" name="testTransientSession" time="63.265">
    <error message="can&apos;t say something" type="com.mongodb.MongoException$Network">com.mongodb.MongoException$Network: can&apos;t say something
	at com.mongodb.DBTCPConnector.say(DBTCPConnector.java:159)
	at com.mongodb.DBTCPConnector.say(DBTCPConnector.java:132)
	at com.mongodb.DBApiLayer$MyCollection.insert(DBApiLayer.java:262)
	at com.mongodb.DBApiLayer$MyCollection.createIndex(DBApiLayer.java:354)
	at com.mongodb.DBCollection.ensureIndex(DBCollection.java:444)
	at com.mongodb.DBCollection.ensureIndex(DBCollection.java:392)
	at net.ion.radon.repository.Workspace.createWorkspace(Workspace.java:64)
	at net.ion.radon.repository.Workspace.load(Workspace.java:43)
	at net.ion.radon.repository.Repository.getWorkspace(Repository.java:28)
	at net.ion.radon.repository.LocalSession.getCurrentWorkspace(LocalSession.java:147)
	at net.ion.radon.repository.LocalSession.dropWorkspace(LocalSession.java:76)
	at net.ion.radon.repository.TestBaseRepository.setUp(TestBaseRepository.java:17)
Caused by: java.io.IOException: couldn&apos;t connect to [/61.250.201.78:27017] bc:java.net.ConnectException: Connection timed out: connect
	at com.mongodb.DBPort._open(DBPort.java:224)
	at com.mongodb.DBPort.go(DBPort.java:101)
	at com.mongodb.DBPort.go(DBPort.java:82)
	at com.mongodb.DBPort.say(DBPort.java:77)
	at com.mongodb.DBTCPConnector.say(DBTCPConnector.java:146)
</error>
  </testcase>
  <testcase classname="net.ion.radon.repository.TestNodeListCursor" name="testSort" time="63.188">
    <error message="can&apos;t say something" type="com.mongodb.MongoException$Network">com.mongodb.MongoException$Network: can&apos;t say something
	at com.mongodb.DBTCPConnector.say(DBTCPConnector.java:159)
	at com.mongodb.DBTCPConnector.say(DBTCPConnector.java:132)
	at com.mongodb.DBApiLayer$MyCollection.insert(DBApiLayer.java:262)
	at com.mongodb.DBApiLayer$MyCollection.createIndex(DBApiLayer.java:354)
	at com.mongodb.DBCollection.ensureIndex(DBCollection.java:444)
	at com.mongodb.DBCollection.ensureIndex(DBCollection.java:392)
	at net.ion.radon.repository.Workspace.createWorkspace(Workspace.java:64)
	at net.ion.radon.repository.Workspace.load(Workspace.java:43)
	at net.ion.radon.repository.Repository.getWorkspace(Repository.java:28)
	at net.ion.radon.repository.LocalSession.getCurrentWorkspace(LocalSession.java:147)
	at net.ion.radon.repository.LocalSession.dropWorkspace(LocalSession.java:76)
	at net.ion.radon.repository.TestBaseRepository.setUp(TestBaseRepository.java:17)
Caused by: java.io.IOException: couldn&apos;t connect to [/61.250.201.78:27017] bc:java.net.ConnectException: Connection timed out: connect
	at com.mongodb.DBPort._open(DBPort.java:224)
	at com.mongodb.DBPort.go(DBPort.java:101)
	at com.mongodb.DBPort.go(DBPort.java:82)
	at com.mongodb.DBPort.say(DBPort.java:77)
	at com.mongodb.DBTCPConnector.say(DBTCPConnector.java:146)
</error>
  </testcase>
  <testcase classname="net.ion.radon.repository.TestNodeListCursor" name="testSkip" time="63.047">
    <error message="can&apos;t say something" type="com.mongodb.MongoException$Network">com.mongodb.MongoException$Network: can&apos;t say something
	at com.mongodb.DBTCPConnector.say(DBTCPConnector.java:159)
	at com.mongodb.DBTCPConnector.say(DBTCPConnector.java:132)
	at com.mongodb.DBApiLayer$MyCollection.insert(DBApiLayer.java:262)
	at com.mongodb.DBApiLayer$MyCollection.createIndex(DBApiLayer.java:354)
	at com.mongodb.DBCollection.ensureIndex(DBCollection.java:444)
	at com.mongodb.DBCollection.ensureIndex(DBCollection.java:392)
	at net.ion.radon.repository.Workspace.createWorkspace(Workspace.java:64)
	at net.ion.radon.repository.Workspace.load(Workspace.java:43)
	at net.ion.radon.repository.Repository.getWorkspace(Repository.java:28)
	at net.ion.radon.repository.LocalSession.getCurrentWorkspace(LocalSession.java:147)
	at net.ion.radon.repository.LocalSession.dropWorkspace(LocalSession.java:76)
	at net.ion.radon.repository.TestBaseRepository.setUp(TestBaseRepository.java:17)
Caused by: java.io.IOException: couldn&apos;t connect to [/61.250.201.78:27017] bc:java.net.ConnectException: Connection timed out: connect
	at com.mongodb.DBPort._open(DBPort.java:224)
	at com.mongodb.DBPort.go(DBPort.java:101)
	at com.mongodb.DBPort.go(DBPort.java:82)
	at com.mongodb.DBPort.say(DBPort.java:77)
	at com.mongodb.DBTCPConnector.say(DBTCPConnector.java:146)
</error>
  </testcase>
  <testcase classname="net.ion.radon.repository.TestNodeListCursor" name="testPage" time="62.968">
    <error message="can&apos;t say something" type="com.mongodb.MongoException$Network">com.mongodb.MongoException$Network: can&apos;t say something
	at com.mongodb.DBTCPConnector.say(DBTCPConnector.java:159)
	at com.mongodb.DBTCPConnector.say(DBTCPConnector.java:132)
	at com.mongodb.DBApiLayer$MyCollection.insert(DBApiLayer.java:262)
	at com.mongodb.DBApiLayer$MyCollection.createIndex(DBApiLayer.java:354)
	at com.mongodb.DBCollection.ensureIndex(DBCollection.java:444)
	at com.mongodb.DBCollection.ensureIndex(DBCollection.java:392)
	at net.ion.radon.repository.Workspace.createWorkspace(Workspace.java:64)
	at net.ion.radon.repository.Workspace.load(Workspace.java:43)
	at net.ion.radon.repository.Repository.getWorkspace(Repository.java:28)
	at net.ion.radon.repository.LocalSession.getCurrentWorkspace(LocalSession.java:147)
	at net.ion.radon.repository.LocalSession.dropWorkspace(LocalSession.java:76)
	at net.ion.radon.repository.TestBaseRepository.setUp(TestBaseRepository.java:17)
Caused by: java.io.IOException: couldn&apos;t connect to [/61.250.201.78:27017] bc:java.net.ConnectException: Connection timed out: connect
	at com.mongodb.DBPort._open(DBPort.java:224)
	at com.mongodb.DBPort.go(DBPort.java:101)
	at com.mongodb.DBPort.go(DBPort.java:82)
	at com.mongodb.DBPort.say(DBPort.java:77)
	at com.mongodb.DBTCPConnector.say(DBTCPConnector.java:146)
</error>
  </testcase>
  <testcase classname="net.ion.radon.repository.TestNodeListCursor" name="testIterator" time="63.172">
    <error message="can&apos;t say something" type="com.mongodb.MongoException$Network">com.mongodb.MongoException$Network: can&apos;t say something
	at com.mongodb.DBTCPConnector.say(DBTCPConnector.java:159)
	at com.mongodb.DBTCPConnector.say(DBTCPConnector.java:132)
	at com.mongodb.DBApiLayer$MyCollection.insert(DBApiLayer.java:262)
	at com.mongodb.DBApiLayer$MyCollection.createIndex(DBApiLayer.java:354)
	at com.mongodb.DBCollection.ensureIndex(DBCollection.java:444)
	at com.mongodb.DBCollection.ensureIndex(DBCollection.java:392)
	at net.ion.radon.repository.Workspace.createWorkspace(Workspace.java:64)
	at net.ion.radon.repository.Workspace.load(Workspace.java:43)
	at net.ion.radon.repository.Repository.getWorkspace(Repository.java:28)
	at net.ion.radon.repository.LocalSession.getCurrentWorkspace(LocalSession.java:147)
	at net.ion.radon.repository.LocalSession.dropWorkspace(LocalSession.java:76)
	at net.ion.radon.repository.TestBaseRepository.setUp(TestBaseRepository.java:17)
Caused by: java.io.IOException: couldn&apos;t connect to [/61.250.201.78:27017] bc:java.net.ConnectException: Connection timed out: connect
	at com.mongodb.DBPort._open(DBPort.java:224)
	at com.mongodb.DBPort.go(DBPort.java:101)
	at com.mongodb.DBPort.go(DBPort.java:82)
	at com.mongodb.DBPort.say(DBPort.java:77)
	at com.mongodb.DBTCPConnector.say(DBTCPConnector.java:146)
</error>
  </testcase>
  <testcase classname="net.ion.radon.repository.orm.TestORM" name="testUse" time="62.969">
    <error message="can&apos;t say something" type="com.mongodb.MongoException$Network">com.mongodb.MongoException$Network: can&apos;t say something
	at com.mongodb.DBTCPConnector.say(DBTCPConnector.java:159)
	at com.mongodb.DBTCPConnector.say(DBTCPConnector.java:132)
	at com.mongodb.DBApiLayer$MyCollection.insert(DBApiLayer.java:262)
	at com.mongodb.DBApiLayer$MyCollection.createIndex(DBApiLayer.java:354)
	at com.mongodb.DBCollection.ensureIndex(DBCollection.java:444)
	at com.mongodb.DBCollection.ensureIndex(DBCollection.java:392)
	at net.ion.radon.repository.Workspace.createWorkspace(Workspace.java:64)
	at net.ion.radon.repository.Workspace.load(Workspace.java:43)
	at net.ion.radon.repository.Repository.getWorkspace(Repository.java:28)
	at net.ion.radon.repository.LocalSession.getCurrentWorkspace(LocalSession.java:147)
	at net.ion.radon.repository.LocalSession.dropWorkspace(LocalSession.java:76)
	at net.ion.radon.repository.TestBaseRepository.setUp(TestBaseRepository.java:17)
Caused by: java.io.IOException: couldn&apos;t connect to [/61.250.201.78:27017] bc:java.net.ConnectException: Connection timed out: connect
	at com.mongodb.DBPort._open(DBPort.java:224)
	at com.mongodb.DBPort.go(DBPort.java:101)
	at com.mongodb.DBPort.go(DBPort.java:82)
	at com.mongodb.DBPort.say(DBPort.java:77)
	at com.mongodb.DBTCPConnector.say(DBTCPConnector.java:146)
</error>
  </testcase>
  <testcase classname="net.ion.radon.repository.TestPropertyFamily" name="testJSONString" time="63.063">
    <error message="can&apos;t say something" type="com.mongodb.MongoException$Network">com.mongodb.MongoException$Network: can&apos;t say something
	at com.mongodb.DBTCPConnector.say(DBTCPConnector.java:159)
	at com.mongodb.DBTCPConnector.say(DBTCPConnector.java:132)
	at com.mongodb.DBApiLayer$MyCollection.insert(DBApiLayer.java:262)
	at com.mongodb.DBApiLayer$MyCollection.createIndex(DBApiLayer.java:354)
	at com.mongodb.DBCollection.ensureIndex(DBCollection.java:444)
	at com.mongodb.DBCollection.ensureIndex(DBCollection.java:392)
	at net.ion.radon.repository.Workspace.createWorkspace(Workspace.java:64)
	at net.ion.radon.repository.Workspace.load(Workspace.java:43)
	at net.ion.radon.repository.Repository.getWorkspace(Repository.java:28)
	at net.ion.radon.repository.LocalSession.getCurrentWorkspace(LocalSession.java:147)
	at net.ion.radon.repository.LocalSession.dropWorkspace(LocalSession.java:76)
	at net.ion.radon.repository.TestBaseRepository.setUp(TestBaseRepository.java:17)
Caused by: java.io.IOException: couldn&apos;t connect to [/61.250.201.78:27017] bc:java.net.ConnectException: Connection timed out: connect
	at com.mongodb.DBPort._open(DBPort.java:224)
	at com.mongodb.DBPort.go(DBPort.java:101)
	at com.mongodb.DBPort.go(DBPort.java:82)
	at com.mongodb.DBPort.say(DBPort.java:77)
	at com.mongodb.DBTCPConnector.say(DBTCPConnector.java:146)
</error>
  </testcase>
  <testcase classname="net.ion.radon.repository.util.TestJSONMessage" name="testLoad" time="0.171" />
  <testcase classname="net.ion.radon.repository.util.TestJSONMessage" name="testToJSON" time="0.282" />
  <testcase classname="net.ion.radon.repository.TestAradonRefImpl" name="testIn" time="63.015">
    <error message="can&apos;t say something" type="com.mongodb.MongoException$Network">com.mongodb.MongoException$Network: can&apos;t say something
	at com.mongodb.DBTCPConnector.say(DBTCPConnector.java:159)
	at com.mongodb.DBTCPConnector.say(DBTCPConnector.java:132)
	at com.mongodb.DBApiLayer$MyCollection.insert(DBApiLayer.java:262)
	at com.mongodb.DBApiLayer$MyCollection.createIndex(DBApiLayer.java:354)
	at com.mongodb.DBCollection.ensureIndex(DBCollection.java:444)
	at com.mongodb.DBCollection.ensureIndex(DBCollection.java:392)
	at net.ion.radon.repository.Workspace.createWorkspace(Workspace.java:64)
	at net.ion.radon.repository.Workspace.load(Workspace.java:43)
	at net.ion.radon.repository.Repository.getWorkspace(Repository.java:28)
	at net.ion.radon.repository.LocalSession.getCurrentWorkspace(LocalSession.java:147)
	at net.ion.radon.repository.LocalSession.dropWorkspace(LocalSession.java:76)
	at net.ion.radon.repository.TestBaseRepository.setUp(TestBaseRepository.java:17)
Caused by: java.io.IOException: couldn&apos;t connect to [/61.250.201.78:27017] bc:java.net.ConnectException: Connection timed out: connect
	at com.mongodb.DBPort._open(DBPort.java:224)
	at com.mongodb.DBPort.go(DBPort.java:101)
	at com.mongodb.DBPort.go(DBPort.java:82)
	at com.mongodb.DBPort.say(DBPort.java:77)
	at com.mongodb.DBTCPConnector.say(DBTCPConnector.java:146)
</error>
  </testcase>
  <testcase classname="net.ion.radon.repository.TestAradonRefImpl" name="testRefListInfo" time="63.078">
    <error message="can&apos;t say something" type="com.mongodb.MongoException$Network">com.mongodb.MongoException$Network: can&apos;t say something
	at com.mongodb.DBTCPConnector.say(DBTCPConnector.java:159)
	at com.mongodb.DBTCPConnector.say(DBTCPConnector.java:132)
	at com.mongodb.DBApiLayer$MyCollection.insert(DBApiLayer.java:262)
	at com.mongodb.DBApiLayer$MyCollection.createIndex(DBApiLayer.java:354)
	at com.mongodb.DBCollection.ensureIndex(DBCollection.java:444)
	at com.mongodb.DBCollection.ensureIndex(DBCollection.java:392)
	at net.ion.radon.repository.Workspace.createWorkspace(Workspace.java:64)
	at net.ion.radon.repository.Workspace.load(Workspace.java:43)
	at net.ion.radon.repository.Repository.getWorkspace(Repository.java:28)
	at net.ion.radon.repository.LocalSession.getCurrentWorkspace(LocalSession.java:147)
	at net.ion.radon.repository.LocalSession.dropWorkspace(LocalSession.java:76)
	at net.ion.radon.repository.TestBaseRepository.setUp(TestBaseRepository.java:17)
Caused by: java.io.IOException: couldn&apos;t connect to [/61.250.201.78:27017] bc:java.net.ConnectException: Connection timed out: connect
	at com.mongodb.DBPort._open(DBPort.java:224)
	at com.mongodb.DBPort.go(DBPort.java:101)
	at com.mongodb.DBPort.go(DBPort.java:82)
	at com.mongodb.DBPort.say(DBPort.java:77)
	at com.mongodb.DBTCPConnector.say(DBTCPConnector.java:146)
</error>
  </testcase>
  <testcase classname="net.ion.radon.repository.TestToRelation" name="testPath" time="62.954">
    <error message="can&apos;t say something" type="com.mongodb.MongoException$Network">com.mongodb.MongoException$Network: can&apos;t say something
	at com.mongodb.DBTCPConnector.say(DBTCPConnector.java:159)
	at com.mongodb.DBTCPConnector.say(DBTCPConnector.java:132)
	at com.mongodb.DBApiLayer$MyCollection.insert(DBApiLayer.java:262)
	at com.mongodb.DBApiLayer$MyCollection.createIndex(DBApiLayer.java:354)
	at com.mongodb.DBCollection.ensureIndex(DBCollection.java:444)
	at com.mongodb.DBCollection.ensureIndex(DBCollection.java:392)
	at net.ion.radon.repository.Workspace.createWorkspace(Workspace.java:64)
	at net.ion.radon.repository.Workspace.load(Workspace.java:43)
	at net.ion.radon.repository.Repository.getWorkspace(Repository.java:28)
	at net.ion.radon.repository.LocalSession.getCurrentWorkspace(LocalSession.java:147)
	at net.ion.radon.repository.LocalSession.dropWorkspace(LocalSession.java:76)
	at net.ion.radon.repository.TestBaseRepository.setUp(TestBaseRepository.java:17)
Caused by: java.io.IOException: couldn&apos;t connect to [/61.250.201.78:27017] bc:java.net.ConnectException: Connection timed out: connect
	at com.mongodb.DBPort._open(DBPort.java:224)
	at com.mongodb.DBPort.go(DBPort.java:101)
	at com.mongodb.DBPort.go(DBPort.java:82)
	at com.mongodb.DBPort.say(DBPort.java:77)
	at com.mongodb.DBTCPConnector.say(DBTCPConnector.java:146)
</error>
  </testcase>
  <testcase classname="net.ion.radon.repository.TestToRelation" name="testAradonId" time="63.078">
    <error message="can&apos;t say something" type="com.mongodb.MongoException$Network">com.mongodb.MongoException$Network: can&apos;t say something
	at com.mongodb.DBTCPConnector.say(DBTCPConnector.java:159)
	at com.mongodb.DBTCPConnector.say(DBTCPConnector.java:132)
	at com.mongodb.DBApiLayer$MyCollection.insert(DBApiLayer.java:262)
	at com.mongodb.DBApiLayer$MyCollection.createIndex(DBApiLayer.java:354)
	at com.mongodb.DBCollection.ensureIndex(DBCollection.java:444)
	at com.mongodb.DBCollection.ensureIndex(DBCollection.java:392)
	at net.ion.radon.repository.Workspace.createWorkspace(Workspace.java:64)
	at net.ion.radon.repository.Workspace.load(Workspace.java:43)
	at net.ion.radon.repository.Repository.getWorkspace(Repository.java:28)
	at net.ion.radon.repository.LocalSession.getCurrentWorkspace(LocalSession.java:147)
	at net.ion.radon.repository.LocalSession.dropWorkspace(LocalSession.java:76)
	at net.ion.radon.repository.TestBaseRepository.setUp(TestBaseRepository.java:17)
Caused by: java.io.IOException: couldn&apos;t connect to [/61.250.201.78:27017] bc:java.net.ConnectException: Connection timed out: connect
	at com.mongodb.DBPort._open(DBPort.java:224)
	at com.mongodb.DBPort.go(DBPort.java:101)
	at com.mongodb.DBPort.go(DBPort.java:82)
	at com.mongodb.DBPort.say(DBPort.java:77)
	at com.mongodb.DBTCPConnector.say(DBTCPConnector.java:146)
</error>
  </testcase>
  <testcase classname="net.ion.radon.repository.TestToRelation" name="testCache" time="62.968">
    <error message="can&apos;t say something" type="com.mongodb.MongoException$Network">com.mongodb.MongoException$Network: can&apos;t say something
	at com.mongodb.DBTCPConnector.say(DBTCPConnector.java:159)
	at com.mongodb.DBTCPConnector.say(DBTCPConnector.java:132)
	at com.mongodb.DBApiLayer$MyCollection.insert(DBApiLayer.java:262)
	at com.mongodb.DBApiLayer$MyCollection.createIndex(DBApiLayer.java:354)
	at com.mongodb.DBCollection.ensureIndex(DBCollection.java:444)
	at com.mongodb.DBCollection.ensureIndex(DBCollection.java:392)
	at net.ion.radon.repository.Workspace.createWorkspace(Workspace.java:64)
	at net.ion.radon.repository.Workspace.load(Workspace.java:43)
	at net.ion.radon.repository.Repository.getWorkspace(Repository.java:28)
	at net.ion.radon.repository.LocalSession.getCurrentWorkspace(LocalSession.java:147)
	at net.ion.radon.repository.LocalSession.dropWorkspace(LocalSession.java:76)
	at net.ion.radon.repository.TestBaseRepository.setUp(TestBaseRepository.java:17)
Caused by: java.io.IOException: couldn&apos;t connect to [/61.250.201.78:27017] bc:java.net.ConnectException: Connection timed out: connect
	at com.mongodb.DBPort._open(DBPort.java:224)
	at com.mongodb.DBPort.go(DBPort.java:101)
	at com.mongodb.DBPort.go(DBPort.java:82)
	at com.mongodb.DBPort.say(DBPort.java:77)
	at com.mongodb.DBTCPConnector.say(DBTCPConnector.java:146)
</error>
  </testcase>
  <testcase classname="net.ion.radon.repository.TestToRelation" name="testCaseInSensitive" time="63.157">
    <error message="can&apos;t say something" type="com.mongodb.MongoException$Network">com.mongodb.MongoException$Network: can&apos;t say something
	at com.mongodb.DBTCPConnector.say(DBTCPConnector.java:159)
	at com.mongodb.DBTCPConnector.say(DBTCPConnector.java:132)
	at com.mongodb.DBApiLayer$MyCollection.insert(DBApiLayer.java:262)
	at com.mongodb.DBApiLayer$MyCollection.createIndex(DBApiLayer.java:354)
	at com.mongodb.DBCollection.ensureIndex(DBCollection.java:444)
	at com.mongodb.DBCollection.ensureIndex(DBCollection.java:392)
	at net.ion.radon.repository.Workspace.createWorkspace(Workspace.java:64)
	at net.ion.radon.repository.Workspace.load(Workspace.java:43)
	at net.ion.radon.repository.Repository.getWorkspace(Repository.java:28)
	at net.ion.radon.repository.LocalSession.getCurrentWorkspace(LocalSession.java:147)
	at net.ion.radon.repository.LocalSession.dropWorkspace(LocalSession.java:76)
	at net.ion.radon.repository.TestBaseRepository.setUp(TestBaseRepository.java:17)
Caused by: java.io.IOException: couldn&apos;t connect to [/61.250.201.78:27017] bc:java.net.ConnectException: Connection timed out: connect
	at com.mongodb.DBPort._open(DBPort.java:224)
	at com.mongodb.DBPort.go(DBPort.java:101)
	at com.mongodb.DBPort.go(DBPort.java:82)
	at com.mongodb.DBPort.say(DBPort.java:77)
	at com.mongodb.DBTCPConnector.say(DBTCPConnector.java:146)
</error>
  </testcase>
  <testcase classname="net.ion.radon.repository.TestToRelation" name="testId" time="63.078">
    <error message="can&apos;t say something" type="com.mongodb.MongoException$Network">com.mongodb.MongoException$Network: can&apos;t say something
	at com.mongodb.DBTCPConnector.say(DBTCPConnector.java:159)
	at com.mongodb.DBTCPConnector.say(DBTCPConnector.java:132)
	at com.mongodb.DBApiLayer$MyCollection.insert(DBApiLayer.java:262)
	at com.mongodb.DBApiLayer$MyCollection.createIndex(DBApiLayer.java:354)
	at com.mongodb.DBCollection.ensureIndex(DBCollection.java:444)
	at com.mongodb.DBCollection.ensureIndex(DBCollection.java:392)
	at net.ion.radon.repository.Workspace.createWorkspace(Workspace.java:64)
	at net.ion.radon.repository.Workspace.load(Workspace.java:43)
	at net.ion.radon.repository.Repository.getWorkspace(Repository.java:28)
	at net.ion.radon.repository.LocalSession.getCurrentWorkspace(LocalSession.java:147)
	at net.ion.radon.repository.LocalSession.dropWorkspace(LocalSession.java:76)
	at net.ion.radon.repository.TestBaseRepository.setUp(TestBaseRepository.java:17)
Caused by: java.io.IOException: couldn&apos;t connect to [/61.250.201.78:27017] bc:java.net.ConnectException: Connection timed out: connect
	at com.mongodb.DBPort._open(DBPort.java:224)
	at com.mongodb.DBPort.go(DBPort.java:101)
	at com.mongodb.DBPort.go(DBPort.java:82)
	at com.mongodb.DBPort.say(DBPort.java:77)
	at com.mongodb.DBTCPConnector.say(DBTCPConnector.java:146)
</error>
  </testcase>
  <testcase classname="net.ion.radon.repository.TestToRelation" name="testRelationGet" time="63.062">
    <error message="can&apos;t say something" type="com.mongodb.MongoException$Network">com.mongodb.MongoException$Network: can&apos;t say something
	at com.mongodb.DBTCPConnector.say(DBTCPConnector.java:159)
	at com.mongodb.DBTCPConnector.say(DBTCPConnector.java:132)
	at com.mongodb.DBApiLayer$MyCollection.insert(DBApiLayer.java:262)
	at com.mongodb.DBApiLayer$MyCollection.createIndex(DBApiLayer.java:354)
	at com.mongodb.DBCollection.ensureIndex(DBCollection.java:444)
	at com.mongodb.DBCollection.ensureIndex(DBCollection.java:392)
	at net.ion.radon.repository.Workspace.createWorkspace(Workspace.java:64)
	at net.ion.radon.repository.Workspace.load(Workspace.java:43)
	at net.ion.radon.repository.Repository.getWorkspace(Repository.java:28)
	at net.ion.radon.repository.LocalSession.getCurrentWorkspace(LocalSession.java:147)
	at net.ion.radon.repository.LocalSession.dropWorkspace(LocalSession.java:76)
	at net.ion.radon.repository.TestBaseRepository.setUp(TestBaseRepository.java:17)
Caused by: java.io.IOException: couldn&apos;t connect to [/61.250.201.78:27017] bc:java.net.ConnectException: Connection timed out: connect
	at com.mongodb.DBPort._open(DBPort.java:224)
	at com.mongodb.DBPort.go(DBPort.java:101)
	at com.mongodb.DBPort.go(DBPort.java:82)
	at com.mongodb.DBPort.say(DBPort.java:77)
	at com.mongodb.DBTCPConnector.say(DBTCPConnector.java:146)
</error>
  </testcase>
  <testcase classname="net.ion.radon.repository.TestToRelation" name="testUnknownRelation" time="63.266">
    <error message="can&apos;t say something" type="com.mongodb.MongoException$Network">com.mongodb.MongoException$Network: can&apos;t say something
	at com.mongodb.DBTCPConnector.say(DBTCPConnector.java:159)
	at com.mongodb.DBTCPConnector.say(DBTCPConnector.java:132)
	at com.mongodb.DBApiLayer$MyCollection.insert(DBApiLayer.java:262)
	at com.mongodb.DBApiLayer$MyCollection.createIndex(DBApiLayer.java:354)
	at com.mongodb.DBCollection.ensureIndex(DBCollection.java:444)
	at com.mongodb.DBCollection.ensureIndex(DBCollection.java:392)
	at net.ion.radon.repository.Workspace.createWorkspace(Workspace.java:64)
	at net.ion.radon.repository.Workspace.load(Workspace.java:43)
	at net.ion.radon.repository.Repository.getWorkspace(Repository.java:28)
	at net.ion.radon.repository.LocalSession.getCurrentWorkspace(LocalSession.java:147)
	at net.ion.radon.repository.LocalSession.dropWorkspace(LocalSession.java:76)
	at net.ion.radon.repository.TestBaseRepository.setUp(TestBaseRepository.java:17)
Caused by: java.io.IOException: couldn&apos;t connect to [/61.250.201.78:27017] bc:java.net.ConnectException: Connection timed out: connect
	at com.mongodb.DBPort._open(DBPort.java:224)
	at com.mongodb.DBPort.go(DBPort.java:101)
	at com.mongodb.DBPort.go(DBPort.java:82)
	at com.mongodb.DBPort.say(DBPort.java:77)
	at com.mongodb.DBTCPConnector.say(DBTCPConnector.java:146)
</error>
  </testcase>
  <testcase classname="net.ion.radon.repository.TestToRelation" name="testRelationProperty" time="63.172">
    <error message="can&apos;t say something" type="com.mongodb.MongoException$Network">com.mongodb.MongoException$Network: can&apos;t say something
	at com.mongodb.DBTCPConnector.say(DBTCPConnector.java:159)
	at com.mongodb.DBTCPConnector.say(DBTCPConnector.java:132)
	at com.mongodb.DBApiLayer$MyCollection.insert(DBApiLayer.java:262)
	at com.mongodb.DBApiLayer$MyCollection.createIndex(DBApiLayer.java:354)
	at com.mongodb.DBCollection.ensureIndex(DBCollection.java:444)
	at com.mongodb.DBCollection.ensureIndex(DBCollection.java:392)
	at net.ion.radon.repository.Workspace.createWorkspace(Workspace.java:64)
	at net.ion.radon.repository.Workspace.load(Workspace.java:43)
	at net.ion.radon.repository.Repository.getWorkspace(Repository.java:28)
	at net.ion.radon.repository.LocalSession.getCurrentWorkspace(LocalSession.java:147)
	at net.ion.radon.repository.LocalSession.dropWorkspace(LocalSession.java:76)
	at net.ion.radon.repository.TestBaseRepository.setUp(TestBaseRepository.java:17)
Caused by: java.io.IOException: couldn&apos;t connect to [/61.250.201.78:27017] bc:java.net.ConnectException: Connection timed out: connect
	at com.mongodb.DBPort._open(DBPort.java:224)
	at com.mongodb.DBPort.go(DBPort.java:101)
	at com.mongodb.DBPort.go(DBPort.java:82)
	at com.mongodb.DBPort.say(DBPort.java:77)
	at com.mongodb.DBTCPConnector.say(DBTCPConnector.java:146)
</error>
  </testcase>
  <testcase classname="net.ion.radon.repository.TestToRelation" name="testCacheNotFound" time="63.062">
    <error message="can&apos;t say something" type="com.mongodb.MongoException$Network">com.mongodb.MongoException$Network: can&apos;t say something
	at com.mongodb.DBTCPConnector.say(DBTCPConnector.java:159)
	at com.mongodb.DBTCPConnector.say(DBTCPConnector.java:132)
	at com.mongodb.DBApiLayer$MyCollection.insert(DBApiLayer.java:262)
	at com.mongodb.DBApiLayer$MyCollection.createIndex(DBApiLayer.java:354)
	at com.mongodb.DBCollection.ensureIndex(DBCollection.java:444)
	at com.mongodb.DBCollection.ensureIndex(DBCollection.java:392)
	at net.ion.radon.repository.Workspace.createWorkspace(Workspace.java:64)
	at net.ion.radon.repository.Workspace.load(Workspace.java:43)
	at net.ion.radon.repository.Repository.getWorkspace(Repository.java:28)
	at net.ion.radon.repository.LocalSession.getCurrentWorkspace(LocalSession.java:147)
	at net.ion.radon.repository.LocalSession.dropWorkspace(LocalSession.java:76)
	at net.ion.radon.repository.TestBaseRepository.setUp(TestBaseRepository.java:17)
Caused by: java.io.IOException: couldn&apos;t connect to [/61.250.201.78:27017] bc:java.net.ConnectException: Connection timed out: connect
	at com.mongodb.DBPort._open(DBPort.java:224)
	at com.mongodb.DBPort.go(DBPort.java:101)
	at com.mongodb.DBPort.go(DBPort.java:82)
	at com.mongodb.DBPort.say(DBPort.java:77)
	at com.mongodb.DBTCPConnector.say(DBTCPConnector.java:146)
</error>
  </testcase>
  <testcase classname="net.ion.radon.repository.TestToRelation" name="testNodeColumn" time="62.969">
    <error message="can&apos;t say something" type="com.mongodb.MongoException$Network">com.mongodb.MongoException$Network: can&apos;t say something
	at com.mongodb.DBTCPConnector.say(DBTCPConnector.java:159)
	at com.mongodb.DBTCPConnector.say(DBTCPConnector.java:132)
	at com.mongodb.DBApiLayer$MyCollection.insert(DBApiLayer.java:262)
	at com.mongodb.DBApiLayer$MyCollection.createIndex(DBApiLayer.java:354)
	at com.mongodb.DBCollection.ensureIndex(DBCollection.java:444)
	at com.mongodb.DBCollection.ensureIndex(DBCollection.java:392)
	at net.ion.radon.repository.Workspace.createWorkspace(Workspace.java:64)
	at net.ion.radon.repository.Workspace.load(Workspace.java:43)
	at net.ion.radon.repository.Repository.getWorkspace(Repository.java:28)
	at net.ion.radon.repository.LocalSession.getCurrentWorkspace(LocalSession.java:147)
	at net.ion.radon.repository.LocalSession.dropWorkspace(LocalSession.java:76)
	at net.ion.radon.repository.TestBaseRepository.setUp(TestBaseRepository.java:17)
Caused by: java.io.IOException: couldn&apos;t connect to [/61.250.201.78:27017] bc:java.net.ConnectException: Connection timed out: connect
	at com.mongodb.DBPort._open(DBPort.java:224)
	at com.mongodb.DBPort.go(DBPort.java:101)
	at com.mongodb.DBPort.go(DBPort.java:82)
	at com.mongodb.DBPort.say(DBPort.java:77)
	at com.mongodb.DBTCPConnector.say(DBTCPConnector.java:146)
</error>
  </testcase>
  <testcase classname="net.ion.radon.repository.TestGetRelation" name="testRegular" time="63.063">
    <error message="can&apos;t say something" type="com.mongodb.MongoException$Network">com.mongodb.MongoException$Network: can&apos;t say something
	at com.mongodb.DBTCPConnector.say(DBTCPConnector.java:159)
	at com.mongodb.DBTCPConnector.say(DBTCPConnector.java:132)
	at com.mongodb.DBApiLayer$MyCollection.insert(DBApiLayer.java:262)
	at com.mongodb.DBApiLayer$MyCollection.createIndex(DBApiLayer.java:354)
	at com.mongodb.DBCollection.ensureIndex(DBCollection.java:444)
	at com.mongodb.DBCollection.ensureIndex(DBCollection.java:392)
	at net.ion.radon.repository.Workspace.createWorkspace(Workspace.java:64)
	at net.ion.radon.repository.Workspace.load(Workspace.java:43)
	at net.ion.radon.repository.Repository.getWorkspace(Repository.java:28)
	at net.ion.radon.repository.LocalSession.getCurrentWorkspace(LocalSession.java:147)
	at net.ion.radon.repository.LocalSession.dropWorkspace(LocalSession.java:76)
	at net.ion.radon.repository.TestBaseRepository.setUp(TestBaseRepository.java:17)
Caused by: java.io.IOException: couldn&apos;t connect to [/61.250.201.78:27017] bc:java.net.ConnectException: Connection timed out: connect
	at com.mongodb.DBPort._open(DBPort.java:224)
	at com.mongodb.DBPort.go(DBPort.java:101)
	at com.mongodb.DBPort.go(DBPort.java:82)
	at com.mongodb.DBPort.say(DBPort.java:77)
	at com.mongodb.DBTCPConnector.say(DBTCPConnector.java:146)
</error>
  </testcase>
  <testcase classname="net.ion.radon.repository.TestGetRelation" name="testGetValuable" time="62.968">
    <error message="can&apos;t say something" type="com.mongodb.MongoException$Network">com.mongodb.MongoException$Network: can&apos;t say something
	at com.mongodb.DBTCPConnector.say(DBTCPConnector.java:159)
	at com.mongodb.DBTCPConnector.say(DBTCPConnector.java:132)
	at com.mongodb.DBApiLayer$MyCollection.insert(DBApiLayer.java:262)
	at com.mongodb.DBApiLayer$MyCollection.createIndex(DBApiLayer.java:354)
	at com.mongodb.DBCollection.ensureIndex(DBCollection.java:444)
	at com.mongodb.DBCollection.ensureIndex(DBCollection.java:392)
	at net.ion.radon.repository.Workspace.createWorkspace(Workspace.java:64)
	at net.ion.radon.repository.Workspace.load(Workspace.java:43)
	at net.ion.radon.repository.Repository.getWorkspace(Repository.java:28)
	at net.ion.radon.repository.LocalSession.getCurrentWorkspace(LocalSession.java:147)
	at net.ion.radon.repository.LocalSession.dropWorkspace(LocalSession.java:76)
	at net.ion.radon.repository.TestBaseRepository.setUp(TestBaseRepository.java:17)
Caused by: java.io.IOException: couldn&apos;t connect to [/61.250.201.78:27017] bc:java.net.ConnectException: Connection timed out: connect
	at com.mongodb.DBPort._open(DBPort.java:224)
	at com.mongodb.DBPort.go(DBPort.java:101)
	at com.mongodb.DBPort.go(DBPort.java:82)
	at com.mongodb.DBPort.say(DBPort.java:77)
	at com.mongodb.DBTCPConnector.say(DBTCPConnector.java:146)
</error>
  </testcase>
  <testcase classname="net.ion.radon.repository.TestMyRef" name="testRef" time="63.078">
    <error message="can&apos;t say something" type="com.mongodb.MongoException$Network">com.mongodb.MongoException$Network: can&apos;t say something
	at com.mongodb.DBTCPConnector.say(DBTCPConnector.java:159)
	at com.mongodb.DBTCPConnector.say(DBTCPConnector.java:132)
	at com.mongodb.DBApiLayer$MyCollection.insert(DBApiLayer.java:262)
	at com.mongodb.DBApiLayer$MyCollection.createIndex(DBApiLayer.java:354)
	at com.mongodb.DBCollection.ensureIndex(DBCollection.java:444)
	at com.mongodb.DBCollection.ensureIndex(DBCollection.java:392)
	at net.ion.radon.repository.Workspace.createWorkspace(Workspace.java:64)
	at net.ion.radon.repository.Workspace.load(Workspace.java:43)
	at net.ion.radon.repository.Repository.getWorkspace(Repository.java:28)
	at net.ion.radon.repository.LocalSession.getCurrentWorkspace(LocalSession.java:147)
	at net.ion.radon.repository.LocalSession.dropWorkspace(LocalSession.java:76)
	at net.ion.radon.repository.TestBaseRepository.setUp(TestBaseRepository.java:17)
Caused by: java.io.IOException: couldn&apos;t connect to [/61.250.201.78:27017] bc:java.net.ConnectException: Connection timed out: connect
	at com.mongodb.DBPort._open(DBPort.java:224)
	at com.mongodb.DBPort.go(DBPort.java:101)
	at com.mongodb.DBPort.go(DBPort.java:82)
	at com.mongodb.DBPort.say(DBPort.java:77)
	at com.mongodb.DBTCPConnector.say(DBTCPConnector.java:146)
</error>
  </testcase>
  <testcase classname="net.ion.radon.repository.TestMyRef" name="testMergeNodeRef" time="63.266">
    <error message="can&apos;t say something" type="com.mongodb.MongoException$Network">com.mongodb.MongoException$Network: can&apos;t say something
	at com.mongodb.DBTCPConnector.say(DBTCPConnector.java:159)
	at com.mongodb.DBTCPConnector.say(DBTCPConnector.java:132)
	at com.mongodb.DBApiLayer$MyCollection.insert(DBApiLayer.java:262)
	at com.mongodb.DBApiLayer$MyCollection.createIndex(DBApiLayer.java:354)
	at com.mongodb.DBCollection.ensureIndex(DBCollection.java:444)
	at com.mongodb.DBCollection.ensureIndex(DBCollection.java:392)
	at net.ion.radon.repository.Workspace.createWorkspace(Workspace.java:64)
	at net.ion.radon.repository.Workspace.load(Workspace.java:43)
	at net.ion.radon.repository.Repository.getWorkspace(Repository.java:28)
	at net.ion.radon.repository.LocalSession.getCurrentWorkspace(LocalSession.java:147)
	at net.ion.radon.repository.LocalSession.dropWorkspace(LocalSession.java:76)
	at net.ion.radon.repository.TestBaseRepository.setUp(TestBaseRepository.java:17)
Caused by: java.io.IOException: couldn&apos;t connect to [/61.250.201.78:27017] bc:java.net.ConnectException: Connection timed out: connect
	at com.mongodb.DBPort._open(DBPort.java:224)
	at com.mongodb.DBPort.go(DBPort.java:101)
	at com.mongodb.DBPort.go(DBPort.java:82)
	at com.mongodb.DBPort.say(DBPort.java:77)
	at com.mongodb.DBTCPConnector.say(DBTCPConnector.java:146)
</error>
  </testcase>
  <testcase classname="net.ion.radon.repository.TestParentChild" name="testGetParent" time="63.156">
    <error message="can&apos;t say something" type="com.mongodb.MongoException$Network">com.mongodb.MongoException$Network: can&apos;t say something
	at com.mongodb.DBTCPConnector.say(DBTCPConnector.java:159)
	at com.mongodb.DBTCPConnector.say(DBTCPConnector.java:132)
	at com.mongodb.DBApiLayer$MyCollection.insert(DBApiLayer.java:262)
	at com.mongodb.DBApiLayer$MyCollection.createIndex(DBApiLayer.java:354)
	at com.mongodb.DBCollection.ensureIndex(DBCollection.java:444)
	at com.mongodb.DBCollection.ensureIndex(DBCollection.java:392)
	at net.ion.radon.repository.Workspace.createWorkspace(Workspace.java:64)
	at net.ion.radon.repository.Workspace.load(Workspace.java:43)
	at net.ion.radon.repository.Repository.getWorkspace(Repository.java:28)
	at net.ion.radon.repository.LocalSession.getCurrentWorkspace(LocalSession.java:147)
	at net.ion.radon.repository.LocalSession.dropWorkspace(LocalSession.java:76)
	at net.ion.radon.repository.TestBaseRepository.setUp(TestBaseRepository.java:17)
Caused by: java.io.IOException: couldn&apos;t connect to [/61.250.201.78:27017] bc:java.net.ConnectException: Connection timed out: connect
	at com.mongodb.DBPort._open(DBPort.java:224)
	at com.mongodb.DBPort.go(DBPort.java:101)
	at com.mongodb.DBPort.go(DBPort.java:82)
	at com.mongodb.DBPort.say(DBPort.java:77)
	at com.mongodb.DBTCPConnector.say(DBTCPConnector.java:146)
</error>
  </testcase>
  <testcase classname="net.ion.radon.repository.TestParentChild" name="testGetParent2" time="63.172">
    <error message="can&apos;t say something" type="com.mongodb.MongoException$Network">com.mongodb.MongoException$Network: can&apos;t say something
	at com.mongodb.DBTCPConnector.say(DBTCPConnector.java:159)
	at com.mongodb.DBTCPConnector.say(DBTCPConnector.java:132)
	at com.mongodb.DBApiLayer$MyCollection.insert(DBApiLayer.java:262)
	at com.mongodb.DBApiLayer$MyCollection.createIndex(DBApiLayer.java:354)
	at com.mongodb.DBCollection.ensureIndex(DBCollection.java:444)
	at com.mongodb.DBCollection.ensureIndex(DBCollection.java:392)
	at net.ion.radon.repository.Workspace.createWorkspace(Workspace.java:64)
	at net.ion.radon.repository.Workspace.load(Workspace.java:43)
	at net.ion.radon.repository.Repository.getWorkspace(Repository.java:28)
	at net.ion.radon.repository.LocalSession.getCurrentWorkspace(LocalSession.java:147)
	at net.ion.radon.repository.LocalSession.dropWorkspace(LocalSession.java:76)
	at net.ion.radon.repository.TestBaseRepository.setUp(TestBaseRepository.java:17)
Caused by: java.io.IOException: couldn&apos;t connect to [/61.250.201.78:27017] bc:java.net.ConnectException: Connection timed out: connect
	at com.mongodb.DBPort._open(DBPort.java:224)
	at com.mongodb.DBPort.go(DBPort.java:101)
	at com.mongodb.DBPort.go(DBPort.java:82)
	at com.mongodb.DBPort.say(DBPort.java:77)
	at com.mongodb.DBTCPConnector.say(DBTCPConnector.java:146)
</error>
  </testcase>
  <testcase classname="net.ion.radon.repository.TestParentChild" name="testGetChild" time="63.375">
    <error message="can&apos;t say something" type="com.mongodb.MongoException$Network">com.mongodb.MongoException$Network: can&apos;t say something
	at com.mongodb.DBTCPConnector.say(DBTCPConnector.java:159)
	at com.mongodb.DBTCPConnector.say(DBTCPConnector.java:132)
	at com.mongodb.DBApiLayer$MyCollection.insert(DBApiLayer.java:262)
	at com.mongodb.DBApiLayer$MyCollection.createIndex(DBApiLayer.java:354)
	at com.mongodb.DBCollection.ensureIndex(DBCollection.java:444)
	at com.mongodb.DBCollection.ensureIndex(DBCollection.java:392)
	at net.ion.radon.repository.Workspace.createWorkspace(Workspace.java:64)
	at net.ion.radon.repository.Workspace.load(Workspace.java:43)
	at net.ion.radon.repository.Repository.getWorkspace(Repository.java:28)
	at net.ion.radon.repository.LocalSession.getCurrentWorkspace(LocalSession.java:147)
	at net.ion.radon.repository.LocalSession.dropWorkspace(LocalSession.java:76)
	at net.ion.radon.repository.TestBaseRepository.setUp(TestBaseRepository.java:17)
Caused by: java.io.IOException: couldn&apos;t connect to [/61.250.201.78:27017] bc:java.net.ConnectException: Connection timed out: connect
	at com.mongodb.DBPort._open(DBPort.java:224)
	at com.mongodb.DBPort.go(DBPort.java:101)
	at com.mongodb.DBPort.go(DBPort.java:82)
	at com.mongodb.DBPort.say(DBPort.java:77)
	at com.mongodb.DBTCPConnector.say(DBTCPConnector.java:146)
</error>
  </testcase>
  <testcase classname="net.ion.radon.repository.TestParentChild" name="testFrom" time="63.063">
    <error message="can&apos;t say something" type="com.mongodb.MongoException$Network">com.mongodb.MongoException$Network: can&apos;t say something
	at com.mongodb.DBTCPConnector.say(DBTCPConnector.java:159)
	at com.mongodb.DBTCPConnector.say(DBTCPConnector.java:132)
	at com.mongodb.DBApiLayer$MyCollection.insert(DBApiLayer.java:262)
	at com.mongodb.DBApiLayer$MyCollection.createIndex(DBApiLayer.java:354)
	at com.mongodb.DBCollection.ensureIndex(DBCollection.java:444)
	at com.mongodb.DBCollection.ensureIndex(DBCollection.java:392)
	at net.ion.radon.repository.Workspace.createWorkspace(Workspace.java:64)
	at net.ion.radon.repository.Workspace.load(Workspace.java:43)
	at net.ion.radon.repository.Repository.getWorkspace(Repository.java:28)
	at net.ion.radon.repository.LocalSession.getCurrentWorkspace(LocalSession.java:147)
	at net.ion.radon.repository.LocalSession.dropWorkspace(LocalSession.java:76)
	at net.ion.radon.repository.TestBaseRepository.setUp(TestBaseRepository.java:17)
Caused by: java.io.IOException: couldn&apos;t connect to [/61.250.201.78:27017] bc:java.net.ConnectException: Connection timed out: connect
	at com.mongodb.DBPort._open(DBPort.java:224)
	at com.mongodb.DBPort.go(DBPort.java:101)
	at com.mongodb.DBPort.go(DBPort.java:82)
	at com.mongodb.DBPort.say(DBPort.java:77)
	at com.mongodb.DBTCPConnector.say(DBTCPConnector.java:146)
</error>
  </testcase>
  <testcase classname="net.ion.radon.repository.TestParentChild" name="testFromSort" time="62.968">
    <error message="can&apos;t say something" type="com.mongodb.MongoException$Network">com.mongodb.MongoException$Network: can&apos;t say something
	at com.mongodb.DBTCPConnector.say(DBTCPConnector.java:159)
	at com.mongodb.DBTCPConnector.say(DBTCPConnector.java:132)
	at com.mongodb.DBApiLayer$MyCollection.insert(DBApiLayer.java:262)
	at com.mongodb.DBApiLayer$MyCollection.createIndex(DBApiLayer.java:354)
	at com.mongodb.DBCollection.ensureIndex(DBCollection.java:444)
	at com.mongodb.DBCollection.ensureIndex(DBCollection.java:392)
	at net.ion.radon.repository.Workspace.createWorkspace(Workspace.java:64)
	at net.ion.radon.repository.Workspace.load(Workspace.java:43)
	at net.ion.radon.repository.Repository.getWorkspace(Repository.java:28)
	at net.ion.radon.repository.LocalSession.getCurrentWorkspace(LocalSession.java:147)
	at net.ion.radon.repository.LocalSession.dropWorkspace(LocalSession.java:76)
	at net.ion.radon.repository.TestBaseRepository.setUp(TestBaseRepository.java:17)
Caused by: java.io.IOException: couldn&apos;t connect to [/61.250.201.78:27017] bc:java.net.ConnectException: Connection timed out: connect
	at com.mongodb.DBPort._open(DBPort.java:224)
	at com.mongodb.DBPort.go(DBPort.java:101)
	at com.mongodb.DBPort.go(DBPort.java:82)
	at com.mongodb.DBPort.say(DBPort.java:77)
	at com.mongodb.DBTCPConnector.say(DBTCPConnector.java:146)
</error>
  </testcase>
  <testcase classname="net.ion.radon.repository.TestParentChild" name="testFromDelete" time="63.063">
    <error message="can&apos;t say something" type="com.mongodb.MongoException$Network">com.mongodb.MongoException$Network: can&apos;t say something
	at com.mongodb.DBTCPConnector.say(DBTCPConnector.java:159)
	at com.mongodb.DBTCPConnector.say(DBTCPConnector.java:132)
	at com.mongodb.DBApiLayer$MyCollection.insert(DBApiLayer.java:262)
	at com.mongodb.DBApiLayer$MyCollection.createIndex(DBApiLayer.java:354)
	at com.mongodb.DBCollection.ensureIndex(DBCollection.java:444)
	at com.mongodb.DBCollection.ensureIndex(DBCollection.java:392)
	at net.ion.radon.repository.Workspace.createWorkspace(Workspace.java:64)
	at net.ion.radon.repository.Workspace.load(Workspace.java:43)
	at net.ion.radon.repository.Repository.getWorkspace(Repository.java:28)
	at net.ion.radon.repository.LocalSession.getCurrentWorkspace(LocalSession.java:147)
	at net.ion.radon.repository.LocalSession.dropWorkspace(LocalSession.java:76)
	at net.ion.radon.repository.TestBaseRepository.setUp(TestBaseRepository.java:17)
Caused by: java.io.IOException: couldn&apos;t connect to [/61.250.201.78:27017] bc:java.net.ConnectException: Connection timed out: connect
	at com.mongodb.DBPort._open(DBPort.java:224)
	at com.mongodb.DBPort.go(DBPort.java:101)
	at com.mongodb.DBPort.go(DBPort.java:82)
	at com.mongodb.DBPort.say(DBPort.java:77)
	at com.mongodb.DBTCPConnector.say(DBTCPConnector.java:146)
</error>
  </testcase>
  <testcase classname="net.ion.radon.repository.TestRelationMethod" name="testReference" time="63.078">
    <error message="can&apos;t say something" type="com.mongodb.MongoException$Network">com.mongodb.MongoException$Network: can&apos;t say something
	at com.mongodb.DBTCPConnector.say(DBTCPConnector.java:159)
	at com.mongodb.DBTCPConnector.say(DBTCPConnector.java:132)
	at com.mongodb.DBApiLayer$MyCollection.insert(DBApiLayer.java:262)
	at com.mongodb.DBApiLayer$MyCollection.createIndex(DBApiLayer.java:354)
	at com.mongodb.DBCollection.ensureIndex(DBCollection.java:444)
	at com.mongodb.DBCollection.ensureIndex(DBCollection.java:392)
	at net.ion.radon.repository.Workspace.createWorkspace(Workspace.java:64)
	at net.ion.radon.repository.Workspace.load(Workspace.java:43)
	at net.ion.radon.repository.Repository.getWorkspace(Repository.java:28)
	at net.ion.radon.repository.LocalSession.getCurrentWorkspace(LocalSession.java:147)
	at net.ion.radon.repository.LocalSession.dropWorkspace(LocalSession.java:76)
	at net.ion.radon.repository.TestBaseRepository.setUp(TestBaseRepository.java:17)
Caused by: java.io.IOException: couldn&apos;t connect to [/61.250.201.78:27017] bc:java.net.ConnectException: Connection timed out: connect
	at com.mongodb.DBPort._open(DBPort.java:224)
	at com.mongodb.DBPort.go(DBPort.java:101)
	at com.mongodb.DBPort.go(DBPort.java:82)
	at com.mongodb.DBPort.say(DBPort.java:77)
	at com.mongodb.DBTCPConnector.say(DBTCPConnector.java:146)
</error>
  </testcase>
  <testcase classname="net.ion.radon.repository.TestRelationMethod" name="testFrom" time="63.063">
    <error message="can&apos;t say something" type="com.mongodb.MongoException$Network">com.mongodb.MongoException$Network: can&apos;t say something
	at com.mongodb.DBTCPConnector.say(DBTCPConnector.java:159)
	at com.mongodb.DBTCPConnector.say(DBTCPConnector.java:132)
	at com.mongodb.DBApiLayer$MyCollection.insert(DBApiLayer.java:262)
	at com.mongodb.DBApiLayer$MyCollection.createIndex(DBApiLayer.java:354)
	at com.mongodb.DBCollection.ensureIndex(DBCollection.java:444)
	at com.mongodb.DBCollection.ensureIndex(DBCollection.java:392)
	at net.ion.radon.repository.Workspace.createWorkspace(Workspace.java:64)
	at net.ion.radon.repository.Workspace.load(Workspace.java:43)
	at net.ion.radon.repository.Repository.getWorkspace(Repository.java:28)
	at net.ion.radon.repository.LocalSession.getCurrentWorkspace(LocalSession.java:147)
	at net.ion.radon.repository.LocalSession.dropWorkspace(LocalSession.java:76)
	at net.ion.radon.repository.TestBaseRepository.setUp(TestBaseRepository.java:17)
Caused by: java.io.IOException: couldn&apos;t connect to [/61.250.201.78:27017] bc:java.net.ConnectException: Connection timed out: connect
	at com.mongodb.DBPort._open(DBPort.java:224)
	at com.mongodb.DBPort.go(DBPort.java:101)
	at com.mongodb.DBPort.go(DBPort.java:82)
	at com.mongodb.DBPort.say(DBPort.java:77)
	at com.mongodb.DBTCPConnector.say(DBTCPConnector.java:146)
</error>
  </testcase>
  <testcase classname="net.ion.radon.repository.TestRelationMethod" name="testOtherWorkspace" time="63.078">
    <error message="can&apos;t say something" type="com.mongodb.MongoException$Network">com.mongodb.MongoException$Network: can&apos;t say something
	at com.mongodb.DBTCPConnector.say(DBTCPConnector.java:159)
	at com.mongodb.DBTCPConnector.say(DBTCPConnector.java:132)
	at com.mongodb.DBApiLayer$MyCollection.insert(DBApiLayer.java:262)
	at com.mongodb.DBApiLayer$MyCollection.createIndex(DBApiLayer.java:354)
	at com.mongodb.DBCollection.ensureIndex(DBCollection.java:444)
	at com.mongodb.DBCollection.ensureIndex(DBCollection.java:392)
	at net.ion.radon.repository.Workspace.createWorkspace(Workspace.java:64)
	at net.ion.radon.repository.Workspace.load(Workspace.java:43)
	at net.ion.radon.repository.Repository.getWorkspace(Repository.java:28)
	at net.ion.radon.repository.LocalSession.getCurrentWorkspace(LocalSession.java:147)
	at net.ion.radon.repository.LocalSession.dropWorkspace(LocalSession.java:76)
	at net.ion.radon.repository.TestBaseRepository.setUp(TestBaseRepository.java:17)
Caused by: java.io.IOException: couldn&apos;t connect to [/61.250.201.78:27017] bc:java.net.ConnectException: Connection timed out: connect
	at com.mongodb.DBPort._open(DBPort.java:224)
	at com.mongodb.DBPort.go(DBPort.java:101)
	at com.mongodb.DBPort.go(DBPort.java:82)
	at com.mongodb.DBPort.say(DBPort.java:77)
	at com.mongodb.DBTCPConnector.say(DBTCPConnector.java:146)
</error>
  </testcase>
  <testcase classname="net.ion.radon.repository.TestRelationMethod" name="testRemoveAllReference" time="63.359">
    <error message="can&apos;t say something" type="com.mongodb.MongoException$Network">com.mongodb.MongoException$Network: can&apos;t say something
	at com.mongodb.DBTCPConnector.say(DBTCPConnector.java:159)
	at com.mongodb.DBTCPConnector.say(DBTCPConnector.java:132)
	at com.mongodb.DBApiLayer$MyCollection.insert(DBApiLayer.java:262)
	at com.mongodb.DBApiLayer$MyCollection.createIndex(DBApiLayer.java:354)
	at com.mongodb.DBCollection.ensureIndex(DBCollection.java:444)
	at com.mongodb.DBCollection.ensureIndex(DBCollection.java:392)
	at net.ion.radon.repository.Workspace.createWorkspace(Workspace.java:64)
	at net.ion.radon.repository.Workspace.load(Workspace.java:43)
	at net.ion.radon.repository.Repository.getWorkspace(Repository.java:28)
	at net.ion.radon.repository.LocalSession.getCurrentWorkspace(LocalSession.java:147)
	at net.ion.radon.repository.LocalSession.dropWorkspace(LocalSession.java:76)
	at net.ion.radon.repository.TestBaseRepository.setUp(TestBaseRepository.java:17)
Caused by: java.io.IOException: couldn&apos;t connect to [/61.250.201.78:27017] bc:java.net.ConnectException: Connection timed out: connect
	at com.mongodb.DBPort._open(DBPort.java:224)
	at com.mongodb.DBPort.go(DBPort.java:101)
	at com.mongodb.DBPort.go(DBPort.java:82)
	at com.mongodb.DBPort.say(DBPort.java:77)
	at com.mongodb.DBTCPConnector.say(DBTCPConnector.java:146)
</error>
  </testcase>
  <testcase classname="net.ion.radon.repository.TestFindRelation" name="testToRelation" time="63.172">
    <error message="can&apos;t say something" type="com.mongodb.MongoException$Network">com.mongodb.MongoException$Network: can&apos;t say something
	at com.mongodb.DBTCPConnector.say(DBTCPConnector.java:159)
	at com.mongodb.DBTCPConnector.say(DBTCPConnector.java:132)
	at com.mongodb.DBApiLayer$MyCollection.insert(DBApiLayer.java:262)
	at com.mongodb.DBApiLayer$MyCollection.createIndex(DBApiLayer.java:354)
	at com.mongodb.DBCollection.ensureIndex(DBCollection.java:444)
	at com.mongodb.DBCollection.ensureIndex(DBCollection.java:392)
	at net.ion.radon.repository.Workspace.createWorkspace(Workspace.java:64)
	at net.ion.radon.repository.Workspace.load(Workspace.java:43)
	at net.ion.radon.repository.Repository.getWorkspace(Repository.java:28)
	at net.ion.radon.repository.LocalSession.getCurrentWorkspace(LocalSession.java:147)
	at net.ion.radon.repository.LocalSession.dropWorkspace(LocalSession.java:76)
	at net.ion.radon.repository.TestBaseRepository.setUp(TestBaseRepository.java:17)
Caused by: java.io.IOException: couldn&apos;t connect to [/61.250.201.78:27017] bc:java.net.ConnectException: Connection timed out: connect
	at com.mongodb.DBPort._open(DBPort.java:224)
	at com.mongodb.DBPort.go(DBPort.java:101)
	at com.mongodb.DBPort.go(DBPort.java:82)
	at com.mongodb.DBPort.say(DBPort.java:77)
	at com.mongodb.DBTCPConnector.say(DBTCPConnector.java:146)
</error>
  </testcase>
  <testcase classname="net.ion.radon.repository.TestFindRelation" name="testRelationValue" time="63.062">
    <error message="can&apos;t say something" type="com.mongodb.MongoException$Network">com.mongodb.MongoException$Network: can&apos;t say something
	at com.mongodb.DBTCPConnector.say(DBTCPConnector.java:159)
	at com.mongodb.DBTCPConnector.say(DBTCPConnector.java:132)
	at com.mongodb.DBApiLayer$MyCollection.insert(DBApiLayer.java:262)
	at com.mongodb.DBApiLayer$MyCollection.createIndex(DBApiLayer.java:354)
	at com.mongodb.DBCollection.ensureIndex(DBCollection.java:444)
	at com.mongodb.DBCollection.ensureIndex(DBCollection.java:392)
	at net.ion.radon.repository.Workspace.createWorkspace(Workspace.java:64)
	at net.ion.radon.repository.Workspace.load(Workspace.java:43)
	at net.ion.radon.repository.Repository.getWorkspace(Repository.java:28)
	at net.ion.radon.repository.LocalSession.getCurrentWorkspace(LocalSession.java:147)
	at net.ion.radon.repository.LocalSession.dropWorkspace(LocalSession.java:76)
	at net.ion.radon.repository.TestBaseRepository.setUp(TestBaseRepository.java:17)
Caused by: java.io.IOException: couldn&apos;t connect to [/61.250.201.78:27017] bc:java.net.ConnectException: Connection timed out: connect
	at com.mongodb.DBPort._open(DBPort.java:224)
	at com.mongodb.DBPort.go(DBPort.java:101)
	at com.mongodb.DBPort.go(DBPort.java:82)
	at com.mongodb.DBPort.say(DBPort.java:77)
	at com.mongodb.DBTCPConnector.say(DBTCPConnector.java:146)
</error>
  </testcase>
  <testcase classname="net.ion.radon.repository.TestFindRelation" name="testToAradonId" time="63.266">
    <error message="can&apos;t say something" type="com.mongodb.MongoException$Network">com.mongodb.MongoException$Network: can&apos;t say something
	at com.mongodb.DBTCPConnector.say(DBTCPConnector.java:159)
	at com.mongodb.DBTCPConnector.say(DBTCPConnector.java:132)
	at com.mongodb.DBApiLayer$MyCollection.insert(DBApiLayer.java:262)
	at com.mongodb.DBApiLayer$MyCollection.createIndex(DBApiLayer.java:354)
	at com.mongodb.DBCollection.ensureIndex(DBCollection.java:444)
	at com.mongodb.DBCollection.ensureIndex(DBCollection.java:392)
	at net.ion.radon.repository.Workspace.createWorkspace(Workspace.java:64)
	at net.ion.radon.repository.Workspace.load(Workspace.java:43)
	at net.ion.radon.repository.Repository.getWorkspace(Repository.java:28)
	at net.ion.radon.repository.LocalSession.getCurrentWorkspace(LocalSession.java:147)
	at net.ion.radon.repository.LocalSession.dropWorkspace(LocalSession.java:76)
	at net.ion.radon.repository.TestBaseRepository.setUp(TestBaseRepository.java:17)
Caused by: java.io.IOException: couldn&apos;t connect to [/61.250.201.78:27017] bc:java.net.ConnectException: Connection timed out: connect
	at com.mongodb.DBPort._open(DBPort.java:224)
	at com.mongodb.DBPort.go(DBPort.java:101)
	at com.mongodb.DBPort.go(DBPort.java:82)
	at com.mongodb.DBPort.say(DBPort.java:77)
	at com.mongodb.DBTCPConnector.say(DBTCPConnector.java:146)
</error>
  </testcase>
  <testcase classname="net.ion.radon.repository.TestAdvanceRelation" name="testRelation" time="63.172">
    <error message="can&apos;t say something" type="com.mongodb.MongoException$Network">com.mongodb.MongoException$Network: can&apos;t say something
	at com.mongodb.DBTCPConnector.say(DBTCPConnector.java:159)
	at com.mongodb.DBTCPConnector.say(DBTCPConnector.java:132)
	at com.mongodb.DBApiLayer$MyCollection.insert(DBApiLayer.java:262)
	at com.mongodb.DBApiLayer$MyCollection.createIndex(DBApiLayer.java:354)
	at com.mongodb.DBCollection.ensureIndex(DBCollection.java:444)
	at com.mongodb.DBCollection.ensureIndex(DBCollection.java:392)
	at net.ion.radon.repository.Workspace.createWorkspace(Workspace.java:64)
	at net.ion.radon.repository.Workspace.load(Workspace.java:43)
	at net.ion.radon.repository.Repository.getWorkspace(Repository.java:28)
	at net.ion.radon.repository.LocalSession.getCurrentWorkspace(LocalSession.java:147)
	at net.ion.radon.repository.LocalSession.dropWorkspace(LocalSession.java:76)
	at net.ion.radon.repository.TestBaseRepository.setUp(TestBaseRepository.java:17)
Caused by: java.io.IOException: couldn&apos;t connect to [/61.250.201.78:27017] bc:java.net.ConnectException: Connection timed out: connect
	at com.mongodb.DBPort._open(DBPort.java:224)
	at com.mongodb.DBPort.go(DBPort.java:101)
	at com.mongodb.DBPort.go(DBPort.java:82)
	at com.mongodb.DBPort.say(DBPort.java:77)
	at com.mongodb.DBTCPConnector.say(DBTCPConnector.java:146)
</error>
  </testcase>
  <testcase classname="net.ion.radon.repository.TestAdvanceRelation" name="testFirst" time="63.266">
    <error message="can&apos;t say something" type="com.mongodb.MongoException$Network">com.mongodb.MongoException$Network: can&apos;t say something
	at com.mongodb.DBTCPConnector.say(DBTCPConnector.java:159)
	at com.mongodb.DBTCPConnector.say(DBTCPConnector.java:132)
	at com.mongodb.DBApiLayer$MyCollection.insert(DBApiLayer.java:262)
	at com.mongodb.DBApiLayer$MyCollection.createIndex(DBApiLayer.java:354)
	at com.mongodb.DBCollection.ensureIndex(DBCollection.java:444)
	at com.mongodb.DBCollection.ensureIndex(DBCollection.java:392)
	at net.ion.radon.repository.Workspace.createWorkspace(Workspace.java:64)
	at net.ion.radon.repository.Workspace.load(Workspace.java:43)
	at net.ion.radon.repository.Repository.getWorkspace(Repository.java:28)
	at net.ion.radon.repository.LocalSession.getCurrentWorkspace(LocalSession.java:147)
	at net.ion.radon.repository.LocalSession.dropWorkspace(LocalSession.java:76)
	at net.ion.radon.repository.TestBaseRepository.setUp(TestBaseRepository.java:17)
Caused by: java.io.IOException: couldn&apos;t connect to [/61.250.201.78:27017] bc:java.net.ConnectException: Connection timed out: connect
	at com.mongodb.DBPort._open(DBPort.java:224)
	at com.mongodb.DBPort.go(DBPort.java:101)
	at com.mongodb.DBPort.go(DBPort.java:82)
	at com.mongodb.DBPort.say(DBPort.java:77)
	at com.mongodb.DBTCPConnector.say(DBTCPConnector.java:146)
</error>
  </testcase>
  <testcase classname="net.ion.radon.repository.TestAdvanceRelation" name="testAradonDuplicate" time="63.062">
    <error message="can&apos;t say something" type="com.mongodb.MongoException$Network">com.mongodb.MongoException$Network: can&apos;t say something
	at com.mongodb.DBTCPConnector.say(DBTCPConnector.java:159)
	at com.mongodb.DBTCPConnector.say(DBTCPConnector.java:132)
	at com.mongodb.DBApiLayer$MyCollection.insert(DBApiLayer.java:262)
	at com.mongodb.DBApiLayer$MyCollection.createIndex(DBApiLayer.java:354)
	at com.mongodb.DBCollection.ensureIndex(DBCollection.java:444)
	at com.mongodb.DBCollection.ensureIndex(DBCollection.java:392)
	at net.ion.radon.repository.Workspace.createWorkspace(Workspace.java:64)
	at net.ion.radon.repository.Workspace.load(Workspace.java:43)
	at net.ion.radon.repository.Repository.getWorkspace(Repository.java:28)
	at net.ion.radon.repository.LocalSession.getCurrentWorkspace(LocalSession.java:147)
	at net.ion.radon.repository.LocalSession.dropWorkspace(LocalSession.java:76)
	at net.ion.radon.repository.TestBaseRepository.setUp(TestBaseRepository.java:17)
Caused by: java.io.IOException: couldn&apos;t connect to [/61.250.201.78:27017] bc:java.net.ConnectException: Connection timed out: connect
	at com.mongodb.DBPort._open(DBPort.java:224)
	at com.mongodb.DBPort.go(DBPort.java:101)
	at com.mongodb.DBPort.go(DBPort.java:82)
	at com.mongodb.DBPort.say(DBPort.java:77)
	at com.mongodb.DBTCPConnector.say(DBTCPConnector.java:146)
</error>
  </testcase>
  <testcase classname="net.ion.radon.repository.TestAdvanceRelation" name="testDifferentWorksapce" time="63.078">
    <error message="can&apos;t say something" type="com.mongodb.MongoException$Network">com.mongodb.MongoException$Network: can&apos;t say something
	at com.mongodb.DBTCPConnector.say(DBTCPConnector.java:159)
	at com.mongodb.DBTCPConnector.say(DBTCPConnector.java:132)
	at com.mongodb.DBApiLayer$MyCollection.insert(DBApiLayer.java:262)
	at com.mongodb.DBApiLayer$MyCollection.createIndex(DBApiLayer.java:354)
	at com.mongodb.DBCollection.ensureIndex(DBCollection.java:444)
	at com.mongodb.DBCollection.ensureIndex(DBCollection.java:392)
	at net.ion.radon.repository.Workspace.createWorkspace(Workspace.java:64)
	at net.ion.radon.repository.Workspace.load(Workspace.java:43)
	at net.ion.radon.repository.Repository.getWorkspace(Repository.java:28)
	at net.ion.radon.repository.LocalSession.getCurrentWorkspace(LocalSession.java:147)
	at net.ion.radon.repository.LocalSession.dropWorkspace(LocalSession.java:76)
	at net.ion.radon.repository.TestBaseRepository.setUp(TestBaseRepository.java:17)
Caused by: java.io.IOException: couldn&apos;t connect to [/61.250.201.78:27017] bc:java.net.ConnectException: Connection timed out: connect
	at com.mongodb.DBPort._open(DBPort.java:224)
	at com.mongodb.DBPort.go(DBPort.java:101)
	at com.mongodb.DBPort.go(DBPort.java:82)
	at com.mongodb.DBPort.say(DBPort.java:77)
	at com.mongodb.DBTCPConnector.say(DBTCPConnector.java:146)
</error>
  </testcase>
  <testcase classname="net.ion.radon.repository.TestAdvanceRelation" name="testCaseInsentiveReference" time="63.156">
    <error message="can&apos;t say something" type="com.mongodb.MongoException$Network">com.mongodb.MongoException$Network: can&apos;t say something
	at com.mongodb.DBTCPConnector.say(DBTCPConnector.java:159)
	at com.mongodb.DBTCPConnector.say(DBTCPConnector.java:132)
	at com.mongodb.DBApiLayer$MyCollection.insert(DBApiLayer.java:262)
	at com.mongodb.DBApiLayer$MyCollection.createIndex(DBApiLayer.java:354)
	at com.mongodb.DBCollection.ensureIndex(DBCollection.java:444)
	at com.mongodb.DBCollection.ensureIndex(DBCollection.java:392)
	at net.ion.radon.repository.Workspace.createWorkspace(Workspace.java:64)
	at net.ion.radon.repository.Workspace.load(Workspace.java:43)
	at net.ion.radon.repository.Repository.getWorkspace(Repository.java:28)
	at net.ion.radon.repository.LocalSession.getCurrentWorkspace(LocalSession.java:147)
	at net.ion.radon.repository.LocalSession.dropWorkspace(LocalSession.java:76)
	at net.ion.radon.repository.TestBaseRepository.setUp(TestBaseRepository.java:17)
Caused by: java.io.IOException: couldn&apos;t connect to [/61.250.201.78:27017] bc:java.net.ConnectException: Connection timed out: connect
	at com.mongodb.DBPort._open(DBPort.java:224)
	at com.mongodb.DBPort.go(DBPort.java:101)
	at com.mongodb.DBPort.go(DBPort.java:82)
	at com.mongodb.DBPort.say(DBPort.java:77)
	at com.mongodb.DBTCPConnector.say(DBTCPConnector.java:146)
</error>
  </testcase>
  <testcase classname="net.ion.radon.repository.mr.TestGroup" name="testInListSort" time="63.063">
    <error message="can&apos;t say something" type="com.mongodb.MongoException$Network">com.mongodb.MongoException$Network: can&apos;t say something
	at com.mongodb.DBTCPConnector.say(DBTCPConnector.java:159)
	at com.mongodb.DBTCPConnector.say(DBTCPConnector.java:132)
	at com.mongodb.DBApiLayer$MyCollection.insert(DBApiLayer.java:262)
	at com.mongodb.DBApiLayer$MyCollection.createIndex(DBApiLayer.java:354)
	at com.mongodb.DBCollection.ensureIndex(DBCollection.java:444)
	at com.mongodb.DBCollection.ensureIndex(DBCollection.java:392)
	at net.ion.radon.repository.Workspace.createWorkspace(Workspace.java:64)
	at net.ion.radon.repository.Workspace.load(Workspace.java:43)
	at net.ion.radon.repository.Repository.getWorkspace(Repository.java:28)
	at net.ion.radon.repository.LocalSession.getCurrentWorkspace(LocalSession.java:147)
	at net.ion.radon.repository.LocalSession.dropWorkspace(LocalSession.java:76)
	at net.ion.radon.repository.TestBaseRepository.setUp(TestBaseRepository.java:17)
Caused by: java.io.IOException: couldn&apos;t connect to [/61.250.201.78:27017] bc:java.net.ConnectException: Connection timed out: connect
	at com.mongodb.DBPort._open(DBPort.java:224)
	at com.mongodb.DBPort.go(DBPort.java:101)
	at com.mongodb.DBPort.go(DBPort.java:82)
	at com.mongodb.DBPort.say(DBPort.java:77)
	at com.mongodb.DBTCPConnector.say(DBTCPConnector.java:146)
</error>
  </testcase>
  <testcase classname="net.ion.radon.repository.mr.TestMapReduce" name="testDefault" time="63.265">
    <error message="can&apos;t say something" type="com.mongodb.MongoException$Network">com.mongodb.MongoException$Network: can&apos;t say something
	at com.mongodb.DBTCPConnector.say(DBTCPConnector.java:159)
	at com.mongodb.DBTCPConnector.say(DBTCPConnector.java:132)
	at com.mongodb.DBApiLayer$MyCollection.insert(DBApiLayer.java:262)
	at com.mongodb.DBApiLayer$MyCollection.createIndex(DBApiLayer.java:354)
	at com.mongodb.DBCollection.ensureIndex(DBCollection.java:444)
	at com.mongodb.DBCollection.ensureIndex(DBCollection.java:392)
	at net.ion.radon.repository.Workspace.createWorkspace(Workspace.java:64)
	at net.ion.radon.repository.Workspace.load(Workspace.java:43)
	at net.ion.radon.repository.Repository.getWorkspace(Repository.java:28)
	at net.ion.radon.repository.LocalSession.getCurrentWorkspace(LocalSession.java:147)
	at net.ion.radon.repository.LocalSession.dropWorkspace(LocalSession.java:76)
	at net.ion.radon.repository.TestBaseRepository.setUp(TestBaseRepository.java:17)
Caused by: java.io.IOException: couldn&apos;t connect to [/61.250.201.78:27017] bc:java.net.ConnectException: Connection timed out: connect
	at com.mongodb.DBPort._open(DBPort.java:224)
	at com.mongodb.DBPort.go(DBPort.java:101)
	at com.mongodb.DBPort.go(DBPort.java:82)
	at com.mongodb.DBPort.say(DBPort.java:77)
	at com.mongodb.DBTCPConnector.say(DBTCPConnector.java:146)
</error>
  </testcase>
  <testcase classname="net.ion.radon.repository.mr.TestMapReduce" name="testLimit" time="63.063">
    <error message="can&apos;t say something" type="com.mongodb.MongoException$Network">com.mongodb.MongoException$Network: can&apos;t say something
	at com.mongodb.DBTCPConnector.say(DBTCPConnector.java:159)
	at com.mongodb.DBTCPConnector.say(DBTCPConnector.java:132)
	at com.mongodb.DBApiLayer$MyCollection.insert(DBApiLayer.java:262)
	at com.mongodb.DBApiLayer$MyCollection.createIndex(DBApiLayer.java:354)
	at com.mongodb.DBCollection.ensureIndex(DBCollection.java:444)
	at com.mongodb.DBCollection.ensureIndex(DBCollection.java:392)
	at net.ion.radon.repository.Workspace.createWorkspace(Workspace.java:64)
	at net.ion.radon.repository.Workspace.load(Workspace.java:43)
	at net.ion.radon.repository.Repository.getWorkspace(Repository.java:28)
	at net.ion.radon.repository.LocalSession.getCurrentWorkspace(LocalSession.java:147)
	at net.ion.radon.repository.LocalSession.dropWorkspace(LocalSession.java:76)
	at net.ion.radon.repository.TestBaseRepository.setUp(TestBaseRepository.java:17)
Caused by: java.io.IOException: couldn&apos;t connect to [/61.250.201.78:27017] bc:java.net.ConnectException: Connection timed out: connect
	at com.mongodb.DBPort._open(DBPort.java:224)
	at com.mongodb.DBPort.go(DBPort.java:101)
	at com.mongodb.DBPort.go(DBPort.java:82)
	at com.mongodb.DBPort.say(DBPort.java:77)
	at com.mongodb.DBTCPConnector.say(DBTCPConnector.java:146)
</error>
  </testcase>
  <testcase classname="net.ion.radon.repository.mr.TestMapReduce" name="testOnlyMapFunction" time="63.265">
    <error message="can&apos;t say something" type="com.mongodb.MongoException$Network">com.mongodb.MongoException$Network: can&apos;t say something
	at com.mongodb.DBTCPConnector.say(DBTCPConnector.java:159)
	at com.mongodb.DBTCPConnector.say(DBTCPConnector.java:132)
	at com.mongodb.DBApiLayer$MyCollection.insert(DBApiLayer.java:262)
	at com.mongodb.DBApiLayer$MyCollection.createIndex(DBApiLayer.java:354)
	at com.mongodb.DBCollection.ensureIndex(DBCollection.java:444)
	at com.mongodb.DBCollection.ensureIndex(DBCollection.java:392)
	at net.ion.radon.repository.Workspace.createWorkspace(Workspace.java:64)
	at net.ion.radon.repository.Workspace.load(Workspace.java:43)
	at net.ion.radon.repository.Repository.getWorkspace(Repository.java:28)
	at net.ion.radon.repository.LocalSession.getCurrentWorkspace(LocalSession.java:147)
	at net.ion.radon.repository.LocalSession.dropWorkspace(LocalSession.java:76)
	at net.ion.radon.repository.TestBaseRepository.setUp(TestBaseRepository.java:17)
Caused by: java.io.IOException: couldn&apos;t connect to [/61.250.201.78:27017] bc:java.net.ConnectException: Connection timed out: connect
	at com.mongodb.DBPort._open(DBPort.java:224)
	at com.mongodb.DBPort.go(DBPort.java:101)
	at com.mongodb.DBPort.go(DBPort.java:82)
	at com.mongodb.DBPort.say(DBPort.java:77)
	at com.mongodb.DBTCPConnector.say(DBTCPConnector.java:146)
</error>
  </testcase>
  <testcase classname="net.ion.radon.repository.TestApplyHandler" name="testDebugHandler" time="63.172">
    <error message="can&apos;t say something" type="com.mongodb.MongoException$Network">com.mongodb.MongoException$Network: can&apos;t say something
	at com.mongodb.DBTCPConnector.say(DBTCPConnector.java:159)
	at com.mongodb.DBTCPConnector.say(DBTCPConnector.java:132)
	at com.mongodb.DBApiLayer$MyCollection.insert(DBApiLayer.java:262)
	at com.mongodb.DBApiLayer$MyCollection.createIndex(DBApiLayer.java:354)
	at com.mongodb.DBCollection.ensureIndex(DBCollection.java:444)
	at com.mongodb.DBCollection.ensureIndex(DBCollection.java:392)
	at net.ion.radon.repository.Workspace.createWorkspace(Workspace.java:64)
	at net.ion.radon.repository.Workspace.load(Workspace.java:43)
	at net.ion.radon.repository.Repository.getWorkspace(Repository.java:28)
	at net.ion.radon.repository.LocalSession.getCurrentWorkspace(LocalSession.java:147)
	at net.ion.radon.repository.LocalSession.dropWorkspace(LocalSession.java:76)
	at net.ion.radon.repository.TestBaseRepository.setUp(TestBaseRepository.java:17)
Caused by: java.io.IOException: couldn&apos;t connect to [/61.250.201.78:27017] bc:java.net.ConnectException: Connection timed out: connect
	at com.mongodb.DBPort._open(DBPort.java:224)
	at com.mongodb.DBPort.go(DBPort.java:101)
	at com.mongodb.DBPort.go(DBPort.java:82)
	at com.mongodb.DBPort.say(DBPort.java:77)
	at com.mongodb.DBTCPConnector.say(DBTCPConnector.java:146)
</error>
  </testcase>
  <testcase classname="net.ion.radon.repository.mr.TestNodeFormat" name="testNode" time="0.0" />
  <testcase classname="net.ion.radon.repository.mr.TestMRSpeed" name="testMapSortOptimize" time="63.063">
    <error message="can&apos;t say something" type="com.mongodb.MongoException$Network">com.mongodb.MongoException$Network: can&apos;t say something
	at com.mongodb.DBTCPConnector.say(DBTCPConnector.java:159)
	at com.mongodb.DBTCPConnector.say(DBTCPConnector.java:132)
	at com.mongodb.DBApiLayer$MyCollection.insert(DBApiLayer.java:262)
	at com.mongodb.DBApiLayer$MyCollection.createIndex(DBApiLayer.java:354)
	at com.mongodb.DBCollection.ensureIndex(DBCollection.java:444)
	at com.mongodb.DBCollection.ensureIndex(DBCollection.java:392)
	at net.ion.radon.repository.Workspace.createWorkspace(Workspace.java:64)
	at net.ion.radon.repository.Workspace.load(Workspace.java:43)
	at net.ion.radon.repository.Repository.getWorkspace(Repository.java:28)
	at net.ion.radon.repository.LocalSession.getCurrentWorkspace(LocalSession.java:147)
	at net.ion.radon.repository.LocalSession.dropWorkspace(LocalSession.java:76)
	at net.ion.radon.repository.TestBaseRepository.setUp(TestBaseRepository.java:17)
Caused by: java.io.IOException: couldn&apos;t connect to [/61.250.201.78:27017] bc:java.net.ConnectException: Connection timed out: connect
	at com.mongodb.DBPort._open(DBPort.java:224)
	at com.mongodb.DBPort.go(DBPort.java:101)
	at com.mongodb.DBPort.go(DBPort.java:82)
	at com.mongodb.DBPort.say(DBPort.java:77)
	at com.mongodb.DBTCPConnector.say(DBTCPConnector.java:146)
</error>
  </testcase>
  <testcase classname="net.ion.radon.repository.mr.TestMRSpeed" name="testFilter" time="63.157">
    <error message="can&apos;t say something" type="com.mongodb.MongoException$Network">com.mongodb.MongoException$Network: can&apos;t say something
	at com.mongodb.DBTCPConnector.say(DBTCPConnector.java:159)
	at com.mongodb.DBTCPConnector.say(DBTCPConnector.java:132)
	at com.mongodb.DBApiLayer$MyCollection.insert(DBApiLayer.java:262)
	at com.mongodb.DBApiLayer$MyCollection.createIndex(DBApiLayer.java:354)
	at com.mongodb.DBCollection.ensureIndex(DBCollection.java:444)
	at com.mongodb.DBCollection.ensureIndex(DBCollection.java:392)
	at net.ion.radon.repository.Workspace.createWorkspace(Workspace.java:64)
	at net.ion.radon.repository.Workspace.load(Workspace.java:43)
	at net.ion.radon.repository.Repository.getWorkspace(Repository.java:28)
	at net.ion.radon.repository.LocalSession.getCurrentWorkspace(LocalSession.java:147)
	at net.ion.radon.repository.LocalSession.dropWorkspace(LocalSession.java:76)
	at net.ion.radon.repository.TestBaseRepository.setUp(TestBaseRepository.java:17)
Caused by: java.io.IOException: couldn&apos;t connect to [/61.250.201.78:27017] bc:java.net.ConnectException: Connection timed out: connect
	at com.mongodb.DBPort._open(DBPort.java:224)
	at com.mongodb.DBPort.go(DBPort.java:101)
	at com.mongodb.DBPort.go(DBPort.java:82)
	at com.mongodb.DBPort.say(DBPort.java:77)
	at com.mongodb.DBTCPConnector.say(DBTCPConnector.java:146)
</error>
  </testcase>
  <testcase classname="net.ion.radon.repository.mr.TestMRSpeed" name="testMap" time="62.968">
    <error message="can&apos;t say something" type="com.mongodb.MongoException$Network">com.mongodb.MongoException$Network: can&apos;t say something
	at com.mongodb.DBTCPConnector.say(DBTCPConnector.java:159)
	at com.mongodb.DBTCPConnector.say(DBTCPConnector.java:132)
	at com.mongodb.DBApiLayer$MyCollection.insert(DBApiLayer.java:262)
	at com.mongodb.DBApiLayer$MyCollection.createIndex(DBApiLayer.java:354)
	at com.mongodb.DBCollection.ensureIndex(DBCollection.java:444)
	at com.mongodb.DBCollection.ensureIndex(DBCollection.java:392)
	at net.ion.radon.repository.Workspace.createWorkspace(Workspace.java:64)
	at net.ion.radon.repository.Workspace.load(Workspace.java:43)
	at net.ion.radon.repository.Repository.getWorkspace(Repository.java:28)
	at net.ion.radon.repository.LocalSession.getCurrentWorkspace(LocalSession.java:147)
	at net.ion.radon.repository.LocalSession.dropWorkspace(LocalSession.java:76)
	at net.ion.radon.repository.TestBaseRepository.setUp(TestBaseRepository.java:17)
Caused by: java.io.IOException: couldn&apos;t connect to [/61.250.201.78:27017] bc:java.net.ConnectException: Connection timed out: connect
	at com.mongodb.DBPort._open(DBPort.java:224)
	at com.mongodb.DBPort.go(DBPort.java:101)
	at com.mongodb.DBPort.go(DBPort.java:82)
	at com.mongodb.DBPort.say(DBPort.java:77)
	at com.mongodb.DBTCPConnector.say(DBTCPConnector.java:146)
</error>
  </testcase>
  <testcase classname="net.ion.radon.repository.mr.TestMRSpeed" name="testRecentSlice" time="63.063">
    <error message="can&apos;t say something" type="com.mongodb.MongoException$Network">com.mongodb.MongoException$Network: can&apos;t say something
	at com.mongodb.DBTCPConnector.say(DBTCPConnector.java:159)
	at com.mongodb.DBTCPConnector.say(DBTCPConnector.java:132)
	at com.mongodb.DBApiLayer$MyCollection.insert(DBApiLayer.java:262)
	at com.mongodb.DBApiLayer$MyCollection.createIndex(DBApiLayer.java:354)
	at com.mongodb.DBCollection.ensureIndex(DBCollection.java:444)
	at com.mongodb.DBCollection.ensureIndex(DBCollection.java:392)
	at net.ion.radon.repository.Workspace.createWorkspace(Workspace.java:64)
	at net.ion.radon.repository.Workspace.load(Workspace.java:43)
	at net.ion.radon.repository.Repository.getWorkspace(Repository.java:28)
	at net.ion.radon.repository.LocalSession.getCurrentWorkspace(LocalSession.java:147)
	at net.ion.radon.repository.LocalSession.dropWorkspace(LocalSession.java:76)
	at net.ion.radon.repository.TestBaseRepository.setUp(TestBaseRepository.java:17)
Caused by: java.io.IOException: couldn&apos;t connect to [/61.250.201.78:27017] bc:java.net.ConnectException: Connection timed out: connect
	at com.mongodb.DBPort._open(DBPort.java:224)
	at com.mongodb.DBPort.go(DBPort.java:101)
	at com.mongodb.DBPort.go(DBPort.java:82)
	at com.mongodb.DBPort.say(DBPort.java:77)
	at com.mongodb.DBTCPConnector.say(DBTCPConnector.java:146)
</error>
  </testcase>
  <testcase classname="net.ion.radon.repository.mr.TestMRSpeed" name="testReduce" time="63.281">
    <error message="can&apos;t say something" type="com.mongodb.MongoException$Network">com.mongodb.MongoException$Network: can&apos;t say something
	at com.mongodb.DBTCPConnector.say(DBTCPConnector.java:159)
	at com.mongodb.DBTCPConnector.say(DBTCPConnector.java:132)
	at com.mongodb.DBApiLayer$MyCollection.insert(DBApiLayer.java:262)
	at com.mongodb.DBApiLayer$MyCollection.createIndex(DBApiLayer.java:354)
	at com.mongodb.DBCollection.ensureIndex(DBCollection.java:444)
	at com.mongodb.DBCollection.ensureIndex(DBCollection.java:392)
	at net.ion.radon.repository.Workspace.createWorkspace(Workspace.java:64)
	at net.ion.radon.repository.Workspace.load(Workspace.java:43)
	at net.ion.radon.repository.Repository.getWorkspace(Repository.java:28)
	at net.ion.radon.repository.LocalSession.getCurrentWorkspace(LocalSession.java:147)
	at net.ion.radon.repository.LocalSession.dropWorkspace(LocalSession.java:76)
	at net.ion.radon.repository.TestBaseRepository.setUp(TestBaseRepository.java:17)
Caused by: java.io.IOException: couldn&apos;t connect to [/61.250.201.78:27017] bc:java.net.ConnectException: Connection timed out: connect
	at com.mongodb.DBPort._open(DBPort.java:224)
	at com.mongodb.DBPort.go(DBPort.java:101)
	at com.mongodb.DBPort.go(DBPort.java:82)
	at com.mongodb.DBPort.say(DBPort.java:77)
	at com.mongodb.DBTCPConnector.say(DBTCPConnector.java:146)
</error>
  </testcase>
  <testcase classname="net.ion.radon.repository.mr.TestMRSpeed" name="testCollectionSort" time="63.172">
    <error message="can&apos;t say something" type="com.mongodb.MongoException$Network">com.mongodb.MongoException$Network: can&apos;t say something
	at com.mongodb.DBTCPConnector.say(DBTCPConnector.java:159)
	at com.mongodb.DBTCPConnector.say(DBTCPConnector.java:132)
	at com.mongodb.DBApiLayer$MyCollection.insert(DBApiLayer.java:262)
	at com.mongodb.DBApiLayer$MyCollection.createIndex(DBApiLayer.java:354)
	at com.mongodb.DBCollection.ensureIndex(DBCollection.java:444)
	at com.mongodb.DBCollection.ensureIndex(DBCollection.java:392)
	at net.ion.radon.repository.Workspace.createWorkspace(Workspace.java:64)
	at net.ion.radon.repository.Workspace.load(Workspace.java:43)
	at net.ion.radon.repository.Repository.getWorkspace(Repository.java:28)
	at net.ion.radon.repository.LocalSession.getCurrentWorkspace(LocalSession.java:147)
	at net.ion.radon.repository.LocalSession.dropWorkspace(LocalSession.java:76)
	at net.ion.radon.repository.TestBaseRepository.setUp(TestBaseRepository.java:17)
Caused by: java.io.IOException: couldn&apos;t connect to [/61.250.201.78:27017] bc:java.net.ConnectException: Connection timed out: connect
	at com.mongodb.DBPort._open(DBPort.java:224)
	at com.mongodb.DBPort.go(DBPort.java:101)
	at com.mongodb.DBPort.go(DBPort.java:82)
	at com.mongodb.DBPort.say(DBPort.java:77)
	at com.mongodb.DBTCPConnector.say(DBTCPConnector.java:146)
</error>
  </testcase>
  <system-out><![CDATA[]]></system-out>
  <system-err><![CDATA[2011. 11. 17 오전 6:08:42 com.mongodb.DBTCPConnector fetchMaxBsonObjectSize
경고: Exception determining maxBSON size using0
java.io.IOException: couldn't connect to [/61.250.201.78:27017] bc:java.net.ConnectException: Connection timed out: connect
	at com.mongodb.DBPort._open(DBPort.java:224)
	at com.mongodb.DBPort.go(DBPort.java:101)
	at com.mongodb.DBPort.go(DBPort.java:82)
	at com.mongodb.DBPort.findOne(DBPort.java:142)
	at com.mongodb.DBPort.runCommand(DBPort.java:151)
	at com.mongodb.DBTCPConnector.fetchMaxBsonObjectSize(DBTCPConnector.java:429)
	at com.mongodb.Mongo.getMaxBsonObjectSize(Mongo.java:544)
	at com.mongodb.DBApiLayer$MyCollection.insert(DBApiLayer.java:244)
	at com.mongodb.DBApiLayer$MyCollection.createIndex(DBApiLayer.java:354)
	at com.mongodb.DBCollection.ensureIndex(DBCollection.java:444)
	at com.mongodb.DBCollection.ensureIndex(DBCollection.java:392)
	at net.ion.radon.repository.Workspace.createWorkspace(Workspace.java:64)
	at net.ion.radon.repository.Workspace.load(Workspace.java:43)
	at net.ion.radon.repository.Repository.getWorkspace(Repository.java:28)
	at net.ion.radon.repository.LocalSession.getCurrentWorkspace(LocalSession.java:147)
	at net.ion.radon.repository.LocalSession.dropWorkspace(LocalSession.java:76)
	at net.ion.radon.repository.TestCreate.setUp(TestCreate.java:15)
	at junit.framework.TestCase.runBare(TestCase.java:128)
	at junit.framework.TestResult$1.protect(TestResult.java:106)
	at junit.framework.TestResult.runProtected(TestResult.java:124)
	at junit.framework.TestResult.run(TestResult.java:109)
	at junit.framework.TestCase.run(TestCase.java:120)
	at junit.framework.TestSuite.runTest(TestSuite.java:230)
	at junit.framework.TestSuite.run(TestSuite.java:225)
	at junit.framework.TestSuite.runTest(TestSuite.java:230)
	at junit.framework.TestSuite.run(TestSuite.java:225)
	at junit.framework.TestSuite.runTest(TestSuite.java:230)
	at junit.framework.TestSuite.run(TestSuite.java:225)
	at junit.framework.TestSuite.runTest(TestSuite.java:230)
	at junit.framework.TestSuite.run(TestSuite.java:225)
	at org.apache.tools.ant.taskdefs.optional.junit.JUnitTestRunner.run(JUnitTestRunner.java:421)
	at org.apache.tools.ant.taskdefs.optional.junit.JUnitTestRunner.launch(JUnitTestRunner.java:912)
	at org.apache.tools.ant.taskdefs.optional.junit.JUnitTestRunner.main(JUnitTestRunner.java:766)
2011. 11. 17 오전 6:09:03 com.mongodb.DBTCPConnector fetchMaxBsonObjectSize
경고: Exception determining maxBSON size using0
java.io.IOException: couldn't connect to [/61.250.201.78:27017] bc:java.net.ConnectException: Connection timed out: connect
	at com.mongodb.DBPort._open(DBPort.java:224)
	at com.mongodb.DBPort.go(DBPort.java:101)
	at com.mongodb.DBPort.go(DBPort.java:82)
	at com.mongodb.DBPort.findOne(DBPort.java:142)
	at com.mongodb.DBPort.runCommand(DBPort.java:151)
	at com.mongodb.DBTCPConnector.fetchMaxBsonObjectSize(DBTCPConnector.java:429)
	at com.mongodb.DBTCPConnector.checkMaster(DBTCPConnector.java:416)
	at com.mongodb.DBTCPConnector.say(DBTCPConnector.java:139)
	at com.mongodb.DBTCPConnector.say(DBTCPConnector.java:132)
	at com.mongodb.DBApiLayer$MyCollection.insert(DBApiLayer.java:262)
	at com.mongodb.DBApiLayer$MyCollection.createIndex(DBApiLayer.java:354)
	at com.mongodb.DBCollection.ensureIndex(DBCollection.java:444)
	at com.mongodb.DBCollection.ensureIndex(DBCollection.java:392)
	at net.ion.radon.repository.Workspace.createWorkspace(Workspace.java:64)
	at net.ion.radon.repository.Workspace.load(Workspace.java:43)
	at net.ion.radon.repository.Repository.getWorkspace(Repository.java:28)
	at net.ion.radon.repository.LocalSession.getCurrentWorkspace(LocalSession.java:147)
	at net.ion.radon.repository.LocalSession.dropWorkspace(LocalSession.java:76)
	at net.ion.radon.repository.TestCreate.setUp(TestCreate.java:15)
	at junit.framework.TestCase.runBare(TestCase.java:128)
	at junit.framework.TestResult$1.protect(TestResult.java:106)
	at junit.framework.TestResult.runProtected(TestResult.java:124)
	at junit.framework.TestResult.run(TestResult.java:109)
	at junit.framework.TestCase.run(TestCase.java:120)
	at junit.framework.TestSuite.runTest(TestSuite.java:230)
	at junit.framework.TestSuite.run(TestSuite.java:225)
	at junit.framework.TestSuite.runTest(TestSuite.java:230)
	at junit.framework.TestSuite.run(TestSuite.java:225)
	at junit.framework.TestSuite.runTest(TestSuite.java:230)
	at junit.framework.TestSuite.run(TestSuite.java:225)
	at junit.framework.TestSuite.runTest(TestSuite.java:230)
	at junit.framework.TestSuite.run(TestSuite.java:225)
	at org.apache.tools.ant.taskdefs.optional.junit.JUnitTestRunner.run(JUnitTestRunner.java:421)
	at org.apache.tools.ant.taskdefs.optional.junit.JUnitTestRunner.launch(JUnitTestRunner.java:912)
	at org.apache.tools.ant.taskdefs.optional.junit.JUnitTestRunner.main(JUnitTestRunner.java:766)
2011. 11. 17 오전 6:09:24 com.mongodb.DBPortPool gotError
경고: emptying DBPortPool to 61.250.201.78:27017 b/c of error
java.io.IOException: couldn't connect to [/61.250.201.78:27017] bc:java.net.ConnectException: Connection timed out: connect
	at com.mongodb.DBPort._open(DBPort.java:224)
	at com.mongodb.DBPort.go(DBPort.java:101)
	at com.mongodb.DBPort.go(DBPort.java:82)
	at com.mongodb.DBPort.say(DBPort.java:77)
	at com.mongodb.DBTCPConnector.say(DBTCPConnector.java:146)
	at com.mongodb.DBTCPConnector.say(DBTCPConnector.java:132)
	at com.mongodb.DBApiLayer$MyCollection.insert(DBApiLayer.java:262)
	at com.mongodb.DBApiLayer$MyCollection.createIndex(DBApiLayer.java:354)
	at com.mongodb.DBCollection.ensureIndex(DBCollection.java:444)
	at com.mongodb.DBCollection.ensureIndex(DBCollection.java:392)
	at net.ion.radon.repository.Workspace.createWorkspace(Workspace.java:64)
	at net.ion.radon.repository.Workspace.load(Workspace.java:43)
	at net.ion.radon.repository.Repository.getWorkspace(Repository.java:28)
	at net.ion.radon.repository.LocalSession.getCurrentWorkspace(LocalSession.java:147)
	at net.ion.radon.repository.LocalSession.dropWorkspace(LocalSession.java:76)
	at net.ion.radon.repository.TestCreate.setUp(TestCreate.java:15)
	at junit.framework.TestCase.runBare(TestCase.java:128)
	at junit.framework.TestResult$1.protect(TestResult.java:106)
	at junit.framework.TestResult.runProtected(TestResult.java:124)
	at junit.framework.TestResult.run(TestResult.java:109)
	at junit.framework.TestCase.run(TestCase.java:120)
	at junit.framework.TestSuite.runTest(TestSuite.java:230)
	at junit.framework.TestSuite.run(TestSuite.java:225)
	at junit.framework.TestSuite.runTest(TestSuite.java:230)
	at junit.framework.TestSuite.run(TestSuite.java:225)
	at junit.framework.TestSuite.runTest(TestSuite.java:230)
	at junit.framework.TestSuite.run(TestSuite.java:225)
	at junit.framework.TestSuite.runTest(TestSuite.java:230)
	at junit.framework.TestSuite.run(TestSuite.java:225)
	at org.apache.tools.ant.taskdefs.optional.junit.JUnitTestRunner.run(JUnitTestRunner.java:421)
	at org.apache.tools.ant.taskdefs.optional.junit.JUnitTestRunner.launch(JUnitTestRunner.java:912)
	at org.apache.tools.ant.taskdefs.optional.junit.JUnitTestRunner.main(JUnitTestRunner.java:766)
2011. 11. 17 오전 6:09:45 com.mongodb.DBTCPConnector fetchMaxBsonObjectSize
경고: Exception determining maxBSON size using0
java.io.IOException: couldn't connect to [/61.250.201.78:27017] bc:java.net.ConnectException: Connection timed out: connect
	at com.mongodb.DBPort._open(DBPort.java:224)
	at com.mongodb.DBPort.go(DBPort.java:101)
	at com.mongodb.DBPort.go(DBPort.java:82)
	at com.mongodb.DBPort.findOne(DBPort.java:142)
	at com.mongodb.DBPort.runCommand(DBPort.java:151)
	at com.mongodb.DBTCPConnector.fetchMaxBsonObjectSize(DBTCPConnector.java:429)
	at com.mongodb.Mongo.getMaxBsonObjectSize(Mongo.java:544)
	at com.mongodb.DBApiLayer$MyCollection.insert(DBApiLayer.java:244)
	at com.mongodb.DBApiLayer$MyCollection.createIndex(DBApiLayer.java:354)
	at com.mongodb.DBCollection.ensureIndex(DBCollection.java:444)
	at com.mongodb.DBCollection.ensureIndex(DBCollection.java:392)
	at net.ion.radon.repository.Workspace.createWorkspace(Workspace.java:64)
	at net.ion.radon.repository.Workspace.load(Workspace.java:43)
	at net.ion.radon.repository.Repository.getWorkspace(Repository.java:28)
	at net.ion.radon.repository.LocalSession.getCurrentWorkspace(LocalSession.java:147)
	at net.ion.radon.repository.LocalSession.dropWorkspace(LocalSession.java:76)
	at net.ion.radon.repository.TestCreate.setUp(TestCreate.java:15)
	at junit.framework.TestCase.runBare(TestCase.java:128)
	at junit.framework.TestResult$1.protect(TestResult.java:106)
	at junit.framework.TestResult.runProtected(TestResult.java:124)
	at junit.framework.TestResult.run(TestResult.java:109)
	at junit.framework.TestCase.run(TestCase.java:120)
	at junit.framework.TestSuite.runTest(TestSuite.java:230)
	at junit.framework.TestSuite.run(TestSuite.java:225)
	at junit.framework.TestSuite.runTest(TestSuite.java:230)
	at junit.framework.TestSuite.run(TestSuite.java:225)
	at junit.framework.TestSuite.runTest(TestSuite.java:230)
	at junit.framework.TestSuite.run(TestSuite.java:225)
	at junit.framework.TestSuite.runTest(TestSuite.java:230)
	at junit.framework.TestSuite.run(TestSuite.java:225)
	at org.apache.tools.ant.taskdefs.optional.junit.JUnitTestRunner.run(JUnitTestRunner.java:421)
	at org.apache.tools.ant.taskdefs.optional.junit.JUnitTestRunner.launch(JUnitTestRunner.java:912)
	at org.apache.tools.ant.taskdefs.optional.junit.JUnitTestRunner.main(JUnitTestRunner.java:766)
2011. 11. 17 오전 6:10:06 com.mongodb.DBTCPConnector fetchMaxBsonObjectSize
경고: Exception determining maxBSON size using0
java.io.IOException: couldn't connect to [/61.250.201.78:27017] bc:java.net.ConnectException: Connection timed out: connect
	at com.mongodb.DBPort._open(DBPort.java:224)
	at com.mongodb.DBPort.go(DBPort.java:101)
	at com.mongodb.DBPort.go(DBPort.java:82)
	at com.mongodb.DBPort.findOne(DBPort.java:142)
	at com.mongodb.DBPort.runCommand(DBPort.java:151)
	at com.mongodb.DBTCPConnector.fetchMaxBsonObjectSize(DBTCPConnector.java:429)
	at com.mongodb.DBTCPConnector.checkMaster(DBTCPConnector.java:416)
	at com.mongodb.DBTCPConnector.say(DBTCPConnector.java:139)
	at com.mongodb.DBTCPConnector.say(DBTCPConnector.java:132)
	at com.mongodb.DBApiLayer$MyCollection.insert(DBApiLayer.java:262)
	at com.mongodb.DBApiLayer$MyCollection.createIndex(DBApiLayer.java:354)
	at com.mongodb.DBCollection.ensureIndex(DBCollection.java:444)
	at com.mongodb.DBCollection.ensureIndex(DBCollection.java:392)
	at net.ion.radon.repository.Workspace.createWorkspace(Workspace.java:64)
	at net.ion.radon.repository.Workspace.load(Workspace.java:43)
	at net.ion.radon.repository.Repository.getWorkspace(Repository.java:28)
	at net.ion.radon.repository.LocalSession.getCurrentWorkspace(LocalSession.java:147)
	at net.ion.radon.repository.LocalSession.dropWorkspace(LocalSession.java:76)
	at net.ion.radon.repository.TestCreate.setUp(TestCreate.java:15)
	at junit.framework.TestCase.runBare(TestCase.java:128)
	at junit.framework.TestResult$1.protect(TestResult.java:106)
	at junit.framework.TestResult.runProtected(TestResult.java:124)
	at junit.framework.TestResult.run(TestResult.java:109)
	at junit.framework.TestCase.run(TestCase.java:120)
	at junit.framework.TestSuite.runTest(TestSuite.java:230)
	at junit.framework.TestSuite.run(TestSuite.java:225)
	at junit.framework.TestSuite.runTest(TestSuite.java:230)
	at junit.framework.TestSuite.run(TestSuite.java:225)
	at junit.framework.TestSuite.runTest(TestSuite.java:230)
	at junit.framework.TestSuite.run(TestSuite.java:225)
	at junit.framework.TestSuite.runTest(TestSuite.java:230)
	at junit.framework.TestSuite.run(TestSuite.java:225)
	at org.apache.tools.ant.taskdefs.optional.junit.JUnitTestRunner.run(JUnitTestRunner.java:421)
	at org.apache.tools.ant.taskdefs.optional.junit.JUnitTestRunner.launch(JUnitTestRunner.java:912)
	at org.apache.tools.ant.taskdefs.optional.junit.JUnitTestRunner.main(JUnitTestRunner.java:766)
2011. 11. 17 오전 6:10:27 com.mongodb.DBPortPool gotError
경고: emptying DBPortPool to 61.250.201.78:27017 b/c of error
java.io.IOException: couldn't connect to [/61.250.201.78:27017] bc:java.net.ConnectException: Connection timed out: connect
	at com.mongodb.DBPort._open(DBPort.java:224)
	at com.mongodb.DBPort.go(DBPort.java:101)
	at com.mongodb.DBPort.go(DBPort.java:82)
	at com.mongodb.DBPort.say(DBPort.java:77)
	at com.mongodb.DBTCPConnector.say(DBTCPConnector.java:146)
	at com.mongodb.DBTCPConnector.say(DBTCPConnector.java:132)
	at com.mongodb.DBApiLayer$MyCollection.insert(DBApiLayer.java:262)
	at com.mongodb.DBApiLayer$MyCollection.createIndex(DBApiLayer.java:354)
	at com.mongodb.DBCollection.ensureIndex(DBCollection.java:444)
	at com.mongodb.DBCollection.ensureIndex(DBCollection.java:392)
	at net.ion.radon.repository.Workspace.createWorkspace(Workspace.java:64)
	at net.ion.radon.repository.Workspace.load(Workspace.java:43)
	at net.ion.radon.repository.Repository.getWorkspace(Repository.java:28)
	at net.ion.radon.repository.LocalSession.getCurrentWorkspace(LocalSession.java:147)
	at net.ion.radon.repository.LocalSession.dropWorkspace(LocalSession.java:76)
	at net.ion.radon.repository.TestCreate.setUp(TestCreate.java:15)
	at junit.framework.TestCase.runBare(TestCase.java:128)
	at junit.framework.TestResult$1.protect(TestResult.java:106)
	at junit.framework.TestResult.runProtected(TestResult.java:124)
	at junit.framework.TestResult.run(TestResult.java:109)
	at junit.framework.TestCase.run(TestCase.java:120)
	at junit.framework.TestSuite.runTest(TestSuite.java:230)
	at junit.framework.TestSuite.run(TestSuite.java:225)
	at junit.framework.TestSuite.runTest(TestSuite.java:230)
	at junit.framework.TestSuite.run(TestSuite.java:225)
	at junit.framework.TestSuite.runTest(TestSuite.java:230)
	at junit.framework.TestSuite.run(TestSuite.java:225)
	at junit.framework.TestSuite.runTest(TestSuite.java:230)
	at junit.framework.TestSuite.run(TestSuite.java:225)
	at org.apache.tools.ant.taskdefs.optional.junit.JUnitTestRunner.run(JUnitTestRunner.java:421)
	at org.apache.tools.ant.taskdefs.optional.junit.JUnitTestRunner.launch(JUnitTestRunner.java:912)
	at org.apache.tools.ant.taskdefs.optional.junit.JUnitTestRunner.main(JUnitTestRunner.java:766)
2011. 11. 17 오전 6:10:48 com.mongodb.DBTCPConnector fetchMaxBsonObjectSize
경고: Exception determining maxBSON size using0
java.io.IOException: couldn't connect to [/61.250.201.78:27017] bc:java.net.ConnectException: Connection timed out: connect
	at com.mongodb.DBPort._open(DBPort.java:224)
	at com.mongodb.DBPort.go(DBPort.java:101)
	at com.mongodb.DBPort.go(DBPort.java:82)
	at com.mongodb.DBPort.findOne(DBPort.java:142)
	at com.mongodb.DBPort.runCommand(DBPort.java:151)
	at com.mongodb.DBTCPConnector.fetchMaxBsonObjectSize(DBTCPConnector.java:429)
	at com.mongodb.Mongo.getMaxBsonObjectSize(Mongo.java:544)
	at com.mongodb.DBApiLayer$MyCollection.insert(DBApiLayer.java:244)
	at com.mongodb.DBApiLayer$MyCollection.createIndex(DBApiLayer.java:354)
	at com.mongodb.DBCollection.ensureIndex(DBCollection.java:444)
	at com.mongodb.DBCollection.ensureIndex(DBCollection.java:392)
	at net.ion.radon.repository.Workspace.createWorkspace(Workspace.java:64)
	at net.ion.radon.repository.Workspace.load(Workspace.java:43)
	at net.ion.radon.repository.Repository.getWorkspace(Repository.java:28)
	at net.ion.radon.repository.LocalSession.getCurrentWorkspace(LocalSession.java:147)
	at net.ion.radon.repository.LocalSession.dropWorkspace(LocalSession.java:76)
	at net.ion.radon.repository.TestCreate.setUp(TestCreate.java:15)
	at junit.framework.TestCase.runBare(TestCase.java:128)
	at junit.framework.TestResult$1.protect(TestResult.java:106)
	at junit.framework.TestResult.runProtected(TestResult.java:124)
	at junit.framework.TestResult.run(TestResult.java:109)
	at junit.framework.TestCase.run(TestCase.java:120)
	at junit.framework.TestSuite.runTest(TestSuite.java:230)
	at junit.framework.TestSuite.run(TestSuite.java:225)
	at junit.framework.TestSuite.runTest(TestSuite.java:230)
	at junit.framework.TestSuite.run(TestSuite.java:225)
	at junit.framework.TestSuite.runTest(TestSuite.java:230)
	at junit.framework.TestSuite.run(TestSuite.java:225)
	at junit.framework.TestSuite.runTest(TestSuite.java:230)
	at junit.framework.TestSuite.run(TestSuite.java:225)
	at org.apache.tools.ant.taskdefs.optional.junit.JUnitTestRunner.run(JUnitTestRunner.java:421)
	at org.apache.tools.ant.taskdefs.optional.junit.JUnitTestRunner.launch(JUnitTestRunner.java:912)
	at org.apache.tools.ant.taskdefs.optional.junit.JUnitTestRunner.main(JUnitTestRunner.java:766)
2011. 11. 17 오전 6:11:09 com.mongodb.DBTCPConnector fetchMaxBsonObjectSize
경고: Exception determining maxBSON size using0
java.io.IOException: couldn't connect to [/61.250.201.78:27017] bc:java.net.ConnectException: Connection timed out: connect
	at com.mongodb.DBPort._open(DBPort.java:224)
	at com.mongodb.DBPort.go(DBPort.java:101)
	at com.mongodb.DBPort.go(DBPort.java:82)
	at com.mongodb.DBPort.findOne(DBPort.java:142)
	at com.mongodb.DBPort.runCommand(DBPort.java:151)
	at com.mongodb.DBTCPConnector.fetchMaxBsonObjectSize(DBTCPConnector.java:429)
	at com.mongodb.DBTCPConnector.checkMaster(DBTCPConnector.java:416)
	at com.mongodb.DBTCPConnector.say(DBTCPConnector.java:139)
	at com.mongodb.DBTCPConnector.say(DBTCPConnector.java:132)
	at com.mongodb.DBApiLayer$MyCollection.insert(DBApiLayer.java:262)
	at com.mongodb.DBApiLayer$MyCollection.createIndex(DBApiLayer.java:354)
	at com.mongodb.DBCollection.ensureIndex(DBCollection.java:444)
	at com.mongodb.DBCollection.ensureIndex(DBCollection.java:392)
	at net.ion.radon.repository.Workspace.createWorkspace(Workspace.java:64)
	at net.ion.radon.repository.Workspace.load(Workspace.java:43)
	at net.ion.radon.repository.Repository.getWorkspace(Repository.java:28)
	at net.ion.radon.repository.LocalSession.getCurrentWorkspace(LocalSession.java:147)
	at net.ion.radon.repository.LocalSession.dropWorkspace(LocalSession.java:76)
	at net.ion.radon.repository.TestCreate.setUp(TestCreate.java:15)
	at junit.framework.TestCase.runBare(TestCase.java:128)
	at junit.framework.TestResult$1.protect(TestResult.java:106)
	at junit.framework.TestResult.runProtected(TestResult.java:124)
	at junit.framework.TestResult.run(TestResult.java:109)
	at junit.framework.TestCase.run(TestCase.java:120)
	at junit.framework.TestSuite.runTest(TestSuite.java:230)
	at junit.framework.TestSuite.run(TestSuite.java:225)
	at junit.framework.TestSuite.runTest(TestSuite.java:230)
	at junit.framework.TestSuite.run(TestSuite.java:225)
	at junit.framework.TestSuite.runTest(TestSuite.java:230)
	at junit.framework.TestSuite.run(TestSuite.java:225)
	at junit.framework.TestSuite.runTest(TestSuite.java:230)
	at junit.framework.TestSuite.run(TestSuite.java:225)
	at org.apache.tools.ant.taskdefs.optional.junit.JUnitTestRunner.run(JUnitTestRunner.java:421)
	at org.apache.tools.ant.taskdefs.optional.junit.JUnitTestRunner.launch(JUnitTestRunner.java:912)
	at org.apache.tools.ant.taskdefs.optional.junit.JUnitTestRunner.main(JUnitTestRunner.java:766)
2011. 11. 17 오전 6:11:30 com.mongodb.DBPortPool gotError
경고: emptying DBPortPool to 61.250.201.78:27017 b/c of error
java.io.IOException: couldn't connect to [/61.250.201.78:27017] bc:java.net.ConnectException: Connection timed out: connect
	at com.mongodb.DBPort._open(DBPort.java:224)
	at com.mongodb.DBPort.go(DBPort.java:101)
	at com.mongodb.DBPort.go(DBPort.java:82)
	at com.mongodb.DBPort.say(DBPort.java:77)
	at com.mongodb.DBTCPConnector.say(DBTCPConnector.java:146)
	at com.mongodb.DBTCPConnector.say(DBTCPConnector.java:132)
	at com.mongodb.DBApiLayer$MyCollection.insert(DBApiLayer.java:262)
	at com.mongodb.DBApiLayer$MyCollection.createIndex(DBApiLayer.java:354)
	at com.mongodb.DBCollection.ensureIndex(DBCollection.java:444)
	at com.mongodb.DBCollection.ensureIndex(DBCollection.java:392)
	at net.ion.radon.repository.Workspace.createWorkspace(Workspace.java:64)
	at net.ion.radon.repository.Workspace.load(Workspace.java:43)
	at net.ion.radon.repository.Repository.getWorkspace(Repository.java:28)
	at net.ion.radon.repository.LocalSession.getCurrentWorkspace(LocalSession.java:147)
	at net.ion.radon.repository.LocalSession.dropWorkspace(LocalSession.java:76)
	at net.ion.radon.repository.TestCreate.setUp(TestCreate.java:15)
	at junit.framework.TestCase.runBare(TestCase.java:128)
	at junit.framework.TestResult$1.protect(TestResult.java:106)
	at junit.framework.TestResult.runProtected(TestResult.java:124)
	at junit.framework.TestResult.run(TestResult.java:109)
	at junit.framework.TestCase.run(TestCase.java:120)
	at junit.framework.TestSuite.runTest(TestSuite.java:230)
	at junit.framework.TestSuite.run(TestSuite.java:225)
	at junit.framework.TestSuite.runTest(TestSuite.java:230)
	at junit.framework.TestSuite.run(TestSuite.java:225)
	at junit.framework.TestSuite.runTest(TestSuite.java:230)
	at junit.framework.TestSuite.run(TestSuite.java:225)
	at junit.framework.TestSuite.runTest(TestSuite.java:230)
	at junit.framework.TestSuite.run(TestSuite.java:225)
	at org.apache.tools.ant.taskdefs.optional.junit.JUnitTestRunner.run(JUnitTestRunner.java:421)
	at org.apache.tools.ant.taskdefs.optional.junit.JUnitTestRunner.launch(JUnitTestRunner.java:912)
	at org.apache.tools.ant.taskdefs.optional.junit.JUnitTestRunner.main(JUnitTestRunner.java:766)
2011. 11. 17 오전 6:11:51 com.mongodb.DBTCPConnector fetchMaxBsonObjectSize
경고: Exception determining maxBSON size using0
java.io.IOException: couldn't connect to [/61.250.201.78:27017] bc:java.net.ConnectException: Connection timed out: connect
	at com.mongodb.DBPort._open(DBPort.java:224)
	at com.mongodb.DBPort.go(DBPort.java:101)
	at com.mongodb.DBPort.go(DBPort.java:82)
	at com.mongodb.DBPort.findOne(DBPort.java:142)
	at com.mongodb.DBPort.runCommand(DBPort.java:151)
	at com.mongodb.DBTCPConnector.fetchMaxBsonObjectSize(DBTCPConnector.java:429)
	at com.mongodb.Mongo.getMaxBsonObjectSize(Mongo.java:544)
	at com.mongodb.DBApiLayer$MyCollection.insert(DBApiLayer.java:244)
	at com.mongodb.DBApiLayer$MyCollection.createIndex(DBApiLayer.java:354)
	at com.mongodb.DBCollection.ensureIndex(DBCollection.java:444)
	at com.mongodb.DBCollection.ensureIndex(DBCollection.java:392)
	at net.ion.radon.repository.Workspace.createWorkspace(Workspace.java:64)
	at net.ion.radon.repository.Workspace.load(Workspace.java:43)
	at net.ion.radon.repository.Repository.getWorkspace(Repository.java:28)
	at net.ion.radon.repository.LocalSession.getCurrentWorkspace(LocalSession.java:147)
	at net.ion.radon.repository.LocalSession.dropWorkspace(LocalSession.java:76)
	at net.ion.radon.repository.TestCreate.setUp(TestCreate.java:15)
	at junit.framework.TestCase.runBare(TestCase.java:128)
	at junit.framework.TestResult$1.protect(TestResult.java:106)
	at junit.framework.TestResult.runProtected(TestResult.java:124)
	at junit.framework.TestResult.run(TestResult.java:109)
	at junit.framework.TestCase.run(TestCase.java:120)
	at junit.framework.TestSuite.runTest(TestSuite.java:230)
	at junit.framework.TestSuite.run(TestSuite.java:225)
	at junit.framework.TestSuite.runTest(TestSuite.java:230)
	at junit.framework.TestSuite.run(TestSuite.java:225)
	at junit.framework.TestSuite.runTest(TestSuite.java:230)
	at junit.framework.TestSuite.run(TestSuite.java:225)
	at junit.framework.TestSuite.runTest(TestSuite.java:230)
	at junit.framework.TestSuite.run(TestSuite.java:225)
	at org.apache.tools.ant.taskdefs.optional.junit.JUnitTestRunner.run(JUnitTestRunner.java:421)
	at org.apache.tools.ant.taskdefs.optional.junit.JUnitTestRunner.launch(JUnitTestRunner.java:912)
	at org.apache.tools.ant.taskdefs.optional.junit.JUnitTestRunner.main(JUnitTestRunner.java:766)
2011. 11. 17 오전 6:12:12 com.mongodb.DBTCPConnector fetchMaxBsonObjectSize
경고: Exception determining maxBSON size using0
java.io.IOException: couldn't connect to [/61.250.201.78:27017] bc:java.net.ConnectException: Connection timed out: connect
	at com.mongodb.DBPort._open(DBPort.java:224)
	at com.mongodb.DBPort.go(DBPort.java:101)
	at com.mongodb.DBPort.go(DBPort.java:82)
	at com.mongodb.DBPort.findOne(DBPort.java:142)
	at com.mongodb.DBPort.runCommand(DBPort.java:151)
	at com.mongodb.DBTCPConnector.fetchMaxBsonObjectSize(DBTCPConnector.java:429)
	at com.mongodb.DBTCPConnector.checkMaster(DBTCPConnector.java:416)
	at com.mongodb.DBTCPConnector.say(DBTCPConnector.java:139)
	at com.mongodb.DBTCPConnector.say(DBTCPConnector.java:132)
	at com.mongodb.DBApiLayer$MyCollection.insert(DBApiLayer.java:262)
	at com.mongodb.DBApiLayer$MyCollection.createIndex(DBApiLayer.java:354)
	at com.mongodb.DBCollection.ensureIndex(DBCollection.java:444)
	at com.mongodb.DBCollection.ensureIndex(DBCollection.java:392)
	at net.ion.radon.repository.Workspace.createWorkspace(Workspace.java:64)
	at net.ion.radon.repository.Workspace.load(Workspace.java:43)
	at net.ion.radon.repository.Repository.getWorkspace(Repository.java:28)
	at net.ion.radon.repository.LocalSession.getCurrentWorkspace(LocalSession.java:147)
	at net.ion.radon.repository.LocalSession.dropWorkspace(LocalSession.java:76)
	at net.ion.radon.repository.TestCreate.setUp(TestCreate.java:15)
	at junit.framework.TestCase.runBare(TestCase.java:128)
	at junit.framework.TestResult$1.protect(TestResult.java:106)
	at junit.framework.TestResult.runProtected(TestResult.java:124)
	at junit.framework.TestResult.run(TestResult.java:109)
	at junit.framework.TestCase.run(TestCase.java:120)
	at junit.framework.TestSuite.runTest(TestSuite.java:230)
	at junit.framework.TestSuite.run(TestSuite.java:225)
	at junit.framework.TestSuite.runTest(TestSuite.java:230)
	at junit.framework.TestSuite.run(TestSuite.java:225)
	at junit.framework.TestSuite.runTest(TestSuite.java:230)
	at junit.framework.TestSuite.run(TestSuite.java:225)
	at junit.framework.TestSuite.runTest(TestSuite.java:230)
	at junit.framework.TestSuite.run(TestSuite.java:225)
	at org.apache.tools.ant.taskdefs.optional.junit.JUnitTestRunner.run(JUnitTestRunner.java:421)
	at org.apache.tools.ant.taskdefs.optional.junit.JUnitTestRunner.launch(JUnitTestRunner.java:912)
	at org.apache.tools.ant.taskdefs.optional.junit.JUnitTestRunner.main(JUnitTestRunner.java:766)
2011. 11. 17 오전 6:12:33 com.mongodb.DBPortPool gotError
경고: emptying DBPortPool to 61.250.201.78:27017 b/c of error
java.io.IOException: couldn't connect to [/61.250.201.78:27017] bc:java.net.ConnectException: Connection timed out: connect
	at com.mongodb.DBPort._open(DBPort.java:224)
	at com.mongodb.DBPort.go(DBPort.java:101)
	at com.mongodb.DBPort.go(DBPort.java:82)
	at com.mongodb.DBPort.say(DBPort.java:77)
	at com.mongodb.DBTCPConnector.say(DBTCPConnector.java:146)
	at com.mongodb.DBTCPConnector.say(DBTCPConnector.java:132)
	at com.mongodb.DBApiLayer$MyCollection.insert(DBApiLayer.java:262)
	at com.mongodb.DBApiLayer$MyCollection.createIndex(DBApiLayer.java:354)
	at com.mongodb.DBCollection.ensureIndex(DBCollection.java:444)
	at com.mongodb.DBCollection.ensureIndex(DBCollection.java:392)
	at net.ion.radon.repository.Workspace.createWorkspace(Workspace.java:64)
	at net.ion.radon.repository.Workspace.load(Workspace.java:43)
	at net.ion.radon.repository.Repository.getWorkspace(Repository.java:28)
	at net.ion.radon.repository.LocalSession.getCurrentWorkspace(LocalSession.java:147)
	at net.ion.radon.repository.LocalSession.dropWorkspace(LocalSession.java:76)
	at net.ion.radon.repository.TestCreate.setUp(TestCreate.java:15)
	at junit.framework.TestCase.runBare(TestCase.java:128)
	at junit.framework.TestResult$1.protect(TestResult.java:106)
	at junit.framework.TestResult.runProtected(TestResult.java:124)
	at junit.framework.TestResult.run(TestResult.java:109)
	at junit.framework.TestCase.run(TestCase.java:120)
	at junit.framework.TestSuite.runTest(TestSuite.java:230)
	at junit.framework.TestSuite.run(TestSuite.java:225)
	at junit.framework.TestSuite.runTest(TestSuite.java:230)
	at junit.framework.TestSuite.run(TestSuite.java:225)
	at junit.framework.TestSuite.runTest(TestSuite.java:230)
	at junit.framework.TestSuite.run(TestSuite.java:225)
	at junit.framework.TestSuite.runTest(TestSuite.java:230)
	at junit.framework.TestSuite.run(TestSuite.java:225)
	at org.apache.tools.ant.taskdefs.optional.junit.JUnitTestRunner.run(JUnitTestRunner.java:421)
	at org.apache.tools.ant.taskdefs.optional.junit.JUnitTestRunner.launch(JUnitTestRunner.java:912)
	at org.apache.tools.ant.taskdefs.optional.junit.JUnitTestRunner.main(JUnitTestRunner.java:766)
2011. 11. 17 오전 6:12:54 com.mongodb.DBTCPConnector fetchMaxBsonObjectSize
경고: Exception determining maxBSON size using0
java.io.IOException: couldn't connect to [/61.250.201.78:27017] bc:java.net.ConnectException: Connection timed out: connect
	at com.mongodb.DBPort._open(DBPort.java:224)
	at com.mongodb.DBPort.go(DBPort.java:101)
	at com.mongodb.DBPort.go(DBPort.java:82)
	at com.mongodb.DBPort.findOne(DBPort.java:142)
	at com.mongodb.DBPort.runCommand(DBPort.java:151)
	at com.mongodb.DBTCPConnector.fetchMaxBsonObjectSize(DBTCPConnector.java:429)
	at com.mongodb.Mongo.getMaxBsonObjectSize(Mongo.java:544)
	at com.mongodb.DBApiLayer$MyCollection.insert(DBApiLayer.java:244)
	at com.mongodb.DBApiLayer$MyCollection.createIndex(DBApiLayer.java:354)
	at com.mongodb.DBCollection.ensureIndex(DBCollection.java:444)
	at com.mongodb.DBCollection.ensureIndex(DBCollection.java:392)
	at net.ion.radon.repository.Workspace.createWorkspace(Workspace.java:64)
	at net.ion.radon.repository.Workspace.load(Workspace.java:43)
	at net.ion.radon.repository.Repository.getWorkspace(Repository.java:28)
	at net.ion.radon.repository.LocalSession.getCurrentWorkspace(LocalSession.java:147)
	at net.ion.radon.repository.LocalSession.dropWorkspace(LocalSession.java:76)
	at net.ion.radon.repository.TestCreate.setUp(TestCreate.java:15)
	at junit.framework.TestCase.runBare(TestCase.java:128)
	at junit.framework.TestResult$1.protect(TestResult.java:106)
	at junit.framework.TestResult.runProtected(TestResult.java:124)
	at junit.framework.TestResult.run(TestResult.java:109)
	at junit.framework.TestCase.run(TestCase.java:120)
	at junit.framework.TestSuite.runTest(TestSuite.java:230)
	at junit.framework.TestSuite.run(TestSuite.java:225)
	at junit.framework.TestSuite.runTest(TestSuite.java:230)
	at junit.framework.TestSuite.run(TestSuite.java:225)
	at junit.framework.TestSuite.runTest(TestSuite.java:230)
	at junit.framework.TestSuite.run(TestSuite.java:225)
	at junit.framework.TestSuite.runTest(TestSuite.java:230)
	at junit.framework.TestSuite.run(TestSuite.java:225)
	at org.apache.tools.ant.taskdefs.optional.junit.JUnitTestRunner.run(JUnitTestRunner.java:421)
	at org.apache.tools.ant.taskdefs.optional.junit.JUnitTestRunner.launch(JUnitTestRunner.java:912)
	at org.apache.tools.ant.taskdefs.optional.junit.JUnitTestRunner.main(JUnitTestRunner.java:766)
2011. 11. 17 오전 6:13:15 com.mongodb.DBTCPConnector fetchMaxBsonObjectSize
경고: Exception determining maxBSON size using0
java.io.IOException: couldn't connect to [/61.250.201.78:27017] bc:java.net.ConnectException: Connection timed out: connect
	at com.mongodb.DBPort._open(DBPort.java:224)
	at com.mongodb.DBPort.go(DBPort.java:101)
	at com.mongodb.DBPort.go(DBPort.java:82)
	at com.mongodb.DBPort.findOne(DBPort.java:142)
	at com.mongodb.DBPort.runCommand(DBPort.java:151)
	at com.mongodb.DBTCPConnector.fetchMaxBsonObjectSize(DBTCPConnector.java:429)
	at com.mongodb.DBTCPConnector.checkMaster(DBTCPConnector.java:416)
	at com.mongodb.DBTCPConnector.say(DBTCPConnector.java:139)
	at com.mongodb.DBTCPConnector.say(DBTCPConnector.java:132)
	at com.mongodb.DBApiLayer$MyCollection.insert(DBApiLayer.java:262)
	at com.mongodb.DBApiLayer$MyCollection.createIndex(DBApiLayer.java:354)
	at com.mongodb.DBCollection.ensureIndex(DBCollection.java:444)
	at com.mongodb.DBCollection.ensureIndex(DBCollection.java:392)
	at net.ion.radon.repository.Workspace.createWorkspace(Workspace.java:64)
	at net.ion.radon.repository.Workspace.load(Workspace.java:43)
	at net.ion.radon.repository.Repository.getWorkspace(Repository.java:28)
	at net.ion.radon.repository.LocalSession.getCurrentWorkspace(LocalSession.java:147)
	at net.ion.radon.repository.LocalSession.dropWorkspace(LocalSession.java:76)
	at net.ion.radon.repository.TestCreate.setUp(TestCreate.java:15)
	at junit.framework.TestCase.runBare(TestCase.java:128)
	at junit.framework.TestResult$1.protect(TestResult.java:106)
	at junit.framework.TestResult.runProtected(TestResult.java:124)
	at junit.framework.TestResult.run(TestResult.java:109)
	at junit.framework.TestCase.run(TestCase.java:120)
	at junit.framework.TestSuite.runTest(TestSuite.java:230)
	at junit.framework.TestSuite.run(TestSuite.java:225)
	at junit.framework.TestSuite.runTest(TestSuite.java:230)
	at junit.framework.TestSuite.run(TestSuite.java:225)
	at junit.framework.TestSuite.runTest(TestSuite.java:230)
	at junit.framework.TestSuite.run(TestSuite.java:225)
	at junit.framework.TestSuite.runTest(TestSuite.java:230)
	at junit.framework.TestSuite.run(TestSuite.java:225)
	at org.apache.tools.ant.taskdefs.optional.junit.JUnitTestRunner.run(JUnitTestRunner.java:421)
	at org.apache.tools.ant.taskdefs.optional.junit.JUnitTestRunner.launch(JUnitTestRunner.java:912)
	at org.apache.tools.ant.taskdefs.optional.junit.JUnitTestRunner.main(JUnitTestRunner.java:766)
2011. 11. 17 오전 6:13:36 com.mongodb.DBPortPool gotError
경고: emptying DBPortPool to 61.250.201.78:27017 b/c of error
java.io.IOException: couldn't connect to [/61.250.201.78:27017] bc:java.net.ConnectException: Connection timed out: connect
	at com.mongodb.DBPort._open(DBPort.java:224)
	at com.mongodb.DBPort.go(DBPort.java:101)
	at com.mongodb.DBPort.go(DBPort.java:82)
	at com.mongodb.DBPort.say(DBPort.java:77)
	at com.mongodb.DBTCPConnector.say(DBTCPConnector.java:146)
	at com.mongodb.DBTCPConnector.say(DBTCPConnector.java:132)
	at com.mongodb.DBApiLayer$MyCollection.insert(DBApiLayer.java:262)
	at com.mongodb.DBApiLayer$MyCollection.createIndex(DBApiLayer.java:354)
	at com.mongodb.DBCollection.ensureIndex(DBCollection.java:444)
	at com.mongodb.DBCollection.ensureIndex(DBCollection.java:392)
	at net.ion.radon.repository.Workspace.createWorkspace(Workspace.java:64)
	at net.ion.radon.repository.Workspace.load(Workspace.java:43)
	at net.ion.radon.repository.Repository.getWorkspace(Repository.java:28)
	at net.ion.radon.repository.LocalSession.getCurrentWorkspace(LocalSession.java:147)
	at net.ion.radon.repository.LocalSession.dropWorkspace(LocalSession.java:76)
	at net.ion.radon.repository.TestCreate.setUp(TestCreate.java:15)
	at junit.framework.TestCase.runBare(TestCase.java:128)
	at junit.framework.TestResult$1.protect(TestResult.java:106)
	at junit.framework.TestResult.runProtected(TestResult.java:124)
	at junit.framework.TestResult.run(TestResult.java:109)
	at junit.framework.TestCase.run(TestCase.java:120)
	at junit.framework.TestSuite.runTest(TestSuite.java:230)
	at junit.framework.TestSuite.run(TestSuite.java:225)
	at junit.framework.TestSuite.runTest(TestSuite.java:230)
	at junit.framework.TestSuite.run(TestSuite.java:225)
	at junit.framework.TestSuite.runTest(TestSuite.java:230)
	at junit.framework.TestSuite.run(TestSuite.java:225)
	at junit.framework.TestSuite.runTest(TestSuite.java:230)
	at junit.framework.TestSuite.run(TestSuite.java:225)
	at org.apache.tools.ant.taskdefs.optional.junit.JUnitTestRunner.run(JUnitTestRunner.java:421)
	at org.apache.tools.ant.taskdefs.optional.junit.JUnitTestRunner.launch(JUnitTestRunner.java:912)
	at org.apache.tools.ant.taskdefs.optional.junit.JUnitTestRunner.main(JUnitTestRunner.java:766)
2011. 11. 17 오전 6:13:57 com.mongodb.DBTCPConnector fetchMaxBsonObjectSize
경고: Exception determining maxBSON size using0
java.io.IOException: couldn't connect to [/61.250.201.78:27017] bc:java.net.ConnectException: Connection timed out: connect
	at com.mongodb.DBPort._open(DBPort.java:224)
	at com.mongodb.DBPort.go(DBPort.java:101)
	at com.mongodb.DBPort.go(DBPort.java:82)
	at com.mongodb.DBPort.findOne(DBPort.java:142)
	at com.mongodb.DBPort.runCommand(DBPort.java:151)
	at com.mongodb.DBTCPConnector.fetchMaxBsonObjectSize(DBTCPConnector.java:429)
	at com.mongodb.Mongo.getMaxBsonObjectSize(Mongo.java:544)
	at com.mongodb.DBApiLayer$MyCollection.insert(DBApiLayer.java:244)
	at com.mongodb.DBApiLayer$MyCollection.createIndex(DBApiLayer.java:354)
	at com.mongodb.DBCollection.ensureIndex(DBCollection.java:444)
	at com.mongodb.DBCollection.ensureIndex(DBCollection.java:392)
	at net.ion.radon.repository.Workspace.createWorkspace(Workspace.java:64)
	at net.ion.radon.repository.Workspace.load(Workspace.java:43)
	at net.ion.radon.repository.Repository.getWorkspace(Repository.java:28)
	at net.ion.radon.repository.LocalSession.getCurrentWorkspace(LocalSession.java:147)
	at net.ion.radon.repository.LocalSession.dropWorkspace(LocalSession.java:76)
	at net.ion.radon.repository.TestCreate.setUp(TestCreate.java:15)
	at junit.framework.TestCase.runBare(TestCase.java:128)
	at junit.framework.TestResult$1.protect(TestResult.java:106)
	at junit.framework.TestResult.runProtected(TestResult.java:124)
	at junit.framework.TestResult.run(TestResult.java:109)
	at junit.framework.TestCase.run(TestCase.java:120)
	at junit.framework.TestSuite.runTest(TestSuite.java:230)
	at junit.framework.TestSuite.run(TestSuite.java:225)
	at junit.framework.TestSuite.runTest(TestSuite.java:230)
	at junit.framework.TestSuite.run(TestSuite.java:225)
	at junit.framework.TestSuite.runTest(TestSuite.java:230)
	at junit.framework.TestSuite.run(TestSuite.java:225)
	at junit.framework.TestSuite.runTest(TestSuite.java:230)
	at junit.framework.TestSuite.run(TestSuite.java:225)
	at org.apache.tools.ant.taskdefs.optional.junit.JUnitTestRunner.run(JUnitTestRunner.java:421)
	at org.apache.tools.ant.taskdefs.optional.junit.JUnitTestRunner.launch(JUnitTestRunner.java:912)
	at org.apache.tools.ant.taskdefs.optional.junit.JUnitTestRunner.main(JUnitTestRunner.java:766)
2011. 11. 17 오전 6:14:18 com.mongodb.DBTCPConnector fetchMaxBsonObjectSize
경고: Exception determining maxBSON size using0
java.io.IOException: couldn't connect to [/61.250.201.78:27017] bc:java.net.ConnectException: Connection timed out: connect
	at com.mongodb.DBPort._open(DBPort.java:224)
	at com.mongodb.DBPort.go(DBPort.java:101)
	at com.mongodb.DBPort.go(DBPort.java:82)
	at com.mongodb.DBPort.findOne(DBPort.java:142)
	at com.mongodb.DBPort.runCommand(DBPort.java:151)
	at com.mongodb.DBTCPConnector.fetchMaxBsonObjectSize(DBTCPConnector.java:429)
	at com.mongodb.DBTCPConnector.checkMaster(DBTCPConnector.java:416)
	at com.mongodb.DBTCPConnector.say(DBTCPConnector.java:139)
	at com.mongodb.DBTCPConnector.say(DBTCPConnector.java:132)
	at com.mongodb.DBApiLayer$MyCollection.insert(DBApiLayer.java:262)
	at com.mongodb.DBApiLayer$MyCollection.createIndex(DBApiLayer.java:354)
	at com.mongodb.DBCollection.ensureIndex(DBCollection.java:444)
	at com.mongodb.DBCollection.ensureIndex(DBCollection.java:392)
	at net.ion.radon.repository.Workspace.createWorkspace(Workspace.java:64)
	at net.ion.radon.repository.Workspace.load(Workspace.java:43)
	at net.ion.radon.repository.Repository.getWorkspace(Repository.java:28)
	at net.ion.radon.repository.LocalSession.getCurrentWorkspace(LocalSession.java:147)
	at net.ion.radon.repository.LocalSession.dropWorkspace(LocalSession.java:76)
	at net.ion.radon.repository.TestCreate.setUp(TestCreate.java:15)
	at junit.framework.TestCase.runBare(TestCase.java:128)
	at junit.framework.TestResult$1.protect(TestResult.java:106)
	at junit.framework.TestResult.runProtected(TestResult.java:124)
	at junit.framework.TestResult.run(TestResult.java:109)
	at junit.framework.TestCase.run(TestCase.java:120)
	at junit.framework.TestSuite.runTest(TestSuite.java:230)
	at junit.framework.TestSuite.run(TestSuite.java:225)
	at junit.framework.TestSuite.runTest(TestSuite.java:230)
	at junit.framework.TestSuite.run(TestSuite.java:225)
	at junit.framework.TestSuite.runTest(TestSuite.java:230)
	at junit.framework.TestSuite.run(TestSuite.java:225)
	at junit.framework.TestSuite.runTest(TestSuite.java:230)
	at junit.framework.TestSuite.run(TestSuite.java:225)
	at org.apache.tools.ant.taskdefs.optional.junit.JUnitTestRunner.run(JUnitTestRunner.java:421)
	at org.apache.tools.ant.taskdefs.optional.junit.JUnitTestRunner.launch(JUnitTestRunner.java:912)
	at org.apache.tools.ant.taskdefs.optional.junit.JUnitTestRunner.main(JUnitTestRunner.java:766)
2011. 11. 17 오전 6:14:39 com.mongodb.DBPortPool gotError
경고: emptying DBPortPool to 61.250.201.78:27017 b/c of error
java.io.IOException: couldn't connect to [/61.250.201.78:27017] bc:java.net.ConnectException: Connection timed out: connect
	at com.mongodb.DBPort._open(DBPort.java:224)
	at com.mongodb.DBPort.go(DBPort.java:101)
	at com.mongodb.DBPort.go(DBPort.java:82)
	at com.mongodb.DBPort.say(DBPort.java:77)
	at com.mongodb.DBTCPConnector.say(DBTCPConnector.java:146)
	at com.mongodb.DBTCPConnector.say(DBTCPConnector.java:132)
	at com.mongodb.DBApiLayer$MyCollection.insert(DBApiLayer.java:262)
	at com.mongodb.DBApiLayer$MyCollection.createIndex(DBApiLayer.java:354)
	at com.mongodb.DBCollection.ensureIndex(DBCollection.java:444)
	at com.mongodb.DBCollection.ensureIndex(DBCollection.java:392)
	at net.ion.radon.repository.Workspace.createWorkspace(Workspace.java:64)
	at net.ion.radon.repository.Workspace.load(Workspace.java:43)
	at net.ion.radon.repository.Repository.getWorkspace(Repository.java:28)
	at net.ion.radon.repository.LocalSession.getCurrentWorkspace(LocalSession.java:147)
	at net.ion.radon.repository.LocalSession.dropWorkspace(LocalSession.java:76)
	at net.ion.radon.repository.TestCreate.setUp(TestCreate.java:15)
	at junit.framework.TestCase.runBare(TestCase.java:128)
	at junit.framework.TestResult$1.protect(TestResult.java:106)
	at junit.framework.TestResult.runProtected(TestResult.java:124)
	at junit.framework.TestResult.run(TestResult.java:109)
	at junit.framework.TestCase.run(TestCase.java:120)
	at junit.framework.TestSuite.runTest(TestSuite.java:230)
	at junit.framework.TestSuite.run(TestSuite.java:225)
	at junit.framework.TestSuite.runTest(TestSuite.java:230)
	at junit.framework.TestSuite.run(TestSuite.java:225)
	at junit.framework.TestSuite.runTest(TestSuite.java:230)
	at junit.framework.TestSuite.run(TestSuite.java:225)
	at junit.framework.TestSuite.runTest(TestSuite.java:230)
	at junit.framework.TestSuite.run(TestSuite.java:225)
	at org.apache.tools.ant.taskdefs.optional.junit.JUnitTestRunner.run(JUnitTestRunner.java:421)
	at org.apache.tools.ant.taskdefs.optional.junit.JUnitTestRunner.launch(JUnitTestRunner.java:912)
	at org.apache.tools.ant.taskdefs.optional.junit.JUnitTestRunner.main(JUnitTestRunner.java:766)
2011. 11. 17 오전 6:15:01 com.mongodb.DBTCPConnector fetchMaxBsonObjectSize
경고: Exception determining maxBSON size using0
java.io.IOException: couldn't connect to [/61.250.201.78:27017] bc:java.net.ConnectException: Connection timed out: connect
	at com.mongodb.DBPort._open(DBPort.java:224)
	at com.mongodb.DBPort.go(DBPort.java:101)
	at com.mongodb.DBPort.go(DBPort.java:82)
	at com.mongodb.DBPort.findOne(DBPort.java:142)
	at com.mongodb.DBPort.runCommand(DBPort.java:151)
	at com.mongodb.DBTCPConnector.fetchMaxBsonObjectSize(DBTCPConnector.java:429)
	at com.mongodb.Mongo.getMaxBsonObjectSize(Mongo.java:544)
	at com.mongodb.DBApiLayer$MyCollection.insert(DBApiLayer.java:244)
	at com.mongodb.DBApiLayer$MyCollection.createIndex(DBApiLayer.java:354)
	at com.mongodb.DBCollection.ensureIndex(DBCollection.java:444)
	at com.mongodb.DBCollection.ensureIndex(DBCollection.java:392)
	at net.ion.radon.repository.Workspace.createWorkspace(Workspace.java:64)
	at net.ion.radon.repository.Workspace.load(Workspace.java:43)
	at net.ion.radon.repository.Repository.getWorkspace(Repository.java:28)
	at net.ion.radon.repository.LocalSession.getCurrentWorkspace(LocalSession.java:147)
	at net.ion.radon.repository.LocalSession.dropWorkspace(LocalSession.java:76)
	at net.ion.radon.repository.TestCreate.setUp(TestCreate.java:15)
	at junit.framework.TestCase.runBare(TestCase.java:128)
	at junit.framework.TestResult$1.protect(TestResult.java:106)
	at junit.framework.TestResult.runProtected(TestResult.java:124)
	at junit.framework.TestResult.run(TestResult.java:109)
	at junit.framework.TestCase.run(TestCase.java:120)
	at junit.framework.TestSuite.runTest(TestSuite.java:230)
	at junit.framework.TestSuite.run(TestSuite.java:225)
	at junit.framework.TestSuite.runTest(TestSuite.java:230)
	at junit.framework.TestSuite.run(TestSuite.java:225)
	at junit.framework.TestSuite.runTest(TestSuite.java:230)
	at junit.framework.TestSuite.run(TestSuite.java:225)
	at junit.framework.TestSuite.runTest(TestSuite.java:230)
	at junit.framework.TestSuite.run(TestSuite.java:225)
	at org.apache.tools.ant.taskdefs.optional.junit.JUnitTestRunner.run(JUnitTestRunner.java:421)
	at org.apache.tools.ant.taskdefs.optional.junit.JUnitTestRunner.launch(JUnitTestRunner.java:912)
	at org.apache.tools.ant.taskdefs.optional.junit.JUnitTestRunner.main(JUnitTestRunner.java:766)
2011. 11. 17 오전 6:15:22 com.mongodb.DBTCPConnector fetchMaxBsonObjectSize
경고: Exception determining maxBSON size using0
java.io.IOException: couldn't connect to [/61.250.201.78:27017] bc:java.net.ConnectException: Connection timed out: connect
	at com.mongodb.DBPort._open(DBPort.java:224)
	at com.mongodb.DBPort.go(DBPort.java:101)
	at com.mongodb.DBPort.go(DBPort.java:82)
	at com.mongodb.DBPort.findOne(DBPort.java:142)
	at com.mongodb.DBPort.runCommand(DBPort.java:151)
	at com.mongodb.DBTCPConnector.fetchMaxBsonObjectSize(DBTCPConnector.java:429)
	at com.mongodb.DBTCPConnector.checkMaster(DBTCPConnector.java:416)
	at com.mongodb.DBTCPConnector.say(DBTCPConnector.java:139)
	at com.mongodb.DBTCPConnector.say(DBTCPConnector.java:132)
	at com.mongodb.DBApiLayer$MyCollection.insert(DBApiLayer.java:262)
	at com.mongodb.DBApiLayer$MyCollection.createIndex(DBApiLayer.java:354)
	at com.mongodb.DBCollection.ensureIndex(DBCollection.java:444)
	at com.mongodb.DBCollection.ensureIndex(DBCollection.java:392)
	at net.ion.radon.repository.Workspace.createWorkspace(Workspace.java:64)
	at net.ion.radon.repository.Workspace.load(Workspace.java:43)
	at net.ion.radon.repository.Repository.getWorkspace(Repository.java:28)
	at net.ion.radon.repository.LocalSession.getCurrentWorkspace(LocalSession.java:147)
	at net.ion.radon.repository.LocalSession.dropWorkspace(LocalSession.java:76)
	at net.ion.radon.repository.TestCreate.setUp(TestCreate.java:15)
	at junit.framework.TestCase.runBare(TestCase.java:128)
	at junit.framework.TestResult$1.protect(TestResult.java:106)
	at junit.framework.TestResult.runProtected(TestResult.java:124)
	at junit.framework.TestResult.run(TestResult.java:109)
	at junit.framework.TestCase.run(TestCase.java:120)
	at junit.framework.TestSuite.runTest(TestSuite.java:230)
	at junit.framework.TestSuite.run(TestSuite.java:225)
	at junit.framework.TestSuite.runTest(TestSuite.java:230)
	at junit.framework.TestSuite.run(TestSuite.java:225)
	at junit.framework.TestSuite.runTest(TestSuite.java:230)
	at junit.framework.TestSuite.run(TestSuite.java:225)
	at junit.framework.TestSuite.runTest(TestSuite.java:230)
	at junit.framework.TestSuite.run(TestSuite.java:225)
	at org.apache.tools.ant.taskdefs.optional.junit.JUnitTestRunner.run(JUnitTestRunner.java:421)
	at org.apache.tools.ant.taskdefs.optional.junit.JUnitTestRunner.launch(JUnitTestRunner.java:912)
	at org.apache.tools.ant.taskdefs.optional.junit.JUnitTestRunner.main(JUnitTestRunner.java:766)
2011. 11. 17 오전 6:15:43 com.mongodb.DBPortPool gotError
경고: emptying DBPortPool to 61.250.201.78:27017 b/c of error
java.io.IOException: couldn't connect to [/61.250.201.78:27017] bc:java.net.ConnectException: Connection timed out: connect
	at com.mongodb.DBPort._open(DBPort.java:224)
	at com.mongodb.DBPort.go(DBPort.java:101)
	at com.mongodb.DBPort.go(DBPort.java:82)
	at com.mongodb.DBPort.say(DBPort.java:77)
	at com.mongodb.DBTCPConnector.say(DBTCPConnector.java:146)
	at com.mongodb.DBTCPConnector.say(DBTCPConnector.java:132)
	at com.mongodb.DBApiLayer$MyCollection.insert(DBApiLayer.java:262)
	at com.mongodb.DBApiLayer$MyCollection.createIndex(DBApiLayer.java:354)
	at com.mongodb.DBCollection.ensureIndex(DBCollection.java:444)
	at com.mongodb.DBCollection.ensureIndex(DBCollection.java:392)
	at net.ion.radon.repository.Workspace.createWorkspace(Workspace.java:64)
	at net.ion.radon.repository.Workspace.load(Workspace.java:43)
	at net.ion.radon.repository.Repository.getWorkspace(Repository.java:28)
	at net.ion.radon.repository.LocalSession.getCurrentWorkspace(LocalSession.java:147)
	at net.ion.radon.repository.LocalSession.dropWorkspace(LocalSession.java:76)
	at net.ion.radon.repository.TestCreate.setUp(TestCreate.java:15)
	at junit.framework.TestCase.runBare(TestCase.java:128)
	at junit.framework.TestResult$1.protect(TestResult.java:106)
	at junit.framework.TestResult.runProtected(TestResult.java:124)
	at junit.framework.TestResult.run(TestResult.java:109)
	at junit.framework.TestCase.run(TestCase.java:120)
	at junit.framework.TestSuite.runTest(TestSuite.java:230)
	at junit.framework.TestSuite.run(TestSuite.java:225)
	at junit.framework.TestSuite.runTest(TestSuite.java:230)
	at junit.framework.TestSuite.run(TestSuite.java:225)
	at junit.framework.TestSuite.runTest(TestSuite.java:230)
	at junit.framework.TestSuite.run(TestSuite.java:225)
	at junit.framework.TestSuite.runTest(TestSuite.java:230)
	at junit.framework.TestSuite.run(TestSuite.java:225)
	at org.apache.tools.ant.taskdefs.optional.junit.JUnitTestRunner.run(JUnitTestRunner.java:421)
	at org.apache.tools.ant.taskdefs.optional.junit.JUnitTestRunner.launch(JUnitTestRunner.java:912)
	at org.apache.tools.ant.taskdefs.optional.junit.JUnitTestRunner.main(JUnitTestRunner.java:766)
2011. 11. 17 오전 6:16:04 com.mongodb.DBTCPConnector fetchMaxBsonObjectSize
경고: Exception determining maxBSON size using0
java.io.IOException: couldn't connect to [/61.250.201.78:27017] bc:java.net.ConnectException: Connection timed out: connect
	at com.mongodb.DBPort._open(DBPort.java:224)
	at com.mongodb.DBPort.go(DBPort.java:101)
	at com.mongodb.DBPort.go(DBPort.java:82)
	at com.mongodb.DBPort.findOne(DBPort.java:142)
	at com.mongodb.DBPort.runCommand(DBPort.java:151)
	at com.mongodb.DBTCPConnector.fetchMaxBsonObjectSize(DBTCPConnector.java:429)
	at com.mongodb.Mongo.getMaxBsonObjectSize(Mongo.java:544)
	at com.mongodb.DBApiLayer$MyCollection.insert(DBApiLayer.java:244)
	at com.mongodb.DBApiLayer$MyCollection.createIndex(DBApiLayer.java:354)
	at com.mongodb.DBCollection.ensureIndex(DBCollection.java:444)
	at com.mongodb.DBCollection.ensureIndex(DBCollection.java:392)
	at net.ion.radon.repository.Workspace.createWorkspace(Workspace.java:64)
	at net.ion.radon.repository.Workspace.load(Workspace.java:43)
	at net.ion.radon.repository.Repository.getWorkspace(Repository.java:28)
	at net.ion.radon.repository.LocalSession.getCurrentWorkspace(LocalSession.java:147)
	at net.ion.radon.repository.LocalSession.dropWorkspace(LocalSession.java:76)
	at net.ion.radon.repository.TestCreate.setUp(TestCreate.java:15)
	at junit.framework.TestCase.runBare(TestCase.java:128)
	at junit.framework.TestResult$1.protect(TestResult.java:106)
	at junit.framework.TestResult.runProtected(TestResult.java:124)
	at junit.framework.TestResult.run(TestResult.java:109)
	at junit.framework.TestCase.run(TestCase.java:120)
	at junit.framework.TestSuite.runTest(TestSuite.java:230)
	at junit.framework.TestSuite.run(TestSuite.java:225)
	at junit.framework.TestSuite.runTest(TestSuite.java:230)
	at junit.framework.TestSuite.run(TestSuite.java:225)
	at junit.framework.TestSuite.runTest(TestSuite.java:230)
	at junit.framework.TestSuite.run(TestSuite.java:225)
	at junit.framework.TestSuite.runTest(TestSuite.java:230)
	at junit.framework.TestSuite.run(TestSuite.java:225)
	at org.apache.tools.ant.taskdefs.optional.junit.JUnitTestRunner.run(JUnitTestRunner.java:421)
	at org.apache.tools.ant.taskdefs.optional.junit.JUnitTestRunner.launch(JUnitTestRunner.java:912)
	at org.apache.tools.ant.taskdefs.optional.junit.JUnitTestRunner.main(JUnitTestRunner.java:766)
2011. 11. 17 오전 6:16:25 com.mongodb.DBTCPConnector fetchMaxBsonObjectSize
경고: Exception determining maxBSON size using0
java.io.IOException: couldn't connect to [/61.250.201.78:27017] bc:java.net.ConnectException: Connection timed out: connect
	at com.mongodb.DBPort._open(DBPort.java:224)
	at com.mongodb.DBPort.go(DBPort.java:101)
	at com.mongodb.DBPort.go(DBPort.java:82)
	at com.mongodb.DBPort.findOne(DBPort.java:142)
	at com.mongodb.DBPort.runCommand(DBPort.java:151)
	at com.mongodb.DBTCPConnector.fetchMaxBsonObjectSize(DBTCPConnector.java:429)
	at com.mongodb.DBTCPConnector.checkMaster(DBTCPConnector.java:416)
	at com.mongodb.DBTCPConnector.say(DBTCPConnector.java:139)
	at com.mongodb.DBTCPConnector.say(DBTCPConnector.java:132)
	at com.mongodb.DBApiLayer$MyCollection.insert(DBApiLayer.java:262)
	at com.mongodb.DBApiLayer$MyCollection.createIndex(DBApiLayer.java:354)
	at com.mongodb.DBCollection.ensureIndex(DBCollection.java:444)
	at com.mongodb.DBCollection.ensureIndex(DBCollection.java:392)
	at net.ion.radon.repository.Workspace.createWorkspace(Workspace.java:64)
	at net.ion.radon.repository.Workspace.load(Workspace.java:43)
	at net.ion.radon.repository.Repository.getWorkspace(Repository.java:28)
	at net.ion.radon.repository.LocalSession.getCurrentWorkspace(LocalSession.java:147)
	at net.ion.radon.repository.LocalSession.dropWorkspace(LocalSession.java:76)
	at net.ion.radon.repository.TestCreate.setUp(TestCreate.java:15)
	at junit.framework.TestCase.runBare(TestCase.java:128)
	at junit.framework.TestResult$1.protect(TestResult.java:106)
	at junit.framework.TestResult.runProtected(TestResult.java:124)
	at junit.framework.TestResult.run(TestResult.java:109)
	at junit.framework.TestCase.run(TestCase.java:120)
	at junit.framework.TestSuite.runTest(TestSuite.java:230)
	at junit.framework.TestSuite.run(TestSuite.java:225)
	at junit.framework.TestSuite.runTest(TestSuite.java:230)
	at junit.framework.TestSuite.run(TestSuite.java:225)
	at junit.framework.TestSuite.runTest(TestSuite.java:230)
	at junit.framework.TestSuite.run(TestSuite.java:225)
	at junit.framework.TestSuite.runTest(TestSuite.java:230)
	at junit.framework.TestSuite.run(TestSuite.java:225)
	at org.apache.tools.ant.taskdefs.optional.junit.JUnitTestRunner.run(JUnitTestRunner.java:421)
	at org.apache.tools.ant.taskdefs.optional.junit.JUnitTestRunner.launch(JUnitTestRunner.java:912)
	at org.apache.tools.ant.taskdefs.optional.junit.JUnitTestRunner.main(JUnitTestRunner.java:766)
2011. 11. 17 오전 6:16:46 com.mongodb.DBPortPool gotError
경고: emptying DBPortPool to 61.250.201.78:27017 b/c of error
java.io.IOException: couldn't connect to [/61.250.201.78:27017] bc:java.net.ConnectException: Connection timed out: connect
	at com.mongodb.DBPort._open(DBPort.java:224)
	at com.mongodb.DBPort.go(DBPort.java:101)
	at com.mongodb.DBPort.go(DBPort.java:82)
	at com.mongodb.DBPort.say(DBPort.java:77)
	at com.mongodb.DBTCPConnector.say(DBTCPConnector.java:146)
	at com.mongodb.DBTCPConnector.say(DBTCPConnector.java:132)
	at com.mongodb.DBApiLayer$MyCollection.insert(DBApiLayer.java:262)
	at com.mongodb.DBApiLayer$MyCollection.createIndex(DBApiLayer.java:354)
	at com.mongodb.DBCollection.ensureIndex(DBCollection.java:444)
	at com.mongodb.DBCollection.ensureIndex(DBCollection.java:392)
	at net.ion.radon.repository.Workspace.createWorkspace(Workspace.java:64)
	at net.ion.radon.repository.Workspace.load(Workspace.java:43)
	at net.ion.radon.repository.Repository.getWorkspace(Repository.java:28)
	at net.ion.radon.repository.LocalSession.getCurrentWorkspace(LocalSession.java:147)
	at net.ion.radon.repository.LocalSession.dropWorkspace(LocalSession.java:76)
	at net.ion.radon.repository.TestCreate.setUp(TestCreate.java:15)
	at junit.framework.TestCase.runBare(TestCase.java:128)
	at junit.framework.TestResult$1.protect(TestResult.java:106)
	at junit.framework.TestResult.runProtected(TestResult.java:124)
	at junit.framework.TestResult.run(TestResult.java:109)
	at junit.framework.TestCase.run(TestCase.java:120)
	at junit.framework.TestSuite.runTest(TestSuite.java:230)
	at junit.framework.TestSuite.run(TestSuite.java:225)
	at junit.framework.TestSuite.runTest(TestSuite.java:230)
	at junit.framework.TestSuite.run(TestSuite.java:225)
	at junit.framework.TestSuite.runTest(TestSuite.java:230)
	at junit.framework.TestSuite.run(TestSuite.java:225)
	at junit.framework.TestSuite.runTest(TestSuite.java:230)
	at junit.framework.TestSuite.run(TestSuite.java:225)
	at org.apache.tools.ant.taskdefs.optional.junit.JUnitTestRunner.run(JUnitTestRunner.java:421)
	at org.apache.tools.ant.taskdefs.optional.junit.JUnitTestRunner.launch(JUnitTestRunner.java:912)
	at org.apache.tools.ant.taskdefs.optional.junit.JUnitTestRunner.main(JUnitTestRunner.java:766)
2011. 11. 17 오전 6:17:07 com.mongodb.DBTCPConnector fetchMaxBsonObjectSize
경고: Exception determining maxBSON size using0
java.io.IOException: couldn't connect to [/61.250.201.78:27017] bc:java.net.ConnectException: Connection timed out: connect
	at com.mongodb.DBPort._open(DBPort.java:224)
	at com.mongodb.DBPort.go(DBPort.java:101)
	at com.mongodb.DBPort.go(DBPort.java:82)
	at com.mongodb.DBPort.findOne(DBPort.java:142)
	at com.mongodb.DBPort.runCommand(DBPort.java:151)
	at com.mongodb.DBTCPConnector.fetchMaxBsonObjectSize(DBTCPConnector.java:429)
	at com.mongodb.Mongo.getMaxBsonObjectSize(Mongo.java:544)
	at com.mongodb.DBApiLayer$MyCollection.insert(DBApiLayer.java:244)
	at com.mongodb.DBApiLayer$MyCollection.createIndex(DBApiLayer.java:354)
	at com.mongodb.DBCollection.ensureIndex(DBCollection.java:444)
	at com.mongodb.DBCollection.ensureIndex(DBCollection.java:392)
	at net.ion.radon.repository.Workspace.createWorkspace(Workspace.java:64)
	at net.ion.radon.repository.Workspace.load(Workspace.java:43)
	at net.ion.radon.repository.Repository.getWorkspace(Repository.java:28)
	at net.ion.radon.repository.LocalSession.getCurrentWorkspace(LocalSession.java:147)
	at net.ion.radon.repository.LocalSession.dropWorkspace(LocalSession.java:76)
	at net.ion.radon.repository.TestCreate.setUp(TestCreate.java:15)
	at junit.framework.TestCase.runBare(TestCase.java:128)
	at junit.framework.TestResult$1.protect(TestResult.java:106)
	at junit.framework.TestResult.runProtected(TestResult.java:124)
	at junit.framework.TestResult.run(TestResult.java:109)
	at junit.framework.TestCase.run(TestCase.java:120)
	at junit.framework.TestSuite.runTest(TestSuite.java:230)
	at junit.framework.TestSuite.run(TestSuite.java:225)
	at junit.framework.TestSuite.runTest(TestSuite.java:230)
	at junit.framework.TestSuite.run(TestSuite.java:225)
	at junit.framework.TestSuite.runTest(TestSuite.java:230)
	at junit.framework.TestSuite.run(TestSuite.java:225)
	at junit.framework.TestSuite.runTest(TestSuite.java:230)
	at junit.framework.TestSuite.run(TestSuite.java:225)
	at org.apache.tools.ant.taskdefs.optional.junit.JUnitTestRunner.run(JUnitTestRunner.java:421)
	at org.apache.tools.ant.taskdefs.optional.junit.JUnitTestRunner.launch(JUnitTestRunner.java:912)
	at org.apache.tools.ant.taskdefs.optional.junit.JUnitTestRunner.main(JUnitTestRunner.java:766)
2011. 11. 17 오전 6:17:28 com.mongodb.DBTCPConnector fetchMaxBsonObjectSize
경고: Exception determining maxBSON size using0
java.io.IOException: couldn't connect to [/61.250.201.78:27017] bc:java.net.ConnectException: Connection timed out: connect
	at com.mongodb.DBPort._open(DBPort.java:224)
	at com.mongodb.DBPort.go(DBPort.java:101)
	at com.mongodb.DBPort.go(DBPort.java:82)
	at com.mongodb.DBPort.findOne(DBPort.java:142)
	at com.mongodb.DBPort.runCommand(DBPort.java:151)
	at com.mongodb.DBTCPConnector.fetchMaxBsonObjectSize(DBTCPConnector.java:429)
	at com.mongodb.DBTCPConnector.checkMaster(DBTCPConnector.java:416)
	at com.mongodb.DBTCPConnector.say(DBTCPConnector.java:139)
	at com.mongodb.DBTCPConnector.say(DBTCPConnector.java:132)
	at com.mongodb.DBApiLayer$MyCollection.insert(DBApiLayer.java:262)
	at com.mongodb.DBApiLayer$MyCollection.createIndex(DBApiLayer.java:354)
	at com.mongodb.DBCollection.ensureIndex(DBCollection.java:444)
	at com.mongodb.DBCollection.ensureIndex(DBCollection.java:392)
	at net.ion.radon.repository.Workspace.createWorkspace(Workspace.java:64)
	at net.ion.radon.repository.Workspace.load(Workspace.java:43)
	at net.ion.radon.repository.Repository.getWorkspace(Repository.java:28)
	at net.ion.radon.repository.LocalSession.getCurrentWorkspace(LocalSession.java:147)
	at net.ion.radon.repository.LocalSession.dropWorkspace(LocalSession.java:76)
	at net.ion.radon.repository.TestCreate.setUp(TestCreate.java:15)
	at junit.framework.TestCase.runBare(TestCase.java:128)
	at junit.framework.TestResult$1.protect(TestResult.java:106)
	at junit.framework.TestResult.runProtected(TestResult.java:124)
	at junit.framework.TestResult.run(TestResult.java:109)
	at junit.framework.TestCase.run(TestCase.java:120)
	at junit.framework.TestSuite.runTest(TestSuite.java:230)
	at junit.framework.TestSuite.run(TestSuite.java:225)
	at junit.framework.TestSuite.runTest(TestSuite.java:230)
	at junit.framework.TestSuite.run(TestSuite.java:225)
	at junit.framework.TestSuite.runTest(TestSuite.java:230)
	at junit.framework.TestSuite.run(TestSuite.java:225)
	at junit.framework.TestSuite.runTest(TestSuite.java:230)
	at junit.framework.TestSuite.run(TestSuite.java:225)
	at org.apache.tools.ant.taskdefs.optional.junit.JUnitTestRunner.run(JUnitTestRunner.java:421)
	at org.apache.tools.ant.taskdefs.optional.junit.JUnitTestRunner.launch(JUnitTestRunner.java:912)
	at org.apache.tools.ant.taskdefs.optional.junit.JUnitTestRunner.main(JUnitTestRunner.java:766)
2011. 11. 17 오전 6:17:49 com.mongodb.DBPortPool gotError
경고: emptying DBPortPool to 61.250.201.78:27017 b/c of error
java.io.IOException: couldn't connect to [/61.250.201.78:27017] bc:java.net.ConnectException: Connection timed out: connect
	at com.mongodb.DBPort._open(DBPort.java:224)
	at com.mongodb.DBPort.go(DBPort.java:101)
	at com.mongodb.DBPort.go(DBPort.java:82)
	at com.mongodb.DBPort.say(DBPort.java:77)
	at com.mongodb.DBTCPConnector.say(DBTCPConnector.java:146)
	at com.mongodb.DBTCPConnector.say(DBTCPConnector.java:132)
	at com.mongodb.DBApiLayer$MyCollection.insert(DBApiLayer.java:262)
	at com.mongodb.DBApiLayer$MyCollection.createIndex(DBApiLayer.java:354)
	at com.mongodb.DBCollection.ensureIndex(DBCollection.java:444)
	at com.mongodb.DBCollection.ensureIndex(DBCollection.java:392)
	at net.ion.radon.repository.Workspace.createWorkspace(Workspace.java:64)
	at net.ion.radon.repository.Workspace.load(Workspace.java:43)
	at net.ion.radon.repository.Repository.getWorkspace(Repository.java:28)
	at net.ion.radon.repository.LocalSession.getCurrentWorkspace(LocalSession.java:147)
	at net.ion.radon.repository.LocalSession.dropWorkspace(LocalSession.java:76)
	at net.ion.radon.repository.TestCreate.setUp(TestCreate.java:15)
	at junit.framework.TestCase.runBare(TestCase.java:128)
	at junit.framework.TestResult$1.protect(TestResult.java:106)
	at junit.framework.TestResult.runProtected(TestResult.java:124)
	at junit.framework.TestResult.run(TestResult.java:109)
	at junit.framework.TestCase.run(TestCase.java:120)
	at junit.framework.TestSuite.runTest(TestSuite.java:230)
	at junit.framework.TestSuite.run(TestSuite.java:225)
	at junit.framework.TestSuite.runTest(TestSuite.java:230)
	at junit.framework.TestSuite.run(TestSuite.java:225)
	at junit.framework.TestSuite.runTest(TestSuite.java:230)
	at junit.framework.TestSuite.run(TestSuite.java:225)
	at junit.framework.TestSuite.runTest(TestSuite.java:230)
	at junit.framework.TestSuite.run(TestSuite.java:225)
	at org.apache.tools.ant.taskdefs.optional.junit.JUnitTestRunner.run(JUnitTestRunner.java:421)
	at org.apache.tools.ant.taskdefs.optional.junit.JUnitTestRunner.launch(JUnitTestRunner.java:912)
	at org.apache.tools.ant.taskdefs.optional.junit.JUnitTestRunner.main(JUnitTestRunner.java:766)
2011. 11. 17 오전 6:18:10 com.mongodb.DBTCPConnector fetchMaxBsonObjectSize
경고: Exception determining maxBSON size using0
java.io.IOException: couldn't connect to [/61.250.201.78:27017] bc:java.net.ConnectException: Connection timed out: connect
	at com.mongodb.DBPort._open(DBPort.java:224)
	at com.mongodb.DBPort.go(DBPort.java:101)
	at com.mongodb.DBPort.go(DBPort.java:82)
	at com.mongodb.DBPort.findOne(DBPort.java:142)
	at com.mongodb.DBPort.runCommand(DBPort.java:151)
	at com.mongodb.DBTCPConnector.fetchMaxBsonObjectSize(DBTCPConnector.java:429)
	at com.mongodb.Mongo.getMaxBsonObjectSize(Mongo.java:544)
	at com.mongodb.DBApiLayer$MyCollection.insert(DBApiLayer.java:244)
	at com.mongodb.DBApiLayer$MyCollection.createIndex(DBApiLayer.java:354)
	at com.mongodb.DBCollection.ensureIndex(DBCollection.java:444)
	at com.mongodb.DBCollection.ensureIndex(DBCollection.java:392)
	at net.ion.radon.repository.Workspace.createWorkspace(Workspace.java:64)
	at net.ion.radon.repository.Workspace.load(Workspace.java:43)
	at net.ion.radon.repository.Repository.getWorkspace(Repository.java:28)
	at net.ion.radon.repository.LocalSession.getCurrentWorkspace(LocalSession.java:147)
	at net.ion.radon.repository.LocalSession.dropWorkspace(LocalSession.java:76)
	at net.ion.radon.repository.TestBaseRepository.setUp(TestBaseRepository.java:17)
	at junit.framework.TestCase.runBare(TestCase.java:128)
	at junit.framework.TestResult$1.protect(TestResult.java:106)
	at junit.framework.TestResult.runProtected(TestResult.java:124)
	at junit.framework.TestResult.run(TestResult.java:109)
	at junit.framework.TestCase.run(TestCase.java:120)
	at junit.framework.TestSuite.runTest(TestSuite.java:230)
	at junit.framework.TestSuite.run(TestSuite.java:225)
	at junit.framework.TestSuite.runTest(TestSuite.java:230)
	at junit.framework.TestSuite.run(TestSuite.java:225)
	at junit.framework.TestSuite.runTest(TestSuite.java:230)
	at junit.framework.TestSuite.run(TestSuite.java:225)
	at junit.framework.TestSuite.runTest(TestSuite.java:230)
	at junit.framework.TestSuite.run(TestSuite.java:225)
	at org.apache.tools.ant.taskdefs.optional.junit.JUnitTestRunner.run(JUnitTestRunner.java:421)
	at org.apache.tools.ant.taskdefs.optional.junit.JUnitTestRunner.launch(JUnitTestRunner.java:912)
	at org.apache.tools.ant.taskdefs.optional.junit.JUnitTestRunner.main(JUnitTestRunner.java:766)
2011. 11. 17 오전 6:18:32 com.mongodb.DBTCPConnector fetchMaxBsonObjectSize
경고: Exception determining maxBSON size using0
java.io.IOException: couldn't connect to [/61.250.201.78:27017] bc:java.net.ConnectException: Connection timed out: connect
	at com.mongodb.DBPort._open(DBPort.java:224)
	at com.mongodb.DBPort.go(DBPort.java:101)
	at com.mongodb.DBPort.go(DBPort.java:82)
	at com.mongodb.DBPort.findOne(DBPort.java:142)
	at com.mongodb.DBPort.runCommand(DBPort.java:151)
	at com.mongodb.DBTCPConnector.fetchMaxBsonObjectSize(DBTCPConnector.java:429)
	at com.mongodb.DBTCPConnector.checkMaster(DBTCPConnector.java:416)
	at com.mongodb.DBTCPConnector.say(DBTCPConnector.java:139)
	at com.mongodb.DBTCPConnector.say(DBTCPConnector.java:132)
	at com.mongodb.DBApiLayer$MyCollection.insert(DBApiLayer.java:262)
	at com.mongodb.DBApiLayer$MyCollection.createIndex(DBApiLayer.java:354)
	at com.mongodb.DBCollection.ensureIndex(DBCollection.java:444)
	at com.mongodb.DBCollection.ensureIndex(DBCollection.java:392)
	at net.ion.radon.repository.Workspace.createWorkspace(Workspace.java:64)
	at net.ion.radon.repository.Workspace.load(Workspace.java:43)
	at net.ion.radon.repository.Repository.getWorkspace(Repository.java:28)
	at net.ion.radon.repository.LocalSession.getCurrentWorkspace(LocalSession.java:147)
	at net.ion.radon.repository.LocalSession.dropWorkspace(LocalSession.java:76)
	at net.ion.radon.repository.TestBaseRepository.setUp(TestBaseRepository.java:17)
	at junit.framework.TestCase.runBare(TestCase.java:128)
	at junit.framework.TestResult$1.protect(TestResult.java:106)
	at junit.framework.TestResult.runProtected(TestResult.java:124)
	at junit.framework.TestResult.run(TestResult.java:109)
	at junit.framework.TestCase.run(TestCase.java:120)
	at junit.framework.TestSuite.runTest(TestSuite.java:230)
	at junit.framework.TestSuite.run(TestSuite.java:225)
	at junit.framework.TestSuite.runTest(TestSuite.java:230)
	at junit.framework.TestSuite.run(TestSuite.java:225)
	at junit.framework.TestSuite.runTest(TestSuite.java:230)
	at junit.framework.TestSuite.run(TestSuite.java:225)
	at junit.framework.TestSuite.runTest(TestSuite.java:230)
	at junit.framework.TestSuite.run(TestSuite.java:225)
	at org.apache.tools.ant.taskdefs.optional.junit.JUnitTestRunner.run(JUnitTestRunner.java:421)
	at org.apache.tools.ant.taskdefs.optional.junit.JUnitTestRunner.launch(JUnitTestRunner.java:912)
	at org.apache.tools.ant.taskdefs.optional.junit.JUnitTestRunner.main(JUnitTestRunner.java:766)
2011. 11. 17 오전 6:18:53 com.mongodb.DBPortPool gotError
경고: emptying DBPortPool to 61.250.201.78:27017 b/c of error
java.io.IOException: couldn't connect to [/61.250.201.78:27017] bc:java.net.ConnectException: Connection timed out: connect
	at com.mongodb.DBPort._open(DBPort.java:224)
	at com.mongodb.DBPort.go(DBPort.java:101)
	at com.mongodb.DBPort.go(DBPort.java:82)
	at com.mongodb.DBPort.say(DBPort.java:77)
	at com.mongodb.DBTCPConnector.say(DBTCPConnector.java:146)
	at com.mongodb.DBTCPConnector.say(DBTCPConnector.java:132)
	at com.mongodb.DBApiLayer$MyCollection.insert(DBApiLayer.java:262)
	at com.mongodb.DBApiLayer$MyCollection.createIndex(DBApiLayer.java:354)
	at com.mongodb.DBCollection.ensureIndex(DBCollection.java:444)
	at com.mongodb.DBCollection.ensureIndex(DBCollection.java:392)
	at net.ion.radon.repository.Workspace.createWorkspace(Workspace.java:64)
	at net.ion.radon.repository.Workspace.load(Workspace.java:43)
	at net.ion.radon.repository.Repository.getWorkspace(Repository.java:28)
	at net.ion.radon.repository.LocalSession.getCurrentWorkspace(LocalSession.java:147)
	at net.ion.radon.repository.LocalSession.dropWorkspace(LocalSession.java:76)
	at net.ion.radon.repository.TestBaseRepository.setUp(TestBaseRepository.java:17)
	at junit.framework.TestCase.runBare(TestCase.java:128)
	at junit.framework.TestResult$1.protect(TestResult.java:106)
	at junit.framework.TestResult.runProtected(TestResult.java:124)
	at junit.framework.TestResult.run(TestResult.java:109)
	at junit.framework.TestCase.run(TestCase.java:120)
	at junit.framework.TestSuite.runTest(TestSuite.java:230)
	at junit.framework.TestSuite.run(TestSuite.java:225)
	at junit.framework.TestSuite.runTest(TestSuite.java:230)
	at junit.framework.TestSuite.run(TestSuite.java:225)
	at junit.framework.TestSuite.runTest(TestSuite.java:230)
	at junit.framework.TestSuite.run(TestSuite.java:225)
	at junit.framework.TestSuite.runTest(TestSuite.java:230)
	at junit.framework.TestSuite.run(TestSuite.java:225)
	at org.apache.tools.ant.taskdefs.optional.junit.JUnitTestRunner.run(JUnitTestRunner.java:421)
	at org.apache.tools.ant.taskdefs.optional.junit.JUnitTestRunner.launch(JUnitTestRunner.java:912)
	at org.apache.tools.ant.taskdefs.optional.junit.JUnitTestRunner.main(JUnitTestRunner.java:766)
2011. 11. 17 오전 6:19:14 com.mongodb.DBTCPConnector fetchMaxBsonObjectSize
경고: Exception determining maxBSON size using0
java.io.IOException: couldn't connect to [/61.250.201.78:27017] bc:java.net.ConnectException: Connection timed out: connect
	at com.mongodb.DBPort._open(DBPort.java:224)
	at com.mongodb.DBPort.go(DBPort.java:101)
	at com.mongodb.DBPort.go(DBPort.java:82)
	at com.mongodb.DBPort.findOne(DBPort.java:142)
	at com.mongodb.DBPort.runCommand(DBPort.java:151)
	at com.mongodb.DBTCPConnector.fetchMaxBsonObjectSize(DBTCPConnector.java:429)
	at com.mongodb.Mongo.getMaxBsonObjectSize(Mongo.java:544)
	at com.mongodb.DBApiLayer$MyCollection.insert(DBApiLayer.java:244)
	at com.mongodb.DBApiLayer$MyCollection.createIndex(DBApiLayer.java:354)
	at com.mongodb.DBCollection.ensureIndex(DBCollection.java:444)
	at com.mongodb.DBCollection.ensureIndex(DBCollection.java:392)
	at net.ion.radon.repository.Workspace.createWorkspace(Workspace.java:64)
	at net.ion.radon.repository.Workspace.load(Workspace.java:43)
	at net.ion.radon.repository.Repository.getWorkspace(Repository.java:28)
	at net.ion.radon.repository.LocalSession.getCurrentWorkspace(LocalSession.java:147)
	at net.ion.radon.repository.LocalSession.dropWorkspace(LocalSession.java:76)
	at net.ion.radon.repository.TestBaseRepository.setUp(TestBaseRepository.java:17)
	at junit.framework.TestCase.runBare(TestCase.java:128)
	at junit.framework.TestResult$1.protect(TestResult.java:106)
	at junit.framework.TestResult.runProtected(TestResult.java:124)
	at junit.framework.TestResult.run(TestResult.java:109)
	at junit.framework.TestCase.run(TestCase.java:120)
	at junit.framework.TestSuite.runTest(TestSuite.java:230)
	at junit.framework.TestSuite.run(TestSuite.java:225)
	at junit.framework.TestSuite.runTest(TestSuite.java:230)
	at junit.framework.TestSuite.run(TestSuite.java:225)
	at junit.framework.TestSuite.runTest(TestSuite.java:230)
	at junit.framework.TestSuite.run(TestSuite.java:225)
	at junit.framework.TestSuite.runTest(TestSuite.java:230)
	at junit.framework.TestSuite.run(TestSuite.java:225)
	at org.apache.tools.ant.taskdefs.optional.junit.JUnitTestRunner.run(JUnitTestRunner.java:421)
	at org.apache.tools.ant.taskdefs.optional.junit.JUnitTestRunner.launch(JUnitTestRunner.java:912)
	at org.apache.tools.ant.taskdefs.optional.junit.JUnitTestRunner.main(JUnitTestRunner.java:766)
2011. 11. 17 오전 6:19:35 com.mongodb.DBTCPConnector fetchMaxBsonObjectSize
경고: Exception determining maxBSON size using0
java.io.IOException: couldn't connect to [/61.250.201.78:27017] bc:java.net.ConnectException: Connection timed out: connect
	at com.mongodb.DBPort._open(DBPort.java:224)
	at com.mongodb.DBPort.go(DBPort.java:101)
	at com.mongodb.DBPort.go(DBPort.java:82)
	at com.mongodb.DBPort.findOne(DBPort.java:142)
	at com.mongodb.DBPort.runCommand(DBPort.java:151)
	at com.mongodb.DBTCPConnector.fetchMaxBsonObjectSize(DBTCPConnector.java:429)
	at com.mongodb.DBTCPConnector.checkMaster(DBTCPConnector.java:416)
	at com.mongodb.DBTCPConnector.say(DBTCPConnector.java:139)
	at com.mongodb.DBTCPConnector.say(DBTCPConnector.java:132)
	at com.mongodb.DBApiLayer$MyCollection.insert(DBApiLayer.java:262)
	at com.mongodb.DBApiLayer$MyCollection.createIndex(DBApiLayer.java:354)
	at com.mongodb.DBCollection.ensureIndex(DBCollection.java:444)
	at com.mongodb.DBCollection.ensureIndex(DBCollection.java:392)
	at net.ion.radon.repository.Workspace.createWorkspace(Workspace.java:64)
	at net.ion.radon.repository.Workspace.load(Workspace.java:43)
	at net.ion.radon.repository.Repository.getWorkspace(Repository.java:28)
	at net.ion.radon.repository.LocalSession.getCurrentWorkspace(LocalSession.java:147)
	at net.ion.radon.repository.LocalSession.dropWorkspace(LocalSession.java:76)
	at net.ion.radon.repository.TestBaseRepository.setUp(TestBaseRepository.java:17)
	at junit.framework.TestCase.runBare(TestCase.java:128)
	at junit.framework.TestResult$1.protect(TestResult.java:106)
	at junit.framework.TestResult.runProtected(TestResult.java:124)
	at junit.framework.TestResult.run(TestResult.java:109)
	at junit.framework.TestCase.run(TestCase.java:120)
	at junit.framework.TestSuite.runTest(TestSuite.java:230)
	at junit.framework.TestSuite.run(TestSuite.java:225)
	at junit.framework.TestSuite.runTest(TestSuite.java:230)
	at junit.framework.TestSuite.run(TestSuite.java:225)
	at junit.framework.TestSuite.runTest(TestSuite.java:230)
	at junit.framework.TestSuite.run(TestSuite.java:225)
	at junit.framework.TestSuite.runTest(TestSuite.java:230)
	at junit.framework.TestSuite.run(TestSuite.java:225)
	at org.apache.tools.ant.taskdefs.optional.junit.JUnitTestRunner.run(JUnitTestRunner.java:421)
	at org.apache.tools.ant.taskdefs.optional.junit.JUnitTestRunner.launch(JUnitTestRunner.java:912)
	at org.apache.tools.ant.taskdefs.optional.junit.JUnitTestRunner.main(JUnitTestRunner.java:766)
2011. 11. 17 오전 6:19:56 com.mongodb.DBPortPool gotError
경고: emptying DBPortPool to 61.250.201.78:27017 b/c of error
java.io.IOException: couldn't connect to [/61.250.201.78:27017] bc:java.net.ConnectException: Connection timed out: connect
	at com.mongodb.DBPort._open(DBPort.java:224)
	at com.mongodb.DBPort.go(DBPort.java:101)
	at com.mongodb.DBPort.go(DBPort.java:82)
	at com.mongodb.DBPort.say(DBPort.java:77)
	at com.mongodb.DBTCPConnector.say(DBTCPConnector.java:146)
	at com.mongodb.DBTCPConnector.say(DBTCPConnector.java:132)
	at com.mongodb.DBApiLayer$MyCollection.insert(DBApiLayer.java:262)
	at com.mongodb.DBApiLayer$MyCollection.createIndex(DBApiLayer.java:354)
	at com.mongodb.DBCollection.ensureIndex(DBCollection.java:444)
	at com.mongodb.DBCollection.ensureIndex(DBCollection.java:392)
	at net.ion.radon.repository.Workspace.createWorkspace(Workspace.java:64)
	at net.ion.radon.repository.Workspace.load(Workspace.java:43)
	at net.ion.radon.repository.Repository.getWorkspace(Repository.java:28)
	at net.ion.radon.repository.LocalSession.getCurrentWorkspace(LocalSession.java:147)
	at net.ion.radon.repository.LocalSession.dropWorkspace(LocalSession.java:76)
	at net.ion.radon.repository.TestBaseRepository.setUp(TestBaseRepository.java:17)
	at junit.framework.TestCase.runBare(TestCase.java:128)
	at junit.framework.TestResult$1.protect(TestResult.java:106)
	at junit.framework.TestResult.runProtected(TestResult.java:124)
	at junit.framework.TestResult.run(TestResult.java:109)
	at junit.framework.TestCase.run(TestCase.java:120)
	at junit.framework.TestSuite.runTest(TestSuite.java:230)
	at junit.framework.TestSuite.run(TestSuite.java:225)
	at junit.framework.TestSuite.runTest(TestSuite.java:230)
	at junit.framework.TestSuite.run(TestSuite.java:225)
	at junit.framework.TestSuite.runTest(TestSuite.java:230)
	at junit.framework.TestSuite.run(TestSuite.java:225)
	at junit.framework.TestSuite.runTest(TestSuite.java:230)
	at junit.framework.TestSuite.run(TestSuite.java:225)
	at org.apache.tools.ant.taskdefs.optional.junit.JUnitTestRunner.run(JUnitTestRunner.java:421)
	at org.apache.tools.ant.taskdefs.optional.junit.JUnitTestRunner.launch(JUnitTestRunner.java:912)
	at org.apache.tools.ant.taskdefs.optional.junit.JUnitTestRunner.main(JUnitTestRunner.java:766)
2011. 11. 17 오전 6:20:17 com.mongodb.DBTCPConnector fetchMaxBsonObjectSize
경고: Exception determining maxBSON size using0
java.io.IOException: couldn't connect to [/61.250.201.78:27017] bc:java.net.ConnectException: Connection timed out: connect
	at com.mongodb.DBPort._open(DBPort.java:224)
	at com.mongodb.DBPort.go(DBPort.java:101)
	at com.mongodb.DBPort.go(DBPort.java:82)
	at com.mongodb.DBPort.findOne(DBPort.java:142)
	at com.mongodb.DBPort.runCommand(DBPort.java:151)
	at com.mongodb.DBTCPConnector.fetchMaxBsonObjectSize(DBTCPConnector.java:429)
	at com.mongodb.Mongo.getMaxBsonObjectSize(Mongo.java:544)
	at com.mongodb.DBApiLayer$MyCollection.insert(DBApiLayer.java:244)
	at com.mongodb.DBApiLayer$MyCollection.createIndex(DBApiLayer.java:354)
	at com.mongodb.DBCollection.ensureIndex(DBCollection.java:444)
	at com.mongodb.DBCollection.ensureIndex(DBCollection.java:392)
	at net.ion.radon.repository.Workspace.createWorkspace(Workspace.java:64)
	at net.ion.radon.repository.Workspace.load(Workspace.java:43)
	at net.ion.radon.repository.Repository.getWorkspace(Repository.java:28)
	at net.ion.radon.repository.LocalSession.getCurrentWorkspace(LocalSession.java:147)
	at net.ion.radon.repository.LocalSession.dropWorkspace(LocalSession.java:76)
	at net.ion.radon.repository.TestBaseRepository.setUp(TestBaseRepository.java:17)
	at junit.framework.TestCase.runBare(TestCase.java:128)
	at junit.framework.TestResult$1.protect(TestResult.java:106)
	at junit.framework.TestResult.runProtected(TestResult.java:124)
	at junit.framework.TestResult.run(TestResult.java:109)
	at junit.framework.TestCase.run(TestCase.java:120)
	at junit.framework.TestSuite.runTest(TestSuite.java:230)
	at junit.framework.TestSuite.run(TestSuite.java:225)
	at junit.framework.TestSuite.runTest(TestSuite.java:230)
	at junit.framework.TestSuite.run(TestSuite.java:225)
	at junit.framework.TestSuite.runTest(TestSuite.java:230)
	at junit.framework.TestSuite.run(TestSuite.java:225)
	at junit.framework.TestSuite.runTest(TestSuite.java:230)
	at junit.framework.TestSuite.run(TestSuite.java:225)
	at org.apache.tools.ant.taskdefs.optional.junit.JUnitTestRunner.run(JUnitTestRunner.java:421)
	at org.apache.tools.ant.taskdefs.optional.junit.JUnitTestRunner.launch(JUnitTestRunner.java:912)
	at org.apache.tools.ant.taskdefs.optional.junit.JUnitTestRunner.main(JUnitTestRunner.java:766)
2011. 11. 17 오전 6:20:38 com.mongodb.DBTCPConnector fetchMaxBsonObjectSize
경고: Exception determining maxBSON size using0
java.io.IOException: couldn't connect to [/61.250.201.78:27017] bc:java.net.ConnectException: Connection timed out: connect
	at com.mongodb.DBPort._open(DBPort.java:224)
	at com.mongodb.DBPort.go(DBPort.java:101)
	at com.mongodb.DBPort.go(DBPort.java:82)
	at com.mongodb.DBPort.findOne(DBPort.java:142)
	at com.mongodb.DBPort.runCommand(DBPort.java:151)
	at com.mongodb.DBTCPConnector.fetchMaxBsonObjectSize(DBTCPConnector.java:429)
	at com.mongodb.DBTCPConnector.checkMaster(DBTCPConnector.java:416)
	at com.mongodb.DBTCPConnector.say(DBTCPConnector.java:139)
	at com.mongodb.DBTCPConnector.say(DBTCPConnector.java:132)
	at com.mongodb.DBApiLayer$MyCollection.insert(DBApiLayer.java:262)
	at com.mongodb.DBApiLayer$MyCollection.createIndex(DBApiLayer.java:354)
	at com.mongodb.DBCollection.ensureIndex(DBCollection.java:444)
	at com.mongodb.DBCollection.ensureIndex(DBCollection.java:392)
	at net.ion.radon.repository.Workspace.createWorkspace(Workspace.java:64)
	at net.ion.radon.repository.Workspace.load(Workspace.java:43)
	at net.ion.radon.repository.Repository.getWorkspace(Repository.java:28)
	at net.ion.radon.repository.LocalSession.getCurrentWorkspace(LocalSession.java:147)
	at net.ion.radon.repository.LocalSession.dropWorkspace(LocalSession.java:76)
	at net.ion.radon.repository.TestBaseRepository.setUp(TestBaseRepository.java:17)
	at junit.framework.TestCase.runBare(TestCase.java:128)
	at junit.framework.TestResult$1.protect(TestResult.java:106)
	at junit.framework.TestResult.runProtected(TestResult.java:124)
	at junit.framework.TestResult.run(TestResult.java:109)
	at junit.framework.TestCase.run(TestCase.java:120)
	at junit.framework.TestSuite.runTest(TestSuite.java:230)
	at junit.framework.TestSuite.run(TestSuite.java:225)
	at junit.framework.TestSuite.runTest(TestSuite.java:230)
	at junit.framework.TestSuite.run(TestSuite.java:225)
	at junit.framework.TestSuite.runTest(TestSuite.java:230)
	at junit.framework.TestSuite.run(TestSuite.java:225)
	at junit.framework.TestSuite.runTest(TestSuite.java:230)
	at junit.framework.TestSuite.run(TestSuite.java:225)
	at org.apache.tools.ant.taskdefs.optional.junit.JUnitTestRunner.run(JUnitTestRunner.java:421)
	at org.apache.tools.ant.taskdefs.optional.junit.JUnitTestRunner.launch(JUnitTestRunner.java:912)
	at org.apache.tools.ant.taskdefs.optional.junit.JUnitTestRunner.main(JUnitTestRunner.java:766)
2011. 11. 17 오전 6:20:59 com.mongodb.DBPortPool gotError
경고: emptying DBPortPool to 61.250.201.78:27017 b/c of error
java.io.IOException: couldn't connect to [/61.250.201.78:27017] bc:java.net.ConnectException: Connection timed out: connect
	at com.mongodb.DBPort._open(DBPort.java:224)
	at com.mongodb.DBPort.go(DBPort.java:101)
	at com.mongodb.DBPort.go(DBPort.java:82)
	at com.mongodb.DBPort.say(DBPort.java:77)
	at com.mongodb.DBTCPConnector.say(DBTCPConnector.java:146)
	at com.mongodb.DBTCPConnector.say(DBTCPConnector.java:132)
	at com.mongodb.DBApiLayer$MyCollection.insert(DBApiLayer.java:262)
	at com.mongodb.DBApiLayer$MyCollection.createIndex(DBApiLayer.java:354)
	at com.mongodb.DBCollection.ensureIndex(DBCollection.java:444)
	at com.mongodb.DBCollection.ensureIndex(DBCollection.java:392)
	at net.ion.radon.repository.Workspace.createWorkspace(Workspace.java:64)
	at net.ion.radon.repository.Workspace.load(Workspace.java:43)
	at net.ion.radon.repository.Repository.getWorkspace(Repository.java:28)
	at net.ion.radon.repository.LocalSession.getCurrentWorkspace(LocalSession.java:147)
	at net.ion.radon.repository.LocalSession.dropWorkspace(LocalSession.java:76)
	at net.ion.radon.repository.TestBaseRepository.setUp(TestBaseRepository.java:17)
	at junit.framework.TestCase.runBare(TestCase.java:128)
	at junit.framework.TestResult$1.protect(TestResult.java:106)
	at junit.framework.TestResult.runProtected(TestResult.java:124)
	at junit.framework.TestResult.run(TestResult.java:109)
	at junit.framework.TestCase.run(TestCase.java:120)
	at junit.framework.TestSuite.runTest(TestSuite.java:230)
	at junit.framework.TestSuite.run(TestSuite.java:225)
	at junit.framework.TestSuite.runTest(TestSuite.java:230)
	at junit.framework.TestSuite.run(TestSuite.java:225)
	at junit.framework.TestSuite.runTest(TestSuite.java:230)
	at junit.framework.TestSuite.run(TestSuite.java:225)
	at junit.framework.TestSuite.runTest(TestSuite.java:230)
	at junit.framework.TestSuite.run(TestSuite.java:225)
	at org.apache.tools.ant.taskdefs.optional.junit.JUnitTestRunner.run(JUnitTestRunner.java:421)
	at org.apache.tools.ant.taskdefs.optional.junit.JUnitTestRunner.launch(JUnitTestRunner.java:912)
	at org.apache.tools.ant.taskdefs.optional.junit.JUnitTestRunner.main(JUnitTestRunner.java:766)
2011. 11. 17 오전 6:21:20 com.mongodb.DBTCPConnector fetchMaxBsonObjectSize
경고: Exception determining maxBSON size using0
java.io.IOException: couldn't connect to [/61.250.201.78:27017] bc:java.net.ConnectException: Connection timed out: connect
	at com.mongodb.DBPort._open(DBPort.java:224)
	at com.mongodb.DBPort.go(DBPort.java:101)
	at com.mongodb.DBPort.go(DBPort.java:82)
	at com.mongodb.DBPort.findOne(DBPort.java:142)
	at com.mongodb.DBPort.runCommand(DBPort.java:151)
	at com.mongodb.DBTCPConnector.fetchMaxBsonObjectSize(DBTCPConnector.java:429)
	at com.mongodb.Mongo.getMaxBsonObjectSize(Mongo.java:544)
	at com.mongodb.DBApiLayer$MyCollection.insert(DBApiLayer.java:244)
	at com.mongodb.DBApiLayer$MyCollection.createIndex(DBApiLayer.java:354)
	at com.mongodb.DBCollection.ensureIndex(DBCollection.java:444)
	at com.mongodb.DBCollection.ensureIndex(DBCollection.java:392)
	at net.ion.radon.repository.Workspace.createWorkspace(Workspace.java:64)
	at net.ion.radon.repository.Workspace.load(Workspace.java:43)
	at net.ion.radon.repository.Repository.getWorkspace(Repository.java:28)
	at net.ion.radon.repository.LocalSession.getCurrentWorkspace(LocalSession.java:147)
	at net.ion.radon.repository.LocalSession.dropWorkspace(LocalSession.java:76)
	at net.ion.radon.repository.TestBaseRepository.setUp(TestBaseRepository.java:17)
	at junit.framework.TestCase.runBare(TestCase.java:128)
	at junit.framework.TestResult$1.protect(TestResult.java:106)
	at junit.framework.TestResult.runProtected(TestResult.java:124)
	at junit.framework.TestResult.run(TestResult.java:109)
	at junit.framework.TestCase.run(TestCase.java:120)
	at junit.framework.TestSuite.runTest(TestSuite.java:230)
	at junit.framework.TestSuite.run(TestSuite.java:225)
	at junit.framework.TestSuite.runTest(TestSuite.java:230)
	at junit.framework.TestSuite.run(TestSuite.java:225)
	at junit.framework.TestSuite.runTest(TestSuite.java:230)
	at junit.framework.TestSuite.run(TestSuite.java:225)
	at junit.framework.TestSuite.runTest(TestSuite.java:230)
	at junit.framework.TestSuite.run(TestSuite.java:225)
	at org.apache.tools.ant.taskdefs.optional.junit.JUnitTestRunner.run(JUnitTestRunner.java:421)
	at org.apache.tools.ant.taskdefs.optional.junit.JUnitTestRunner.launch(JUnitTestRunner.java:912)
	at org.apache.tools.ant.taskdefs.optional.junit.JUnitTestRunner.main(JUnitTestRunner.java:766)
2011. 11. 17 오전 6:21:42 com.mongodb.DBTCPConnector fetchMaxBsonObjectSize
경고: Exception determining maxBSON size using0
java.io.IOException: couldn't connect to [/61.250.201.78:27017] bc:java.net.ConnectException: Connection timed out: connect
	at com.mongodb.DBPort._open(DBPort.java:224)
	at com.mongodb.DBPort.go(DBPort.java:101)
	at com.mongodb.DBPort.go(DBPort.java:82)
	at com.mongodb.DBPort.findOne(DBPort.java:142)
	at com.mongodb.DBPort.runCommand(DBPort.java:151)
	at com.mongodb.DBTCPConnector.fetchMaxBsonObjectSize(DBTCPConnector.java:429)
	at com.mongodb.DBTCPConnector.checkMaster(DBTCPConnector.java:416)
	at com.mongodb.DBTCPConnector.say(DBTCPConnector.java:139)
	at com.mongodb.DBTCPConnector.say(DBTCPConnector.java:132)
	at com.mongodb.DBApiLayer$MyCollection.insert(DBApiLayer.java:262)
	at com.mongodb.DBApiLayer$MyCollection.createIndex(DBApiLayer.java:354)
	at com.mongodb.DBCollection.ensureIndex(DBCollection.java:444)
	at com.mongodb.DBCollection.ensureIndex(DBCollection.java:392)
	at net.ion.radon.repository.Workspace.createWorkspace(Workspace.java:64)
	at net.ion.radon.repository.Workspace.load(Workspace.java:43)
	at net.ion.radon.repository.Repository.getWorkspace(Repository.java:28)
	at net.ion.radon.repository.LocalSession.getCurrentWorkspace(LocalSession.java:147)
	at net.ion.radon.repository.LocalSession.dropWorkspace(LocalSession.java:76)
	at net.ion.radon.repository.TestBaseRepository.setUp(TestBaseRepository.java:17)
	at junit.framework.TestCase.runBare(TestCase.java:128)
	at junit.framework.TestResult$1.protect(TestResult.java:106)
	at junit.framework.TestResult.runProtected(TestResult.java:124)
	at junit.framework.TestResult.run(TestResult.java:109)
	at junit.framework.TestCase.run(TestCase.java:120)
	at junit.framework.TestSuite.runTest(TestSuite.java:230)
	at junit.framework.TestSuite.run(TestSuite.java:225)
	at junit.framework.TestSuite.runTest(TestSuite.java:230)
	at junit.framework.TestSuite.run(TestSuite.java:225)
	at junit.framework.TestSuite.runTest(TestSuite.java:230)
	at junit.framework.TestSuite.run(TestSuite.java:225)
	at junit.framework.TestSuite.runTest(TestSuite.java:230)
	at junit.framework.TestSuite.run(TestSuite.java:225)
	at org.apache.tools.ant.taskdefs.optional.junit.JUnitTestRunner.run(JUnitTestRunner.java:421)
	at org.apache.tools.ant.taskdefs.optional.junit.JUnitTestRunner.launch(JUnitTestRunner.java:912)
	at org.apache.tools.ant.taskdefs.optional.junit.JUnitTestRunner.main(JUnitTestRunner.java:766)
2011. 11. 17 오전 6:22:03 com.mongodb.DBPortPool gotError
경고: emptying DBPortPool to 61.250.201.78:27017 b/c of error
java.io.IOException: couldn't connect to [/61.250.201.78:27017] bc:java.net.ConnectException: Connection timed out: connect
	at com.mongodb.DBPort._open(DBPort.java:224)
	at com.mongodb.DBPort.go(DBPort.java:101)
	at com.mongodb.DBPort.go(DBPort.java:82)
	at com.mongodb.DBPort.say(DBPort.java:77)
	at com.mongodb.DBTCPConnector.say(DBTCPConnector.java:146)
	at com.mongodb.DBTCPConnector.say(DBTCPConnector.java:132)
	at com.mongodb.DBApiLayer$MyCollection.insert(DBApiLayer.java:262)
	at com.mongodb.DBApiLayer$MyCollection.createIndex(DBApiLayer.java:354)
	at com.mongodb.DBCollection.ensureIndex(DBCollection.java:444)
	at com.mongodb.DBCollection.ensureIndex(DBCollection.java:392)
	at net.ion.radon.repository.Workspace.createWorkspace(Workspace.java:64)
	at net.ion.radon.repository.Workspace.load(Workspace.java:43)
	at net.ion.radon.repository.Repository.getWorkspace(Repository.java:28)
	at net.ion.radon.repository.LocalSession.getCurrentWorkspace(LocalSession.java:147)
	at net.ion.radon.repository.LocalSession.dropWorkspace(LocalSession.java:76)
	at net.ion.radon.repository.TestBaseRepository.setUp(TestBaseRepository.java:17)
	at junit.framework.TestCase.runBare(TestCase.java:128)
	at junit.framework.TestResult$1.protect(TestResult.java:106)
	at junit.framework.TestResult.runProtected(TestResult.java:124)
	at junit.framework.TestResult.run(TestResult.java:109)
	at junit.framework.TestCase.run(TestCase.java:120)
	at junit.framework.TestSuite.runTest(TestSuite.java:230)
	at junit.framework.TestSuite.run(TestSuite.java:225)
	at junit.framework.TestSuite.runTest(TestSuite.java:230)
	at junit.framework.TestSuite.run(TestSuite.java:225)
	at junit.framework.TestSuite.runTest(TestSuite.java:230)
	at junit.framework.TestSuite.run(TestSuite.java:225)
	at junit.framework.TestSuite.runTest(TestSuite.java:230)
	at junit.framework.TestSuite.run(TestSuite.java:225)
	at org.apache.tools.ant.taskdefs.optional.junit.JUnitTestRunner.run(JUnitTestRunner.java:421)
	at org.apache.tools.ant.taskdefs.optional.junit.JUnitTestRunner.launch(JUnitTestRunner.java:912)
	at org.apache.tools.ant.taskdefs.optional.junit.JUnitTestRunner.main(JUnitTestRunner.java:766)
2011. 11. 17 오전 6:22:24 com.mongodb.DBTCPConnector fetchMaxBsonObjectSize
경고: Exception determining maxBSON size using0
java.io.IOException: couldn't connect to [/61.250.201.78:27017] bc:java.net.ConnectException: Connection timed out: connect
	at com.mongodb.DBPort._open(DBPort.java:224)
	at com.mongodb.DBPort.go(DBPort.java:101)
	at com.mongodb.DBPort.go(DBPort.java:82)
	at com.mongodb.DBPort.findOne(DBPort.java:142)
	at com.mongodb.DBPort.runCommand(DBPort.java:151)
	at com.mongodb.DBTCPConnector.fetchMaxBsonObjectSize(DBTCPConnector.java:429)
	at com.mongodb.Mongo.getMaxBsonObjectSize(Mongo.java:544)
	at com.mongodb.DBApiLayer$MyCollection.insert(DBApiLayer.java:244)
	at com.mongodb.DBApiLayer$MyCollection.createIndex(DBApiLayer.java:354)
	at com.mongodb.DBCollection.ensureIndex(DBCollection.java:444)
	at com.mongodb.DBCollection.ensureIndex(DBCollection.java:392)
	at net.ion.radon.repository.Workspace.createWorkspace(Workspace.java:64)
	at net.ion.radon.repository.Workspace.load(Workspace.java:43)
	at net.ion.radon.repository.Repository.getWorkspace(Repository.java:28)
	at net.ion.radon.repository.LocalSession.getCurrentWorkspace(LocalSession.java:147)
	at net.ion.radon.repository.LocalSession.dropWorkspace(LocalSession.java:76)
	at net.ion.radon.repository.TestBaseRepository.setUp(TestBaseRepository.java:17)
	at junit.framework.TestCase.runBare(TestCase.java:128)
	at junit.framework.TestResult$1.protect(TestResult.java:106)
	at junit.framework.TestResult.runProtected(TestResult.java:124)
	at junit.framework.TestResult.run(TestResult.java:109)
	at junit.framework.TestCase.run(TestCase.java:120)
	at junit.framework.TestSuite.runTest(TestSuite.java:230)
	at junit.framework.TestSuite.run(TestSuite.java:225)
	at junit.framework.TestSuite.runTest(TestSuite.java:230)
	at junit.framework.TestSuite.run(TestSuite.java:225)
	at junit.framework.TestSuite.runTest(TestSuite.java:230)
	at junit.framework.TestSuite.run(TestSuite.java:225)
	at junit.framework.TestSuite.runTest(TestSuite.java:230)
	at junit.framework.TestSuite.run(TestSuite.java:225)
	at org.apache.tools.ant.taskdefs.optional.junit.JUnitTestRunner.run(JUnitTestRunner.java:421)
	at org.apache.tools.ant.taskdefs.optional.junit.JUnitTestRunner.launch(JUnitTestRunner.java:912)
	at org.apache.tools.ant.taskdefs.optional.junit.JUnitTestRunner.main(JUnitTestRunner.java:766)
2011. 11. 17 오전 6:22:45 com.mongodb.DBTCPConnector fetchMaxBsonObjectSize
경고: Exception determining maxBSON size using0
java.io.IOException: couldn't connect to [/61.250.201.78:27017] bc:java.net.ConnectException: Connection timed out: connect
	at com.mongodb.DBPort._open(DBPort.java:224)
	at com.mongodb.DBPort.go(DBPort.java:101)
	at com.mongodb.DBPort.go(DBPort.java:82)
	at com.mongodb.DBPort.findOne(DBPort.java:142)
	at com.mongodb.DBPort.runCommand(DBPort.java:151)
	at com.mongodb.DBTCPConnector.fetchMaxBsonObjectSize(DBTCPConnector.java:429)
	at com.mongodb.DBTCPConnector.checkMaster(DBTCPConnector.java:416)
	at com.mongodb.DBTCPConnector.say(DBTCPConnector.java:139)
	at com.mongodb.DBTCPConnector.say(DBTCPConnector.java:132)
	at com.mongodb.DBApiLayer$MyCollection.insert(DBApiLayer.java:262)
	at com.mongodb.DBApiLayer$MyCollection.createIndex(DBApiLayer.java:354)
	at com.mongodb.DBCollection.ensureIndex(DBCollection.java:444)
	at com.mongodb.DBCollection.ensureIndex(DBCollection.java:392)
	at net.ion.radon.repository.Workspace.createWorkspace(Workspace.java:64)
	at net.ion.radon.repository.Workspace.load(Workspace.java:43)
	at net.ion.radon.repository.Repository.getWorkspace(Repository.java:28)
	at net.ion.radon.repository.LocalSession.getCurrentWorkspace(LocalSession.java:147)
	at net.ion.radon.repository.LocalSession.dropWorkspace(LocalSession.java:76)
	at net.ion.radon.repository.TestBaseRepository.setUp(TestBaseRepository.java:17)
	at junit.framework.TestCase.runBare(TestCase.java:128)
	at junit.framework.TestResult$1.protect(TestResult.java:106)
	at junit.framework.TestResult.runProtected(TestResult.java:124)
	at junit.framework.TestResult.run(TestResult.java:109)
	at junit.framework.TestCase.run(TestCase.java:120)
	at junit.framework.TestSuite.runTest(TestSuite.java:230)
	at junit.framework.TestSuite.run(TestSuite.java:225)
	at junit.framework.TestSuite.runTest(TestSuite.java:230)
	at junit.framework.TestSuite.run(TestSuite.java:225)
	at junit.framework.TestSuite.runTest(TestSuite.java:230)
	at junit.framework.TestSuite.run(TestSuite.java:225)
	at junit.framework.TestSuite.runTest(TestSuite.java:230)
	at junit.framework.TestSuite.run(TestSuite.java:225)
	at org.apache.tools.ant.taskdefs.optional.junit.JUnitTestRunner.run(JUnitTestRunner.java:421)
	at org.apache.tools.ant.taskdefs.optional.junit.JUnitTestRunner.launch(JUnitTestRunner.java:912)
	at org.apache.tools.ant.taskdefs.optional.junit.JUnitTestRunner.main(JUnitTestRunner.java:766)
2011. 11. 17 오전 6:23:06 com.mongodb.DBPortPool gotError
경고: emptying DBPortPool to 61.250.201.78:27017 b/c of error
java.io.IOException: couldn't connect to [/61.250.201.78:27017] bc:java.net.ConnectException: Connection timed out: connect
	at com.mongodb.DBPort._open(DBPort.java:224)
	at com.mongodb.DBPort.go(DBPort.java:101)
	at com.mongodb.DBPort.go(DBPort.java:82)
	at com.mongodb.DBPort.say(DBPort.java:77)
	at com.mongodb.DBTCPConnector.say(DBTCPConnector.java:146)
	at com.mongodb.DBTCPConnector.say(DBTCPConnector.java:132)
	at com.mongodb.DBApiLayer$MyCollection.insert(DBApiLayer.java:262)
	at com.mongodb.DBApiLayer$MyCollection.createIndex(DBApiLayer.java:354)
	at com.mongodb.DBCollection.ensureIndex(DBCollection.java:444)
	at com.mongodb.DBCollection.ensureIndex(DBCollection.java:392)
	at net.ion.radon.repository.Workspace.createWorkspace(Workspace.java:64)
	at net.ion.radon.repository.Workspace.load(Workspace.java:43)
	at net.ion.radon.repository.Repository.getWorkspace(Repository.java:28)
	at net.ion.radon.repository.LocalSession.getCurrentWorkspace(LocalSession.java:147)
	at net.ion.radon.repository.LocalSession.dropWorkspace(LocalSession.java:76)
	at net.ion.radon.repository.TestBaseRepository.setUp(TestBaseRepository.java:17)
	at junit.framework.TestCase.runBare(TestCase.java:128)
	at junit.framework.TestResult$1.protect(TestResult.java:106)
	at junit.framework.TestResult.runProtected(TestResult.java:124)
	at junit.framework.TestResult.run(TestResult.java:109)
	at junit.framework.TestCase.run(TestCase.java:120)
	at junit.framework.TestSuite.runTest(TestSuite.java:230)
	at junit.framework.TestSuite.run(TestSuite.java:225)
	at junit.framework.TestSuite.runTest(TestSuite.java:230)
	at junit.framework.TestSuite.run(TestSuite.java:225)
	at junit.framework.TestSuite.runTest(TestSuite.java:230)
	at junit.framework.TestSuite.run(TestSuite.java:225)
	at junit.framework.TestSuite.runTest(TestSuite.java:230)
	at junit.framework.TestSuite.run(TestSuite.java:225)
	at org.apache.tools.ant.taskdefs.optional.junit.JUnitTestRunner.run(JUnitTestRunner.java:421)
	at org.apache.tools.ant.taskdefs.optional.junit.JUnitTestRunner.launch(JUnitTestRunner.java:912)
	at org.apache.tools.ant.taskdefs.optional.junit.JUnitTestRunner.main(JUnitTestRunner.java:766)
2011. 11. 17 오전 6:23:27 com.mongodb.DBTCPConnector fetchMaxBsonObjectSize
경고: Exception determining maxBSON size using0
java.io.IOException: couldn't connect to [/61.250.201.78:27017] bc:java.net.ConnectException: Connection timed out: connect
	at com.mongodb.DBPort._open(DBPort.java:224)
	at com.mongodb.DBPort.go(DBPort.java:101)
	at com.mongodb.DBPort.go(DBPort.java:82)
	at com.mongodb.DBPort.findOne(DBPort.java:142)
	at com.mongodb.DBPort.runCommand(DBPort.java:151)
	at com.mongodb.DBTCPConnector.fetchMaxBsonObjectSize(DBTCPConnector.java:429)
	at com.mongodb.Mongo.getMaxBsonObjectSize(Mongo.java:544)
	at com.mongodb.DBApiLayer$MyCollection.insert(DBApiLayer.java:244)
	at com.mongodb.DBApiLayer$MyCollection.createIndex(DBApiLayer.java:354)
	at com.mongodb.DBCollection.ensureIndex(DBCollection.java:444)
	at com.mongodb.DBCollection.ensureIndex(DBCollection.java:392)
	at net.ion.radon.repository.Workspace.createWorkspace(Workspace.java:64)
	at net.ion.radon.repository.Workspace.load(Workspace.java:43)
	at net.ion.radon.repository.Repository.getWorkspace(Repository.java:28)
	at net.ion.radon.repository.LocalSession.getCurrentWorkspace(LocalSession.java:147)
	at net.ion.radon.repository.LocalSession.dropWorkspace(LocalSession.java:76)
	at net.ion.radon.repository.TestBaseRepository.setUp(TestBaseRepository.java:17)
	at junit.framework.TestCase.runBare(TestCase.java:128)
	at junit.framework.TestResult$1.protect(TestResult.java:106)
	at junit.framework.TestResult.runProtected(TestResult.java:124)
	at junit.framework.TestResult.run(TestResult.java:109)
	at junit.framework.TestCase.run(TestCase.java:120)
	at junit.framework.TestSuite.runTest(TestSuite.java:230)
	at junit.framework.TestSuite.run(TestSuite.java:225)
	at junit.framework.TestSuite.runTest(TestSuite.java:230)
	at junit.framework.TestSuite.run(TestSuite.java:225)
	at junit.framework.TestSuite.runTest(TestSuite.java:230)
	at junit.framework.TestSuite.run(TestSuite.java:225)
	at junit.framework.TestSuite.runTest(TestSuite.java:230)
	at junit.framework.TestSuite.run(TestSuite.java:225)
	at org.apache.tools.ant.taskdefs.optional.junit.JUnitTestRunner.run(JUnitTestRunner.java:421)
	at org.apache.tools.ant.taskdefs.optional.junit.JUnitTestRunner.launch(JUnitTestRunner.java:912)
	at org.apache.tools.ant.taskdefs.optional.junit.JUnitTestRunner.main(JUnitTestRunner.java:766)
2011. 11. 17 오전 6:23:48 com.mongodb.DBTCPConnector fetchMaxBsonObjectSize
경고: Exception determining maxBSON size using0
java.io.IOException: couldn't connect to [/61.250.201.78:27017] bc:java.net.ConnectException: Connection timed out: connect
	at com.mongodb.DBPort._open(DBPort.java:224)
	at com.mongodb.DBPort.go(DBPort.java:101)
	at com.mongodb.DBPort.go(DBPort.java:82)
	at com.mongodb.DBPort.findOne(DBPort.java:142)
	at com.mongodb.DBPort.runCommand(DBPort.java:151)
	at com.mongodb.DBTCPConnector.fetchMaxBsonObjectSize(DBTCPConnector.java:429)
	at com.mongodb.DBTCPConnector.checkMaster(DBTCPConnector.java:416)
	at com.mongodb.DBTCPConnector.say(DBTCPConnector.java:139)
	at com.mongodb.DBTCPConnector.say(DBTCPConnector.java:132)
	at com.mongodb.DBApiLayer$MyCollection.insert(DBApiLayer.java:262)
	at com.mongodb.DBApiLayer$MyCollection.createIndex(DBApiLayer.java:354)
	at com.mongodb.DBCollection.ensureIndex(DBCollection.java:444)
	at com.mongodb.DBCollection.ensureIndex(DBCollection.java:392)
	at net.ion.radon.repository.Workspace.createWorkspace(Workspace.java:64)
	at net.ion.radon.repository.Workspace.load(Workspace.java:43)
	at net.ion.radon.repository.Repository.getWorkspace(Repository.java:28)
	at net.ion.radon.repository.LocalSession.getCurrentWorkspace(LocalSession.java:147)
	at net.ion.radon.repository.LocalSession.dropWorkspace(LocalSession.java:76)
	at net.ion.radon.repository.TestBaseRepository.setUp(TestBaseRepository.java:17)
	at junit.framework.TestCase.runBare(TestCase.java:128)
	at junit.framework.TestResult$1.protect(TestResult.java:106)
	at junit.framework.TestResult.runProtected(TestResult.java:124)
	at junit.framework.TestResult.run(TestResult.java:109)
	at junit.framework.TestCase.run(TestCase.java:120)
	at junit.framework.TestSuite.runTest(TestSuite.java:230)
	at junit.framework.TestSuite.run(TestSuite.java:225)
	at junit.framework.TestSuite.runTest(TestSuite.java:230)
	at junit.framework.TestSuite.run(TestSuite.java:225)
	at junit.framework.TestSuite.runTest(TestSuite.java:230)
	at junit.framework.TestSuite.run(TestSuite.java:225)
	at junit.framework.TestSuite.runTest(TestSuite.java:230)
	at junit.framework.TestSuite.run(TestSuite.java:225)
	at org.apache.tools.ant.taskdefs.optional.junit.JUnitTestRunner.run(JUnitTestRunner.java:421)
	at org.apache.tools.ant.taskdefs.optional.junit.JUnitTestRunner.launch(JUnitTestRunner.java:912)
	at org.apache.tools.ant.taskdefs.optional.junit.JUnitTestRunner.main(JUnitTestRunner.java:766)
2011. 11. 17 오전 6:24:10 com.mongodb.DBPortPool gotError
경고: emptying DBPortPool to 61.250.201.78:27017 b/c of error
java.io.IOException: couldn't connect to [/61.250.201.78:27017] bc:java.net.ConnectException: Connection timed out: connect
	at com.mongodb.DBPort._open(DBPort.java:224)
	at com.mongodb.DBPort.go(DBPort.java:101)
	at com.mongodb.DBPort.go(DBPort.java:82)
	at com.mongodb.DBPort.say(DBPort.java:77)
	at com.mongodb.DBTCPConnector.say(DBTCPConnector.java:146)
	at com.mongodb.DBTCPConnector.say(DBTCPConnector.java:132)
	at com.mongodb.DBApiLayer$MyCollection.insert(DBApiLayer.java:262)
	at com.mongodb.DBApiLayer$MyCollection.createIndex(DBApiLayer.java:354)
	at com.mongodb.DBCollection.ensureIndex(DBCollection.java:444)
	at com.mongodb.DBCollection.ensureIndex(DBCollection.java:392)
	at net.ion.radon.repository.Workspace.createWorkspace(Workspace.java:64)
	at net.ion.radon.repository.Workspace.load(Workspace.java:43)
	at net.ion.radon.repository.Repository.getWorkspace(Repository.java:28)
	at net.ion.radon.repository.LocalSession.getCurrentWorkspace(LocalSession.java:147)
	at net.ion.radon.repository.LocalSession.dropWorkspace(LocalSession.java:76)
	at net.ion.radon.repository.TestBaseRepository.setUp(TestBaseRepository.java:17)
	at junit.framework.TestCase.runBare(TestCase.java:128)
	at junit.framework.TestResult$1.protect(TestResult.java:106)
	at junit.framework.TestResult.runProtected(TestResult.java:124)
	at junit.framework.TestResult.run(TestResult.java:109)
	at junit.framework.TestCase.run(TestCase.java:120)
	at junit.framework.TestSuite.runTest(TestSuite.java:230)
	at junit.framework.TestSuite.run(TestSuite.java:225)
	at junit.framework.TestSuite.runTest(TestSuite.java:230)
	at junit.framework.TestSuite.run(TestSuite.java:225)
	at junit.framework.TestSuite.runTest(TestSuite.java:230)
	at junit.framework.TestSuite.run(TestSuite.java:225)
	at junit.framework.TestSuite.runTest(TestSuite.java:230)
	at junit.framework.TestSuite.run(TestSuite.java:225)
	at org.apache.tools.ant.taskdefs.optional.junit.JUnitTestRunner.run(JUnitTestRunner.java:421)
	at org.apache.tools.ant.taskdefs.optional.junit.JUnitTestRunner.launch(JUnitTestRunner.java:912)
	at org.apache.tools.ant.taskdefs.optional.junit.JUnitTestRunner.main(JUnitTestRunner.java:766)
2011. 11. 17 오전 6:24:31 com.mongodb.DBTCPConnector fetchMaxBsonObjectSize
경고: Exception determining maxBSON size using0
java.io.IOException: couldn't connect to [/61.250.201.78:27017] bc:java.net.ConnectException: Connection timed out: connect
	at com.mongodb.DBPort._open(DBPort.java:224)
	at com.mongodb.DBPort.go(DBPort.java:101)
	at com.mongodb.DBPort.go(DBPort.java:82)
	at com.mongodb.DBPort.findOne(DBPort.java:142)
	at com.mongodb.DBPort.runCommand(DBPort.java:151)
	at com.mongodb.DBTCPConnector.fetchMaxBsonObjectSize(DBTCPConnector.java:429)
	at com.mongodb.Mongo.getMaxBsonObjectSize(Mongo.java:544)
	at com.mongodb.DBApiLayer$MyCollection.insert(DBApiLayer.java:244)
	at com.mongodb.DBApiLayer$MyCollection.createIndex(DBApiLayer.java:354)
	at com.mongodb.DBCollection.ensureIndex(DBCollection.java:444)
	at com.mongodb.DBCollection.ensureIndex(DBCollection.java:392)
	at net.ion.radon.repository.Workspace.createWorkspace(Workspace.java:64)
	at net.ion.radon.repository.Workspace.load(Workspace.java:43)
	at net.ion.radon.repository.Repository.getWorkspace(Repository.java:28)
	at net.ion.radon.repository.LocalSession.getCurrentWorkspace(LocalSession.java:147)
	at net.ion.radon.repository.LocalSession.dropWorkspace(LocalSession.java:76)
	at net.ion.radon.repository.TestBaseRepository.setUp(TestBaseRepository.java:17)
	at junit.framework.TestCase.runBare(TestCase.java:128)
	at junit.framework.TestResult$1.protect(TestResult.java:106)
	at junit.framework.TestResult.runProtected(TestResult.java:124)
	at junit.framework.TestResult.run(TestResult.java:109)
	at junit.framework.TestCase.run(TestCase.java:120)
	at junit.framework.TestSuite.runTest(TestSuite.java:230)
	at junit.framework.TestSuite.run(TestSuite.java:225)
	at junit.framework.TestSuite.runTest(TestSuite.java:230)
	at junit.framework.TestSuite.run(TestSuite.java:225)
	at junit.framework.TestSuite.runTest(TestSuite.java:230)
	at junit.framework.TestSuite.run(TestSuite.java:225)
	at junit.framework.TestSuite.runTest(TestSuite.java:230)
	at junit.framework.TestSuite.run(TestSuite.java:225)
	at org.apache.tools.ant.taskdefs.optional.junit.JUnitTestRunner.run(JUnitTestRunner.java:421)
	at org.apache.tools.ant.taskdefs.optional.junit.JUnitTestRunner.launch(JUnitTestRunner.java:912)
	at org.apache.tools.ant.taskdefs.optional.junit.JUnitTestRunner.main(JUnitTestRunner.java:766)
2011. 11. 17 오전 6:24:52 com.mongodb.DBTCPConnector fetchMaxBsonObjectSize
경고: Exception determining maxBSON size using0
java.io.IOException: couldn't connect to [/61.250.201.78:27017] bc:java.net.ConnectException: Connection timed out: connect
	at com.mongodb.DBPort._open(DBPort.java:224)
	at com.mongodb.DBPort.go(DBPort.java:101)
	at com.mongodb.DBPort.go(DBPort.java:82)
	at com.mongodb.DBPort.findOne(DBPort.java:142)
	at com.mongodb.DBPort.runCommand(DBPort.java:151)
	at com.mongodb.DBTCPConnector.fetchMaxBsonObjectSize(DBTCPConnector.java:429)
	at com.mongodb.DBTCPConnector.checkMaster(DBTCPConnector.java:416)
	at com.mongodb.DBTCPConnector.say(DBTCPConnector.java:139)
	at com.mongodb.DBTCPConnector.say(DBTCPConnector.java:132)
	at com.mongodb.DBApiLayer$MyCollection.insert(DBApiLayer.java:262)
	at com.mongodb.DBApiLayer$MyCollection.createIndex(DBApiLayer.java:354)
	at com.mongodb.DBCollection.ensureIndex(DBCollection.java:444)
	at com.mongodb.DBCollection.ensureIndex(DBCollection.java:392)
	at net.ion.radon.repository.Workspace.createWorkspace(Workspace.java:64)
	at net.ion.radon.repository.Workspace.load(Workspace.java:43)
	at net.ion.radon.repository.Repository.getWorkspace(Repository.java:28)
	at net.ion.radon.repository.LocalSession.getCurrentWorkspace(LocalSession.java:147)
	at net.ion.radon.repository.LocalSession.dropWorkspace(LocalSession.java:76)
	at net.ion.radon.repository.TestBaseRepository.setUp(TestBaseRepository.java:17)
	at junit.framework.TestCase.runBare(TestCase.java:128)
	at junit.framework.TestResult$1.protect(TestResult.java:106)
	at junit.framework.TestResult.runProtected(TestResult.java:124)
	at junit.framework.TestResult.run(TestResult.java:109)
	at junit.framework.TestCase.run(TestCase.java:120)
	at junit.framework.TestSuite.runTest(TestSuite.java:230)
	at junit.framework.TestSuite.run(TestSuite.java:225)
	at junit.framework.TestSuite.runTest(TestSuite.java:230)
	at junit.framework.TestSuite.run(TestSuite.java:225)
	at junit.framework.TestSuite.runTest(TestSuite.java:230)
	at junit.framework.TestSuite.run(TestSuite.java:225)
	at junit.framework.TestSuite.runTest(TestSuite.java:230)
	at junit.framework.TestSuite.run(TestSuite.java:225)
	at org.apache.tools.ant.taskdefs.optional.junit.JUnitTestRunner.run(JUnitTestRunner.java:421)
	at org.apache.tools.ant.taskdefs.optional.junit.JUnitTestRunner.launch(JUnitTestRunner.java:912)
	at org.apache.tools.ant.taskdefs.optional.junit.JUnitTestRunner.main(JUnitTestRunner.java:766)
2011. 11. 17 오전 6:25:13 com.mongodb.DBPortPool gotError
경고: emptying DBPortPool to 61.250.201.78:27017 b/c of error
java.io.IOException: couldn't connect to [/61.250.201.78:27017] bc:java.net.ConnectException: Connection timed out: connect
	at com.mongodb.DBPort._open(DBPort.java:224)
	at com.mongodb.DBPort.go(DBPort.java:101)
	at com.mongodb.DBPort.go(DBPort.java:82)
	at com.mongodb.DBPort.say(DBPort.java:77)
	at com.mongodb.DBTCPConnector.say(DBTCPConnector.java:146)
	at com.mongodb.DBTCPConnector.say(DBTCPConnector.java:132)
	at com.mongodb.DBApiLayer$MyCollection.insert(DBApiLayer.java:262)
	at com.mongodb.DBApiLayer$MyCollection.createIndex(DBApiLayer.java:354)
	at com.mongodb.DBCollection.ensureIndex(DBCollection.java:444)
	at com.mongodb.DBCollection.ensureIndex(DBCollection.java:392)
	at net.ion.radon.repository.Workspace.createWorkspace(Workspace.java:64)
	at net.ion.radon.repository.Workspace.load(Workspace.java:43)
	at net.ion.radon.repository.Repository.getWorkspace(Repository.java:28)
	at net.ion.radon.repository.LocalSession.getCurrentWorkspace(LocalSession.java:147)
	at net.ion.radon.repository.LocalSession.dropWorkspace(LocalSession.java:76)
	at net.ion.radon.repository.TestBaseRepository.setUp(TestBaseRepository.java:17)
	at junit.framework.TestCase.runBare(TestCase.java:128)
	at junit.framework.TestResult$1.protect(TestResult.java:106)
	at junit.framework.TestResult.runProtected(TestResult.java:124)
	at junit.framework.TestResult.run(TestResult.java:109)
	at junit.framework.TestCase.run(TestCase.java:120)
	at junit.framework.TestSuite.runTest(TestSuite.java:230)
	at junit.framework.TestSuite.run(TestSuite.java:225)
	at junit.framework.TestSuite.runTest(TestSuite.java:230)
	at junit.framework.TestSuite.run(TestSuite.java:225)
	at junit.framework.TestSuite.runTest(TestSuite.java:230)
	at junit.framework.TestSuite.run(TestSuite.java:225)
	at junit.framework.TestSuite.runTest(TestSuite.java:230)
	at junit.framework.TestSuite.run(TestSuite.java:225)
	at org.apache.tools.ant.taskdefs.optional.junit.JUnitTestRunner.run(JUnitTestRunner.java:421)
	at org.apache.tools.ant.taskdefs.optional.junit.JUnitTestRunner.launch(JUnitTestRunner.java:912)
	at org.apache.tools.ant.taskdefs.optional.junit.JUnitTestRunner.main(JUnitTestRunner.java:766)
2011. 11. 17 오전 6:25:34 com.mongodb.DBTCPConnector fetchMaxBsonObjectSize
경고: Exception determining maxBSON size using0
java.io.IOException: couldn't connect to [/61.250.201.78:27017] bc:java.net.ConnectException: Connection timed out: connect
	at com.mongodb.DBPort._open(DBPort.java:224)
	at com.mongodb.DBPort.go(DBPort.java:101)
	at com.mongodb.DBPort.go(DBPort.java:82)
	at com.mongodb.DBPort.findOne(DBPort.java:142)
	at com.mongodb.DBPort.runCommand(DBPort.java:151)
	at com.mongodb.DBTCPConnector.fetchMaxBsonObjectSize(DBTCPConnector.java:429)
	at com.mongodb.Mongo.getMaxBsonObjectSize(Mongo.java:544)
	at com.mongodb.DBApiLayer$MyCollection.insert(DBApiLayer.java:244)
	at com.mongodb.DBApiLayer$MyCollection.createIndex(DBApiLayer.java:354)
	at com.mongodb.DBCollection.ensureIndex(DBCollection.java:444)
	at com.mongodb.DBCollection.ensureIndex(DBCollection.java:392)
	at net.ion.radon.repository.Workspace.createWorkspace(Workspace.java:64)
	at net.ion.radon.repository.Workspace.load(Workspace.java:43)
	at net.ion.radon.repository.Repository.getWorkspace(Repository.java:28)
	at net.ion.radon.repository.LocalSession.getCurrentWorkspace(LocalSession.java:147)
	at net.ion.radon.repository.LocalSession.dropWorkspace(LocalSession.java:76)
	at net.ion.radon.repository.TestBaseRepository.setUp(TestBaseRepository.java:17)
	at junit.framework.TestCase.runBare(TestCase.java:128)
	at junit.framework.TestResult$1.protect(TestResult.java:106)
	at junit.framework.TestResult.runProtected(TestResult.java:124)
	at junit.framework.TestResult.run(TestResult.java:109)
	at junit.framework.TestCase.run(TestCase.java:120)
	at junit.framework.TestSuite.runTest(TestSuite.java:230)
	at junit.framework.TestSuite.run(TestSuite.java:225)
	at junit.framework.TestSuite.runTest(TestSuite.java:230)
	at junit.framework.TestSuite.run(TestSuite.java:225)
	at junit.framework.TestSuite.runTest(TestSuite.java:230)
	at junit.framework.TestSuite.run(TestSuite.java:225)
	at junit.framework.TestSuite.runTest(TestSuite.java:230)
	at junit.framework.TestSuite.run(TestSuite.java:225)
	at org.apache.tools.ant.taskdefs.optional.junit.JUnitTestRunner.run(JUnitTestRunner.java:421)
	at org.apache.tools.ant.taskdefs.optional.junit.JUnitTestRunner.launch(JUnitTestRunner.java:912)
	at org.apache.tools.ant.taskdefs.optional.junit.JUnitTestRunner.main(JUnitTestRunner.java:766)
2011. 11. 17 오전 6:25:55 com.mongodb.DBTCPConnector fetchMaxBsonObjectSize
경고: Exception determining maxBSON size using0
java.io.IOException: couldn't connect to [/61.250.201.78:27017] bc:java.net.ConnectException: Connection timed out: connect
	at com.mongodb.DBPort._open(DBPort.java:224)
	at com.mongodb.DBPort.go(DBPort.java:101)
	at com.mongodb.DBPort.go(DBPort.java:82)
	at com.mongodb.DBPort.findOne(DBPort.java:142)
	at com.mongodb.DBPort.runCommand(DBPort.java:151)
	at com.mongodb.DBTCPConnector.fetchMaxBsonObjectSize(DBTCPConnector.java:429)
	at com.mongodb.DBTCPConnector.checkMaster(DBTCPConnector.java:416)
	at com.mongodb.DBTCPConnector.say(DBTCPConnector.java:139)
	at com.mongodb.DBTCPConnector.say(DBTCPConnector.java:132)
	at com.mongodb.DBApiLayer$MyCollection.insert(DBApiLayer.java:262)
	at com.mongodb.DBApiLayer$MyCollection.createIndex(DBApiLayer.java:354)
	at com.mongodb.DBCollection.ensureIndex(DBCollection.java:444)
	at com.mongodb.DBCollection.ensureIndex(DBCollection.java:392)
	at net.ion.radon.repository.Workspace.createWorkspace(Workspace.java:64)
	at net.ion.radon.repository.Workspace.load(Workspace.java:43)
	at net.ion.radon.repository.Repository.getWorkspace(Repository.java:28)
	at net.ion.radon.repository.LocalSession.getCurrentWorkspace(LocalSession.java:147)
	at net.ion.radon.repository.LocalSession.dropWorkspace(LocalSession.java:76)
	at net.ion.radon.repository.TestBaseRepository.setUp(TestBaseRepository.java:17)
	at junit.framework.TestCase.runBare(TestCase.java:128)
	at junit.framework.TestResult$1.protect(TestResult.java:106)
	at junit.framework.TestResult.runProtected(TestResult.java:124)
	at junit.framework.TestResult.run(TestResult.java:109)
	at junit.framework.TestCase.run(TestCase.java:120)
	at junit.framework.TestSuite.runTest(TestSuite.java:230)
	at junit.framework.TestSuite.run(TestSuite.java:225)
	at junit.framework.TestSuite.runTest(TestSuite.java:230)
	at junit.framework.TestSuite.run(TestSuite.java:225)
	at junit.framework.TestSuite.runTest(TestSuite.java:230)
	at junit.framework.TestSuite.run(TestSuite.java:225)
	at junit.framework.TestSuite.runTest(TestSuite.java:230)
	at junit.framework.TestSuite.run(TestSuite.java:225)
	at org.apache.tools.ant.taskdefs.optional.junit.JUnitTestRunner.run(JUnitTestRunner.java:421)
	at org.apache.tools.ant.taskdefs.optional.junit.JUnitTestRunner.launch(JUnitTestRunner.java:912)
	at org.apache.tools.ant.taskdefs.optional.junit.JUnitTestRunner.main(JUnitTestRunner.java:766)
2011. 11. 17 오전 6:26:16 com.mongodb.DBPortPool gotError
경고: emptying DBPortPool to 61.250.201.78:27017 b/c of error
java.io.IOException: couldn't connect to [/61.250.201.78:27017] bc:java.net.ConnectException: Connection timed out: connect
	at com.mongodb.DBPort._open(DBPort.java:224)
	at com.mongodb.DBPort.go(DBPort.java:101)
	at com.mongodb.DBPort.go(DBPort.java:82)
	at com.mongodb.DBPort.say(DBPort.java:77)
	at com.mongodb.DBTCPConnector.say(DBTCPConnector.java:146)
	at com.mongodb.DBTCPConnector.say(DBTCPConnector.java:132)
	at com.mongodb.DBApiLayer$MyCollection.insert(DBApiLayer.java:262)
	at com.mongodb.DBApiLayer$MyCollection.createIndex(DBApiLayer.java:354)
	at com.mongodb.DBCollection.ensureIndex(DBCollection.java:444)
	at com.mongodb.DBCollection.ensureIndex(DBCollection.java:392)
	at net.ion.radon.repository.Workspace.createWorkspace(Workspace.java:64)
	at net.ion.radon.repository.Workspace.load(Workspace.java:43)
	at net.ion.radon.repository.Repository.getWorkspace(Repository.java:28)
	at net.ion.radon.repository.LocalSession.getCurrentWorkspace(LocalSession.java:147)
	at net.ion.radon.repository.LocalSession.dropWorkspace(LocalSession.java:76)
	at net.ion.radon.repository.TestBaseRepository.setUp(TestBaseRepository.java:17)
	at junit.framework.TestCase.runBare(TestCase.java:128)
	at junit.framework.TestResult$1.protect(TestResult.java:106)
	at junit.framework.TestResult.runProtected(TestResult.java:124)
	at junit.framework.TestResult.run(TestResult.java:109)
	at junit.framework.TestCase.run(TestCase.java:120)
	at junit.framework.TestSuite.runTest(TestSuite.java:230)
	at junit.framework.TestSuite.run(TestSuite.java:225)
	at junit.framework.TestSuite.runTest(TestSuite.java:230)
	at junit.framework.TestSuite.run(TestSuite.java:225)
	at junit.framework.TestSuite.runTest(TestSuite.java:230)
	at junit.framework.TestSuite.run(TestSuite.java:225)
	at junit.framework.TestSuite.runTest(TestSuite.java:230)
	at junit.framework.TestSuite.run(TestSuite.java:225)
	at org.apache.tools.ant.taskdefs.optional.junit.JUnitTestRunner.run(JUnitTestRunner.java:421)
	at org.apache.tools.ant.taskdefs.optional.junit.JUnitTestRunner.launch(JUnitTestRunner.java:912)
	at org.apache.tools.ant.taskdefs.optional.junit.JUnitTestRunner.main(JUnitTestRunner.java:766)
2011. 11. 17 오전 6:26:37 com.mongodb.DBTCPConnector fetchMaxBsonObjectSize
경고: Exception determining maxBSON size using0
java.io.IOException: couldn't connect to [/61.250.201.78:27017] bc:java.net.ConnectException: Connection timed out: connect
	at com.mongodb.DBPort._open(DBPort.java:224)
	at com.mongodb.DBPort.go(DBPort.java:101)
	at com.mongodb.DBPort.go(DBPort.java:82)
	at com.mongodb.DBPort.findOne(DBPort.java:142)
	at com.mongodb.DBPort.runCommand(DBPort.java:151)
	at com.mongodb.DBTCPConnector.fetchMaxBsonObjectSize(DBTCPConnector.java:429)
	at com.mongodb.Mongo.getMaxBsonObjectSize(Mongo.java:544)
	at com.mongodb.DBApiLayer$MyCollection.insert(DBApiLayer.java:244)
	at com.mongodb.DBApiLayer$MyCollection.createIndex(DBApiLayer.java:354)
	at com.mongodb.DBCollection.ensureIndex(DBCollection.java:444)
	at com.mongodb.DBCollection.ensureIndex(DBCollection.java:392)
	at net.ion.radon.repository.Workspace.createWorkspace(Workspace.java:64)
	at net.ion.radon.repository.Workspace.load(Workspace.java:43)
	at net.ion.radon.repository.Repository.getWorkspace(Repository.java:28)
	at net.ion.radon.repository.LocalSession.getCurrentWorkspace(LocalSession.java:147)
	at net.ion.radon.repository.LocalSession.dropWorkspace(LocalSession.java:76)
	at net.ion.radon.repository.TestBaseRepository.setUp(TestBaseRepository.java:17)
	at junit.framework.TestCase.runBare(TestCase.java:128)
	at junit.framework.TestResult$1.protect(TestResult.java:106)
	at junit.framework.TestResult.runProtected(TestResult.java:124)
	at junit.framework.TestResult.run(TestResult.java:109)
	at junit.framework.TestCase.run(TestCase.java:120)
	at junit.framework.TestSuite.runTest(TestSuite.java:230)
	at junit.framework.TestSuite.run(TestSuite.java:225)
	at junit.framework.TestSuite.runTest(TestSuite.java:230)
	at junit.framework.TestSuite.run(TestSuite.java:225)
	at junit.framework.TestSuite.runTest(TestSuite.java:230)
	at junit.framework.TestSuite.run(TestSuite.java:225)
	at junit.framework.TestSuite.runTest(TestSuite.java:230)
	at junit.framework.TestSuite.run(TestSuite.java:225)
	at org.apache.tools.ant.taskdefs.optional.junit.JUnitTestRunner.run(JUnitTestRunner.java:421)
	at org.apache.tools.ant.taskdefs.optional.junit.JUnitTestRunner.launch(JUnitTestRunner.java:912)
	at org.apache.tools.ant.taskdefs.optional.junit.JUnitTestRunner.main(JUnitTestRunner.java:766)
2011. 11. 17 오전 6:26:58 com.mongodb.DBTCPConnector fetchMaxBsonObjectSize
경고: Exception determining maxBSON size using0
java.io.IOException: couldn't connect to [/61.250.201.78:27017] bc:java.net.ConnectException: Connection timed out: connect
	at com.mongodb.DBPort._open(DBPort.java:224)
	at com.mongodb.DBPort.go(DBPort.java:101)
	at com.mongodb.DBPort.go(DBPort.java:82)
	at com.mongodb.DBPort.findOne(DBPort.java:142)
	at com.mongodb.DBPort.runCommand(DBPort.java:151)
	at com.mongodb.DBTCPConnector.fetchMaxBsonObjectSize(DBTCPConnector.java:429)
	at com.mongodb.DBTCPConnector.checkMaster(DBTCPConnector.java:416)
	at com.mongodb.DBTCPConnector.say(DBTCPConnector.java:139)
	at com.mongodb.DBTCPConnector.say(DBTCPConnector.java:132)
	at com.mongodb.DBApiLayer$MyCollection.insert(DBApiLayer.java:262)
	at com.mongodb.DBApiLayer$MyCollection.createIndex(DBApiLayer.java:354)
	at com.mongodb.DBCollection.ensureIndex(DBCollection.java:444)
	at com.mongodb.DBCollection.ensureIndex(DBCollection.java:392)
	at net.ion.radon.repository.Workspace.createWorkspace(Workspace.java:64)
	at net.ion.radon.repository.Workspace.load(Workspace.java:43)
	at net.ion.radon.repository.Repository.getWorkspace(Repository.java:28)
	at net.ion.radon.repository.LocalSession.getCurrentWorkspace(LocalSession.java:147)
	at net.ion.radon.repository.LocalSession.dropWorkspace(LocalSession.java:76)
	at net.ion.radon.repository.TestBaseRepository.setUp(TestBaseRepository.java:17)
	at junit.framework.TestCase.runBare(TestCase.java:128)
	at junit.framework.TestResult$1.protect(TestResult.java:106)
	at junit.framework.TestResult.runProtected(TestResult.java:124)
	at junit.framework.TestResult.run(TestResult.java:109)
	at junit.framework.TestCase.run(TestCase.java:120)
	at junit.framework.TestSuite.runTest(TestSuite.java:230)
	at junit.framework.TestSuite.run(TestSuite.java:225)
	at junit.framework.TestSuite.runTest(TestSuite.java:230)
	at junit.framework.TestSuite.run(TestSuite.java:225)
	at junit.framework.TestSuite.runTest(TestSuite.java:230)
	at junit.framework.TestSuite.run(TestSuite.java:225)
	at junit.framework.TestSuite.runTest(TestSuite.java:230)
	at junit.framework.TestSuite.run(TestSuite.java:225)
	at org.apache.tools.ant.taskdefs.optional.junit.JUnitTestRunner.run(JUnitTestRunner.java:421)
	at org.apache.tools.ant.taskdefs.optional.junit.JUnitTestRunner.launch(JUnitTestRunner.java:912)
	at org.apache.tools.ant.taskdefs.optional.junit.JUnitTestRunner.main(JUnitTestRunner.java:766)
2011. 11. 17 오전 6:27:19 com.mongodb.DBPortPool gotError
경고: emptying DBPortPool to 61.250.201.78:27017 b/c of error
java.io.IOException: couldn't connect to [/61.250.201.78:27017] bc:java.net.ConnectException: Connection timed out: connect
	at com.mongodb.DBPort._open(DBPort.java:224)
	at com.mongodb.DBPort.go(DBPort.java:101)
	at com.mongodb.DBPort.go(DBPort.java:82)
	at com.mongodb.DBPort.say(DBPort.java:77)
	at com.mongodb.DBTCPConnector.say(DBTCPConnector.java:146)
	at com.mongodb.DBTCPConnector.say(DBTCPConnector.java:132)
	at com.mongodb.DBApiLayer$MyCollection.insert(DBApiLayer.java:262)
	at com.mongodb.DBApiLayer$MyCollection.createIndex(DBApiLayer.java:354)
	at com.mongodb.DBCollection.ensureIndex(DBCollection.java:444)
	at com.mongodb.DBCollection.ensureIndex(DBCollection.java:392)
	at net.ion.radon.repository.Workspace.createWorkspace(Workspace.java:64)
	at net.ion.radon.repository.Workspace.load(Workspace.java:43)
	at net.ion.radon.repository.Repository.getWorkspace(Repository.java:28)
	at net.ion.radon.repository.LocalSession.getCurrentWorkspace(LocalSession.java:147)
	at net.ion.radon.repository.LocalSession.dropWorkspace(LocalSession.java:76)
	at net.ion.radon.repository.TestBaseRepository.setUp(TestBaseRepository.java:17)
	at junit.framework.TestCase.runBare(TestCase.java:128)
	at junit.framework.TestResult$1.protect(TestResult.java:106)
	at junit.framework.TestResult.runProtected(TestResult.java:124)
	at junit.framework.TestResult.run(TestResult.java:109)
	at junit.framework.TestCase.run(TestCase.java:120)
	at junit.framework.TestSuite.runTest(TestSuite.java:230)
	at junit.framework.TestSuite.run(TestSuite.java:225)
	at junit.framework.TestSuite.runTest(TestSuite.java:230)
	at junit.framework.TestSuite.run(TestSuite.java:225)
	at junit.framework.TestSuite.runTest(TestSuite.java:230)
	at junit.framework.TestSuite.run(TestSuite.java:225)
	at junit.framework.TestSuite.runTest(TestSuite.java:230)
	at junit.framework.TestSuite.run(TestSuite.java:225)
	at org.apache.tools.ant.taskdefs.optional.junit.JUnitTestRunner.run(JUnitTestRunner.java:421)
	at org.apache.tools.ant.taskdefs.optional.junit.JUnitTestRunner.launch(JUnitTestRunner.java:912)
	at org.apache.tools.ant.taskdefs.optional.junit.JUnitTestRunner.main(JUnitTestRunner.java:766)
2011. 11. 17 오전 6:27:40 com.mongodb.DBTCPConnector fetchMaxBsonObjectSize
경고: Exception determining maxBSON size using0
java.io.IOException: couldn't connect to [/61.250.201.78:27017] bc:java.net.ConnectException: Connection timed out: connect
	at com.mongodb.DBPort._open(DBPort.java:224)
	at com.mongodb.DBPort.go(DBPort.java:101)
	at com.mongodb.DBPort.go(DBPort.java:82)
	at com.mongodb.DBPort.findOne(DBPort.java:142)
	at com.mongodb.DBPort.runCommand(DBPort.java:151)
	at com.mongodb.DBTCPConnector.fetchMaxBsonObjectSize(DBTCPConnector.java:429)
	at com.mongodb.Mongo.getMaxBsonObjectSize(Mongo.java:544)
	at com.mongodb.DBApiLayer$MyCollection.insert(DBApiLayer.java:244)
	at com.mongodb.DBApiLayer$MyCollection.createIndex(DBApiLayer.java:354)
	at com.mongodb.DBCollection.ensureIndex(DBCollection.java:444)
	at com.mongodb.DBCollection.ensureIndex(DBCollection.java:392)
	at net.ion.radon.repository.Workspace.createWorkspace(Workspace.java:64)
	at net.ion.radon.repository.Workspace.load(Workspace.java:43)
	at net.ion.radon.repository.Repository.getWorkspace(Repository.java:28)
	at net.ion.radon.repository.LocalSession.getCurrentWorkspace(LocalSession.java:147)
	at net.ion.radon.repository.LocalSession.dropWorkspace(LocalSession.java:76)
	at net.ion.radon.repository.TestBaseRepository.setUp(TestBaseRepository.java:17)
	at junit.framework.TestCase.runBare(TestCase.java:128)
	at junit.framework.TestResult$1.protect(TestResult.java:106)
	at junit.framework.TestResult.runProtected(TestResult.java:124)
	at junit.framework.TestResult.run(TestResult.java:109)
	at junit.framework.TestCase.run(TestCase.java:120)
	at junit.framework.TestSuite.runTest(TestSuite.java:230)
	at junit.framework.TestSuite.run(TestSuite.java:225)
	at junit.framework.TestSuite.runTest(TestSuite.java:230)
	at junit.framework.TestSuite.run(TestSuite.java:225)
	at junit.framework.TestSuite.runTest(TestSuite.java:230)
	at junit.framework.TestSuite.run(TestSuite.java:225)
	at junit.framework.TestSuite.runTest(TestSuite.java:230)
	at junit.framework.TestSuite.run(TestSuite.java:225)
	at org.apache.tools.ant.taskdefs.optional.junit.JUnitTestRunner.run(JUnitTestRunner.java:421)
	at org.apache.tools.ant.taskdefs.optional.junit.JUnitTestRunner.launch(JUnitTestRunner.java:912)
	at org.apache.tools.ant.taskdefs.optional.junit.JUnitTestRunner.main(JUnitTestRunner.java:766)
2011. 11. 17 오전 6:28:01 com.mongodb.DBTCPConnector fetchMaxBsonObjectSize
경고: Exception determining maxBSON size using0
java.io.IOException: couldn't connect to [/61.250.201.78:27017] bc:java.net.ConnectException: Connection timed out: connect
	at com.mongodb.DBPort._open(DBPort.java:224)
	at com.mongodb.DBPort.go(DBPort.java:101)
	at com.mongodb.DBPort.go(DBPort.java:82)
	at com.mongodb.DBPort.findOne(DBPort.java:142)
	at com.mongodb.DBPort.runCommand(DBPort.java:151)
	at com.mongodb.DBTCPConnector.fetchMaxBsonObjectSize(DBTCPConnector.java:429)
	at com.mongodb.DBTCPConnector.checkMaster(DBTCPConnector.java:416)
	at com.mongodb.DBTCPConnector.say(DBTCPConnector.java:139)
	at com.mongodb.DBTCPConnector.say(DBTCPConnector.java:132)
	at com.mongodb.DBApiLayer$MyCollection.insert(DBApiLayer.java:262)
	at com.mongodb.DBApiLayer$MyCollection.createIndex(DBApiLayer.java:354)
	at com.mongodb.DBCollection.ensureIndex(DBCollection.java:444)
	at com.mongodb.DBCollection.ensureIndex(DBCollection.java:392)
	at net.ion.radon.repository.Workspace.createWorkspace(Workspace.java:64)
	at net.ion.radon.repository.Workspace.load(Workspace.java:43)
	at net.ion.radon.repository.Repository.getWorkspace(Repository.java:28)
	at net.ion.radon.repository.LocalSession.getCurrentWorkspace(LocalSession.java:147)
	at net.ion.radon.repository.LocalSession.dropWorkspace(LocalSession.java:76)
	at net.ion.radon.repository.TestBaseRepository.setUp(TestBaseRepository.java:17)
	at junit.framework.TestCase.runBare(TestCase.java:128)
	at junit.framework.TestResult$1.protect(TestResult.java:106)
	at junit.framework.TestResult.runProtected(TestResult.java:124)
	at junit.framework.TestResult.run(TestResult.java:109)
	at junit.framework.TestCase.run(TestCase.java:120)
	at junit.framework.TestSuite.runTest(TestSuite.java:230)
	at junit.framework.TestSuite.run(TestSuite.java:225)
	at junit.framework.TestSuite.runTest(TestSuite.java:230)
	at junit.framework.TestSuite.run(TestSuite.java:225)
	at junit.framework.TestSuite.runTest(TestSuite.java:230)
	at junit.framework.TestSuite.run(TestSuite.java:225)
	at junit.framework.TestSuite.runTest(TestSuite.java:230)
	at junit.framework.TestSuite.run(TestSuite.java:225)
	at org.apache.tools.ant.taskdefs.optional.junit.JUnitTestRunner.run(JUnitTestRunner.java:421)
	at org.apache.tools.ant.taskdefs.optional.junit.JUnitTestRunner.launch(JUnitTestRunner.java:912)
	at org.apache.tools.ant.taskdefs.optional.junit.JUnitTestRunner.main(JUnitTestRunner.java:766)
2011. 11. 17 오전 6:28:22 com.mongodb.DBPortPool gotError
경고: emptying DBPortPool to 61.250.201.78:27017 b/c of error
java.io.IOException: couldn't connect to [/61.250.201.78:27017] bc:java.net.ConnectException: Connection timed out: connect
	at com.mongodb.DBPort._open(DBPort.java:224)
	at com.mongodb.DBPort.go(DBPort.java:101)
	at com.mongodb.DBPort.go(DBPort.java:82)
	at com.mongodb.DBPort.say(DBPort.java:77)
	at com.mongodb.DBTCPConnector.say(DBTCPConnector.java:146)
	at com.mongodb.DBTCPConnector.say(DBTCPConnector.java:132)
	at com.mongodb.DBApiLayer$MyCollection.insert(DBApiLayer.java:262)
	at com.mongodb.DBApiLayer$MyCollection.createIndex(DBApiLayer.java:354)
	at com.mongodb.DBCollection.ensureIndex(DBCollection.java:444)
	at com.mongodb.DBCollection.ensureIndex(DBCollection.java:392)
	at net.ion.radon.repository.Workspace.createWorkspace(Workspace.java:64)
	at net.ion.radon.repository.Workspace.load(Workspace.java:43)
	at net.ion.radon.repository.Repository.getWorkspace(Repository.java:28)
	at net.ion.radon.repository.LocalSession.getCurrentWorkspace(LocalSession.java:147)
	at net.ion.radon.repository.LocalSession.dropWorkspace(LocalSession.java:76)
	at net.ion.radon.repository.TestBaseRepository.setUp(TestBaseRepository.java:17)
	at junit.framework.TestCase.runBare(TestCase.java:128)
	at junit.framework.TestResult$1.protect(TestResult.java:106)
	at junit.framework.TestResult.runProtected(TestResult.java:124)
	at junit.framework.TestResult.run(TestResult.java:109)
	at junit.framework.TestCase.run(TestCase.java:120)
	at junit.framework.TestSuite.runTest(TestSuite.java:230)
	at junit.framework.TestSuite.run(TestSuite.java:225)
	at junit.framework.TestSuite.runTest(TestSuite.java:230)
	at junit.framework.TestSuite.run(TestSuite.java:225)
	at junit.framework.TestSuite.runTest(TestSuite.java:230)
	at junit.framework.TestSuite.run(TestSuite.java:225)
	at junit.framework.TestSuite.runTest(TestSuite.java:230)
	at junit.framework.TestSuite.run(TestSuite.java:225)
	at org.apache.tools.ant.taskdefs.optional.junit.JUnitTestRunner.run(JUnitTestRunner.java:421)
	at org.apache.tools.ant.taskdefs.optional.junit.JUnitTestRunner.launch(JUnitTestRunner.java:912)
	at org.apache.tools.ant.taskdefs.optional.junit.JUnitTestRunner.main(JUnitTestRunner.java:766)
2011. 11. 17 오전 6:28:43 com.mongodb.DBTCPConnector fetchMaxBsonObjectSize
경고: Exception determining maxBSON size using0
java.io.IOException: couldn't connect to [/61.250.201.78:27017] bc:java.net.ConnectException: Connection timed out: connect
	at com.mongodb.DBPort._open(DBPort.java:224)
	at com.mongodb.DBPort.go(DBPort.java:101)
	at com.mongodb.DBPort.go(DBPort.java:82)
	at com.mongodb.DBPort.findOne(DBPort.java:142)
	at com.mongodb.DBPort.runCommand(DBPort.java:151)
	at com.mongodb.DBTCPConnector.fetchMaxBsonObjectSize(DBTCPConnector.java:429)
	at com.mongodb.Mongo.getMaxBsonObjectSize(Mongo.java:544)
	at com.mongodb.DBApiLayer$MyCollection.insert(DBApiLayer.java:244)
	at com.mongodb.DBApiLayer$MyCollection.createIndex(DBApiLayer.java:354)
	at com.mongodb.DBCollection.ensureIndex(DBCollection.java:444)
	at com.mongodb.DBCollection.ensureIndex(DBCollection.java:392)
	at net.ion.radon.repository.Workspace.createWorkspace(Workspace.java:64)
	at net.ion.radon.repository.Workspace.load(Workspace.java:43)
	at net.ion.radon.repository.Repository.getWorkspace(Repository.java:28)
	at net.ion.radon.repository.LocalSession.getCurrentWorkspace(LocalSession.java:147)
	at net.ion.radon.repository.LocalSession.dropWorkspace(LocalSession.java:76)
	at net.ion.radon.repository.TestBaseRepository.setUp(TestBaseRepository.java:17)
	at junit.framework.TestCase.runBare(TestCase.java:128)
	at junit.framework.TestResult$1.protect(TestResult.java:106)
	at junit.framework.TestResult.runProtected(TestResult.java:124)
	at junit.framework.TestResult.run(TestResult.java:109)
	at junit.framework.TestCase.run(TestCase.java:120)
	at junit.framework.TestSuite.runTest(TestSuite.java:230)
	at junit.framework.TestSuite.run(TestSuite.java:225)
	at junit.framework.TestSuite.runTest(TestSuite.java:230)
	at junit.framework.TestSuite.run(TestSuite.java:225)
	at junit.framework.TestSuite.runTest(TestSuite.java:230)
	at junit.framework.TestSuite.run(TestSuite.java:225)
	at junit.framework.TestSuite.runTest(TestSuite.java:230)
	at junit.framework.TestSuite.run(TestSuite.java:225)
	at org.apache.tools.ant.taskdefs.optional.junit.JUnitTestRunner.run(JUnitTestRunner.java:421)
	at org.apache.tools.ant.taskdefs.optional.junit.JUnitTestRunner.launch(JUnitTestRunner.java:912)
	at org.apache.tools.ant.taskdefs.optional.junit.JUnitTestRunner.main(JUnitTestRunner.java:766)
2011. 11. 17 오전 6:29:05 com.mongodb.DBTCPConnector fetchMaxBsonObjectSize
경고: Exception determining maxBSON size using0
java.io.IOException: couldn't connect to [/61.250.201.78:27017] bc:java.net.ConnectException: Connection timed out: connect
	at com.mongodb.DBPort._open(DBPort.java:224)
	at com.mongodb.DBPort.go(DBPort.java:101)
	at com.mongodb.DBPort.go(DBPort.java:82)
	at com.mongodb.DBPort.findOne(DBPort.java:142)
	at com.mongodb.DBPort.runCommand(DBPort.java:151)
	at com.mongodb.DBTCPConnector.fetchMaxBsonObjectSize(DBTCPConnector.java:429)
	at com.mongodb.DBTCPConnector.checkMaster(DBTCPConnector.java:416)
	at com.mongodb.DBTCPConnector.say(DBTCPConnector.java:139)
	at com.mongodb.DBTCPConnector.say(DBTCPConnector.java:132)
	at com.mongodb.DBApiLayer$MyCollection.insert(DBApiLayer.java:262)
	at com.mongodb.DBApiLayer$MyCollection.createIndex(DBApiLayer.java:354)
	at com.mongodb.DBCollection.ensureIndex(DBCollection.java:444)
	at com.mongodb.DBCollection.ensureIndex(DBCollection.java:392)
	at net.ion.radon.repository.Workspace.createWorkspace(Workspace.java:64)
	at net.ion.radon.repository.Workspace.load(Workspace.java:43)
	at net.ion.radon.repository.Repository.getWorkspace(Repository.java:28)
	at net.ion.radon.repository.LocalSession.getCurrentWorkspace(LocalSession.java:147)
	at net.ion.radon.repository.LocalSession.dropWorkspace(LocalSession.java:76)
	at net.ion.radon.repository.TestBaseRepository.setUp(TestBaseRepository.java:17)
	at junit.framework.TestCase.runBare(TestCase.java:128)
	at junit.framework.TestResult$1.protect(TestResult.java:106)
	at junit.framework.TestResult.runProtected(TestResult.java:124)
	at junit.framework.TestResult.run(TestResult.java:109)
	at junit.framework.TestCase.run(TestCase.java:120)
	at junit.framework.TestSuite.runTest(TestSuite.java:230)
	at junit.framework.TestSuite.run(TestSuite.java:225)
	at junit.framework.TestSuite.runTest(TestSuite.java:230)
	at junit.framework.TestSuite.run(TestSuite.java:225)
	at junit.framework.TestSuite.runTest(TestSuite.java:230)
	at junit.framework.TestSuite.run(TestSuite.java:225)
	at junit.framework.TestSuite.runTest(TestSuite.java:230)
	at junit.framework.TestSuite.run(TestSuite.java:225)
	at org.apache.tools.ant.taskdefs.optional.junit.JUnitTestRunner.run(JUnitTestRunner.java:421)
	at org.apache.tools.ant.taskdefs.optional.junit.JUnitTestRunner.launch(JUnitTestRunner.java:912)
	at org.apache.tools.ant.taskdefs.optional.junit.JUnitTestRunner.main(JUnitTestRunner.java:766)
2011. 11. 17 오전 6:29:26 com.mongodb.DBPortPool gotError
경고: emptying DBPortPool to 61.250.201.78:27017 b/c of error
java.io.IOException: couldn't connect to [/61.250.201.78:27017] bc:java.net.ConnectException: Connection timed out: connect
	at com.mongodb.DBPort._open(DBPort.java:224)
	at com.mongodb.DBPort.go(DBPort.java:101)
	at com.mongodb.DBPort.go(DBPort.java:82)
	at com.mongodb.DBPort.say(DBPort.java:77)
	at com.mongodb.DBTCPConnector.say(DBTCPConnector.java:146)
	at com.mongodb.DBTCPConnector.say(DBTCPConnector.java:132)
	at com.mongodb.DBApiLayer$MyCollection.insert(DBApiLayer.java:262)
	at com.mongodb.DBApiLayer$MyCollection.createIndex(DBApiLayer.java:354)
	at com.mongodb.DBCollection.ensureIndex(DBCollection.java:444)
	at com.mongodb.DBCollection.ensureIndex(DBCollection.java:392)
	at net.ion.radon.repository.Workspace.createWorkspace(Workspace.java:64)
	at net.ion.radon.repository.Workspace.load(Workspace.java:43)
	at net.ion.radon.repository.Repository.getWorkspace(Repository.java:28)
	at net.ion.radon.repository.LocalSession.getCurrentWorkspace(LocalSession.java:147)
	at net.ion.radon.repository.LocalSession.dropWorkspace(LocalSession.java:76)
	at net.ion.radon.repository.TestBaseRepository.setUp(TestBaseRepository.java:17)
	at junit.framework.TestCase.runBare(TestCase.java:128)
	at junit.framework.TestResult$1.protect(TestResult.java:106)
	at junit.framework.TestResult.runProtected(TestResult.java:124)
	at junit.framework.TestResult.run(TestResult.java:109)
	at junit.framework.TestCase.run(TestCase.java:120)
	at junit.framework.TestSuite.runTest(TestSuite.java:230)
	at junit.framework.TestSuite.run(TestSuite.java:225)
	at junit.framework.TestSuite.runTest(TestSuite.java:230)
	at junit.framework.TestSuite.run(TestSuite.java:225)
	at junit.framework.TestSuite.runTest(TestSuite.java:230)
	at junit.framework.TestSuite.run(TestSuite.java:225)
	at junit.framework.TestSuite.runTest(TestSuite.java:230)
	at junit.framework.TestSuite.run(TestSuite.java:225)
	at org.apache.tools.ant.taskdefs.optional.junit.JUnitTestRunner.run(JUnitTestRunner.java:421)
	at org.apache.tools.ant.taskdefs.optional.junit.JUnitTestRunner.launch(JUnitTestRunner.java:912)
	at org.apache.tools.ant.taskdefs.optional.junit.JUnitTestRunner.main(JUnitTestRunner.java:766)
2011. 11. 17 오전 6:29:47 com.mongodb.DBTCPConnector fetchMaxBsonObjectSize
경고: Exception determining maxBSON size using0
java.io.IOException: couldn't connect to [/61.250.201.78:27017] bc:java.net.ConnectException: Connection timed out: connect
	at com.mongodb.DBPort._open(DBPort.java:224)
	at com.mongodb.DBPort.go(DBPort.java:101)
	at com.mongodb.DBPort.go(DBPort.java:82)
	at com.mongodb.DBPort.findOne(DBPort.java:142)
	at com.mongodb.DBPort.runCommand(DBPort.java:151)
	at com.mongodb.DBTCPConnector.fetchMaxBsonObjectSize(DBTCPConnector.java:429)
	at com.mongodb.Mongo.getMaxBsonObjectSize(Mongo.java:544)
	at com.mongodb.DBApiLayer$MyCollection.insert(DBApiLayer.java:244)
	at com.mongodb.DBApiLayer$MyCollection.createIndex(DBApiLayer.java:354)
	at com.mongodb.DBCollection.ensureIndex(DBCollection.java:444)
	at com.mongodb.DBCollection.ensureIndex(DBCollection.java:392)
	at net.ion.radon.repository.Workspace.createWorkspace(Workspace.java:64)
	at net.ion.radon.repository.Workspace.load(Workspace.java:43)
	at net.ion.radon.repository.Repository.getWorkspace(Repository.java:28)
	at net.ion.radon.repository.LocalSession.getCurrentWorkspace(LocalSession.java:147)
	at net.ion.radon.repository.LocalSession.dropWorkspace(LocalSession.java:76)
	at net.ion.radon.repository.TestBaseRepository.setUp(TestBaseRepository.java:17)
	at junit.framework.TestCase.runBare(TestCase.java:128)
	at junit.framework.TestResult$1.protect(TestResult.java:106)
	at junit.framework.TestResult.runProtected(TestResult.java:124)
	at junit.framework.TestResult.run(TestResult.java:109)
	at junit.framework.TestCase.run(TestCase.java:120)
	at junit.framework.TestSuite.runTest(TestSuite.java:230)
	at junit.framework.TestSuite.run(TestSuite.java:225)
	at junit.framework.TestSuite.runTest(TestSuite.java:230)
	at junit.framework.TestSuite.run(TestSuite.java:225)
	at junit.framework.TestSuite.runTest(TestSuite.java:230)
	at junit.framework.TestSuite.run(TestSuite.java:225)
	at junit.framework.TestSuite.runTest(TestSuite.java:230)
	at junit.framework.TestSuite.run(TestSuite.java:225)
	at org.apache.tools.ant.taskdefs.optional.junit.JUnitTestRunner.run(JUnitTestRunner.java:421)
	at org.apache.tools.ant.taskdefs.optional.junit.JUnitTestRunner.launch(JUnitTestRunner.java:912)
	at org.apache.tools.ant.taskdefs.optional.junit.JUnitTestRunner.main(JUnitTestRunner.java:766)
2011. 11. 17 오전 6:30:08 com.mongodb.DBTCPConnector fetchMaxBsonObjectSize
경고: Exception determining maxBSON size using0
java.io.IOException: couldn't connect to [/61.250.201.78:27017] bc:java.net.ConnectException: Connection timed out: connect
	at com.mongodb.DBPort._open(DBPort.java:224)
	at com.mongodb.DBPort.go(DBPort.java:101)
	at com.mongodb.DBPort.go(DBPort.java:82)
	at com.mongodb.DBPort.findOne(DBPort.java:142)
	at com.mongodb.DBPort.runCommand(DBPort.java:151)
	at com.mongodb.DBTCPConnector.fetchMaxBsonObjectSize(DBTCPConnector.java:429)
	at com.mongodb.DBTCPConnector.checkMaster(DBTCPConnector.java:416)
	at com.mongodb.DBTCPConnector.say(DBTCPConnector.java:139)
	at com.mongodb.DBTCPConnector.say(DBTCPConnector.java:132)
	at com.mongodb.DBApiLayer$MyCollection.insert(DBApiLayer.java:262)
	at com.mongodb.DBApiLayer$MyCollection.createIndex(DBApiLayer.java:354)
	at com.mongodb.DBCollection.ensureIndex(DBCollection.java:444)
	at com.mongodb.DBCollection.ensureIndex(DBCollection.java:392)
	at net.ion.radon.repository.Workspace.createWorkspace(Workspace.java:64)
	at net.ion.radon.repository.Workspace.load(Workspace.java:43)
	at net.ion.radon.repository.Repository.getWorkspace(Repository.java:28)
	at net.ion.radon.repository.LocalSession.getCurrentWorkspace(LocalSession.java:147)
	at net.ion.radon.repository.LocalSession.dropWorkspace(LocalSession.java:76)
	at net.ion.radon.repository.TestBaseRepository.setUp(TestBaseRepository.java:17)
	at junit.framework.TestCase.runBare(TestCase.java:128)
	at junit.framework.TestResult$1.protect(TestResult.java:106)
	at junit.framework.TestResult.runProtected(TestResult.java:124)
	at junit.framework.TestResult.run(TestResult.java:109)
	at junit.framework.TestCase.run(TestCase.java:120)
	at junit.framework.TestSuite.runTest(TestSuite.java:230)
	at junit.framework.TestSuite.run(TestSuite.java:225)
	at junit.framework.TestSuite.runTest(TestSuite.java:230)
	at junit.framework.TestSuite.run(TestSuite.java:225)
	at junit.framework.TestSuite.runTest(TestSuite.java:230)
	at junit.framework.TestSuite.run(TestSuite.java:225)
	at junit.framework.TestSuite.runTest(TestSuite.java:230)
	at junit.framework.TestSuite.run(TestSuite.java:225)
	at org.apache.tools.ant.taskdefs.optional.junit.JUnitTestRunner.run(JUnitTestRunner.java:421)
	at org.apache.tools.ant.taskdefs.optional.junit.JUnitTestRunner.launch(JUnitTestRunner.java:912)
	at org.apache.tools.ant.taskdefs.optional.junit.JUnitTestRunner.main(JUnitTestRunner.java:766)
2011. 11. 17 오전 6:30:29 com.mongodb.DBPortPool gotError
경고: emptying DBPortPool to 61.250.201.78:27017 b/c of error
java.io.IOException: couldn't connect to [/61.250.201.78:27017] bc:java.net.ConnectException: Connection timed out: connect
	at com.mongodb.DBPort._open(DBPort.java:224)
	at com.mongodb.DBPort.go(DBPort.java:101)
	at com.mongodb.DBPort.go(DBPort.java:82)
	at com.mongodb.DBPort.say(DBPort.java:77)
	at com.mongodb.DBTCPConnector.say(DBTCPConnector.java:146)
	at com.mongodb.DBTCPConnector.say(DBTCPConnector.java:132)
	at com.mongodb.DBApiLayer$MyCollection.insert(DBApiLayer.java:262)
	at com.mongodb.DBApiLayer$MyCollection.createIndex(DBApiLayer.java:354)
	at com.mongodb.DBCollection.ensureIndex(DBCollection.java:444)
	at com.mongodb.DBCollection.ensureIndex(DBCollection.java:392)
	at net.ion.radon.repository.Workspace.createWorkspace(Workspace.java:64)
	at net.ion.radon.repository.Workspace.load(Workspace.java:43)
	at net.ion.radon.repository.Repository.getWorkspace(Repository.java:28)
	at net.ion.radon.repository.LocalSession.getCurrentWorkspace(LocalSession.java:147)
	at net.ion.radon.repository.LocalSession.dropWorkspace(LocalSession.java:76)
	at net.ion.radon.repository.TestBaseRepository.setUp(TestBaseRepository.java:17)
	at junit.framework.TestCase.runBare(TestCase.java:128)
	at junit.framework.TestResult$1.protect(TestResult.java:106)
	at junit.framework.TestResult.runProtected(TestResult.java:124)
	at junit.framework.TestResult.run(TestResult.java:109)
	at junit.framework.TestCase.run(TestCase.java:120)
	at junit.framework.TestSuite.runTest(TestSuite.java:230)
	at junit.framework.TestSuite.run(TestSuite.java:225)
	at junit.framework.TestSuite.runTest(TestSuite.java:230)
	at junit.framework.TestSuite.run(TestSuite.java:225)
	at junit.framework.TestSuite.runTest(TestSuite.java:230)
	at junit.framework.TestSuite.run(TestSuite.java:225)
	at junit.framework.TestSuite.runTest(TestSuite.java:230)
	at junit.framework.TestSuite.run(TestSuite.java:225)
	at org.apache.tools.ant.taskdefs.optional.junit.JUnitTestRunner.run(JUnitTestRunner.java:421)
	at org.apache.tools.ant.taskdefs.optional.junit.JUnitTestRunner.launch(JUnitTestRunner.java:912)
	at org.apache.tools.ant.taskdefs.optional.junit.JUnitTestRunner.main(JUnitTestRunner.java:766)
2011. 11. 17 오전 6:30:50 com.mongodb.DBTCPConnector fetchMaxBsonObjectSize
경고: Exception determining maxBSON size using0
java.io.IOException: couldn't connect to [/61.250.201.78:27017] bc:java.net.ConnectException: Connection timed out: connect
	at com.mongodb.DBPort._open(DBPort.java:224)
	at com.mongodb.DBPort.go(DBPort.java:101)
	at com.mongodb.DBPort.go(DBPort.java:82)
	at com.mongodb.DBPort.findOne(DBPort.java:142)
	at com.mongodb.DBPort.runCommand(DBPort.java:151)
	at com.mongodb.DBTCPConnector.fetchMaxBsonObjectSize(DBTCPConnector.java:429)
	at com.mongodb.Mongo.getMaxBsonObjectSize(Mongo.java:544)
	at com.mongodb.DBApiLayer$MyCollection.insert(DBApiLayer.java:244)
	at com.mongodb.DBApiLayer$MyCollection.createIndex(DBApiLayer.java:354)
	at com.mongodb.DBCollection.ensureIndex(DBCollection.java:444)
	at com.mongodb.DBCollection.ensureIndex(DBCollection.java:392)
	at net.ion.radon.repository.Workspace.createWorkspace(Workspace.java:64)
	at net.ion.radon.repository.Workspace.load(Workspace.java:43)
	at net.ion.radon.repository.Repository.getWorkspace(Repository.java:28)
	at net.ion.radon.repository.LocalSession.getCurrentWorkspace(LocalSession.java:147)
	at net.ion.radon.repository.LocalSession.dropWorkspace(LocalSession.java:76)
	at net.ion.radon.repository.TestBaseRepository.setUp(TestBaseRepository.java:17)
	at junit.framework.TestCase.runBare(TestCase.java:128)
	at junit.framework.TestResult$1.protect(TestResult.java:106)
	at junit.framework.TestResult.runProtected(TestResult.java:124)
	at junit.framework.TestResult.run(TestResult.java:109)
	at junit.framework.TestCase.run(TestCase.java:120)
	at junit.framework.TestSuite.runTest(TestSuite.java:230)
	at junit.framework.TestSuite.run(TestSuite.java:225)
	at junit.framework.TestSuite.runTest(TestSuite.java:230)
	at junit.framework.TestSuite.run(TestSuite.java:225)
	at junit.framework.TestSuite.runTest(TestSuite.java:230)
	at junit.framework.TestSuite.run(TestSuite.java:225)
	at junit.framework.TestSuite.runTest(TestSuite.java:230)
	at junit.framework.TestSuite.run(TestSuite.java:225)
	at org.apache.tools.ant.taskdefs.optional.junit.JUnitTestRunner.run(JUnitTestRunner.java:421)
	at org.apache.tools.ant.taskdefs.optional.junit.JUnitTestRunner.launch(JUnitTestRunner.java:912)
	at org.apache.tools.ant.taskdefs.optional.junit.JUnitTestRunner.main(JUnitTestRunner.java:766)
2011. 11. 17 오전 6:31:11 com.mongodb.DBTCPConnector fetchMaxBsonObjectSize
경고: Exception determining maxBSON size using0
java.io.IOException: couldn't connect to [/61.250.201.78:27017] bc:java.net.ConnectException: Connection timed out: connect
	at com.mongodb.DBPort._open(DBPort.java:224)
	at com.mongodb.DBPort.go(DBPort.java:101)
	at com.mongodb.DBPort.go(DBPort.java:82)
	at com.mongodb.DBPort.findOne(DBPort.java:142)
	at com.mongodb.DBPort.runCommand(DBPort.java:151)
	at com.mongodb.DBTCPConnector.fetchMaxBsonObjectSize(DBTCPConnector.java:429)
	at com.mongodb.DBTCPConnector.checkMaster(DBTCPConnector.java:416)
	at com.mongodb.DBTCPConnector.say(DBTCPConnector.java:139)
	at com.mongodb.DBTCPConnector.say(DBTCPConnector.java:132)
	at com.mongodb.DBApiLayer$MyCollection.insert(DBApiLayer.java:262)
	at com.mongodb.DBApiLayer$MyCollection.createIndex(DBApiLayer.java:354)
	at com.mongodb.DBCollection.ensureIndex(DBCollection.java:444)
	at com.mongodb.DBCollection.ensureIndex(DBCollection.java:392)
	at net.ion.radon.repository.Workspace.createWorkspace(Workspace.java:64)
	at net.ion.radon.repository.Workspace.load(Workspace.java:43)
	at net.ion.radon.repository.Repository.getWorkspace(Repository.java:28)
	at net.ion.radon.repository.LocalSession.getCurrentWorkspace(LocalSession.java:147)
	at net.ion.radon.repository.LocalSession.dropWorkspace(LocalSession.java:76)
	at net.ion.radon.repository.TestBaseRepository.setUp(TestBaseRepository.java:17)
	at junit.framework.TestCase.runBare(TestCase.java:128)
	at junit.framework.TestResult$1.protect(TestResult.java:106)
	at junit.framework.TestResult.runProtected(TestResult.java:124)
	at junit.framework.TestResult.run(TestResult.java:109)
	at junit.framework.TestCase.run(TestCase.java:120)
	at junit.framework.TestSuite.runTest(TestSuite.java:230)
	at junit.framework.TestSuite.run(TestSuite.java:225)
	at junit.framework.TestSuite.runTest(TestSuite.java:230)
	at junit.framework.TestSuite.run(TestSuite.java:225)
	at junit.framework.TestSuite.runTest(TestSuite.java:230)
	at junit.framework.TestSuite.run(TestSuite.java:225)
	at junit.framework.TestSuite.runTest(TestSuite.java:230)
	at junit.framework.TestSuite.run(TestSuite.java:225)
	at org.apache.tools.ant.taskdefs.optional.junit.JUnitTestRunner.run(JUnitTestRunner.java:421)
	at org.apache.tools.ant.taskdefs.optional.junit.JUnitTestRunner.launch(JUnitTestRunner.java:912)
	at org.apache.tools.ant.taskdefs.optional.junit.JUnitTestRunner.main(JUnitTestRunner.java:766)
2011. 11. 17 오전 6:31:32 com.mongodb.DBPortPool gotError
경고: emptying DBPortPool to 61.250.201.78:27017 b/c of error
java.io.IOException: couldn't connect to [/61.250.201.78:27017] bc:java.net.ConnectException: Connection timed out: connect
	at com.mongodb.DBPort._open(DBPort.java:224)
	at com.mongodb.DBPort.go(DBPort.java:101)
	at com.mongodb.DBPort.go(DBPort.java:82)
	at com.mongodb.DBPort.say(DBPort.java:77)
	at com.mongodb.DBTCPConnector.say(DBTCPConnector.java:146)
	at com.mongodb.DBTCPConnector.say(DBTCPConnector.java:132)
	at com.mongodb.DBApiLayer$MyCollection.insert(DBApiLayer.java:262)
	at com.mongodb.DBApiLayer$MyCollection.createIndex(DBApiLayer.java:354)
	at com.mongodb.DBCollection.ensureIndex(DBCollection.java:444)
	at com.mongodb.DBCollection.ensureIndex(DBCollection.java:392)
	at net.ion.radon.repository.Workspace.createWorkspace(Workspace.java:64)
	at net.ion.radon.repository.Workspace.load(Workspace.java:43)
	at net.ion.radon.repository.Repository.getWorkspace(Repository.java:28)
	at net.ion.radon.repository.LocalSession.getCurrentWorkspace(LocalSession.java:147)
	at net.ion.radon.repository.LocalSession.dropWorkspace(LocalSession.java:76)
	at net.ion.radon.repository.TestBaseRepository.setUp(TestBaseRepository.java:17)
	at junit.framework.TestCase.runBare(TestCase.java:128)
	at junit.framework.TestResult$1.protect(TestResult.java:106)
	at junit.framework.TestResult.runProtected(TestResult.java:124)
	at junit.framework.TestResult.run(TestResult.java:109)
	at junit.framework.TestCase.run(TestCase.java:120)
	at junit.framework.TestSuite.runTest(TestSuite.java:230)
	at junit.framework.TestSuite.run(TestSuite.java:225)
	at junit.framework.TestSuite.runTest(TestSuite.java:230)
	at junit.framework.TestSuite.run(TestSuite.java:225)
	at junit.framework.TestSuite.runTest(TestSuite.java:230)
	at junit.framework.TestSuite.run(TestSuite.java:225)
	at junit.framework.TestSuite.runTest(TestSuite.java:230)
	at junit.framework.TestSuite.run(TestSuite.java:225)
	at org.apache.tools.ant.taskdefs.optional.junit.JUnitTestRunner.run(JUnitTestRunner.java:421)
	at org.apache.tools.ant.taskdefs.optional.junit.JUnitTestRunner.launch(JUnitTestRunner.java:912)
	at org.apache.tools.ant.taskdefs.optional.junit.JUnitTestRunner.main(JUnitTestRunner.java:766)
2011. 11. 17 오전 6:31:53 com.mongodb.DBTCPConnector fetchMaxBsonObjectSize
경고: Exception determining maxBSON size using0
java.io.IOException: couldn't connect to [/61.250.201.78:27017] bc:java.net.ConnectException: Connection timed out: connect
	at com.mongodb.DBPort._open(DBPort.java:224)
	at com.mongodb.DBPort.go(DBPort.java:101)
	at com.mongodb.DBPort.go(DBPort.java:82)
	at com.mongodb.DBPort.findOne(DBPort.java:142)
	at com.mongodb.DBPort.runCommand(DBPort.java:151)
	at com.mongodb.DBTCPConnector.fetchMaxBsonObjectSize(DBTCPConnector.java:429)
	at com.mongodb.Mongo.getMaxBsonObjectSize(Mongo.java:544)
	at com.mongodb.DBApiLayer$MyCollection.insert(DBApiLayer.java:244)
	at com.mongodb.DBApiLayer$MyCollection.createIndex(DBApiLayer.java:354)
	at com.mongodb.DBCollection.ensureIndex(DBCollection.java:444)
	at com.mongodb.DBCollection.ensureIndex(DBCollection.java:392)
	at net.ion.radon.repository.Workspace.createWorkspace(Workspace.java:64)
	at net.ion.radon.repository.Workspace.load(Workspace.java:43)
	at net.ion.radon.repository.Repository.getWorkspace(Repository.java:28)
	at net.ion.radon.repository.LocalSession.getCurrentWorkspace(LocalSession.java:147)
	at net.ion.radon.repository.LocalSession.dropWorkspace(LocalSession.java:76)
	at net.ion.radon.repository.TestBaseRepository.setUp(TestBaseRepository.java:17)
	at junit.framework.TestCase.runBare(TestCase.java:128)
	at junit.framework.TestResult$1.protect(TestResult.java:106)
	at junit.framework.TestResult.runProtected(TestResult.java:124)
	at junit.framework.TestResult.run(TestResult.java:109)
	at junit.framework.TestCase.run(TestCase.java:120)
	at junit.framework.TestSuite.runTest(TestSuite.java:230)
	at junit.framework.TestSuite.run(TestSuite.java:225)
	at junit.framework.TestSuite.runTest(TestSuite.java:230)
	at junit.framework.TestSuite.run(TestSuite.java:225)
	at junit.framework.TestSuite.runTest(TestSuite.java:230)
	at junit.framework.TestSuite.run(TestSuite.java:225)
	at junit.framework.TestSuite.runTest(TestSuite.java:230)
	at junit.framework.TestSuite.run(TestSuite.java:225)
	at org.apache.tools.ant.taskdefs.optional.junit.JUnitTestRunner.run(JUnitTestRunner.java:421)
	at org.apache.tools.ant.taskdefs.optional.junit.JUnitTestRunner.launch(JUnitTestRunner.java:912)
	at org.apache.tools.ant.taskdefs.optional.junit.JUnitTestRunner.main(JUnitTestRunner.java:766)
2011. 11. 17 오전 6:32:14 com.mongodb.DBTCPConnector fetchMaxBsonObjectSize
경고: Exception determining maxBSON size using0
java.io.IOException: couldn't connect to [/61.250.201.78:27017] bc:java.net.ConnectException: Connection timed out: connect
	at com.mongodb.DBPort._open(DBPort.java:224)
	at com.mongodb.DBPort.go(DBPort.java:101)
	at com.mongodb.DBPort.go(DBPort.java:82)
	at com.mongodb.DBPort.findOne(DBPort.java:142)
	at com.mongodb.DBPort.runCommand(DBPort.java:151)
	at com.mongodb.DBTCPConnector.fetchMaxBsonObjectSize(DBTCPConnector.java:429)
	at com.mongodb.DBTCPConnector.checkMaster(DBTCPConnector.java:416)
	at com.mongodb.DBTCPConnector.say(DBTCPConnector.java:139)
	at com.mongodb.DBTCPConnector.say(DBTCPConnector.java:132)
	at com.mongodb.DBApiLayer$MyCollection.insert(DBApiLayer.java:262)
	at com.mongodb.DBApiLayer$MyCollection.createIndex(DBApiLayer.java:354)
	at com.mongodb.DBCollection.ensureIndex(DBCollection.java:444)
	at com.mongodb.DBCollection.ensureIndex(DBCollection.java:392)
	at net.ion.radon.repository.Workspace.createWorkspace(Workspace.java:64)
	at net.ion.radon.repository.Workspace.load(Workspace.java:43)
	at net.ion.radon.repository.Repository.getWorkspace(Repository.java:28)
	at net.ion.radon.repository.LocalSession.getCurrentWorkspace(LocalSession.java:147)
	at net.ion.radon.repository.LocalSession.dropWorkspace(LocalSession.java:76)
	at net.ion.radon.repository.TestBaseRepository.setUp(TestBaseRepository.java:17)
	at junit.framework.TestCase.runBare(TestCase.java:128)
	at junit.framework.TestResult$1.protect(TestResult.java:106)
	at junit.framework.TestResult.runProtected(TestResult.java:124)
	at junit.framework.TestResult.run(TestResult.java:109)
	at junit.framework.TestCase.run(TestCase.java:120)
	at junit.framework.TestSuite.runTest(TestSuite.java:230)
	at junit.framework.TestSuite.run(TestSuite.java:225)
	at junit.framework.TestSuite.runTest(TestSuite.java:230)
	at junit.framework.TestSuite.run(TestSuite.java:225)
	at junit.framework.TestSuite.runTest(TestSuite.java:230)
	at junit.framework.TestSuite.run(TestSuite.java:225)
	at junit.framework.TestSuite.runTest(TestSuite.java:230)
	at junit.framework.TestSuite.run(TestSuite.java:225)
	at org.apache.tools.ant.taskdefs.optional.junit.JUnitTestRunner.run(JUnitTestRunner.java:421)
	at org.apache.tools.ant.taskdefs.optional.junit.JUnitTestRunner.launch(JUnitTestRunner.java:912)
	at org.apache.tools.ant.taskdefs.optional.junit.JUnitTestRunner.main(JUnitTestRunner.java:766)
2011. 11. 17 오전 6:32:35 com.mongodb.DBPortPool gotError
경고: emptying DBPortPool to 61.250.201.78:27017 b/c of error
java.io.IOException: couldn't connect to [/61.250.201.78:27017] bc:java.net.ConnectException: Connection timed out: connect
	at com.mongodb.DBPort._open(DBPort.java:224)
	at com.mongodb.DBPort.go(DBPort.java:101)
	at com.mongodb.DBPort.go(DBPort.java:82)
	at com.mongodb.DBPort.say(DBPort.java:77)
	at com.mongodb.DBTCPConnector.say(DBTCPConnector.java:146)
	at com.mongodb.DBTCPConnector.say(DBTCPConnector.java:132)
	at com.mongodb.DBApiLayer$MyCollection.insert(DBApiLayer.java:262)
	at com.mongodb.DBApiLayer$MyCollection.createIndex(DBApiLayer.java:354)
	at com.mongodb.DBCollection.ensureIndex(DBCollection.java:444)
	at com.mongodb.DBCollection.ensureIndex(DBCollection.java:392)
	at net.ion.radon.repository.Workspace.createWorkspace(Workspace.java:64)
	at net.ion.radon.repository.Workspace.load(Workspace.java:43)
	at net.ion.radon.repository.Repository.getWorkspace(Repository.java:28)
	at net.ion.radon.repository.LocalSession.getCurrentWorkspace(LocalSession.java:147)
	at net.ion.radon.repository.LocalSession.dropWorkspace(LocalSession.java:76)
	at net.ion.radon.repository.TestBaseRepository.setUp(TestBaseRepository.java:17)
	at junit.framework.TestCase.runBare(TestCase.java:128)
	at junit.framework.TestResult$1.protect(TestResult.java:106)
	at junit.framework.TestResult.runProtected(TestResult.java:124)
	at junit.framework.TestResult.run(TestResult.java:109)
	at junit.framework.TestCase.run(TestCase.java:120)
	at junit.framework.TestSuite.runTest(TestSuite.java:230)
	at junit.framework.TestSuite.run(TestSuite.java:225)
	at junit.framework.TestSuite.runTest(TestSuite.java:230)
	at junit.framework.TestSuite.run(TestSuite.java:225)
	at junit.framework.TestSuite.runTest(TestSuite.java:230)
	at junit.framework.TestSuite.run(TestSuite.java:225)
	at junit.framework.TestSuite.runTest(TestSuite.java:230)
	at junit.framework.TestSuite.run(TestSuite.java:225)
	at org.apache.tools.ant.taskdefs.optional.junit.JUnitTestRunner.run(JUnitTestRunner.java:421)
	at org.apache.tools.ant.taskdefs.optional.junit.JUnitTestRunner.launch(JUnitTestRunner.java:912)
	at org.apache.tools.ant.taskdefs.optional.junit.JUnitTestRunner.main(JUnitTestRunner.java:766)
2011. 11. 17 오전 6:32:56 com.mongodb.DBTCPConnector fetchMaxBsonObjectSize
경고: Exception determining maxBSON size using0
java.io.IOException: couldn't connect to [/61.250.201.78:27017] bc:java.net.ConnectException: Connection timed out: connect
	at com.mongodb.DBPort._open(DBPort.java:224)
	at com.mongodb.DBPort.go(DBPort.java:101)
	at com.mongodb.DBPort.go(DBPort.java:82)
	at com.mongodb.DBPort.findOne(DBPort.java:142)
	at com.mongodb.DBPort.runCommand(DBPort.java:151)
	at com.mongodb.DBTCPConnector.fetchMaxBsonObjectSize(DBTCPConnector.java:429)
	at com.mongodb.Mongo.getMaxBsonObjectSize(Mongo.java:544)
	at com.mongodb.DBApiLayer$MyCollection.insert(DBApiLayer.java:244)
	at com.mongodb.DBApiLayer$MyCollection.createIndex(DBApiLayer.java:354)
	at com.mongodb.DBCollection.ensureIndex(DBCollection.java:444)
	at com.mongodb.DBCollection.ensureIndex(DBCollection.java:392)
	at net.ion.radon.repository.Workspace.createWorkspace(Workspace.java:64)
	at net.ion.radon.repository.Workspace.load(Workspace.java:43)
	at net.ion.radon.repository.Repository.getWorkspace(Repository.java:28)
	at net.ion.radon.repository.LocalSession.getCurrentWorkspace(LocalSession.java:147)
	at net.ion.radon.repository.LocalSession.dropWorkspace(LocalSession.java:76)
	at net.ion.radon.repository.TestBaseRepository.setUp(TestBaseRepository.java:17)
	at junit.framework.TestCase.runBare(TestCase.java:128)
	at junit.framework.TestResult$1.protect(TestResult.java:106)
	at junit.framework.TestResult.runProtected(TestResult.java:124)
	at junit.framework.TestResult.run(TestResult.java:109)
	at junit.framework.TestCase.run(TestCase.java:120)
	at junit.framework.TestSuite.runTest(TestSuite.java:230)
	at junit.framework.TestSuite.run(TestSuite.java:225)
	at junit.framework.TestSuite.runTest(TestSuite.java:230)
	at junit.framework.TestSuite.run(TestSuite.java:225)
	at junit.framework.TestSuite.runTest(TestSuite.java:230)
	at junit.framework.TestSuite.run(TestSuite.java:225)
	at junit.framework.TestSuite.runTest(TestSuite.java:230)
	at junit.framework.TestSuite.run(TestSuite.java:225)
	at org.apache.tools.ant.taskdefs.optional.junit.JUnitTestRunner.run(JUnitTestRunner.java:421)
	at org.apache.tools.ant.taskdefs.optional.junit.JUnitTestRunner.launch(JUnitTestRunner.java:912)
	at org.apache.tools.ant.taskdefs.optional.junit.JUnitTestRunner.main(JUnitTestRunner.java:766)
2011. 11. 17 오전 6:33:17 com.mongodb.DBTCPConnector fetchMaxBsonObjectSize
경고: Exception determining maxBSON size using0
java.io.IOException: couldn't connect to [/61.250.201.78:27017] bc:java.net.ConnectException: Connection timed out: connect
	at com.mongodb.DBPort._open(DBPort.java:224)
	at com.mongodb.DBPort.go(DBPort.java:101)
	at com.mongodb.DBPort.go(DBPort.java:82)
	at com.mongodb.DBPort.findOne(DBPort.java:142)
	at com.mongodb.DBPort.runCommand(DBPort.java:151)
	at com.mongodb.DBTCPConnector.fetchMaxBsonObjectSize(DBTCPConnector.java:429)
	at com.mongodb.DBTCPConnector.checkMaster(DBTCPConnector.java:416)
	at com.mongodb.DBTCPConnector.say(DBTCPConnector.java:139)
	at com.mongodb.DBTCPConnector.say(DBTCPConnector.java:132)
	at com.mongodb.DBApiLayer$MyCollection.insert(DBApiLayer.java:262)
	at com.mongodb.DBApiLayer$MyCollection.createIndex(DBApiLayer.java:354)
	at com.mongodb.DBCollection.ensureIndex(DBCollection.java:444)
	at com.mongodb.DBCollection.ensureIndex(DBCollection.java:392)
	at net.ion.radon.repository.Workspace.createWorkspace(Workspace.java:64)
	at net.ion.radon.repository.Workspace.load(Workspace.java:43)
	at net.ion.radon.repository.Repository.getWorkspace(Repository.java:28)
	at net.ion.radon.repository.LocalSession.getCurrentWorkspace(LocalSession.java:147)
	at net.ion.radon.repository.LocalSession.dropWorkspace(LocalSession.java:76)
	at net.ion.radon.repository.TestBaseRepository.setUp(TestBaseRepository.java:17)
	at junit.framework.TestCase.runBare(TestCase.java:128)
	at junit.framework.TestResult$1.protect(TestResult.java:106)
	at junit.framework.TestResult.runProtected(TestResult.java:124)
	at junit.framework.TestResult.run(TestResult.java:109)
	at junit.framework.TestCase.run(TestCase.java:120)
	at junit.framework.TestSuite.runTest(TestSuite.java:230)
	at junit.framework.TestSuite.run(TestSuite.java:225)
	at junit.framework.TestSuite.runTest(TestSuite.java:230)
	at junit.framework.TestSuite.run(TestSuite.java:225)
	at junit.framework.TestSuite.runTest(TestSuite.java:230)
	at junit.framework.TestSuite.run(TestSuite.java:225)
	at junit.framework.TestSuite.runTest(TestSuite.java:230)
	at junit.framework.TestSuite.run(TestSuite.java:225)
	at org.apache.tools.ant.taskdefs.optional.junit.JUnitTestRunner.run(JUnitTestRunner.java:421)
	at org.apache.tools.ant.taskdefs.optional.junit.JUnitTestRunner.launch(JUnitTestRunner.java:912)
	at org.apache.tools.ant.taskdefs.optional.junit.JUnitTestRunner.main(JUnitTestRunner.java:766)
2011. 11. 17 오전 6:33:39 com.mongodb.DBPortPool gotError
경고: emptying DBPortPool to 61.250.201.78:27017 b/c of error
java.io.IOException: couldn't connect to [/61.250.201.78:27017] bc:java.net.ConnectException: Connection timed out: connect
	at com.mongodb.DBPort._open(DBPort.java:224)
	at com.mongodb.DBPort.go(DBPort.java:101)
	at com.mongodb.DBPort.go(DBPort.java:82)
	at com.mongodb.DBPort.say(DBPort.java:77)
	at com.mongodb.DBTCPConnector.say(DBTCPConnector.java:146)
	at com.mongodb.DBTCPConnector.say(DBTCPConnector.java:132)
	at com.mongodb.DBApiLayer$MyCollection.insert(DBApiLayer.java:262)
	at com.mongodb.DBApiLayer$MyCollection.createIndex(DBApiLayer.java:354)
	at com.mongodb.DBCollection.ensureIndex(DBCollection.java:444)
	at com.mongodb.DBCollection.ensureIndex(DBCollection.java:392)
	at net.ion.radon.repository.Workspace.createWorkspace(Workspace.java:64)
	at net.ion.radon.repository.Workspace.load(Workspace.java:43)
	at net.ion.radon.repository.Repository.getWorkspace(Repository.java:28)
	at net.ion.radon.repository.LocalSession.getCurrentWorkspace(LocalSession.java:147)
	at net.ion.radon.repository.LocalSession.dropWorkspace(LocalSession.java:76)
	at net.ion.radon.repository.TestBaseRepository.setUp(TestBaseRepository.java:17)
	at junit.framework.TestCase.runBare(TestCase.java:128)
	at junit.framework.TestResult$1.protect(TestResult.java:106)
	at junit.framework.TestResult.runProtected(TestResult.java:124)
	at junit.framework.TestResult.run(TestResult.java:109)
	at junit.framework.TestCase.run(TestCase.java:120)
	at junit.framework.TestSuite.runTest(TestSuite.java:230)
	at junit.framework.TestSuite.run(TestSuite.java:225)
	at junit.framework.TestSuite.runTest(TestSuite.java:230)
	at junit.framework.TestSuite.run(TestSuite.java:225)
	at junit.framework.TestSuite.runTest(TestSuite.java:230)
	at junit.framework.TestSuite.run(TestSuite.java:225)
	at junit.framework.TestSuite.runTest(TestSuite.java:230)
	at junit.framework.TestSuite.run(TestSuite.java:225)
	at org.apache.tools.ant.taskdefs.optional.junit.JUnitTestRunner.run(JUnitTestRunner.java:421)
	at org.apache.tools.ant.taskdefs.optional.junit.JUnitTestRunner.launch(JUnitTestRunner.java:912)
	at org.apache.tools.ant.taskdefs.optional.junit.JUnitTestRunner.main(JUnitTestRunner.java:766)
2011. 11. 17 오전 6:34:00 com.mongodb.DBTCPConnector fetchMaxBsonObjectSize
경고: Exception determining maxBSON size using0
java.io.IOException: couldn't connect to [/61.250.201.78:27017] bc:java.net.ConnectException: Connection timed out: connect
	at com.mongodb.DBPort._open(DBPort.java:224)
	at com.mongodb.DBPort.go(DBPort.java:101)
	at com.mongodb.DBPort.go(DBPort.java:82)
	at com.mongodb.DBPort.findOne(DBPort.java:142)
	at com.mongodb.DBPort.runCommand(DBPort.java:151)
	at com.mongodb.DBTCPConnector.fetchMaxBsonObjectSize(DBTCPConnector.java:429)
	at com.mongodb.Mongo.getMaxBsonObjectSize(Mongo.java:544)
	at com.mongodb.DBApiLayer$MyCollection.insert(DBApiLayer.java:244)
	at com.mongodb.DBApiLayer$MyCollection.createIndex(DBApiLayer.java:354)
	at com.mongodb.DBCollection.ensureIndex(DBCollection.java:444)
	at com.mongodb.DBCollection.ensureIndex(DBCollection.java:392)
	at net.ion.radon.repository.Workspace.createWorkspace(Workspace.java:64)
	at net.ion.radon.repository.Workspace.load(Workspace.java:43)
	at net.ion.radon.repository.Repository.getWorkspace(Repository.java:28)
	at net.ion.radon.repository.LocalSession.getCurrentWorkspace(LocalSession.java:147)
	at net.ion.radon.repository.LocalSession.dropWorkspace(LocalSession.java:76)
	at net.ion.radon.repository.TestBaseRepository.setUp(TestBaseRepository.java:17)
	at junit.framework.TestCase.runBare(TestCase.java:128)
	at junit.framework.TestResult$1.protect(TestResult.java:106)
	at junit.framework.TestResult.runProtected(TestResult.java:124)
	at junit.framework.TestResult.run(TestResult.java:109)
	at junit.framework.TestCase.run(TestCase.java:120)
	at junit.framework.TestSuite.runTest(TestSuite.java:230)
	at junit.framework.TestSuite.run(TestSuite.java:225)
	at junit.framework.TestSuite.runTest(TestSuite.java:230)
	at junit.framework.TestSuite.run(TestSuite.java:225)
	at junit.framework.TestSuite.runTest(TestSuite.java:230)
	at junit.framework.TestSuite.run(TestSuite.java:225)
	at junit.framework.TestSuite.runTest(TestSuite.java:230)
	at junit.framework.TestSuite.run(TestSuite.java:225)
	at org.apache.tools.ant.taskdefs.optional.junit.JUnitTestRunner.run(JUnitTestRunner.java:421)
	at org.apache.tools.ant.taskdefs.optional.junit.JUnitTestRunner.launch(JUnitTestRunner.java:912)
	at org.apache.tools.ant.taskdefs.optional.junit.JUnitTestRunner.main(JUnitTestRunner.java:766)
2011. 11. 17 오전 6:34:21 com.mongodb.DBTCPConnector fetchMaxBsonObjectSize
경고: Exception determining maxBSON size using0
java.io.IOException: couldn't connect to [/61.250.201.78:27017] bc:java.net.ConnectException: Connection timed out: connect
	at com.mongodb.DBPort._open(DBPort.java:224)
	at com.mongodb.DBPort.go(DBPort.java:101)
	at com.mongodb.DBPort.go(DBPort.java:82)
	at com.mongodb.DBPort.findOne(DBPort.java:142)
	at com.mongodb.DBPort.runCommand(DBPort.java:151)
	at com.mongodb.DBTCPConnector.fetchMaxBsonObjectSize(DBTCPConnector.java:429)
	at com.mongodb.DBTCPConnector.checkMaster(DBTCPConnector.java:416)
	at com.mongodb.DBTCPConnector.say(DBTCPConnector.java:139)
	at com.mongodb.DBTCPConnector.say(DBTCPConnector.java:132)
	at com.mongodb.DBApiLayer$MyCollection.insert(DBApiLayer.java:262)
	at com.mongodb.DBApiLayer$MyCollection.createIndex(DBApiLayer.java:354)
	at com.mongodb.DBCollection.ensureIndex(DBCollection.java:444)
	at com.mongodb.DBCollection.ensureIndex(DBCollection.java:392)
	at net.ion.radon.repository.Workspace.createWorkspace(Workspace.java:64)
	at net.ion.radon.repository.Workspace.load(Workspace.java:43)
	at net.ion.radon.repository.Repository.getWorkspace(Repository.java:28)
	at net.ion.radon.repository.LocalSession.getCurrentWorkspace(LocalSession.java:147)
	at net.ion.radon.repository.LocalSession.dropWorkspace(LocalSession.java:76)
	at net.ion.radon.repository.TestBaseRepository.setUp(TestBaseRepository.java:17)
	at junit.framework.TestCase.runBare(TestCase.java:128)
	at junit.framework.TestResult$1.protect(TestResult.java:106)
	at junit.framework.TestResult.runProtected(TestResult.java:124)
	at junit.framework.TestResult.run(TestResult.java:109)
	at junit.framework.TestCase.run(TestCase.java:120)
	at junit.framework.TestSuite.runTest(TestSuite.java:230)
	at junit.framework.TestSuite.run(TestSuite.java:225)
	at junit.framework.TestSuite.runTest(TestSuite.java:230)
	at junit.framework.TestSuite.run(TestSuite.java:225)
	at junit.framework.TestSuite.runTest(TestSuite.java:230)
	at junit.framework.TestSuite.run(TestSuite.java:225)
	at junit.framework.TestSuite.runTest(TestSuite.java:230)
	at junit.framework.TestSuite.run(TestSuite.java:225)
	at org.apache.tools.ant.taskdefs.optional.junit.JUnitTestRunner.run(JUnitTestRunner.java:421)
	at org.apache.tools.ant.taskdefs.optional.junit.JUnitTestRunner.launch(JUnitTestRunner.java:912)
	at org.apache.tools.ant.taskdefs.optional.junit.JUnitTestRunner.main(JUnitTestRunner.java:766)
2011. 11. 17 오전 6:34:42 com.mongodb.DBPortPool gotError
경고: emptying DBPortPool to 61.250.201.78:27017 b/c of error
java.io.IOException: couldn't connect to [/61.250.201.78:27017] bc:java.net.ConnectException: Connection timed out: connect
	at com.mongodb.DBPort._open(DBPort.java:224)
	at com.mongodb.DBPort.go(DBPort.java:101)
	at com.mongodb.DBPort.go(DBPort.java:82)
	at com.mongodb.DBPort.say(DBPort.java:77)
	at com.mongodb.DBTCPConnector.say(DBTCPConnector.java:146)
	at com.mongodb.DBTCPConnector.say(DBTCPConnector.java:132)
	at com.mongodb.DBApiLayer$MyCollection.insert(DBApiLayer.java:262)
	at com.mongodb.DBApiLayer$MyCollection.createIndex(DBApiLayer.java:354)
	at com.mongodb.DBCollection.ensureIndex(DBCollection.java:444)
	at com.mongodb.DBCollection.ensureIndex(DBCollection.java:392)
	at net.ion.radon.repository.Workspace.createWorkspace(Workspace.java:64)
	at net.ion.radon.repository.Workspace.load(Workspace.java:43)
	at net.ion.radon.repository.Repository.getWorkspace(Repository.java:28)
	at net.ion.radon.repository.LocalSession.getCurrentWorkspace(LocalSession.java:147)
	at net.ion.radon.repository.LocalSession.dropWorkspace(LocalSession.java:76)
	at net.ion.radon.repository.TestBaseRepository.setUp(TestBaseRepository.java:17)
	at junit.framework.TestCase.runBare(TestCase.java:128)
	at junit.framework.TestResult$1.protect(TestResult.java:106)
	at junit.framework.TestResult.runProtected(TestResult.java:124)
	at junit.framework.TestResult.run(TestResult.java:109)
	at junit.framework.TestCase.run(TestCase.java:120)
	at junit.framework.TestSuite.runTest(TestSuite.java:230)
	at junit.framework.TestSuite.run(TestSuite.java:225)
	at junit.framework.TestSuite.runTest(TestSuite.java:230)
	at junit.framework.TestSuite.run(TestSuite.java:225)
	at junit.framework.TestSuite.runTest(TestSuite.java:230)
	at junit.framework.TestSuite.run(TestSuite.java:225)
	at junit.framework.TestSuite.runTest(TestSuite.java:230)
	at junit.framework.TestSuite.run(TestSuite.java:225)
	at org.apache.tools.ant.taskdefs.optional.junit.JUnitTestRunner.run(JUnitTestRunner.java:421)
	at org.apache.tools.ant.taskdefs.optional.junit.JUnitTestRunner.launch(JUnitTestRunner.java:912)
	at org.apache.tools.ant.taskdefs.optional.junit.JUnitTestRunner.main(JUnitTestRunner.java:766)
2011. 11. 17 오전 6:35:03 com.mongodb.DBTCPConnector fetchMaxBsonObjectSize
경고: Exception determining maxBSON size using0
java.io.IOException: couldn't connect to [/61.250.201.78:27017] bc:java.net.ConnectException: Connection timed out: connect
	at com.mongodb.DBPort._open(DBPort.java:224)
	at com.mongodb.DBPort.go(DBPort.java:101)
	at com.mongodb.DBPort.go(DBPort.java:82)
	at com.mongodb.DBPort.findOne(DBPort.java:142)
	at com.mongodb.DBPort.runCommand(DBPort.java:151)
	at com.mongodb.DBTCPConnector.fetchMaxBsonObjectSize(DBTCPConnector.java:429)
	at com.mongodb.Mongo.getMaxBsonObjectSize(Mongo.java:544)
	at com.mongodb.DBApiLayer$MyCollection.insert(DBApiLayer.java:244)
	at com.mongodb.DBApiLayer$MyCollection.createIndex(DBApiLayer.java:354)
	at com.mongodb.DBCollection.ensureIndex(DBCollection.java:444)
	at com.mongodb.DBCollection.ensureIndex(DBCollection.java:392)
	at net.ion.radon.repository.Workspace.createWorkspace(Workspace.java:64)
	at net.ion.radon.repository.Workspace.load(Workspace.java:43)
	at net.ion.radon.repository.Repository.getWorkspace(Repository.java:28)
	at net.ion.radon.repository.LocalSession.getCurrentWorkspace(LocalSession.java:147)
	at net.ion.radon.repository.LocalSession.dropWorkspace(LocalSession.java:76)
	at net.ion.radon.repository.TestBaseRepository.setUp(TestBaseRepository.java:17)
	at junit.framework.TestCase.runBare(TestCase.java:128)
	at junit.framework.TestResult$1.protect(TestResult.java:106)
	at junit.framework.TestResult.runProtected(TestResult.java:124)
	at junit.framework.TestResult.run(TestResult.java:109)
	at junit.framework.TestCase.run(TestCase.java:120)
	at junit.framework.TestSuite.runTest(TestSuite.java:230)
	at junit.framework.TestSuite.run(TestSuite.java:225)
	at junit.framework.TestSuite.runTest(TestSuite.java:230)
	at junit.framework.TestSuite.run(TestSuite.java:225)
	at junit.framework.TestSuite.runTest(TestSuite.java:230)
	at junit.framework.TestSuite.run(TestSuite.java:225)
	at junit.framework.TestSuite.runTest(TestSuite.java:230)
	at junit.framework.TestSuite.run(TestSuite.java:225)
	at org.apache.tools.ant.taskdefs.optional.junit.JUnitTestRunner.run(JUnitTestRunner.java:421)
	at org.apache.tools.ant.taskdefs.optional.junit.JUnitTestRunner.launch(JUnitTestRunner.java:912)
	at org.apache.tools.ant.taskdefs.optional.junit.JUnitTestRunner.main(JUnitTestRunner.java:766)
2011. 11. 17 오전 6:35:25 com.mongodb.DBTCPConnector fetchMaxBsonObjectSize
경고: Exception determining maxBSON size using0
java.io.IOException: couldn't connect to [/61.250.201.78:27017] bc:java.net.ConnectException: Connection timed out: connect
	at com.mongodb.DBPort._open(DBPort.java:224)
	at com.mongodb.DBPort.go(DBPort.java:101)
	at com.mongodb.DBPort.go(DBPort.java:82)
	at com.mongodb.DBPort.findOne(DBPort.java:142)
	at com.mongodb.DBPort.runCommand(DBPort.java:151)
	at com.mongodb.DBTCPConnector.fetchMaxBsonObjectSize(DBTCPConnector.java:429)
	at com.mongodb.DBTCPConnector.checkMaster(DBTCPConnector.java:416)
	at com.mongodb.DBTCPConnector.say(DBTCPConnector.java:139)
	at com.mongodb.DBTCPConnector.say(DBTCPConnector.java:132)
	at com.mongodb.DBApiLayer$MyCollection.insert(DBApiLayer.java:262)
	at com.mongodb.DBApiLayer$MyCollection.createIndex(DBApiLayer.java:354)
	at com.mongodb.DBCollection.ensureIndex(DBCollection.java:444)
	at com.mongodb.DBCollection.ensureIndex(DBCollection.java:392)
	at net.ion.radon.repository.Workspace.createWorkspace(Workspace.java:64)
	at net.ion.radon.repository.Workspace.load(Workspace.java:43)
	at net.ion.radon.repository.Repository.getWorkspace(Repository.java:28)
	at net.ion.radon.repository.LocalSession.getCurrentWorkspace(LocalSession.java:147)
	at net.ion.radon.repository.LocalSession.dropWorkspace(LocalSession.java:76)
	at net.ion.radon.repository.TestBaseRepository.setUp(TestBaseRepository.java:17)
	at junit.framework.TestCase.runBare(TestCase.java:128)
	at junit.framework.TestResult$1.protect(TestResult.java:106)
	at junit.framework.TestResult.runProtected(TestResult.java:124)
	at junit.framework.TestResult.run(TestResult.java:109)
	at junit.framework.TestCase.run(TestCase.java:120)
	at junit.framework.TestSuite.runTest(TestSuite.java:230)
	at junit.framework.TestSuite.run(TestSuite.java:225)
	at junit.framework.TestSuite.runTest(TestSuite.java:230)
	at junit.framework.TestSuite.run(TestSuite.java:225)
	at junit.framework.TestSuite.runTest(TestSuite.java:230)
	at junit.framework.TestSuite.run(TestSuite.java:225)
	at junit.framework.TestSuite.runTest(TestSuite.java:230)
	at junit.framework.TestSuite.run(TestSuite.java:225)
	at org.apache.tools.ant.taskdefs.optional.junit.JUnitTestRunner.run(JUnitTestRunner.java:421)
	at org.apache.tools.ant.taskdefs.optional.junit.JUnitTestRunner.launch(JUnitTestRunner.java:912)
	at org.apache.tools.ant.taskdefs.optional.junit.JUnitTestRunner.main(JUnitTestRunner.java:766)
2011. 11. 17 오전 6:35:46 com.mongodb.DBPortPool gotError
경고: emptying DBPortPool to 61.250.201.78:27017 b/c of error
java.io.IOException: couldn't connect to [/61.250.201.78:27017] bc:java.net.ConnectException: Connection timed out: connect
	at com.mongodb.DBPort._open(DBPort.java:224)
	at com.mongodb.DBPort.go(DBPort.java:101)
	at com.mongodb.DBPort.go(DBPort.java:82)
	at com.mongodb.DBPort.say(DBPort.java:77)
	at com.mongodb.DBTCPConnector.say(DBTCPConnector.java:146)
	at com.mongodb.DBTCPConnector.say(DBTCPConnector.java:132)
	at com.mongodb.DBApiLayer$MyCollection.insert(DBApiLayer.java:262)
	at com.mongodb.DBApiLayer$MyCollection.createIndex(DBApiLayer.java:354)
	at com.mongodb.DBCollection.ensureIndex(DBCollection.java:444)
	at com.mongodb.DBCollection.ensureIndex(DBCollection.java:392)
	at net.ion.radon.repository.Workspace.createWorkspace(Workspace.java:64)
	at net.ion.radon.repository.Workspace.load(Workspace.java:43)
	at net.ion.radon.repository.Repository.getWorkspace(Repository.java:28)
	at net.ion.radon.repository.LocalSession.getCurrentWorkspace(LocalSession.java:147)
	at net.ion.radon.repository.LocalSession.dropWorkspace(LocalSession.java:76)
	at net.ion.radon.repository.TestBaseRepository.setUp(TestBaseRepository.java:17)
	at junit.framework.TestCase.runBare(TestCase.java:128)
	at junit.framework.TestResult$1.protect(TestResult.java:106)
	at junit.framework.TestResult.runProtected(TestResult.java:124)
	at junit.framework.TestResult.run(TestResult.java:109)
	at junit.framework.TestCase.run(TestCase.java:120)
	at junit.framework.TestSuite.runTest(TestSuite.java:230)
	at junit.framework.TestSuite.run(TestSuite.java:225)
	at junit.framework.TestSuite.runTest(TestSuite.java:230)
	at junit.framework.TestSuite.run(TestSuite.java:225)
	at junit.framework.TestSuite.runTest(TestSuite.java:230)
	at junit.framework.TestSuite.run(TestSuite.java:225)
	at junit.framework.TestSuite.runTest(TestSuite.java:230)
	at junit.framework.TestSuite.run(TestSuite.java:225)
	at org.apache.tools.ant.taskdefs.optional.junit.JUnitTestRunner.run(JUnitTestRunner.java:421)
	at org.apache.tools.ant.taskdefs.optional.junit.JUnitTestRunner.launch(JUnitTestRunner.java:912)
	at org.apache.tools.ant.taskdefs.optional.junit.JUnitTestRunner.main(JUnitTestRunner.java:766)
2011. 11. 17 오전 6:36:07 com.mongodb.DBTCPConnector fetchMaxBsonObjectSize
경고: Exception determining maxBSON size using0
java.io.IOException: couldn't connect to [/61.250.201.78:27017] bc:java.net.ConnectException: Connection timed out: connect
	at com.mongodb.DBPort._open(DBPort.java:224)
	at com.mongodb.DBPort.go(DBPort.java:101)
	at com.mongodb.DBPort.go(DBPort.java:82)
	at com.mongodb.DBPort.findOne(DBPort.java:142)
	at com.mongodb.DBPort.runCommand(DBPort.java:151)
	at com.mongodb.DBTCPConnector.fetchMaxBsonObjectSize(DBTCPConnector.java:429)
	at com.mongodb.Mongo.getMaxBsonObjectSize(Mongo.java:544)
	at com.mongodb.DBApiLayer$MyCollection.insert(DBApiLayer.java:244)
	at com.mongodb.DBApiLayer$MyCollection.createIndex(DBApiLayer.java:354)
	at com.mongodb.DBCollection.ensureIndex(DBCollection.java:444)
	at com.mongodb.DBCollection.ensureIndex(DBCollection.java:392)
	at net.ion.radon.repository.Workspace.createWorkspace(Workspace.java:64)
	at net.ion.radon.repository.Workspace.load(Workspace.java:43)
	at net.ion.radon.repository.Repository.getWorkspace(Repository.java:28)
	at net.ion.radon.repository.LocalSession.getCurrentWorkspace(LocalSession.java:147)
	at net.ion.radon.repository.LocalSession.dropWorkspace(LocalSession.java:76)
	at net.ion.radon.repository.TestBaseRepository.setUp(TestBaseRepository.java:17)
	at junit.framework.TestCase.runBare(TestCase.java:128)
	at junit.framework.TestResult$1.protect(TestResult.java:106)
	at junit.framework.TestResult.runProtected(TestResult.java:124)
	at junit.framework.TestResult.run(TestResult.java:109)
	at junit.framework.TestCase.run(TestCase.java:120)
	at junit.framework.TestSuite.runTest(TestSuite.java:230)
	at junit.framework.TestSuite.run(TestSuite.java:225)
	at junit.framework.TestSuite.runTest(TestSuite.java:230)
	at junit.framework.TestSuite.run(TestSuite.java:225)
	at junit.framework.TestSuite.runTest(TestSuite.java:230)
	at junit.framework.TestSuite.run(TestSuite.java:225)
	at junit.framework.TestSuite.runTest(TestSuite.java:230)
	at junit.framework.TestSuite.run(TestSuite.java:225)
	at org.apache.tools.ant.taskdefs.optional.junit.JUnitTestRunner.run(JUnitTestRunner.java:421)
	at org.apache.tools.ant.taskdefs.optional.junit.JUnitTestRunner.launch(JUnitTestRunner.java:912)
	at org.apache.tools.ant.taskdefs.optional.junit.JUnitTestRunner.main(JUnitTestRunner.java:766)
2011. 11. 17 오전 6:36:28 com.mongodb.DBTCPConnector fetchMaxBsonObjectSize
경고: Exception determining maxBSON size using0
java.io.IOException: couldn't connect to [/61.250.201.78:27017] bc:java.net.ConnectException: Connection timed out: connect
	at com.mongodb.DBPort._open(DBPort.java:224)
	at com.mongodb.DBPort.go(DBPort.java:101)
	at com.mongodb.DBPort.go(DBPort.java:82)
	at com.mongodb.DBPort.findOne(DBPort.java:142)
	at com.mongodb.DBPort.runCommand(DBPort.java:151)
	at com.mongodb.DBTCPConnector.fetchMaxBsonObjectSize(DBTCPConnector.java:429)
	at com.mongodb.DBTCPConnector.checkMaster(DBTCPConnector.java:416)
	at com.mongodb.DBTCPConnector.say(DBTCPConnector.java:139)
	at com.mongodb.DBTCPConnector.say(DBTCPConnector.java:132)
	at com.mongodb.DBApiLayer$MyCollection.insert(DBApiLayer.java:262)
	at com.mongodb.DBApiLayer$MyCollection.createIndex(DBApiLayer.java:354)
	at com.mongodb.DBCollection.ensureIndex(DBCollection.java:444)
	at com.mongodb.DBCollection.ensureIndex(DBCollection.java:392)
	at net.ion.radon.repository.Workspace.createWorkspace(Workspace.java:64)
	at net.ion.radon.repository.Workspace.load(Workspace.java:43)
	at net.ion.radon.repository.Repository.getWorkspace(Repository.java:28)
	at net.ion.radon.repository.LocalSession.getCurrentWorkspace(LocalSession.java:147)
	at net.ion.radon.repository.LocalSession.dropWorkspace(LocalSession.java:76)
	at net.ion.radon.repository.TestBaseRepository.setUp(TestBaseRepository.java:17)
	at junit.framework.TestCase.runBare(TestCase.java:128)
	at junit.framework.TestResult$1.protect(TestResult.java:106)
	at junit.framework.TestResult.runProtected(TestResult.java:124)
	at junit.framework.TestResult.run(TestResult.java:109)
	at junit.framework.TestCase.run(TestCase.java:120)
	at junit.framework.TestSuite.runTest(TestSuite.java:230)
	at junit.framework.TestSuite.run(TestSuite.java:225)
	at junit.framework.TestSuite.runTest(TestSuite.java:230)
	at junit.framework.TestSuite.run(TestSuite.java:225)
	at junit.framework.TestSuite.runTest(TestSuite.java:230)
	at junit.framework.TestSuite.run(TestSuite.java:225)
	at junit.framework.TestSuite.runTest(TestSuite.java:230)
	at junit.framework.TestSuite.run(TestSuite.java:225)
	at org.apache.tools.ant.taskdefs.optional.junit.JUnitTestRunner.run(JUnitTestRunner.java:421)
	at org.apache.tools.ant.taskdefs.optional.junit.JUnitTestRunner.launch(JUnitTestRunner.java:912)
	at org.apache.tools.ant.taskdefs.optional.junit.JUnitTestRunner.main(JUnitTestRunner.java:766)
2011. 11. 17 오전 6:36:49 com.mongodb.DBPortPool gotError
경고: emptying DBPortPool to 61.250.201.78:27017 b/c of error
java.io.IOException: couldn't connect to [/61.250.201.78:27017] bc:java.net.ConnectException: Connection timed out: connect
	at com.mongodb.DBPort._open(DBPort.java:224)
	at com.mongodb.DBPort.go(DBPort.java:101)
	at com.mongodb.DBPort.go(DBPort.java:82)
	at com.mongodb.DBPort.say(DBPort.java:77)
	at com.mongodb.DBTCPConnector.say(DBTCPConnector.java:146)
	at com.mongodb.DBTCPConnector.say(DBTCPConnector.java:132)
	at com.mongodb.DBApiLayer$MyCollection.insert(DBApiLayer.java:262)
	at com.mongodb.DBApiLayer$MyCollection.createIndex(DBApiLayer.java:354)
	at com.mongodb.DBCollection.ensureIndex(DBCollection.java:444)
	at com.mongodb.DBCollection.ensureIndex(DBCollection.java:392)
	at net.ion.radon.repository.Workspace.createWorkspace(Workspace.java:64)
	at net.ion.radon.repository.Workspace.load(Workspace.java:43)
	at net.ion.radon.repository.Repository.getWorkspace(Repository.java:28)
	at net.ion.radon.repository.LocalSession.getCurrentWorkspace(LocalSession.java:147)
	at net.ion.radon.repository.LocalSession.dropWorkspace(LocalSession.java:76)
	at net.ion.radon.repository.TestBaseRepository.setUp(TestBaseRepository.java:17)
	at junit.framework.TestCase.runBare(TestCase.java:128)
	at junit.framework.TestResult$1.protect(TestResult.java:106)
	at junit.framework.TestResult.runProtected(TestResult.java:124)
	at junit.framework.TestResult.run(TestResult.java:109)
	at junit.framework.TestCase.run(TestCase.java:120)
	at junit.framework.TestSuite.runTest(TestSuite.java:230)
	at junit.framework.TestSuite.run(TestSuite.java:225)
	at junit.framework.TestSuite.runTest(TestSuite.java:230)
	at junit.framework.TestSuite.run(TestSuite.java:225)
	at junit.framework.TestSuite.runTest(TestSuite.java:230)
	at junit.framework.TestSuite.run(TestSuite.java:225)
	at junit.framework.TestSuite.runTest(TestSuite.java:230)
	at junit.framework.TestSuite.run(TestSuite.java:225)
	at org.apache.tools.ant.taskdefs.optional.junit.JUnitTestRunner.run(JUnitTestRunner.java:421)
	at org.apache.tools.ant.taskdefs.optional.junit.JUnitTestRunner.launch(JUnitTestRunner.java:912)
	at org.apache.tools.ant.taskdefs.optional.junit.JUnitTestRunner.main(JUnitTestRunner.java:766)
2011. 11. 17 오전 6:37:10 com.mongodb.DBTCPConnector fetchMaxBsonObjectSize
경고: Exception determining maxBSON size using0
java.io.IOException: couldn't connect to [/61.250.201.78:27017] bc:java.net.ConnectException: Connection timed out: connect
	at com.mongodb.DBPort._open(DBPort.java:224)
	at com.mongodb.DBPort.go(DBPort.java:101)
	at com.mongodb.DBPort.go(DBPort.java:82)
	at com.mongodb.DBPort.findOne(DBPort.java:142)
	at com.mongodb.DBPort.runCommand(DBPort.java:151)
	at com.mongodb.DBTCPConnector.fetchMaxBsonObjectSize(DBTCPConnector.java:429)
	at com.mongodb.Mongo.getMaxBsonObjectSize(Mongo.java:544)
	at com.mongodb.DBApiLayer$MyCollection.insert(DBApiLayer.java:244)
	at com.mongodb.DBApiLayer$MyCollection.createIndex(DBApiLayer.java:354)
	at com.mongodb.DBCollection.ensureIndex(DBCollection.java:444)
	at com.mongodb.DBCollection.ensureIndex(DBCollection.java:392)
	at net.ion.radon.repository.Workspace.createWorkspace(Workspace.java:64)
	at net.ion.radon.repository.Workspace.load(Workspace.java:43)
	at net.ion.radon.repository.Repository.getWorkspace(Repository.java:28)
	at net.ion.radon.repository.LocalSession.getCurrentWorkspace(LocalSession.java:147)
	at net.ion.radon.repository.LocalSession.dropWorkspace(LocalSession.java:76)
	at net.ion.radon.repository.TestBaseRepository.setUp(TestBaseRepository.java:17)
	at junit.framework.TestCase.runBare(TestCase.java:128)
	at junit.framework.TestResult$1.protect(TestResult.java:106)
	at junit.framework.TestResult.runProtected(TestResult.java:124)
	at junit.framework.TestResult.run(TestResult.java:109)
	at junit.framework.TestCase.run(TestCase.java:120)
	at junit.framework.TestSuite.runTest(TestSuite.java:230)
	at junit.framework.TestSuite.run(TestSuite.java:225)
	at junit.framework.TestSuite.runTest(TestSuite.java:230)
	at junit.framework.TestSuite.run(TestSuite.java:225)
	at junit.framework.TestSuite.runTest(TestSuite.java:230)
	at junit.framework.TestSuite.run(TestSuite.java:225)
	at junit.framework.TestSuite.runTest(TestSuite.java:230)
	at junit.framework.TestSuite.run(TestSuite.java:225)
	at org.apache.tools.ant.taskdefs.optional.junit.JUnitTestRunner.run(JUnitTestRunner.java:421)
	at org.apache.tools.ant.taskdefs.optional.junit.JUnitTestRunner.launch(JUnitTestRunner.java:912)
	at org.apache.tools.ant.taskdefs.optional.junit.JUnitTestRunner.main(JUnitTestRunner.java:766)
2011. 11. 17 오전 6:37:31 com.mongodb.DBTCPConnector fetchMaxBsonObjectSize
경고: Exception determining maxBSON size using0
java.io.IOException: couldn't connect to [/61.250.201.78:27017] bc:java.net.ConnectException: Connection timed out: connect
	at com.mongodb.DBPort._open(DBPort.java:224)
	at com.mongodb.DBPort.go(DBPort.java:101)
	at com.mongodb.DBPort.go(DBPort.java:82)
	at com.mongodb.DBPort.findOne(DBPort.java:142)
	at com.mongodb.DBPort.runCommand(DBPort.java:151)
	at com.mongodb.DBTCPConnector.fetchMaxBsonObjectSize(DBTCPConnector.java:429)
	at com.mongodb.DBTCPConnector.checkMaster(DBTCPConnector.java:416)
	at com.mongodb.DBTCPConnector.say(DBTCPConnector.java:139)
	at com.mongodb.DBTCPConnector.say(DBTCPConnector.java:132)
	at com.mongodb.DBApiLayer$MyCollection.insert(DBApiLayer.java:262)
	at com.mongodb.DBApiLayer$MyCollection.createIndex(DBApiLayer.java:354)
	at com.mongodb.DBCollection.ensureIndex(DBCollection.java:444)
	at com.mongodb.DBCollection.ensureIndex(DBCollection.java:392)
	at net.ion.radon.repository.Workspace.createWorkspace(Workspace.java:64)
	at net.ion.radon.repository.Workspace.load(Workspace.java:43)
	at net.ion.radon.repository.Repository.getWorkspace(Repository.java:28)
	at net.ion.radon.repository.LocalSession.getCurrentWorkspace(LocalSession.java:147)
	at net.ion.radon.repository.LocalSession.dropWorkspace(LocalSession.java:76)
	at net.ion.radon.repository.TestBaseRepository.setUp(TestBaseRepository.java:17)
	at junit.framework.TestCase.runBare(TestCase.java:128)
	at junit.framework.TestResult$1.protect(TestResult.java:106)
	at junit.framework.TestResult.runProtected(TestResult.java:124)
	at junit.framework.TestResult.run(TestResult.java:109)
	at junit.framework.TestCase.run(TestCase.java:120)
	at junit.framework.TestSuite.runTest(TestSuite.java:230)
	at junit.framework.TestSuite.run(TestSuite.java:225)
	at junit.framework.TestSuite.runTest(TestSuite.java:230)
	at junit.framework.TestSuite.run(TestSuite.java:225)
	at junit.framework.TestSuite.runTest(TestSuite.java:230)
	at junit.framework.TestSuite.run(TestSuite.java:225)
	at junit.framework.TestSuite.runTest(TestSuite.java:230)
	at junit.framework.TestSuite.run(TestSuite.java:225)
	at org.apache.tools.ant.taskdefs.optional.junit.JUnitTestRunner.run(JUnitTestRunner.java:421)
	at org.apache.tools.ant.taskdefs.optional.junit.JUnitTestRunner.launch(JUnitTestRunner.java:912)
	at org.apache.tools.ant.taskdefs.optional.junit.JUnitTestRunner.main(JUnitTestRunner.java:766)
2011. 11. 17 오전 6:37:52 com.mongodb.DBPortPool gotError
경고: emptying DBPortPool to 61.250.201.78:27017 b/c of error
java.io.IOException: couldn't connect to [/61.250.201.78:27017] bc:java.net.ConnectException: Connection timed out: connect
	at com.mongodb.DBPort._open(DBPort.java:224)
	at com.mongodb.DBPort.go(DBPort.java:101)
	at com.mongodb.DBPort.go(DBPort.java:82)
	at com.mongodb.DBPort.say(DBPort.java:77)
	at com.mongodb.DBTCPConnector.say(DBTCPConnector.java:146)
	at com.mongodb.DBTCPConnector.say(DBTCPConnector.java:132)
	at com.mongodb.DBApiLayer$MyCollection.insert(DBApiLayer.java:262)
	at com.mongodb.DBApiLayer$MyCollection.createIndex(DBApiLayer.java:354)
	at com.mongodb.DBCollection.ensureIndex(DBCollection.java:444)
	at com.mongodb.DBCollection.ensureIndex(DBCollection.java:392)
	at net.ion.radon.repository.Workspace.createWorkspace(Workspace.java:64)
	at net.ion.radon.repository.Workspace.load(Workspace.java:43)
	at net.ion.radon.repository.Repository.getWorkspace(Repository.java:28)
	at net.ion.radon.repository.LocalSession.getCurrentWorkspace(LocalSession.java:147)
	at net.ion.radon.repository.LocalSession.dropWorkspace(LocalSession.java:76)
	at net.ion.radon.repository.TestBaseRepository.setUp(TestBaseRepository.java:17)
	at junit.framework.TestCase.runBare(TestCase.java:128)
	at junit.framework.TestResult$1.protect(TestResult.java:106)
	at junit.framework.TestResult.runProtected(TestResult.java:124)
	at junit.framework.TestResult.run(TestResult.java:109)
	at junit.framework.TestCase.run(TestCase.java:120)
	at junit.framework.TestSuite.runTest(TestSuite.java:230)
	at junit.framework.TestSuite.run(TestSuite.java:225)
	at junit.framework.TestSuite.runTest(TestSuite.java:230)
	at junit.framework.TestSuite.run(TestSuite.java:225)
	at junit.framework.TestSuite.runTest(TestSuite.java:230)
	at junit.framework.TestSuite.run(TestSuite.java:225)
	at junit.framework.TestSuite.runTest(TestSuite.java:230)
	at junit.framework.TestSuite.run(TestSuite.java:225)
	at org.apache.tools.ant.taskdefs.optional.junit.JUnitTestRunner.run(JUnitTestRunner.java:421)
	at org.apache.tools.ant.taskdefs.optional.junit.JUnitTestRunner.launch(JUnitTestRunner.java:912)
	at org.apache.tools.ant.taskdefs.optional.junit.JUnitTestRunner.main(JUnitTestRunner.java:766)
2011. 11. 17 오전 6:38:13 com.mongodb.DBTCPConnector fetchMaxBsonObjectSize
경고: Exception determining maxBSON size using0
java.io.IOException: couldn't connect to [/61.250.201.78:27017] bc:java.net.ConnectException: Connection timed out: connect
	at com.mongodb.DBPort._open(DBPort.java:224)
	at com.mongodb.DBPort.go(DBPort.java:101)
	at com.mongodb.DBPort.go(DBPort.java:82)
	at com.mongodb.DBPort.findOne(DBPort.java:142)
	at com.mongodb.DBPort.runCommand(DBPort.java:151)
	at com.mongodb.DBTCPConnector.fetchMaxBsonObjectSize(DBTCPConnector.java:429)
	at com.mongodb.Mongo.getMaxBsonObjectSize(Mongo.java:544)
	at com.mongodb.DBApiLayer$MyCollection.insert(DBApiLayer.java:244)
	at com.mongodb.DBApiLayer$MyCollection.createIndex(DBApiLayer.java:354)
	at com.mongodb.DBCollection.ensureIndex(DBCollection.java:444)
	at com.mongodb.DBCollection.ensureIndex(DBCollection.java:392)
	at net.ion.radon.repository.Workspace.createWorkspace(Workspace.java:64)
	at net.ion.radon.repository.Workspace.load(Workspace.java:43)
	at net.ion.radon.repository.Repository.getWorkspace(Repository.java:28)
	at net.ion.radon.repository.LocalSession.getCurrentWorkspace(LocalSession.java:147)
	at net.ion.radon.repository.LocalSession.dropWorkspace(LocalSession.java:76)
	at net.ion.radon.repository.TestBaseRepository.setUp(TestBaseRepository.java:17)
	at junit.framework.TestCase.runBare(TestCase.java:128)
	at junit.framework.TestResult$1.protect(TestResult.java:106)
	at junit.framework.TestResult.runProtected(TestResult.java:124)
	at junit.framework.TestResult.run(TestResult.java:109)
	at junit.framework.TestCase.run(TestCase.java:120)
	at junit.framework.TestSuite.runTest(TestSuite.java:230)
	at junit.framework.TestSuite.run(TestSuite.java:225)
	at junit.framework.TestSuite.runTest(TestSuite.java:230)
	at junit.framework.TestSuite.run(TestSuite.java:225)
	at junit.framework.TestSuite.runTest(TestSuite.java:230)
	at junit.framework.TestSuite.run(TestSuite.java:225)
	at junit.framework.TestSuite.runTest(TestSuite.java:230)
	at junit.framework.TestSuite.run(TestSuite.java:225)
	at org.apache.tools.ant.taskdefs.optional.junit.JUnitTestRunner.run(JUnitTestRunner.java:421)
	at org.apache.tools.ant.taskdefs.optional.junit.JUnitTestRunner.launch(JUnitTestRunner.java:912)
	at org.apache.tools.ant.taskdefs.optional.junit.JUnitTestRunner.main(JUnitTestRunner.java:766)
2011. 11. 17 오전 6:38:34 com.mongodb.DBTCPConnector fetchMaxBsonObjectSize
경고: Exception determining maxBSON size using0
java.io.IOException: couldn't connect to [/61.250.201.78:27017] bc:java.net.ConnectException: Connection timed out: connect
	at com.mongodb.DBPort._open(DBPort.java:224)
	at com.mongodb.DBPort.go(DBPort.java:101)
	at com.mongodb.DBPort.go(DBPort.java:82)
	at com.mongodb.DBPort.findOne(DBPort.java:142)
	at com.mongodb.DBPort.runCommand(DBPort.java:151)
	at com.mongodb.DBTCPConnector.fetchMaxBsonObjectSize(DBTCPConnector.java:429)
	at com.mongodb.DBTCPConnector.checkMaster(DBTCPConnector.java:416)
	at com.mongodb.DBTCPConnector.say(DBTCPConnector.java:139)
	at com.mongodb.DBTCPConnector.say(DBTCPConnector.java:132)
	at com.mongodb.DBApiLayer$MyCollection.insert(DBApiLayer.java:262)
	at com.mongodb.DBApiLayer$MyCollection.createIndex(DBApiLayer.java:354)
	at com.mongodb.DBCollection.ensureIndex(DBCollection.java:444)
	at com.mongodb.DBCollection.ensureIndex(DBCollection.java:392)
	at net.ion.radon.repository.Workspace.createWorkspace(Workspace.java:64)
	at net.ion.radon.repository.Workspace.load(Workspace.java:43)
	at net.ion.radon.repository.Repository.getWorkspace(Repository.java:28)
	at net.ion.radon.repository.LocalSession.getCurrentWorkspace(LocalSession.java:147)
	at net.ion.radon.repository.LocalSession.dropWorkspace(LocalSession.java:76)
	at net.ion.radon.repository.TestBaseRepository.setUp(TestBaseRepository.java:17)
	at junit.framework.TestCase.runBare(TestCase.java:128)
	at junit.framework.TestResult$1.protect(TestResult.java:106)
	at junit.framework.TestResult.runProtected(TestResult.java:124)
	at junit.framework.TestResult.run(TestResult.java:109)
	at junit.framework.TestCase.run(TestCase.java:120)
	at junit.framework.TestSuite.runTest(TestSuite.java:230)
	at junit.framework.TestSuite.run(TestSuite.java:225)
	at junit.framework.TestSuite.runTest(TestSuite.java:230)
	at junit.framework.TestSuite.run(TestSuite.java:225)
	at junit.framework.TestSuite.runTest(TestSuite.java:230)
	at junit.framework.TestSuite.run(TestSuite.java:225)
	at junit.framework.TestSuite.runTest(TestSuite.java:230)
	at junit.framework.TestSuite.run(TestSuite.java:225)
	at org.apache.tools.ant.taskdefs.optional.junit.JUnitTestRunner.run(JUnitTestRunner.java:421)
	at org.apache.tools.ant.taskdefs.optional.junit.JUnitTestRunner.launch(JUnitTestRunner.java:912)
	at org.apache.tools.ant.taskdefs.optional.junit.JUnitTestRunner.main(JUnitTestRunner.java:766)
2011. 11. 17 오전 6:38:55 com.mongodb.DBPortPool gotError
경고: emptying DBPortPool to 61.250.201.78:27017 b/c of error
java.io.IOException: couldn't connect to [/61.250.201.78:27017] bc:java.net.ConnectException: Connection timed out: connect
	at com.mongodb.DBPort._open(DBPort.java:224)
	at com.mongodb.DBPort.go(DBPort.java:101)
	at com.mongodb.DBPort.go(DBPort.java:82)
	at com.mongodb.DBPort.say(DBPort.java:77)
	at com.mongodb.DBTCPConnector.say(DBTCPConnector.java:146)
	at com.mongodb.DBTCPConnector.say(DBTCPConnector.java:132)
	at com.mongodb.DBApiLayer$MyCollection.insert(DBApiLayer.java:262)
	at com.mongodb.DBApiLayer$MyCollection.createIndex(DBApiLayer.java:354)
	at com.mongodb.DBCollection.ensureIndex(DBCollection.java:444)
	at com.mongodb.DBCollection.ensureIndex(DBCollection.java:392)
	at net.ion.radon.repository.Workspace.createWorkspace(Workspace.java:64)
	at net.ion.radon.repository.Workspace.load(Workspace.java:43)
	at net.ion.radon.repository.Repository.getWorkspace(Repository.java:28)
	at net.ion.radon.repository.LocalSession.getCurrentWorkspace(LocalSession.java:147)
	at net.ion.radon.repository.LocalSession.dropWorkspace(LocalSession.java:76)
	at net.ion.radon.repository.TestBaseRepository.setUp(TestBaseRepository.java:17)
	at junit.framework.TestCase.runBare(TestCase.java:128)
	at junit.framework.TestResult$1.protect(TestResult.java:106)
	at junit.framework.TestResult.runProtected(TestResult.java:124)
	at junit.framework.TestResult.run(TestResult.java:109)
	at junit.framework.TestCase.run(TestCase.java:120)
	at junit.framework.TestSuite.runTest(TestSuite.java:230)
	at junit.framework.TestSuite.run(TestSuite.java:225)
	at junit.framework.TestSuite.runTest(TestSuite.java:230)
	at junit.framework.TestSuite.run(TestSuite.java:225)
	at junit.framework.TestSuite.runTest(TestSuite.java:230)
	at junit.framework.TestSuite.run(TestSuite.java:225)
	at junit.framework.TestSuite.runTest(TestSuite.java:230)
	at junit.framework.TestSuite.run(TestSuite.java:225)
	at org.apache.tools.ant.taskdefs.optional.junit.JUnitTestRunner.run(JUnitTestRunner.java:421)
	at org.apache.tools.ant.taskdefs.optional.junit.JUnitTestRunner.launch(JUnitTestRunner.java:912)
	at org.apache.tools.ant.taskdefs.optional.junit.JUnitTestRunner.main(JUnitTestRunner.java:766)
2011. 11. 17 오전 6:39:16 com.mongodb.DBTCPConnector fetchMaxBsonObjectSize
경고: Exception determining maxBSON size using0
java.io.IOException: couldn't connect to [/61.250.201.78:27017] bc:java.net.ConnectException: Connection timed out: connect
	at com.mongodb.DBPort._open(DBPort.java:224)
	at com.mongodb.DBPort.go(DBPort.java:101)
	at com.mongodb.DBPort.go(DBPort.java:82)
	at com.mongodb.DBPort.findOne(DBPort.java:142)
	at com.mongodb.DBPort.runCommand(DBPort.java:151)
	at com.mongodb.DBTCPConnector.fetchMaxBsonObjectSize(DBTCPConnector.java:429)
	at com.mongodb.Mongo.getMaxBsonObjectSize(Mongo.java:544)
	at com.mongodb.DBApiLayer$MyCollection.insert(DBApiLayer.java:244)
	at com.mongodb.DBApiLayer$MyCollection.createIndex(DBApiLayer.java:354)
	at com.mongodb.DBCollection.ensureIndex(DBCollection.java:444)
	at com.mongodb.DBCollection.ensureIndex(DBCollection.java:392)
	at net.ion.radon.repository.Workspace.createWorkspace(Workspace.java:64)
	at net.ion.radon.repository.Workspace.load(Workspace.java:43)
	at net.ion.radon.repository.Repository.getWorkspace(Repository.java:28)
	at net.ion.radon.repository.LocalSession.getCurrentWorkspace(LocalSession.java:147)
	at net.ion.radon.repository.LocalSession.dropWorkspace(LocalSession.java:76)
	at net.ion.radon.repository.TestBaseRepository.setUp(TestBaseRepository.java:17)
	at junit.framework.TestCase.runBare(TestCase.java:128)
	at junit.framework.TestResult$1.protect(TestResult.java:106)
	at junit.framework.TestResult.runProtected(TestResult.java:124)
	at junit.framework.TestResult.run(TestResult.java:109)
	at junit.framework.TestCase.run(TestCase.java:120)
	at junit.framework.TestSuite.runTest(TestSuite.java:230)
	at junit.framework.TestSuite.run(TestSuite.java:225)
	at junit.framework.TestSuite.runTest(TestSuite.java:230)
	at junit.framework.TestSuite.run(TestSuite.java:225)
	at junit.framework.TestSuite.runTest(TestSuite.java:230)
	at junit.framework.TestSuite.run(TestSuite.java:225)
	at junit.framework.TestSuite.runTest(TestSuite.java:230)
	at junit.framework.TestSuite.run(TestSuite.java:225)
	at org.apache.tools.ant.taskdefs.optional.junit.JUnitTestRunner.run(JUnitTestRunner.java:421)
	at org.apache.tools.ant.taskdefs.optional.junit.JUnitTestRunner.launch(JUnitTestRunner.java:912)
	at org.apache.tools.ant.taskdefs.optional.junit.JUnitTestRunner.main(JUnitTestRunner.java:766)
2011. 11. 17 오전 6:39:37 com.mongodb.DBTCPConnector fetchMaxBsonObjectSize
경고: Exception determining maxBSON size using0
java.io.IOException: couldn't connect to [/61.250.201.78:27017] bc:java.net.ConnectException: Connection timed out: connect
	at com.mongodb.DBPort._open(DBPort.java:224)
	at com.mongodb.DBPort.go(DBPort.java:101)
	at com.mongodb.DBPort.go(DBPort.java:82)
	at com.mongodb.DBPort.findOne(DBPort.java:142)
	at com.mongodb.DBPort.runCommand(DBPort.java:151)
	at com.mongodb.DBTCPConnector.fetchMaxBsonObjectSize(DBTCPConnector.java:429)
	at com.mongodb.DBTCPConnector.checkMaster(DBTCPConnector.java:416)
	at com.mongodb.DBTCPConnector.say(DBTCPConnector.java:139)
	at com.mongodb.DBTCPConnector.say(DBTCPConnector.java:132)
	at com.mongodb.DBApiLayer$MyCollection.insert(DBApiLayer.java:262)
	at com.mongodb.DBApiLayer$MyCollection.createIndex(DBApiLayer.java:354)
	at com.mongodb.DBCollection.ensureIndex(DBCollection.java:444)
	at com.mongodb.DBCollection.ensureIndex(DBCollection.java:392)
	at net.ion.radon.repository.Workspace.createWorkspace(Workspace.java:64)
	at net.ion.radon.repository.Workspace.load(Workspace.java:43)
	at net.ion.radon.repository.Repository.getWorkspace(Repository.java:28)
	at net.ion.radon.repository.LocalSession.getCurrentWorkspace(LocalSession.java:147)
	at net.ion.radon.repository.LocalSession.dropWorkspace(LocalSession.java:76)
	at net.ion.radon.repository.TestBaseRepository.setUp(TestBaseRepository.java:17)
	at junit.framework.TestCase.runBare(TestCase.java:128)
	at junit.framework.TestResult$1.protect(TestResult.java:106)
	at junit.framework.TestResult.runProtected(TestResult.java:124)
	at junit.framework.TestResult.run(TestResult.java:109)
	at junit.framework.TestCase.run(TestCase.java:120)
	at junit.framework.TestSuite.runTest(TestSuite.java:230)
	at junit.framework.TestSuite.run(TestSuite.java:225)
	at junit.framework.TestSuite.runTest(TestSuite.java:230)
	at junit.framework.TestSuite.run(TestSuite.java:225)
	at junit.framework.TestSuite.runTest(TestSuite.java:230)
	at junit.framework.TestSuite.run(TestSuite.java:225)
	at junit.framework.TestSuite.runTest(TestSuite.java:230)
	at junit.framework.TestSuite.run(TestSuite.java:225)
	at org.apache.tools.ant.taskdefs.optional.junit.JUnitTestRunner.run(JUnitTestRunner.java:421)
	at org.apache.tools.ant.taskdefs.optional.junit.JUnitTestRunner.launch(JUnitTestRunner.java:912)
	at org.apache.tools.ant.taskdefs.optional.junit.JUnitTestRunner.main(JUnitTestRunner.java:766)
2011. 11. 17 오전 6:39:58 com.mongodb.DBPortPool gotError
경고: emptying DBPortPool to 61.250.201.78:27017 b/c of error
java.io.IOException: couldn't connect to [/61.250.201.78:27017] bc:java.net.ConnectException: Connection timed out: connect
	at com.mongodb.DBPort._open(DBPort.java:224)
	at com.mongodb.DBPort.go(DBPort.java:101)
	at com.mongodb.DBPort.go(DBPort.java:82)
	at com.mongodb.DBPort.say(DBPort.java:77)
	at com.mongodb.DBTCPConnector.say(DBTCPConnector.java:146)
	at com.mongodb.DBTCPConnector.say(DBTCPConnector.java:132)
	at com.mongodb.DBApiLayer$MyCollection.insert(DBApiLayer.java:262)
	at com.mongodb.DBApiLayer$MyCollection.createIndex(DBApiLayer.java:354)
	at com.mongodb.DBCollection.ensureIndex(DBCollection.java:444)
	at com.mongodb.DBCollection.ensureIndex(DBCollection.java:392)
	at net.ion.radon.repository.Workspace.createWorkspace(Workspace.java:64)
	at net.ion.radon.repository.Workspace.load(Workspace.java:43)
	at net.ion.radon.repository.Repository.getWorkspace(Repository.java:28)
	at net.ion.radon.repository.LocalSession.getCurrentWorkspace(LocalSession.java:147)
	at net.ion.radon.repository.LocalSession.dropWorkspace(LocalSession.java:76)
	at net.ion.radon.repository.TestBaseRepository.setUp(TestBaseRepository.java:17)
	at junit.framework.TestCase.runBare(TestCase.java:128)
	at junit.framework.TestResult$1.protect(TestResult.java:106)
	at junit.framework.TestResult.runProtected(TestResult.java:124)
	at junit.framework.TestResult.run(TestResult.java:109)
	at junit.framework.TestCase.run(TestCase.java:120)
	at junit.framework.TestSuite.runTest(TestSuite.java:230)
	at junit.framework.TestSuite.run(TestSuite.java:225)
	at junit.framework.TestSuite.runTest(TestSuite.java:230)
	at junit.framework.TestSuite.run(TestSuite.java:225)
	at junit.framework.TestSuite.runTest(TestSuite.java:230)
	at junit.framework.TestSuite.run(TestSuite.java:225)
	at junit.framework.TestSuite.runTest(TestSuite.java:230)
	at junit.framework.TestSuite.run(TestSuite.java:225)
	at org.apache.tools.ant.taskdefs.optional.junit.JUnitTestRunner.run(JUnitTestRunner.java:421)
	at org.apache.tools.ant.taskdefs.optional.junit.JUnitTestRunner.launch(JUnitTestRunner.java:912)
	at org.apache.tools.ant.taskdefs.optional.junit.JUnitTestRunner.main(JUnitTestRunner.java:766)
2011. 11. 17 오전 6:40:19 com.mongodb.DBTCPConnector fetchMaxBsonObjectSize
경고: Exception determining maxBSON size using0
java.io.IOException: couldn't connect to [/61.250.201.78:27017] bc:java.net.ConnectException: Connection timed out: connect
	at com.mongodb.DBPort._open(DBPort.java:224)
	at com.mongodb.DBPort.go(DBPort.java:101)
	at com.mongodb.DBPort.go(DBPort.java:82)
	at com.mongodb.DBPort.findOne(DBPort.java:142)
	at com.mongodb.DBPort.runCommand(DBPort.java:151)
	at com.mongodb.DBTCPConnector.fetchMaxBsonObjectSize(DBTCPConnector.java:429)
	at com.mongodb.Mongo.getMaxBsonObjectSize(Mongo.java:544)
	at com.mongodb.DBApiLayer$MyCollection.insert(DBApiLayer.java:244)
	at com.mongodb.DBApiLayer$MyCollection.createIndex(DBApiLayer.java:354)
	at com.mongodb.DBCollection.ensureIndex(DBCollection.java:444)
	at com.mongodb.DBCollection.ensureIndex(DBCollection.java:392)
	at net.ion.radon.repository.Workspace.createWorkspace(Workspace.java:64)
	at net.ion.radon.repository.Workspace.load(Workspace.java:43)
	at net.ion.radon.repository.Repository.getWorkspace(Repository.java:28)
	at net.ion.radon.repository.LocalSession.getCurrentWorkspace(LocalSession.java:147)
	at net.ion.radon.repository.LocalSession.dropWorkspace(LocalSession.java:76)
	at net.ion.radon.repository.TestBaseRepository.setUp(TestBaseRepository.java:17)
	at junit.framework.TestCase.runBare(TestCase.java:128)
	at junit.framework.TestResult$1.protect(TestResult.java:106)
	at junit.framework.TestResult.runProtected(TestResult.java:124)
	at junit.framework.TestResult.run(TestResult.java:109)
	at junit.framework.TestCase.run(TestCase.java:120)
	at junit.framework.TestSuite.runTest(TestSuite.java:230)
	at junit.framework.TestSuite.run(TestSuite.java:225)
	at junit.framework.TestSuite.runTest(TestSuite.java:230)
	at junit.framework.TestSuite.run(TestSuite.java:225)
	at junit.framework.TestSuite.runTest(TestSuite.java:230)
	at junit.framework.TestSuite.run(TestSuite.java:225)
	at junit.framework.TestSuite.runTest(TestSuite.java:230)
	at junit.framework.TestSuite.run(TestSuite.java:225)
	at org.apache.tools.ant.taskdefs.optional.junit.JUnitTestRunner.run(JUnitTestRunner.java:421)
	at org.apache.tools.ant.taskdefs.optional.junit.JUnitTestRunner.launch(JUnitTestRunner.java:912)
	at org.apache.tools.ant.taskdefs.optional.junit.JUnitTestRunner.main(JUnitTestRunner.java:766)
2011. 11. 17 오전 6:40:40 com.mongodb.DBTCPConnector fetchMaxBsonObjectSize
경고: Exception determining maxBSON size using0
java.io.IOException: couldn't connect to [/61.250.201.78:27017] bc:java.net.ConnectException: Connection timed out: connect
	at com.mongodb.DBPort._open(DBPort.java:224)
	at com.mongodb.DBPort.go(DBPort.java:101)
	at com.mongodb.DBPort.go(DBPort.java:82)
	at com.mongodb.DBPort.findOne(DBPort.java:142)
	at com.mongodb.DBPort.runCommand(DBPort.java:151)
	at com.mongodb.DBTCPConnector.fetchMaxBsonObjectSize(DBTCPConnector.java:429)
	at com.mongodb.DBTCPConnector.checkMaster(DBTCPConnector.java:416)
	at com.mongodb.DBTCPConnector.say(DBTCPConnector.java:139)
	at com.mongodb.DBTCPConnector.say(DBTCPConnector.java:132)
	at com.mongodb.DBApiLayer$MyCollection.insert(DBApiLayer.java:262)
	at com.mongodb.DBApiLayer$MyCollection.createIndex(DBApiLayer.java:354)
	at com.mongodb.DBCollection.ensureIndex(DBCollection.java:444)
	at com.mongodb.DBCollection.ensureIndex(DBCollection.java:392)
	at net.ion.radon.repository.Workspace.createWorkspace(Workspace.java:64)
	at net.ion.radon.repository.Workspace.load(Workspace.java:43)
	at net.ion.radon.repository.Repository.getWorkspace(Repository.java:28)
	at net.ion.radon.repository.LocalSession.getCurrentWorkspace(LocalSession.java:147)
	at net.ion.radon.repository.LocalSession.dropWorkspace(LocalSession.java:76)
	at net.ion.radon.repository.TestBaseRepository.setUp(TestBaseRepository.java:17)
	at junit.framework.TestCase.runBare(TestCase.java:128)
	at junit.framework.TestResult$1.protect(TestResult.java:106)
	at junit.framework.TestResult.runProtected(TestResult.java:124)
	at junit.framework.TestResult.run(TestResult.java:109)
	at junit.framework.TestCase.run(TestCase.java:120)
	at junit.framework.TestSuite.runTest(TestSuite.java:230)
	at junit.framework.TestSuite.run(TestSuite.java:225)
	at junit.framework.TestSuite.runTest(TestSuite.java:230)
	at junit.framework.TestSuite.run(TestSuite.java:225)
	at junit.framework.TestSuite.runTest(TestSuite.java:230)
	at junit.framework.TestSuite.run(TestSuite.java:225)
	at junit.framework.TestSuite.runTest(TestSuite.java:230)
	at junit.framework.TestSuite.run(TestSuite.java:225)
	at org.apache.tools.ant.taskdefs.optional.junit.JUnitTestRunner.run(JUnitTestRunner.java:421)
	at org.apache.tools.ant.taskdefs.optional.junit.JUnitTestRunner.launch(JUnitTestRunner.java:912)
	at org.apache.tools.ant.taskdefs.optional.junit.JUnitTestRunner.main(JUnitTestRunner.java:766)
2011. 11. 17 오전 6:41:02 com.mongodb.DBPortPool gotError
경고: emptying DBPortPool to 61.250.201.78:27017 b/c of error
java.io.IOException: couldn't connect to [/61.250.201.78:27017] bc:java.net.ConnectException: Connection timed out: connect
	at com.mongodb.DBPort._open(DBPort.java:224)
	at com.mongodb.DBPort.go(DBPort.java:101)
	at com.mongodb.DBPort.go(DBPort.java:82)
	at com.mongodb.DBPort.say(DBPort.java:77)
	at com.mongodb.DBTCPConnector.say(DBTCPConnector.java:146)
	at com.mongodb.DBTCPConnector.say(DBTCPConnector.java:132)
	at com.mongodb.DBApiLayer$MyCollection.insert(DBApiLayer.java:262)
	at com.mongodb.DBApiLayer$MyCollection.createIndex(DBApiLayer.java:354)
	at com.mongodb.DBCollection.ensureIndex(DBCollection.java:444)
	at com.mongodb.DBCollection.ensureIndex(DBCollection.java:392)
	at net.ion.radon.repository.Workspace.createWorkspace(Workspace.java:64)
	at net.ion.radon.repository.Workspace.load(Workspace.java:43)
	at net.ion.radon.repository.Repository.getWorkspace(Repository.java:28)
	at net.ion.radon.repository.LocalSession.getCurrentWorkspace(LocalSession.java:147)
	at net.ion.radon.repository.LocalSession.dropWorkspace(LocalSession.java:76)
	at net.ion.radon.repository.TestBaseRepository.setUp(TestBaseRepository.java:17)
	at junit.framework.TestCase.runBare(TestCase.java:128)
	at junit.framework.TestResult$1.protect(TestResult.java:106)
	at junit.framework.TestResult.runProtected(TestResult.java:124)
	at junit.framework.TestResult.run(TestResult.java:109)
	at junit.framework.TestCase.run(TestCase.java:120)
	at junit.framework.TestSuite.runTest(TestSuite.java:230)
	at junit.framework.TestSuite.run(TestSuite.java:225)
	at junit.framework.TestSuite.runTest(TestSuite.java:230)
	at junit.framework.TestSuite.run(TestSuite.java:225)
	at junit.framework.TestSuite.runTest(TestSuite.java:230)
	at junit.framework.TestSuite.run(TestSuite.java:225)
	at junit.framework.TestSuite.runTest(TestSuite.java:230)
	at junit.framework.TestSuite.run(TestSuite.java:225)
	at org.apache.tools.ant.taskdefs.optional.junit.JUnitTestRunner.run(JUnitTestRunner.java:421)
	at org.apache.tools.ant.taskdefs.optional.junit.JUnitTestRunner.launch(JUnitTestRunner.java:912)
	at org.apache.tools.ant.taskdefs.optional.junit.JUnitTestRunner.main(JUnitTestRunner.java:766)
2011. 11. 17 오전 6:41:23 com.mongodb.DBTCPConnector fetchMaxBsonObjectSize
경고: Exception determining maxBSON size using0
java.io.IOException: couldn't connect to [/61.250.201.78:27017] bc:java.net.ConnectException: Connection timed out: connect
	at com.mongodb.DBPort._open(DBPort.java:224)
	at com.mongodb.DBPort.go(DBPort.java:101)
	at com.mongodb.DBPort.go(DBPort.java:82)
	at com.mongodb.DBPort.findOne(DBPort.java:142)
	at com.mongodb.DBPort.runCommand(DBPort.java:151)
	at com.mongodb.DBTCPConnector.fetchMaxBsonObjectSize(DBTCPConnector.java:429)
	at com.mongodb.Mongo.getMaxBsonObjectSize(Mongo.java:544)
	at com.mongodb.DBApiLayer$MyCollection.insert(DBApiLayer.java:244)
	at com.mongodb.DBApiLayer$MyCollection.createIndex(DBApiLayer.java:354)
	at com.mongodb.DBCollection.ensureIndex(DBCollection.java:444)
	at com.mongodb.DBCollection.ensureIndex(DBCollection.java:392)
	at net.ion.radon.repository.Workspace.createWorkspace(Workspace.java:64)
	at net.ion.radon.repository.Workspace.load(Workspace.java:43)
	at net.ion.radon.repository.Repository.getWorkspace(Repository.java:28)
	at net.ion.radon.repository.LocalSession.getCurrentWorkspace(LocalSession.java:147)
	at net.ion.radon.repository.LocalSession.dropWorkspace(LocalSession.java:76)
	at net.ion.radon.repository.TestBaseRepository.setUp(TestBaseRepository.java:17)
	at junit.framework.TestCase.runBare(TestCase.java:128)
	at junit.framework.TestResult$1.protect(TestResult.java:106)
	at junit.framework.TestResult.runProtected(TestResult.java:124)
	at junit.framework.TestResult.run(TestResult.java:109)
	at junit.framework.TestCase.run(TestCase.java:120)
	at junit.framework.TestSuite.runTest(TestSuite.java:230)
	at junit.framework.TestSuite.run(TestSuite.java:225)
	at junit.framework.TestSuite.runTest(TestSuite.java:230)
	at junit.framework.TestSuite.run(TestSuite.java:225)
	at junit.framework.TestSuite.runTest(TestSuite.java:230)
	at junit.framework.TestSuite.run(TestSuite.java:225)
	at junit.framework.TestSuite.runTest(TestSuite.java:230)
	at junit.framework.TestSuite.run(TestSuite.java:225)
	at org.apache.tools.ant.taskdefs.optional.junit.JUnitTestRunner.run(JUnitTestRunner.java:421)
	at org.apache.tools.ant.taskdefs.optional.junit.JUnitTestRunner.launch(JUnitTestRunner.java:912)
	at org.apache.tools.ant.taskdefs.optional.junit.JUnitTestRunner.main(JUnitTestRunner.java:766)
2011. 11. 17 오전 6:41:44 com.mongodb.DBTCPConnector fetchMaxBsonObjectSize
경고: Exception determining maxBSON size using0
java.io.IOException: couldn't connect to [/61.250.201.78:27017] bc:java.net.ConnectException: Connection timed out: connect
	at com.mongodb.DBPort._open(DBPort.java:224)
	at com.mongodb.DBPort.go(DBPort.java:101)
	at com.mongodb.DBPort.go(DBPort.java:82)
	at com.mongodb.DBPort.findOne(DBPort.java:142)
	at com.mongodb.DBPort.runCommand(DBPort.java:151)
	at com.mongodb.DBTCPConnector.fetchMaxBsonObjectSize(DBTCPConnector.java:429)
	at com.mongodb.DBTCPConnector.checkMaster(DBTCPConnector.java:416)
	at com.mongodb.DBTCPConnector.say(DBTCPConnector.java:139)
	at com.mongodb.DBTCPConnector.say(DBTCPConnector.java:132)
	at com.mongodb.DBApiLayer$MyCollection.insert(DBApiLayer.java:262)
	at com.mongodb.DBApiLayer$MyCollection.createIndex(DBApiLayer.java:354)
	at com.mongodb.DBCollection.ensureIndex(DBCollection.java:444)
	at com.mongodb.DBCollection.ensureIndex(DBCollection.java:392)
	at net.ion.radon.repository.Workspace.createWorkspace(Workspace.java:64)
	at net.ion.radon.repository.Workspace.load(Workspace.java:43)
	at net.ion.radon.repository.Repository.getWorkspace(Repository.java:28)
	at net.ion.radon.repository.LocalSession.getCurrentWorkspace(LocalSession.java:147)
	at net.ion.radon.repository.LocalSession.dropWorkspace(LocalSession.java:76)
	at net.ion.radon.repository.TestBaseRepository.setUp(TestBaseRepository.java:17)
	at junit.framework.TestCase.runBare(TestCase.java:128)
	at junit.framework.TestResult$1.protect(TestResult.java:106)
	at junit.framework.TestResult.runProtected(TestResult.java:124)
	at junit.framework.TestResult.run(TestResult.java:109)
	at junit.framework.TestCase.run(TestCase.java:120)
	at junit.framework.TestSuite.runTest(TestSuite.java:230)
	at junit.framework.TestSuite.run(TestSuite.java:225)
	at junit.framework.TestSuite.runTest(TestSuite.java:230)
	at junit.framework.TestSuite.run(TestSuite.java:225)
	at junit.framework.TestSuite.runTest(TestSuite.java:230)
	at junit.framework.TestSuite.run(TestSuite.java:225)
	at junit.framework.TestSuite.runTest(TestSuite.java:230)
	at junit.framework.TestSuite.run(TestSuite.java:225)
	at org.apache.tools.ant.taskdefs.optional.junit.JUnitTestRunner.run(JUnitTestRunner.java:421)
	at org.apache.tools.ant.taskdefs.optional.junit.JUnitTestRunner.launch(JUnitTestRunner.java:912)
	at org.apache.tools.ant.taskdefs.optional.junit.JUnitTestRunner.main(JUnitTestRunner.java:766)
2011. 11. 17 오전 6:42:05 com.mongodb.DBPortPool gotError
경고: emptying DBPortPool to 61.250.201.78:27017 b/c of error
java.io.IOException: couldn't connect to [/61.250.201.78:27017] bc:java.net.ConnectException: Connection timed out: connect
	at com.mongodb.DBPort._open(DBPort.java:224)
	at com.mongodb.DBPort.go(DBPort.java:101)
	at com.mongodb.DBPort.go(DBPort.java:82)
	at com.mongodb.DBPort.say(DBPort.java:77)
	at com.mongodb.DBTCPConnector.say(DBTCPConnector.java:146)
	at com.mongodb.DBTCPConnector.say(DBTCPConnector.java:132)
	at com.mongodb.DBApiLayer$MyCollection.insert(DBApiLayer.java:262)
	at com.mongodb.DBApiLayer$MyCollection.createIndex(DBApiLayer.java:354)
	at com.mongodb.DBCollection.ensureIndex(DBCollection.java:444)
	at com.mongodb.DBCollection.ensureIndex(DBCollection.java:392)
	at net.ion.radon.repository.Workspace.createWorkspace(Workspace.java:64)
	at net.ion.radon.repository.Workspace.load(Workspace.java:43)
	at net.ion.radon.repository.Repository.getWorkspace(Repository.java:28)
	at net.ion.radon.repository.LocalSession.getCurrentWorkspace(LocalSession.java:147)
	at net.ion.radon.repository.LocalSession.dropWorkspace(LocalSession.java:76)
	at net.ion.radon.repository.TestBaseRepository.setUp(TestBaseRepository.java:17)
	at junit.framework.TestCase.runBare(TestCase.java:128)
	at junit.framework.TestResult$1.protect(TestResult.java:106)
	at junit.framework.TestResult.runProtected(TestResult.java:124)
	at junit.framework.TestResult.run(TestResult.java:109)
	at junit.framework.TestCase.run(TestCase.java:120)
	at junit.framework.TestSuite.runTest(TestSuite.java:230)
	at junit.framework.TestSuite.run(TestSuite.java:225)
	at junit.framework.TestSuite.runTest(TestSuite.java:230)
	at junit.framework.TestSuite.run(TestSuite.java:225)
	at junit.framework.TestSuite.runTest(TestSuite.java:230)
	at junit.framework.TestSuite.run(TestSuite.java:225)
	at junit.framework.TestSuite.runTest(TestSuite.java:230)
	at junit.framework.TestSuite.run(TestSuite.java:225)
	at org.apache.tools.ant.taskdefs.optional.junit.JUnitTestRunner.run(JUnitTestRunner.java:421)
	at org.apache.tools.ant.taskdefs.optional.junit.JUnitTestRunner.launch(JUnitTestRunner.java:912)
	at org.apache.tools.ant.taskdefs.optional.junit.JUnitTestRunner.main(JUnitTestRunner.java:766)
2011. 11. 17 오전 6:42:26 com.mongodb.DBTCPConnector fetchMaxBsonObjectSize
경고: Exception determining maxBSON size using0
java.io.IOException: couldn't connect to [/61.250.201.78:27017] bc:java.net.ConnectException: Connection timed out: connect
	at com.mongodb.DBPort._open(DBPort.java:224)
	at com.mongodb.DBPort.go(DBPort.java:101)
	at com.mongodb.DBPort.go(DBPort.java:82)
	at com.mongodb.DBPort.findOne(DBPort.java:142)
	at com.mongodb.DBPort.runCommand(DBPort.java:151)
	at com.mongodb.DBTCPConnector.fetchMaxBsonObjectSize(DBTCPConnector.java:429)
	at com.mongodb.Mongo.getMaxBsonObjectSize(Mongo.java:544)
	at com.mongodb.DBApiLayer$MyCollection.insert(DBApiLayer.java:244)
	at com.mongodb.DBApiLayer$MyCollection.createIndex(DBApiLayer.java:354)
	at com.mongodb.DBCollection.ensureIndex(DBCollection.java:444)
	at com.mongodb.DBCollection.ensureIndex(DBCollection.java:392)
	at net.ion.radon.repository.Workspace.createWorkspace(Workspace.java:64)
	at net.ion.radon.repository.Workspace.load(Workspace.java:43)
	at net.ion.radon.repository.Repository.getWorkspace(Repository.java:28)
	at net.ion.radon.repository.LocalSession.getCurrentWorkspace(LocalSession.java:147)
	at net.ion.radon.repository.LocalSession.dropWorkspace(LocalSession.java:76)
	at net.ion.radon.repository.TestBaseRepository.setUp(TestBaseRepository.java:17)
	at junit.framework.TestCase.runBare(TestCase.java:128)
	at junit.framework.TestResult$1.protect(TestResult.java:106)
	at junit.framework.TestResult.runProtected(TestResult.java:124)
	at junit.framework.TestResult.run(TestResult.java:109)
	at junit.framework.TestCase.run(TestCase.java:120)
	at junit.framework.TestSuite.runTest(TestSuite.java:230)
	at junit.framework.TestSuite.run(TestSuite.java:225)
	at junit.framework.TestSuite.runTest(TestSuite.java:230)
	at junit.framework.TestSuite.run(TestSuite.java:225)
	at junit.framework.TestSuite.runTest(TestSuite.java:230)
	at junit.framework.TestSuite.run(TestSuite.java:225)
	at junit.framework.TestSuite.runTest(TestSuite.java:230)
	at junit.framework.TestSuite.run(TestSuite.java:225)
	at org.apache.tools.ant.taskdefs.optional.junit.JUnitTestRunner.run(JUnitTestRunner.java:421)
	at org.apache.tools.ant.taskdefs.optional.junit.JUnitTestRunner.launch(JUnitTestRunner.java:912)
	at org.apache.tools.ant.taskdefs.optional.junit.JUnitTestRunner.main(JUnitTestRunner.java:766)
2011. 11. 17 오전 6:42:47 com.mongodb.DBTCPConnector fetchMaxBsonObjectSize
경고: Exception determining maxBSON size using0
java.io.IOException: couldn't connect to [/61.250.201.78:27017] bc:java.net.ConnectException: Connection timed out: connect
	at com.mongodb.DBPort._open(DBPort.java:224)
	at com.mongodb.DBPort.go(DBPort.java:101)
	at com.mongodb.DBPort.go(DBPort.java:82)
	at com.mongodb.DBPort.findOne(DBPort.java:142)
	at com.mongodb.DBPort.runCommand(DBPort.java:151)
	at com.mongodb.DBTCPConnector.fetchMaxBsonObjectSize(DBTCPConnector.java:429)
	at com.mongodb.DBTCPConnector.checkMaster(DBTCPConnector.java:416)
	at com.mongodb.DBTCPConnector.say(DBTCPConnector.java:139)
	at com.mongodb.DBTCPConnector.say(DBTCPConnector.java:132)
	at com.mongodb.DBApiLayer$MyCollection.insert(DBApiLayer.java:262)
	at com.mongodb.DBApiLayer$MyCollection.createIndex(DBApiLayer.java:354)
	at com.mongodb.DBCollection.ensureIndex(DBCollection.java:444)
	at com.mongodb.DBCollection.ensureIndex(DBCollection.java:392)
	at net.ion.radon.repository.Workspace.createWorkspace(Workspace.java:64)
	at net.ion.radon.repository.Workspace.load(Workspace.java:43)
	at net.ion.radon.repository.Repository.getWorkspace(Repository.java:28)
	at net.ion.radon.repository.LocalSession.getCurrentWorkspace(LocalSession.java:147)
	at net.ion.radon.repository.LocalSession.dropWorkspace(LocalSession.java:76)
	at net.ion.radon.repository.TestBaseRepository.setUp(TestBaseRepository.java:17)
	at junit.framework.TestCase.runBare(TestCase.java:128)
	at junit.framework.TestResult$1.protect(TestResult.java:106)
	at junit.framework.TestResult.runProtected(TestResult.java:124)
	at junit.framework.TestResult.run(TestResult.java:109)
	at junit.framework.TestCase.run(TestCase.java:120)
	at junit.framework.TestSuite.runTest(TestSuite.java:230)
	at junit.framework.TestSuite.run(TestSuite.java:225)
	at junit.framework.TestSuite.runTest(TestSuite.java:230)
	at junit.framework.TestSuite.run(TestSuite.java:225)
	at junit.framework.TestSuite.runTest(TestSuite.java:230)
	at junit.framework.TestSuite.run(TestSuite.java:225)
	at junit.framework.TestSuite.runTest(TestSuite.java:230)
	at junit.framework.TestSuite.run(TestSuite.java:225)
	at org.apache.tools.ant.taskdefs.optional.junit.JUnitTestRunner.run(JUnitTestRunner.java:421)
	at org.apache.tools.ant.taskdefs.optional.junit.JUnitTestRunner.launch(JUnitTestRunner.java:912)
	at org.apache.tools.ant.taskdefs.optional.junit.JUnitTestRunner.main(JUnitTestRunner.java:766)
2011. 11. 17 오전 6:43:08 com.mongodb.DBPortPool gotError
경고: emptying DBPortPool to 61.250.201.78:27017 b/c of error
java.io.IOException: couldn't connect to [/61.250.201.78:27017] bc:java.net.ConnectException: Connection timed out: connect
	at com.mongodb.DBPort._open(DBPort.java:224)
	at com.mongodb.DBPort.go(DBPort.java:101)
	at com.mongodb.DBPort.go(DBPort.java:82)
	at com.mongodb.DBPort.say(DBPort.java:77)
	at com.mongodb.DBTCPConnector.say(DBTCPConnector.java:146)
	at com.mongodb.DBTCPConnector.say(DBTCPConnector.java:132)
	at com.mongodb.DBApiLayer$MyCollection.insert(DBApiLayer.java:262)
	at com.mongodb.DBApiLayer$MyCollection.createIndex(DBApiLayer.java:354)
	at com.mongodb.DBCollection.ensureIndex(DBCollection.java:444)
	at com.mongodb.DBCollection.ensureIndex(DBCollection.java:392)
	at net.ion.radon.repository.Workspace.createWorkspace(Workspace.java:64)
	at net.ion.radon.repository.Workspace.load(Workspace.java:43)
	at net.ion.radon.repository.Repository.getWorkspace(Repository.java:28)
	at net.ion.radon.repository.LocalSession.getCurrentWorkspace(LocalSession.java:147)
	at net.ion.radon.repository.LocalSession.dropWorkspace(LocalSession.java:76)
	at net.ion.radon.repository.TestBaseRepository.setUp(TestBaseRepository.java:17)
	at junit.framework.TestCase.runBare(TestCase.java:128)
	at junit.framework.TestResult$1.protect(TestResult.java:106)
	at junit.framework.TestResult.runProtected(TestResult.java:124)
	at junit.framework.TestResult.run(TestResult.java:109)
	at junit.framework.TestCase.run(TestCase.java:120)
	at junit.framework.TestSuite.runTest(TestSuite.java:230)
	at junit.framework.TestSuite.run(TestSuite.java:225)
	at junit.framework.TestSuite.runTest(TestSuite.java:230)
	at junit.framework.TestSuite.run(TestSuite.java:225)
	at junit.framework.TestSuite.runTest(TestSuite.java:230)
	at junit.framework.TestSuite.run(TestSuite.java:225)
	at junit.framework.TestSuite.runTest(TestSuite.java:230)
	at junit.framework.TestSuite.run(TestSuite.java:225)
	at org.apache.tools.ant.taskdefs.optional.junit.JUnitTestRunner.run(JUnitTestRunner.java:421)
	at org.apache.tools.ant.taskdefs.optional.junit.JUnitTestRunner.launch(JUnitTestRunner.java:912)
	at org.apache.tools.ant.taskdefs.optional.junit.JUnitTestRunner.main(JUnitTestRunner.java:766)
2011. 11. 17 오전 6:43:29 com.mongodb.DBTCPConnector fetchMaxBsonObjectSize
경고: Exception determining maxBSON size using0
java.io.IOException: couldn't connect to [/61.250.201.78:27017] bc:java.net.ConnectException: Connection timed out: connect
	at com.mongodb.DBPort._open(DBPort.java:224)
	at com.mongodb.DBPort.go(DBPort.java:101)
	at com.mongodb.DBPort.go(DBPort.java:82)
	at com.mongodb.DBPort.findOne(DBPort.java:142)
	at com.mongodb.DBPort.runCommand(DBPort.java:151)
	at com.mongodb.DBTCPConnector.fetchMaxBsonObjectSize(DBTCPConnector.java:429)
	at com.mongodb.Mongo.getMaxBsonObjectSize(Mongo.java:544)
	at com.mongodb.DBApiLayer$MyCollection.insert(DBApiLayer.java:244)
	at com.mongodb.DBApiLayer$MyCollection.createIndex(DBApiLayer.java:354)
	at com.mongodb.DBCollection.ensureIndex(DBCollection.java:444)
	at com.mongodb.DBCollection.ensureIndex(DBCollection.java:392)
	at net.ion.radon.repository.Workspace.createWorkspace(Workspace.java:64)
	at net.ion.radon.repository.Workspace.load(Workspace.java:43)
	at net.ion.radon.repository.Repository.getWorkspace(Repository.java:28)
	at net.ion.radon.repository.LocalSession.getCurrentWorkspace(LocalSession.java:147)
	at net.ion.radon.repository.LocalSession.dropWorkspace(LocalSession.java:76)
	at net.ion.radon.repository.TestBaseRepository.setUp(TestBaseRepository.java:17)
	at net.ion.radon.repository.TestAdvanceColumns.setUp(TestAdvanceColumns.java:9)
	at junit.framework.TestCase.runBare(TestCase.java:128)
	at junit.framework.TestResult$1.protect(TestResult.java:106)
	at junit.framework.TestResult.runProtected(TestResult.java:124)
	at junit.framework.TestResult.run(TestResult.java:109)
	at junit.framework.TestCase.run(TestCase.java:120)
	at junit.framework.TestSuite.runTest(TestSuite.java:230)
	at junit.framework.TestSuite.run(TestSuite.java:225)
	at junit.framework.TestSuite.runTest(TestSuite.java:230)
	at junit.framework.TestSuite.run(TestSuite.java:225)
	at junit.framework.TestSuite.runTest(TestSuite.java:230)
	at junit.framework.TestSuite.run(TestSuite.java:225)
	at junit.framework.TestSuite.runTest(TestSuite.java:230)
	at junit.framework.TestSuite.run(TestSuite.java:225)
	at org.apache.tools.ant.taskdefs.optional.junit.JUnitTestRunner.run(JUnitTestRunner.java:421)
	at org.apache.tools.ant.taskdefs.optional.junit.JUnitTestRunner.launch(JUnitTestRunner.java:912)
	at org.apache.tools.ant.taskdefs.optional.junit.JUnitTestRunner.main(JUnitTestRunner.java:766)
2011. 11. 17 오전 6:43:50 com.mongodb.DBTCPConnector fetchMaxBsonObjectSize
경고: Exception determining maxBSON size using0
java.io.IOException: couldn't connect to [/61.250.201.78:27017] bc:java.net.ConnectException: Connection timed out: connect
	at com.mongodb.DBPort._open(DBPort.java:224)
	at com.mongodb.DBPort.go(DBPort.java:101)
	at com.mongodb.DBPort.go(DBPort.java:82)
	at com.mongodb.DBPort.findOne(DBPort.java:142)
	at com.mongodb.DBPort.runCommand(DBPort.java:151)
	at com.mongodb.DBTCPConnector.fetchMaxBsonObjectSize(DBTCPConnector.java:429)
	at com.mongodb.DBTCPConnector.checkMaster(DBTCPConnector.java:416)
	at com.mongodb.DBTCPConnector.say(DBTCPConnector.java:139)
	at com.mongodb.DBTCPConnector.say(DBTCPConnector.java:132)
	at com.mongodb.DBApiLayer$MyCollection.insert(DBApiLayer.java:262)
	at com.mongodb.DBApiLayer$MyCollection.createIndex(DBApiLayer.java:354)
	at com.mongodb.DBCollection.ensureIndex(DBCollection.java:444)
	at com.mongodb.DBCollection.ensureIndex(DBCollection.java:392)
	at net.ion.radon.repository.Workspace.createWorkspace(Workspace.java:64)
	at net.ion.radon.repository.Workspace.load(Workspace.java:43)
	at net.ion.radon.repository.Repository.getWorkspace(Repository.java:28)
	at net.ion.radon.repository.LocalSession.getCurrentWorkspace(LocalSession.java:147)
	at net.ion.radon.repository.LocalSession.dropWorkspace(LocalSession.java:76)
	at net.ion.radon.repository.TestBaseRepository.setUp(TestBaseRepository.java:17)
	at net.ion.radon.repository.TestAdvanceColumns.setUp(TestAdvanceColumns.java:9)
	at junit.framework.TestCase.runBare(TestCase.java:128)
	at junit.framework.TestResult$1.protect(TestResult.java:106)
	at junit.framework.TestResult.runProtected(TestResult.java:124)
	at junit.framework.TestResult.run(TestResult.java:109)
	at junit.framework.TestCase.run(TestCase.java:120)
	at junit.framework.TestSuite.runTest(TestSuite.java:230)
	at junit.framework.TestSuite.run(TestSuite.java:225)
	at junit.framework.TestSuite.runTest(TestSuite.java:230)
	at junit.framework.TestSuite.run(TestSuite.java:225)
	at junit.framework.TestSuite.runTest(TestSuite.java:230)
	at junit.framework.TestSuite.run(TestSuite.java:225)
	at junit.framework.TestSuite.runTest(TestSuite.java:230)
	at junit.framework.TestSuite.run(TestSuite.java:225)
	at org.apache.tools.ant.taskdefs.optional.junit.JUnitTestRunner.run(JUnitTestRunner.java:421)
	at org.apache.tools.ant.taskdefs.optional.junit.JUnitTestRunner.launch(JUnitTestRunner.java:912)
	at org.apache.tools.ant.taskdefs.optional.junit.JUnitTestRunner.main(JUnitTestRunner.java:766)
2011. 11. 17 오전 6:44:11 com.mongodb.DBPortPool gotError
경고: emptying DBPortPool to 61.250.201.78:27017 b/c of error
java.io.IOException: couldn't connect to [/61.250.201.78:27017] bc:java.net.ConnectException: Connection timed out: connect
	at com.mongodb.DBPort._open(DBPort.java:224)
	at com.mongodb.DBPort.go(DBPort.java:101)
	at com.mongodb.DBPort.go(DBPort.java:82)
	at com.mongodb.DBPort.say(DBPort.java:77)
	at com.mongodb.DBTCPConnector.say(DBTCPConnector.java:146)
	at com.mongodb.DBTCPConnector.say(DBTCPConnector.java:132)
	at com.mongodb.DBApiLayer$MyCollection.insert(DBApiLayer.java:262)
	at com.mongodb.DBApiLayer$MyCollection.createIndex(DBApiLayer.java:354)
	at com.mongodb.DBCollection.ensureIndex(DBCollection.java:444)
	at com.mongodb.DBCollection.ensureIndex(DBCollection.java:392)
	at net.ion.radon.repository.Workspace.createWorkspace(Workspace.java:64)
	at net.ion.radon.repository.Workspace.load(Workspace.java:43)
	at net.ion.radon.repository.Repository.getWorkspace(Repository.java:28)
	at net.ion.radon.repository.LocalSession.getCurrentWorkspace(LocalSession.java:147)
	at net.ion.radon.repository.LocalSession.dropWorkspace(LocalSession.java:76)
	at net.ion.radon.repository.TestBaseRepository.setUp(TestBaseRepository.java:17)
	at net.ion.radon.repository.TestAdvanceColumns.setUp(TestAdvanceColumns.java:9)
	at junit.framework.TestCase.runBare(TestCase.java:128)
	at junit.framework.TestResult$1.protect(TestResult.java:106)
	at junit.framework.TestResult.runProtected(TestResult.java:124)
	at junit.framework.TestResult.run(TestResult.java:109)
	at junit.framework.TestCase.run(TestCase.java:120)
	at junit.framework.TestSuite.runTest(TestSuite.java:230)
	at junit.framework.TestSuite.run(TestSuite.java:225)
	at junit.framework.TestSuite.runTest(TestSuite.java:230)
	at junit.framework.TestSuite.run(TestSuite.java:225)
	at junit.framework.TestSuite.runTest(TestSuite.java:230)
	at junit.framework.TestSuite.run(TestSuite.java:225)
	at junit.framework.TestSuite.runTest(TestSuite.java:230)
	at junit.framework.TestSuite.run(TestSuite.java:225)
	at org.apache.tools.ant.taskdefs.optional.junit.JUnitTestRunner.run(JUnitTestRunner.java:421)
	at org.apache.tools.ant.taskdefs.optional.junit.JUnitTestRunner.launch(JUnitTestRunner.java:912)
	at org.apache.tools.ant.taskdefs.optional.junit.JUnitTestRunner.main(JUnitTestRunner.java:766)
2011. 11. 17 오전 6:44:32 com.mongodb.DBTCPConnector fetchMaxBsonObjectSize
경고: Exception determining maxBSON size using0
java.io.IOException: couldn't connect to [/61.250.201.78:27017] bc:java.net.ConnectException: Connection timed out: connect
	at com.mongodb.DBPort._open(DBPort.java:224)
	at com.mongodb.DBPort.go(DBPort.java:101)
	at com.mongodb.DBPort.go(DBPort.java:82)
	at com.mongodb.DBPort.findOne(DBPort.java:142)
	at com.mongodb.DBPort.runCommand(DBPort.java:151)
	at com.mongodb.DBTCPConnector.fetchMaxBsonObjectSize(DBTCPConnector.java:429)
	at com.mongodb.Mongo.getMaxBsonObjectSize(Mongo.java:544)
	at com.mongodb.DBApiLayer$MyCollection.insert(DBApiLayer.java:244)
	at com.mongodb.DBApiLayer$MyCollection.createIndex(DBApiLayer.java:354)
	at com.mongodb.DBCollection.ensureIndex(DBCollection.java:444)
	at com.mongodb.DBCollection.ensureIndex(DBCollection.java:392)
	at net.ion.radon.repository.Workspace.createWorkspace(Workspace.java:64)
	at net.ion.radon.repository.Workspace.load(Workspace.java:43)
	at net.ion.radon.repository.Repository.getWorkspace(Repository.java:28)
	at net.ion.radon.repository.LocalSession.getCurrentWorkspace(LocalSession.java:147)
	at net.ion.radon.repository.LocalSession.dropWorkspace(LocalSession.java:76)
	at net.ion.radon.repository.TestBaseRepository.setUp(TestBaseRepository.java:17)
	at junit.framework.TestCase.runBare(TestCase.java:128)
	at junit.framework.TestResult$1.protect(TestResult.java:106)
	at junit.framework.TestResult.runProtected(TestResult.java:124)
	at junit.framework.TestResult.run(TestResult.java:109)
	at junit.framework.TestCase.run(TestCase.java:120)
	at junit.framework.TestSuite.runTest(TestSuite.java:230)
	at junit.framework.TestSuite.run(TestSuite.java:225)
	at junit.framework.TestSuite.runTest(TestSuite.java:230)
	at junit.framework.TestSuite.run(TestSuite.java:225)
	at junit.framework.TestSuite.runTest(TestSuite.java:230)
	at junit.framework.TestSuite.run(TestSuite.java:225)
	at junit.framework.TestSuite.runTest(TestSuite.java:230)
	at junit.framework.TestSuite.run(TestSuite.java:225)
	at org.apache.tools.ant.taskdefs.optional.junit.JUnitTestRunner.run(JUnitTestRunner.java:421)
	at org.apache.tools.ant.taskdefs.optional.junit.JUnitTestRunner.launch(JUnitTestRunner.java:912)
	at org.apache.tools.ant.taskdefs.optional.junit.JUnitTestRunner.main(JUnitTestRunner.java:766)
2011. 11. 17 오전 6:44:53 com.mongodb.DBTCPConnector fetchMaxBsonObjectSize
경고: Exception determining maxBSON size using0
java.io.IOException: couldn't connect to [/61.250.201.78:27017] bc:java.net.ConnectException: Connection timed out: connect
	at com.mongodb.DBPort._open(DBPort.java:224)
	at com.mongodb.DBPort.go(DBPort.java:101)
	at com.mongodb.DBPort.go(DBPort.java:82)
	at com.mongodb.DBPort.findOne(DBPort.java:142)
	at com.mongodb.DBPort.runCommand(DBPort.java:151)
	at com.mongodb.DBTCPConnector.fetchMaxBsonObjectSize(DBTCPConnector.java:429)
	at com.mongodb.DBTCPConnector.checkMaster(DBTCPConnector.java:416)
	at com.mongodb.DBTCPConnector.say(DBTCPConnector.java:139)
	at com.mongodb.DBTCPConnector.say(DBTCPConnector.java:132)
	at com.mongodb.DBApiLayer$MyCollection.insert(DBApiLayer.java:262)
	at com.mongodb.DBApiLayer$MyCollection.createIndex(DBApiLayer.java:354)
	at com.mongodb.DBCollection.ensureIndex(DBCollection.java:444)
	at com.mongodb.DBCollection.ensureIndex(DBCollection.java:392)
	at net.ion.radon.repository.Workspace.createWorkspace(Workspace.java:64)
	at net.ion.radon.repository.Workspace.load(Workspace.java:43)
	at net.ion.radon.repository.Repository.getWorkspace(Repository.java:28)
	at net.ion.radon.repository.LocalSession.getCurrentWorkspace(LocalSession.java:147)
	at net.ion.radon.repository.LocalSession.dropWorkspace(LocalSession.java:76)
	at net.ion.radon.repository.TestBaseRepository.setUp(TestBaseRepository.java:17)
	at junit.framework.TestCase.runBare(TestCase.java:128)
	at junit.framework.TestResult$1.protect(TestResult.java:106)
	at junit.framework.TestResult.runProtected(TestResult.java:124)
	at junit.framework.TestResult.run(TestResult.java:109)
	at junit.framework.TestCase.run(TestCase.java:120)
	at junit.framework.TestSuite.runTest(TestSuite.java:230)
	at junit.framework.TestSuite.run(TestSuite.java:225)
	at junit.framework.TestSuite.runTest(TestSuite.java:230)
	at junit.framework.TestSuite.run(TestSuite.java:225)
	at junit.framework.TestSuite.runTest(TestSuite.java:230)
	at junit.framework.TestSuite.run(TestSuite.java:225)
	at junit.framework.TestSuite.runTest(TestSuite.java:230)
	at junit.framework.TestSuite.run(TestSuite.java:225)
	at org.apache.tools.ant.taskdefs.optional.junit.JUnitTestRunner.run(JUnitTestRunner.java:421)
	at org.apache.tools.ant.taskdefs.optional.junit.JUnitTestRunner.launch(JUnitTestRunner.java:912)
	at org.apache.tools.ant.taskdefs.optional.junit.JUnitTestRunner.main(JUnitTestRunner.java:766)
2011. 11. 17 오전 6:45:14 com.mongodb.DBPortPool gotError
경고: emptying DBPortPool to 61.250.201.78:27017 b/c of error
java.io.IOException: couldn't connect to [/61.250.201.78:27017] bc:java.net.ConnectException: Connection timed out: connect
	at com.mongodb.DBPort._open(DBPort.java:224)
	at com.mongodb.DBPort.go(DBPort.java:101)
	at com.mongodb.DBPort.go(DBPort.java:82)
	at com.mongodb.DBPort.say(DBPort.java:77)
	at com.mongodb.DBTCPConnector.say(DBTCPConnector.java:146)
	at com.mongodb.DBTCPConnector.say(DBTCPConnector.java:132)
	at com.mongodb.DBApiLayer$MyCollection.insert(DBApiLayer.java:262)
	at com.mongodb.DBApiLayer$MyCollection.createIndex(DBApiLayer.java:354)
	at com.mongodb.DBCollection.ensureIndex(DBCollection.java:444)
	at com.mongodb.DBCollection.ensureIndex(DBCollection.java:392)
	at net.ion.radon.repository.Workspace.createWorkspace(Workspace.java:64)
	at net.ion.radon.repository.Workspace.load(Workspace.java:43)
	at net.ion.radon.repository.Repository.getWorkspace(Repository.java:28)
	at net.ion.radon.repository.LocalSession.getCurrentWorkspace(LocalSession.java:147)
	at net.ion.radon.repository.LocalSession.dropWorkspace(LocalSession.java:76)
	at net.ion.radon.repository.TestBaseRepository.setUp(TestBaseRepository.java:17)
	at junit.framework.TestCase.runBare(TestCase.java:128)
	at junit.framework.TestResult$1.protect(TestResult.java:106)
	at junit.framework.TestResult.runProtected(TestResult.java:124)
	at junit.framework.TestResult.run(TestResult.java:109)
	at junit.framework.TestCase.run(TestCase.java:120)
	at junit.framework.TestSuite.runTest(TestSuite.java:230)
	at junit.framework.TestSuite.run(TestSuite.java:225)
	at junit.framework.TestSuite.runTest(TestSuite.java:230)
	at junit.framework.TestSuite.run(TestSuite.java:225)
	at junit.framework.TestSuite.runTest(TestSuite.java:230)
	at junit.framework.TestSuite.run(TestSuite.java:225)
	at junit.framework.TestSuite.runTest(TestSuite.java:230)
	at junit.framework.TestSuite.run(TestSuite.java:225)
	at org.apache.tools.ant.taskdefs.optional.junit.JUnitTestRunner.run(JUnitTestRunner.java:421)
	at org.apache.tools.ant.taskdefs.optional.junit.JUnitTestRunner.launch(JUnitTestRunner.java:912)
	at org.apache.tools.ant.taskdefs.optional.junit.JUnitTestRunner.main(JUnitTestRunner.java:766)
2011. 11. 17 오전 6:45:35 com.mongodb.DBTCPConnector fetchMaxBsonObjectSize
경고: Exception determining maxBSON size using0
java.io.IOException: couldn't connect to [/61.250.201.78:27017] bc:java.net.ConnectException: Connection timed out: connect
	at com.mongodb.DBPort._open(DBPort.java:224)
	at com.mongodb.DBPort.go(DBPort.java:101)
	at com.mongodb.DBPort.go(DBPort.java:82)
	at com.mongodb.DBPort.findOne(DBPort.java:142)
	at com.mongodb.DBPort.runCommand(DBPort.java:151)
	at com.mongodb.DBTCPConnector.fetchMaxBsonObjectSize(DBTCPConnector.java:429)
	at com.mongodb.Mongo.getMaxBsonObjectSize(Mongo.java:544)
	at com.mongodb.DBApiLayer$MyCollection.insert(DBApiLayer.java:244)
	at com.mongodb.DBApiLayer$MyCollection.createIndex(DBApiLayer.java:354)
	at com.mongodb.DBCollection.ensureIndex(DBCollection.java:444)
	at com.mongodb.DBCollection.ensureIndex(DBCollection.java:392)
	at net.ion.radon.repository.Workspace.createWorkspace(Workspace.java:64)
	at net.ion.radon.repository.Workspace.load(Workspace.java:43)
	at net.ion.radon.repository.Repository.getWorkspace(Repository.java:28)
	at net.ion.radon.repository.LocalSession.getCurrentWorkspace(LocalSession.java:147)
	at net.ion.radon.repository.LocalSession.dropWorkspace(LocalSession.java:76)
	at net.ion.radon.repository.TestBaseRepository.setUp(TestBaseRepository.java:17)
	at junit.framework.TestCase.runBare(TestCase.java:128)
	at junit.framework.TestResult$1.protect(TestResult.java:106)
	at junit.framework.TestResult.runProtected(TestResult.java:124)
	at junit.framework.TestResult.run(TestResult.java:109)
	at junit.framework.TestCase.run(TestCase.java:120)
	at junit.framework.TestSuite.runTest(TestSuite.java:230)
	at junit.framework.TestSuite.run(TestSuite.java:225)
	at junit.framework.TestSuite.runTest(TestSuite.java:230)
	at junit.framework.TestSuite.run(TestSuite.java:225)
	at junit.framework.TestSuite.runTest(TestSuite.java:230)
	at junit.framework.TestSuite.run(TestSuite.java:225)
	at junit.framework.TestSuite.runTest(TestSuite.java:230)
	at junit.framework.TestSuite.run(TestSuite.java:225)
	at org.apache.tools.ant.taskdefs.optional.junit.JUnitTestRunner.run(JUnitTestRunner.java:421)
	at org.apache.tools.ant.taskdefs.optional.junit.JUnitTestRunner.launch(JUnitTestRunner.java:912)
	at org.apache.tools.ant.taskdefs.optional.junit.JUnitTestRunner.main(JUnitTestRunner.java:766)
2011. 11. 17 오전 6:45:56 com.mongodb.DBTCPConnector fetchMaxBsonObjectSize
경고: Exception determining maxBSON size using0
java.io.IOException: couldn't connect to [/61.250.201.78:27017] bc:java.net.ConnectException: Connection timed out: connect
	at com.mongodb.DBPort._open(DBPort.java:224)
	at com.mongodb.DBPort.go(DBPort.java:101)
	at com.mongodb.DBPort.go(DBPort.java:82)
	at com.mongodb.DBPort.findOne(DBPort.java:142)
	at com.mongodb.DBPort.runCommand(DBPort.java:151)
	at com.mongodb.DBTCPConnector.fetchMaxBsonObjectSize(DBTCPConnector.java:429)
	at com.mongodb.DBTCPConnector.checkMaster(DBTCPConnector.java:416)
	at com.mongodb.DBTCPConnector.say(DBTCPConnector.java:139)
	at com.mongodb.DBTCPConnector.say(DBTCPConnector.java:132)
	at com.mongodb.DBApiLayer$MyCollection.insert(DBApiLayer.java:262)
	at com.mongodb.DBApiLayer$MyCollection.createIndex(DBApiLayer.java:354)
	at com.mongodb.DBCollection.ensureIndex(DBCollection.java:444)
	at com.mongodb.DBCollection.ensureIndex(DBCollection.java:392)
	at net.ion.radon.repository.Workspace.createWorkspace(Workspace.java:64)
	at net.ion.radon.repository.Workspace.load(Workspace.java:43)
	at net.ion.radon.repository.Repository.getWorkspace(Repository.java:28)
	at net.ion.radon.repository.LocalSession.getCurrentWorkspace(LocalSession.java:147)
	at net.ion.radon.repository.LocalSession.dropWorkspace(LocalSession.java:76)
	at net.ion.radon.repository.TestBaseRepository.setUp(TestBaseRepository.java:17)
	at junit.framework.TestCase.runBare(TestCase.java:128)
	at junit.framework.TestResult$1.protect(TestResult.java:106)
	at junit.framework.TestResult.runProtected(TestResult.java:124)
	at junit.framework.TestResult.run(TestResult.java:109)
	at junit.framework.TestCase.run(TestCase.java:120)
	at junit.framework.TestSuite.runTest(TestSuite.java:230)
	at junit.framework.TestSuite.run(TestSuite.java:225)
	at junit.framework.TestSuite.runTest(TestSuite.java:230)
	at junit.framework.TestSuite.run(TestSuite.java:225)
	at junit.framework.TestSuite.runTest(TestSuite.java:230)
	at junit.framework.TestSuite.run(TestSuite.java:225)
	at junit.framework.TestSuite.runTest(TestSuite.java:230)
	at junit.framework.TestSuite.run(TestSuite.java:225)
	at org.apache.tools.ant.taskdefs.optional.junit.JUnitTestRunner.run(JUnitTestRunner.java:421)
	at org.apache.tools.ant.taskdefs.optional.junit.JUnitTestRunner.launch(JUnitTestRunner.java:912)
	at org.apache.tools.ant.taskdefs.optional.junit.JUnitTestRunner.main(JUnitTestRunner.java:766)
2011. 11. 17 오전 6:46:17 com.mongodb.DBPortPool gotError
경고: emptying DBPortPool to 61.250.201.78:27017 b/c of error
java.io.IOException: couldn't connect to [/61.250.201.78:27017] bc:java.net.ConnectException: Connection timed out: connect
	at com.mongodb.DBPort._open(DBPort.java:224)
	at com.mongodb.DBPort.go(DBPort.java:101)
	at com.mongodb.DBPort.go(DBPort.java:82)
	at com.mongodb.DBPort.say(DBPort.java:77)
	at com.mongodb.DBTCPConnector.say(DBTCPConnector.java:146)
	at com.mongodb.DBTCPConnector.say(DBTCPConnector.java:132)
	at com.mongodb.DBApiLayer$MyCollection.insert(DBApiLayer.java:262)
	at com.mongodb.DBApiLayer$MyCollection.createIndex(DBApiLayer.java:354)
	at com.mongodb.DBCollection.ensureIndex(DBCollection.java:444)
	at com.mongodb.DBCollection.ensureIndex(DBCollection.java:392)
	at net.ion.radon.repository.Workspace.createWorkspace(Workspace.java:64)
	at net.ion.radon.repository.Workspace.load(Workspace.java:43)
	at net.ion.radon.repository.Repository.getWorkspace(Repository.java:28)
	at net.ion.radon.repository.LocalSession.getCurrentWorkspace(LocalSession.java:147)
	at net.ion.radon.repository.LocalSession.dropWorkspace(LocalSession.java:76)
	at net.ion.radon.repository.TestBaseRepository.setUp(TestBaseRepository.java:17)
	at junit.framework.TestCase.runBare(TestCase.java:128)
	at junit.framework.TestResult$1.protect(TestResult.java:106)
	at junit.framework.TestResult.runProtected(TestResult.java:124)
	at junit.framework.TestResult.run(TestResult.java:109)
	at junit.framework.TestCase.run(TestCase.java:120)
	at junit.framework.TestSuite.runTest(TestSuite.java:230)
	at junit.framework.TestSuite.run(TestSuite.java:225)
	at junit.framework.TestSuite.runTest(TestSuite.java:230)
	at junit.framework.TestSuite.run(TestSuite.java:225)
	at junit.framework.TestSuite.runTest(TestSuite.java:230)
	at junit.framework.TestSuite.run(TestSuite.java:225)
	at junit.framework.TestSuite.runTest(TestSuite.java:230)
	at junit.framework.TestSuite.run(TestSuite.java:225)
	at org.apache.tools.ant.taskdefs.optional.junit.JUnitTestRunner.run(JUnitTestRunner.java:421)
	at org.apache.tools.ant.taskdefs.optional.junit.JUnitTestRunner.launch(JUnitTestRunner.java:912)
	at org.apache.tools.ant.taskdefs.optional.junit.JUnitTestRunner.main(JUnitTestRunner.java:766)
2011. 11. 17 오전 6:46:38 com.mongodb.DBTCPConnector fetchMaxBsonObjectSize
경고: Exception determining maxBSON size using0
java.io.IOException: couldn't connect to [/61.250.201.78:27017] bc:java.net.ConnectException: Connection timed out: connect
	at com.mongodb.DBPort._open(DBPort.java:224)
	at com.mongodb.DBPort.go(DBPort.java:101)
	at com.mongodb.DBPort.go(DBPort.java:82)
	at com.mongodb.DBPort.findOne(DBPort.java:142)
	at com.mongodb.DBPort.runCommand(DBPort.java:151)
	at com.mongodb.DBTCPConnector.fetchMaxBsonObjectSize(DBTCPConnector.java:429)
	at com.mongodb.Mongo.getMaxBsonObjectSize(Mongo.java:544)
	at com.mongodb.DBApiLayer$MyCollection.insert(DBApiLayer.java:244)
	at com.mongodb.DBApiLayer$MyCollection.createIndex(DBApiLayer.java:354)
	at com.mongodb.DBCollection.ensureIndex(DBCollection.java:444)
	at com.mongodb.DBCollection.ensureIndex(DBCollection.java:392)
	at net.ion.radon.repository.Workspace.createWorkspace(Workspace.java:64)
	at net.ion.radon.repository.Workspace.load(Workspace.java:43)
	at net.ion.radon.repository.Repository.getWorkspace(Repository.java:28)
	at net.ion.radon.repository.LocalSession.getCurrentWorkspace(LocalSession.java:147)
	at net.ion.radon.repository.LocalSession.dropWorkspace(LocalSession.java:76)
	at net.ion.radon.repository.TestBaseRepository.setUp(TestBaseRepository.java:17)
	at junit.framework.TestCase.runBare(TestCase.java:128)
	at junit.framework.TestResult$1.protect(TestResult.java:106)
	at junit.framework.TestResult.runProtected(TestResult.java:124)
	at junit.framework.TestResult.run(TestResult.java:109)
	at junit.framework.TestCase.run(TestCase.java:120)
	at junit.framework.TestSuite.runTest(TestSuite.java:230)
	at junit.framework.TestSuite.run(TestSuite.java:225)
	at junit.framework.TestSuite.runTest(TestSuite.java:230)
	at junit.framework.TestSuite.run(TestSuite.java:225)
	at junit.framework.TestSuite.runTest(TestSuite.java:230)
	at junit.framework.TestSuite.run(TestSuite.java:225)
	at junit.framework.TestSuite.runTest(TestSuite.java:230)
	at junit.framework.TestSuite.run(TestSuite.java:225)
	at org.apache.tools.ant.taskdefs.optional.junit.JUnitTestRunner.run(JUnitTestRunner.java:421)
	at org.apache.tools.ant.taskdefs.optional.junit.JUnitTestRunner.launch(JUnitTestRunner.java:912)
	at org.apache.tools.ant.taskdefs.optional.junit.JUnitTestRunner.main(JUnitTestRunner.java:766)
2011. 11. 17 오전 6:46:59 com.mongodb.DBTCPConnector fetchMaxBsonObjectSize
경고: Exception determining maxBSON size using0
java.io.IOException: couldn't connect to [/61.250.201.78:27017] bc:java.net.ConnectException: Connection timed out: connect
	at com.mongodb.DBPort._open(DBPort.java:224)
	at com.mongodb.DBPort.go(DBPort.java:101)
	at com.mongodb.DBPort.go(DBPort.java:82)
	at com.mongodb.DBPort.findOne(DBPort.java:142)
	at com.mongodb.DBPort.runCommand(DBPort.java:151)
	at com.mongodb.DBTCPConnector.fetchMaxBsonObjectSize(DBTCPConnector.java:429)
	at com.mongodb.DBTCPConnector.checkMaster(DBTCPConnector.java:416)
	at com.mongodb.DBTCPConnector.say(DBTCPConnector.java:139)
	at com.mongodb.DBTCPConnector.say(DBTCPConnector.java:132)
	at com.mongodb.DBApiLayer$MyCollection.insert(DBApiLayer.java:262)
	at com.mongodb.DBApiLayer$MyCollection.createIndex(DBApiLayer.java:354)
	at com.mongodb.DBCollection.ensureIndex(DBCollection.java:444)
	at com.mongodb.DBCollection.ensureIndex(DBCollection.java:392)
	at net.ion.radon.repository.Workspace.createWorkspace(Workspace.java:64)
	at net.ion.radon.repository.Workspace.load(Workspace.java:43)
	at net.ion.radon.repository.Repository.getWorkspace(Repository.java:28)
	at net.ion.radon.repository.LocalSession.getCurrentWorkspace(LocalSession.java:147)
	at net.ion.radon.repository.LocalSession.dropWorkspace(LocalSession.java:76)
	at net.ion.radon.repository.TestBaseRepository.setUp(TestBaseRepository.java:17)
	at junit.framework.TestCase.runBare(TestCase.java:128)
	at junit.framework.TestResult$1.protect(TestResult.java:106)
	at junit.framework.TestResult.runProtected(TestResult.java:124)
	at junit.framework.TestResult.run(TestResult.java:109)
	at junit.framework.TestCase.run(TestCase.java:120)
	at junit.framework.TestSuite.runTest(TestSuite.java:230)
	at junit.framework.TestSuite.run(TestSuite.java:225)
	at junit.framework.TestSuite.runTest(TestSuite.java:230)
	at junit.framework.TestSuite.run(TestSuite.java:225)
	at junit.framework.TestSuite.runTest(TestSuite.java:230)
	at junit.framework.TestSuite.run(TestSuite.java:225)
	at junit.framework.TestSuite.runTest(TestSuite.java:230)
	at junit.framework.TestSuite.run(TestSuite.java:225)
	at org.apache.tools.ant.taskdefs.optional.junit.JUnitTestRunner.run(JUnitTestRunner.java:421)
	at org.apache.tools.ant.taskdefs.optional.junit.JUnitTestRunner.launch(JUnitTestRunner.java:912)
	at org.apache.tools.ant.taskdefs.optional.junit.JUnitTestRunner.main(JUnitTestRunner.java:766)
2011. 11. 17 오전 6:47:20 com.mongodb.DBPortPool gotError
경고: emptying DBPortPool to 61.250.201.78:27017 b/c of error
java.io.IOException: couldn't connect to [/61.250.201.78:27017] bc:java.net.ConnectException: Connection timed out: connect
	at com.mongodb.DBPort._open(DBPort.java:224)
	at com.mongodb.DBPort.go(DBPort.java:101)
	at com.mongodb.DBPort.go(DBPort.java:82)
	at com.mongodb.DBPort.say(DBPort.java:77)
	at com.mongodb.DBTCPConnector.say(DBTCPConnector.java:146)
	at com.mongodb.DBTCPConnector.say(DBTCPConnector.java:132)
	at com.mongodb.DBApiLayer$MyCollection.insert(DBApiLayer.java:262)
	at com.mongodb.DBApiLayer$MyCollection.createIndex(DBApiLayer.java:354)
	at com.mongodb.DBCollection.ensureIndex(DBCollection.java:444)
	at com.mongodb.DBCollection.ensureIndex(DBCollection.java:392)
	at net.ion.radon.repository.Workspace.createWorkspace(Workspace.java:64)
	at net.ion.radon.repository.Workspace.load(Workspace.java:43)
	at net.ion.radon.repository.Repository.getWorkspace(Repository.java:28)
	at net.ion.radon.repository.LocalSession.getCurrentWorkspace(LocalSession.java:147)
	at net.ion.radon.repository.LocalSession.dropWorkspace(LocalSession.java:76)
	at net.ion.radon.repository.TestBaseRepository.setUp(TestBaseRepository.java:17)
	at junit.framework.TestCase.runBare(TestCase.java:128)
	at junit.framework.TestResult$1.protect(TestResult.java:106)
	at junit.framework.TestResult.runProtected(TestResult.java:124)
	at junit.framework.TestResult.run(TestResult.java:109)
	at junit.framework.TestCase.run(TestCase.java:120)
	at junit.framework.TestSuite.runTest(TestSuite.java:230)
	at junit.framework.TestSuite.run(TestSuite.java:225)
	at junit.framework.TestSuite.runTest(TestSuite.java:230)
	at junit.framework.TestSuite.run(TestSuite.java:225)
	at junit.framework.TestSuite.runTest(TestSuite.java:230)
	at junit.framework.TestSuite.run(TestSuite.java:225)
	at junit.framework.TestSuite.runTest(TestSuite.java:230)
	at junit.framework.TestSuite.run(TestSuite.java:225)
	at org.apache.tools.ant.taskdefs.optional.junit.JUnitTestRunner.run(JUnitTestRunner.java:421)
	at org.apache.tools.ant.taskdefs.optional.junit.JUnitTestRunner.launch(JUnitTestRunner.java:912)
	at org.apache.tools.ant.taskdefs.optional.junit.JUnitTestRunner.main(JUnitTestRunner.java:766)
2011. 11. 17 오전 6:47:41 com.mongodb.DBTCPConnector fetchMaxBsonObjectSize
경고: Exception determining maxBSON size using0
java.io.IOException: couldn't connect to [/61.250.201.78:27017] bc:java.net.ConnectException: Connection timed out: connect
	at com.mongodb.DBPort._open(DBPort.java:224)
	at com.mongodb.DBPort.go(DBPort.java:101)
	at com.mongodb.DBPort.go(DBPort.java:82)
	at com.mongodb.DBPort.findOne(DBPort.java:142)
	at com.mongodb.DBPort.runCommand(DBPort.java:151)
	at com.mongodb.DBTCPConnector.fetchMaxBsonObjectSize(DBTCPConnector.java:429)
	at com.mongodb.Mongo.getMaxBsonObjectSize(Mongo.java:544)
	at com.mongodb.DBApiLayer$MyCollection.insert(DBApiLayer.java:244)
	at com.mongodb.DBApiLayer$MyCollection.createIndex(DBApiLayer.java:354)
	at com.mongodb.DBCollection.ensureIndex(DBCollection.java:444)
	at com.mongodb.DBCollection.ensureIndex(DBCollection.java:392)
	at net.ion.radon.repository.Workspace.createWorkspace(Workspace.java:64)
	at net.ion.radon.repository.Workspace.load(Workspace.java:43)
	at net.ion.radon.repository.Repository.getWorkspace(Repository.java:28)
	at net.ion.radon.repository.LocalSession.getCurrentWorkspace(LocalSession.java:147)
	at net.ion.radon.repository.LocalSession.dropWorkspace(LocalSession.java:76)
	at net.ion.radon.repository.TestBaseRepository.setUp(TestBaseRepository.java:17)
	at junit.framework.TestCase.runBare(TestCase.java:128)
	at junit.framework.TestResult$1.protect(TestResult.java:106)
	at junit.framework.TestResult.runProtected(TestResult.java:124)
	at junit.framework.TestResult.run(TestResult.java:109)
	at junit.framework.TestCase.run(TestCase.java:120)
	at junit.framework.TestSuite.runTest(TestSuite.java:230)
	at junit.framework.TestSuite.run(TestSuite.java:225)
	at junit.framework.TestSuite.runTest(TestSuite.java:230)
	at junit.framework.TestSuite.run(TestSuite.java:225)
	at junit.framework.TestSuite.runTest(TestSuite.java:230)
	at junit.framework.TestSuite.run(TestSuite.java:225)
	at junit.framework.TestSuite.runTest(TestSuite.java:230)
	at junit.framework.TestSuite.run(TestSuite.java:225)
	at org.apache.tools.ant.taskdefs.optional.junit.JUnitTestRunner.run(JUnitTestRunner.java:421)
	at org.apache.tools.ant.taskdefs.optional.junit.JUnitTestRunner.launch(JUnitTestRunner.java:912)
	at org.apache.tools.ant.taskdefs.optional.junit.JUnitTestRunner.main(JUnitTestRunner.java:766)
2011. 11. 17 오전 6:48:02 com.mongodb.DBTCPConnector fetchMaxBsonObjectSize
경고: Exception determining maxBSON size using0
java.io.IOException: couldn't connect to [/61.250.201.78:27017] bc:java.net.ConnectException: Connection timed out: connect
	at com.mongodb.DBPort._open(DBPort.java:224)
	at com.mongodb.DBPort.go(DBPort.java:101)
	at com.mongodb.DBPort.go(DBPort.java:82)
	at com.mongodb.DBPort.findOne(DBPort.java:142)
	at com.mongodb.DBPort.runCommand(DBPort.java:151)
	at com.mongodb.DBTCPConnector.fetchMaxBsonObjectSize(DBTCPConnector.java:429)
	at com.mongodb.DBTCPConnector.checkMaster(DBTCPConnector.java:416)
	at com.mongodb.DBTCPConnector.say(DBTCPConnector.java:139)
	at com.mongodb.DBTCPConnector.say(DBTCPConnector.java:132)
	at com.mongodb.DBApiLayer$MyCollection.insert(DBApiLayer.java:262)
	at com.mongodb.DBApiLayer$MyCollection.createIndex(DBApiLayer.java:354)
	at com.mongodb.DBCollection.ensureIndex(DBCollection.java:444)
	at com.mongodb.DBCollection.ensureIndex(DBCollection.java:392)
	at net.ion.radon.repository.Workspace.createWorkspace(Workspace.java:64)
	at net.ion.radon.repository.Workspace.load(Workspace.java:43)
	at net.ion.radon.repository.Repository.getWorkspace(Repository.java:28)
	at net.ion.radon.repository.LocalSession.getCurrentWorkspace(LocalSession.java:147)
	at net.ion.radon.repository.LocalSession.dropWorkspace(LocalSession.java:76)
	at net.ion.radon.repository.TestBaseRepository.setUp(TestBaseRepository.java:17)
	at junit.framework.TestCase.runBare(TestCase.java:128)
	at junit.framework.TestResult$1.protect(TestResult.java:106)
	at junit.framework.TestResult.runProtected(TestResult.java:124)
	at junit.framework.TestResult.run(TestResult.java:109)
	at junit.framework.TestCase.run(TestCase.java:120)
	at junit.framework.TestSuite.runTest(TestSuite.java:230)
	at junit.framework.TestSuite.run(TestSuite.java:225)
	at junit.framework.TestSuite.runTest(TestSuite.java:230)
	at junit.framework.TestSuite.run(TestSuite.java:225)
	at junit.framework.TestSuite.runTest(TestSuite.java:230)
	at junit.framework.TestSuite.run(TestSuite.java:225)
	at junit.framework.TestSuite.runTest(TestSuite.java:230)
	at junit.framework.TestSuite.run(TestSuite.java:225)
	at org.apache.tools.ant.taskdefs.optional.junit.JUnitTestRunner.run(JUnitTestRunner.java:421)
	at org.apache.tools.ant.taskdefs.optional.junit.JUnitTestRunner.launch(JUnitTestRunner.java:912)
	at org.apache.tools.ant.taskdefs.optional.junit.JUnitTestRunner.main(JUnitTestRunner.java:766)
2011. 11. 17 오전 6:48:23 com.mongodb.DBPortPool gotError
경고: emptying DBPortPool to 61.250.201.78:27017 b/c of error
java.io.IOException: couldn't connect to [/61.250.201.78:27017] bc:java.net.ConnectException: Connection timed out: connect
	at com.mongodb.DBPort._open(DBPort.java:224)
	at com.mongodb.DBPort.go(DBPort.java:101)
	at com.mongodb.DBPort.go(DBPort.java:82)
	at com.mongodb.DBPort.say(DBPort.java:77)
	at com.mongodb.DBTCPConnector.say(DBTCPConnector.java:146)
	at com.mongodb.DBTCPConnector.say(DBTCPConnector.java:132)
	at com.mongodb.DBApiLayer$MyCollection.insert(DBApiLayer.java:262)
	at com.mongodb.DBApiLayer$MyCollection.createIndex(DBApiLayer.java:354)
	at com.mongodb.DBCollection.ensureIndex(DBCollection.java:444)
	at com.mongodb.DBCollection.ensureIndex(DBCollection.java:392)
	at net.ion.radon.repository.Workspace.createWorkspace(Workspace.java:64)
	at net.ion.radon.repository.Workspace.load(Workspace.java:43)
	at net.ion.radon.repository.Repository.getWorkspace(Repository.java:28)
	at net.ion.radon.repository.LocalSession.getCurrentWorkspace(LocalSession.java:147)
	at net.ion.radon.repository.LocalSession.dropWorkspace(LocalSession.java:76)
	at net.ion.radon.repository.TestBaseRepository.setUp(TestBaseRepository.java:17)
	at junit.framework.TestCase.runBare(TestCase.java:128)
	at junit.framework.TestResult$1.protect(TestResult.java:106)
	at junit.framework.TestResult.runProtected(TestResult.java:124)
	at junit.framework.TestResult.run(TestResult.java:109)
	at junit.framework.TestCase.run(TestCase.java:120)
	at junit.framework.TestSuite.runTest(TestSuite.java:230)
	at junit.framework.TestSuite.run(TestSuite.java:225)
	at junit.framework.TestSuite.runTest(TestSuite.java:230)
	at junit.framework.TestSuite.run(TestSuite.java:225)
	at junit.framework.TestSuite.runTest(TestSuite.java:230)
	at junit.framework.TestSuite.run(TestSuite.java:225)
	at junit.framework.TestSuite.runTest(TestSuite.java:230)
	at junit.framework.TestSuite.run(TestSuite.java:225)
	at org.apache.tools.ant.taskdefs.optional.junit.JUnitTestRunner.run(JUnitTestRunner.java:421)
	at org.apache.tools.ant.taskdefs.optional.junit.JUnitTestRunner.launch(JUnitTestRunner.java:912)
	at org.apache.tools.ant.taskdefs.optional.junit.JUnitTestRunner.main(JUnitTestRunner.java:766)
2011. 11. 17 오전 6:48:45 com.mongodb.DBTCPConnector fetchMaxBsonObjectSize
경고: Exception determining maxBSON size using0
java.io.IOException: couldn't connect to [/61.250.201.78:27017] bc:java.net.ConnectException: Connection timed out: connect
	at com.mongodb.DBPort._open(DBPort.java:224)
	at com.mongodb.DBPort.go(DBPort.java:101)
	at com.mongodb.DBPort.go(DBPort.java:82)
	at com.mongodb.DBPort.findOne(DBPort.java:142)
	at com.mongodb.DBPort.runCommand(DBPort.java:151)
	at com.mongodb.DBTCPConnector.fetchMaxBsonObjectSize(DBTCPConnector.java:429)
	at com.mongodb.Mongo.getMaxBsonObjectSize(Mongo.java:544)
	at com.mongodb.DBApiLayer$MyCollection.insert(DBApiLayer.java:244)
	at com.mongodb.DBApiLayer$MyCollection.createIndex(DBApiLayer.java:354)
	at com.mongodb.DBCollection.ensureIndex(DBCollection.java:444)
	at com.mongodb.DBCollection.ensureIndex(DBCollection.java:392)
	at net.ion.radon.repository.Workspace.createWorkspace(Workspace.java:64)
	at net.ion.radon.repository.Workspace.load(Workspace.java:43)
	at net.ion.radon.repository.Repository.getWorkspace(Repository.java:28)
	at net.ion.radon.repository.LocalSession.getCurrentWorkspace(LocalSession.java:147)
	at net.ion.radon.repository.LocalSession.dropWorkspace(LocalSession.java:76)
	at net.ion.radon.repository.TestBaseRepository.setUp(TestBaseRepository.java:17)
	at junit.framework.TestCase.runBare(TestCase.java:128)
	at junit.framework.TestResult$1.protect(TestResult.java:106)
	at junit.framework.TestResult.runProtected(TestResult.java:124)
	at junit.framework.TestResult.run(TestResult.java:109)
	at junit.framework.TestCase.run(TestCase.java:120)
	at junit.framework.TestSuite.runTest(TestSuite.java:230)
	at junit.framework.TestSuite.run(TestSuite.java:225)
	at junit.framework.TestSuite.runTest(TestSuite.java:230)
	at junit.framework.TestSuite.run(TestSuite.java:225)
	at junit.framework.TestSuite.runTest(TestSuite.java:230)
	at junit.framework.TestSuite.run(TestSuite.java:225)
	at junit.framework.TestSuite.runTest(TestSuite.java:230)
	at junit.framework.TestSuite.run(TestSuite.java:225)
	at org.apache.tools.ant.taskdefs.optional.junit.JUnitTestRunner.run(JUnitTestRunner.java:421)
	at org.apache.tools.ant.taskdefs.optional.junit.JUnitTestRunner.launch(JUnitTestRunner.java:912)
	at org.apache.tools.ant.taskdefs.optional.junit.JUnitTestRunner.main(JUnitTestRunner.java:766)
2011. 11. 17 오전 6:49:06 com.mongodb.DBTCPConnector fetchMaxBsonObjectSize
경고: Exception determining maxBSON size using0
java.io.IOException: couldn't connect to [/61.250.201.78:27017] bc:java.net.ConnectException: Connection timed out: connect
	at com.mongodb.DBPort._open(DBPort.java:224)
	at com.mongodb.DBPort.go(DBPort.java:101)
	at com.mongodb.DBPort.go(DBPort.java:82)
	at com.mongodb.DBPort.findOne(DBPort.java:142)
	at com.mongodb.DBPort.runCommand(DBPort.java:151)
	at com.mongodb.DBTCPConnector.fetchMaxBsonObjectSize(DBTCPConnector.java:429)
	at com.mongodb.DBTCPConnector.checkMaster(DBTCPConnector.java:416)
	at com.mongodb.DBTCPConnector.say(DBTCPConnector.java:139)
	at com.mongodb.DBTCPConnector.say(DBTCPConnector.java:132)
	at com.mongodb.DBApiLayer$MyCollection.insert(DBApiLayer.java:262)
	at com.mongodb.DBApiLayer$MyCollection.createIndex(DBApiLayer.java:354)
	at com.mongodb.DBCollection.ensureIndex(DBCollection.java:444)
	at com.mongodb.DBCollection.ensureIndex(DBCollection.java:392)
	at net.ion.radon.repository.Workspace.createWorkspace(Workspace.java:64)
	at net.ion.radon.repository.Workspace.load(Workspace.java:43)
	at net.ion.radon.repository.Repository.getWorkspace(Repository.java:28)
	at net.ion.radon.repository.LocalSession.getCurrentWorkspace(LocalSession.java:147)
	at net.ion.radon.repository.LocalSession.dropWorkspace(LocalSession.java:76)
	at net.ion.radon.repository.TestBaseRepository.setUp(TestBaseRepository.java:17)
	at junit.framework.TestCase.runBare(TestCase.java:128)
	at junit.framework.TestResult$1.protect(TestResult.java:106)
	at junit.framework.TestResult.runProtected(TestResult.java:124)
	at junit.framework.TestResult.run(TestResult.java:109)
	at junit.framework.TestCase.run(TestCase.java:120)
	at junit.framework.TestSuite.runTest(TestSuite.java:230)
	at junit.framework.TestSuite.run(TestSuite.java:225)
	at junit.framework.TestSuite.runTest(TestSuite.java:230)
	at junit.framework.TestSuite.run(TestSuite.java:225)
	at junit.framework.TestSuite.runTest(TestSuite.java:230)
	at junit.framework.TestSuite.run(TestSuite.java:225)
	at junit.framework.TestSuite.runTest(TestSuite.java:230)
	at junit.framework.TestSuite.run(TestSuite.java:225)
	at org.apache.tools.ant.taskdefs.optional.junit.JUnitTestRunner.run(JUnitTestRunner.java:421)
	at org.apache.tools.ant.taskdefs.optional.junit.JUnitTestRunner.launch(JUnitTestRunner.java:912)
	at org.apache.tools.ant.taskdefs.optional.junit.JUnitTestRunner.main(JUnitTestRunner.java:766)
2011. 11. 17 오전 6:49:27 com.mongodb.DBPortPool gotError
경고: emptying DBPortPool to 61.250.201.78:27017 b/c of error
java.io.IOException: couldn't connect to [/61.250.201.78:27017] bc:java.net.ConnectException: Connection timed out: connect
	at com.mongodb.DBPort._open(DBPort.java:224)
	at com.mongodb.DBPort.go(DBPort.java:101)
	at com.mongodb.DBPort.go(DBPort.java:82)
	at com.mongodb.DBPort.say(DBPort.java:77)
	at com.mongodb.DBTCPConnector.say(DBTCPConnector.java:146)
	at com.mongodb.DBTCPConnector.say(DBTCPConnector.java:132)
	at com.mongodb.DBApiLayer$MyCollection.insert(DBApiLayer.java:262)
	at com.mongodb.DBApiLayer$MyCollection.createIndex(DBApiLayer.java:354)
	at com.mongodb.DBCollection.ensureIndex(DBCollection.java:444)
	at com.mongodb.DBCollection.ensureIndex(DBCollection.java:392)
	at net.ion.radon.repository.Workspace.createWorkspace(Workspace.java:64)
	at net.ion.radon.repository.Workspace.load(Workspace.java:43)
	at net.ion.radon.repository.Repository.getWorkspace(Repository.java:28)
	at net.ion.radon.repository.LocalSession.getCurrentWorkspace(LocalSession.java:147)
	at net.ion.radon.repository.LocalSession.dropWorkspace(LocalSession.java:76)
	at net.ion.radon.repository.TestBaseRepository.setUp(TestBaseRepository.java:17)
	at junit.framework.TestCase.runBare(TestCase.java:128)
	at junit.framework.TestResult$1.protect(TestResult.java:106)
	at junit.framework.TestResult.runProtected(TestResult.java:124)
	at junit.framework.TestResult.run(TestResult.java:109)
	at junit.framework.TestCase.run(TestCase.java:120)
	at junit.framework.TestSuite.runTest(TestSuite.java:230)
	at junit.framework.TestSuite.run(TestSuite.java:225)
	at junit.framework.TestSuite.runTest(TestSuite.java:230)
	at junit.framework.TestSuite.run(TestSuite.java:225)
	at junit.framework.TestSuite.runTest(TestSuite.java:230)
	at junit.framework.TestSuite.run(TestSuite.java:225)
	at junit.framework.TestSuite.runTest(TestSuite.java:230)
	at junit.framework.TestSuite.run(TestSuite.java:225)
	at org.apache.tools.ant.taskdefs.optional.junit.JUnitTestRunner.run(JUnitTestRunner.java:421)
	at org.apache.tools.ant.taskdefs.optional.junit.JUnitTestRunner.launch(JUnitTestRunner.java:912)
	at org.apache.tools.ant.taskdefs.optional.junit.JUnitTestRunner.main(JUnitTestRunner.java:766)
2011. 11. 17 오전 6:49:48 com.mongodb.DBTCPConnector fetchMaxBsonObjectSize
경고: Exception determining maxBSON size using0
java.io.IOException: couldn't connect to [/61.250.201.78:27017] bc:java.net.ConnectException: Connection timed out: connect
	at com.mongodb.DBPort._open(DBPort.java:224)
	at com.mongodb.DBPort.go(DBPort.java:101)
	at com.mongodb.DBPort.go(DBPort.java:82)
	at com.mongodb.DBPort.findOne(DBPort.java:142)
	at com.mongodb.DBPort.runCommand(DBPort.java:151)
	at com.mongodb.DBTCPConnector.fetchMaxBsonObjectSize(DBTCPConnector.java:429)
	at com.mongodb.Mongo.getMaxBsonObjectSize(Mongo.java:544)
	at com.mongodb.DBApiLayer$MyCollection.insert(DBApiLayer.java:244)
	at com.mongodb.DBApiLayer$MyCollection.createIndex(DBApiLayer.java:354)
	at com.mongodb.DBCollection.ensureIndex(DBCollection.java:444)
	at com.mongodb.DBCollection.ensureIndex(DBCollection.java:392)
	at net.ion.radon.repository.Workspace.createWorkspace(Workspace.java:64)
	at net.ion.radon.repository.Workspace.load(Workspace.java:43)
	at net.ion.radon.repository.Repository.getWorkspace(Repository.java:28)
	at net.ion.radon.repository.LocalSession.getCurrentWorkspace(LocalSession.java:147)
	at net.ion.radon.repository.LocalSession.dropWorkspace(LocalSession.java:76)
	at net.ion.radon.repository.TestBaseRepository.setUp(TestBaseRepository.java:17)
	at junit.framework.TestCase.runBare(TestCase.java:128)
	at junit.framework.TestResult$1.protect(TestResult.java:106)
	at junit.framework.TestResult.runProtected(TestResult.java:124)
	at junit.framework.TestResult.run(TestResult.java:109)
	at junit.framework.TestCase.run(TestCase.java:120)
	at junit.framework.TestSuite.runTest(TestSuite.java:230)
	at junit.framework.TestSuite.run(TestSuite.java:225)
	at junit.framework.TestSuite.runTest(TestSuite.java:230)
	at junit.framework.TestSuite.run(TestSuite.java:225)
	at junit.framework.TestSuite.runTest(TestSuite.java:230)
	at junit.framework.TestSuite.run(TestSuite.java:225)
	at junit.framework.TestSuite.runTest(TestSuite.java:230)
	at junit.framework.TestSuite.run(TestSuite.java:225)
	at org.apache.tools.ant.taskdefs.optional.junit.JUnitTestRunner.run(JUnitTestRunner.java:421)
	at org.apache.tools.ant.taskdefs.optional.junit.JUnitTestRunner.launch(JUnitTestRunner.java:912)
	at org.apache.tools.ant.taskdefs.optional.junit.JUnitTestRunner.main(JUnitTestRunner.java:766)
2011. 11. 17 오전 6:50:09 com.mongodb.DBTCPConnector fetchMaxBsonObjectSize
경고: Exception determining maxBSON size using0
java.io.IOException: couldn't connect to [/61.250.201.78:27017] bc:java.net.ConnectException: Connection timed out: connect
	at com.mongodb.DBPort._open(DBPort.java:224)
	at com.mongodb.DBPort.go(DBPort.java:101)
	at com.mongodb.DBPort.go(DBPort.java:82)
	at com.mongodb.DBPort.findOne(DBPort.java:142)
	at com.mongodb.DBPort.runCommand(DBPort.java:151)
	at com.mongodb.DBTCPConnector.fetchMaxBsonObjectSize(DBTCPConnector.java:429)
	at com.mongodb.DBTCPConnector.checkMaster(DBTCPConnector.java:416)
	at com.mongodb.DBTCPConnector.say(DBTCPConnector.java:139)
	at com.mongodb.DBTCPConnector.say(DBTCPConnector.java:132)
	at com.mongodb.DBApiLayer$MyCollection.insert(DBApiLayer.java:262)
	at com.mongodb.DBApiLayer$MyCollection.createIndex(DBApiLayer.java:354)
	at com.mongodb.DBCollection.ensureIndex(DBCollection.java:444)
	at com.mongodb.DBCollection.ensureIndex(DBCollection.java:392)
	at net.ion.radon.repository.Workspace.createWorkspace(Workspace.java:64)
	at net.ion.radon.repository.Workspace.load(Workspace.java:43)
	at net.ion.radon.repository.Repository.getWorkspace(Repository.java:28)
	at net.ion.radon.repository.LocalSession.getCurrentWorkspace(LocalSession.java:147)
	at net.ion.radon.repository.LocalSession.dropWorkspace(LocalSession.java:76)
	at net.ion.radon.repository.TestBaseRepository.setUp(TestBaseRepository.java:17)
	at junit.framework.TestCase.runBare(TestCase.java:128)
	at junit.framework.TestResult$1.protect(TestResult.java:106)
	at junit.framework.TestResult.runProtected(TestResult.java:124)
	at junit.framework.TestResult.run(TestResult.java:109)
	at junit.framework.TestCase.run(TestCase.java:120)
	at junit.framework.TestSuite.runTest(TestSuite.java:230)
	at junit.framework.TestSuite.run(TestSuite.java:225)
	at junit.framework.TestSuite.runTest(TestSuite.java:230)
	at junit.framework.TestSuite.run(TestSuite.java:225)
	at junit.framework.TestSuite.runTest(TestSuite.java:230)
	at junit.framework.TestSuite.run(TestSuite.java:225)
	at junit.framework.TestSuite.runTest(TestSuite.java:230)
	at junit.framework.TestSuite.run(TestSuite.java:225)
	at org.apache.tools.ant.taskdefs.optional.junit.JUnitTestRunner.run(JUnitTestRunner.java:421)
	at org.apache.tools.ant.taskdefs.optional.junit.JUnitTestRunner.launch(JUnitTestRunner.java:912)
	at org.apache.tools.ant.taskdefs.optional.junit.JUnitTestRunner.main(JUnitTestRunner.java:766)
2011. 11. 17 오전 6:50:30 com.mongodb.DBPortPool gotError
경고: emptying DBPortPool to 61.250.201.78:27017 b/c of error
java.io.IOException: couldn't connect to [/61.250.201.78:27017] bc:java.net.ConnectException: Connection timed out: connect
	at com.mongodb.DBPort._open(DBPort.java:224)
	at com.mongodb.DBPort.go(DBPort.java:101)
	at com.mongodb.DBPort.go(DBPort.java:82)
	at com.mongodb.DBPort.say(DBPort.java:77)
	at com.mongodb.DBTCPConnector.say(DBTCPConnector.java:146)
	at com.mongodb.DBTCPConnector.say(DBTCPConnector.java:132)
	at com.mongodb.DBApiLayer$MyCollection.insert(DBApiLayer.java:262)
	at com.mongodb.DBApiLayer$MyCollection.createIndex(DBApiLayer.java:354)
	at com.mongodb.DBCollection.ensureIndex(DBCollection.java:444)
	at com.mongodb.DBCollection.ensureIndex(DBCollection.java:392)
	at net.ion.radon.repository.Workspace.createWorkspace(Workspace.java:64)
	at net.ion.radon.repository.Workspace.load(Workspace.java:43)
	at net.ion.radon.repository.Repository.getWorkspace(Repository.java:28)
	at net.ion.radon.repository.LocalSession.getCurrentWorkspace(LocalSession.java:147)
	at net.ion.radon.repository.LocalSession.dropWorkspace(LocalSession.java:76)
	at net.ion.radon.repository.TestBaseRepository.setUp(TestBaseRepository.java:17)
	at junit.framework.TestCase.runBare(TestCase.java:128)
	at junit.framework.TestResult$1.protect(TestResult.java:106)
	at junit.framework.TestResult.runProtected(TestResult.java:124)
	at junit.framework.TestResult.run(TestResult.java:109)
	at junit.framework.TestCase.run(TestCase.java:120)
	at junit.framework.TestSuite.runTest(TestSuite.java:230)
	at junit.framework.TestSuite.run(TestSuite.java:225)
	at junit.framework.TestSuite.runTest(TestSuite.java:230)
	at junit.framework.TestSuite.run(TestSuite.java:225)
	at junit.framework.TestSuite.runTest(TestSuite.java:230)
	at junit.framework.TestSuite.run(TestSuite.java:225)
	at junit.framework.TestSuite.runTest(TestSuite.java:230)
	at junit.framework.TestSuite.run(TestSuite.java:225)
	at org.apache.tools.ant.taskdefs.optional.junit.JUnitTestRunner.run(JUnitTestRunner.java:421)
	at org.apache.tools.ant.taskdefs.optional.junit.JUnitTestRunner.launch(JUnitTestRunner.java:912)
	at org.apache.tools.ant.taskdefs.optional.junit.JUnitTestRunner.main(JUnitTestRunner.java:766)
2011. 11. 17 오전 6:50:51 com.mongodb.DBTCPConnector fetchMaxBsonObjectSize
경고: Exception determining maxBSON size using0
java.io.IOException: couldn't connect to [/61.250.201.78:27017] bc:java.net.ConnectException: Connection timed out: connect
	at com.mongodb.DBPort._open(DBPort.java:224)
	at com.mongodb.DBPort.go(DBPort.java:101)
	at com.mongodb.DBPort.go(DBPort.java:82)
	at com.mongodb.DBPort.findOne(DBPort.java:142)
	at com.mongodb.DBPort.runCommand(DBPort.java:151)
	at com.mongodb.DBTCPConnector.fetchMaxBsonObjectSize(DBTCPConnector.java:429)
	at com.mongodb.Mongo.getMaxBsonObjectSize(Mongo.java:544)
	at com.mongodb.DBApiLayer$MyCollection.insert(DBApiLayer.java:244)
	at com.mongodb.DBApiLayer$MyCollection.createIndex(DBApiLayer.java:354)
	at com.mongodb.DBCollection.ensureIndex(DBCollection.java:444)
	at com.mongodb.DBCollection.ensureIndex(DBCollection.java:392)
	at net.ion.radon.repository.Workspace.createWorkspace(Workspace.java:64)
	at net.ion.radon.repository.Workspace.load(Workspace.java:43)
	at net.ion.radon.repository.Repository.getWorkspace(Repository.java:28)
	at net.ion.radon.repository.LocalSession.getCurrentWorkspace(LocalSession.java:147)
	at net.ion.radon.repository.LocalSession.dropWorkspace(LocalSession.java:76)
	at net.ion.radon.repository.TestBaseRepository.setUp(TestBaseRepository.java:17)
	at junit.framework.TestCase.runBare(TestCase.java:128)
	at junit.framework.TestResult$1.protect(TestResult.java:106)
	at junit.framework.TestResult.runProtected(TestResult.java:124)
	at junit.framework.TestResult.run(TestResult.java:109)
	at junit.framework.TestCase.run(TestCase.java:120)
	at junit.framework.TestSuite.runTest(TestSuite.java:230)
	at junit.framework.TestSuite.run(TestSuite.java:225)
	at junit.framework.TestSuite.runTest(TestSuite.java:230)
	at junit.framework.TestSuite.run(TestSuite.java:225)
	at junit.framework.TestSuite.runTest(TestSuite.java:230)
	at junit.framework.TestSuite.run(TestSuite.java:225)
	at junit.framework.TestSuite.runTest(TestSuite.java:230)
	at junit.framework.TestSuite.run(TestSuite.java:225)
	at org.apache.tools.ant.taskdefs.optional.junit.JUnitTestRunner.run(JUnitTestRunner.java:421)
	at org.apache.tools.ant.taskdefs.optional.junit.JUnitTestRunner.launch(JUnitTestRunner.java:912)
	at org.apache.tools.ant.taskdefs.optional.junit.JUnitTestRunner.main(JUnitTestRunner.java:766)
2011. 11. 17 오전 6:51:12 com.mongodb.DBTCPConnector fetchMaxBsonObjectSize
경고: Exception determining maxBSON size using0
java.io.IOException: couldn't connect to [/61.250.201.78:27017] bc:java.net.ConnectException: Connection timed out: connect
	at com.mongodb.DBPort._open(DBPort.java:224)
	at com.mongodb.DBPort.go(DBPort.java:101)
	at com.mongodb.DBPort.go(DBPort.java:82)
	at com.mongodb.DBPort.findOne(DBPort.java:142)
	at com.mongodb.DBPort.runCommand(DBPort.java:151)
	at com.mongodb.DBTCPConnector.fetchMaxBsonObjectSize(DBTCPConnector.java:429)
	at com.mongodb.DBTCPConnector.checkMaster(DBTCPConnector.java:416)
	at com.mongodb.DBTCPConnector.say(DBTCPConnector.java:139)
	at com.mongodb.DBTCPConnector.say(DBTCPConnector.java:132)
	at com.mongodb.DBApiLayer$MyCollection.insert(DBApiLayer.java:262)
	at com.mongodb.DBApiLayer$MyCollection.createIndex(DBApiLayer.java:354)
	at com.mongodb.DBCollection.ensureIndex(DBCollection.java:444)
	at com.mongodb.DBCollection.ensureIndex(DBCollection.java:392)
	at net.ion.radon.repository.Workspace.createWorkspace(Workspace.java:64)
	at net.ion.radon.repository.Workspace.load(Workspace.java:43)
	at net.ion.radon.repository.Repository.getWorkspace(Repository.java:28)
	at net.ion.radon.repository.LocalSession.getCurrentWorkspace(LocalSession.java:147)
	at net.ion.radon.repository.LocalSession.dropWorkspace(LocalSession.java:76)
	at net.ion.radon.repository.TestBaseRepository.setUp(TestBaseRepository.java:17)
	at junit.framework.TestCase.runBare(TestCase.java:128)
	at junit.framework.TestResult$1.protect(TestResult.java:106)
	at junit.framework.TestResult.runProtected(TestResult.java:124)
	at junit.framework.TestResult.run(TestResult.java:109)
	at junit.framework.TestCase.run(TestCase.java:120)
	at junit.framework.TestSuite.runTest(TestSuite.java:230)
	at junit.framework.TestSuite.run(TestSuite.java:225)
	at junit.framework.TestSuite.runTest(TestSuite.java:230)
	at junit.framework.TestSuite.run(TestSuite.java:225)
	at junit.framework.TestSuite.runTest(TestSuite.java:230)
	at junit.framework.TestSuite.run(TestSuite.java:225)
	at junit.framework.TestSuite.runTest(TestSuite.java:230)
	at junit.framework.TestSuite.run(TestSuite.java:225)
	at org.apache.tools.ant.taskdefs.optional.junit.JUnitTestRunner.run(JUnitTestRunner.java:421)
	at org.apache.tools.ant.taskdefs.optional.junit.JUnitTestRunner.launch(JUnitTestRunner.java:912)
	at org.apache.tools.ant.taskdefs.optional.junit.JUnitTestRunner.main(JUnitTestRunner.java:766)
2011. 11. 17 오전 6:51:33 com.mongodb.DBPortPool gotError
경고: emptying DBPortPool to 61.250.201.78:27017 b/c of error
java.io.IOException: couldn't connect to [/61.250.201.78:27017] bc:java.net.ConnectException: Connection timed out: connect
	at com.mongodb.DBPort._open(DBPort.java:224)
	at com.mongodb.DBPort.go(DBPort.java:101)
	at com.mongodb.DBPort.go(DBPort.java:82)
	at com.mongodb.DBPort.say(DBPort.java:77)
	at com.mongodb.DBTCPConnector.say(DBTCPConnector.java:146)
	at com.mongodb.DBTCPConnector.say(DBTCPConnector.java:132)
	at com.mongodb.DBApiLayer$MyCollection.insert(DBApiLayer.java:262)
	at com.mongodb.DBApiLayer$MyCollection.createIndex(DBApiLayer.java:354)
	at com.mongodb.DBCollection.ensureIndex(DBCollection.java:444)
	at com.mongodb.DBCollection.ensureIndex(DBCollection.java:392)
	at net.ion.radon.repository.Workspace.createWorkspace(Workspace.java:64)
	at net.ion.radon.repository.Workspace.load(Workspace.java:43)
	at net.ion.radon.repository.Repository.getWorkspace(Repository.java:28)
	at net.ion.radon.repository.LocalSession.getCurrentWorkspace(LocalSession.java:147)
	at net.ion.radon.repository.LocalSession.dropWorkspace(LocalSession.java:76)
	at net.ion.radon.repository.TestBaseRepository.setUp(TestBaseRepository.java:17)
	at junit.framework.TestCase.runBare(TestCase.java:128)
	at junit.framework.TestResult$1.protect(TestResult.java:106)
	at junit.framework.TestResult.runProtected(TestResult.java:124)
	at junit.framework.TestResult.run(TestResult.java:109)
	at junit.framework.TestCase.run(TestCase.java:120)
	at junit.framework.TestSuite.runTest(TestSuite.java:230)
	at junit.framework.TestSuite.run(TestSuite.java:225)
	at junit.framework.TestSuite.runTest(TestSuite.java:230)
	at junit.framework.TestSuite.run(TestSuite.java:225)
	at junit.framework.TestSuite.runTest(TestSuite.java:230)
	at junit.framework.TestSuite.run(TestSuite.java:225)
	at junit.framework.TestSuite.runTest(TestSuite.java:230)
	at junit.framework.TestSuite.run(TestSuite.java:225)
	at org.apache.tools.ant.taskdefs.optional.junit.JUnitTestRunner.run(JUnitTestRunner.java:421)
	at org.apache.tools.ant.taskdefs.optional.junit.JUnitTestRunner.launch(JUnitTestRunner.java:912)
	at org.apache.tools.ant.taskdefs.optional.junit.JUnitTestRunner.main(JUnitTestRunner.java:766)
2011. 11. 17 오전 6:51:54 com.mongodb.DBTCPConnector fetchMaxBsonObjectSize
경고: Exception determining maxBSON size using0
java.io.IOException: couldn't connect to [/61.250.201.78:27017] bc:java.net.ConnectException: Connection timed out: connect
	at com.mongodb.DBPort._open(DBPort.java:224)
	at com.mongodb.DBPort.go(DBPort.java:101)
	at com.mongodb.DBPort.go(DBPort.java:82)
	at com.mongodb.DBPort.findOne(DBPort.java:142)
	at com.mongodb.DBPort.runCommand(DBPort.java:151)
	at com.mongodb.DBTCPConnector.fetchMaxBsonObjectSize(DBTCPConnector.java:429)
	at com.mongodb.Mongo.getMaxBsonObjectSize(Mongo.java:544)
	at com.mongodb.DBApiLayer$MyCollection.insert(DBApiLayer.java:244)
	at com.mongodb.DBApiLayer$MyCollection.createIndex(DBApiLayer.java:354)
	at com.mongodb.DBCollection.ensureIndex(DBCollection.java:444)
	at com.mongodb.DBCollection.ensureIndex(DBCollection.java:392)
	at net.ion.radon.repository.Workspace.createWorkspace(Workspace.java:64)
	at net.ion.radon.repository.Workspace.load(Workspace.java:43)
	at net.ion.radon.repository.Repository.getWorkspace(Repository.java:28)
	at net.ion.radon.repository.LocalSession.getCurrentWorkspace(LocalSession.java:147)
	at net.ion.radon.repository.LocalSession.dropWorkspace(LocalSession.java:76)
	at net.ion.radon.repository.TestBaseRepository.setUp(TestBaseRepository.java:17)
	at junit.framework.TestCase.runBare(TestCase.java:128)
	at junit.framework.TestResult$1.protect(TestResult.java:106)
	at junit.framework.TestResult.runProtected(TestResult.java:124)
	at junit.framework.TestResult.run(TestResult.java:109)
	at junit.framework.TestCase.run(TestCase.java:120)
	at junit.framework.TestSuite.runTest(TestSuite.java:230)
	at junit.framework.TestSuite.run(TestSuite.java:225)
	at junit.framework.TestSuite.runTest(TestSuite.java:230)
	at junit.framework.TestSuite.run(TestSuite.java:225)
	at junit.framework.TestSuite.runTest(TestSuite.java:230)
	at junit.framework.TestSuite.run(TestSuite.java:225)
	at junit.framework.TestSuite.runTest(TestSuite.java:230)
	at junit.framework.TestSuite.run(TestSuite.java:225)
	at org.apache.tools.ant.taskdefs.optional.junit.JUnitTestRunner.run(JUnitTestRunner.java:421)
	at org.apache.tools.ant.taskdefs.optional.junit.JUnitTestRunner.launch(JUnitTestRunner.java:912)
	at org.apache.tools.ant.taskdefs.optional.junit.JUnitTestRunner.main(JUnitTestRunner.java:766)
2011. 11. 17 오전 6:52:15 com.mongodb.DBTCPConnector fetchMaxBsonObjectSize
경고: Exception determining maxBSON size using0
java.io.IOException: couldn't connect to [/61.250.201.78:27017] bc:java.net.ConnectException: Connection timed out: connect
	at com.mongodb.DBPort._open(DBPort.java:224)
	at com.mongodb.DBPort.go(DBPort.java:101)
	at com.mongodb.DBPort.go(DBPort.java:82)
	at com.mongodb.DBPort.findOne(DBPort.java:142)
	at com.mongodb.DBPort.runCommand(DBPort.java:151)
	at com.mongodb.DBTCPConnector.fetchMaxBsonObjectSize(DBTCPConnector.java:429)
	at com.mongodb.DBTCPConnector.checkMaster(DBTCPConnector.java:416)
	at com.mongodb.DBTCPConnector.say(DBTCPConnector.java:139)
	at com.mongodb.DBTCPConnector.say(DBTCPConnector.java:132)
	at com.mongodb.DBApiLayer$MyCollection.insert(DBApiLayer.java:262)
	at com.mongodb.DBApiLayer$MyCollection.createIndex(DBApiLayer.java:354)
	at com.mongodb.DBCollection.ensureIndex(DBCollection.java:444)
	at com.mongodb.DBCollection.ensureIndex(DBCollection.java:392)
	at net.ion.radon.repository.Workspace.createWorkspace(Workspace.java:64)
	at net.ion.radon.repository.Workspace.load(Workspace.java:43)
	at net.ion.radon.repository.Repository.getWorkspace(Repository.java:28)
	at net.ion.radon.repository.LocalSession.getCurrentWorkspace(LocalSession.java:147)
	at net.ion.radon.repository.LocalSession.dropWorkspace(LocalSession.java:76)
	at net.ion.radon.repository.TestBaseRepository.setUp(TestBaseRepository.java:17)
	at junit.framework.TestCase.runBare(TestCase.java:128)
	at junit.framework.TestResult$1.protect(TestResult.java:106)
	at junit.framework.TestResult.runProtected(TestResult.java:124)
	at junit.framework.TestResult.run(TestResult.java:109)
	at junit.framework.TestCase.run(TestCase.java:120)
	at junit.framework.TestSuite.runTest(TestSuite.java:230)
	at junit.framework.TestSuite.run(TestSuite.java:225)
	at junit.framework.TestSuite.runTest(TestSuite.java:230)
	at junit.framework.TestSuite.run(TestSuite.java:225)
	at junit.framework.TestSuite.runTest(TestSuite.java:230)
	at junit.framework.TestSuite.run(TestSuite.java:225)
	at junit.framework.TestSuite.runTest(TestSuite.java:230)
	at junit.framework.TestSuite.run(TestSuite.java:225)
	at org.apache.tools.ant.taskdefs.optional.junit.JUnitTestRunner.run(JUnitTestRunner.java:421)
	at org.apache.tools.ant.taskdefs.optional.junit.JUnitTestRunner.launch(JUnitTestRunner.java:912)
	at org.apache.tools.ant.taskdefs.optional.junit.JUnitTestRunner.main(JUnitTestRunner.java:766)
2011. 11. 17 오전 6:52:36 com.mongodb.DBPortPool gotError
경고: emptying DBPortPool to 61.250.201.78:27017 b/c of error
java.io.IOException: couldn't connect to [/61.250.201.78:27017] bc:java.net.ConnectException: Connection timed out: connect
	at com.mongodb.DBPort._open(DBPort.java:224)
	at com.mongodb.DBPort.go(DBPort.java:101)
	at com.mongodb.DBPort.go(DBPort.java:82)
	at com.mongodb.DBPort.say(DBPort.java:77)
	at com.mongodb.DBTCPConnector.say(DBTCPConnector.java:146)
	at com.mongodb.DBTCPConnector.say(DBTCPConnector.java:132)
	at com.mongodb.DBApiLayer$MyCollection.insert(DBApiLayer.java:262)
	at com.mongodb.DBApiLayer$MyCollection.createIndex(DBApiLayer.java:354)
	at com.mongodb.DBCollection.ensureIndex(DBCollection.java:444)
	at com.mongodb.DBCollection.ensureIndex(DBCollection.java:392)
	at net.ion.radon.repository.Workspace.createWorkspace(Workspace.java:64)
	at net.ion.radon.repository.Workspace.load(Workspace.java:43)
	at net.ion.radon.repository.Repository.getWorkspace(Repository.java:28)
	at net.ion.radon.repository.LocalSession.getCurrentWorkspace(LocalSession.java:147)
	at net.ion.radon.repository.LocalSession.dropWorkspace(LocalSession.java:76)
	at net.ion.radon.repository.TestBaseRepository.setUp(TestBaseRepository.java:17)
	at junit.framework.TestCase.runBare(TestCase.java:128)
	at junit.framework.TestResult$1.protect(TestResult.java:106)
	at junit.framework.TestResult.runProtected(TestResult.java:124)
	at junit.framework.TestResult.run(TestResult.java:109)
	at junit.framework.TestCase.run(TestCase.java:120)
	at junit.framework.TestSuite.runTest(TestSuite.java:230)
	at junit.framework.TestSuite.run(TestSuite.java:225)
	at junit.framework.TestSuite.runTest(TestSuite.java:230)
	at junit.framework.TestSuite.run(TestSuite.java:225)
	at junit.framework.TestSuite.runTest(TestSuite.java:230)
	at junit.framework.TestSuite.run(TestSuite.java:225)
	at junit.framework.TestSuite.runTest(TestSuite.java:230)
	at junit.framework.TestSuite.run(TestSuite.java:225)
	at org.apache.tools.ant.taskdefs.optional.junit.JUnitTestRunner.run(JUnitTestRunner.java:421)
	at org.apache.tools.ant.taskdefs.optional.junit.JUnitTestRunner.launch(JUnitTestRunner.java:912)
	at org.apache.tools.ant.taskdefs.optional.junit.JUnitTestRunner.main(JUnitTestRunner.java:766)
2011. 11. 17 오전 6:52:57 com.mongodb.DBTCPConnector fetchMaxBsonObjectSize
경고: Exception determining maxBSON size using0
java.io.IOException: couldn't connect to [/61.250.201.78:27017] bc:java.net.ConnectException: Connection timed out: connect
	at com.mongodb.DBPort._open(DBPort.java:224)
	at com.mongodb.DBPort.go(DBPort.java:101)
	at com.mongodb.DBPort.go(DBPort.java:82)
	at com.mongodb.DBPort.findOne(DBPort.java:142)
	at com.mongodb.DBPort.runCommand(DBPort.java:151)
	at com.mongodb.DBTCPConnector.fetchMaxBsonObjectSize(DBTCPConnector.java:429)
	at com.mongodb.Mongo.getMaxBsonObjectSize(Mongo.java:544)
	at com.mongodb.DBApiLayer$MyCollection.insert(DBApiLayer.java:244)
	at com.mongodb.DBApiLayer$MyCollection.createIndex(DBApiLayer.java:354)
	at com.mongodb.DBCollection.ensureIndex(DBCollection.java:444)
	at com.mongodb.DBCollection.ensureIndex(DBCollection.java:392)
	at net.ion.radon.repository.Workspace.createWorkspace(Workspace.java:64)
	at net.ion.radon.repository.Workspace.load(Workspace.java:43)
	at net.ion.radon.repository.Repository.getWorkspace(Repository.java:28)
	at net.ion.radon.repository.LocalSession.getCurrentWorkspace(LocalSession.java:147)
	at net.ion.radon.repository.LocalSession.dropWorkspace(LocalSession.java:76)
	at net.ion.radon.repository.TestBaseRepository.setUp(TestBaseRepository.java:17)
	at junit.framework.TestCase.runBare(TestCase.java:128)
	at junit.framework.TestResult$1.protect(TestResult.java:106)
	at junit.framework.TestResult.runProtected(TestResult.java:124)
	at junit.framework.TestResult.run(TestResult.java:109)
	at junit.framework.TestCase.run(TestCase.java:120)
	at junit.framework.TestSuite.runTest(TestSuite.java:230)
	at junit.framework.TestSuite.run(TestSuite.java:225)
	at junit.framework.TestSuite.runTest(TestSuite.java:230)
	at junit.framework.TestSuite.run(TestSuite.java:225)
	at junit.framework.TestSuite.runTest(TestSuite.java:230)
	at junit.framework.TestSuite.run(TestSuite.java:225)
	at junit.framework.TestSuite.runTest(TestSuite.java:230)
	at junit.framework.TestSuite.run(TestSuite.java:225)
	at org.apache.tools.ant.taskdefs.optional.junit.JUnitTestRunner.run(JUnitTestRunner.java:421)
	at org.apache.tools.ant.taskdefs.optional.junit.JUnitTestRunner.launch(JUnitTestRunner.java:912)
	at org.apache.tools.ant.taskdefs.optional.junit.JUnitTestRunner.main(JUnitTestRunner.java:766)
2011. 11. 17 오전 6:53:18 com.mongodb.DBTCPConnector fetchMaxBsonObjectSize
경고: Exception determining maxBSON size using0
java.io.IOException: couldn't connect to [/61.250.201.78:27017] bc:java.net.ConnectException: Connection timed out: connect
	at com.mongodb.DBPort._open(DBPort.java:224)
	at com.mongodb.DBPort.go(DBPort.java:101)
	at com.mongodb.DBPort.go(DBPort.java:82)
	at com.mongodb.DBPort.findOne(DBPort.java:142)
	at com.mongodb.DBPort.runCommand(DBPort.java:151)
	at com.mongodb.DBTCPConnector.fetchMaxBsonObjectSize(DBTCPConnector.java:429)
	at com.mongodb.DBTCPConnector.checkMaster(DBTCPConnector.java:416)
	at com.mongodb.DBTCPConnector.say(DBTCPConnector.java:139)
	at com.mongodb.DBTCPConnector.say(DBTCPConnector.java:132)
	at com.mongodb.DBApiLayer$MyCollection.insert(DBApiLayer.java:262)
	at com.mongodb.DBApiLayer$MyCollection.createIndex(DBApiLayer.java:354)
	at com.mongodb.DBCollection.ensureIndex(DBCollection.java:444)
	at com.mongodb.DBCollection.ensureIndex(DBCollection.java:392)
	at net.ion.radon.repository.Workspace.createWorkspace(Workspace.java:64)
	at net.ion.radon.repository.Workspace.load(Workspace.java:43)
	at net.ion.radon.repository.Repository.getWorkspace(Repository.java:28)
	at net.ion.radon.repository.LocalSession.getCurrentWorkspace(LocalSession.java:147)
	at net.ion.radon.repository.LocalSession.dropWorkspace(LocalSession.java:76)
	at net.ion.radon.repository.TestBaseRepository.setUp(TestBaseRepository.java:17)
	at junit.framework.TestCase.runBare(TestCase.java:128)
	at junit.framework.TestResult$1.protect(TestResult.java:106)
	at junit.framework.TestResult.runProtected(TestResult.java:124)
	at junit.framework.TestResult.run(TestResult.java:109)
	at junit.framework.TestCase.run(TestCase.java:120)
	at junit.framework.TestSuite.runTest(TestSuite.java:230)
	at junit.framework.TestSuite.run(TestSuite.java:225)
	at junit.framework.TestSuite.runTest(TestSuite.java:230)
	at junit.framework.TestSuite.run(TestSuite.java:225)
	at junit.framework.TestSuite.runTest(TestSuite.java:230)
	at junit.framework.TestSuite.run(TestSuite.java:225)
	at junit.framework.TestSuite.runTest(TestSuite.java:230)
	at junit.framework.TestSuite.run(TestSuite.java:225)
	at org.apache.tools.ant.taskdefs.optional.junit.JUnitTestRunner.run(JUnitTestRunner.java:421)
	at org.apache.tools.ant.taskdefs.optional.junit.JUnitTestRunner.launch(JUnitTestRunner.java:912)
	at org.apache.tools.ant.taskdefs.optional.junit.JUnitTestRunner.main(JUnitTestRunner.java:766)
2011. 11. 17 오전 6:53:39 com.mongodb.DBPortPool gotError
경고: emptying DBPortPool to 61.250.201.78:27017 b/c of error
java.io.IOException: couldn't connect to [/61.250.201.78:27017] bc:java.net.ConnectException: Connection timed out: connect
	at com.mongodb.DBPort._open(DBPort.java:224)
	at com.mongodb.DBPort.go(DBPort.java:101)
	at com.mongodb.DBPort.go(DBPort.java:82)
	at com.mongodb.DBPort.say(DBPort.java:77)
	at com.mongodb.DBTCPConnector.say(DBTCPConnector.java:146)
	at com.mongodb.DBTCPConnector.say(DBTCPConnector.java:132)
	at com.mongodb.DBApiLayer$MyCollection.insert(DBApiLayer.java:262)
	at com.mongodb.DBApiLayer$MyCollection.createIndex(DBApiLayer.java:354)
	at com.mongodb.DBCollection.ensureIndex(DBCollection.java:444)
	at com.mongodb.DBCollection.ensureIndex(DBCollection.java:392)
	at net.ion.radon.repository.Workspace.createWorkspace(Workspace.java:64)
	at net.ion.radon.repository.Workspace.load(Workspace.java:43)
	at net.ion.radon.repository.Repository.getWorkspace(Repository.java:28)
	at net.ion.radon.repository.LocalSession.getCurrentWorkspace(LocalSession.java:147)
	at net.ion.radon.repository.LocalSession.dropWorkspace(LocalSession.java:76)
	at net.ion.radon.repository.TestBaseRepository.setUp(TestBaseRepository.java:17)
	at junit.framework.TestCase.runBare(TestCase.java:128)
	at junit.framework.TestResult$1.protect(TestResult.java:106)
	at junit.framework.TestResult.runProtected(TestResult.java:124)
	at junit.framework.TestResult.run(TestResult.java:109)
	at junit.framework.TestCase.run(TestCase.java:120)
	at junit.framework.TestSuite.runTest(TestSuite.java:230)
	at junit.framework.TestSuite.run(TestSuite.java:225)
	at junit.framework.TestSuite.runTest(TestSuite.java:230)
	at junit.framework.TestSuite.run(TestSuite.java:225)
	at junit.framework.TestSuite.runTest(TestSuite.java:230)
	at junit.framework.TestSuite.run(TestSuite.java:225)
	at junit.framework.TestSuite.runTest(TestSuite.java:230)
	at junit.framework.TestSuite.run(TestSuite.java:225)
	at org.apache.tools.ant.taskdefs.optional.junit.JUnitTestRunner.run(JUnitTestRunner.java:421)
	at org.apache.tools.ant.taskdefs.optional.junit.JUnitTestRunner.launch(JUnitTestRunner.java:912)
	at org.apache.tools.ant.taskdefs.optional.junit.JUnitTestRunner.main(JUnitTestRunner.java:766)
2011. 11. 17 오전 6:54:00 com.mongodb.DBTCPConnector fetchMaxBsonObjectSize
경고: Exception determining maxBSON size using0
java.io.IOException: couldn't connect to [/61.250.201.78:27017] bc:java.net.ConnectException: Connection timed out: connect
	at com.mongodb.DBPort._open(DBPort.java:224)
	at com.mongodb.DBPort.go(DBPort.java:101)
	at com.mongodb.DBPort.go(DBPort.java:82)
	at com.mongodb.DBPort.findOne(DBPort.java:142)
	at com.mongodb.DBPort.runCommand(DBPort.java:151)
	at com.mongodb.DBTCPConnector.fetchMaxBsonObjectSize(DBTCPConnector.java:429)
	at com.mongodb.Mongo.getMaxBsonObjectSize(Mongo.java:544)
	at com.mongodb.DBApiLayer$MyCollection.insert(DBApiLayer.java:244)
	at com.mongodb.DBApiLayer$MyCollection.createIndex(DBApiLayer.java:354)
	at com.mongodb.DBCollection.ensureIndex(DBCollection.java:444)
	at com.mongodb.DBCollection.ensureIndex(DBCollection.java:392)
	at net.ion.radon.repository.Workspace.createWorkspace(Workspace.java:64)
	at net.ion.radon.repository.Workspace.load(Workspace.java:43)
	at net.ion.radon.repository.Repository.getWorkspace(Repository.java:28)
	at net.ion.radon.repository.LocalSession.getCurrentWorkspace(LocalSession.java:147)
	at net.ion.radon.repository.LocalSession.dropWorkspace(LocalSession.java:76)
	at net.ion.radon.repository.TestBaseRepository.setUp(TestBaseRepository.java:17)
	at junit.framework.TestCase.runBare(TestCase.java:128)
	at junit.framework.TestResult$1.protect(TestResult.java:106)
	at junit.framework.TestResult.runProtected(TestResult.java:124)
	at junit.framework.TestResult.run(TestResult.java:109)
	at junit.framework.TestCase.run(TestCase.java:120)
	at junit.framework.TestSuite.runTest(TestSuite.java:230)
	at junit.framework.TestSuite.run(TestSuite.java:225)
	at junit.framework.TestSuite.runTest(TestSuite.java:230)
	at junit.framework.TestSuite.run(TestSuite.java:225)
	at junit.framework.TestSuite.runTest(TestSuite.java:230)
	at junit.framework.TestSuite.run(TestSuite.java:225)
	at junit.framework.TestSuite.runTest(TestSuite.java:230)
	at junit.framework.TestSuite.run(TestSuite.java:225)
	at org.apache.tools.ant.taskdefs.optional.junit.JUnitTestRunner.run(JUnitTestRunner.java:421)
	at org.apache.tools.ant.taskdefs.optional.junit.JUnitTestRunner.launch(JUnitTestRunner.java:912)
	at org.apache.tools.ant.taskdefs.optional.junit.JUnitTestRunner.main(JUnitTestRunner.java:766)
2011. 11. 17 오전 6:54:21 com.mongodb.DBTCPConnector fetchMaxBsonObjectSize
경고: Exception determining maxBSON size using0
java.io.IOException: couldn't connect to [/61.250.201.78:27017] bc:java.net.ConnectException: Connection timed out: connect
	at com.mongodb.DBPort._open(DBPort.java:224)
	at com.mongodb.DBPort.go(DBPort.java:101)
	at com.mongodb.DBPort.go(DBPort.java:82)
	at com.mongodb.DBPort.findOne(DBPort.java:142)
	at com.mongodb.DBPort.runCommand(DBPort.java:151)
	at com.mongodb.DBTCPConnector.fetchMaxBsonObjectSize(DBTCPConnector.java:429)
	at com.mongodb.DBTCPConnector.checkMaster(DBTCPConnector.java:416)
	at com.mongodb.DBTCPConnector.say(DBTCPConnector.java:139)
	at com.mongodb.DBTCPConnector.say(DBTCPConnector.java:132)
	at com.mongodb.DBApiLayer$MyCollection.insert(DBApiLayer.java:262)
	at com.mongodb.DBApiLayer$MyCollection.createIndex(DBApiLayer.java:354)
	at com.mongodb.DBCollection.ensureIndex(DBCollection.java:444)
	at com.mongodb.DBCollection.ensureIndex(DBCollection.java:392)
	at net.ion.radon.repository.Workspace.createWorkspace(Workspace.java:64)
	at net.ion.radon.repository.Workspace.load(Workspace.java:43)
	at net.ion.radon.repository.Repository.getWorkspace(Repository.java:28)
	at net.ion.radon.repository.LocalSession.getCurrentWorkspace(LocalSession.java:147)
	at net.ion.radon.repository.LocalSession.dropWorkspace(LocalSession.java:76)
	at net.ion.radon.repository.TestBaseRepository.setUp(TestBaseRepository.java:17)
	at junit.framework.TestCase.runBare(TestCase.java:128)
	at junit.framework.TestResult$1.protect(TestResult.java:106)
	at junit.framework.TestResult.runProtected(TestResult.java:124)
	at junit.framework.TestResult.run(TestResult.java:109)
	at junit.framework.TestCase.run(TestCase.java:120)
	at junit.framework.TestSuite.runTest(TestSuite.java:230)
	at junit.framework.TestSuite.run(TestSuite.java:225)
	at junit.framework.TestSuite.runTest(TestSuite.java:230)
	at junit.framework.TestSuite.run(TestSuite.java:225)
	at junit.framework.TestSuite.runTest(TestSuite.java:230)
	at junit.framework.TestSuite.run(TestSuite.java:225)
	at junit.framework.TestSuite.runTest(TestSuite.java:230)
	at junit.framework.TestSuite.run(TestSuite.java:225)
	at org.apache.tools.ant.taskdefs.optional.junit.JUnitTestRunner.run(JUnitTestRunner.java:421)
	at org.apache.tools.ant.taskdefs.optional.junit.JUnitTestRunner.launch(JUnitTestRunner.java:912)
	at org.apache.tools.ant.taskdefs.optional.junit.JUnitTestRunner.main(JUnitTestRunner.java:766)
2011. 11. 17 오전 6:54:42 com.mongodb.DBPortPool gotError
경고: emptying DBPortPool to 61.250.201.78:27017 b/c of error
java.io.IOException: couldn't connect to [/61.250.201.78:27017] bc:java.net.ConnectException: Connection timed out: connect
	at com.mongodb.DBPort._open(DBPort.java:224)
	at com.mongodb.DBPort.go(DBPort.java:101)
	at com.mongodb.DBPort.go(DBPort.java:82)
	at com.mongodb.DBPort.say(DBPort.java:77)
	at com.mongodb.DBTCPConnector.say(DBTCPConnector.java:146)
	at com.mongodb.DBTCPConnector.say(DBTCPConnector.java:132)
	at com.mongodb.DBApiLayer$MyCollection.insert(DBApiLayer.java:262)
	at com.mongodb.DBApiLayer$MyCollection.createIndex(DBApiLayer.java:354)
	at com.mongodb.DBCollection.ensureIndex(DBCollection.java:444)
	at com.mongodb.DBCollection.ensureIndex(DBCollection.java:392)
	at net.ion.radon.repository.Workspace.createWorkspace(Workspace.java:64)
	at net.ion.radon.repository.Workspace.load(Workspace.java:43)
	at net.ion.radon.repository.Repository.getWorkspace(Repository.java:28)
	at net.ion.radon.repository.LocalSession.getCurrentWorkspace(LocalSession.java:147)
	at net.ion.radon.repository.LocalSession.dropWorkspace(LocalSession.java:76)
	at net.ion.radon.repository.TestBaseRepository.setUp(TestBaseRepository.java:17)
	at junit.framework.TestCase.runBare(TestCase.java:128)
	at junit.framework.TestResult$1.protect(TestResult.java:106)
	at junit.framework.TestResult.runProtected(TestResult.java:124)
	at junit.framework.TestResult.run(TestResult.java:109)
	at junit.framework.TestCase.run(TestCase.java:120)
	at junit.framework.TestSuite.runTest(TestSuite.java:230)
	at junit.framework.TestSuite.run(TestSuite.java:225)
	at junit.framework.TestSuite.runTest(TestSuite.java:230)
	at junit.framework.TestSuite.run(TestSuite.java:225)
	at junit.framework.TestSuite.runTest(TestSuite.java:230)
	at junit.framework.TestSuite.run(TestSuite.java:225)
	at junit.framework.TestSuite.runTest(TestSuite.java:230)
	at junit.framework.TestSuite.run(TestSuite.java:225)
	at org.apache.tools.ant.taskdefs.optional.junit.JUnitTestRunner.run(JUnitTestRunner.java:421)
	at org.apache.tools.ant.taskdefs.optional.junit.JUnitTestRunner.launch(JUnitTestRunner.java:912)
	at org.apache.tools.ant.taskdefs.optional.junit.JUnitTestRunner.main(JUnitTestRunner.java:766)
2011. 11. 17 오전 6:55:03 com.mongodb.DBTCPConnector fetchMaxBsonObjectSize
경고: Exception determining maxBSON size using0
java.io.IOException: couldn't connect to [/61.250.201.78:27017] bc:java.net.ConnectException: Connection timed out: connect
	at com.mongodb.DBPort._open(DBPort.java:224)
	at com.mongodb.DBPort.go(DBPort.java:101)
	at com.mongodb.DBPort.go(DBPort.java:82)
	at com.mongodb.DBPort.findOne(DBPort.java:142)
	at com.mongodb.DBPort.runCommand(DBPort.java:151)
	at com.mongodb.DBTCPConnector.fetchMaxBsonObjectSize(DBTCPConnector.java:429)
	at com.mongodb.Mongo.getMaxBsonObjectSize(Mongo.java:544)
	at com.mongodb.DBApiLayer$MyCollection.insert(DBApiLayer.java:244)
	at com.mongodb.DBApiLayer$MyCollection.createIndex(DBApiLayer.java:354)
	at com.mongodb.DBCollection.ensureIndex(DBCollection.java:444)
	at com.mongodb.DBCollection.ensureIndex(DBCollection.java:392)
	at net.ion.radon.repository.Workspace.createWorkspace(Workspace.java:64)
	at net.ion.radon.repository.Workspace.load(Workspace.java:43)
	at net.ion.radon.repository.Repository.getWorkspace(Repository.java:28)
	at net.ion.radon.repository.LocalSession.getCurrentWorkspace(LocalSession.java:147)
	at net.ion.radon.repository.LocalSession.dropWorkspace(LocalSession.java:76)
	at net.ion.radon.repository.TestBaseRepository.setUp(TestBaseRepository.java:17)
	at junit.framework.TestCase.runBare(TestCase.java:128)
	at junit.framework.TestResult$1.protect(TestResult.java:106)
	at junit.framework.TestResult.runProtected(TestResult.java:124)
	at junit.framework.TestResult.run(TestResult.java:109)
	at junit.framework.TestCase.run(TestCase.java:120)
	at junit.framework.TestSuite.runTest(TestSuite.java:230)
	at junit.framework.TestSuite.run(TestSuite.java:225)
	at junit.framework.TestSuite.runTest(TestSuite.java:230)
	at junit.framework.TestSuite.run(TestSuite.java:225)
	at junit.framework.TestSuite.runTest(TestSuite.java:230)
	at junit.framework.TestSuite.run(TestSuite.java:225)
	at junit.framework.TestSuite.runTest(TestSuite.java:230)
	at junit.framework.TestSuite.run(TestSuite.java:225)
	at org.apache.tools.ant.taskdefs.optional.junit.JUnitTestRunner.run(JUnitTestRunner.java:421)
	at org.apache.tools.ant.taskdefs.optional.junit.JUnitTestRunner.launch(JUnitTestRunner.java:912)
	at org.apache.tools.ant.taskdefs.optional.junit.JUnitTestRunner.main(JUnitTestRunner.java:766)
2011. 11. 17 오전 6:55:24 com.mongodb.DBTCPConnector fetchMaxBsonObjectSize
경고: Exception determining maxBSON size using0
java.io.IOException: couldn't connect to [/61.250.201.78:27017] bc:java.net.ConnectException: Connection timed out: connect
	at com.mongodb.DBPort._open(DBPort.java:224)
	at com.mongodb.DBPort.go(DBPort.java:101)
	at com.mongodb.DBPort.go(DBPort.java:82)
	at com.mongodb.DBPort.findOne(DBPort.java:142)
	at com.mongodb.DBPort.runCommand(DBPort.java:151)
	at com.mongodb.DBTCPConnector.fetchMaxBsonObjectSize(DBTCPConnector.java:429)
	at com.mongodb.DBTCPConnector.checkMaster(DBTCPConnector.java:416)
	at com.mongodb.DBTCPConnector.say(DBTCPConnector.java:139)
	at com.mongodb.DBTCPConnector.say(DBTCPConnector.java:132)
	at com.mongodb.DBApiLayer$MyCollection.insert(DBApiLayer.java:262)
	at com.mongodb.DBApiLayer$MyCollection.createIndex(DBApiLayer.java:354)
	at com.mongodb.DBCollection.ensureIndex(DBCollection.java:444)
	at com.mongodb.DBCollection.ensureIndex(DBCollection.java:392)
	at net.ion.radon.repository.Workspace.createWorkspace(Workspace.java:64)
	at net.ion.radon.repository.Workspace.load(Workspace.java:43)
	at net.ion.radon.repository.Repository.getWorkspace(Repository.java:28)
	at net.ion.radon.repository.LocalSession.getCurrentWorkspace(LocalSession.java:147)
	at net.ion.radon.repository.LocalSession.dropWorkspace(LocalSession.java:76)
	at net.ion.radon.repository.TestBaseRepository.setUp(TestBaseRepository.java:17)
	at junit.framework.TestCase.runBare(TestCase.java:128)
	at junit.framework.TestResult$1.protect(TestResult.java:106)
	at junit.framework.TestResult.runProtected(TestResult.java:124)
	at junit.framework.TestResult.run(TestResult.java:109)
	at junit.framework.TestCase.run(TestCase.java:120)
	at junit.framework.TestSuite.runTest(TestSuite.java:230)
	at junit.framework.TestSuite.run(TestSuite.java:225)
	at junit.framework.TestSuite.runTest(TestSuite.java:230)
	at junit.framework.TestSuite.run(TestSuite.java:225)
	at junit.framework.TestSuite.runTest(TestSuite.java:230)
	at junit.framework.TestSuite.run(TestSuite.java:225)
	at junit.framework.TestSuite.runTest(TestSuite.java:230)
	at junit.framework.TestSuite.run(TestSuite.java:225)
	at org.apache.tools.ant.taskdefs.optional.junit.JUnitTestRunner.run(JUnitTestRunner.java:421)
	at org.apache.tools.ant.taskdefs.optional.junit.JUnitTestRunner.launch(JUnitTestRunner.java:912)
	at org.apache.tools.ant.taskdefs.optional.junit.JUnitTestRunner.main(JUnitTestRunner.java:766)
2011. 11. 17 오전 6:55:45 com.mongodb.DBPortPool gotError
경고: emptying DBPortPool to 61.250.201.78:27017 b/c of error
java.io.IOException: couldn't connect to [/61.250.201.78:27017] bc:java.net.ConnectException: Connection timed out: connect
	at com.mongodb.DBPort._open(DBPort.java:224)
	at com.mongodb.DBPort.go(DBPort.java:101)
	at com.mongodb.DBPort.go(DBPort.java:82)
	at com.mongodb.DBPort.say(DBPort.java:77)
	at com.mongodb.DBTCPConnector.say(DBTCPConnector.java:146)
	at com.mongodb.DBTCPConnector.say(DBTCPConnector.java:132)
	at com.mongodb.DBApiLayer$MyCollection.insert(DBApiLayer.java:262)
	at com.mongodb.DBApiLayer$MyCollection.createIndex(DBApiLayer.java:354)
	at com.mongodb.DBCollection.ensureIndex(DBCollection.java:444)
	at com.mongodb.DBCollection.ensureIndex(DBCollection.java:392)
	at net.ion.radon.repository.Workspace.createWorkspace(Workspace.java:64)
	at net.ion.radon.repository.Workspace.load(Workspace.java:43)
	at net.ion.radon.repository.Repository.getWorkspace(Repository.java:28)
	at net.ion.radon.repository.LocalSession.getCurrentWorkspace(LocalSession.java:147)
	at net.ion.radon.repository.LocalSession.dropWorkspace(LocalSession.java:76)
	at net.ion.radon.repository.TestBaseRepository.setUp(TestBaseRepository.java:17)
	at junit.framework.TestCase.runBare(TestCase.java:128)
	at junit.framework.TestResult$1.protect(TestResult.java:106)
	at junit.framework.TestResult.runProtected(TestResult.java:124)
	at junit.framework.TestResult.run(TestResult.java:109)
	at junit.framework.TestCase.run(TestCase.java:120)
	at junit.framework.TestSuite.runTest(TestSuite.java:230)
	at junit.framework.TestSuite.run(TestSuite.java:225)
	at junit.framework.TestSuite.runTest(TestSuite.java:230)
	at junit.framework.TestSuite.run(TestSuite.java:225)
	at junit.framework.TestSuite.runTest(TestSuite.java:230)
	at junit.framework.TestSuite.run(TestSuite.java:225)
	at junit.framework.TestSuite.runTest(TestSuite.java:230)
	at junit.framework.TestSuite.run(TestSuite.java:225)
	at org.apache.tools.ant.taskdefs.optional.junit.JUnitTestRunner.run(JUnitTestRunner.java:421)
	at org.apache.tools.ant.taskdefs.optional.junit.JUnitTestRunner.launch(JUnitTestRunner.java:912)
	at org.apache.tools.ant.taskdefs.optional.junit.JUnitTestRunner.main(JUnitTestRunner.java:766)
2011. 11. 17 오전 6:56:06 com.mongodb.DBTCPConnector fetchMaxBsonObjectSize
경고: Exception determining maxBSON size using0
java.io.IOException: couldn't connect to [/61.250.201.78:27017] bc:java.net.ConnectException: Connection timed out: connect
	at com.mongodb.DBPort._open(DBPort.java:224)
	at com.mongodb.DBPort.go(DBPort.java:101)
	at com.mongodb.DBPort.go(DBPort.java:82)
	at com.mongodb.DBPort.findOne(DBPort.java:142)
	at com.mongodb.DBPort.runCommand(DBPort.java:151)
	at com.mongodb.DBTCPConnector.fetchMaxBsonObjectSize(DBTCPConnector.java:429)
	at com.mongodb.Mongo.getMaxBsonObjectSize(Mongo.java:544)
	at com.mongodb.DBApiLayer$MyCollection.insert(DBApiLayer.java:244)
	at com.mongodb.DBApiLayer$MyCollection.createIndex(DBApiLayer.java:354)
	at com.mongodb.DBCollection.ensureIndex(DBCollection.java:444)
	at com.mongodb.DBCollection.ensureIndex(DBCollection.java:392)
	at net.ion.radon.repository.Workspace.createWorkspace(Workspace.java:64)
	at net.ion.radon.repository.Workspace.load(Workspace.java:43)
	at net.ion.radon.repository.Repository.getWorkspace(Repository.java:28)
	at net.ion.radon.repository.LocalSession.getCurrentWorkspace(LocalSession.java:147)
	at net.ion.radon.repository.LocalSession.dropWorkspace(LocalSession.java:76)
	at net.ion.radon.repository.TestBaseRepository.setUp(TestBaseRepository.java:17)
	at junit.framework.TestCase.runBare(TestCase.java:128)
	at junit.framework.TestResult$1.protect(TestResult.java:106)
	at junit.framework.TestResult.runProtected(TestResult.java:124)
	at junit.framework.TestResult.run(TestResult.java:109)
	at junit.framework.TestCase.run(TestCase.java:120)
	at junit.framework.TestSuite.runTest(TestSuite.java:230)
	at junit.framework.TestSuite.run(TestSuite.java:225)
	at junit.framework.TestSuite.runTest(TestSuite.java:230)
	at junit.framework.TestSuite.run(TestSuite.java:225)
	at junit.framework.TestSuite.runTest(TestSuite.java:230)
	at junit.framework.TestSuite.run(TestSuite.java:225)
	at junit.framework.TestSuite.runTest(TestSuite.java:230)
	at junit.framework.TestSuite.run(TestSuite.java:225)
	at org.apache.tools.ant.taskdefs.optional.junit.JUnitTestRunner.run(JUnitTestRunner.java:421)
	at org.apache.tools.ant.taskdefs.optional.junit.JUnitTestRunner.launch(JUnitTestRunner.java:912)
	at org.apache.tools.ant.taskdefs.optional.junit.JUnitTestRunner.main(JUnitTestRunner.java:766)
2011. 11. 17 오전 6:56:28 com.mongodb.DBTCPConnector fetchMaxBsonObjectSize
경고: Exception determining maxBSON size using0
java.io.IOException: couldn't connect to [/61.250.201.78:27017] bc:java.net.ConnectException: Connection timed out: connect
	at com.mongodb.DBPort._open(DBPort.java:224)
	at com.mongodb.DBPort.go(DBPort.java:101)
	at com.mongodb.DBPort.go(DBPort.java:82)
	at com.mongodb.DBPort.findOne(DBPort.java:142)
	at com.mongodb.DBPort.runCommand(DBPort.java:151)
	at com.mongodb.DBTCPConnector.fetchMaxBsonObjectSize(DBTCPConnector.java:429)
	at com.mongodb.DBTCPConnector.checkMaster(DBTCPConnector.java:416)
	at com.mongodb.DBTCPConnector.say(DBTCPConnector.java:139)
	at com.mongodb.DBTCPConnector.say(DBTCPConnector.java:132)
	at com.mongodb.DBApiLayer$MyCollection.insert(DBApiLayer.java:262)
	at com.mongodb.DBApiLayer$MyCollection.createIndex(DBApiLayer.java:354)
	at com.mongodb.DBCollection.ensureIndex(DBCollection.java:444)
	at com.mongodb.DBCollection.ensureIndex(DBCollection.java:392)
	at net.ion.radon.repository.Workspace.createWorkspace(Workspace.java:64)
	at net.ion.radon.repository.Workspace.load(Workspace.java:43)
	at net.ion.radon.repository.Repository.getWorkspace(Repository.java:28)
	at net.ion.radon.repository.LocalSession.getCurrentWorkspace(LocalSession.java:147)
	at net.ion.radon.repository.LocalSession.dropWorkspace(LocalSession.java:76)
	at net.ion.radon.repository.TestBaseRepository.setUp(TestBaseRepository.java:17)
	at junit.framework.TestCase.runBare(TestCase.java:128)
	at junit.framework.TestResult$1.protect(TestResult.java:106)
	at junit.framework.TestResult.runProtected(TestResult.java:124)
	at junit.framework.TestResult.run(TestResult.java:109)
	at junit.framework.TestCase.run(TestCase.java:120)
	at junit.framework.TestSuite.runTest(TestSuite.java:230)
	at junit.framework.TestSuite.run(TestSuite.java:225)
	at junit.framework.TestSuite.runTest(TestSuite.java:230)
	at junit.framework.TestSuite.run(TestSuite.java:225)
	at junit.framework.TestSuite.runTest(TestSuite.java:230)
	at junit.framework.TestSuite.run(TestSuite.java:225)
	at junit.framework.TestSuite.runTest(TestSuite.java:230)
	at junit.framework.TestSuite.run(TestSuite.java:225)
	at org.apache.tools.ant.taskdefs.optional.junit.JUnitTestRunner.run(JUnitTestRunner.java:421)
	at org.apache.tools.ant.taskdefs.optional.junit.JUnitTestRunner.launch(JUnitTestRunner.java:912)
	at org.apache.tools.ant.taskdefs.optional.junit.JUnitTestRunner.main(JUnitTestRunner.java:766)
2011. 11. 17 오전 6:56:49 com.mongodb.DBPortPool gotError
경고: emptying DBPortPool to 61.250.201.78:27017 b/c of error
java.io.IOException: couldn't connect to [/61.250.201.78:27017] bc:java.net.ConnectException: Connection timed out: connect
	at com.mongodb.DBPort._open(DBPort.java:224)
	at com.mongodb.DBPort.go(DBPort.java:101)
	at com.mongodb.DBPort.go(DBPort.java:82)
	at com.mongodb.DBPort.say(DBPort.java:77)
	at com.mongodb.DBTCPConnector.say(DBTCPConnector.java:146)
	at com.mongodb.DBTCPConnector.say(DBTCPConnector.java:132)
	at com.mongodb.DBApiLayer$MyCollection.insert(DBApiLayer.java:262)
	at com.mongodb.DBApiLayer$MyCollection.createIndex(DBApiLayer.java:354)
	at com.mongodb.DBCollection.ensureIndex(DBCollection.java:444)
	at com.mongodb.DBCollection.ensureIndex(DBCollection.java:392)
	at net.ion.radon.repository.Workspace.createWorkspace(Workspace.java:64)
	at net.ion.radon.repository.Workspace.load(Workspace.java:43)
	at net.ion.radon.repository.Repository.getWorkspace(Repository.java:28)
	at net.ion.radon.repository.LocalSession.getCurrentWorkspace(LocalSession.java:147)
	at net.ion.radon.repository.LocalSession.dropWorkspace(LocalSession.java:76)
	at net.ion.radon.repository.TestBaseRepository.setUp(TestBaseRepository.java:17)
	at junit.framework.TestCase.runBare(TestCase.java:128)
	at junit.framework.TestResult$1.protect(TestResult.java:106)
	at junit.framework.TestResult.runProtected(TestResult.java:124)
	at junit.framework.TestResult.run(TestResult.java:109)
	at junit.framework.TestCase.run(TestCase.java:120)
	at junit.framework.TestSuite.runTest(TestSuite.java:230)
	at junit.framework.TestSuite.run(TestSuite.java:225)
	at junit.framework.TestSuite.runTest(TestSuite.java:230)
	at junit.framework.TestSuite.run(TestSuite.java:225)
	at junit.framework.TestSuite.runTest(TestSuite.java:230)
	at junit.framework.TestSuite.run(TestSuite.java:225)
	at junit.framework.TestSuite.runTest(TestSuite.java:230)
	at junit.framework.TestSuite.run(TestSuite.java:225)
	at org.apache.tools.ant.taskdefs.optional.junit.JUnitTestRunner.run(JUnitTestRunner.java:421)
	at org.apache.tools.ant.taskdefs.optional.junit.JUnitTestRunner.launch(JUnitTestRunner.java:912)
	at org.apache.tools.ant.taskdefs.optional.junit.JUnitTestRunner.main(JUnitTestRunner.java:766)
2011. 11. 17 오전 6:57:10 com.mongodb.DBTCPConnector fetchMaxBsonObjectSize
경고: Exception determining maxBSON size using0
java.io.IOException: couldn't connect to [/61.250.201.78:27017] bc:java.net.ConnectException: Connection timed out: connect
	at com.mongodb.DBPort._open(DBPort.java:224)
	at com.mongodb.DBPort.go(DBPort.java:101)
	at com.mongodb.DBPort.go(DBPort.java:82)
	at com.mongodb.DBPort.findOne(DBPort.java:142)
	at com.mongodb.DBPort.runCommand(DBPort.java:151)
	at com.mongodb.DBTCPConnector.fetchMaxBsonObjectSize(DBTCPConnector.java:429)
	at com.mongodb.Mongo.getMaxBsonObjectSize(Mongo.java:544)
	at com.mongodb.DBApiLayer$MyCollection.insert(DBApiLayer.java:244)
	at com.mongodb.DBApiLayer$MyCollection.createIndex(DBApiLayer.java:354)
	at com.mongodb.DBCollection.ensureIndex(DBCollection.java:444)
	at com.mongodb.DBCollection.ensureIndex(DBCollection.java:392)
	at net.ion.radon.repository.Workspace.createWorkspace(Workspace.java:64)
	at net.ion.radon.repository.Workspace.load(Workspace.java:43)
	at net.ion.radon.repository.Repository.getWorkspace(Repository.java:28)
	at net.ion.radon.repository.LocalSession.getCurrentWorkspace(LocalSession.java:147)
	at net.ion.radon.repository.LocalSession.dropWorkspace(LocalSession.java:76)
	at net.ion.radon.repository.TestBaseRepository.setUp(TestBaseRepository.java:17)
	at junit.framework.TestCase.runBare(TestCase.java:128)
	at junit.framework.TestResult$1.protect(TestResult.java:106)
	at junit.framework.TestResult.runProtected(TestResult.java:124)
	at junit.framework.TestResult.run(TestResult.java:109)
	at junit.framework.TestCase.run(TestCase.java:120)
	at junit.framework.TestSuite.runTest(TestSuite.java:230)
	at junit.framework.TestSuite.run(TestSuite.java:225)
	at junit.framework.TestSuite.runTest(TestSuite.java:230)
	at junit.framework.TestSuite.run(TestSuite.java:225)
	at junit.framework.TestSuite.runTest(TestSuite.java:230)
	at junit.framework.TestSuite.run(TestSuite.java:225)
	at junit.framework.TestSuite.runTest(TestSuite.java:230)
	at junit.framework.TestSuite.run(TestSuite.java:225)
	at org.apache.tools.ant.taskdefs.optional.junit.JUnitTestRunner.run(JUnitTestRunner.java:421)
	at org.apache.tools.ant.taskdefs.optional.junit.JUnitTestRunner.launch(JUnitTestRunner.java:912)
	at org.apache.tools.ant.taskdefs.optional.junit.JUnitTestRunner.main(JUnitTestRunner.java:766)
2011. 11. 17 오전 6:57:31 com.mongodb.DBTCPConnector fetchMaxBsonObjectSize
경고: Exception determining maxBSON size using0
java.io.IOException: couldn't connect to [/61.250.201.78:27017] bc:java.net.ConnectException: Connection timed out: connect
	at com.mongodb.DBPort._open(DBPort.java:224)
	at com.mongodb.DBPort.go(DBPort.java:101)
	at com.mongodb.DBPort.go(DBPort.java:82)
	at com.mongodb.DBPort.findOne(DBPort.java:142)
	at com.mongodb.DBPort.runCommand(DBPort.java:151)
	at com.mongodb.DBTCPConnector.fetchMaxBsonObjectSize(DBTCPConnector.java:429)
	at com.mongodb.DBTCPConnector.checkMaster(DBTCPConnector.java:416)
	at com.mongodb.DBTCPConnector.say(DBTCPConnector.java:139)
	at com.mongodb.DBTCPConnector.say(DBTCPConnector.java:132)
	at com.mongodb.DBApiLayer$MyCollection.insert(DBApiLayer.java:262)
	at com.mongodb.DBApiLayer$MyCollection.createIndex(DBApiLayer.java:354)
	at com.mongodb.DBCollection.ensureIndex(DBCollection.java:444)
	at com.mongodb.DBCollection.ensureIndex(DBCollection.java:392)
	at net.ion.radon.repository.Workspace.createWorkspace(Workspace.java:64)
	at net.ion.radon.repository.Workspace.load(Workspace.java:43)
	at net.ion.radon.repository.Repository.getWorkspace(Repository.java:28)
	at net.ion.radon.repository.LocalSession.getCurrentWorkspace(LocalSession.java:147)
	at net.ion.radon.repository.LocalSession.dropWorkspace(LocalSession.java:76)
	at net.ion.radon.repository.TestBaseRepository.setUp(TestBaseRepository.java:17)
	at junit.framework.TestCase.runBare(TestCase.java:128)
	at junit.framework.TestResult$1.protect(TestResult.java:106)
	at junit.framework.TestResult.runProtected(TestResult.java:124)
	at junit.framework.TestResult.run(TestResult.java:109)
	at junit.framework.TestCase.run(TestCase.java:120)
	at junit.framework.TestSuite.runTest(TestSuite.java:230)
	at junit.framework.TestSuite.run(TestSuite.java:225)
	at junit.framework.TestSuite.runTest(TestSuite.java:230)
	at junit.framework.TestSuite.run(TestSuite.java:225)
	at junit.framework.TestSuite.runTest(TestSuite.java:230)
	at junit.framework.TestSuite.run(TestSuite.java:225)
	at junit.framework.TestSuite.runTest(TestSuite.java:230)
	at junit.framework.TestSuite.run(TestSuite.java:225)
	at org.apache.tools.ant.taskdefs.optional.junit.JUnitTestRunner.run(JUnitTestRunner.java:421)
	at org.apache.tools.ant.taskdefs.optional.junit.JUnitTestRunner.launch(JUnitTestRunner.java:912)
	at org.apache.tools.ant.taskdefs.optional.junit.JUnitTestRunner.main(JUnitTestRunner.java:766)
2011. 11. 17 오전 6:57:52 com.mongodb.DBPortPool gotError
경고: emptying DBPortPool to 61.250.201.78:27017 b/c of error
java.io.IOException: couldn't connect to [/61.250.201.78:27017] bc:java.net.ConnectException: Connection timed out: connect
	at com.mongodb.DBPort._open(DBPort.java:224)
	at com.mongodb.DBPort.go(DBPort.java:101)
	at com.mongodb.DBPort.go(DBPort.java:82)
	at com.mongodb.DBPort.say(DBPort.java:77)
	at com.mongodb.DBTCPConnector.say(DBTCPConnector.java:146)
	at com.mongodb.DBTCPConnector.say(DBTCPConnector.java:132)
	at com.mongodb.DBApiLayer$MyCollection.insert(DBApiLayer.java:262)
	at com.mongodb.DBApiLayer$MyCollection.createIndex(DBApiLayer.java:354)
	at com.mongodb.DBCollection.ensureIndex(DBCollection.java:444)
	at com.mongodb.DBCollection.ensureIndex(DBCollection.java:392)
	at net.ion.radon.repository.Workspace.createWorkspace(Workspace.java:64)
	at net.ion.radon.repository.Workspace.load(Workspace.java:43)
	at net.ion.radon.repository.Repository.getWorkspace(Repository.java:28)
	at net.ion.radon.repository.LocalSession.getCurrentWorkspace(LocalSession.java:147)
	at net.ion.radon.repository.LocalSession.dropWorkspace(LocalSession.java:76)
	at net.ion.radon.repository.TestBaseRepository.setUp(TestBaseRepository.java:17)
	at junit.framework.TestCase.runBare(TestCase.java:128)
	at junit.framework.TestResult$1.protect(TestResult.java:106)
	at junit.framework.TestResult.runProtected(TestResult.java:124)
	at junit.framework.TestResult.run(TestResult.java:109)
	at junit.framework.TestCase.run(TestCase.java:120)
	at junit.framework.TestSuite.runTest(TestSuite.java:230)
	at junit.framework.TestSuite.run(TestSuite.java:225)
	at junit.framework.TestSuite.runTest(TestSuite.java:230)
	at junit.framework.TestSuite.run(TestSuite.java:225)
	at junit.framework.TestSuite.runTest(TestSuite.java:230)
	at junit.framework.TestSuite.run(TestSuite.java:225)
	at junit.framework.TestSuite.runTest(TestSuite.java:230)
	at junit.framework.TestSuite.run(TestSuite.java:225)
	at org.apache.tools.ant.taskdefs.optional.junit.JUnitTestRunner.run(JUnitTestRunner.java:421)
	at org.apache.tools.ant.taskdefs.optional.junit.JUnitTestRunner.launch(JUnitTestRunner.java:912)
	at org.apache.tools.ant.taskdefs.optional.junit.JUnitTestRunner.main(JUnitTestRunner.java:766)
2011. 11. 17 오전 6:58:13 com.mongodb.DBTCPConnector fetchMaxBsonObjectSize
경고: Exception determining maxBSON size using0
java.io.IOException: couldn't connect to [/61.250.201.78:27017] bc:java.net.ConnectException: Connection timed out: connect
	at com.mongodb.DBPort._open(DBPort.java:224)
	at com.mongodb.DBPort.go(DBPort.java:101)
	at com.mongodb.DBPort.go(DBPort.java:82)
	at com.mongodb.DBPort.findOne(DBPort.java:142)
	at com.mongodb.DBPort.runCommand(DBPort.java:151)
	at com.mongodb.DBTCPConnector.fetchMaxBsonObjectSize(DBTCPConnector.java:429)
	at com.mongodb.Mongo.getMaxBsonObjectSize(Mongo.java:544)
	at com.mongodb.DBApiLayer$MyCollection.insert(DBApiLayer.java:244)
	at com.mongodb.DBApiLayer$MyCollection.createIndex(DBApiLayer.java:354)
	at com.mongodb.DBCollection.ensureIndex(DBCollection.java:444)
	at com.mongodb.DBCollection.ensureIndex(DBCollection.java:392)
	at net.ion.radon.repository.Workspace.createWorkspace(Workspace.java:64)
	at net.ion.radon.repository.Workspace.load(Workspace.java:43)
	at net.ion.radon.repository.Repository.getWorkspace(Repository.java:28)
	at net.ion.radon.repository.LocalSession.getCurrentWorkspace(LocalSession.java:147)
	at net.ion.radon.repository.LocalSession.dropWorkspace(LocalSession.java:76)
	at net.ion.radon.repository.TestBaseRepository.setUp(TestBaseRepository.java:17)
	at junit.framework.TestCase.runBare(TestCase.java:128)
	at junit.framework.TestResult$1.protect(TestResult.java:106)
	at junit.framework.TestResult.runProtected(TestResult.java:124)
	at junit.framework.TestResult.run(TestResult.java:109)
	at junit.framework.TestCase.run(TestCase.java:120)
	at junit.framework.TestSuite.runTest(TestSuite.java:230)
	at junit.framework.TestSuite.run(TestSuite.java:225)
	at junit.framework.TestSuite.runTest(TestSuite.java:230)
	at junit.framework.TestSuite.run(TestSuite.java:225)
	at junit.framework.TestSuite.runTest(TestSuite.java:230)
	at junit.framework.TestSuite.run(TestSuite.java:225)
	at junit.framework.TestSuite.runTest(TestSuite.java:230)
	at junit.framework.TestSuite.run(TestSuite.java:225)
	at org.apache.tools.ant.taskdefs.optional.junit.JUnitTestRunner.run(JUnitTestRunner.java:421)
	at org.apache.tools.ant.taskdefs.optional.junit.JUnitTestRunner.launch(JUnitTestRunner.java:912)
	at org.apache.tools.ant.taskdefs.optional.junit.JUnitTestRunner.main(JUnitTestRunner.java:766)
2011. 11. 17 오전 6:58:34 com.mongodb.DBTCPConnector fetchMaxBsonObjectSize
경고: Exception determining maxBSON size using0
java.io.IOException: couldn't connect to [/61.250.201.78:27017] bc:java.net.ConnectException: Connection timed out: connect
	at com.mongodb.DBPort._open(DBPort.java:224)
	at com.mongodb.DBPort.go(DBPort.java:101)
	at com.mongodb.DBPort.go(DBPort.java:82)
	at com.mongodb.DBPort.findOne(DBPort.java:142)
	at com.mongodb.DBPort.runCommand(DBPort.java:151)
	at com.mongodb.DBTCPConnector.fetchMaxBsonObjectSize(DBTCPConnector.java:429)
	at com.mongodb.DBTCPConnector.checkMaster(DBTCPConnector.java:416)
	at com.mongodb.DBTCPConnector.say(DBTCPConnector.java:139)
	at com.mongodb.DBTCPConnector.say(DBTCPConnector.java:132)
	at com.mongodb.DBApiLayer$MyCollection.insert(DBApiLayer.java:262)
	at com.mongodb.DBApiLayer$MyCollection.createIndex(DBApiLayer.java:354)
	at com.mongodb.DBCollection.ensureIndex(DBCollection.java:444)
	at com.mongodb.DBCollection.ensureIndex(DBCollection.java:392)
	at net.ion.radon.repository.Workspace.createWorkspace(Workspace.java:64)
	at net.ion.radon.repository.Workspace.load(Workspace.java:43)
	at net.ion.radon.repository.Repository.getWorkspace(Repository.java:28)
	at net.ion.radon.repository.LocalSession.getCurrentWorkspace(LocalSession.java:147)
	at net.ion.radon.repository.LocalSession.dropWorkspace(LocalSession.java:76)
	at net.ion.radon.repository.TestBaseRepository.setUp(TestBaseRepository.java:17)
	at junit.framework.TestCase.runBare(TestCase.java:128)
	at junit.framework.TestResult$1.protect(TestResult.java:106)
	at junit.framework.TestResult.runProtected(TestResult.java:124)
	at junit.framework.TestResult.run(TestResult.java:109)
	at junit.framework.TestCase.run(TestCase.java:120)
	at junit.framework.TestSuite.runTest(TestSuite.java:230)
	at junit.framework.TestSuite.run(TestSuite.java:225)
	at junit.framework.TestSuite.runTest(TestSuite.java:230)
	at junit.framework.TestSuite.run(TestSuite.java:225)
	at junit.framework.TestSuite.runTest(TestSuite.java:230)
	at junit.framework.TestSuite.run(TestSuite.java:225)
	at junit.framework.TestSuite.runTest(TestSuite.java:230)
	at junit.framework.TestSuite.run(TestSuite.java:225)
	at org.apache.tools.ant.taskdefs.optional.junit.JUnitTestRunner.run(JUnitTestRunner.java:421)
	at org.apache.tools.ant.taskdefs.optional.junit.JUnitTestRunner.launch(JUnitTestRunner.java:912)
	at org.apache.tools.ant.taskdefs.optional.junit.JUnitTestRunner.main(JUnitTestRunner.java:766)
2011. 11. 17 오전 6:58:55 com.mongodb.DBPortPool gotError
경고: emptying DBPortPool to 61.250.201.78:27017 b/c of error
java.io.IOException: couldn't connect to [/61.250.201.78:27017] bc:java.net.ConnectException: Connection timed out: connect
	at com.mongodb.DBPort._open(DBPort.java:224)
	at com.mongodb.DBPort.go(DBPort.java:101)
	at com.mongodb.DBPort.go(DBPort.java:82)
	at com.mongodb.DBPort.say(DBPort.java:77)
	at com.mongodb.DBTCPConnector.say(DBTCPConnector.java:146)
	at com.mongodb.DBTCPConnector.say(DBTCPConnector.java:132)
	at com.mongodb.DBApiLayer$MyCollection.insert(DBApiLayer.java:262)
	at com.mongodb.DBApiLayer$MyCollection.createIndex(DBApiLayer.java:354)
	at com.mongodb.DBCollection.ensureIndex(DBCollection.java:444)
	at com.mongodb.DBCollection.ensureIndex(DBCollection.java:392)
	at net.ion.radon.repository.Workspace.createWorkspace(Workspace.java:64)
	at net.ion.radon.repository.Workspace.load(Workspace.java:43)
	at net.ion.radon.repository.Repository.getWorkspace(Repository.java:28)
	at net.ion.radon.repository.LocalSession.getCurrentWorkspace(LocalSession.java:147)
	at net.ion.radon.repository.LocalSession.dropWorkspace(LocalSession.java:76)
	at net.ion.radon.repository.TestBaseRepository.setUp(TestBaseRepository.java:17)
	at junit.framework.TestCase.runBare(TestCase.java:128)
	at junit.framework.TestResult$1.protect(TestResult.java:106)
	at junit.framework.TestResult.runProtected(TestResult.java:124)
	at junit.framework.TestResult.run(TestResult.java:109)
	at junit.framework.TestCase.run(TestCase.java:120)
	at junit.framework.TestSuite.runTest(TestSuite.java:230)
	at junit.framework.TestSuite.run(TestSuite.java:225)
	at junit.framework.TestSuite.runTest(TestSuite.java:230)
	at junit.framework.TestSuite.run(TestSuite.java:225)
	at junit.framework.TestSuite.runTest(TestSuite.java:230)
	at junit.framework.TestSuite.run(TestSuite.java:225)
	at junit.framework.TestSuite.runTest(TestSuite.java:230)
	at junit.framework.TestSuite.run(TestSuite.java:225)
	at org.apache.tools.ant.taskdefs.optional.junit.JUnitTestRunner.run(JUnitTestRunner.java:421)
	at org.apache.tools.ant.taskdefs.optional.junit.JUnitTestRunner.launch(JUnitTestRunner.java:912)
	at org.apache.tools.ant.taskdefs.optional.junit.JUnitTestRunner.main(JUnitTestRunner.java:766)
2011. 11. 17 오전 6:59:16 com.mongodb.DBTCPConnector fetchMaxBsonObjectSize
경고: Exception determining maxBSON size using0
java.io.IOException: couldn't connect to [/61.250.201.78:27017] bc:java.net.ConnectException: Connection timed out: connect
	at com.mongodb.DBPort._open(DBPort.java:224)
	at com.mongodb.DBPort.go(DBPort.java:101)
	at com.mongodb.DBPort.go(DBPort.java:82)
	at com.mongodb.DBPort.findOne(DBPort.java:142)
	at com.mongodb.DBPort.runCommand(DBPort.java:151)
	at com.mongodb.DBTCPConnector.fetchMaxBsonObjectSize(DBTCPConnector.java:429)
	at com.mongodb.Mongo.getMaxBsonObjectSize(Mongo.java:544)
	at com.mongodb.DBApiLayer$MyCollection.insert(DBApiLayer.java:244)
	at com.mongodb.DBApiLayer$MyCollection.createIndex(DBApiLayer.java:354)
	at com.mongodb.DBCollection.ensureIndex(DBCollection.java:444)
	at com.mongodb.DBCollection.ensureIndex(DBCollection.java:392)
	at net.ion.radon.repository.Workspace.createWorkspace(Workspace.java:64)
	at net.ion.radon.repository.Workspace.load(Workspace.java:43)
	at net.ion.radon.repository.Repository.getWorkspace(Repository.java:28)
	at net.ion.radon.repository.LocalSession.getCurrentWorkspace(LocalSession.java:147)
	at net.ion.radon.repository.LocalSession.dropWorkspace(LocalSession.java:76)
	at net.ion.radon.repository.TestBaseRepository.setUp(TestBaseRepository.java:17)
	at junit.framework.TestCase.runBare(TestCase.java:128)
	at junit.framework.TestResult$1.protect(TestResult.java:106)
	at junit.framework.TestResult.runProtected(TestResult.java:124)
	at junit.framework.TestResult.run(TestResult.java:109)
	at junit.framework.TestCase.run(TestCase.java:120)
	at junit.framework.TestSuite.runTest(TestSuite.java:230)
	at junit.framework.TestSuite.run(TestSuite.java:225)
	at junit.framework.TestSuite.runTest(TestSuite.java:230)
	at junit.framework.TestSuite.run(TestSuite.java:225)
	at junit.framework.TestSuite.runTest(TestSuite.java:230)
	at junit.framework.TestSuite.run(TestSuite.java:225)
	at junit.framework.TestSuite.runTest(TestSuite.java:230)
	at junit.framework.TestSuite.run(TestSuite.java:225)
	at org.apache.tools.ant.taskdefs.optional.junit.JUnitTestRunner.run(JUnitTestRunner.java:421)
	at org.apache.tools.ant.taskdefs.optional.junit.JUnitTestRunner.launch(JUnitTestRunner.java:912)
	at org.apache.tools.ant.taskdefs.optional.junit.JUnitTestRunner.main(JUnitTestRunner.java:766)
2011. 11. 17 오전 6:59:37 com.mongodb.DBTCPConnector fetchMaxBsonObjectSize
경고: Exception determining maxBSON size using0
java.io.IOException: couldn't connect to [/61.250.201.78:27017] bc:java.net.ConnectException: Connection timed out: connect
	at com.mongodb.DBPort._open(DBPort.java:224)
	at com.mongodb.DBPort.go(DBPort.java:101)
	at com.mongodb.DBPort.go(DBPort.java:82)
	at com.mongodb.DBPort.findOne(DBPort.java:142)
	at com.mongodb.DBPort.runCommand(DBPort.java:151)
	at com.mongodb.DBTCPConnector.fetchMaxBsonObjectSize(DBTCPConnector.java:429)
	at com.mongodb.DBTCPConnector.checkMaster(DBTCPConnector.java:416)
	at com.mongodb.DBTCPConnector.say(DBTCPConnector.java:139)
	at com.mongodb.DBTCPConnector.say(DBTCPConnector.java:132)
	at com.mongodb.DBApiLayer$MyCollection.insert(DBApiLayer.java:262)
	at com.mongodb.DBApiLayer$MyCollection.createIndex(DBApiLayer.java:354)
	at com.mongodb.DBCollection.ensureIndex(DBCollection.java:444)
	at com.mongodb.DBCollection.ensureIndex(DBCollection.java:392)
	at net.ion.radon.repository.Workspace.createWorkspace(Workspace.java:64)
	at net.ion.radon.repository.Workspace.load(Workspace.java:43)
	at net.ion.radon.repository.Repository.getWorkspace(Repository.java:28)
	at net.ion.radon.repository.LocalSession.getCurrentWorkspace(LocalSession.java:147)
	at net.ion.radon.repository.LocalSession.dropWorkspace(LocalSession.java:76)
	at net.ion.radon.repository.TestBaseRepository.setUp(TestBaseRepository.java:17)
	at junit.framework.TestCase.runBare(TestCase.java:128)
	at junit.framework.TestResult$1.protect(TestResult.java:106)
	at junit.framework.TestResult.runProtected(TestResult.java:124)
	at junit.framework.TestResult.run(TestResult.java:109)
	at junit.framework.TestCase.run(TestCase.java:120)
	at junit.framework.TestSuite.runTest(TestSuite.java:230)
	at junit.framework.TestSuite.run(TestSuite.java:225)
	at junit.framework.TestSuite.runTest(TestSuite.java:230)
	at junit.framework.TestSuite.run(TestSuite.java:225)
	at junit.framework.TestSuite.runTest(TestSuite.java:230)
	at junit.framework.TestSuite.run(TestSuite.java:225)
	at junit.framework.TestSuite.runTest(TestSuite.java:230)
	at junit.framework.TestSuite.run(TestSuite.java:225)
	at org.apache.tools.ant.taskdefs.optional.junit.JUnitTestRunner.run(JUnitTestRunner.java:421)
	at org.apache.tools.ant.taskdefs.optional.junit.JUnitTestRunner.launch(JUnitTestRunner.java:912)
	at org.apache.tools.ant.taskdefs.optional.junit.JUnitTestRunner.main(JUnitTestRunner.java:766)
2011. 11. 17 오전 6:59:58 com.mongodb.DBPortPool gotError
경고: emptying DBPortPool to 61.250.201.78:27017 b/c of error
java.io.IOException: couldn't connect to [/61.250.201.78:27017] bc:java.net.ConnectException: Connection timed out: connect
	at com.mongodb.DBPort._open(DBPort.java:224)
	at com.mongodb.DBPort.go(DBPort.java:101)
	at com.mongodb.DBPort.go(DBPort.java:82)
	at com.mongodb.DBPort.say(DBPort.java:77)
	at com.mongodb.DBTCPConnector.say(DBTCPConnector.java:146)
	at com.mongodb.DBTCPConnector.say(DBTCPConnector.java:132)
	at com.mongodb.DBApiLayer$MyCollection.insert(DBApiLayer.java:262)
	at com.mongodb.DBApiLayer$MyCollection.createIndex(DBApiLayer.java:354)
	at com.mongodb.DBCollection.ensureIndex(DBCollection.java:444)
	at com.mongodb.DBCollection.ensureIndex(DBCollection.java:392)
	at net.ion.radon.repository.Workspace.createWorkspace(Workspace.java:64)
	at net.ion.radon.repository.Workspace.load(Workspace.java:43)
	at net.ion.radon.repository.Repository.getWorkspace(Repository.java:28)
	at net.ion.radon.repository.LocalSession.getCurrentWorkspace(LocalSession.java:147)
	at net.ion.radon.repository.LocalSession.dropWorkspace(LocalSession.java:76)
	at net.ion.radon.repository.TestBaseRepository.setUp(TestBaseRepository.java:17)
	at junit.framework.TestCase.runBare(TestCase.java:128)
	at junit.framework.TestResult$1.protect(TestResult.java:106)
	at junit.framework.TestResult.runProtected(TestResult.java:124)
	at junit.framework.TestResult.run(TestResult.java:109)
	at junit.framework.TestCase.run(TestCase.java:120)
	at junit.framework.TestSuite.runTest(TestSuite.java:230)
	at junit.framework.TestSuite.run(TestSuite.java:225)
	at junit.framework.TestSuite.runTest(TestSuite.java:230)
	at junit.framework.TestSuite.run(TestSuite.java:225)
	at junit.framework.TestSuite.runTest(TestSuite.java:230)
	at junit.framework.TestSuite.run(TestSuite.java:225)
	at junit.framework.TestSuite.runTest(TestSuite.java:230)
	at junit.framework.TestSuite.run(TestSuite.java:225)
	at org.apache.tools.ant.taskdefs.optional.junit.JUnitTestRunner.run(JUnitTestRunner.java:421)
	at org.apache.tools.ant.taskdefs.optional.junit.JUnitTestRunner.launch(JUnitTestRunner.java:912)
	at org.apache.tools.ant.taskdefs.optional.junit.JUnitTestRunner.main(JUnitTestRunner.java:766)
2011. 11. 17 오전 7:00:19 com.mongodb.DBTCPConnector fetchMaxBsonObjectSize
경고: Exception determining maxBSON size using0
java.io.IOException: couldn't connect to [/61.250.201.78:27017] bc:java.net.ConnectException: Connection timed out: connect
	at com.mongodb.DBPort._open(DBPort.java:224)
	at com.mongodb.DBPort.go(DBPort.java:101)
	at com.mongodb.DBPort.go(DBPort.java:82)
	at com.mongodb.DBPort.findOne(DBPort.java:142)
	at com.mongodb.DBPort.runCommand(DBPort.java:151)
	at com.mongodb.DBTCPConnector.fetchMaxBsonObjectSize(DBTCPConnector.java:429)
	at com.mongodb.Mongo.getMaxBsonObjectSize(Mongo.java:544)
	at com.mongodb.DBApiLayer$MyCollection.insert(DBApiLayer.java:244)
	at com.mongodb.DBApiLayer$MyCollection.createIndex(DBApiLayer.java:354)
	at com.mongodb.DBCollection.ensureIndex(DBCollection.java:444)
	at com.mongodb.DBCollection.ensureIndex(DBCollection.java:392)
	at net.ion.radon.repository.Workspace.createWorkspace(Workspace.java:64)
	at net.ion.radon.repository.Workspace.load(Workspace.java:43)
	at net.ion.radon.repository.Repository.getWorkspace(Repository.java:28)
	at net.ion.radon.repository.LocalSession.getCurrentWorkspace(LocalSession.java:147)
	at net.ion.radon.repository.LocalSession.dropWorkspace(LocalSession.java:76)
	at net.ion.radon.repository.TestBaseRepository.setUp(TestBaseRepository.java:17)
	at junit.framework.TestCase.runBare(TestCase.java:128)
	at junit.framework.TestResult$1.protect(TestResult.java:106)
	at junit.framework.TestResult.runProtected(TestResult.java:124)
	at junit.framework.TestResult.run(TestResult.java:109)
	at junit.framework.TestCase.run(TestCase.java:120)
	at junit.framework.TestSuite.runTest(TestSuite.java:230)
	at junit.framework.TestSuite.run(TestSuite.java:225)
	at junit.framework.TestSuite.runTest(TestSuite.java:230)
	at junit.framework.TestSuite.run(TestSuite.java:225)
	at junit.framework.TestSuite.runTest(TestSuite.java:230)
	at junit.framework.TestSuite.run(TestSuite.java:225)
	at junit.framework.TestSuite.runTest(TestSuite.java:230)
	at junit.framework.TestSuite.run(TestSuite.java:225)
	at org.apache.tools.ant.taskdefs.optional.junit.JUnitTestRunner.run(JUnitTestRunner.java:421)
	at org.apache.tools.ant.taskdefs.optional.junit.JUnitTestRunner.launch(JUnitTestRunner.java:912)
	at org.apache.tools.ant.taskdefs.optional.junit.JUnitTestRunner.main(JUnitTestRunner.java:766)
2011. 11. 17 오전 7:00:40 com.mongodb.DBTCPConnector fetchMaxBsonObjectSize
경고: Exception determining maxBSON size using0
java.io.IOException: couldn't connect to [/61.250.201.78:27017] bc:java.net.ConnectException: Connection timed out: connect
	at com.mongodb.DBPort._open(DBPort.java:224)
	at com.mongodb.DBPort.go(DBPort.java:101)
	at com.mongodb.DBPort.go(DBPort.java:82)
	at com.mongodb.DBPort.findOne(DBPort.java:142)
	at com.mongodb.DBPort.runCommand(DBPort.java:151)
	at com.mongodb.DBTCPConnector.fetchMaxBsonObjectSize(DBTCPConnector.java:429)
	at com.mongodb.DBTCPConnector.checkMaster(DBTCPConnector.java:416)
	at com.mongodb.DBTCPConnector.say(DBTCPConnector.java:139)
	at com.mongodb.DBTCPConnector.say(DBTCPConnector.java:132)
	at com.mongodb.DBApiLayer$MyCollection.insert(DBApiLayer.java:262)
	at com.mongodb.DBApiLayer$MyCollection.createIndex(DBApiLayer.java:354)
	at com.mongodb.DBCollection.ensureIndex(DBCollection.java:444)
	at com.mongodb.DBCollection.ensureIndex(DBCollection.java:392)
	at net.ion.radon.repository.Workspace.createWorkspace(Workspace.java:64)
	at net.ion.radon.repository.Workspace.load(Workspace.java:43)
	at net.ion.radon.repository.Repository.getWorkspace(Repository.java:28)
	at net.ion.radon.repository.LocalSession.getCurrentWorkspace(LocalSession.java:147)
	at net.ion.radon.repository.LocalSession.dropWorkspace(LocalSession.java:76)
	at net.ion.radon.repository.TestBaseRepository.setUp(TestBaseRepository.java:17)
	at junit.framework.TestCase.runBare(TestCase.java:128)
	at junit.framework.TestResult$1.protect(TestResult.java:106)
	at junit.framework.TestResult.runProtected(TestResult.java:124)
	at junit.framework.TestResult.run(TestResult.java:109)
	at junit.framework.TestCase.run(TestCase.java:120)
	at junit.framework.TestSuite.runTest(TestSuite.java:230)
	at junit.framework.TestSuite.run(TestSuite.java:225)
	at junit.framework.TestSuite.runTest(TestSuite.java:230)
	at junit.framework.TestSuite.run(TestSuite.java:225)
	at junit.framework.TestSuite.runTest(TestSuite.java:230)
	at junit.framework.TestSuite.run(TestSuite.java:225)
	at junit.framework.TestSuite.runTest(TestSuite.java:230)
	at junit.framework.TestSuite.run(TestSuite.java:225)
	at org.apache.tools.ant.taskdefs.optional.junit.JUnitTestRunner.run(JUnitTestRunner.java:421)
	at org.apache.tools.ant.taskdefs.optional.junit.JUnitTestRunner.launch(JUnitTestRunner.java:912)
	at org.apache.tools.ant.taskdefs.optional.junit.JUnitTestRunner.main(JUnitTestRunner.java:766)
2011. 11. 17 오전 7:01:01 com.mongodb.DBPortPool gotError
경고: emptying DBPortPool to 61.250.201.78:27017 b/c of error
java.io.IOException: couldn't connect to [/61.250.201.78:27017] bc:java.net.ConnectException: Connection timed out: connect
	at com.mongodb.DBPort._open(DBPort.java:224)
	at com.mongodb.DBPort.go(DBPort.java:101)
	at com.mongodb.DBPort.go(DBPort.java:82)
	at com.mongodb.DBPort.say(DBPort.java:77)
	at com.mongodb.DBTCPConnector.say(DBTCPConnector.java:146)
	at com.mongodb.DBTCPConnector.say(DBTCPConnector.java:132)
	at com.mongodb.DBApiLayer$MyCollection.insert(DBApiLayer.java:262)
	at com.mongodb.DBApiLayer$MyCollection.createIndex(DBApiLayer.java:354)
	at com.mongodb.DBCollection.ensureIndex(DBCollection.java:444)
	at com.mongodb.DBCollection.ensureIndex(DBCollection.java:392)
	at net.ion.radon.repository.Workspace.createWorkspace(Workspace.java:64)
	at net.ion.radon.repository.Workspace.load(Workspace.java:43)
	at net.ion.radon.repository.Repository.getWorkspace(Repository.java:28)
	at net.ion.radon.repository.LocalSession.getCurrentWorkspace(LocalSession.java:147)
	at net.ion.radon.repository.LocalSession.dropWorkspace(LocalSession.java:76)
	at net.ion.radon.repository.TestBaseRepository.setUp(TestBaseRepository.java:17)
	at junit.framework.TestCase.runBare(TestCase.java:128)
	at junit.framework.TestResult$1.protect(TestResult.java:106)
	at junit.framework.TestResult.runProtected(TestResult.java:124)
	at junit.framework.TestResult.run(TestResult.java:109)
	at junit.framework.TestCase.run(TestCase.java:120)
	at junit.framework.TestSuite.runTest(TestSuite.java:230)
	at junit.framework.TestSuite.run(TestSuite.java:225)
	at junit.framework.TestSuite.runTest(TestSuite.java:230)
	at junit.framework.TestSuite.run(TestSuite.java:225)
	at junit.framework.TestSuite.runTest(TestSuite.java:230)
	at junit.framework.TestSuite.run(TestSuite.java:225)
	at junit.framework.TestSuite.runTest(TestSuite.java:230)
	at junit.framework.TestSuite.run(TestSuite.java:225)
	at org.apache.tools.ant.taskdefs.optional.junit.JUnitTestRunner.run(JUnitTestRunner.java:421)
	at org.apache.tools.ant.taskdefs.optional.junit.JUnitTestRunner.launch(JUnitTestRunner.java:912)
	at org.apache.tools.ant.taskdefs.optional.junit.JUnitTestRunner.main(JUnitTestRunner.java:766)
2011. 11. 17 오전 7:01:22 com.mongodb.DBTCPConnector fetchMaxBsonObjectSize
경고: Exception determining maxBSON size using0
java.io.IOException: couldn't connect to [/61.250.201.78:27017] bc:java.net.ConnectException: Connection timed out: connect
	at com.mongodb.DBPort._open(DBPort.java:224)
	at com.mongodb.DBPort.go(DBPort.java:101)
	at com.mongodb.DBPort.go(DBPort.java:82)
	at com.mongodb.DBPort.findOne(DBPort.java:142)
	at com.mongodb.DBPort.runCommand(DBPort.java:151)
	at com.mongodb.DBTCPConnector.fetchMaxBsonObjectSize(DBTCPConnector.java:429)
	at com.mongodb.Mongo.getMaxBsonObjectSize(Mongo.java:544)
	at com.mongodb.DBApiLayer$MyCollection.insert(DBApiLayer.java:244)
	at com.mongodb.DBApiLayer$MyCollection.createIndex(DBApiLayer.java:354)
	at com.mongodb.DBCollection.ensureIndex(DBCollection.java:444)
	at com.mongodb.DBCollection.ensureIndex(DBCollection.java:392)
	at net.ion.radon.repository.Workspace.createWorkspace(Workspace.java:64)
	at net.ion.radon.repository.Workspace.load(Workspace.java:43)
	at net.ion.radon.repository.Repository.getWorkspace(Repository.java:28)
	at net.ion.radon.repository.LocalSession.getCurrentWorkspace(LocalSession.java:147)
	at net.ion.radon.repository.LocalSession.dropWorkspace(LocalSession.java:76)
	at net.ion.radon.repository.TestBaseRepository.setUp(TestBaseRepository.java:17)
	at junit.framework.TestCase.runBare(TestCase.java:128)
	at junit.framework.TestResult$1.protect(TestResult.java:106)
	at junit.framework.TestResult.runProtected(TestResult.java:124)
	at junit.framework.TestResult.run(TestResult.java:109)
	at junit.framework.TestCase.run(TestCase.java:120)
	at junit.framework.TestSuite.runTest(TestSuite.java:230)
	at junit.framework.TestSuite.run(TestSuite.java:225)
	at junit.framework.TestSuite.runTest(TestSuite.java:230)
	at junit.framework.TestSuite.run(TestSuite.java:225)
	at junit.framework.TestSuite.runTest(TestSuite.java:230)
	at junit.framework.TestSuite.run(TestSuite.java:225)
	at junit.framework.TestSuite.runTest(TestSuite.java:230)
	at junit.framework.TestSuite.run(TestSuite.java:225)
	at org.apache.tools.ant.taskdefs.optional.junit.JUnitTestRunner.run(JUnitTestRunner.java:421)
	at org.apache.tools.ant.taskdefs.optional.junit.JUnitTestRunner.launch(JUnitTestRunner.java:912)
	at org.apache.tools.ant.taskdefs.optional.junit.JUnitTestRunner.main(JUnitTestRunner.java:766)
2011. 11. 17 오전 7:01:43 com.mongodb.DBTCPConnector fetchMaxBsonObjectSize
경고: Exception determining maxBSON size using0
java.io.IOException: couldn't connect to [/61.250.201.78:27017] bc:java.net.ConnectException: Connection timed out: connect
	at com.mongodb.DBPort._open(DBPort.java:224)
	at com.mongodb.DBPort.go(DBPort.java:101)
	at com.mongodb.DBPort.go(DBPort.java:82)
	at com.mongodb.DBPort.findOne(DBPort.java:142)
	at com.mongodb.DBPort.runCommand(DBPort.java:151)
	at com.mongodb.DBTCPConnector.fetchMaxBsonObjectSize(DBTCPConnector.java:429)
	at com.mongodb.DBTCPConnector.checkMaster(DBTCPConnector.java:416)
	at com.mongodb.DBTCPConnector.say(DBTCPConnector.java:139)
	at com.mongodb.DBTCPConnector.say(DBTCPConnector.java:132)
	at com.mongodb.DBApiLayer$MyCollection.insert(DBApiLayer.java:262)
	at com.mongodb.DBApiLayer$MyCollection.createIndex(DBApiLayer.java:354)
	at com.mongodb.DBCollection.ensureIndex(DBCollection.java:444)
	at com.mongodb.DBCollection.ensureIndex(DBCollection.java:392)
	at net.ion.radon.repository.Workspace.createWorkspace(Workspace.java:64)
	at net.ion.radon.repository.Workspace.load(Workspace.java:43)
	at net.ion.radon.repository.Repository.getWorkspace(Repository.java:28)
	at net.ion.radon.repository.LocalSession.getCurrentWorkspace(LocalSession.java:147)
	at net.ion.radon.repository.LocalSession.dropWorkspace(LocalSession.java:76)
	at net.ion.radon.repository.TestBaseRepository.setUp(TestBaseRepository.java:17)
	at junit.framework.TestCase.runBare(TestCase.java:128)
	at junit.framework.TestResult$1.protect(TestResult.java:106)
	at junit.framework.TestResult.runProtected(TestResult.java:124)
	at junit.framework.TestResult.run(TestResult.java:109)
	at junit.framework.TestCase.run(TestCase.java:120)
	at junit.framework.TestSuite.runTest(TestSuite.java:230)
	at junit.framework.TestSuite.run(TestSuite.java:225)
	at junit.framework.TestSuite.runTest(TestSuite.java:230)
	at junit.framework.TestSuite.run(TestSuite.java:225)
	at junit.framework.TestSuite.runTest(TestSuite.java:230)
	at junit.framework.TestSuite.run(TestSuite.java:225)
	at junit.framework.TestSuite.runTest(TestSuite.java:230)
	at junit.framework.TestSuite.run(TestSuite.java:225)
	at org.apache.tools.ant.taskdefs.optional.junit.JUnitTestRunner.run(JUnitTestRunner.java:421)
	at org.apache.tools.ant.taskdefs.optional.junit.JUnitTestRunner.launch(JUnitTestRunner.java:912)
	at org.apache.tools.ant.taskdefs.optional.junit.JUnitTestRunner.main(JUnitTestRunner.java:766)
2011. 11. 17 오전 7:02:04 com.mongodb.DBPortPool gotError
경고: emptying DBPortPool to 61.250.201.78:27017 b/c of error
java.io.IOException: couldn't connect to [/61.250.201.78:27017] bc:java.net.ConnectException: Connection timed out: connect
	at com.mongodb.DBPort._open(DBPort.java:224)
	at com.mongodb.DBPort.go(DBPort.java:101)
	at com.mongodb.DBPort.go(DBPort.java:82)
	at com.mongodb.DBPort.say(DBPort.java:77)
	at com.mongodb.DBTCPConnector.say(DBTCPConnector.java:146)
	at com.mongodb.DBTCPConnector.say(DBTCPConnector.java:132)
	at com.mongodb.DBApiLayer$MyCollection.insert(DBApiLayer.java:262)
	at com.mongodb.DBApiLayer$MyCollection.createIndex(DBApiLayer.java:354)
	at com.mongodb.DBCollection.ensureIndex(DBCollection.java:444)
	at com.mongodb.DBCollection.ensureIndex(DBCollection.java:392)
	at net.ion.radon.repository.Workspace.createWorkspace(Workspace.java:64)
	at net.ion.radon.repository.Workspace.load(Workspace.java:43)
	at net.ion.radon.repository.Repository.getWorkspace(Repository.java:28)
	at net.ion.radon.repository.LocalSession.getCurrentWorkspace(LocalSession.java:147)
	at net.ion.radon.repository.LocalSession.dropWorkspace(LocalSession.java:76)
	at net.ion.radon.repository.TestBaseRepository.setUp(TestBaseRepository.java:17)
	at junit.framework.TestCase.runBare(TestCase.java:128)
	at junit.framework.TestResult$1.protect(TestResult.java:106)
	at junit.framework.TestResult.runProtected(TestResult.java:124)
	at junit.framework.TestResult.run(TestResult.java:109)
	at junit.framework.TestCase.run(TestCase.java:120)
	at junit.framework.TestSuite.runTest(TestSuite.java:230)
	at junit.framework.TestSuite.run(TestSuite.java:225)
	at junit.framework.TestSuite.runTest(TestSuite.java:230)
	at junit.framework.TestSuite.run(TestSuite.java:225)
	at junit.framework.TestSuite.runTest(TestSuite.java:230)
	at junit.framework.TestSuite.run(TestSuite.java:225)
	at junit.framework.TestSuite.runTest(TestSuite.java:230)
	at junit.framework.TestSuite.run(TestSuite.java:225)
	at org.apache.tools.ant.taskdefs.optional.junit.JUnitTestRunner.run(JUnitTestRunner.java:421)
	at org.apache.tools.ant.taskdefs.optional.junit.JUnitTestRunner.launch(JUnitTestRunner.java:912)
	at org.apache.tools.ant.taskdefs.optional.junit.JUnitTestRunner.main(JUnitTestRunner.java:766)
2011. 11. 17 오전 7:02:26 com.mongodb.DBTCPConnector fetchMaxBsonObjectSize
경고: Exception determining maxBSON size using0
java.io.IOException: couldn't connect to [/61.250.201.78:27017] bc:java.net.ConnectException: Connection timed out: connect
	at com.mongodb.DBPort._open(DBPort.java:224)
	at com.mongodb.DBPort.go(DBPort.java:101)
	at com.mongodb.DBPort.go(DBPort.java:82)
	at com.mongodb.DBPort.findOne(DBPort.java:142)
	at com.mongodb.DBPort.runCommand(DBPort.java:151)
	at com.mongodb.DBTCPConnector.fetchMaxBsonObjectSize(DBTCPConnector.java:429)
	at com.mongodb.Mongo.getMaxBsonObjectSize(Mongo.java:544)
	at com.mongodb.DBApiLayer$MyCollection.insert(DBApiLayer.java:244)
	at com.mongodb.DBApiLayer$MyCollection.createIndex(DBApiLayer.java:354)
	at com.mongodb.DBCollection.ensureIndex(DBCollection.java:444)
	at com.mongodb.DBCollection.ensureIndex(DBCollection.java:392)
	at net.ion.radon.repository.Workspace.createWorkspace(Workspace.java:64)
	at net.ion.radon.repository.Workspace.load(Workspace.java:43)
	at net.ion.radon.repository.Repository.getWorkspace(Repository.java:28)
	at net.ion.radon.repository.LocalSession.getCurrentWorkspace(LocalSession.java:147)
	at net.ion.radon.repository.LocalSession.dropWorkspace(LocalSession.java:76)
	at net.ion.radon.repository.TestBaseRepository.setUp(TestBaseRepository.java:17)
	at junit.framework.TestCase.runBare(TestCase.java:128)
	at junit.framework.TestResult$1.protect(TestResult.java:106)
	at junit.framework.TestResult.runProtected(TestResult.java:124)
	at junit.framework.TestResult.run(TestResult.java:109)
	at junit.framework.TestCase.run(TestCase.java:120)
	at junit.framework.TestSuite.runTest(TestSuite.java:230)
	at junit.framework.TestSuite.run(TestSuite.java:225)
	at junit.framework.TestSuite.runTest(TestSuite.java:230)
	at junit.framework.TestSuite.run(TestSuite.java:225)
	at junit.framework.TestSuite.runTest(TestSuite.java:230)
	at junit.framework.TestSuite.run(TestSuite.java:225)
	at junit.framework.TestSuite.runTest(TestSuite.java:230)
	at junit.framework.TestSuite.run(TestSuite.java:225)
	at org.apache.tools.ant.taskdefs.optional.junit.JUnitTestRunner.run(JUnitTestRunner.java:421)
	at org.apache.tools.ant.taskdefs.optional.junit.JUnitTestRunner.launch(JUnitTestRunner.java:912)
	at org.apache.tools.ant.taskdefs.optional.junit.JUnitTestRunner.main(JUnitTestRunner.java:766)
2011. 11. 17 오전 7:02:47 com.mongodb.DBTCPConnector fetchMaxBsonObjectSize
경고: Exception determining maxBSON size using0
java.io.IOException: couldn't connect to [/61.250.201.78:27017] bc:java.net.ConnectException: Connection timed out: connect
	at com.mongodb.DBPort._open(DBPort.java:224)
	at com.mongodb.DBPort.go(DBPort.java:101)
	at com.mongodb.DBPort.go(DBPort.java:82)
	at com.mongodb.DBPort.findOne(DBPort.java:142)
	at com.mongodb.DBPort.runCommand(DBPort.java:151)
	at com.mongodb.DBTCPConnector.fetchMaxBsonObjectSize(DBTCPConnector.java:429)
	at com.mongodb.DBTCPConnector.checkMaster(DBTCPConnector.java:416)
	at com.mongodb.DBTCPConnector.say(DBTCPConnector.java:139)
	at com.mongodb.DBTCPConnector.say(DBTCPConnector.java:132)
	at com.mongodb.DBApiLayer$MyCollection.insert(DBApiLayer.java:262)
	at com.mongodb.DBApiLayer$MyCollection.createIndex(DBApiLayer.java:354)
	at com.mongodb.DBCollection.ensureIndex(DBCollection.java:444)
	at com.mongodb.DBCollection.ensureIndex(DBCollection.java:392)
	at net.ion.radon.repository.Workspace.createWorkspace(Workspace.java:64)
	at net.ion.radon.repository.Workspace.load(Workspace.java:43)
	at net.ion.radon.repository.Repository.getWorkspace(Repository.java:28)
	at net.ion.radon.repository.LocalSession.getCurrentWorkspace(LocalSession.java:147)
	at net.ion.radon.repository.LocalSession.dropWorkspace(LocalSession.java:76)
	at net.ion.radon.repository.TestBaseRepository.setUp(TestBaseRepository.java:17)
	at junit.framework.TestCase.runBare(TestCase.java:128)
	at junit.framework.TestResult$1.protect(TestResult.java:106)
	at junit.framework.TestResult.runProtected(TestResult.java:124)
	at junit.framework.TestResult.run(TestResult.java:109)
	at junit.framework.TestCase.run(TestCase.java:120)
	at junit.framework.TestSuite.runTest(TestSuite.java:230)
	at junit.framework.TestSuite.run(TestSuite.java:225)
	at junit.framework.TestSuite.runTest(TestSuite.java:230)
	at junit.framework.TestSuite.run(TestSuite.java:225)
	at junit.framework.TestSuite.runTest(TestSuite.java:230)
	at junit.framework.TestSuite.run(TestSuite.java:225)
	at junit.framework.TestSuite.runTest(TestSuite.java:230)
	at junit.framework.TestSuite.run(TestSuite.java:225)
	at org.apache.tools.ant.taskdefs.optional.junit.JUnitTestRunner.run(JUnitTestRunner.java:421)
	at org.apache.tools.ant.taskdefs.optional.junit.JUnitTestRunner.launch(JUnitTestRunner.java:912)
	at org.apache.tools.ant.taskdefs.optional.junit.JUnitTestRunner.main(JUnitTestRunner.java:766)
2011. 11. 17 오전 7:03:08 com.mongodb.DBPortPool gotError
경고: emptying DBPortPool to 61.250.201.78:27017 b/c of error
java.io.IOException: couldn't connect to [/61.250.201.78:27017] bc:java.net.ConnectException: Connection timed out: connect
	at com.mongodb.DBPort._open(DBPort.java:224)
	at com.mongodb.DBPort.go(DBPort.java:101)
	at com.mongodb.DBPort.go(DBPort.java:82)
	at com.mongodb.DBPort.say(DBPort.java:77)
	at com.mongodb.DBTCPConnector.say(DBTCPConnector.java:146)
	at com.mongodb.DBTCPConnector.say(DBTCPConnector.java:132)
	at com.mongodb.DBApiLayer$MyCollection.insert(DBApiLayer.java:262)
	at com.mongodb.DBApiLayer$MyCollection.createIndex(DBApiLayer.java:354)
	at com.mongodb.DBCollection.ensureIndex(DBCollection.java:444)
	at com.mongodb.DBCollection.ensureIndex(DBCollection.java:392)
	at net.ion.radon.repository.Workspace.createWorkspace(Workspace.java:64)
	at net.ion.radon.repository.Workspace.load(Workspace.java:43)
	at net.ion.radon.repository.Repository.getWorkspace(Repository.java:28)
	at net.ion.radon.repository.LocalSession.getCurrentWorkspace(LocalSession.java:147)
	at net.ion.radon.repository.LocalSession.dropWorkspace(LocalSession.java:76)
	at net.ion.radon.repository.TestBaseRepository.setUp(TestBaseRepository.java:17)
	at junit.framework.TestCase.runBare(TestCase.java:128)
	at junit.framework.TestResult$1.protect(TestResult.java:106)
	at junit.framework.TestResult.runProtected(TestResult.java:124)
	at junit.framework.TestResult.run(TestResult.java:109)
	at junit.framework.TestCase.run(TestCase.java:120)
	at junit.framework.TestSuite.runTest(TestSuite.java:230)
	at junit.framework.TestSuite.run(TestSuite.java:225)
	at junit.framework.TestSuite.runTest(TestSuite.java:230)
	at junit.framework.TestSuite.run(TestSuite.java:225)
	at junit.framework.TestSuite.runTest(TestSuite.java:230)
	at junit.framework.TestSuite.run(TestSuite.java:225)
	at junit.framework.TestSuite.runTest(TestSuite.java:230)
	at junit.framework.TestSuite.run(TestSuite.java:225)
	at org.apache.tools.ant.taskdefs.optional.junit.JUnitTestRunner.run(JUnitTestRunner.java:421)
	at org.apache.tools.ant.taskdefs.optional.junit.JUnitTestRunner.launch(JUnitTestRunner.java:912)
	at org.apache.tools.ant.taskdefs.optional.junit.JUnitTestRunner.main(JUnitTestRunner.java:766)
2011. 11. 17 오전 7:03:29 com.mongodb.DBTCPConnector fetchMaxBsonObjectSize
경고: Exception determining maxBSON size using0
java.io.IOException: couldn't connect to [/61.250.201.78:27017] bc:java.net.ConnectException: Connection timed out: connect
	at com.mongodb.DBPort._open(DBPort.java:224)
	at com.mongodb.DBPort.go(DBPort.java:101)
	at com.mongodb.DBPort.go(DBPort.java:82)
	at com.mongodb.DBPort.findOne(DBPort.java:142)
	at com.mongodb.DBPort.runCommand(DBPort.java:151)
	at com.mongodb.DBTCPConnector.fetchMaxBsonObjectSize(DBTCPConnector.java:429)
	at com.mongodb.Mongo.getMaxBsonObjectSize(Mongo.java:544)
	at com.mongodb.DBApiLayer$MyCollection.insert(DBApiLayer.java:244)
	at com.mongodb.DBApiLayer$MyCollection.createIndex(DBApiLayer.java:354)
	at com.mongodb.DBCollection.ensureIndex(DBCollection.java:444)
	at com.mongodb.DBCollection.ensureIndex(DBCollection.java:392)
	at net.ion.radon.repository.Workspace.createWorkspace(Workspace.java:64)
	at net.ion.radon.repository.Workspace.load(Workspace.java:43)
	at net.ion.radon.repository.Repository.getWorkspace(Repository.java:28)
	at net.ion.radon.repository.LocalSession.getCurrentWorkspace(LocalSession.java:147)
	at net.ion.radon.repository.LocalSession.dropWorkspace(LocalSession.java:76)
	at net.ion.radon.repository.TestBaseRepository.setUp(TestBaseRepository.java:17)
	at junit.framework.TestCase.runBare(TestCase.java:128)
	at junit.framework.TestResult$1.protect(TestResult.java:106)
	at junit.framework.TestResult.runProtected(TestResult.java:124)
	at junit.framework.TestResult.run(TestResult.java:109)
	at junit.framework.TestCase.run(TestCase.java:120)
	at junit.framework.TestSuite.runTest(TestSuite.java:230)
	at junit.framework.TestSuite.run(TestSuite.java:225)
	at junit.framework.TestSuite.runTest(TestSuite.java:230)
	at junit.framework.TestSuite.run(TestSuite.java:225)
	at junit.framework.TestSuite.runTest(TestSuite.java:230)
	at junit.framework.TestSuite.run(TestSuite.java:225)
	at junit.framework.TestSuite.runTest(TestSuite.java:230)
	at junit.framework.TestSuite.run(TestSuite.java:225)
	at org.apache.tools.ant.taskdefs.optional.junit.JUnitTestRunner.run(JUnitTestRunner.java:421)
	at org.apache.tools.ant.taskdefs.optional.junit.JUnitTestRunner.launch(JUnitTestRunner.java:912)
	at org.apache.tools.ant.taskdefs.optional.junit.JUnitTestRunner.main(JUnitTestRunner.java:766)
2011. 11. 17 오전 7:03:50 com.mongodb.DBTCPConnector fetchMaxBsonObjectSize
경고: Exception determining maxBSON size using0
java.io.IOException: couldn't connect to [/61.250.201.78:27017] bc:java.net.ConnectException: Connection timed out: connect
	at com.mongodb.DBPort._open(DBPort.java:224)
	at com.mongodb.DBPort.go(DBPort.java:101)
	at com.mongodb.DBPort.go(DBPort.java:82)
	at com.mongodb.DBPort.findOne(DBPort.java:142)
	at com.mongodb.DBPort.runCommand(DBPort.java:151)
	at com.mongodb.DBTCPConnector.fetchMaxBsonObjectSize(DBTCPConnector.java:429)
	at com.mongodb.DBTCPConnector.checkMaster(DBTCPConnector.java:416)
	at com.mongodb.DBTCPConnector.say(DBTCPConnector.java:139)
	at com.mongodb.DBTCPConnector.say(DBTCPConnector.java:132)
	at com.mongodb.DBApiLayer$MyCollection.insert(DBApiLayer.java:262)
	at com.mongodb.DBApiLayer$MyCollection.createIndex(DBApiLayer.java:354)
	at com.mongodb.DBCollection.ensureIndex(DBCollection.java:444)
	at com.mongodb.DBCollection.ensureIndex(DBCollection.java:392)
	at net.ion.radon.repository.Workspace.createWorkspace(Workspace.java:64)
	at net.ion.radon.repository.Workspace.load(Workspace.java:43)
	at net.ion.radon.repository.Repository.getWorkspace(Repository.java:28)
	at net.ion.radon.repository.LocalSession.getCurrentWorkspace(LocalSession.java:147)
	at net.ion.radon.repository.LocalSession.dropWorkspace(LocalSession.java:76)
	at net.ion.radon.repository.TestBaseRepository.setUp(TestBaseRepository.java:17)
	at junit.framework.TestCase.runBare(TestCase.java:128)
	at junit.framework.TestResult$1.protect(TestResult.java:106)
	at junit.framework.TestResult.runProtected(TestResult.java:124)
	at junit.framework.TestResult.run(TestResult.java:109)
	at junit.framework.TestCase.run(TestCase.java:120)
	at junit.framework.TestSuite.runTest(TestSuite.java:230)
	at junit.framework.TestSuite.run(TestSuite.java:225)
	at junit.framework.TestSuite.runTest(TestSuite.java:230)
	at junit.framework.TestSuite.run(TestSuite.java:225)
	at junit.framework.TestSuite.runTest(TestSuite.java:230)
	at junit.framework.TestSuite.run(TestSuite.java:225)
	at junit.framework.TestSuite.runTest(TestSuite.java:230)
	at junit.framework.TestSuite.run(TestSuite.java:225)
	at org.apache.tools.ant.taskdefs.optional.junit.JUnitTestRunner.run(JUnitTestRunner.java:421)
	at org.apache.tools.ant.taskdefs.optional.junit.JUnitTestRunner.launch(JUnitTestRunner.java:912)
	at org.apache.tools.ant.taskdefs.optional.junit.JUnitTestRunner.main(JUnitTestRunner.java:766)
2011. 11. 17 오전 7:04:11 com.mongodb.DBPortPool gotError
경고: emptying DBPortPool to 61.250.201.78:27017 b/c of error
java.io.IOException: couldn't connect to [/61.250.201.78:27017] bc:java.net.ConnectException: Connection timed out: connect
	at com.mongodb.DBPort._open(DBPort.java:224)
	at com.mongodb.DBPort.go(DBPort.java:101)
	at com.mongodb.DBPort.go(DBPort.java:82)
	at com.mongodb.DBPort.say(DBPort.java:77)
	at com.mongodb.DBTCPConnector.say(DBTCPConnector.java:146)
	at com.mongodb.DBTCPConnector.say(DBTCPConnector.java:132)
	at com.mongodb.DBApiLayer$MyCollection.insert(DBApiLayer.java:262)
	at com.mongodb.DBApiLayer$MyCollection.createIndex(DBApiLayer.java:354)
	at com.mongodb.DBCollection.ensureIndex(DBCollection.java:444)
	at com.mongodb.DBCollection.ensureIndex(DBCollection.java:392)
	at net.ion.radon.repository.Workspace.createWorkspace(Workspace.java:64)
	at net.ion.radon.repository.Workspace.load(Workspace.java:43)
	at net.ion.radon.repository.Repository.getWorkspace(Repository.java:28)
	at net.ion.radon.repository.LocalSession.getCurrentWorkspace(LocalSession.java:147)
	at net.ion.radon.repository.LocalSession.dropWorkspace(LocalSession.java:76)
	at net.ion.radon.repository.TestBaseRepository.setUp(TestBaseRepository.java:17)
	at junit.framework.TestCase.runBare(TestCase.java:128)
	at junit.framework.TestResult$1.protect(TestResult.java:106)
	at junit.framework.TestResult.runProtected(TestResult.java:124)
	at junit.framework.TestResult.run(TestResult.java:109)
	at junit.framework.TestCase.run(TestCase.java:120)
	at junit.framework.TestSuite.runTest(TestSuite.java:230)
	at junit.framework.TestSuite.run(TestSuite.java:225)
	at junit.framework.TestSuite.runTest(TestSuite.java:230)
	at junit.framework.TestSuite.run(TestSuite.java:225)
	at junit.framework.TestSuite.runTest(TestSuite.java:230)
	at junit.framework.TestSuite.run(TestSuite.java:225)
	at junit.framework.TestSuite.runTest(TestSuite.java:230)
	at junit.framework.TestSuite.run(TestSuite.java:225)
	at org.apache.tools.ant.taskdefs.optional.junit.JUnitTestRunner.run(JUnitTestRunner.java:421)
	at org.apache.tools.ant.taskdefs.optional.junit.JUnitTestRunner.launch(JUnitTestRunner.java:912)
	at org.apache.tools.ant.taskdefs.optional.junit.JUnitTestRunner.main(JUnitTestRunner.java:766)
2011. 11. 17 오전 7:04:32 com.mongodb.DBTCPConnector fetchMaxBsonObjectSize
경고: Exception determining maxBSON size using0
java.io.IOException: couldn't connect to [/61.250.201.78:27017] bc:java.net.ConnectException: Connection timed out: connect
	at com.mongodb.DBPort._open(DBPort.java:224)
	at com.mongodb.DBPort.go(DBPort.java:101)
	at com.mongodb.DBPort.go(DBPort.java:82)
	at com.mongodb.DBPort.findOne(DBPort.java:142)
	at com.mongodb.DBPort.runCommand(DBPort.java:151)
	at com.mongodb.DBTCPConnector.fetchMaxBsonObjectSize(DBTCPConnector.java:429)
	at com.mongodb.Mongo.getMaxBsonObjectSize(Mongo.java:544)
	at com.mongodb.DBApiLayer$MyCollection.insert(DBApiLayer.java:244)
	at com.mongodb.DBApiLayer$MyCollection.createIndex(DBApiLayer.java:354)
	at com.mongodb.DBCollection.ensureIndex(DBCollection.java:444)
	at com.mongodb.DBCollection.ensureIndex(DBCollection.java:392)
	at net.ion.radon.repository.Workspace.createWorkspace(Workspace.java:64)
	at net.ion.radon.repository.Workspace.load(Workspace.java:43)
	at net.ion.radon.repository.Repository.getWorkspace(Repository.java:28)
	at net.ion.radon.repository.LocalSession.getCurrentWorkspace(LocalSession.java:147)
	at net.ion.radon.repository.LocalSession.dropWorkspace(LocalSession.java:76)
	at net.ion.radon.repository.TestBaseRepository.setUp(TestBaseRepository.java:17)
	at junit.framework.TestCase.runBare(TestCase.java:128)
	at junit.framework.TestResult$1.protect(TestResult.java:106)
	at junit.framework.TestResult.runProtected(TestResult.java:124)
	at junit.framework.TestResult.run(TestResult.java:109)
	at junit.framework.TestCase.run(TestCase.java:120)
	at junit.framework.TestSuite.runTest(TestSuite.java:230)
	at junit.framework.TestSuite.run(TestSuite.java:225)
	at junit.framework.TestSuite.runTest(TestSuite.java:230)
	at junit.framework.TestSuite.run(TestSuite.java:225)
	at junit.framework.TestSuite.runTest(TestSuite.java:230)
	at junit.framework.TestSuite.run(TestSuite.java:225)
	at junit.framework.TestSuite.runTest(TestSuite.java:230)
	at junit.framework.TestSuite.run(TestSuite.java:225)
	at org.apache.tools.ant.taskdefs.optional.junit.JUnitTestRunner.run(JUnitTestRunner.java:421)
	at org.apache.tools.ant.taskdefs.optional.junit.JUnitTestRunner.launch(JUnitTestRunner.java:912)
	at org.apache.tools.ant.taskdefs.optional.junit.JUnitTestRunner.main(JUnitTestRunner.java:766)
2011. 11. 17 오전 7:04:53 com.mongodb.DBTCPConnector fetchMaxBsonObjectSize
경고: Exception determining maxBSON size using0
java.io.IOException: couldn't connect to [/61.250.201.78:27017] bc:java.net.ConnectException: Connection timed out: connect
	at com.mongodb.DBPort._open(DBPort.java:224)
	at com.mongodb.DBPort.go(DBPort.java:101)
	at com.mongodb.DBPort.go(DBPort.java:82)
	at com.mongodb.DBPort.findOne(DBPort.java:142)
	at com.mongodb.DBPort.runCommand(DBPort.java:151)
	at com.mongodb.DBTCPConnector.fetchMaxBsonObjectSize(DBTCPConnector.java:429)
	at com.mongodb.DBTCPConnector.checkMaster(DBTCPConnector.java:416)
	at com.mongodb.DBTCPConnector.say(DBTCPConnector.java:139)
	at com.mongodb.DBTCPConnector.say(DBTCPConnector.java:132)
	at com.mongodb.DBApiLayer$MyCollection.insert(DBApiLayer.java:262)
	at com.mongodb.DBApiLayer$MyCollection.createIndex(DBApiLayer.java:354)
	at com.mongodb.DBCollection.ensureIndex(DBCollection.java:444)
	at com.mongodb.DBCollection.ensureIndex(DBCollection.java:392)
	at net.ion.radon.repository.Workspace.createWorkspace(Workspace.java:64)
	at net.ion.radon.repository.Workspace.load(Workspace.java:43)
	at net.ion.radon.repository.Repository.getWorkspace(Repository.java:28)
	at net.ion.radon.repository.LocalSession.getCurrentWorkspace(LocalSession.java:147)
	at net.ion.radon.repository.LocalSession.dropWorkspace(LocalSession.java:76)
	at net.ion.radon.repository.TestBaseRepository.setUp(TestBaseRepository.java:17)
	at junit.framework.TestCase.runBare(TestCase.java:128)
	at junit.framework.TestResult$1.protect(TestResult.java:106)
	at junit.framework.TestResult.runProtected(TestResult.java:124)
	at junit.framework.TestResult.run(TestResult.java:109)
	at junit.framework.TestCase.run(TestCase.java:120)
	at junit.framework.TestSuite.runTest(TestSuite.java:230)
	at junit.framework.TestSuite.run(TestSuite.java:225)
	at junit.framework.TestSuite.runTest(TestSuite.java:230)
	at junit.framework.TestSuite.run(TestSuite.java:225)
	at junit.framework.TestSuite.runTest(TestSuite.java:230)
	at junit.framework.TestSuite.run(TestSuite.java:225)
	at junit.framework.TestSuite.runTest(TestSuite.java:230)
	at junit.framework.TestSuite.run(TestSuite.java:225)
	at org.apache.tools.ant.taskdefs.optional.junit.JUnitTestRunner.run(JUnitTestRunner.java:421)
	at org.apache.tools.ant.taskdefs.optional.junit.JUnitTestRunner.launch(JUnitTestRunner.java:912)
	at org.apache.tools.ant.taskdefs.optional.junit.JUnitTestRunner.main(JUnitTestRunner.java:766)
2011. 11. 17 오전 7:05:14 com.mongodb.DBPortPool gotError
경고: emptying DBPortPool to 61.250.201.78:27017 b/c of error
java.io.IOException: couldn't connect to [/61.250.201.78:27017] bc:java.net.ConnectException: Connection timed out: connect
	at com.mongodb.DBPort._open(DBPort.java:224)
	at com.mongodb.DBPort.go(DBPort.java:101)
	at com.mongodb.DBPort.go(DBPort.java:82)
	at com.mongodb.DBPort.say(DBPort.java:77)
	at com.mongodb.DBTCPConnector.say(DBTCPConnector.java:146)
	at com.mongodb.DBTCPConnector.say(DBTCPConnector.java:132)
	at com.mongodb.DBApiLayer$MyCollection.insert(DBApiLayer.java:262)
	at com.mongodb.DBApiLayer$MyCollection.createIndex(DBApiLayer.java:354)
	at com.mongodb.DBCollection.ensureIndex(DBCollection.java:444)
	at com.mongodb.DBCollection.ensureIndex(DBCollection.java:392)
	at net.ion.radon.repository.Workspace.createWorkspace(Workspace.java:64)
	at net.ion.radon.repository.Workspace.load(Workspace.java:43)
	at net.ion.radon.repository.Repository.getWorkspace(Repository.java:28)
	at net.ion.radon.repository.LocalSession.getCurrentWorkspace(LocalSession.java:147)
	at net.ion.radon.repository.LocalSession.dropWorkspace(LocalSession.java:76)
	at net.ion.radon.repository.TestBaseRepository.setUp(TestBaseRepository.java:17)
	at junit.framework.TestCase.runBare(TestCase.java:128)
	at junit.framework.TestResult$1.protect(TestResult.java:106)
	at junit.framework.TestResult.runProtected(TestResult.java:124)
	at junit.framework.TestResult.run(TestResult.java:109)
	at junit.framework.TestCase.run(TestCase.java:120)
	at junit.framework.TestSuite.runTest(TestSuite.java:230)
	at junit.framework.TestSuite.run(TestSuite.java:225)
	at junit.framework.TestSuite.runTest(TestSuite.java:230)
	at junit.framework.TestSuite.run(TestSuite.java:225)
	at junit.framework.TestSuite.runTest(TestSuite.java:230)
	at junit.framework.TestSuite.run(TestSuite.java:225)
	at junit.framework.TestSuite.runTest(TestSuite.java:230)
	at junit.framework.TestSuite.run(TestSuite.java:225)
	at org.apache.tools.ant.taskdefs.optional.junit.JUnitTestRunner.run(JUnitTestRunner.java:421)
	at org.apache.tools.ant.taskdefs.optional.junit.JUnitTestRunner.launch(JUnitTestRunner.java:912)
	at org.apache.tools.ant.taskdefs.optional.junit.JUnitTestRunner.main(JUnitTestRunner.java:766)
2011. 11. 17 오전 7:05:35 com.mongodb.DBTCPConnector fetchMaxBsonObjectSize
경고: Exception determining maxBSON size using0
java.io.IOException: couldn't connect to [/61.250.201.78:27017] bc:java.net.ConnectException: Connection timed out: connect
	at com.mongodb.DBPort._open(DBPort.java:224)
	at com.mongodb.DBPort.go(DBPort.java:101)
	at com.mongodb.DBPort.go(DBPort.java:82)
	at com.mongodb.DBPort.findOne(DBPort.java:142)
	at com.mongodb.DBPort.runCommand(DBPort.java:151)
	at com.mongodb.DBTCPConnector.fetchMaxBsonObjectSize(DBTCPConnector.java:429)
	at com.mongodb.Mongo.getMaxBsonObjectSize(Mongo.java:544)
	at com.mongodb.DBApiLayer$MyCollection.insert(DBApiLayer.java:244)
	at com.mongodb.DBApiLayer$MyCollection.createIndex(DBApiLayer.java:354)
	at com.mongodb.DBCollection.ensureIndex(DBCollection.java:444)
	at com.mongodb.DBCollection.ensureIndex(DBCollection.java:392)
	at net.ion.radon.repository.Workspace.createWorkspace(Workspace.java:64)
	at net.ion.radon.repository.Workspace.load(Workspace.java:43)
	at net.ion.radon.repository.Repository.getWorkspace(Repository.java:28)
	at net.ion.radon.repository.LocalSession.getCurrentWorkspace(LocalSession.java:147)
	at net.ion.radon.repository.LocalSession.dropWorkspace(LocalSession.java:76)
	at net.ion.radon.repository.TestBaseRepository.setUp(TestBaseRepository.java:17)
	at junit.framework.TestCase.runBare(TestCase.java:128)
	at junit.framework.TestResult$1.protect(TestResult.java:106)
	at junit.framework.TestResult.runProtected(TestResult.java:124)
	at junit.framework.TestResult.run(TestResult.java:109)
	at junit.framework.TestCase.run(TestCase.java:120)
	at junit.framework.TestSuite.runTest(TestSuite.java:230)
	at junit.framework.TestSuite.run(TestSuite.java:225)
	at junit.framework.TestSuite.runTest(TestSuite.java:230)
	at junit.framework.TestSuite.run(TestSuite.java:225)
	at junit.framework.TestSuite.runTest(TestSuite.java:230)
	at junit.framework.TestSuite.run(TestSuite.java:225)
	at junit.framework.TestSuite.runTest(TestSuite.java:230)
	at junit.framework.TestSuite.run(TestSuite.java:225)
	at org.apache.tools.ant.taskdefs.optional.junit.JUnitTestRunner.run(JUnitTestRunner.java:421)
	at org.apache.tools.ant.taskdefs.optional.junit.JUnitTestRunner.launch(JUnitTestRunner.java:912)
	at org.apache.tools.ant.taskdefs.optional.junit.JUnitTestRunner.main(JUnitTestRunner.java:766)
2011. 11. 17 오전 7:05:56 com.mongodb.DBTCPConnector fetchMaxBsonObjectSize
경고: Exception determining maxBSON size using0
java.io.IOException: couldn't connect to [/61.250.201.78:27017] bc:java.net.ConnectException: Connection timed out: connect
	at com.mongodb.DBPort._open(DBPort.java:224)
	at com.mongodb.DBPort.go(DBPort.java:101)
	at com.mongodb.DBPort.go(DBPort.java:82)
	at com.mongodb.DBPort.findOne(DBPort.java:142)
	at com.mongodb.DBPort.runCommand(DBPort.java:151)
	at com.mongodb.DBTCPConnector.fetchMaxBsonObjectSize(DBTCPConnector.java:429)
	at com.mongodb.DBTCPConnector.checkMaster(DBTCPConnector.java:416)
	at com.mongodb.DBTCPConnector.say(DBTCPConnector.java:139)
	at com.mongodb.DBTCPConnector.say(DBTCPConnector.java:132)
	at com.mongodb.DBApiLayer$MyCollection.insert(DBApiLayer.java:262)
	at com.mongodb.DBApiLayer$MyCollection.createIndex(DBApiLayer.java:354)
	at com.mongodb.DBCollection.ensureIndex(DBCollection.java:444)
	at com.mongodb.DBCollection.ensureIndex(DBCollection.java:392)
	at net.ion.radon.repository.Workspace.createWorkspace(Workspace.java:64)
	at net.ion.radon.repository.Workspace.load(Workspace.java:43)
	at net.ion.radon.repository.Repository.getWorkspace(Repository.java:28)
	at net.ion.radon.repository.LocalSession.getCurrentWorkspace(LocalSession.java:147)
	at net.ion.radon.repository.LocalSession.dropWorkspace(LocalSession.java:76)
	at net.ion.radon.repository.TestBaseRepository.setUp(TestBaseRepository.java:17)
	at junit.framework.TestCase.runBare(TestCase.java:128)
	at junit.framework.TestResult$1.protect(TestResult.java:106)
	at junit.framework.TestResult.runProtected(TestResult.java:124)
	at junit.framework.TestResult.run(TestResult.java:109)
	at junit.framework.TestCase.run(TestCase.java:120)
	at junit.framework.TestSuite.runTest(TestSuite.java:230)
	at junit.framework.TestSuite.run(TestSuite.java:225)
	at junit.framework.TestSuite.runTest(TestSuite.java:230)
	at junit.framework.TestSuite.run(TestSuite.java:225)
	at junit.framework.TestSuite.runTest(TestSuite.java:230)
	at junit.framework.TestSuite.run(TestSuite.java:225)
	at junit.framework.TestSuite.runTest(TestSuite.java:230)
	at junit.framework.TestSuite.run(TestSuite.java:225)
	at org.apache.tools.ant.taskdefs.optional.junit.JUnitTestRunner.run(JUnitTestRunner.java:421)
	at org.apache.tools.ant.taskdefs.optional.junit.JUnitTestRunner.launch(JUnitTestRunner.java:912)
	at org.apache.tools.ant.taskdefs.optional.junit.JUnitTestRunner.main(JUnitTestRunner.java:766)
2011. 11. 17 오전 7:06:17 com.mongodb.DBPortPool gotError
경고: emptying DBPortPool to 61.250.201.78:27017 b/c of error
java.io.IOException: couldn't connect to [/61.250.201.78:27017] bc:java.net.ConnectException: Connection timed out: connect
	at com.mongodb.DBPort._open(DBPort.java:224)
	at com.mongodb.DBPort.go(DBPort.java:101)
	at com.mongodb.DBPort.go(DBPort.java:82)
	at com.mongodb.DBPort.say(DBPort.java:77)
	at com.mongodb.DBTCPConnector.say(DBTCPConnector.java:146)
	at com.mongodb.DBTCPConnector.say(DBTCPConnector.java:132)
	at com.mongodb.DBApiLayer$MyCollection.insert(DBApiLayer.java:262)
	at com.mongodb.DBApiLayer$MyCollection.createIndex(DBApiLayer.java:354)
	at com.mongodb.DBCollection.ensureIndex(DBCollection.java:444)
	at com.mongodb.DBCollection.ensureIndex(DBCollection.java:392)
	at net.ion.radon.repository.Workspace.createWorkspace(Workspace.java:64)
	at net.ion.radon.repository.Workspace.load(Workspace.java:43)
	at net.ion.radon.repository.Repository.getWorkspace(Repository.java:28)
	at net.ion.radon.repository.LocalSession.getCurrentWorkspace(LocalSession.java:147)
	at net.ion.radon.repository.LocalSession.dropWorkspace(LocalSession.java:76)
	at net.ion.radon.repository.TestBaseRepository.setUp(TestBaseRepository.java:17)
	at junit.framework.TestCase.runBare(TestCase.java:128)
	at junit.framework.TestResult$1.protect(TestResult.java:106)
	at junit.framework.TestResult.runProtected(TestResult.java:124)
	at junit.framework.TestResult.run(TestResult.java:109)
	at junit.framework.TestCase.run(TestCase.java:120)
	at junit.framework.TestSuite.runTest(TestSuite.java:230)
	at junit.framework.TestSuite.run(TestSuite.java:225)
	at junit.framework.TestSuite.runTest(TestSuite.java:230)
	at junit.framework.TestSuite.run(TestSuite.java:225)
	at junit.framework.TestSuite.runTest(TestSuite.java:230)
	at junit.framework.TestSuite.run(TestSuite.java:225)
	at junit.framework.TestSuite.runTest(TestSuite.java:230)
	at junit.framework.TestSuite.run(TestSuite.java:225)
	at org.apache.tools.ant.taskdefs.optional.junit.JUnitTestRunner.run(JUnitTestRunner.java:421)
	at org.apache.tools.ant.taskdefs.optional.junit.JUnitTestRunner.launch(JUnitTestRunner.java:912)
	at org.apache.tools.ant.taskdefs.optional.junit.JUnitTestRunner.main(JUnitTestRunner.java:766)
2011. 11. 17 오전 7:06:38 com.mongodb.DBTCPConnector fetchMaxBsonObjectSize
경고: Exception determining maxBSON size using0
java.io.IOException: couldn't connect to [/61.250.201.78:27017] bc:java.net.ConnectException: Connection timed out: connect
	at com.mongodb.DBPort._open(DBPort.java:224)
	at com.mongodb.DBPort.go(DBPort.java:101)
	at com.mongodb.DBPort.go(DBPort.java:82)
	at com.mongodb.DBPort.findOne(DBPort.java:142)
	at com.mongodb.DBPort.runCommand(DBPort.java:151)
	at com.mongodb.DBTCPConnector.fetchMaxBsonObjectSize(DBTCPConnector.java:429)
	at com.mongodb.Mongo.getMaxBsonObjectSize(Mongo.java:544)
	at com.mongodb.DBApiLayer$MyCollection.insert(DBApiLayer.java:244)
	at com.mongodb.DBApiLayer$MyCollection.createIndex(DBApiLayer.java:354)
	at com.mongodb.DBCollection.ensureIndex(DBCollection.java:444)
	at com.mongodb.DBCollection.ensureIndex(DBCollection.java:392)
	at net.ion.radon.repository.Workspace.createWorkspace(Workspace.java:64)
	at net.ion.radon.repository.Workspace.load(Workspace.java:43)
	at net.ion.radon.repository.Repository.getWorkspace(Repository.java:28)
	at net.ion.radon.repository.LocalSession.getCurrentWorkspace(LocalSession.java:147)
	at net.ion.radon.repository.LocalSession.dropWorkspace(LocalSession.java:76)
	at net.ion.radon.repository.TestBaseRepository.setUp(TestBaseRepository.java:17)
	at junit.framework.TestCase.runBare(TestCase.java:128)
	at junit.framework.TestResult$1.protect(TestResult.java:106)
	at junit.framework.TestResult.runProtected(TestResult.java:124)
	at junit.framework.TestResult.run(TestResult.java:109)
	at junit.framework.TestCase.run(TestCase.java:120)
	at junit.framework.TestSuite.runTest(TestSuite.java:230)
	at junit.framework.TestSuite.run(TestSuite.java:225)
	at junit.framework.TestSuite.runTest(TestSuite.java:230)
	at junit.framework.TestSuite.run(TestSuite.java:225)
	at junit.framework.TestSuite.runTest(TestSuite.java:230)
	at junit.framework.TestSuite.run(TestSuite.java:225)
	at junit.framework.TestSuite.runTest(TestSuite.java:230)
	at junit.framework.TestSuite.run(TestSuite.java:225)
	at org.apache.tools.ant.taskdefs.optional.junit.JUnitTestRunner.run(JUnitTestRunner.java:421)
	at org.apache.tools.ant.taskdefs.optional.junit.JUnitTestRunner.launch(JUnitTestRunner.java:912)
	at org.apache.tools.ant.taskdefs.optional.junit.JUnitTestRunner.main(JUnitTestRunner.java:766)
2011. 11. 17 오전 7:06:59 com.mongodb.DBTCPConnector fetchMaxBsonObjectSize
경고: Exception determining maxBSON size using0
java.io.IOException: couldn't connect to [/61.250.201.78:27017] bc:java.net.ConnectException: Connection timed out: connect
	at com.mongodb.DBPort._open(DBPort.java:224)
	at com.mongodb.DBPort.go(DBPort.java:101)
	at com.mongodb.DBPort.go(DBPort.java:82)
	at com.mongodb.DBPort.findOne(DBPort.java:142)
	at com.mongodb.DBPort.runCommand(DBPort.java:151)
	at com.mongodb.DBTCPConnector.fetchMaxBsonObjectSize(DBTCPConnector.java:429)
	at com.mongodb.DBTCPConnector.checkMaster(DBTCPConnector.java:416)
	at com.mongodb.DBTCPConnector.say(DBTCPConnector.java:139)
	at com.mongodb.DBTCPConnector.say(DBTCPConnector.java:132)
	at com.mongodb.DBApiLayer$MyCollection.insert(DBApiLayer.java:262)
	at com.mongodb.DBApiLayer$MyCollection.createIndex(DBApiLayer.java:354)
	at com.mongodb.DBCollection.ensureIndex(DBCollection.java:444)
	at com.mongodb.DBCollection.ensureIndex(DBCollection.java:392)
	at net.ion.radon.repository.Workspace.createWorkspace(Workspace.java:64)
	at net.ion.radon.repository.Workspace.load(Workspace.java:43)
	at net.ion.radon.repository.Repository.getWorkspace(Repository.java:28)
	at net.ion.radon.repository.LocalSession.getCurrentWorkspace(LocalSession.java:147)
	at net.ion.radon.repository.LocalSession.dropWorkspace(LocalSession.java:76)
	at net.ion.radon.repository.TestBaseRepository.setUp(TestBaseRepository.java:17)
	at junit.framework.TestCase.runBare(TestCase.java:128)
	at junit.framework.TestResult$1.protect(TestResult.java:106)
	at junit.framework.TestResult.runProtected(TestResult.java:124)
	at junit.framework.TestResult.run(TestResult.java:109)
	at junit.framework.TestCase.run(TestCase.java:120)
	at junit.framework.TestSuite.runTest(TestSuite.java:230)
	at junit.framework.TestSuite.run(TestSuite.java:225)
	at junit.framework.TestSuite.runTest(TestSuite.java:230)
	at junit.framework.TestSuite.run(TestSuite.java:225)
	at junit.framework.TestSuite.runTest(TestSuite.java:230)
	at junit.framework.TestSuite.run(TestSuite.java:225)
	at junit.framework.TestSuite.runTest(TestSuite.java:230)
	at junit.framework.TestSuite.run(TestSuite.java:225)
	at org.apache.tools.ant.taskdefs.optional.junit.JUnitTestRunner.run(JUnitTestRunner.java:421)
	at org.apache.tools.ant.taskdefs.optional.junit.JUnitTestRunner.launch(JUnitTestRunner.java:912)
	at org.apache.tools.ant.taskdefs.optional.junit.JUnitTestRunner.main(JUnitTestRunner.java:766)
2011. 11. 17 오전 7:07:20 com.mongodb.DBPortPool gotError
경고: emptying DBPortPool to 61.250.201.78:27017 b/c of error
java.io.IOException: couldn't connect to [/61.250.201.78:27017] bc:java.net.ConnectException: Connection timed out: connect
	at com.mongodb.DBPort._open(DBPort.java:224)
	at com.mongodb.DBPort.go(DBPort.java:101)
	at com.mongodb.DBPort.go(DBPort.java:82)
	at com.mongodb.DBPort.say(DBPort.java:77)
	at com.mongodb.DBTCPConnector.say(DBTCPConnector.java:146)
	at com.mongodb.DBTCPConnector.say(DBTCPConnector.java:132)
	at com.mongodb.DBApiLayer$MyCollection.insert(DBApiLayer.java:262)
	at com.mongodb.DBApiLayer$MyCollection.createIndex(DBApiLayer.java:354)
	at com.mongodb.DBCollection.ensureIndex(DBCollection.java:444)
	at com.mongodb.DBCollection.ensureIndex(DBCollection.java:392)
	at net.ion.radon.repository.Workspace.createWorkspace(Workspace.java:64)
	at net.ion.radon.repository.Workspace.load(Workspace.java:43)
	at net.ion.radon.repository.Repository.getWorkspace(Repository.java:28)
	at net.ion.radon.repository.LocalSession.getCurrentWorkspace(LocalSession.java:147)
	at net.ion.radon.repository.LocalSession.dropWorkspace(LocalSession.java:76)
	at net.ion.radon.repository.TestBaseRepository.setUp(TestBaseRepository.java:17)
	at junit.framework.TestCase.runBare(TestCase.java:128)
	at junit.framework.TestResult$1.protect(TestResult.java:106)
	at junit.framework.TestResult.runProtected(TestResult.java:124)
	at junit.framework.TestResult.run(TestResult.java:109)
	at junit.framework.TestCase.run(TestCase.java:120)
	at junit.framework.TestSuite.runTest(TestSuite.java:230)
	at junit.framework.TestSuite.run(TestSuite.java:225)
	at junit.framework.TestSuite.runTest(TestSuite.java:230)
	at junit.framework.TestSuite.run(TestSuite.java:225)
	at junit.framework.TestSuite.runTest(TestSuite.java:230)
	at junit.framework.TestSuite.run(TestSuite.java:225)
	at junit.framework.TestSuite.runTest(TestSuite.java:230)
	at junit.framework.TestSuite.run(TestSuite.java:225)
	at org.apache.tools.ant.taskdefs.optional.junit.JUnitTestRunner.run(JUnitTestRunner.java:421)
	at org.apache.tools.ant.taskdefs.optional.junit.JUnitTestRunner.launch(JUnitTestRunner.java:912)
	at org.apache.tools.ant.taskdefs.optional.junit.JUnitTestRunner.main(JUnitTestRunner.java:766)
2011. 11. 17 오전 7:07:41 com.mongodb.DBTCPConnector fetchMaxBsonObjectSize
경고: Exception determining maxBSON size using0
java.io.IOException: couldn't connect to [/61.250.201.78:27017] bc:java.net.ConnectException: Connection timed out: connect
	at com.mongodb.DBPort._open(DBPort.java:224)
	at com.mongodb.DBPort.go(DBPort.java:101)
	at com.mongodb.DBPort.go(DBPort.java:82)
	at com.mongodb.DBPort.findOne(DBPort.java:142)
	at com.mongodb.DBPort.runCommand(DBPort.java:151)
	at com.mongodb.DBTCPConnector.fetchMaxBsonObjectSize(DBTCPConnector.java:429)
	at com.mongodb.Mongo.getMaxBsonObjectSize(Mongo.java:544)
	at com.mongodb.DBApiLayer$MyCollection.insert(DBApiLayer.java:244)
	at com.mongodb.DBApiLayer$MyCollection.createIndex(DBApiLayer.java:354)
	at com.mongodb.DBCollection.ensureIndex(DBCollection.java:444)
	at com.mongodb.DBCollection.ensureIndex(DBCollection.java:392)
	at net.ion.radon.repository.Workspace.createWorkspace(Workspace.java:64)
	at net.ion.radon.repository.Workspace.load(Workspace.java:43)
	at net.ion.radon.repository.Repository.getWorkspace(Repository.java:28)
	at net.ion.radon.repository.LocalSession.getCurrentWorkspace(LocalSession.java:147)
	at net.ion.radon.repository.LocalSession.dropWorkspace(LocalSession.java:76)
	at net.ion.radon.repository.TestBaseRepository.setUp(TestBaseRepository.java:17)
	at junit.framework.TestCase.runBare(TestCase.java:128)
	at junit.framework.TestResult$1.protect(TestResult.java:106)
	at junit.framework.TestResult.runProtected(TestResult.java:124)
	at junit.framework.TestResult.run(TestResult.java:109)
	at junit.framework.TestCase.run(TestCase.java:120)
	at junit.framework.TestSuite.runTest(TestSuite.java:230)
	at junit.framework.TestSuite.run(TestSuite.java:225)
	at junit.framework.TestSuite.runTest(TestSuite.java:230)
	at junit.framework.TestSuite.run(TestSuite.java:225)
	at junit.framework.TestSuite.runTest(TestSuite.java:230)
	at junit.framework.TestSuite.run(TestSuite.java:225)
	at junit.framework.TestSuite.runTest(TestSuite.java:230)
	at junit.framework.TestSuite.run(TestSuite.java:225)
	at org.apache.tools.ant.taskdefs.optional.junit.JUnitTestRunner.run(JUnitTestRunner.java:421)
	at org.apache.tools.ant.taskdefs.optional.junit.JUnitTestRunner.launch(JUnitTestRunner.java:912)
	at org.apache.tools.ant.taskdefs.optional.junit.JUnitTestRunner.main(JUnitTestRunner.java:766)
2011. 11. 17 오전 7:08:02 com.mongodb.DBTCPConnector fetchMaxBsonObjectSize
경고: Exception determining maxBSON size using0
java.io.IOException: couldn't connect to [/61.250.201.78:27017] bc:java.net.ConnectException: Connection timed out: connect
	at com.mongodb.DBPort._open(DBPort.java:224)
	at com.mongodb.DBPort.go(DBPort.java:101)
	at com.mongodb.DBPort.go(DBPort.java:82)
	at com.mongodb.DBPort.findOne(DBPort.java:142)
	at com.mongodb.DBPort.runCommand(DBPort.java:151)
	at com.mongodb.DBTCPConnector.fetchMaxBsonObjectSize(DBTCPConnector.java:429)
	at com.mongodb.DBTCPConnector.checkMaster(DBTCPConnector.java:416)
	at com.mongodb.DBTCPConnector.say(DBTCPConnector.java:139)
	at com.mongodb.DBTCPConnector.say(DBTCPConnector.java:132)
	at com.mongodb.DBApiLayer$MyCollection.insert(DBApiLayer.java:262)
	at com.mongodb.DBApiLayer$MyCollection.createIndex(DBApiLayer.java:354)
	at com.mongodb.DBCollection.ensureIndex(DBCollection.java:444)
	at com.mongodb.DBCollection.ensureIndex(DBCollection.java:392)
	at net.ion.radon.repository.Workspace.createWorkspace(Workspace.java:64)
	at net.ion.radon.repository.Workspace.load(Workspace.java:43)
	at net.ion.radon.repository.Repository.getWorkspace(Repository.java:28)
	at net.ion.radon.repository.LocalSession.getCurrentWorkspace(LocalSession.java:147)
	at net.ion.radon.repository.LocalSession.dropWorkspace(LocalSession.java:76)
	at net.ion.radon.repository.TestBaseRepository.setUp(TestBaseRepository.java:17)
	at junit.framework.TestCase.runBare(TestCase.java:128)
	at junit.framework.TestResult$1.protect(TestResult.java:106)
	at junit.framework.TestResult.runProtected(TestResult.java:124)
	at junit.framework.TestResult.run(TestResult.java:109)
	at junit.framework.TestCase.run(TestCase.java:120)
	at junit.framework.TestSuite.runTest(TestSuite.java:230)
	at junit.framework.TestSuite.run(TestSuite.java:225)
	at junit.framework.TestSuite.runTest(TestSuite.java:230)
	at junit.framework.TestSuite.run(TestSuite.java:225)
	at junit.framework.TestSuite.runTest(TestSuite.java:230)
	at junit.framework.TestSuite.run(TestSuite.java:225)
	at junit.framework.TestSuite.runTest(TestSuite.java:230)
	at junit.framework.TestSuite.run(TestSuite.java:225)
	at org.apache.tools.ant.taskdefs.optional.junit.JUnitTestRunner.run(JUnitTestRunner.java:421)
	at org.apache.tools.ant.taskdefs.optional.junit.JUnitTestRunner.launch(JUnitTestRunner.java:912)
	at org.apache.tools.ant.taskdefs.optional.junit.JUnitTestRunner.main(JUnitTestRunner.java:766)
2011. 11. 17 오전 7:08:23 com.mongodb.DBPortPool gotError
경고: emptying DBPortPool to 61.250.201.78:27017 b/c of error
java.io.IOException: couldn't connect to [/61.250.201.78:27017] bc:java.net.ConnectException: Connection timed out: connect
	at com.mongodb.DBPort._open(DBPort.java:224)
	at com.mongodb.DBPort.go(DBPort.java:101)
	at com.mongodb.DBPort.go(DBPort.java:82)
	at com.mongodb.DBPort.say(DBPort.java:77)
	at com.mongodb.DBTCPConnector.say(DBTCPConnector.java:146)
	at com.mongodb.DBTCPConnector.say(DBTCPConnector.java:132)
	at com.mongodb.DBApiLayer$MyCollection.insert(DBApiLayer.java:262)
	at com.mongodb.DBApiLayer$MyCollection.createIndex(DBApiLayer.java:354)
	at com.mongodb.DBCollection.ensureIndex(DBCollection.java:444)
	at com.mongodb.DBCollection.ensureIndex(DBCollection.java:392)
	at net.ion.radon.repository.Workspace.createWorkspace(Workspace.java:64)
	at net.ion.radon.repository.Workspace.load(Workspace.java:43)
	at net.ion.radon.repository.Repository.getWorkspace(Repository.java:28)
	at net.ion.radon.repository.LocalSession.getCurrentWorkspace(LocalSession.java:147)
	at net.ion.radon.repository.LocalSession.dropWorkspace(LocalSession.java:76)
	at net.ion.radon.repository.TestBaseRepository.setUp(TestBaseRepository.java:17)
	at junit.framework.TestCase.runBare(TestCase.java:128)
	at junit.framework.TestResult$1.protect(TestResult.java:106)
	at junit.framework.TestResult.runProtected(TestResult.java:124)
	at junit.framework.TestResult.run(TestResult.java:109)
	at junit.framework.TestCase.run(TestCase.java:120)
	at junit.framework.TestSuite.runTest(TestSuite.java:230)
	at junit.framework.TestSuite.run(TestSuite.java:225)
	at junit.framework.TestSuite.runTest(TestSuite.java:230)
	at junit.framework.TestSuite.run(TestSuite.java:225)
	at junit.framework.TestSuite.runTest(TestSuite.java:230)
	at junit.framework.TestSuite.run(TestSuite.java:225)
	at junit.framework.TestSuite.runTest(TestSuite.java:230)
	at junit.framework.TestSuite.run(TestSuite.java:225)
	at org.apache.tools.ant.taskdefs.optional.junit.JUnitTestRunner.run(JUnitTestRunner.java:421)
	at org.apache.tools.ant.taskdefs.optional.junit.JUnitTestRunner.launch(JUnitTestRunner.java:912)
	at org.apache.tools.ant.taskdefs.optional.junit.JUnitTestRunner.main(JUnitTestRunner.java:766)
2011. 11. 17 오전 7:08:44 com.mongodb.DBTCPConnector fetchMaxBsonObjectSize
경고: Exception determining maxBSON size using0
java.io.IOException: couldn't connect to [/61.250.201.78:27017] bc:java.net.ConnectException: Connection timed out: connect
	at com.mongodb.DBPort._open(DBPort.java:224)
	at com.mongodb.DBPort.go(DBPort.java:101)
	at com.mongodb.DBPort.go(DBPort.java:82)
	at com.mongodb.DBPort.findOne(DBPort.java:142)
	at com.mongodb.DBPort.runCommand(DBPort.java:151)
	at com.mongodb.DBTCPConnector.fetchMaxBsonObjectSize(DBTCPConnector.java:429)
	at com.mongodb.Mongo.getMaxBsonObjectSize(Mongo.java:544)
	at com.mongodb.DBApiLayer$MyCollection.insert(DBApiLayer.java:244)
	at com.mongodb.DBApiLayer$MyCollection.createIndex(DBApiLayer.java:354)
	at com.mongodb.DBCollection.ensureIndex(DBCollection.java:444)
	at com.mongodb.DBCollection.ensureIndex(DBCollection.java:392)
	at net.ion.radon.repository.Workspace.createWorkspace(Workspace.java:64)
	at net.ion.radon.repository.Workspace.load(Workspace.java:43)
	at net.ion.radon.repository.Repository.getWorkspace(Repository.java:28)
	at net.ion.radon.repository.LocalSession.getCurrentWorkspace(LocalSession.java:147)
	at net.ion.radon.repository.LocalSession.dropWorkspace(LocalSession.java:76)
	at net.ion.radon.repository.TestBaseRepository.setUp(TestBaseRepository.java:17)
	at junit.framework.TestCase.runBare(TestCase.java:128)
	at junit.framework.TestResult$1.protect(TestResult.java:106)
	at junit.framework.TestResult.runProtected(TestResult.java:124)
	at junit.framework.TestResult.run(TestResult.java:109)
	at junit.framework.TestCase.run(TestCase.java:120)
	at junit.framework.TestSuite.runTest(TestSuite.java:230)
	at junit.framework.TestSuite.run(TestSuite.java:225)
	at junit.framework.TestSuite.runTest(TestSuite.java:230)
	at junit.framework.TestSuite.run(TestSuite.java:225)
	at junit.framework.TestSuite.runTest(TestSuite.java:230)
	at junit.framework.TestSuite.run(TestSuite.java:225)
	at junit.framework.TestSuite.runTest(TestSuite.java:230)
	at junit.framework.TestSuite.run(TestSuite.java:225)
	at org.apache.tools.ant.taskdefs.optional.junit.JUnitTestRunner.run(JUnitTestRunner.java:421)
	at org.apache.tools.ant.taskdefs.optional.junit.JUnitTestRunner.launch(JUnitTestRunner.java:912)
	at org.apache.tools.ant.taskdefs.optional.junit.JUnitTestRunner.main(JUnitTestRunner.java:766)
2011. 11. 17 오전 7:09:05 com.mongodb.DBTCPConnector fetchMaxBsonObjectSize
경고: Exception determining maxBSON size using0
java.io.IOException: couldn't connect to [/61.250.201.78:27017] bc:java.net.ConnectException: Connection timed out: connect
	at com.mongodb.DBPort._open(DBPort.java:224)
	at com.mongodb.DBPort.go(DBPort.java:101)
	at com.mongodb.DBPort.go(DBPort.java:82)
	at com.mongodb.DBPort.findOne(DBPort.java:142)
	at com.mongodb.DBPort.runCommand(DBPort.java:151)
	at com.mongodb.DBTCPConnector.fetchMaxBsonObjectSize(DBTCPConnector.java:429)
	at com.mongodb.DBTCPConnector.checkMaster(DBTCPConnector.java:416)
	at com.mongodb.DBTCPConnector.say(DBTCPConnector.java:139)
	at com.mongodb.DBTCPConnector.say(DBTCPConnector.java:132)
	at com.mongodb.DBApiLayer$MyCollection.insert(DBApiLayer.java:262)
	at com.mongodb.DBApiLayer$MyCollection.createIndex(DBApiLayer.java:354)
	at com.mongodb.DBCollection.ensureIndex(DBCollection.java:444)
	at com.mongodb.DBCollection.ensureIndex(DBCollection.java:392)
	at net.ion.radon.repository.Workspace.createWorkspace(Workspace.java:64)
	at net.ion.radon.repository.Workspace.load(Workspace.java:43)
	at net.ion.radon.repository.Repository.getWorkspace(Repository.java:28)
	at net.ion.radon.repository.LocalSession.getCurrentWorkspace(LocalSession.java:147)
	at net.ion.radon.repository.LocalSession.dropWorkspace(LocalSession.java:76)
	at net.ion.radon.repository.TestBaseRepository.setUp(TestBaseRepository.java:17)
	at junit.framework.TestCase.runBare(TestCase.java:128)
	at junit.framework.TestResult$1.protect(TestResult.java:106)
	at junit.framework.TestResult.runProtected(TestResult.java:124)
	at junit.framework.TestResult.run(TestResult.java:109)
	at junit.framework.TestCase.run(TestCase.java:120)
	at junit.framework.TestSuite.runTest(TestSuite.java:230)
	at junit.framework.TestSuite.run(TestSuite.java:225)
	at junit.framework.TestSuite.runTest(TestSuite.java:230)
	at junit.framework.TestSuite.run(TestSuite.java:225)
	at junit.framework.TestSuite.runTest(TestSuite.java:230)
	at junit.framework.TestSuite.run(TestSuite.java:225)
	at junit.framework.TestSuite.runTest(TestSuite.java:230)
	at junit.framework.TestSuite.run(TestSuite.java:225)
	at org.apache.tools.ant.taskdefs.optional.junit.JUnitTestRunner.run(JUnitTestRunner.java:421)
	at org.apache.tools.ant.taskdefs.optional.junit.JUnitTestRunner.launch(JUnitTestRunner.java:912)
	at org.apache.tools.ant.taskdefs.optional.junit.JUnitTestRunner.main(JUnitTestRunner.java:766)
2011. 11. 17 오전 7:09:26 com.mongodb.DBPortPool gotError
경고: emptying DBPortPool to 61.250.201.78:27017 b/c of error
java.io.IOException: couldn't connect to [/61.250.201.78:27017] bc:java.net.ConnectException: Connection timed out: connect
	at com.mongodb.DBPort._open(DBPort.java:224)
	at com.mongodb.DBPort.go(DBPort.java:101)
	at com.mongodb.DBPort.go(DBPort.java:82)
	at com.mongodb.DBPort.say(DBPort.java:77)
	at com.mongodb.DBTCPConnector.say(DBTCPConnector.java:146)
	at com.mongodb.DBTCPConnector.say(DBTCPConnector.java:132)
	at com.mongodb.DBApiLayer$MyCollection.insert(DBApiLayer.java:262)
	at com.mongodb.DBApiLayer$MyCollection.createIndex(DBApiLayer.java:354)
	at com.mongodb.DBCollection.ensureIndex(DBCollection.java:444)
	at com.mongodb.DBCollection.ensureIndex(DBCollection.java:392)
	at net.ion.radon.repository.Workspace.createWorkspace(Workspace.java:64)
	at net.ion.radon.repository.Workspace.load(Workspace.java:43)
	at net.ion.radon.repository.Repository.getWorkspace(Repository.java:28)
	at net.ion.radon.repository.LocalSession.getCurrentWorkspace(LocalSession.java:147)
	at net.ion.radon.repository.LocalSession.dropWorkspace(LocalSession.java:76)
	at net.ion.radon.repository.TestBaseRepository.setUp(TestBaseRepository.java:17)
	at junit.framework.TestCase.runBare(TestCase.java:128)
	at junit.framework.TestResult$1.protect(TestResult.java:106)
	at junit.framework.TestResult.runProtected(TestResult.java:124)
	at junit.framework.TestResult.run(TestResult.java:109)
	at junit.framework.TestCase.run(TestCase.java:120)
	at junit.framework.TestSuite.runTest(TestSuite.java:230)
	at junit.framework.TestSuite.run(TestSuite.java:225)
	at junit.framework.TestSuite.runTest(TestSuite.java:230)
	at junit.framework.TestSuite.run(TestSuite.java:225)
	at junit.framework.TestSuite.runTest(TestSuite.java:230)
	at junit.framework.TestSuite.run(TestSuite.java:225)
	at junit.framework.TestSuite.runTest(TestSuite.java:230)
	at junit.framework.TestSuite.run(TestSuite.java:225)
	at org.apache.tools.ant.taskdefs.optional.junit.JUnitTestRunner.run(JUnitTestRunner.java:421)
	at org.apache.tools.ant.taskdefs.optional.junit.JUnitTestRunner.launch(JUnitTestRunner.java:912)
	at org.apache.tools.ant.taskdefs.optional.junit.JUnitTestRunner.main(JUnitTestRunner.java:766)
2011. 11. 17 오전 7:09:47 com.mongodb.DBTCPConnector fetchMaxBsonObjectSize
경고: Exception determining maxBSON size using0
java.io.IOException: couldn't connect to [/61.250.201.78:27017] bc:java.net.ConnectException: Connection timed out: connect
	at com.mongodb.DBPort._open(DBPort.java:224)
	at com.mongodb.DBPort.go(DBPort.java:101)
	at com.mongodb.DBPort.go(DBPort.java:82)
	at com.mongodb.DBPort.findOne(DBPort.java:142)
	at com.mongodb.DBPort.runCommand(DBPort.java:151)
	at com.mongodb.DBTCPConnector.fetchMaxBsonObjectSize(DBTCPConnector.java:429)
	at com.mongodb.Mongo.getMaxBsonObjectSize(Mongo.java:544)
	at com.mongodb.DBApiLayer$MyCollection.insert(DBApiLayer.java:244)
	at com.mongodb.DBApiLayer$MyCollection.createIndex(DBApiLayer.java:354)
	at com.mongodb.DBCollection.ensureIndex(DBCollection.java:444)
	at com.mongodb.DBCollection.ensureIndex(DBCollection.java:392)
	at net.ion.radon.repository.Workspace.createWorkspace(Workspace.java:64)
	at net.ion.radon.repository.Workspace.load(Workspace.java:43)
	at net.ion.radon.repository.Repository.getWorkspace(Repository.java:28)
	at net.ion.radon.repository.LocalSession.getCurrentWorkspace(LocalSession.java:147)
	at net.ion.radon.repository.LocalSession.dropWorkspace(LocalSession.java:76)
	at net.ion.radon.repository.TestBaseRepository.setUp(TestBaseRepository.java:17)
	at junit.framework.TestCase.runBare(TestCase.java:128)
	at junit.framework.TestResult$1.protect(TestResult.java:106)
	at junit.framework.TestResult.runProtected(TestResult.java:124)
	at junit.framework.TestResult.run(TestResult.java:109)
	at junit.framework.TestCase.run(TestCase.java:120)
	at junit.framework.TestSuite.runTest(TestSuite.java:230)
	at junit.framework.TestSuite.run(TestSuite.java:225)
	at junit.framework.TestSuite.runTest(TestSuite.java:230)
	at junit.framework.TestSuite.run(TestSuite.java:225)
	at junit.framework.TestSuite.runTest(TestSuite.java:230)
	at junit.framework.TestSuite.run(TestSuite.java:225)
	at junit.framework.TestSuite.runTest(TestSuite.java:230)
	at junit.framework.TestSuite.run(TestSuite.java:225)
	at org.apache.tools.ant.taskdefs.optional.junit.JUnitTestRunner.run(JUnitTestRunner.java:421)
	at org.apache.tools.ant.taskdefs.optional.junit.JUnitTestRunner.launch(JUnitTestRunner.java:912)
	at org.apache.tools.ant.taskdefs.optional.junit.JUnitTestRunner.main(JUnitTestRunner.java:766)
2011. 11. 17 오전 7:10:08 com.mongodb.DBTCPConnector fetchMaxBsonObjectSize
경고: Exception determining maxBSON size using0
java.io.IOException: couldn't connect to [/61.250.201.78:27017] bc:java.net.ConnectException: Connection timed out: connect
	at com.mongodb.DBPort._open(DBPort.java:224)
	at com.mongodb.DBPort.go(DBPort.java:101)
	at com.mongodb.DBPort.go(DBPort.java:82)
	at com.mongodb.DBPort.findOne(DBPort.java:142)
	at com.mongodb.DBPort.runCommand(DBPort.java:151)
	at com.mongodb.DBTCPConnector.fetchMaxBsonObjectSize(DBTCPConnector.java:429)
	at com.mongodb.DBTCPConnector.checkMaster(DBTCPConnector.java:416)
	at com.mongodb.DBTCPConnector.say(DBTCPConnector.java:139)
	at com.mongodb.DBTCPConnector.say(DBTCPConnector.java:132)
	at com.mongodb.DBApiLayer$MyCollection.insert(DBApiLayer.java:262)
	at com.mongodb.DBApiLayer$MyCollection.createIndex(DBApiLayer.java:354)
	at com.mongodb.DBCollection.ensureIndex(DBCollection.java:444)
	at com.mongodb.DBCollection.ensureIndex(DBCollection.java:392)
	at net.ion.radon.repository.Workspace.createWorkspace(Workspace.java:64)
	at net.ion.radon.repository.Workspace.load(Workspace.java:43)
	at net.ion.radon.repository.Repository.getWorkspace(Repository.java:28)
	at net.ion.radon.repository.LocalSession.getCurrentWorkspace(LocalSession.java:147)
	at net.ion.radon.repository.LocalSession.dropWorkspace(LocalSession.java:76)
	at net.ion.radon.repository.TestBaseRepository.setUp(TestBaseRepository.java:17)
	at junit.framework.TestCase.runBare(TestCase.java:128)
	at junit.framework.TestResult$1.protect(TestResult.java:106)
	at junit.framework.TestResult.runProtected(TestResult.java:124)
	at junit.framework.TestResult.run(TestResult.java:109)
	at junit.framework.TestCase.run(TestCase.java:120)
	at junit.framework.TestSuite.runTest(TestSuite.java:230)
	at junit.framework.TestSuite.run(TestSuite.java:225)
	at junit.framework.TestSuite.runTest(TestSuite.java:230)
	at junit.framework.TestSuite.run(TestSuite.java:225)
	at junit.framework.TestSuite.runTest(TestSuite.java:230)
	at junit.framework.TestSuite.run(TestSuite.java:225)
	at junit.framework.TestSuite.runTest(TestSuite.java:230)
	at junit.framework.TestSuite.run(TestSuite.java:225)
	at org.apache.tools.ant.taskdefs.optional.junit.JUnitTestRunner.run(JUnitTestRunner.java:421)
	at org.apache.tools.ant.taskdefs.optional.junit.JUnitTestRunner.launch(JUnitTestRunner.java:912)
	at org.apache.tools.ant.taskdefs.optional.junit.JUnitTestRunner.main(JUnitTestRunner.java:766)
2011. 11. 17 오전 7:10:30 com.mongodb.DBPortPool gotError
경고: emptying DBPortPool to 61.250.201.78:27017 b/c of error
java.io.IOException: couldn't connect to [/61.250.201.78:27017] bc:java.net.ConnectException: Connection timed out: connect
	at com.mongodb.DBPort._open(DBPort.java:224)
	at com.mongodb.DBPort.go(DBPort.java:101)
	at com.mongodb.DBPort.go(DBPort.java:82)
	at com.mongodb.DBPort.say(DBPort.java:77)
	at com.mongodb.DBTCPConnector.say(DBTCPConnector.java:146)
	at com.mongodb.DBTCPConnector.say(DBTCPConnector.java:132)
	at com.mongodb.DBApiLayer$MyCollection.insert(DBApiLayer.java:262)
	at com.mongodb.DBApiLayer$MyCollection.createIndex(DBApiLayer.java:354)
	at com.mongodb.DBCollection.ensureIndex(DBCollection.java:444)
	at com.mongodb.DBCollection.ensureIndex(DBCollection.java:392)
	at net.ion.radon.repository.Workspace.createWorkspace(Workspace.java:64)
	at net.ion.radon.repository.Workspace.load(Workspace.java:43)
	at net.ion.radon.repository.Repository.getWorkspace(Repository.java:28)
	at net.ion.radon.repository.LocalSession.getCurrentWorkspace(LocalSession.java:147)
	at net.ion.radon.repository.LocalSession.dropWorkspace(LocalSession.java:76)
	at net.ion.radon.repository.TestBaseRepository.setUp(TestBaseRepository.java:17)
	at junit.framework.TestCase.runBare(TestCase.java:128)
	at junit.framework.TestResult$1.protect(TestResult.java:106)
	at junit.framework.TestResult.runProtected(TestResult.java:124)
	at junit.framework.TestResult.run(TestResult.java:109)
	at junit.framework.TestCase.run(TestCase.java:120)
	at junit.framework.TestSuite.runTest(TestSuite.java:230)
	at junit.framework.TestSuite.run(TestSuite.java:225)
	at junit.framework.TestSuite.runTest(TestSuite.java:230)
	at junit.framework.TestSuite.run(TestSuite.java:225)
	at junit.framework.TestSuite.runTest(TestSuite.java:230)
	at junit.framework.TestSuite.run(TestSuite.java:225)
	at junit.framework.TestSuite.runTest(TestSuite.java:230)
	at junit.framework.TestSuite.run(TestSuite.java:225)
	at org.apache.tools.ant.taskdefs.optional.junit.JUnitTestRunner.run(JUnitTestRunner.java:421)
	at org.apache.tools.ant.taskdefs.optional.junit.JUnitTestRunner.launch(JUnitTestRunner.java:912)
	at org.apache.tools.ant.taskdefs.optional.junit.JUnitTestRunner.main(JUnitTestRunner.java:766)
2011. 11. 17 오전 7:10:51 com.mongodb.DBTCPConnector fetchMaxBsonObjectSize
경고: Exception determining maxBSON size using0
java.io.IOException: couldn't connect to [/61.250.201.78:27017] bc:java.net.ConnectException: Connection timed out: connect
	at com.mongodb.DBPort._open(DBPort.java:224)
	at com.mongodb.DBPort.go(DBPort.java:101)
	at com.mongodb.DBPort.go(DBPort.java:82)
	at com.mongodb.DBPort.findOne(DBPort.java:142)
	at com.mongodb.DBPort.runCommand(DBPort.java:151)
	at com.mongodb.DBTCPConnector.fetchMaxBsonObjectSize(DBTCPConnector.java:429)
	at com.mongodb.Mongo.getMaxBsonObjectSize(Mongo.java:544)
	at com.mongodb.DBApiLayer$MyCollection.insert(DBApiLayer.java:244)
	at com.mongodb.DBApiLayer$MyCollection.createIndex(DBApiLayer.java:354)
	at com.mongodb.DBCollection.ensureIndex(DBCollection.java:444)
	at com.mongodb.DBCollection.ensureIndex(DBCollection.java:392)
	at net.ion.radon.repository.Workspace.createWorkspace(Workspace.java:64)
	at net.ion.radon.repository.Workspace.load(Workspace.java:43)
	at net.ion.radon.repository.Repository.getWorkspace(Repository.java:28)
	at net.ion.radon.repository.LocalSession.getCurrentWorkspace(LocalSession.java:147)
	at net.ion.radon.repository.LocalSession.dropWorkspace(LocalSession.java:76)
	at net.ion.radon.repository.TestBaseRepository.setUp(TestBaseRepository.java:17)
	at net.ion.radon.repository.TestNodeCursor.setUp(TestNodeCursor.java:15)
	at junit.framework.TestCase.runBare(TestCase.java:128)
	at junit.framework.TestResult$1.protect(TestResult.java:106)
	at junit.framework.TestResult.runProtected(TestResult.java:124)
	at junit.framework.TestResult.run(TestResult.java:109)
	at junit.framework.TestCase.run(TestCase.java:120)
	at junit.framework.TestSuite.runTest(TestSuite.java:230)
	at junit.framework.TestSuite.run(TestSuite.java:225)
	at junit.framework.TestSuite.runTest(TestSuite.java:230)
	at junit.framework.TestSuite.run(TestSuite.java:225)
	at junit.framework.TestSuite.runTest(TestSuite.java:230)
	at junit.framework.TestSuite.run(TestSuite.java:225)
	at junit.framework.TestSuite.runTest(TestSuite.java:230)
	at junit.framework.TestSuite.run(TestSuite.java:225)
	at org.apache.tools.ant.taskdefs.optional.junit.JUnitTestRunner.run(JUnitTestRunner.java:421)
	at org.apache.tools.ant.taskdefs.optional.junit.JUnitTestRunner.launch(JUnitTestRunner.java:912)
	at org.apache.tools.ant.taskdefs.optional.junit.JUnitTestRunner.main(JUnitTestRunner.java:766)
2011. 11. 17 오전 7:11:12 com.mongodb.DBTCPConnector fetchMaxBsonObjectSize
경고: Exception determining maxBSON size using0
java.io.IOException: couldn't connect to [/61.250.201.78:27017] bc:java.net.ConnectException: Connection timed out: connect
	at com.mongodb.DBPort._open(DBPort.java:224)
	at com.mongodb.DBPort.go(DBPort.java:101)
	at com.mongodb.DBPort.go(DBPort.java:82)
	at com.mongodb.DBPort.findOne(DBPort.java:142)
	at com.mongodb.DBPort.runCommand(DBPort.java:151)
	at com.mongodb.DBTCPConnector.fetchMaxBsonObjectSize(DBTCPConnector.java:429)
	at com.mongodb.DBTCPConnector.checkMaster(DBTCPConnector.java:416)
	at com.mongodb.DBTCPConnector.say(DBTCPConnector.java:139)
	at com.mongodb.DBTCPConnector.say(DBTCPConnector.java:132)
	at com.mongodb.DBApiLayer$MyCollection.insert(DBApiLayer.java:262)
	at com.mongodb.DBApiLayer$MyCollection.createIndex(DBApiLayer.java:354)
	at com.mongodb.DBCollection.ensureIndex(DBCollection.java:444)
	at com.mongodb.DBCollection.ensureIndex(DBCollection.java:392)
	at net.ion.radon.repository.Workspace.createWorkspace(Workspace.java:64)
	at net.ion.radon.repository.Workspace.load(Workspace.java:43)
	at net.ion.radon.repository.Repository.getWorkspace(Repository.java:28)
	at net.ion.radon.repository.LocalSession.getCurrentWorkspace(LocalSession.java:147)
	at net.ion.radon.repository.LocalSession.dropWorkspace(LocalSession.java:76)
	at net.ion.radon.repository.TestBaseRepository.setUp(TestBaseRepository.java:17)
	at net.ion.radon.repository.TestNodeCursor.setUp(TestNodeCursor.java:15)
	at junit.framework.TestCase.runBare(TestCase.java:128)
	at junit.framework.TestResult$1.protect(TestResult.java:106)
	at junit.framework.TestResult.runProtected(TestResult.java:124)
	at junit.framework.TestResult.run(TestResult.java:109)
	at junit.framework.TestCase.run(TestCase.java:120)
	at junit.framework.TestSuite.runTest(TestSuite.java:230)
	at junit.framework.TestSuite.run(TestSuite.java:225)
	at junit.framework.TestSuite.runTest(TestSuite.java:230)
	at junit.framework.TestSuite.run(TestSuite.java:225)
	at junit.framework.TestSuite.runTest(TestSuite.java:230)
	at junit.framework.TestSuite.run(TestSuite.java:225)
	at junit.framework.TestSuite.runTest(TestSuite.java:230)
	at junit.framework.TestSuite.run(TestSuite.java:225)
	at org.apache.tools.ant.taskdefs.optional.junit.JUnitTestRunner.run(JUnitTestRunner.java:421)
	at org.apache.tools.ant.taskdefs.optional.junit.JUnitTestRunner.launch(JUnitTestRunner.java:912)
	at org.apache.tools.ant.taskdefs.optional.junit.JUnitTestRunner.main(JUnitTestRunner.java:766)
2011. 11. 17 오전 7:11:33 com.mongodb.DBPortPool gotError
경고: emptying DBPortPool to 61.250.201.78:27017 b/c of error
java.io.IOException: couldn't connect to [/61.250.201.78:27017] bc:java.net.ConnectException: Connection timed out: connect
	at com.mongodb.DBPort._open(DBPort.java:224)
	at com.mongodb.DBPort.go(DBPort.java:101)
	at com.mongodb.DBPort.go(DBPort.java:82)
	at com.mongodb.DBPort.say(DBPort.java:77)
	at com.mongodb.DBTCPConnector.say(DBTCPConnector.java:146)
	at com.mongodb.DBTCPConnector.say(DBTCPConnector.java:132)
	at com.mongodb.DBApiLayer$MyCollection.insert(DBApiLayer.java:262)
	at com.mongodb.DBApiLayer$MyCollection.createIndex(DBApiLayer.java:354)
	at com.mongodb.DBCollection.ensureIndex(DBCollection.java:444)
	at com.mongodb.DBCollection.ensureIndex(DBCollection.java:392)
	at net.ion.radon.repository.Workspace.createWorkspace(Workspace.java:64)
	at net.ion.radon.repository.Workspace.load(Workspace.java:43)
	at net.ion.radon.repository.Repository.getWorkspace(Repository.java:28)
	at net.ion.radon.repository.LocalSession.getCurrentWorkspace(LocalSession.java:147)
	at net.ion.radon.repository.LocalSession.dropWorkspace(LocalSession.java:76)
	at net.ion.radon.repository.TestBaseRepository.setUp(TestBaseRepository.java:17)
	at net.ion.radon.repository.TestNodeCursor.setUp(TestNodeCursor.java:15)
	at junit.framework.TestCase.runBare(TestCase.java:128)
	at junit.framework.TestResult$1.protect(TestResult.java:106)
	at junit.framework.TestResult.runProtected(TestResult.java:124)
	at junit.framework.TestResult.run(TestResult.java:109)
	at junit.framework.TestCase.run(TestCase.java:120)
	at junit.framework.TestSuite.runTest(TestSuite.java:230)
	at junit.framework.TestSuite.run(TestSuite.java:225)
	at junit.framework.TestSuite.runTest(TestSuite.java:230)
	at junit.framework.TestSuite.run(TestSuite.java:225)
	at junit.framework.TestSuite.runTest(TestSuite.java:230)
	at junit.framework.TestSuite.run(TestSuite.java:225)
	at junit.framework.TestSuite.runTest(TestSuite.java:230)
	at junit.framework.TestSuite.run(TestSuite.java:225)
	at org.apache.tools.ant.taskdefs.optional.junit.JUnitTestRunner.run(JUnitTestRunner.java:421)
	at org.apache.tools.ant.taskdefs.optional.junit.JUnitTestRunner.launch(JUnitTestRunner.java:912)
	at org.apache.tools.ant.taskdefs.optional.junit.JUnitTestRunner.main(JUnitTestRunner.java:766)
2011. 11. 17 오전 7:11:54 com.mongodb.DBTCPConnector fetchMaxBsonObjectSize
경고: Exception determining maxBSON size using0
java.io.IOException: couldn't connect to [/61.250.201.78:27017] bc:java.net.ConnectException: Connection timed out: connect
	at com.mongodb.DBPort._open(DBPort.java:224)
	at com.mongodb.DBPort.go(DBPort.java:101)
	at com.mongodb.DBPort.go(DBPort.java:82)
	at com.mongodb.DBPort.findOne(DBPort.java:142)
	at com.mongodb.DBPort.runCommand(DBPort.java:151)
	at com.mongodb.DBTCPConnector.fetchMaxBsonObjectSize(DBTCPConnector.java:429)
	at com.mongodb.Mongo.getMaxBsonObjectSize(Mongo.java:544)
	at com.mongodb.DBApiLayer$MyCollection.insert(DBApiLayer.java:244)
	at com.mongodb.DBApiLayer$MyCollection.createIndex(DBApiLayer.java:354)
	at com.mongodb.DBCollection.ensureIndex(DBCollection.java:444)
	at com.mongodb.DBCollection.ensureIndex(DBCollection.java:392)
	at net.ion.radon.repository.Workspace.createWorkspace(Workspace.java:64)
	at net.ion.radon.repository.Workspace.load(Workspace.java:43)
	at net.ion.radon.repository.Repository.getWorkspace(Repository.java:28)
	at net.ion.radon.repository.LocalSession.getCurrentWorkspace(LocalSession.java:147)
	at net.ion.radon.repository.LocalSession.dropWorkspace(LocalSession.java:76)
	at net.ion.radon.repository.TestBaseRepository.setUp(TestBaseRepository.java:17)
	at net.ion.radon.repository.TestNodeCursor.setUp(TestNodeCursor.java:15)
	at junit.framework.TestCase.runBare(TestCase.java:128)
	at junit.framework.TestResult$1.protect(TestResult.java:106)
	at junit.framework.TestResult.runProtected(TestResult.java:124)
	at junit.framework.TestResult.run(TestResult.java:109)
	at junit.framework.TestCase.run(TestCase.java:120)
	at junit.framework.TestSuite.runTest(TestSuite.java:230)
	at junit.framework.TestSuite.run(TestSuite.java:225)
	at junit.framework.TestSuite.runTest(TestSuite.java:230)
	at junit.framework.TestSuite.run(TestSuite.java:225)
	at junit.framework.TestSuite.runTest(TestSuite.java:230)
	at junit.framework.TestSuite.run(TestSuite.java:225)
	at junit.framework.TestSuite.runTest(TestSuite.java:230)
	at junit.framework.TestSuite.run(TestSuite.java:225)
	at org.apache.tools.ant.taskdefs.optional.junit.JUnitTestRunner.run(JUnitTestRunner.java:421)
	at org.apache.tools.ant.taskdefs.optional.junit.JUnitTestRunner.launch(JUnitTestRunner.java:912)
	at org.apache.tools.ant.taskdefs.optional.junit.JUnitTestRunner.main(JUnitTestRunner.java:766)
2011. 11. 17 오전 7:12:15 com.mongodb.DBTCPConnector fetchMaxBsonObjectSize
경고: Exception determining maxBSON size using0
java.io.IOException: couldn't connect to [/61.250.201.78:27017] bc:java.net.ConnectException: Connection timed out: connect
	at com.mongodb.DBPort._open(DBPort.java:224)
	at com.mongodb.DBPort.go(DBPort.java:101)
	at com.mongodb.DBPort.go(DBPort.java:82)
	at com.mongodb.DBPort.findOne(DBPort.java:142)
	at com.mongodb.DBPort.runCommand(DBPort.java:151)
	at com.mongodb.DBTCPConnector.fetchMaxBsonObjectSize(DBTCPConnector.java:429)
	at com.mongodb.DBTCPConnector.checkMaster(DBTCPConnector.java:416)
	at com.mongodb.DBTCPConnector.say(DBTCPConnector.java:139)
	at com.mongodb.DBTCPConnector.say(DBTCPConnector.java:132)
	at com.mongodb.DBApiLayer$MyCollection.insert(DBApiLayer.java:262)
	at com.mongodb.DBApiLayer$MyCollection.createIndex(DBApiLayer.java:354)
	at com.mongodb.DBCollection.ensureIndex(DBCollection.java:444)
	at com.mongodb.DBCollection.ensureIndex(DBCollection.java:392)
	at net.ion.radon.repository.Workspace.createWorkspace(Workspace.java:64)
	at net.ion.radon.repository.Workspace.load(Workspace.java:43)
	at net.ion.radon.repository.Repository.getWorkspace(Repository.java:28)
	at net.ion.radon.repository.LocalSession.getCurrentWorkspace(LocalSession.java:147)
	at net.ion.radon.repository.LocalSession.dropWorkspace(LocalSession.java:76)
	at net.ion.radon.repository.TestBaseRepository.setUp(TestBaseRepository.java:17)
	at net.ion.radon.repository.TestNodeCursor.setUp(TestNodeCursor.java:15)
	at junit.framework.TestCase.runBare(TestCase.java:128)
	at junit.framework.TestResult$1.protect(TestResult.java:106)
	at junit.framework.TestResult.runProtected(TestResult.java:124)
	at junit.framework.TestResult.run(TestResult.java:109)
	at junit.framework.TestCase.run(TestCase.java:120)
	at junit.framework.TestSuite.runTest(TestSuite.java:230)
	at junit.framework.TestSuite.run(TestSuite.java:225)
	at junit.framework.TestSuite.runTest(TestSuite.java:230)
	at junit.framework.TestSuite.run(TestSuite.java:225)
	at junit.framework.TestSuite.runTest(TestSuite.java:230)
	at junit.framework.TestSuite.run(TestSuite.java:225)
	at junit.framework.TestSuite.runTest(TestSuite.java:230)
	at junit.framework.TestSuite.run(TestSuite.java:225)
	at org.apache.tools.ant.taskdefs.optional.junit.JUnitTestRunner.run(JUnitTestRunner.java:421)
	at org.apache.tools.ant.taskdefs.optional.junit.JUnitTestRunner.launch(JUnitTestRunner.java:912)
	at org.apache.tools.ant.taskdefs.optional.junit.JUnitTestRunner.main(JUnitTestRunner.java:766)
2011. 11. 17 오전 7:12:36 com.mongodb.DBPortPool gotError
경고: emptying DBPortPool to 61.250.201.78:27017 b/c of error
java.io.IOException: couldn't connect to [/61.250.201.78:27017] bc:java.net.ConnectException: Connection timed out: connect
	at com.mongodb.DBPort._open(DBPort.java:224)
	at com.mongodb.DBPort.go(DBPort.java:101)
	at com.mongodb.DBPort.go(DBPort.java:82)
	at com.mongodb.DBPort.say(DBPort.java:77)
	at com.mongodb.DBTCPConnector.say(DBTCPConnector.java:146)
	at com.mongodb.DBTCPConnector.say(DBTCPConnector.java:132)
	at com.mongodb.DBApiLayer$MyCollection.insert(DBApiLayer.java:262)
	at com.mongodb.DBApiLayer$MyCollection.createIndex(DBApiLayer.java:354)
	at com.mongodb.DBCollection.ensureIndex(DBCollection.java:444)
	at com.mongodb.DBCollection.ensureIndex(DBCollection.java:392)
	at net.ion.radon.repository.Workspace.createWorkspace(Workspace.java:64)
	at net.ion.radon.repository.Workspace.load(Workspace.java:43)
	at net.ion.radon.repository.Repository.getWorkspace(Repository.java:28)
	at net.ion.radon.repository.LocalSession.getCurrentWorkspace(LocalSession.java:147)
	at net.ion.radon.repository.LocalSession.dropWorkspace(LocalSession.java:76)
	at net.ion.radon.repository.TestBaseRepository.setUp(TestBaseRepository.java:17)
	at net.ion.radon.repository.TestNodeCursor.setUp(TestNodeCursor.java:15)
	at junit.framework.TestCase.runBare(TestCase.java:128)
	at junit.framework.TestResult$1.protect(TestResult.java:106)
	at junit.framework.TestResult.runProtected(TestResult.java:124)
	at junit.framework.TestResult.run(TestResult.java:109)
	at junit.framework.TestCase.run(TestCase.java:120)
	at junit.framework.TestSuite.runTest(TestSuite.java:230)
	at junit.framework.TestSuite.run(TestSuite.java:225)
	at junit.framework.TestSuite.runTest(TestSuite.java:230)
	at junit.framework.TestSuite.run(TestSuite.java:225)
	at junit.framework.TestSuite.runTest(TestSuite.java:230)
	at junit.framework.TestSuite.run(TestSuite.java:225)
	at junit.framework.TestSuite.runTest(TestSuite.java:230)
	at junit.framework.TestSuite.run(TestSuite.java:225)
	at org.apache.tools.ant.taskdefs.optional.junit.JUnitTestRunner.run(JUnitTestRunner.java:421)
	at org.apache.tools.ant.taskdefs.optional.junit.JUnitTestRunner.launch(JUnitTestRunner.java:912)
	at org.apache.tools.ant.taskdefs.optional.junit.JUnitTestRunner.main(JUnitTestRunner.java:766)
2011. 11. 17 오전 7:12:57 com.mongodb.DBTCPConnector fetchMaxBsonObjectSize
경고: Exception determining maxBSON size using0
java.io.IOException: couldn't connect to [/61.250.201.78:27017] bc:java.net.ConnectException: Connection timed out: connect
	at com.mongodb.DBPort._open(DBPort.java:224)
	at com.mongodb.DBPort.go(DBPort.java:101)
	at com.mongodb.DBPort.go(DBPort.java:82)
	at com.mongodb.DBPort.findOne(DBPort.java:142)
	at com.mongodb.DBPort.runCommand(DBPort.java:151)
	at com.mongodb.DBTCPConnector.fetchMaxBsonObjectSize(DBTCPConnector.java:429)
	at com.mongodb.Mongo.getMaxBsonObjectSize(Mongo.java:544)
	at com.mongodb.DBApiLayer$MyCollection.insert(DBApiLayer.java:244)
	at com.mongodb.DBApiLayer$MyCollection.createIndex(DBApiLayer.java:354)
	at com.mongodb.DBCollection.ensureIndex(DBCollection.java:444)
	at com.mongodb.DBCollection.ensureIndex(DBCollection.java:392)
	at net.ion.radon.repository.Workspace.createWorkspace(Workspace.java:64)
	at net.ion.radon.repository.Workspace.load(Workspace.java:43)
	at net.ion.radon.repository.Repository.getWorkspace(Repository.java:28)
	at net.ion.radon.repository.LocalSession.getCurrentWorkspace(LocalSession.java:147)
	at net.ion.radon.repository.LocalSession.dropWorkspace(LocalSession.java:76)
	at net.ion.radon.repository.TestBaseRepository.setUp(TestBaseRepository.java:17)
	at net.ion.radon.repository.TestNodeCursor.setUp(TestNodeCursor.java:15)
	at junit.framework.TestCase.runBare(TestCase.java:128)
	at junit.framework.TestResult$1.protect(TestResult.java:106)
	at junit.framework.TestResult.runProtected(TestResult.java:124)
	at junit.framework.TestResult.run(TestResult.java:109)
	at junit.framework.TestCase.run(TestCase.java:120)
	at junit.framework.TestSuite.runTest(TestSuite.java:230)
	at junit.framework.TestSuite.run(TestSuite.java:225)
	at junit.framework.TestSuite.runTest(TestSuite.java:230)
	at junit.framework.TestSuite.run(TestSuite.java:225)
	at junit.framework.TestSuite.runTest(TestSuite.java:230)
	at junit.framework.TestSuite.run(TestSuite.java:225)
	at junit.framework.TestSuite.runTest(TestSuite.java:230)
	at junit.framework.TestSuite.run(TestSuite.java:225)
	at org.apache.tools.ant.taskdefs.optional.junit.JUnitTestRunner.run(JUnitTestRunner.java:421)
	at org.apache.tools.ant.taskdefs.optional.junit.JUnitTestRunner.launch(JUnitTestRunner.java:912)
	at org.apache.tools.ant.taskdefs.optional.junit.JUnitTestRunner.main(JUnitTestRunner.java:766)
2011. 11. 17 오전 7:13:18 com.mongodb.DBTCPConnector fetchMaxBsonObjectSize
경고: Exception determining maxBSON size using0
java.io.IOException: couldn't connect to [/61.250.201.78:27017] bc:java.net.ConnectException: Connection timed out: connect
	at com.mongodb.DBPort._open(DBPort.java:224)
	at com.mongodb.DBPort.go(DBPort.java:101)
	at com.mongodb.DBPort.go(DBPort.java:82)
	at com.mongodb.DBPort.findOne(DBPort.java:142)
	at com.mongodb.DBPort.runCommand(DBPort.java:151)
	at com.mongodb.DBTCPConnector.fetchMaxBsonObjectSize(DBTCPConnector.java:429)
	at com.mongodb.DBTCPConnector.checkMaster(DBTCPConnector.java:416)
	at com.mongodb.DBTCPConnector.say(DBTCPConnector.java:139)
	at com.mongodb.DBTCPConnector.say(DBTCPConnector.java:132)
	at com.mongodb.DBApiLayer$MyCollection.insert(DBApiLayer.java:262)
	at com.mongodb.DBApiLayer$MyCollection.createIndex(DBApiLayer.java:354)
	at com.mongodb.DBCollection.ensureIndex(DBCollection.java:444)
	at com.mongodb.DBCollection.ensureIndex(DBCollection.java:392)
	at net.ion.radon.repository.Workspace.createWorkspace(Workspace.java:64)
	at net.ion.radon.repository.Workspace.load(Workspace.java:43)
	at net.ion.radon.repository.Repository.getWorkspace(Repository.java:28)
	at net.ion.radon.repository.LocalSession.getCurrentWorkspace(LocalSession.java:147)
	at net.ion.radon.repository.LocalSession.dropWorkspace(LocalSession.java:76)
	at net.ion.radon.repository.TestBaseRepository.setUp(TestBaseRepository.java:17)
	at net.ion.radon.repository.TestNodeCursor.setUp(TestNodeCursor.java:15)
	at junit.framework.TestCase.runBare(TestCase.java:128)
	at junit.framework.TestResult$1.protect(TestResult.java:106)
	at junit.framework.TestResult.runProtected(TestResult.java:124)
	at junit.framework.TestResult.run(TestResult.java:109)
	at junit.framework.TestCase.run(TestCase.java:120)
	at junit.framework.TestSuite.runTest(TestSuite.java:230)
	at junit.framework.TestSuite.run(TestSuite.java:225)
	at junit.framework.TestSuite.runTest(TestSuite.java:230)
	at junit.framework.TestSuite.run(TestSuite.java:225)
	at junit.framework.TestSuite.runTest(TestSuite.java:230)
	at junit.framework.TestSuite.run(TestSuite.java:225)
	at junit.framework.TestSuite.runTest(TestSuite.java:230)
	at junit.framework.TestSuite.run(TestSuite.java:225)
	at org.apache.tools.ant.taskdefs.optional.junit.JUnitTestRunner.run(JUnitTestRunner.java:421)
	at org.apache.tools.ant.taskdefs.optional.junit.JUnitTestRunner.launch(JUnitTestRunner.java:912)
	at org.apache.tools.ant.taskdefs.optional.junit.JUnitTestRunner.main(JUnitTestRunner.java:766)
2011. 11. 17 오전 7:13:39 com.mongodb.DBPortPool gotError
경고: emptying DBPortPool to 61.250.201.78:27017 b/c of error
java.io.IOException: couldn't connect to [/61.250.201.78:27017] bc:java.net.ConnectException: Connection timed out: connect
	at com.mongodb.DBPort._open(DBPort.java:224)
	at com.mongodb.DBPort.go(DBPort.java:101)
	at com.mongodb.DBPort.go(DBPort.java:82)
	at com.mongodb.DBPort.say(DBPort.java:77)
	at com.mongodb.DBTCPConnector.say(DBTCPConnector.java:146)
	at com.mongodb.DBTCPConnector.say(DBTCPConnector.java:132)
	at com.mongodb.DBApiLayer$MyCollection.insert(DBApiLayer.java:262)
	at com.mongodb.DBApiLayer$MyCollection.createIndex(DBApiLayer.java:354)
	at com.mongodb.DBCollection.ensureIndex(DBCollection.java:444)
	at com.mongodb.DBCollection.ensureIndex(DBCollection.java:392)
	at net.ion.radon.repository.Workspace.createWorkspace(Workspace.java:64)
	at net.ion.radon.repository.Workspace.load(Workspace.java:43)
	at net.ion.radon.repository.Repository.getWorkspace(Repository.java:28)
	at net.ion.radon.repository.LocalSession.getCurrentWorkspace(LocalSession.java:147)
	at net.ion.radon.repository.LocalSession.dropWorkspace(LocalSession.java:76)
	at net.ion.radon.repository.TestBaseRepository.setUp(TestBaseRepository.java:17)
	at net.ion.radon.repository.TestNodeCursor.setUp(TestNodeCursor.java:15)
	at junit.framework.TestCase.runBare(TestCase.java:128)
	at junit.framework.TestResult$1.protect(TestResult.java:106)
	at junit.framework.TestResult.runProtected(TestResult.java:124)
	at junit.framework.TestResult.run(TestResult.java:109)
	at junit.framework.TestCase.run(TestCase.java:120)
	at junit.framework.TestSuite.runTest(TestSuite.java:230)
	at junit.framework.TestSuite.run(TestSuite.java:225)
	at junit.framework.TestSuite.runTest(TestSuite.java:230)
	at junit.framework.TestSuite.run(TestSuite.java:225)
	at junit.framework.TestSuite.runTest(TestSuite.java:230)
	at junit.framework.TestSuite.run(TestSuite.java:225)
	at junit.framework.TestSuite.runTest(TestSuite.java:230)
	at junit.framework.TestSuite.run(TestSuite.java:225)
	at org.apache.tools.ant.taskdefs.optional.junit.JUnitTestRunner.run(JUnitTestRunner.java:421)
	at org.apache.tools.ant.taskdefs.optional.junit.JUnitTestRunner.launch(JUnitTestRunner.java:912)
	at org.apache.tools.ant.taskdefs.optional.junit.JUnitTestRunner.main(JUnitTestRunner.java:766)
2011. 11. 17 오전 7:14:01 com.mongodb.DBTCPConnector fetchMaxBsonObjectSize
경고: Exception determining maxBSON size using0
java.io.IOException: couldn't connect to [/61.250.201.78:27017] bc:java.net.ConnectException: Connection timed out: connect
	at com.mongodb.DBPort._open(DBPort.java:224)
	at com.mongodb.DBPort.go(DBPort.java:101)
	at com.mongodb.DBPort.go(DBPort.java:82)
	at com.mongodb.DBPort.findOne(DBPort.java:142)
	at com.mongodb.DBPort.runCommand(DBPort.java:151)
	at com.mongodb.DBTCPConnector.fetchMaxBsonObjectSize(DBTCPConnector.java:429)
	at com.mongodb.Mongo.getMaxBsonObjectSize(Mongo.java:544)
	at com.mongodb.DBApiLayer$MyCollection.insert(DBApiLayer.java:244)
	at com.mongodb.DBApiLayer$MyCollection.createIndex(DBApiLayer.java:354)
	at com.mongodb.DBCollection.ensureIndex(DBCollection.java:444)
	at com.mongodb.DBCollection.ensureIndex(DBCollection.java:392)
	at net.ion.radon.repository.Workspace.createWorkspace(Workspace.java:64)
	at net.ion.radon.repository.Workspace.load(Workspace.java:43)
	at net.ion.radon.repository.Repository.getWorkspace(Repository.java:28)
	at net.ion.radon.repository.LocalSession.getCurrentWorkspace(LocalSession.java:147)
	at net.ion.radon.repository.LocalSession.dropWorkspace(LocalSession.java:76)
	at net.ion.radon.repository.TestBaseRepository.setUp(TestBaseRepository.java:17)
	at net.ion.radon.repository.TestNodeCursor.setUp(TestNodeCursor.java:15)
	at junit.framework.TestCase.runBare(TestCase.java:128)
	at junit.framework.TestResult$1.protect(TestResult.java:106)
	at junit.framework.TestResult.runProtected(TestResult.java:124)
	at junit.framework.TestResult.run(TestResult.java:109)
	at junit.framework.TestCase.run(TestCase.java:120)
	at junit.framework.TestSuite.runTest(TestSuite.java:230)
	at junit.framework.TestSuite.run(TestSuite.java:225)
	at junit.framework.TestSuite.runTest(TestSuite.java:230)
	at junit.framework.TestSuite.run(TestSuite.java:225)
	at junit.framework.TestSuite.runTest(TestSuite.java:230)
	at junit.framework.TestSuite.run(TestSuite.java:225)
	at junit.framework.TestSuite.runTest(TestSuite.java:230)
	at junit.framework.TestSuite.run(TestSuite.java:225)
	at org.apache.tools.ant.taskdefs.optional.junit.JUnitTestRunner.run(JUnitTestRunner.java:421)
	at org.apache.tools.ant.taskdefs.optional.junit.JUnitTestRunner.launch(JUnitTestRunner.java:912)
	at org.apache.tools.ant.taskdefs.optional.junit.JUnitTestRunner.main(JUnitTestRunner.java:766)
2011. 11. 17 오전 7:14:22 com.mongodb.DBTCPConnector fetchMaxBsonObjectSize
경고: Exception determining maxBSON size using0
java.io.IOException: couldn't connect to [/61.250.201.78:27017] bc:java.net.ConnectException: Connection timed out: connect
	at com.mongodb.DBPort._open(DBPort.java:224)
	at com.mongodb.DBPort.go(DBPort.java:101)
	at com.mongodb.DBPort.go(DBPort.java:82)
	at com.mongodb.DBPort.findOne(DBPort.java:142)
	at com.mongodb.DBPort.runCommand(DBPort.java:151)
	at com.mongodb.DBTCPConnector.fetchMaxBsonObjectSize(DBTCPConnector.java:429)
	at com.mongodb.DBTCPConnector.checkMaster(DBTCPConnector.java:416)
	at com.mongodb.DBTCPConnector.say(DBTCPConnector.java:139)
	at com.mongodb.DBTCPConnector.say(DBTCPConnector.java:132)
	at com.mongodb.DBApiLayer$MyCollection.insert(DBApiLayer.java:262)
	at com.mongodb.DBApiLayer$MyCollection.createIndex(DBApiLayer.java:354)
	at com.mongodb.DBCollection.ensureIndex(DBCollection.java:444)
	at com.mongodb.DBCollection.ensureIndex(DBCollection.java:392)
	at net.ion.radon.repository.Workspace.createWorkspace(Workspace.java:64)
	at net.ion.radon.repository.Workspace.load(Workspace.java:43)
	at net.ion.radon.repository.Repository.getWorkspace(Repository.java:28)
	at net.ion.radon.repository.LocalSession.getCurrentWorkspace(LocalSession.java:147)
	at net.ion.radon.repository.LocalSession.dropWorkspace(LocalSession.java:76)
	at net.ion.radon.repository.TestBaseRepository.setUp(TestBaseRepository.java:17)
	at net.ion.radon.repository.TestNodeCursor.setUp(TestNodeCursor.java:15)
	at junit.framework.TestCase.runBare(TestCase.java:128)
	at junit.framework.TestResult$1.protect(TestResult.java:106)
	at junit.framework.TestResult.runProtected(TestResult.java:124)
	at junit.framework.TestResult.run(TestResult.java:109)
	at junit.framework.TestCase.run(TestCase.java:120)
	at junit.framework.TestSuite.runTest(TestSuite.java:230)
	at junit.framework.TestSuite.run(TestSuite.java:225)
	at junit.framework.TestSuite.runTest(TestSuite.java:230)
	at junit.framework.TestSuite.run(TestSuite.java:225)
	at junit.framework.TestSuite.runTest(TestSuite.java:230)
	at junit.framework.TestSuite.run(TestSuite.java:225)
	at junit.framework.TestSuite.runTest(TestSuite.java:230)
	at junit.framework.TestSuite.run(TestSuite.java:225)
	at org.apache.tools.ant.taskdefs.optional.junit.JUnitTestRunner.run(JUnitTestRunner.java:421)
	at org.apache.tools.ant.taskdefs.optional.junit.JUnitTestRunner.launch(JUnitTestRunner.java:912)
	at org.apache.tools.ant.taskdefs.optional.junit.JUnitTestRunner.main(JUnitTestRunner.java:766)
2011. 11. 17 오전 7:14:43 com.mongodb.DBPortPool gotError
경고: emptying DBPortPool to 61.250.201.78:27017 b/c of error
java.io.IOException: couldn't connect to [/61.250.201.78:27017] bc:java.net.ConnectException: Connection timed out: connect
	at com.mongodb.DBPort._open(DBPort.java:224)
	at com.mongodb.DBPort.go(DBPort.java:101)
	at com.mongodb.DBPort.go(DBPort.java:82)
	at com.mongodb.DBPort.say(DBPort.java:77)
	at com.mongodb.DBTCPConnector.say(DBTCPConnector.java:146)
	at com.mongodb.DBTCPConnector.say(DBTCPConnector.java:132)
	at com.mongodb.DBApiLayer$MyCollection.insert(DBApiLayer.java:262)
	at com.mongodb.DBApiLayer$MyCollection.createIndex(DBApiLayer.java:354)
	at com.mongodb.DBCollection.ensureIndex(DBCollection.java:444)
	at com.mongodb.DBCollection.ensureIndex(DBCollection.java:392)
	at net.ion.radon.repository.Workspace.createWorkspace(Workspace.java:64)
	at net.ion.radon.repository.Workspace.load(Workspace.java:43)
	at net.ion.radon.repository.Repository.getWorkspace(Repository.java:28)
	at net.ion.radon.repository.LocalSession.getCurrentWorkspace(LocalSession.java:147)
	at net.ion.radon.repository.LocalSession.dropWorkspace(LocalSession.java:76)
	at net.ion.radon.repository.TestBaseRepository.setUp(TestBaseRepository.java:17)
	at net.ion.radon.repository.TestNodeCursor.setUp(TestNodeCursor.java:15)
	at junit.framework.TestCase.runBare(TestCase.java:128)
	at junit.framework.TestResult$1.protect(TestResult.java:106)
	at junit.framework.TestResult.runProtected(TestResult.java:124)
	at junit.framework.TestResult.run(TestResult.java:109)
	at junit.framework.TestCase.run(TestCase.java:120)
	at junit.framework.TestSuite.runTest(TestSuite.java:230)
	at junit.framework.TestSuite.run(TestSuite.java:225)
	at junit.framework.TestSuite.runTest(TestSuite.java:230)
	at junit.framework.TestSuite.run(TestSuite.java:225)
	at junit.framework.TestSuite.runTest(TestSuite.java:230)
	at junit.framework.TestSuite.run(TestSuite.java:225)
	at junit.framework.TestSuite.runTest(TestSuite.java:230)
	at junit.framework.TestSuite.run(TestSuite.java:225)
	at org.apache.tools.ant.taskdefs.optional.junit.JUnitTestRunner.run(JUnitTestRunner.java:421)
	at org.apache.tools.ant.taskdefs.optional.junit.JUnitTestRunner.launch(JUnitTestRunner.java:912)
	at org.apache.tools.ant.taskdefs.optional.junit.JUnitTestRunner.main(JUnitTestRunner.java:766)
2011. 11. 17 오전 7:15:04 com.mongodb.DBTCPConnector fetchMaxBsonObjectSize
경고: Exception determining maxBSON size using0
java.io.IOException: couldn't connect to [/61.250.201.78:27017] bc:java.net.ConnectException: Connection timed out: connect
	at com.mongodb.DBPort._open(DBPort.java:224)
	at com.mongodb.DBPort.go(DBPort.java:101)
	at com.mongodb.DBPort.go(DBPort.java:82)
	at com.mongodb.DBPort.findOne(DBPort.java:142)
	at com.mongodb.DBPort.runCommand(DBPort.java:151)
	at com.mongodb.DBTCPConnector.fetchMaxBsonObjectSize(DBTCPConnector.java:429)
	at com.mongodb.Mongo.getMaxBsonObjectSize(Mongo.java:544)
	at com.mongodb.DBApiLayer$MyCollection.insert(DBApiLayer.java:244)
	at com.mongodb.DBApiLayer$MyCollection.createIndex(DBApiLayer.java:354)
	at com.mongodb.DBCollection.ensureIndex(DBCollection.java:444)
	at com.mongodb.DBCollection.ensureIndex(DBCollection.java:392)
	at net.ion.radon.repository.Workspace.createWorkspace(Workspace.java:64)
	at net.ion.radon.repository.Workspace.load(Workspace.java:43)
	at net.ion.radon.repository.Repository.getWorkspace(Repository.java:28)
	at net.ion.radon.repository.LocalSession.getCurrentWorkspace(LocalSession.java:147)
	at net.ion.radon.repository.LocalSession.dropWorkspace(LocalSession.java:76)
	at net.ion.radon.repository.TestBaseRepository.setUp(TestBaseRepository.java:17)
	at net.ion.radon.repository.TestNodeCursor.setUp(TestNodeCursor.java:15)
	at junit.framework.TestCase.runBare(TestCase.java:128)
	at junit.framework.TestResult$1.protect(TestResult.java:106)
	at junit.framework.TestResult.runProtected(TestResult.java:124)
	at junit.framework.TestResult.run(TestResult.java:109)
	at junit.framework.TestCase.run(TestCase.java:120)
	at junit.framework.TestSuite.runTest(TestSuite.java:230)
	at junit.framework.TestSuite.run(TestSuite.java:225)
	at junit.framework.TestSuite.runTest(TestSuite.java:230)
	at junit.framework.TestSuite.run(TestSuite.java:225)
	at junit.framework.TestSuite.runTest(TestSuite.java:230)
	at junit.framework.TestSuite.run(TestSuite.java:225)
	at junit.framework.TestSuite.runTest(TestSuite.java:230)
	at junit.framework.TestSuite.run(TestSuite.java:225)
	at org.apache.tools.ant.taskdefs.optional.junit.JUnitTestRunner.run(JUnitTestRunner.java:421)
	at org.apache.tools.ant.taskdefs.optional.junit.JUnitTestRunner.launch(JUnitTestRunner.java:912)
	at org.apache.tools.ant.taskdefs.optional.junit.JUnitTestRunner.main(JUnitTestRunner.java:766)
2011. 11. 17 오전 7:15:25 com.mongodb.DBTCPConnector fetchMaxBsonObjectSize
경고: Exception determining maxBSON size using0
java.io.IOException: couldn't connect to [/61.250.201.78:27017] bc:java.net.ConnectException: Connection timed out: connect
	at com.mongodb.DBPort._open(DBPort.java:224)
	at com.mongodb.DBPort.go(DBPort.java:101)
	at com.mongodb.DBPort.go(DBPort.java:82)
	at com.mongodb.DBPort.findOne(DBPort.java:142)
	at com.mongodb.DBPort.runCommand(DBPort.java:151)
	at com.mongodb.DBTCPConnector.fetchMaxBsonObjectSize(DBTCPConnector.java:429)
	at com.mongodb.DBTCPConnector.checkMaster(DBTCPConnector.java:416)
	at com.mongodb.DBTCPConnector.say(DBTCPConnector.java:139)
	at com.mongodb.DBTCPConnector.say(DBTCPConnector.java:132)
	at com.mongodb.DBApiLayer$MyCollection.insert(DBApiLayer.java:262)
	at com.mongodb.DBApiLayer$MyCollection.createIndex(DBApiLayer.java:354)
	at com.mongodb.DBCollection.ensureIndex(DBCollection.java:444)
	at com.mongodb.DBCollection.ensureIndex(DBCollection.java:392)
	at net.ion.radon.repository.Workspace.createWorkspace(Workspace.java:64)
	at net.ion.radon.repository.Workspace.load(Workspace.java:43)
	at net.ion.radon.repository.Repository.getWorkspace(Repository.java:28)
	at net.ion.radon.repository.LocalSession.getCurrentWorkspace(LocalSession.java:147)
	at net.ion.radon.repository.LocalSession.dropWorkspace(LocalSession.java:76)
	at net.ion.radon.repository.TestBaseRepository.setUp(TestBaseRepository.java:17)
	at net.ion.radon.repository.TestNodeCursor.setUp(TestNodeCursor.java:15)
	at junit.framework.TestCase.runBare(TestCase.java:128)
	at junit.framework.TestResult$1.protect(TestResult.java:106)
	at junit.framework.TestResult.runProtected(TestResult.java:124)
	at junit.framework.TestResult.run(TestResult.java:109)
	at junit.framework.TestCase.run(TestCase.java:120)
	at junit.framework.TestSuite.runTest(TestSuite.java:230)
	at junit.framework.TestSuite.run(TestSuite.java:225)
	at junit.framework.TestSuite.runTest(TestSuite.java:230)
	at junit.framework.TestSuite.run(TestSuite.java:225)
	at junit.framework.TestSuite.runTest(TestSuite.java:230)
	at junit.framework.TestSuite.run(TestSuite.java:225)
	at junit.framework.TestSuite.runTest(TestSuite.java:230)
	at junit.framework.TestSuite.run(TestSuite.java:225)
	at org.apache.tools.ant.taskdefs.optional.junit.JUnitTestRunner.run(JUnitTestRunner.java:421)
	at org.apache.tools.ant.taskdefs.optional.junit.JUnitTestRunner.launch(JUnitTestRunner.java:912)
	at org.apache.tools.ant.taskdefs.optional.junit.JUnitTestRunner.main(JUnitTestRunner.java:766)
2011. 11. 17 오전 7:15:46 com.mongodb.DBPortPool gotError
경고: emptying DBPortPool to 61.250.201.78:27017 b/c of error
java.io.IOException: couldn't connect to [/61.250.201.78:27017] bc:java.net.ConnectException: Connection timed out: connect
	at com.mongodb.DBPort._open(DBPort.java:224)
	at com.mongodb.DBPort.go(DBPort.java:101)
	at com.mongodb.DBPort.go(DBPort.java:82)
	at com.mongodb.DBPort.say(DBPort.java:77)
	at com.mongodb.DBTCPConnector.say(DBTCPConnector.java:146)
	at com.mongodb.DBTCPConnector.say(DBTCPConnector.java:132)
	at com.mongodb.DBApiLayer$MyCollection.insert(DBApiLayer.java:262)
	at com.mongodb.DBApiLayer$MyCollection.createIndex(DBApiLayer.java:354)
	at com.mongodb.DBCollection.ensureIndex(DBCollection.java:444)
	at com.mongodb.DBCollection.ensureIndex(DBCollection.java:392)
	at net.ion.radon.repository.Workspace.createWorkspace(Workspace.java:64)
	at net.ion.radon.repository.Workspace.load(Workspace.java:43)
	at net.ion.radon.repository.Repository.getWorkspace(Repository.java:28)
	at net.ion.radon.repository.LocalSession.getCurrentWorkspace(LocalSession.java:147)
	at net.ion.radon.repository.LocalSession.dropWorkspace(LocalSession.java:76)
	at net.ion.radon.repository.TestBaseRepository.setUp(TestBaseRepository.java:17)
	at net.ion.radon.repository.TestNodeCursor.setUp(TestNodeCursor.java:15)
	at junit.framework.TestCase.runBare(TestCase.java:128)
	at junit.framework.TestResult$1.protect(TestResult.java:106)
	at junit.framework.TestResult.runProtected(TestResult.java:124)
	at junit.framework.TestResult.run(TestResult.java:109)
	at junit.framework.TestCase.run(TestCase.java:120)
	at junit.framework.TestSuite.runTest(TestSuite.java:230)
	at junit.framework.TestSuite.run(TestSuite.java:225)
	at junit.framework.TestSuite.runTest(TestSuite.java:230)
	at junit.framework.TestSuite.run(TestSuite.java:225)
	at junit.framework.TestSuite.runTest(TestSuite.java:230)
	at junit.framework.TestSuite.run(TestSuite.java:225)
	at junit.framework.TestSuite.runTest(TestSuite.java:230)
	at junit.framework.TestSuite.run(TestSuite.java:225)
	at org.apache.tools.ant.taskdefs.optional.junit.JUnitTestRunner.run(JUnitTestRunner.java:421)
	at org.apache.tools.ant.taskdefs.optional.junit.JUnitTestRunner.launch(JUnitTestRunner.java:912)
	at org.apache.tools.ant.taskdefs.optional.junit.JUnitTestRunner.main(JUnitTestRunner.java:766)
2011. 11. 17 오전 7:16:07 com.mongodb.DBTCPConnector fetchMaxBsonObjectSize
경고: Exception determining maxBSON size using0
java.io.IOException: couldn't connect to [/61.250.201.78:27017] bc:java.net.ConnectException: Connection timed out: connect
	at com.mongodb.DBPort._open(DBPort.java:224)
	at com.mongodb.DBPort.go(DBPort.java:101)
	at com.mongodb.DBPort.go(DBPort.java:82)
	at com.mongodb.DBPort.findOne(DBPort.java:142)
	at com.mongodb.DBPort.runCommand(DBPort.java:151)
	at com.mongodb.DBTCPConnector.fetchMaxBsonObjectSize(DBTCPConnector.java:429)
	at com.mongodb.Mongo.getMaxBsonObjectSize(Mongo.java:544)
	at com.mongodb.DBApiLayer$MyCollection.insert(DBApiLayer.java:244)
	at com.mongodb.DBApiLayer$MyCollection.createIndex(DBApiLayer.java:354)
	at com.mongodb.DBCollection.ensureIndex(DBCollection.java:444)
	at com.mongodb.DBCollection.ensureIndex(DBCollection.java:392)
	at net.ion.radon.repository.Workspace.createWorkspace(Workspace.java:64)
	at net.ion.radon.repository.Workspace.load(Workspace.java:43)
	at net.ion.radon.repository.Repository.getWorkspace(Repository.java:28)
	at net.ion.radon.repository.LocalSession.getCurrentWorkspace(LocalSession.java:147)
	at net.ion.radon.repository.LocalSession.dropWorkspace(LocalSession.java:76)
	at net.ion.radon.repository.TestBaseRepository.setUp(TestBaseRepository.java:17)
	at net.ion.radon.repository.TestNodeCursor.setUp(TestNodeCursor.java:15)
	at junit.framework.TestCase.runBare(TestCase.java:128)
	at junit.framework.TestResult$1.protect(TestResult.java:106)
	at junit.framework.TestResult.runProtected(TestResult.java:124)
	at junit.framework.TestResult.run(TestResult.java:109)
	at junit.framework.TestCase.run(TestCase.java:120)
	at junit.framework.TestSuite.runTest(TestSuite.java:230)
	at junit.framework.TestSuite.run(TestSuite.java:225)
	at junit.framework.TestSuite.runTest(TestSuite.java:230)
	at junit.framework.TestSuite.run(TestSuite.java:225)
	at junit.framework.TestSuite.runTest(TestSuite.java:230)
	at junit.framework.TestSuite.run(TestSuite.java:225)
	at junit.framework.TestSuite.runTest(TestSuite.java:230)
	at junit.framework.TestSuite.run(TestSuite.java:225)
	at org.apache.tools.ant.taskdefs.optional.junit.JUnitTestRunner.run(JUnitTestRunner.java:421)
	at org.apache.tools.ant.taskdefs.optional.junit.JUnitTestRunner.launch(JUnitTestRunner.java:912)
	at org.apache.tools.ant.taskdefs.optional.junit.JUnitTestRunner.main(JUnitTestRunner.java:766)
2011. 11. 17 오전 7:16:28 com.mongodb.DBTCPConnector fetchMaxBsonObjectSize
경고: Exception determining maxBSON size using0
java.io.IOException: couldn't connect to [/61.250.201.78:27017] bc:java.net.ConnectException: Connection timed out: connect
	at com.mongodb.DBPort._open(DBPort.java:224)
	at com.mongodb.DBPort.go(DBPort.java:101)
	at com.mongodb.DBPort.go(DBPort.java:82)
	at com.mongodb.DBPort.findOne(DBPort.java:142)
	at com.mongodb.DBPort.runCommand(DBPort.java:151)
	at com.mongodb.DBTCPConnector.fetchMaxBsonObjectSize(DBTCPConnector.java:429)
	at com.mongodb.DBTCPConnector.checkMaster(DBTCPConnector.java:416)
	at com.mongodb.DBTCPConnector.say(DBTCPConnector.java:139)
	at com.mongodb.DBTCPConnector.say(DBTCPConnector.java:132)
	at com.mongodb.DBApiLayer$MyCollection.insert(DBApiLayer.java:262)
	at com.mongodb.DBApiLayer$MyCollection.createIndex(DBApiLayer.java:354)
	at com.mongodb.DBCollection.ensureIndex(DBCollection.java:444)
	at com.mongodb.DBCollection.ensureIndex(DBCollection.java:392)
	at net.ion.radon.repository.Workspace.createWorkspace(Workspace.java:64)
	at net.ion.radon.repository.Workspace.load(Workspace.java:43)
	at net.ion.radon.repository.Repository.getWorkspace(Repository.java:28)
	at net.ion.radon.repository.LocalSession.getCurrentWorkspace(LocalSession.java:147)
	at net.ion.radon.repository.LocalSession.dropWorkspace(LocalSession.java:76)
	at net.ion.radon.repository.TestBaseRepository.setUp(TestBaseRepository.java:17)
	at net.ion.radon.repository.TestNodeCursor.setUp(TestNodeCursor.java:15)
	at junit.framework.TestCase.runBare(TestCase.java:128)
	at junit.framework.TestResult$1.protect(TestResult.java:106)
	at junit.framework.TestResult.runProtected(TestResult.java:124)
	at junit.framework.TestResult.run(TestResult.java:109)
	at junit.framework.TestCase.run(TestCase.java:120)
	at junit.framework.TestSuite.runTest(TestSuite.java:230)
	at junit.framework.TestSuite.run(TestSuite.java:225)
	at junit.framework.TestSuite.runTest(TestSuite.java:230)
	at junit.framework.TestSuite.run(TestSuite.java:225)
	at junit.framework.TestSuite.runTest(TestSuite.java:230)
	at junit.framework.TestSuite.run(TestSuite.java:225)
	at junit.framework.TestSuite.runTest(TestSuite.java:230)
	at junit.framework.TestSuite.run(TestSuite.java:225)
	at org.apache.tools.ant.taskdefs.optional.junit.JUnitTestRunner.run(JUnitTestRunner.java:421)
	at org.apache.tools.ant.taskdefs.optional.junit.JUnitTestRunner.launch(JUnitTestRunner.java:912)
	at org.apache.tools.ant.taskdefs.optional.junit.JUnitTestRunner.main(JUnitTestRunner.java:766)
2011. 11. 17 오전 7:16:49 com.mongodb.DBPortPool gotError
경고: emptying DBPortPool to 61.250.201.78:27017 b/c of error
java.io.IOException: couldn't connect to [/61.250.201.78:27017] bc:java.net.ConnectException: Connection timed out: connect
	at com.mongodb.DBPort._open(DBPort.java:224)
	at com.mongodb.DBPort.go(DBPort.java:101)
	at com.mongodb.DBPort.go(DBPort.java:82)
	at com.mongodb.DBPort.say(DBPort.java:77)
	at com.mongodb.DBTCPConnector.say(DBTCPConnector.java:146)
	at com.mongodb.DBTCPConnector.say(DBTCPConnector.java:132)
	at com.mongodb.DBApiLayer$MyCollection.insert(DBApiLayer.java:262)
	at com.mongodb.DBApiLayer$MyCollection.createIndex(DBApiLayer.java:354)
	at com.mongodb.DBCollection.ensureIndex(DBCollection.java:444)
	at com.mongodb.DBCollection.ensureIndex(DBCollection.java:392)
	at net.ion.radon.repository.Workspace.createWorkspace(Workspace.java:64)
	at net.ion.radon.repository.Workspace.load(Workspace.java:43)
	at net.ion.radon.repository.Repository.getWorkspace(Repository.java:28)
	at net.ion.radon.repository.LocalSession.getCurrentWorkspace(LocalSession.java:147)
	at net.ion.radon.repository.LocalSession.dropWorkspace(LocalSession.java:76)
	at net.ion.radon.repository.TestBaseRepository.setUp(TestBaseRepository.java:17)
	at net.ion.radon.repository.TestNodeCursor.setUp(TestNodeCursor.java:15)
	at junit.framework.TestCase.runBare(TestCase.java:128)
	at junit.framework.TestResult$1.protect(TestResult.java:106)
	at junit.framework.TestResult.runProtected(TestResult.java:124)
	at junit.framework.TestResult.run(TestResult.java:109)
	at junit.framework.TestCase.run(TestCase.java:120)
	at junit.framework.TestSuite.runTest(TestSuite.java:230)
	at junit.framework.TestSuite.run(TestSuite.java:225)
	at junit.framework.TestSuite.runTest(TestSuite.java:230)
	at junit.framework.TestSuite.run(TestSuite.java:225)
	at junit.framework.TestSuite.runTest(TestSuite.java:230)
	at junit.framework.TestSuite.run(TestSuite.java:225)
	at junit.framework.TestSuite.runTest(TestSuite.java:230)
	at junit.framework.TestSuite.run(TestSuite.java:225)
	at org.apache.tools.ant.taskdefs.optional.junit.JUnitTestRunner.run(JUnitTestRunner.java:421)
	at org.apache.tools.ant.taskdefs.optional.junit.JUnitTestRunner.launch(JUnitTestRunner.java:912)
	at org.apache.tools.ant.taskdefs.optional.junit.JUnitTestRunner.main(JUnitTestRunner.java:766)
2011. 11. 17 오전 7:17:10 com.mongodb.DBTCPConnector fetchMaxBsonObjectSize
경고: Exception determining maxBSON size using0
java.io.IOException: couldn't connect to [/61.250.201.78:27017] bc:java.net.ConnectException: Connection timed out: connect
	at com.mongodb.DBPort._open(DBPort.java:224)
	at com.mongodb.DBPort.go(DBPort.java:101)
	at com.mongodb.DBPort.go(DBPort.java:82)
	at com.mongodb.DBPort.findOne(DBPort.java:142)
	at com.mongodb.DBPort.runCommand(DBPort.java:151)
	at com.mongodb.DBTCPConnector.fetchMaxBsonObjectSize(DBTCPConnector.java:429)
	at com.mongodb.Mongo.getMaxBsonObjectSize(Mongo.java:544)
	at com.mongodb.DBApiLayer$MyCollection.insert(DBApiLayer.java:244)
	at com.mongodb.DBApiLayer$MyCollection.createIndex(DBApiLayer.java:354)
	at com.mongodb.DBCollection.ensureIndex(DBCollection.java:444)
	at com.mongodb.DBCollection.ensureIndex(DBCollection.java:392)
	at net.ion.radon.repository.Workspace.createWorkspace(Workspace.java:64)
	at net.ion.radon.repository.Workspace.load(Workspace.java:43)
	at net.ion.radon.repository.Repository.getWorkspace(Repository.java:28)
	at net.ion.radon.repository.LocalSession.getCurrentWorkspace(LocalSession.java:147)
	at net.ion.radon.repository.LocalSession.dropWorkspace(LocalSession.java:76)
	at net.ion.radon.repository.TestBaseRepository.setUp(TestBaseRepository.java:17)
	at net.ion.radon.repository.TestAdvanceNode.setUp(TestAdvanceNode.java:14)
	at junit.framework.TestCase.runBare(TestCase.java:128)
	at junit.framework.TestResult$1.protect(TestResult.java:106)
	at junit.framework.TestResult.runProtected(TestResult.java:124)
	at junit.framework.TestResult.run(TestResult.java:109)
	at junit.framework.TestCase.run(TestCase.java:120)
	at junit.framework.TestSuite.runTest(TestSuite.java:230)
	at junit.framework.TestSuite.run(TestSuite.java:225)
	at junit.framework.TestSuite.runTest(TestSuite.java:230)
	at junit.framework.TestSuite.run(TestSuite.java:225)
	at junit.framework.TestSuite.runTest(TestSuite.java:230)
	at junit.framework.TestSuite.run(TestSuite.java:225)
	at junit.framework.TestSuite.runTest(TestSuite.java:230)
	at junit.framework.TestSuite.run(TestSuite.java:225)
	at org.apache.tools.ant.taskdefs.optional.junit.JUnitTestRunner.run(JUnitTestRunner.java:421)
	at org.apache.tools.ant.taskdefs.optional.junit.JUnitTestRunner.launch(JUnitTestRunner.java:912)
	at org.apache.tools.ant.taskdefs.optional.junit.JUnitTestRunner.main(JUnitTestRunner.java:766)
2011. 11. 17 오전 7:17:31 com.mongodb.DBTCPConnector fetchMaxBsonObjectSize
경고: Exception determining maxBSON size using0
java.io.IOException: couldn't connect to [/61.250.201.78:27017] bc:java.net.ConnectException: Connection timed out: connect
	at com.mongodb.DBPort._open(DBPort.java:224)
	at com.mongodb.DBPort.go(DBPort.java:101)
	at com.mongodb.DBPort.go(DBPort.java:82)
	at com.mongodb.DBPort.findOne(DBPort.java:142)
	at com.mongodb.DBPort.runCommand(DBPort.java:151)
	at com.mongodb.DBTCPConnector.fetchMaxBsonObjectSize(DBTCPConnector.java:429)
	at com.mongodb.DBTCPConnector.checkMaster(DBTCPConnector.java:416)
	at com.mongodb.DBTCPConnector.say(DBTCPConnector.java:139)
	at com.mongodb.DBTCPConnector.say(DBTCPConnector.java:132)
	at com.mongodb.DBApiLayer$MyCollection.insert(DBApiLayer.java:262)
	at com.mongodb.DBApiLayer$MyCollection.createIndex(DBApiLayer.java:354)
	at com.mongodb.DBCollection.ensureIndex(DBCollection.java:444)
	at com.mongodb.DBCollection.ensureIndex(DBCollection.java:392)
	at net.ion.radon.repository.Workspace.createWorkspace(Workspace.java:64)
	at net.ion.radon.repository.Workspace.load(Workspace.java:43)
	at net.ion.radon.repository.Repository.getWorkspace(Repository.java:28)
	at net.ion.radon.repository.LocalSession.getCurrentWorkspace(LocalSession.java:147)
	at net.ion.radon.repository.LocalSession.dropWorkspace(LocalSession.java:76)
	at net.ion.radon.repository.TestBaseRepository.setUp(TestBaseRepository.java:17)
	at net.ion.radon.repository.TestAdvanceNode.setUp(TestAdvanceNode.java:14)
	at junit.framework.TestCase.runBare(TestCase.java:128)
	at junit.framework.TestResult$1.protect(TestResult.java:106)
	at junit.framework.TestResult.runProtected(TestResult.java:124)
	at junit.framework.TestResult.run(TestResult.java:109)
	at junit.framework.TestCase.run(TestCase.java:120)
	at junit.framework.TestSuite.runTest(TestSuite.java:230)
	at junit.framework.TestSuite.run(TestSuite.java:225)
	at junit.framework.TestSuite.runTest(TestSuite.java:230)
	at junit.framework.TestSuite.run(TestSuite.java:225)
	at junit.framework.TestSuite.runTest(TestSuite.java:230)
	at junit.framework.TestSuite.run(TestSuite.java:225)
	at junit.framework.TestSuite.runTest(TestSuite.java:230)
	at junit.framework.TestSuite.run(TestSuite.java:225)
	at org.apache.tools.ant.taskdefs.optional.junit.JUnitTestRunner.run(JUnitTestRunner.java:421)
	at org.apache.tools.ant.taskdefs.optional.junit.JUnitTestRunner.launch(JUnitTestRunner.java:912)
	at org.apache.tools.ant.taskdefs.optional.junit.JUnitTestRunner.main(JUnitTestRunner.java:766)
2011. 11. 17 오전 7:17:53 com.mongodb.DBPortPool gotError
경고: emptying DBPortPool to 61.250.201.78:27017 b/c of error
java.io.IOException: couldn't connect to [/61.250.201.78:27017] bc:java.net.ConnectException: Connection timed out: connect
	at com.mongodb.DBPort._open(DBPort.java:224)
	at com.mongodb.DBPort.go(DBPort.java:101)
	at com.mongodb.DBPort.go(DBPort.java:82)
	at com.mongodb.DBPort.say(DBPort.java:77)
	at com.mongodb.DBTCPConnector.say(DBTCPConnector.java:146)
	at com.mongodb.DBTCPConnector.say(DBTCPConnector.java:132)
	at com.mongodb.DBApiLayer$MyCollection.insert(DBApiLayer.java:262)
	at com.mongodb.DBApiLayer$MyCollection.createIndex(DBApiLayer.java:354)
	at com.mongodb.DBCollection.ensureIndex(DBCollection.java:444)
	at com.mongodb.DBCollection.ensureIndex(DBCollection.java:392)
	at net.ion.radon.repository.Workspace.createWorkspace(Workspace.java:64)
	at net.ion.radon.repository.Workspace.load(Workspace.java:43)
	at net.ion.radon.repository.Repository.getWorkspace(Repository.java:28)
	at net.ion.radon.repository.LocalSession.getCurrentWorkspace(LocalSession.java:147)
	at net.ion.radon.repository.LocalSession.dropWorkspace(LocalSession.java:76)
	at net.ion.radon.repository.TestBaseRepository.setUp(TestBaseRepository.java:17)
	at net.ion.radon.repository.TestAdvanceNode.setUp(TestAdvanceNode.java:14)
	at junit.framework.TestCase.runBare(TestCase.java:128)
	at junit.framework.TestResult$1.protect(TestResult.java:106)
	at junit.framework.TestResult.runProtected(TestResult.java:124)
	at junit.framework.TestResult.run(TestResult.java:109)
	at junit.framework.TestCase.run(TestCase.java:120)
	at junit.framework.TestSuite.runTest(TestSuite.java:230)
	at junit.framework.TestSuite.run(TestSuite.java:225)
	at junit.framework.TestSuite.runTest(TestSuite.java:230)
	at junit.framework.TestSuite.run(TestSuite.java:225)
	at junit.framework.TestSuite.runTest(TestSuite.java:230)
	at junit.framework.TestSuite.run(TestSuite.java:225)
	at junit.framework.TestSuite.runTest(TestSuite.java:230)
	at junit.framework.TestSuite.run(TestSuite.java:225)
	at org.apache.tools.ant.taskdefs.optional.junit.JUnitTestRunner.run(JUnitTestRunner.java:421)
	at org.apache.tools.ant.taskdefs.optional.junit.JUnitTestRunner.launch(JUnitTestRunner.java:912)
	at org.apache.tools.ant.taskdefs.optional.junit.JUnitTestRunner.main(JUnitTestRunner.java:766)
2011. 11. 17 오전 7:18:14 com.mongodb.DBTCPConnector fetchMaxBsonObjectSize
경고: Exception determining maxBSON size using0
java.io.IOException: couldn't connect to [/61.250.201.78:27017] bc:java.net.ConnectException: Connection timed out: connect
	at com.mongodb.DBPort._open(DBPort.java:224)
	at com.mongodb.DBPort.go(DBPort.java:101)
	at com.mongodb.DBPort.go(DBPort.java:82)
	at com.mongodb.DBPort.findOne(DBPort.java:142)
	at com.mongodb.DBPort.runCommand(DBPort.java:151)
	at com.mongodb.DBTCPConnector.fetchMaxBsonObjectSize(DBTCPConnector.java:429)
	at com.mongodb.Mongo.getMaxBsonObjectSize(Mongo.java:544)
	at com.mongodb.DBApiLayer$MyCollection.insert(DBApiLayer.java:244)
	at com.mongodb.DBApiLayer$MyCollection.createIndex(DBApiLayer.java:354)
	at com.mongodb.DBCollection.ensureIndex(DBCollection.java:444)
	at com.mongodb.DBCollection.ensureIndex(DBCollection.java:392)
	at net.ion.radon.repository.Workspace.createWorkspace(Workspace.java:64)
	at net.ion.radon.repository.Workspace.load(Workspace.java:43)
	at net.ion.radon.repository.Repository.getWorkspace(Repository.java:28)
	at net.ion.radon.repository.LocalSession.getCurrentWorkspace(LocalSession.java:147)
	at net.ion.radon.repository.LocalSession.dropWorkspace(LocalSession.java:76)
	at net.ion.radon.repository.TestBaseRepository.setUp(TestBaseRepository.java:17)
	at net.ion.radon.repository.TestAdvanceNode.setUp(TestAdvanceNode.java:14)
	at junit.framework.TestCase.runBare(TestCase.java:128)
	at junit.framework.TestResult$1.protect(TestResult.java:106)
	at junit.framework.TestResult.runProtected(TestResult.java:124)
	at junit.framework.TestResult.run(TestResult.java:109)
	at junit.framework.TestCase.run(TestCase.java:120)
	at junit.framework.TestSuite.runTest(TestSuite.java:230)
	at junit.framework.TestSuite.run(TestSuite.java:225)
	at junit.framework.TestSuite.runTest(TestSuite.java:230)
	at junit.framework.TestSuite.run(TestSuite.java:225)
	at junit.framework.TestSuite.runTest(TestSuite.java:230)
	at junit.framework.TestSuite.run(TestSuite.java:225)
	at junit.framework.TestSuite.runTest(TestSuite.java:230)
	at junit.framework.TestSuite.run(TestSuite.java:225)
	at org.apache.tools.ant.taskdefs.optional.junit.JUnitTestRunner.run(JUnitTestRunner.java:421)
	at org.apache.tools.ant.taskdefs.optional.junit.JUnitTestRunner.launch(JUnitTestRunner.java:912)
	at org.apache.tools.ant.taskdefs.optional.junit.JUnitTestRunner.main(JUnitTestRunner.java:766)
2011. 11. 17 오전 7:18:35 com.mongodb.DBTCPConnector fetchMaxBsonObjectSize
경고: Exception determining maxBSON size using0
java.io.IOException: couldn't connect to [/61.250.201.78:27017] bc:java.net.ConnectException: Connection timed out: connect
	at com.mongodb.DBPort._open(DBPort.java:224)
	at com.mongodb.DBPort.go(DBPort.java:101)
	at com.mongodb.DBPort.go(DBPort.java:82)
	at com.mongodb.DBPort.findOne(DBPort.java:142)
	at com.mongodb.DBPort.runCommand(DBPort.java:151)
	at com.mongodb.DBTCPConnector.fetchMaxBsonObjectSize(DBTCPConnector.java:429)
	at com.mongodb.DBTCPConnector.checkMaster(DBTCPConnector.java:416)
	at com.mongodb.DBTCPConnector.say(DBTCPConnector.java:139)
	at com.mongodb.DBTCPConnector.say(DBTCPConnector.java:132)
	at com.mongodb.DBApiLayer$MyCollection.insert(DBApiLayer.java:262)
	at com.mongodb.DBApiLayer$MyCollection.createIndex(DBApiLayer.java:354)
	at com.mongodb.DBCollection.ensureIndex(DBCollection.java:444)
	at com.mongodb.DBCollection.ensureIndex(DBCollection.java:392)
	at net.ion.radon.repository.Workspace.createWorkspace(Workspace.java:64)
	at net.ion.radon.repository.Workspace.load(Workspace.java:43)
	at net.ion.radon.repository.Repository.getWorkspace(Repository.java:28)
	at net.ion.radon.repository.LocalSession.getCurrentWorkspace(LocalSession.java:147)
	at net.ion.radon.repository.LocalSession.dropWorkspace(LocalSession.java:76)
	at net.ion.radon.repository.TestBaseRepository.setUp(TestBaseRepository.java:17)
	at net.ion.radon.repository.TestAdvanceNode.setUp(TestAdvanceNode.java:14)
	at junit.framework.TestCase.runBare(TestCase.java:128)
	at junit.framework.TestResult$1.protect(TestResult.java:106)
	at junit.framework.TestResult.runProtected(TestResult.java:124)
	at junit.framework.TestResult.run(TestResult.java:109)
	at junit.framework.TestCase.run(TestCase.java:120)
	at junit.framework.TestSuite.runTest(TestSuite.java:230)
	at junit.framework.TestSuite.run(TestSuite.java:225)
	at junit.framework.TestSuite.runTest(TestSuite.java:230)
	at junit.framework.TestSuite.run(TestSuite.java:225)
	at junit.framework.TestSuite.runTest(TestSuite.java:230)
	at junit.framework.TestSuite.run(TestSuite.java:225)
	at junit.framework.TestSuite.runTest(TestSuite.java:230)
	at junit.framework.TestSuite.run(TestSuite.java:225)
	at org.apache.tools.ant.taskdefs.optional.junit.JUnitTestRunner.run(JUnitTestRunner.java:421)
	at org.apache.tools.ant.taskdefs.optional.junit.JUnitTestRunner.launch(JUnitTestRunner.java:912)
	at org.apache.tools.ant.taskdefs.optional.junit.JUnitTestRunner.main(JUnitTestRunner.java:766)
2011. 11. 17 오전 7:18:56 com.mongodb.DBPortPool gotError
경고: emptying DBPortPool to 61.250.201.78:27017 b/c of error
java.io.IOException: couldn't connect to [/61.250.201.78:27017] bc:java.net.ConnectException: Connection timed out: connect
	at com.mongodb.DBPort._open(DBPort.java:224)
	at com.mongodb.DBPort.go(DBPort.java:101)
	at com.mongodb.DBPort.go(DBPort.java:82)
	at com.mongodb.DBPort.say(DBPort.java:77)
	at com.mongodb.DBTCPConnector.say(DBTCPConnector.java:146)
	at com.mongodb.DBTCPConnector.say(DBTCPConnector.java:132)
	at com.mongodb.DBApiLayer$MyCollection.insert(DBApiLayer.java:262)
	at com.mongodb.DBApiLayer$MyCollection.createIndex(DBApiLayer.java:354)
	at com.mongodb.DBCollection.ensureIndex(DBCollection.java:444)
	at com.mongodb.DBCollection.ensureIndex(DBCollection.java:392)
	at net.ion.radon.repository.Workspace.createWorkspace(Workspace.java:64)
	at net.ion.radon.repository.Workspace.load(Workspace.java:43)
	at net.ion.radon.repository.Repository.getWorkspace(Repository.java:28)
	at net.ion.radon.repository.LocalSession.getCurrentWorkspace(LocalSession.java:147)
	at net.ion.radon.repository.LocalSession.dropWorkspace(LocalSession.java:76)
	at net.ion.radon.repository.TestBaseRepository.setUp(TestBaseRepository.java:17)
	at net.ion.radon.repository.TestAdvanceNode.setUp(TestAdvanceNode.java:14)
	at junit.framework.TestCase.runBare(TestCase.java:128)
	at junit.framework.TestResult$1.protect(TestResult.java:106)
	at junit.framework.TestResult.runProtected(TestResult.java:124)
	at junit.framework.TestResult.run(TestResult.java:109)
	at junit.framework.TestCase.run(TestCase.java:120)
	at junit.framework.TestSuite.runTest(TestSuite.java:230)
	at junit.framework.TestSuite.run(TestSuite.java:225)
	at junit.framework.TestSuite.runTest(TestSuite.java:230)
	at junit.framework.TestSuite.run(TestSuite.java:225)
	at junit.framework.TestSuite.runTest(TestSuite.java:230)
	at junit.framework.TestSuite.run(TestSuite.java:225)
	at junit.framework.TestSuite.runTest(TestSuite.java:230)
	at junit.framework.TestSuite.run(TestSuite.java:225)
	at org.apache.tools.ant.taskdefs.optional.junit.JUnitTestRunner.run(JUnitTestRunner.java:421)
	at org.apache.tools.ant.taskdefs.optional.junit.JUnitTestRunner.launch(JUnitTestRunner.java:912)
	at org.apache.tools.ant.taskdefs.optional.junit.JUnitTestRunner.main(JUnitTestRunner.java:766)
2011. 11. 17 오전 7:19:17 com.mongodb.DBTCPConnector fetchMaxBsonObjectSize
경고: Exception determining maxBSON size using0
java.io.IOException: couldn't connect to [/61.250.201.78:27017] bc:java.net.ConnectException: Connection timed out: connect
	at com.mongodb.DBPort._open(DBPort.java:224)
	at com.mongodb.DBPort.go(DBPort.java:101)
	at com.mongodb.DBPort.go(DBPort.java:82)
	at com.mongodb.DBPort.findOne(DBPort.java:142)
	at com.mongodb.DBPort.runCommand(DBPort.java:151)
	at com.mongodb.DBTCPConnector.fetchMaxBsonObjectSize(DBTCPConnector.java:429)
	at com.mongodb.Mongo.getMaxBsonObjectSize(Mongo.java:544)
	at com.mongodb.DBApiLayer$MyCollection.insert(DBApiLayer.java:244)
	at com.mongodb.DBApiLayer$MyCollection.createIndex(DBApiLayer.java:354)
	at com.mongodb.DBCollection.ensureIndex(DBCollection.java:444)
	at com.mongodb.DBCollection.ensureIndex(DBCollection.java:392)
	at net.ion.radon.repository.Workspace.createWorkspace(Workspace.java:64)
	at net.ion.radon.repository.Workspace.load(Workspace.java:43)
	at net.ion.radon.repository.Repository.getWorkspace(Repository.java:28)
	at net.ion.radon.repository.LocalSession.getCurrentWorkspace(LocalSession.java:147)
	at net.ion.radon.repository.LocalSession.dropWorkspace(LocalSession.java:76)
	at net.ion.radon.repository.TestBaseRepository.setUp(TestBaseRepository.java:17)
	at net.ion.radon.repository.TestAdvanceNode.setUp(TestAdvanceNode.java:14)
	at junit.framework.TestCase.runBare(TestCase.java:128)
	at junit.framework.TestResult$1.protect(TestResult.java:106)
	at junit.framework.TestResult.runProtected(TestResult.java:124)
	at junit.framework.TestResult.run(TestResult.java:109)
	at junit.framework.TestCase.run(TestCase.java:120)
	at junit.framework.TestSuite.runTest(TestSuite.java:230)
	at junit.framework.TestSuite.run(TestSuite.java:225)
	at junit.framework.TestSuite.runTest(TestSuite.java:230)
	at junit.framework.TestSuite.run(TestSuite.java:225)
	at junit.framework.TestSuite.runTest(TestSuite.java:230)
	at junit.framework.TestSuite.run(TestSuite.java:225)
	at junit.framework.TestSuite.runTest(TestSuite.java:230)
	at junit.framework.TestSuite.run(TestSuite.java:225)
	at org.apache.tools.ant.taskdefs.optional.junit.JUnitTestRunner.run(JUnitTestRunner.java:421)
	at org.apache.tools.ant.taskdefs.optional.junit.JUnitTestRunner.launch(JUnitTestRunner.java:912)
	at org.apache.tools.ant.taskdefs.optional.junit.JUnitTestRunner.main(JUnitTestRunner.java:766)
2011. 11. 17 오전 7:19:38 com.mongodb.DBTCPConnector fetchMaxBsonObjectSize
경고: Exception determining maxBSON size using0
java.io.IOException: couldn't connect to [/61.250.201.78:27017] bc:java.net.ConnectException: Connection timed out: connect
	at com.mongodb.DBPort._open(DBPort.java:224)
	at com.mongodb.DBPort.go(DBPort.java:101)
	at com.mongodb.DBPort.go(DBPort.java:82)
	at com.mongodb.DBPort.findOne(DBPort.java:142)
	at com.mongodb.DBPort.runCommand(DBPort.java:151)
	at com.mongodb.DBTCPConnector.fetchMaxBsonObjectSize(DBTCPConnector.java:429)
	at com.mongodb.DBTCPConnector.checkMaster(DBTCPConnector.java:416)
	at com.mongodb.DBTCPConnector.say(DBTCPConnector.java:139)
	at com.mongodb.DBTCPConnector.say(DBTCPConnector.java:132)
	at com.mongodb.DBApiLayer$MyCollection.insert(DBApiLayer.java:262)
	at com.mongodb.DBApiLayer$MyCollection.createIndex(DBApiLayer.java:354)
	at com.mongodb.DBCollection.ensureIndex(DBCollection.java:444)
	at com.mongodb.DBCollection.ensureIndex(DBCollection.java:392)
	at net.ion.radon.repository.Workspace.createWorkspace(Workspace.java:64)
	at net.ion.radon.repository.Workspace.load(Workspace.java:43)
	at net.ion.radon.repository.Repository.getWorkspace(Repository.java:28)
	at net.ion.radon.repository.LocalSession.getCurrentWorkspace(LocalSession.java:147)
	at net.ion.radon.repository.LocalSession.dropWorkspace(LocalSession.java:76)
	at net.ion.radon.repository.TestBaseRepository.setUp(TestBaseRepository.java:17)
	at net.ion.radon.repository.TestAdvanceNode.setUp(TestAdvanceNode.java:14)
	at junit.framework.TestCase.runBare(TestCase.java:128)
	at junit.framework.TestResult$1.protect(TestResult.java:106)
	at junit.framework.TestResult.runProtected(TestResult.java:124)
	at junit.framework.TestResult.run(TestResult.java:109)
	at junit.framework.TestCase.run(TestCase.java:120)
	at junit.framework.TestSuite.runTest(TestSuite.java:230)
	at junit.framework.TestSuite.run(TestSuite.java:225)
	at junit.framework.TestSuite.runTest(TestSuite.java:230)
	at junit.framework.TestSuite.run(TestSuite.java:225)
	at junit.framework.TestSuite.runTest(TestSuite.java:230)
	at junit.framework.TestSuite.run(TestSuite.java:225)
	at junit.framework.TestSuite.runTest(TestSuite.java:230)
	at junit.framework.TestSuite.run(TestSuite.java:225)
	at org.apache.tools.ant.taskdefs.optional.junit.JUnitTestRunner.run(JUnitTestRunner.java:421)
	at org.apache.tools.ant.taskdefs.optional.junit.JUnitTestRunner.launch(JUnitTestRunner.java:912)
	at org.apache.tools.ant.taskdefs.optional.junit.JUnitTestRunner.main(JUnitTestRunner.java:766)
2011. 11. 17 오전 7:19:59 com.mongodb.DBPortPool gotError
경고: emptying DBPortPool to 61.250.201.78:27017 b/c of error
java.io.IOException: couldn't connect to [/61.250.201.78:27017] bc:java.net.ConnectException: Connection timed out: connect
	at com.mongodb.DBPort._open(DBPort.java:224)
	at com.mongodb.DBPort.go(DBPort.java:101)
	at com.mongodb.DBPort.go(DBPort.java:82)
	at com.mongodb.DBPort.say(DBPort.java:77)
	at com.mongodb.DBTCPConnector.say(DBTCPConnector.java:146)
	at com.mongodb.DBTCPConnector.say(DBTCPConnector.java:132)
	at com.mongodb.DBApiLayer$MyCollection.insert(DBApiLayer.java:262)
	at com.mongodb.DBApiLayer$MyCollection.createIndex(DBApiLayer.java:354)
	at com.mongodb.DBCollection.ensureIndex(DBCollection.java:444)
	at com.mongodb.DBCollection.ensureIndex(DBCollection.java:392)
	at net.ion.radon.repository.Workspace.createWorkspace(Workspace.java:64)
	at net.ion.radon.repository.Workspace.load(Workspace.java:43)
	at net.ion.radon.repository.Repository.getWorkspace(Repository.java:28)
	at net.ion.radon.repository.LocalSession.getCurrentWorkspace(LocalSession.java:147)
	at net.ion.radon.repository.LocalSession.dropWorkspace(LocalSession.java:76)
	at net.ion.radon.repository.TestBaseRepository.setUp(TestBaseRepository.java:17)
	at net.ion.radon.repository.TestAdvanceNode.setUp(TestAdvanceNode.java:14)
	at junit.framework.TestCase.runBare(TestCase.java:128)
	at junit.framework.TestResult$1.protect(TestResult.java:106)
	at junit.framework.TestResult.runProtected(TestResult.java:124)
	at junit.framework.TestResult.run(TestResult.java:109)
	at junit.framework.TestCase.run(TestCase.java:120)
	at junit.framework.TestSuite.runTest(TestSuite.java:230)
	at junit.framework.TestSuite.run(TestSuite.java:225)
	at junit.framework.TestSuite.runTest(TestSuite.java:230)
	at junit.framework.TestSuite.run(TestSuite.java:225)
	at junit.framework.TestSuite.runTest(TestSuite.java:230)
	at junit.framework.TestSuite.run(TestSuite.java:225)
	at junit.framework.TestSuite.runTest(TestSuite.java:230)
	at junit.framework.TestSuite.run(TestSuite.java:225)
	at org.apache.tools.ant.taskdefs.optional.junit.JUnitTestRunner.run(JUnitTestRunner.java:421)
	at org.apache.tools.ant.taskdefs.optional.junit.JUnitTestRunner.launch(JUnitTestRunner.java:912)
	at org.apache.tools.ant.taskdefs.optional.junit.JUnitTestRunner.main(JUnitTestRunner.java:766)
2011. 11. 17 오전 7:20:20 com.mongodb.DBTCPConnector fetchMaxBsonObjectSize
경고: Exception determining maxBSON size using0
java.io.IOException: couldn't connect to [/61.250.201.78:27017] bc:java.net.ConnectException: Connection timed out: connect
	at com.mongodb.DBPort._open(DBPort.java:224)
	at com.mongodb.DBPort.go(DBPort.java:101)
	at com.mongodb.DBPort.go(DBPort.java:82)
	at com.mongodb.DBPort.findOne(DBPort.java:142)
	at com.mongodb.DBPort.runCommand(DBPort.java:151)
	at com.mongodb.DBTCPConnector.fetchMaxBsonObjectSize(DBTCPConnector.java:429)
	at com.mongodb.Mongo.getMaxBsonObjectSize(Mongo.java:544)
	at com.mongodb.DBApiLayer$MyCollection.insert(DBApiLayer.java:244)
	at com.mongodb.DBApiLayer$MyCollection.createIndex(DBApiLayer.java:354)
	at com.mongodb.DBCollection.ensureIndex(DBCollection.java:444)
	at com.mongodb.DBCollection.ensureIndex(DBCollection.java:392)
	at net.ion.radon.repository.Workspace.createWorkspace(Workspace.java:64)
	at net.ion.radon.repository.Workspace.load(Workspace.java:43)
	at net.ion.radon.repository.Repository.getWorkspace(Repository.java:28)
	at net.ion.radon.repository.LocalSession.getCurrentWorkspace(LocalSession.java:147)
	at net.ion.radon.repository.LocalSession.dropWorkspace(LocalSession.java:76)
	at net.ion.radon.repository.TestBaseRepository.setUp(TestBaseRepository.java:17)
	at net.ion.radon.repository.TestAdvanceNode.setUp(TestAdvanceNode.java:14)
	at junit.framework.TestCase.runBare(TestCase.java:128)
	at junit.framework.TestResult$1.protect(TestResult.java:106)
	at junit.framework.TestResult.runProtected(TestResult.java:124)
	at junit.framework.TestResult.run(TestResult.java:109)
	at junit.framework.TestCase.run(TestCase.java:120)
	at junit.framework.TestSuite.runTest(TestSuite.java:230)
	at junit.framework.TestSuite.run(TestSuite.java:225)
	at junit.framework.TestSuite.runTest(TestSuite.java:230)
	at junit.framework.TestSuite.run(TestSuite.java:225)
	at junit.framework.TestSuite.runTest(TestSuite.java:230)
	at junit.framework.TestSuite.run(TestSuite.java:225)
	at junit.framework.TestSuite.runTest(TestSuite.java:230)
	at junit.framework.TestSuite.run(TestSuite.java:225)
	at org.apache.tools.ant.taskdefs.optional.junit.JUnitTestRunner.run(JUnitTestRunner.java:421)
	at org.apache.tools.ant.taskdefs.optional.junit.JUnitTestRunner.launch(JUnitTestRunner.java:912)
	at org.apache.tools.ant.taskdefs.optional.junit.JUnitTestRunner.main(JUnitTestRunner.java:766)
2011. 11. 17 오전 7:20:41 com.mongodb.DBTCPConnector fetchMaxBsonObjectSize
경고: Exception determining maxBSON size using0
java.io.IOException: couldn't connect to [/61.250.201.78:27017] bc:java.net.ConnectException: Connection timed out: connect
	at com.mongodb.DBPort._open(DBPort.java:224)
	at com.mongodb.DBPort.go(DBPort.java:101)
	at com.mongodb.DBPort.go(DBPort.java:82)
	at com.mongodb.DBPort.findOne(DBPort.java:142)
	at com.mongodb.DBPort.runCommand(DBPort.java:151)
	at com.mongodb.DBTCPConnector.fetchMaxBsonObjectSize(DBTCPConnector.java:429)
	at com.mongodb.DBTCPConnector.checkMaster(DBTCPConnector.java:416)
	at com.mongodb.DBTCPConnector.say(DBTCPConnector.java:139)
	at com.mongodb.DBTCPConnector.say(DBTCPConnector.java:132)
	at com.mongodb.DBApiLayer$MyCollection.insert(DBApiLayer.java:262)
	at com.mongodb.DBApiLayer$MyCollection.createIndex(DBApiLayer.java:354)
	at com.mongodb.DBCollection.ensureIndex(DBCollection.java:444)
	at com.mongodb.DBCollection.ensureIndex(DBCollection.java:392)
	at net.ion.radon.repository.Workspace.createWorkspace(Workspace.java:64)
	at net.ion.radon.repository.Workspace.load(Workspace.java:43)
	at net.ion.radon.repository.Repository.getWorkspace(Repository.java:28)
	at net.ion.radon.repository.LocalSession.getCurrentWorkspace(LocalSession.java:147)
	at net.ion.radon.repository.LocalSession.dropWorkspace(LocalSession.java:76)
	at net.ion.radon.repository.TestBaseRepository.setUp(TestBaseRepository.java:17)
	at net.ion.radon.repository.TestAdvanceNode.setUp(TestAdvanceNode.java:14)
	at junit.framework.TestCase.runBare(TestCase.java:128)
	at junit.framework.TestResult$1.protect(TestResult.java:106)
	at junit.framework.TestResult.runProtected(TestResult.java:124)
	at junit.framework.TestResult.run(TestResult.java:109)
	at junit.framework.TestCase.run(TestCase.java:120)
	at junit.framework.TestSuite.runTest(TestSuite.java:230)
	at junit.framework.TestSuite.run(TestSuite.java:225)
	at junit.framework.TestSuite.runTest(TestSuite.java:230)
	at junit.framework.TestSuite.run(TestSuite.java:225)
	at junit.framework.TestSuite.runTest(TestSuite.java:230)
	at junit.framework.TestSuite.run(TestSuite.java:225)
	at junit.framework.TestSuite.runTest(TestSuite.java:230)
	at junit.framework.TestSuite.run(TestSuite.java:225)
	at org.apache.tools.ant.taskdefs.optional.junit.JUnitTestRunner.run(JUnitTestRunner.java:421)
	at org.apache.tools.ant.taskdefs.optional.junit.JUnitTestRunner.launch(JUnitTestRunner.java:912)
	at org.apache.tools.ant.taskdefs.optional.junit.JUnitTestRunner.main(JUnitTestRunner.java:766)
2011. 11. 17 오전 7:21:02 com.mongodb.DBPortPool gotError
경고: emptying DBPortPool to 61.250.201.78:27017 b/c of error
java.io.IOException: couldn't connect to [/61.250.201.78:27017] bc:java.net.ConnectException: Connection timed out: connect
	at com.mongodb.DBPort._open(DBPort.java:224)
	at com.mongodb.DBPort.go(DBPort.java:101)
	at com.mongodb.DBPort.go(DBPort.java:82)
	at com.mongodb.DBPort.say(DBPort.java:77)
	at com.mongodb.DBTCPConnector.say(DBTCPConnector.java:146)
	at com.mongodb.DBTCPConnector.say(DBTCPConnector.java:132)
	at com.mongodb.DBApiLayer$MyCollection.insert(DBApiLayer.java:262)
	at com.mongodb.DBApiLayer$MyCollection.createIndex(DBApiLayer.java:354)
	at com.mongodb.DBCollection.ensureIndex(DBCollection.java:444)
	at com.mongodb.DBCollection.ensureIndex(DBCollection.java:392)
	at net.ion.radon.repository.Workspace.createWorkspace(Workspace.java:64)
	at net.ion.radon.repository.Workspace.load(Workspace.java:43)
	at net.ion.radon.repository.Repository.getWorkspace(Repository.java:28)
	at net.ion.radon.repository.LocalSession.getCurrentWorkspace(LocalSession.java:147)
	at net.ion.radon.repository.LocalSession.dropWorkspace(LocalSession.java:76)
	at net.ion.radon.repository.TestBaseRepository.setUp(TestBaseRepository.java:17)
	at net.ion.radon.repository.TestAdvanceNode.setUp(TestAdvanceNode.java:14)
	at junit.framework.TestCase.runBare(TestCase.java:128)
	at junit.framework.TestResult$1.protect(TestResult.java:106)
	at junit.framework.TestResult.runProtected(TestResult.java:124)
	at junit.framework.TestResult.run(TestResult.java:109)
	at junit.framework.TestCase.run(TestCase.java:120)
	at junit.framework.TestSuite.runTest(TestSuite.java:230)
	at junit.framework.TestSuite.run(TestSuite.java:225)
	at junit.framework.TestSuite.runTest(TestSuite.java:230)
	at junit.framework.TestSuite.run(TestSuite.java:225)
	at junit.framework.TestSuite.runTest(TestSuite.java:230)
	at junit.framework.TestSuite.run(TestSuite.java:225)
	at junit.framework.TestSuite.runTest(TestSuite.java:230)
	at junit.framework.TestSuite.run(TestSuite.java:225)
	at org.apache.tools.ant.taskdefs.optional.junit.JUnitTestRunner.run(JUnitTestRunner.java:421)
	at org.apache.tools.ant.taskdefs.optional.junit.JUnitTestRunner.launch(JUnitTestRunner.java:912)
	at org.apache.tools.ant.taskdefs.optional.junit.JUnitTestRunner.main(JUnitTestRunner.java:766)
2011. 11. 17 오전 7:21:23 com.mongodb.DBTCPConnector fetchMaxBsonObjectSize
경고: Exception determining maxBSON size using0
java.io.IOException: couldn't connect to [/61.250.201.78:27017] bc:java.net.ConnectException: Connection timed out: connect
	at com.mongodb.DBPort._open(DBPort.java:224)
	at com.mongodb.DBPort.go(DBPort.java:101)
	at com.mongodb.DBPort.go(DBPort.java:82)
	at com.mongodb.DBPort.findOne(DBPort.java:142)
	at com.mongodb.DBPort.runCommand(DBPort.java:151)
	at com.mongodb.DBTCPConnector.fetchMaxBsonObjectSize(DBTCPConnector.java:429)
	at com.mongodb.Mongo.getMaxBsonObjectSize(Mongo.java:544)
	at com.mongodb.DBApiLayer$MyCollection.insert(DBApiLayer.java:244)
	at com.mongodb.DBApiLayer$MyCollection.createIndex(DBApiLayer.java:354)
	at com.mongodb.DBCollection.ensureIndex(DBCollection.java:444)
	at com.mongodb.DBCollection.ensureIndex(DBCollection.java:392)
	at net.ion.radon.repository.Workspace.createWorkspace(Workspace.java:64)
	at net.ion.radon.repository.Workspace.load(Workspace.java:43)
	at net.ion.radon.repository.Repository.getWorkspace(Repository.java:28)
	at net.ion.radon.repository.LocalSession.getCurrentWorkspace(LocalSession.java:147)
	at net.ion.radon.repository.LocalSession.dropWorkspace(LocalSession.java:76)
	at net.ion.radon.repository.TestBaseRepository.setUp(TestBaseRepository.java:17)
	at net.ion.radon.repository.TestAdvanceNode.setUp(TestAdvanceNode.java:14)
	at junit.framework.TestCase.runBare(TestCase.java:128)
	at junit.framework.TestResult$1.protect(TestResult.java:106)
	at junit.framework.TestResult.runProtected(TestResult.java:124)
	at junit.framework.TestResult.run(TestResult.java:109)
	at junit.framework.TestCase.run(TestCase.java:120)
	at junit.framework.TestSuite.runTest(TestSuite.java:230)
	at junit.framework.TestSuite.run(TestSuite.java:225)
	at junit.framework.TestSuite.runTest(TestSuite.java:230)
	at junit.framework.TestSuite.run(TestSuite.java:225)
	at junit.framework.TestSuite.runTest(TestSuite.java:230)
	at junit.framework.TestSuite.run(TestSuite.java:225)
	at junit.framework.TestSuite.runTest(TestSuite.java:230)
	at junit.framework.TestSuite.run(TestSuite.java:225)
	at org.apache.tools.ant.taskdefs.optional.junit.JUnitTestRunner.run(JUnitTestRunner.java:421)
	at org.apache.tools.ant.taskdefs.optional.junit.JUnitTestRunner.launch(JUnitTestRunner.java:912)
	at org.apache.tools.ant.taskdefs.optional.junit.JUnitTestRunner.main(JUnitTestRunner.java:766)
2011. 11. 17 오전 7:21:45 com.mongodb.DBTCPConnector fetchMaxBsonObjectSize
경고: Exception determining maxBSON size using0
java.io.IOException: couldn't connect to [/61.250.201.78:27017] bc:java.net.ConnectException: Connection timed out: connect
	at com.mongodb.DBPort._open(DBPort.java:224)
	at com.mongodb.DBPort.go(DBPort.java:101)
	at com.mongodb.DBPort.go(DBPort.java:82)
	at com.mongodb.DBPort.findOne(DBPort.java:142)
	at com.mongodb.DBPort.runCommand(DBPort.java:151)
	at com.mongodb.DBTCPConnector.fetchMaxBsonObjectSize(DBTCPConnector.java:429)
	at com.mongodb.DBTCPConnector.checkMaster(DBTCPConnector.java:416)
	at com.mongodb.DBTCPConnector.say(DBTCPConnector.java:139)
	at com.mongodb.DBTCPConnector.say(DBTCPConnector.java:132)
	at com.mongodb.DBApiLayer$MyCollection.insert(DBApiLayer.java:262)
	at com.mongodb.DBApiLayer$MyCollection.createIndex(DBApiLayer.java:354)
	at com.mongodb.DBCollection.ensureIndex(DBCollection.java:444)
	at com.mongodb.DBCollection.ensureIndex(DBCollection.java:392)
	at net.ion.radon.repository.Workspace.createWorkspace(Workspace.java:64)
	at net.ion.radon.repository.Workspace.load(Workspace.java:43)
	at net.ion.radon.repository.Repository.getWorkspace(Repository.java:28)
	at net.ion.radon.repository.LocalSession.getCurrentWorkspace(LocalSession.java:147)
	at net.ion.radon.repository.LocalSession.dropWorkspace(LocalSession.java:76)
	at net.ion.radon.repository.TestBaseRepository.setUp(TestBaseRepository.java:17)
	at net.ion.radon.repository.TestAdvanceNode.setUp(TestAdvanceNode.java:14)
	at junit.framework.TestCase.runBare(TestCase.java:128)
	at junit.framework.TestResult$1.protect(TestResult.java:106)
	at junit.framework.TestResult.runProtected(TestResult.java:124)
	at junit.framework.TestResult.run(TestResult.java:109)
	at junit.framework.TestCase.run(TestCase.java:120)
	at junit.framework.TestSuite.runTest(TestSuite.java:230)
	at junit.framework.TestSuite.run(TestSuite.java:225)
	at junit.framework.TestSuite.runTest(TestSuite.java:230)
	at junit.framework.TestSuite.run(TestSuite.java:225)
	at junit.framework.TestSuite.runTest(TestSuite.java:230)
	at junit.framework.TestSuite.run(TestSuite.java:225)
	at junit.framework.TestSuite.runTest(TestSuite.java:230)
	at junit.framework.TestSuite.run(TestSuite.java:225)
	at org.apache.tools.ant.taskdefs.optional.junit.JUnitTestRunner.run(JUnitTestRunner.java:421)
	at org.apache.tools.ant.taskdefs.optional.junit.JUnitTestRunner.launch(JUnitTestRunner.java:912)
	at org.apache.tools.ant.taskdefs.optional.junit.JUnitTestRunner.main(JUnitTestRunner.java:766)
2011. 11. 17 오전 7:22:06 com.mongodb.DBPortPool gotError
경고: emptying DBPortPool to 61.250.201.78:27017 b/c of error
java.io.IOException: couldn't connect to [/61.250.201.78:27017] bc:java.net.ConnectException: Connection timed out: connect
	at com.mongodb.DBPort._open(DBPort.java:224)
	at com.mongodb.DBPort.go(DBPort.java:101)
	at com.mongodb.DBPort.go(DBPort.java:82)
	at com.mongodb.DBPort.say(DBPort.java:77)
	at com.mongodb.DBTCPConnector.say(DBTCPConnector.java:146)
	at com.mongodb.DBTCPConnector.say(DBTCPConnector.java:132)
	at com.mongodb.DBApiLayer$MyCollection.insert(DBApiLayer.java:262)
	at com.mongodb.DBApiLayer$MyCollection.createIndex(DBApiLayer.java:354)
	at com.mongodb.DBCollection.ensureIndex(DBCollection.java:444)
	at com.mongodb.DBCollection.ensureIndex(DBCollection.java:392)
	at net.ion.radon.repository.Workspace.createWorkspace(Workspace.java:64)
	at net.ion.radon.repository.Workspace.load(Workspace.java:43)
	at net.ion.radon.repository.Repository.getWorkspace(Repository.java:28)
	at net.ion.radon.repository.LocalSession.getCurrentWorkspace(LocalSession.java:147)
	at net.ion.radon.repository.LocalSession.dropWorkspace(LocalSession.java:76)
	at net.ion.radon.repository.TestBaseRepository.setUp(TestBaseRepository.java:17)
	at net.ion.radon.repository.TestAdvanceNode.setUp(TestAdvanceNode.java:14)
	at junit.framework.TestCase.runBare(TestCase.java:128)
	at junit.framework.TestResult$1.protect(TestResult.java:106)
	at junit.framework.TestResult.runProtected(TestResult.java:124)
	at junit.framework.TestResult.run(TestResult.java:109)
	at junit.framework.TestCase.run(TestCase.java:120)
	at junit.framework.TestSuite.runTest(TestSuite.java:230)
	at junit.framework.TestSuite.run(TestSuite.java:225)
	at junit.framework.TestSuite.runTest(TestSuite.java:230)
	at junit.framework.TestSuite.run(TestSuite.java:225)
	at junit.framework.TestSuite.runTest(TestSuite.java:230)
	at junit.framework.TestSuite.run(TestSuite.java:225)
	at junit.framework.TestSuite.runTest(TestSuite.java:230)
	at junit.framework.TestSuite.run(TestSuite.java:225)
	at org.apache.tools.ant.taskdefs.optional.junit.JUnitTestRunner.run(JUnitTestRunner.java:421)
	at org.apache.tools.ant.taskdefs.optional.junit.JUnitTestRunner.launch(JUnitTestRunner.java:912)
	at org.apache.tools.ant.taskdefs.optional.junit.JUnitTestRunner.main(JUnitTestRunner.java:766)
2011. 11. 17 오전 7:22:27 com.mongodb.DBTCPConnector fetchMaxBsonObjectSize
경고: Exception determining maxBSON size using0
java.io.IOException: couldn't connect to [/61.250.201.78:27017] bc:java.net.ConnectException: Connection timed out: connect
	at com.mongodb.DBPort._open(DBPort.java:224)
	at com.mongodb.DBPort.go(DBPort.java:101)
	at com.mongodb.DBPort.go(DBPort.java:82)
	at com.mongodb.DBPort.findOne(DBPort.java:142)
	at com.mongodb.DBPort.runCommand(DBPort.java:151)
	at com.mongodb.DBTCPConnector.fetchMaxBsonObjectSize(DBTCPConnector.java:429)
	at com.mongodb.Mongo.getMaxBsonObjectSize(Mongo.java:544)
	at com.mongodb.DBApiLayer$MyCollection.insert(DBApiLayer.java:244)
	at com.mongodb.DBApiLayer$MyCollection.createIndex(DBApiLayer.java:354)
	at com.mongodb.DBCollection.ensureIndex(DBCollection.java:444)
	at com.mongodb.DBCollection.ensureIndex(DBCollection.java:392)
	at net.ion.radon.repository.Workspace.createWorkspace(Workspace.java:64)
	at net.ion.radon.repository.Workspace.load(Workspace.java:43)
	at net.ion.radon.repository.Repository.getWorkspace(Repository.java:28)
	at net.ion.radon.repository.LocalSession.getCurrentWorkspace(LocalSession.java:147)
	at net.ion.radon.repository.LocalSession.dropWorkspace(LocalSession.java:76)
	at net.ion.radon.repository.TestBaseRepository.setUp(TestBaseRepository.java:17)
	at net.ion.radon.repository.TestAdvanceNode.setUp(TestAdvanceNode.java:14)
	at junit.framework.TestCase.runBare(TestCase.java:128)
	at junit.framework.TestResult$1.protect(TestResult.java:106)
	at junit.framework.TestResult.runProtected(TestResult.java:124)
	at junit.framework.TestResult.run(TestResult.java:109)
	at junit.framework.TestCase.run(TestCase.java:120)
	at junit.framework.TestSuite.runTest(TestSuite.java:230)
	at junit.framework.TestSuite.run(TestSuite.java:225)
	at junit.framework.TestSuite.runTest(TestSuite.java:230)
	at junit.framework.TestSuite.run(TestSuite.java:225)
	at junit.framework.TestSuite.runTest(TestSuite.java:230)
	at junit.framework.TestSuite.run(TestSuite.java:225)
	at junit.framework.TestSuite.runTest(TestSuite.java:230)
	at junit.framework.TestSuite.run(TestSuite.java:225)
	at org.apache.tools.ant.taskdefs.optional.junit.JUnitTestRunner.run(JUnitTestRunner.java:421)
	at org.apache.tools.ant.taskdefs.optional.junit.JUnitTestRunner.launch(JUnitTestRunner.java:912)
	at org.apache.tools.ant.taskdefs.optional.junit.JUnitTestRunner.main(JUnitTestRunner.java:766)
2011. 11. 17 오전 7:22:48 com.mongodb.DBTCPConnector fetchMaxBsonObjectSize
경고: Exception determining maxBSON size using0
java.io.IOException: couldn't connect to [/61.250.201.78:27017] bc:java.net.ConnectException: Connection timed out: connect
	at com.mongodb.DBPort._open(DBPort.java:224)
	at com.mongodb.DBPort.go(DBPort.java:101)
	at com.mongodb.DBPort.go(DBPort.java:82)
	at com.mongodb.DBPort.findOne(DBPort.java:142)
	at com.mongodb.DBPort.runCommand(DBPort.java:151)
	at com.mongodb.DBTCPConnector.fetchMaxBsonObjectSize(DBTCPConnector.java:429)
	at com.mongodb.DBTCPConnector.checkMaster(DBTCPConnector.java:416)
	at com.mongodb.DBTCPConnector.say(DBTCPConnector.java:139)
	at com.mongodb.DBTCPConnector.say(DBTCPConnector.java:132)
	at com.mongodb.DBApiLayer$MyCollection.insert(DBApiLayer.java:262)
	at com.mongodb.DBApiLayer$MyCollection.createIndex(DBApiLayer.java:354)
	at com.mongodb.DBCollection.ensureIndex(DBCollection.java:444)
	at com.mongodb.DBCollection.ensureIndex(DBCollection.java:392)
	at net.ion.radon.repository.Workspace.createWorkspace(Workspace.java:64)
	at net.ion.radon.repository.Workspace.load(Workspace.java:43)
	at net.ion.radon.repository.Repository.getWorkspace(Repository.java:28)
	at net.ion.radon.repository.LocalSession.getCurrentWorkspace(LocalSession.java:147)
	at net.ion.radon.repository.LocalSession.dropWorkspace(LocalSession.java:76)
	at net.ion.radon.repository.TestBaseRepository.setUp(TestBaseRepository.java:17)
	at net.ion.radon.repository.TestAdvanceNode.setUp(TestAdvanceNode.java:14)
	at junit.framework.TestCase.runBare(TestCase.java:128)
	at junit.framework.TestResult$1.protect(TestResult.java:106)
	at junit.framework.TestResult.runProtected(TestResult.java:124)
	at junit.framework.TestResult.run(TestResult.java:109)
	at junit.framework.TestCase.run(TestCase.java:120)
	at junit.framework.TestSuite.runTest(TestSuite.java:230)
	at junit.framework.TestSuite.run(TestSuite.java:225)
	at junit.framework.TestSuite.runTest(TestSuite.java:230)
	at junit.framework.TestSuite.run(TestSuite.java:225)
	at junit.framework.TestSuite.runTest(TestSuite.java:230)
	at junit.framework.TestSuite.run(TestSuite.java:225)
	at junit.framework.TestSuite.runTest(TestSuite.java:230)
	at junit.framework.TestSuite.run(TestSuite.java:225)
	at org.apache.tools.ant.taskdefs.optional.junit.JUnitTestRunner.run(JUnitTestRunner.java:421)
	at org.apache.tools.ant.taskdefs.optional.junit.JUnitTestRunner.launch(JUnitTestRunner.java:912)
	at org.apache.tools.ant.taskdefs.optional.junit.JUnitTestRunner.main(JUnitTestRunner.java:766)
2011. 11. 17 오전 7:23:09 com.mongodb.DBPortPool gotError
경고: emptying DBPortPool to 61.250.201.78:27017 b/c of error
java.io.IOException: couldn't connect to [/61.250.201.78:27017] bc:java.net.ConnectException: Connection timed out: connect
	at com.mongodb.DBPort._open(DBPort.java:224)
	at com.mongodb.DBPort.go(DBPort.java:101)
	at com.mongodb.DBPort.go(DBPort.java:82)
	at com.mongodb.DBPort.say(DBPort.java:77)
	at com.mongodb.DBTCPConnector.say(DBTCPConnector.java:146)
	at com.mongodb.DBTCPConnector.say(DBTCPConnector.java:132)
	at com.mongodb.DBApiLayer$MyCollection.insert(DBApiLayer.java:262)
	at com.mongodb.DBApiLayer$MyCollection.createIndex(DBApiLayer.java:354)
	at com.mongodb.DBCollection.ensureIndex(DBCollection.java:444)
	at com.mongodb.DBCollection.ensureIndex(DBCollection.java:392)
	at net.ion.radon.repository.Workspace.createWorkspace(Workspace.java:64)
	at net.ion.radon.repository.Workspace.load(Workspace.java:43)
	at net.ion.radon.repository.Repository.getWorkspace(Repository.java:28)
	at net.ion.radon.repository.LocalSession.getCurrentWorkspace(LocalSession.java:147)
	at net.ion.radon.repository.LocalSession.dropWorkspace(LocalSession.java:76)
	at net.ion.radon.repository.TestBaseRepository.setUp(TestBaseRepository.java:17)
	at net.ion.radon.repository.TestAdvanceNode.setUp(TestAdvanceNode.java:14)
	at junit.framework.TestCase.runBare(TestCase.java:128)
	at junit.framework.TestResult$1.protect(TestResult.java:106)
	at junit.framework.TestResult.runProtected(TestResult.java:124)
	at junit.framework.TestResult.run(TestResult.java:109)
	at junit.framework.TestCase.run(TestCase.java:120)
	at junit.framework.TestSuite.runTest(TestSuite.java:230)
	at junit.framework.TestSuite.run(TestSuite.java:225)
	at junit.framework.TestSuite.runTest(TestSuite.java:230)
	at junit.framework.TestSuite.run(TestSuite.java:225)
	at junit.framework.TestSuite.runTest(TestSuite.java:230)
	at junit.framework.TestSuite.run(TestSuite.java:225)
	at junit.framework.TestSuite.runTest(TestSuite.java:230)
	at junit.framework.TestSuite.run(TestSuite.java:225)
	at org.apache.tools.ant.taskdefs.optional.junit.JUnitTestRunner.run(JUnitTestRunner.java:421)
	at org.apache.tools.ant.taskdefs.optional.junit.JUnitTestRunner.launch(JUnitTestRunner.java:912)
	at org.apache.tools.ant.taskdefs.optional.junit.JUnitTestRunner.main(JUnitTestRunner.java:766)
2011. 11. 17 오전 7:23:30 com.mongodb.DBTCPConnector fetchMaxBsonObjectSize
경고: Exception determining maxBSON size using0
java.io.IOException: couldn't connect to [/61.250.201.78:27017] bc:java.net.ConnectException: Connection timed out: connect
	at com.mongodb.DBPort._open(DBPort.java:224)
	at com.mongodb.DBPort.go(DBPort.java:101)
	at com.mongodb.DBPort.go(DBPort.java:82)
	at com.mongodb.DBPort.findOne(DBPort.java:142)
	at com.mongodb.DBPort.runCommand(DBPort.java:151)
	at com.mongodb.DBTCPConnector.fetchMaxBsonObjectSize(DBTCPConnector.java:429)
	at com.mongodb.Mongo.getMaxBsonObjectSize(Mongo.java:544)
	at com.mongodb.DBApiLayer$MyCollection.insert(DBApiLayer.java:244)
	at com.mongodb.DBApiLayer$MyCollection.createIndex(DBApiLayer.java:354)
	at com.mongodb.DBCollection.ensureIndex(DBCollection.java:444)
	at com.mongodb.DBCollection.ensureIndex(DBCollection.java:392)
	at net.ion.radon.repository.Workspace.createWorkspace(Workspace.java:64)
	at net.ion.radon.repository.Workspace.load(Workspace.java:43)
	at net.ion.radon.repository.Repository.getWorkspace(Repository.java:28)
	at net.ion.radon.repository.LocalSession.getCurrentWorkspace(LocalSession.java:147)
	at net.ion.radon.repository.LocalSession.dropWorkspace(LocalSession.java:76)
	at net.ion.radon.repository.TestBaseRepository.setUp(TestBaseRepository.java:17)
	at junit.framework.TestCase.runBare(TestCase.java:128)
	at junit.framework.TestResult$1.protect(TestResult.java:106)
	at junit.framework.TestResult.runProtected(TestResult.java:124)
	at junit.framework.TestResult.run(TestResult.java:109)
	at junit.framework.TestCase.run(TestCase.java:120)
	at junit.framework.TestSuite.runTest(TestSuite.java:230)
	at junit.framework.TestSuite.run(TestSuite.java:225)
	at junit.framework.TestSuite.runTest(TestSuite.java:230)
	at junit.framework.TestSuite.run(TestSuite.java:225)
	at junit.framework.TestSuite.runTest(TestSuite.java:230)
	at junit.framework.TestSuite.run(TestSuite.java:225)
	at junit.framework.TestSuite.runTest(TestSuite.java:230)
	at junit.framework.TestSuite.run(TestSuite.java:225)
	at org.apache.tools.ant.taskdefs.optional.junit.JUnitTestRunner.run(JUnitTestRunner.java:421)
	at org.apache.tools.ant.taskdefs.optional.junit.JUnitTestRunner.launch(JUnitTestRunner.java:912)
	at org.apache.tools.ant.taskdefs.optional.junit.JUnitTestRunner.main(JUnitTestRunner.java:766)
2011. 11. 17 오전 7:23:51 com.mongodb.DBTCPConnector fetchMaxBsonObjectSize
경고: Exception determining maxBSON size using0
java.io.IOException: couldn't connect to [/61.250.201.78:27017] bc:java.net.ConnectException: Connection timed out: connect
	at com.mongodb.DBPort._open(DBPort.java:224)
	at com.mongodb.DBPort.go(DBPort.java:101)
	at com.mongodb.DBPort.go(DBPort.java:82)
	at com.mongodb.DBPort.findOne(DBPort.java:142)
	at com.mongodb.DBPort.runCommand(DBPort.java:151)
	at com.mongodb.DBTCPConnector.fetchMaxBsonObjectSize(DBTCPConnector.java:429)
	at com.mongodb.DBTCPConnector.checkMaster(DBTCPConnector.java:416)
	at com.mongodb.DBTCPConnector.say(DBTCPConnector.java:139)
	at com.mongodb.DBTCPConnector.say(DBTCPConnector.java:132)
	at com.mongodb.DBApiLayer$MyCollection.insert(DBApiLayer.java:262)
	at com.mongodb.DBApiLayer$MyCollection.createIndex(DBApiLayer.java:354)
	at com.mongodb.DBCollection.ensureIndex(DBCollection.java:444)
	at com.mongodb.DBCollection.ensureIndex(DBCollection.java:392)
	at net.ion.radon.repository.Workspace.createWorkspace(Workspace.java:64)
	at net.ion.radon.repository.Workspace.load(Workspace.java:43)
	at net.ion.radon.repository.Repository.getWorkspace(Repository.java:28)
	at net.ion.radon.repository.LocalSession.getCurrentWorkspace(LocalSession.java:147)
	at net.ion.radon.repository.LocalSession.dropWorkspace(LocalSession.java:76)
	at net.ion.radon.repository.TestBaseRepository.setUp(TestBaseRepository.java:17)
	at junit.framework.TestCase.runBare(TestCase.java:128)
	at junit.framework.TestResult$1.protect(TestResult.java:106)
	at junit.framework.TestResult.runProtected(TestResult.java:124)
	at junit.framework.TestResult.run(TestResult.java:109)
	at junit.framework.TestCase.run(TestCase.java:120)
	at junit.framework.TestSuite.runTest(TestSuite.java:230)
	at junit.framework.TestSuite.run(TestSuite.java:225)
	at junit.framework.TestSuite.runTest(TestSuite.java:230)
	at junit.framework.TestSuite.run(TestSuite.java:225)
	at junit.framework.TestSuite.runTest(TestSuite.java:230)
	at junit.framework.TestSuite.run(TestSuite.java:225)
	at junit.framework.TestSuite.runTest(TestSuite.java:230)
	at junit.framework.TestSuite.run(TestSuite.java:225)
	at org.apache.tools.ant.taskdefs.optional.junit.JUnitTestRunner.run(JUnitTestRunner.java:421)
	at org.apache.tools.ant.taskdefs.optional.junit.JUnitTestRunner.launch(JUnitTestRunner.java:912)
	at org.apache.tools.ant.taskdefs.optional.junit.JUnitTestRunner.main(JUnitTestRunner.java:766)
2011. 11. 17 오전 7:24:12 com.mongodb.DBPortPool gotError
경고: emptying DBPortPool to 61.250.201.78:27017 b/c of error
java.io.IOException: couldn't connect to [/61.250.201.78:27017] bc:java.net.ConnectException: Connection timed out: connect
	at com.mongodb.DBPort._open(DBPort.java:224)
	at com.mongodb.DBPort.go(DBPort.java:101)
	at com.mongodb.DBPort.go(DBPort.java:82)
	at com.mongodb.DBPort.say(DBPort.java:77)
	at com.mongodb.DBTCPConnector.say(DBTCPConnector.java:146)
	at com.mongodb.DBTCPConnector.say(DBTCPConnector.java:132)
	at com.mongodb.DBApiLayer$MyCollection.insert(DBApiLayer.java:262)
	at com.mongodb.DBApiLayer$MyCollection.createIndex(DBApiLayer.java:354)
	at com.mongodb.DBCollection.ensureIndex(DBCollection.java:444)
	at com.mongodb.DBCollection.ensureIndex(DBCollection.java:392)
	at net.ion.radon.repository.Workspace.createWorkspace(Workspace.java:64)
	at net.ion.radon.repository.Workspace.load(Workspace.java:43)
	at net.ion.radon.repository.Repository.getWorkspace(Repository.java:28)
	at net.ion.radon.repository.LocalSession.getCurrentWorkspace(LocalSession.java:147)
	at net.ion.radon.repository.LocalSession.dropWorkspace(LocalSession.java:76)
	at net.ion.radon.repository.TestBaseRepository.setUp(TestBaseRepository.java:17)
	at junit.framework.TestCase.runBare(TestCase.java:128)
	at junit.framework.TestResult$1.protect(TestResult.java:106)
	at junit.framework.TestResult.runProtected(TestResult.java:124)
	at junit.framework.TestResult.run(TestResult.java:109)
	at junit.framework.TestCase.run(TestCase.java:120)
	at junit.framework.TestSuite.runTest(TestSuite.java:230)
	at junit.framework.TestSuite.run(TestSuite.java:225)
	at junit.framework.TestSuite.runTest(TestSuite.java:230)
	at junit.framework.TestSuite.run(TestSuite.java:225)
	at junit.framework.TestSuite.runTest(TestSuite.java:230)
	at junit.framework.TestSuite.run(TestSuite.java:225)
	at junit.framework.TestSuite.runTest(TestSuite.java:230)
	at junit.framework.TestSuite.run(TestSuite.java:225)
	at org.apache.tools.ant.taskdefs.optional.junit.JUnitTestRunner.run(JUnitTestRunner.java:421)
	at org.apache.tools.ant.taskdefs.optional.junit.JUnitTestRunner.launch(JUnitTestRunner.java:912)
	at org.apache.tools.ant.taskdefs.optional.junit.JUnitTestRunner.main(JUnitTestRunner.java:766)
2011. 11. 17 오전 7:24:34 com.mongodb.DBTCPConnector fetchMaxBsonObjectSize
경고: Exception determining maxBSON size using0
java.io.IOException: couldn't connect to [/61.250.201.78:27017] bc:java.net.ConnectException: Connection timed out: connect
	at com.mongodb.DBPort._open(DBPort.java:224)
	at com.mongodb.DBPort.go(DBPort.java:101)
	at com.mongodb.DBPort.go(DBPort.java:82)
	at com.mongodb.DBPort.findOne(DBPort.java:142)
	at com.mongodb.DBPort.runCommand(DBPort.java:151)
	at com.mongodb.DBTCPConnector.fetchMaxBsonObjectSize(DBTCPConnector.java:429)
	at com.mongodb.Mongo.getMaxBsonObjectSize(Mongo.java:544)
	at com.mongodb.DBApiLayer$MyCollection.insert(DBApiLayer.java:244)
	at com.mongodb.DBApiLayer$MyCollection.createIndex(DBApiLayer.java:354)
	at com.mongodb.DBCollection.ensureIndex(DBCollection.java:444)
	at com.mongodb.DBCollection.ensureIndex(DBCollection.java:392)
	at net.ion.radon.repository.Workspace.createWorkspace(Workspace.java:64)
	at net.ion.radon.repository.Workspace.load(Workspace.java:43)
	at net.ion.radon.repository.Repository.getWorkspace(Repository.java:28)
	at net.ion.radon.repository.LocalSession.getCurrentWorkspace(LocalSession.java:147)
	at net.ion.radon.repository.LocalSession.dropWorkspace(LocalSession.java:76)
	at net.ion.radon.repository.TestBaseRepository.setUp(TestBaseRepository.java:17)
	at junit.framework.TestCase.runBare(TestCase.java:128)
	at junit.framework.TestResult$1.protect(TestResult.java:106)
	at junit.framework.TestResult.runProtected(TestResult.java:124)
	at junit.framework.TestResult.run(TestResult.java:109)
	at junit.framework.TestCase.run(TestCase.java:120)
	at junit.framework.TestSuite.runTest(TestSuite.java:230)
	at junit.framework.TestSuite.run(TestSuite.java:225)
	at junit.framework.TestSuite.runTest(TestSuite.java:230)
	at junit.framework.TestSuite.run(TestSuite.java:225)
	at junit.framework.TestSuite.runTest(TestSuite.java:230)
	at junit.framework.TestSuite.run(TestSuite.java:225)
	at junit.framework.TestSuite.runTest(TestSuite.java:230)
	at junit.framework.TestSuite.run(TestSuite.java:225)
	at org.apache.tools.ant.taskdefs.optional.junit.JUnitTestRunner.run(JUnitTestRunner.java:421)
	at org.apache.tools.ant.taskdefs.optional.junit.JUnitTestRunner.launch(JUnitTestRunner.java:912)
	at org.apache.tools.ant.taskdefs.optional.junit.JUnitTestRunner.main(JUnitTestRunner.java:766)
2011. 11. 17 오전 7:24:55 com.mongodb.DBTCPConnector fetchMaxBsonObjectSize
경고: Exception determining maxBSON size using0
java.io.IOException: couldn't connect to [/61.250.201.78:27017] bc:java.net.ConnectException: Connection timed out: connect
	at com.mongodb.DBPort._open(DBPort.java:224)
	at com.mongodb.DBPort.go(DBPort.java:101)
	at com.mongodb.DBPort.go(DBPort.java:82)
	at com.mongodb.DBPort.findOne(DBPort.java:142)
	at com.mongodb.DBPort.runCommand(DBPort.java:151)
	at com.mongodb.DBTCPConnector.fetchMaxBsonObjectSize(DBTCPConnector.java:429)
	at com.mongodb.DBTCPConnector.checkMaster(DBTCPConnector.java:416)
	at com.mongodb.DBTCPConnector.say(DBTCPConnector.java:139)
	at com.mongodb.DBTCPConnector.say(DBTCPConnector.java:132)
	at com.mongodb.DBApiLayer$MyCollection.insert(DBApiLayer.java:262)
	at com.mongodb.DBApiLayer$MyCollection.createIndex(DBApiLayer.java:354)
	at com.mongodb.DBCollection.ensureIndex(DBCollection.java:444)
	at com.mongodb.DBCollection.ensureIndex(DBCollection.java:392)
	at net.ion.radon.repository.Workspace.createWorkspace(Workspace.java:64)
	at net.ion.radon.repository.Workspace.load(Workspace.java:43)
	at net.ion.radon.repository.Repository.getWorkspace(Repository.java:28)
	at net.ion.radon.repository.LocalSession.getCurrentWorkspace(LocalSession.java:147)
	at net.ion.radon.repository.LocalSession.dropWorkspace(LocalSession.java:76)
	at net.ion.radon.repository.TestBaseRepository.setUp(TestBaseRepository.java:17)
	at junit.framework.TestCase.runBare(TestCase.java:128)
	at junit.framework.TestResult$1.protect(TestResult.java:106)
	at junit.framework.TestResult.runProtected(TestResult.java:124)
	at junit.framework.TestResult.run(TestResult.java:109)
	at junit.framework.TestCase.run(TestCase.java:120)
	at junit.framework.TestSuite.runTest(TestSuite.java:230)
	at junit.framework.TestSuite.run(TestSuite.java:225)
	at junit.framework.TestSuite.runTest(TestSuite.java:230)
	at junit.framework.TestSuite.run(TestSuite.java:225)
	at junit.framework.TestSuite.runTest(TestSuite.java:230)
	at junit.framework.TestSuite.run(TestSuite.java:225)
	at junit.framework.TestSuite.runTest(TestSuite.java:230)
	at junit.framework.TestSuite.run(TestSuite.java:225)
	at org.apache.tools.ant.taskdefs.optional.junit.JUnitTestRunner.run(JUnitTestRunner.java:421)
	at org.apache.tools.ant.taskdefs.optional.junit.JUnitTestRunner.launch(JUnitTestRunner.java:912)
	at org.apache.tools.ant.taskdefs.optional.junit.JUnitTestRunner.main(JUnitTestRunner.java:766)
2011. 11. 17 오전 7:25:16 com.mongodb.DBPortPool gotError
경고: emptying DBPortPool to 61.250.201.78:27017 b/c of error
java.io.IOException: couldn't connect to [/61.250.201.78:27017] bc:java.net.ConnectException: Connection timed out: connect
	at com.mongodb.DBPort._open(DBPort.java:224)
	at com.mongodb.DBPort.go(DBPort.java:101)
	at com.mongodb.DBPort.go(DBPort.java:82)
	at com.mongodb.DBPort.say(DBPort.java:77)
	at com.mongodb.DBTCPConnector.say(DBTCPConnector.java:146)
	at com.mongodb.DBTCPConnector.say(DBTCPConnector.java:132)
	at com.mongodb.DBApiLayer$MyCollection.insert(DBApiLayer.java:262)
	at com.mongodb.DBApiLayer$MyCollection.createIndex(DBApiLayer.java:354)
	at com.mongodb.DBCollection.ensureIndex(DBCollection.java:444)
	at com.mongodb.DBCollection.ensureIndex(DBCollection.java:392)
	at net.ion.radon.repository.Workspace.createWorkspace(Workspace.java:64)
	at net.ion.radon.repository.Workspace.load(Workspace.java:43)
	at net.ion.radon.repository.Repository.getWorkspace(Repository.java:28)
	at net.ion.radon.repository.LocalSession.getCurrentWorkspace(LocalSession.java:147)
	at net.ion.radon.repository.LocalSession.dropWorkspace(LocalSession.java:76)
	at net.ion.radon.repository.TestBaseRepository.setUp(TestBaseRepository.java:17)
	at junit.framework.TestCase.runBare(TestCase.java:128)
	at junit.framework.TestResult$1.protect(TestResult.java:106)
	at junit.framework.TestResult.runProtected(TestResult.java:124)
	at junit.framework.TestResult.run(TestResult.java:109)
	at junit.framework.TestCase.run(TestCase.java:120)
	at junit.framework.TestSuite.runTest(TestSuite.java:230)
	at junit.framework.TestSuite.run(TestSuite.java:225)
	at junit.framework.TestSuite.runTest(TestSuite.java:230)
	at junit.framework.TestSuite.run(TestSuite.java:225)
	at junit.framework.TestSuite.runTest(TestSuite.java:230)
	at junit.framework.TestSuite.run(TestSuite.java:225)
	at junit.framework.TestSuite.runTest(TestSuite.java:230)
	at junit.framework.TestSuite.run(TestSuite.java:225)
	at org.apache.tools.ant.taskdefs.optional.junit.JUnitTestRunner.run(JUnitTestRunner.java:421)
	at org.apache.tools.ant.taskdefs.optional.junit.JUnitTestRunner.launch(JUnitTestRunner.java:912)
	at org.apache.tools.ant.taskdefs.optional.junit.JUnitTestRunner.main(JUnitTestRunner.java:766)
2011. 11. 17 오전 7:25:37 com.mongodb.DBTCPConnector fetchMaxBsonObjectSize
경고: Exception determining maxBSON size using0
java.io.IOException: couldn't connect to [/61.250.201.78:27017] bc:java.net.ConnectException: Connection timed out: connect
	at com.mongodb.DBPort._open(DBPort.java:224)
	at com.mongodb.DBPort.go(DBPort.java:101)
	at com.mongodb.DBPort.go(DBPort.java:82)
	at com.mongodb.DBPort.findOne(DBPort.java:142)
	at com.mongodb.DBPort.runCommand(DBPort.java:151)
	at com.mongodb.DBTCPConnector.fetchMaxBsonObjectSize(DBTCPConnector.java:429)
	at com.mongodb.Mongo.getMaxBsonObjectSize(Mongo.java:544)
	at com.mongodb.DBApiLayer$MyCollection.insert(DBApiLayer.java:244)
	at com.mongodb.DBApiLayer$MyCollection.createIndex(DBApiLayer.java:354)
	at com.mongodb.DBCollection.ensureIndex(DBCollection.java:444)
	at com.mongodb.DBCollection.ensureIndex(DBCollection.java:392)
	at net.ion.radon.repository.Workspace.createWorkspace(Workspace.java:64)
	at net.ion.radon.repository.Workspace.load(Workspace.java:43)
	at net.ion.radon.repository.Repository.getWorkspace(Repository.java:28)
	at net.ion.radon.repository.LocalSession.getCurrentWorkspace(LocalSession.java:147)
	at net.ion.radon.repository.LocalSession.dropWorkspace(LocalSession.java:76)
	at net.ion.radon.repository.TestBaseRepository.setUp(TestBaseRepository.java:17)
	at junit.framework.TestCase.runBare(TestCase.java:128)
	at junit.framework.TestResult$1.protect(TestResult.java:106)
	at junit.framework.TestResult.runProtected(TestResult.java:124)
	at junit.framework.TestResult.run(TestResult.java:109)
	at junit.framework.TestCase.run(TestCase.java:120)
	at junit.framework.TestSuite.runTest(TestSuite.java:230)
	at junit.framework.TestSuite.run(TestSuite.java:225)
	at junit.framework.TestSuite.runTest(TestSuite.java:230)
	at junit.framework.TestSuite.run(TestSuite.java:225)
	at junit.framework.TestSuite.runTest(TestSuite.java:230)
	at junit.framework.TestSuite.run(TestSuite.java:225)
	at junit.framework.TestSuite.runTest(TestSuite.java:230)
	at junit.framework.TestSuite.run(TestSuite.java:225)
	at org.apache.tools.ant.taskdefs.optional.junit.JUnitTestRunner.run(JUnitTestRunner.java:421)
	at org.apache.tools.ant.taskdefs.optional.junit.JUnitTestRunner.launch(JUnitTestRunner.java:912)
	at org.apache.tools.ant.taskdefs.optional.junit.JUnitTestRunner.main(JUnitTestRunner.java:766)
2011. 11. 17 오전 7:25:58 com.mongodb.DBTCPConnector fetchMaxBsonObjectSize
경고: Exception determining maxBSON size using0
java.io.IOException: couldn't connect to [/61.250.201.78:27017] bc:java.net.ConnectException: Connection timed out: connect
	at com.mongodb.DBPort._open(DBPort.java:224)
	at com.mongodb.DBPort.go(DBPort.java:101)
	at com.mongodb.DBPort.go(DBPort.java:82)
	at com.mongodb.DBPort.findOne(DBPort.java:142)
	at com.mongodb.DBPort.runCommand(DBPort.java:151)
	at com.mongodb.DBTCPConnector.fetchMaxBsonObjectSize(DBTCPConnector.java:429)
	at com.mongodb.DBTCPConnector.checkMaster(DBTCPConnector.java:416)
	at com.mongodb.DBTCPConnector.say(DBTCPConnector.java:139)
	at com.mongodb.DBTCPConnector.say(DBTCPConnector.java:132)
	at com.mongodb.DBApiLayer$MyCollection.insert(DBApiLayer.java:262)
	at com.mongodb.DBApiLayer$MyCollection.createIndex(DBApiLayer.java:354)
	at com.mongodb.DBCollection.ensureIndex(DBCollection.java:444)
	at com.mongodb.DBCollection.ensureIndex(DBCollection.java:392)
	at net.ion.radon.repository.Workspace.createWorkspace(Workspace.java:64)
	at net.ion.radon.repository.Workspace.load(Workspace.java:43)
	at net.ion.radon.repository.Repository.getWorkspace(Repository.java:28)
	at net.ion.radon.repository.LocalSession.getCurrentWorkspace(LocalSession.java:147)
	at net.ion.radon.repository.LocalSession.dropWorkspace(LocalSession.java:76)
	at net.ion.radon.repository.TestBaseRepository.setUp(TestBaseRepository.java:17)
	at junit.framework.TestCase.runBare(TestCase.java:128)
	at junit.framework.TestResult$1.protect(TestResult.java:106)
	at junit.framework.TestResult.runProtected(TestResult.java:124)
	at junit.framework.TestResult.run(TestResult.java:109)
	at junit.framework.TestCase.run(TestCase.java:120)
	at junit.framework.TestSuite.runTest(TestSuite.java:230)
	at junit.framework.TestSuite.run(TestSuite.java:225)
	at junit.framework.TestSuite.runTest(TestSuite.java:230)
	at junit.framework.TestSuite.run(TestSuite.java:225)
	at junit.framework.TestSuite.runTest(TestSuite.java:230)
	at junit.framework.TestSuite.run(TestSuite.java:225)
	at junit.framework.TestSuite.runTest(TestSuite.java:230)
	at junit.framework.TestSuite.run(TestSuite.java:225)
	at org.apache.tools.ant.taskdefs.optional.junit.JUnitTestRunner.run(JUnitTestRunner.java:421)
	at org.apache.tools.ant.taskdefs.optional.junit.JUnitTestRunner.launch(JUnitTestRunner.java:912)
	at org.apache.tools.ant.taskdefs.optional.junit.JUnitTestRunner.main(JUnitTestRunner.java:766)
2011. 11. 17 오전 7:26:19 com.mongodb.DBPortPool gotError
경고: emptying DBPortPool to 61.250.201.78:27017 b/c of error
java.io.IOException: couldn't connect to [/61.250.201.78:27017] bc:java.net.ConnectException: Connection timed out: connect
	at com.mongodb.DBPort._open(DBPort.java:224)
	at com.mongodb.DBPort.go(DBPort.java:101)
	at com.mongodb.DBPort.go(DBPort.java:82)
	at com.mongodb.DBPort.say(DBPort.java:77)
	at com.mongodb.DBTCPConnector.say(DBTCPConnector.java:146)
	at com.mongodb.DBTCPConnector.say(DBTCPConnector.java:132)
	at com.mongodb.DBApiLayer$MyCollection.insert(DBApiLayer.java:262)
	at com.mongodb.DBApiLayer$MyCollection.createIndex(DBApiLayer.java:354)
	at com.mongodb.DBCollection.ensureIndex(DBCollection.java:444)
	at com.mongodb.DBCollection.ensureIndex(DBCollection.java:392)
	at net.ion.radon.repository.Workspace.createWorkspace(Workspace.java:64)
	at net.ion.radon.repository.Workspace.load(Workspace.java:43)
	at net.ion.radon.repository.Repository.getWorkspace(Repository.java:28)
	at net.ion.radon.repository.LocalSession.getCurrentWorkspace(LocalSession.java:147)
	at net.ion.radon.repository.LocalSession.dropWorkspace(LocalSession.java:76)
	at net.ion.radon.repository.TestBaseRepository.setUp(TestBaseRepository.java:17)
	at junit.framework.TestCase.runBare(TestCase.java:128)
	at junit.framework.TestResult$1.protect(TestResult.java:106)
	at junit.framework.TestResult.runProtected(TestResult.java:124)
	at junit.framework.TestResult.run(TestResult.java:109)
	at junit.framework.TestCase.run(TestCase.java:120)
	at junit.framework.TestSuite.runTest(TestSuite.java:230)
	at junit.framework.TestSuite.run(TestSuite.java:225)
	at junit.framework.TestSuite.runTest(TestSuite.java:230)
	at junit.framework.TestSuite.run(TestSuite.java:225)
	at junit.framework.TestSuite.runTest(TestSuite.java:230)
	at junit.framework.TestSuite.run(TestSuite.java:225)
	at junit.framework.TestSuite.runTest(TestSuite.java:230)
	at junit.framework.TestSuite.run(TestSuite.java:225)
	at org.apache.tools.ant.taskdefs.optional.junit.JUnitTestRunner.run(JUnitTestRunner.java:421)
	at org.apache.tools.ant.taskdefs.optional.junit.JUnitTestRunner.launch(JUnitTestRunner.java:912)
	at org.apache.tools.ant.taskdefs.optional.junit.JUnitTestRunner.main(JUnitTestRunner.java:766)
2011. 11. 17 오전 7:26:40 com.mongodb.DBTCPConnector fetchMaxBsonObjectSize
경고: Exception determining maxBSON size using0
java.io.IOException: couldn't connect to [/61.250.201.78:27017] bc:java.net.ConnectException: Connection timed out: connect
	at com.mongodb.DBPort._open(DBPort.java:224)
	at com.mongodb.DBPort.go(DBPort.java:101)
	at com.mongodb.DBPort.go(DBPort.java:82)
	at com.mongodb.DBPort.findOne(DBPort.java:142)
	at com.mongodb.DBPort.runCommand(DBPort.java:151)
	at com.mongodb.DBTCPConnector.fetchMaxBsonObjectSize(DBTCPConnector.java:429)
	at com.mongodb.Mongo.getMaxBsonObjectSize(Mongo.java:544)
	at com.mongodb.DBApiLayer$MyCollection.insert(DBApiLayer.java:244)
	at com.mongodb.DBApiLayer$MyCollection.createIndex(DBApiLayer.java:354)
	at com.mongodb.DBCollection.ensureIndex(DBCollection.java:444)
	at com.mongodb.DBCollection.ensureIndex(DBCollection.java:392)
	at net.ion.radon.repository.Workspace.createWorkspace(Workspace.java:64)
	at net.ion.radon.repository.Workspace.load(Workspace.java:43)
	at net.ion.radon.repository.Repository.getWorkspace(Repository.java:28)
	at net.ion.radon.repository.LocalSession.getCurrentWorkspace(LocalSession.java:147)
	at net.ion.radon.repository.LocalSession.dropWorkspace(LocalSession.java:76)
	at net.ion.radon.repository.TestBaseRepository.setUp(TestBaseRepository.java:17)
	at junit.framework.TestCase.runBare(TestCase.java:128)
	at junit.framework.TestResult$1.protect(TestResult.java:106)
	at junit.framework.TestResult.runProtected(TestResult.java:124)
	at junit.framework.TestResult.run(TestResult.java:109)
	at junit.framework.TestCase.run(TestCase.java:120)
	at junit.framework.TestSuite.runTest(TestSuite.java:230)
	at junit.framework.TestSuite.run(TestSuite.java:225)
	at junit.framework.TestSuite.runTest(TestSuite.java:230)
	at junit.framework.TestSuite.run(TestSuite.java:225)
	at junit.framework.TestSuite.runTest(TestSuite.java:230)
	at junit.framework.TestSuite.run(TestSuite.java:225)
	at junit.framework.TestSuite.runTest(TestSuite.java:230)
	at junit.framework.TestSuite.run(TestSuite.java:225)
	at org.apache.tools.ant.taskdefs.optional.junit.JUnitTestRunner.run(JUnitTestRunner.java:421)
	at org.apache.tools.ant.taskdefs.optional.junit.JUnitTestRunner.launch(JUnitTestRunner.java:912)
	at org.apache.tools.ant.taskdefs.optional.junit.JUnitTestRunner.main(JUnitTestRunner.java:766)
2011. 11. 17 오전 7:27:01 com.mongodb.DBTCPConnector fetchMaxBsonObjectSize
경고: Exception determining maxBSON size using0
java.io.IOException: couldn't connect to [/61.250.201.78:27017] bc:java.net.ConnectException: Connection timed out: connect
	at com.mongodb.DBPort._open(DBPort.java:224)
	at com.mongodb.DBPort.go(DBPort.java:101)
	at com.mongodb.DBPort.go(DBPort.java:82)
	at com.mongodb.DBPort.findOne(DBPort.java:142)
	at com.mongodb.DBPort.runCommand(DBPort.java:151)
	at com.mongodb.DBTCPConnector.fetchMaxBsonObjectSize(DBTCPConnector.java:429)
	at com.mongodb.DBTCPConnector.checkMaster(DBTCPConnector.java:416)
	at com.mongodb.DBTCPConnector.say(DBTCPConnector.java:139)
	at com.mongodb.DBTCPConnector.say(DBTCPConnector.java:132)
	at com.mongodb.DBApiLayer$MyCollection.insert(DBApiLayer.java:262)
	at com.mongodb.DBApiLayer$MyCollection.createIndex(DBApiLayer.java:354)
	at com.mongodb.DBCollection.ensureIndex(DBCollection.java:444)
	at com.mongodb.DBCollection.ensureIndex(DBCollection.java:392)
	at net.ion.radon.repository.Workspace.createWorkspace(Workspace.java:64)
	at net.ion.radon.repository.Workspace.load(Workspace.java:43)
	at net.ion.radon.repository.Repository.getWorkspace(Repository.java:28)
	at net.ion.radon.repository.LocalSession.getCurrentWorkspace(LocalSession.java:147)
	at net.ion.radon.repository.LocalSession.dropWorkspace(LocalSession.java:76)
	at net.ion.radon.repository.TestBaseRepository.setUp(TestBaseRepository.java:17)
	at junit.framework.TestCase.runBare(TestCase.java:128)
	at junit.framework.TestResult$1.protect(TestResult.java:106)
	at junit.framework.TestResult.runProtected(TestResult.java:124)
	at junit.framework.TestResult.run(TestResult.java:109)
	at junit.framework.TestCase.run(TestCase.java:120)
	at junit.framework.TestSuite.runTest(TestSuite.java:230)
	at junit.framework.TestSuite.run(TestSuite.java:225)
	at junit.framework.TestSuite.runTest(TestSuite.java:230)
	at junit.framework.TestSuite.run(TestSuite.java:225)
	at junit.framework.TestSuite.runTest(TestSuite.java:230)
	at junit.framework.TestSuite.run(TestSuite.java:225)
	at junit.framework.TestSuite.runTest(TestSuite.java:230)
	at junit.framework.TestSuite.run(TestSuite.java:225)
	at org.apache.tools.ant.taskdefs.optional.junit.JUnitTestRunner.run(JUnitTestRunner.java:421)
	at org.apache.tools.ant.taskdefs.optional.junit.JUnitTestRunner.launch(JUnitTestRunner.java:912)
	at org.apache.tools.ant.taskdefs.optional.junit.JUnitTestRunner.main(JUnitTestRunner.java:766)
2011. 11. 17 오전 7:27:22 com.mongodb.DBPortPool gotError
경고: emptying DBPortPool to 61.250.201.78:27017 b/c of error
java.io.IOException: couldn't connect to [/61.250.201.78:27017] bc:java.net.ConnectException: Connection timed out: connect
	at com.mongodb.DBPort._open(DBPort.java:224)
	at com.mongodb.DBPort.go(DBPort.java:101)
	at com.mongodb.DBPort.go(DBPort.java:82)
	at com.mongodb.DBPort.say(DBPort.java:77)
	at com.mongodb.DBTCPConnector.say(DBTCPConnector.java:146)
	at com.mongodb.DBTCPConnector.say(DBTCPConnector.java:132)
	at com.mongodb.DBApiLayer$MyCollection.insert(DBApiLayer.java:262)
	at com.mongodb.DBApiLayer$MyCollection.createIndex(DBApiLayer.java:354)
	at com.mongodb.DBCollection.ensureIndex(DBCollection.java:444)
	at com.mongodb.DBCollection.ensureIndex(DBCollection.java:392)
	at net.ion.radon.repository.Workspace.createWorkspace(Workspace.java:64)
	at net.ion.radon.repository.Workspace.load(Workspace.java:43)
	at net.ion.radon.repository.Repository.getWorkspace(Repository.java:28)
	at net.ion.radon.repository.LocalSession.getCurrentWorkspace(LocalSession.java:147)
	at net.ion.radon.repository.LocalSession.dropWorkspace(LocalSession.java:76)
	at net.ion.radon.repository.TestBaseRepository.setUp(TestBaseRepository.java:17)
	at junit.framework.TestCase.runBare(TestCase.java:128)
	at junit.framework.TestResult$1.protect(TestResult.java:106)
	at junit.framework.TestResult.runProtected(TestResult.java:124)
	at junit.framework.TestResult.run(TestResult.java:109)
	at junit.framework.TestCase.run(TestCase.java:120)
	at junit.framework.TestSuite.runTest(TestSuite.java:230)
	at junit.framework.TestSuite.run(TestSuite.java:225)
	at junit.framework.TestSuite.runTest(TestSuite.java:230)
	at junit.framework.TestSuite.run(TestSuite.java:225)
	at junit.framework.TestSuite.runTest(TestSuite.java:230)
	at junit.framework.TestSuite.run(TestSuite.java:225)
	at junit.framework.TestSuite.runTest(TestSuite.java:230)
	at junit.framework.TestSuite.run(TestSuite.java:225)
	at org.apache.tools.ant.taskdefs.optional.junit.JUnitTestRunner.run(JUnitTestRunner.java:421)
	at org.apache.tools.ant.taskdefs.optional.junit.JUnitTestRunner.launch(JUnitTestRunner.java:912)
	at org.apache.tools.ant.taskdefs.optional.junit.JUnitTestRunner.main(JUnitTestRunner.java:766)
2011. 11. 17 오전 7:27:43 com.mongodb.DBTCPConnector fetchMaxBsonObjectSize
경고: Exception determining maxBSON size using0
java.io.IOException: couldn't connect to [/61.250.201.78:27017] bc:java.net.ConnectException: Connection timed out: connect
	at com.mongodb.DBPort._open(DBPort.java:224)
	at com.mongodb.DBPort.go(DBPort.java:101)
	at com.mongodb.DBPort.go(DBPort.java:82)
	at com.mongodb.DBPort.findOne(DBPort.java:142)
	at com.mongodb.DBPort.runCommand(DBPort.java:151)
	at com.mongodb.DBTCPConnector.fetchMaxBsonObjectSize(DBTCPConnector.java:429)
	at com.mongodb.Mongo.getMaxBsonObjectSize(Mongo.java:544)
	at com.mongodb.DBApiLayer$MyCollection.insert(DBApiLayer.java:244)
	at com.mongodb.DBApiLayer$MyCollection.createIndex(DBApiLayer.java:354)
	at com.mongodb.DBCollection.ensureIndex(DBCollection.java:444)
	at com.mongodb.DBCollection.ensureIndex(DBCollection.java:392)
	at net.ion.radon.repository.Workspace.createWorkspace(Workspace.java:64)
	at net.ion.radon.repository.Workspace.load(Workspace.java:43)
	at net.ion.radon.repository.Repository.getWorkspace(Repository.java:28)
	at net.ion.radon.repository.LocalSession.getCurrentWorkspace(LocalSession.java:147)
	at net.ion.radon.repository.LocalSession.dropWorkspace(LocalSession.java:76)
	at net.ion.radon.repository.TestBaseRepository.setUp(TestBaseRepository.java:17)
	at junit.framework.TestCase.runBare(TestCase.java:128)
	at junit.framework.TestResult$1.protect(TestResult.java:106)
	at junit.framework.TestResult.runProtected(TestResult.java:124)
	at junit.framework.TestResult.run(TestResult.java:109)
	at junit.framework.TestCase.run(TestCase.java:120)
	at junit.framework.TestSuite.runTest(TestSuite.java:230)
	at junit.framework.TestSuite.run(TestSuite.java:225)
	at junit.framework.TestSuite.runTest(TestSuite.java:230)
	at junit.framework.TestSuite.run(TestSuite.java:225)
	at junit.framework.TestSuite.runTest(TestSuite.java:230)
	at junit.framework.TestSuite.run(TestSuite.java:225)
	at junit.framework.TestSuite.runTest(TestSuite.java:230)
	at junit.framework.TestSuite.run(TestSuite.java:225)
	at org.apache.tools.ant.taskdefs.optional.junit.JUnitTestRunner.run(JUnitTestRunner.java:421)
	at org.apache.tools.ant.taskdefs.optional.junit.JUnitTestRunner.launch(JUnitTestRunner.java:912)
	at org.apache.tools.ant.taskdefs.optional.junit.JUnitTestRunner.main(JUnitTestRunner.java:766)
2011. 11. 17 오전 7:28:04 com.mongodb.DBTCPConnector fetchMaxBsonObjectSize
경고: Exception determining maxBSON size using0
java.io.IOException: couldn't connect to [/61.250.201.78:27017] bc:java.net.ConnectException: Connection timed out: connect
	at com.mongodb.DBPort._open(DBPort.java:224)
	at com.mongodb.DBPort.go(DBPort.java:101)
	at com.mongodb.DBPort.go(DBPort.java:82)
	at com.mongodb.DBPort.findOne(DBPort.java:142)
	at com.mongodb.DBPort.runCommand(DBPort.java:151)
	at com.mongodb.DBTCPConnector.fetchMaxBsonObjectSize(DBTCPConnector.java:429)
	at com.mongodb.DBTCPConnector.checkMaster(DBTCPConnector.java:416)
	at com.mongodb.DBTCPConnector.say(DBTCPConnector.java:139)
	at com.mongodb.DBTCPConnector.say(DBTCPConnector.java:132)
	at com.mongodb.DBApiLayer$MyCollection.insert(DBApiLayer.java:262)
	at com.mongodb.DBApiLayer$MyCollection.createIndex(DBApiLayer.java:354)
	at com.mongodb.DBCollection.ensureIndex(DBCollection.java:444)
	at com.mongodb.DBCollection.ensureIndex(DBCollection.java:392)
	at net.ion.radon.repository.Workspace.createWorkspace(Workspace.java:64)
	at net.ion.radon.repository.Workspace.load(Workspace.java:43)
	at net.ion.radon.repository.Repository.getWorkspace(Repository.java:28)
	at net.ion.radon.repository.LocalSession.getCurrentWorkspace(LocalSession.java:147)
	at net.ion.radon.repository.LocalSession.dropWorkspace(LocalSession.java:76)
	at net.ion.radon.repository.TestBaseRepository.setUp(TestBaseRepository.java:17)
	at junit.framework.TestCase.runBare(TestCase.java:128)
	at junit.framework.TestResult$1.protect(TestResult.java:106)
	at junit.framework.TestResult.runProtected(TestResult.java:124)
	at junit.framework.TestResult.run(TestResult.java:109)
	at junit.framework.TestCase.run(TestCase.java:120)
	at junit.framework.TestSuite.runTest(TestSuite.java:230)
	at junit.framework.TestSuite.run(TestSuite.java:225)
	at junit.framework.TestSuite.runTest(TestSuite.java:230)
	at junit.framework.TestSuite.run(TestSuite.java:225)
	at junit.framework.TestSuite.runTest(TestSuite.java:230)
	at junit.framework.TestSuite.run(TestSuite.java:225)
	at junit.framework.TestSuite.runTest(TestSuite.java:230)
	at junit.framework.TestSuite.run(TestSuite.java:225)
	at org.apache.tools.ant.taskdefs.optional.junit.JUnitTestRunner.run(JUnitTestRunner.java:421)
	at org.apache.tools.ant.taskdefs.optional.junit.JUnitTestRunner.launch(JUnitTestRunner.java:912)
	at org.apache.tools.ant.taskdefs.optional.junit.JUnitTestRunner.main(JUnitTestRunner.java:766)
2011. 11. 17 오전 7:28:25 com.mongodb.DBPortPool gotError
경고: emptying DBPortPool to 61.250.201.78:27017 b/c of error
java.io.IOException: couldn't connect to [/61.250.201.78:27017] bc:java.net.ConnectException: Connection timed out: connect
	at com.mongodb.DBPort._open(DBPort.java:224)
	at com.mongodb.DBPort.go(DBPort.java:101)
	at com.mongodb.DBPort.go(DBPort.java:82)
	at com.mongodb.DBPort.say(DBPort.java:77)
	at com.mongodb.DBTCPConnector.say(DBTCPConnector.java:146)
	at com.mongodb.DBTCPConnector.say(DBTCPConnector.java:132)
	at com.mongodb.DBApiLayer$MyCollection.insert(DBApiLayer.java:262)
	at com.mongodb.DBApiLayer$MyCollection.createIndex(DBApiLayer.java:354)
	at com.mongodb.DBCollection.ensureIndex(DBCollection.java:444)
	at com.mongodb.DBCollection.ensureIndex(DBCollection.java:392)
	at net.ion.radon.repository.Workspace.createWorkspace(Workspace.java:64)
	at net.ion.radon.repository.Workspace.load(Workspace.java:43)
	at net.ion.radon.repository.Repository.getWorkspace(Repository.java:28)
	at net.ion.radon.repository.LocalSession.getCurrentWorkspace(LocalSession.java:147)
	at net.ion.radon.repository.LocalSession.dropWorkspace(LocalSession.java:76)
	at net.ion.radon.repository.TestBaseRepository.setUp(TestBaseRepository.java:17)
	at junit.framework.TestCase.runBare(TestCase.java:128)
	at junit.framework.TestResult$1.protect(TestResult.java:106)
	at junit.framework.TestResult.runProtected(TestResult.java:124)
	at junit.framework.TestResult.run(TestResult.java:109)
	at junit.framework.TestCase.run(TestCase.java:120)
	at junit.framework.TestSuite.runTest(TestSuite.java:230)
	at junit.framework.TestSuite.run(TestSuite.java:225)
	at junit.framework.TestSuite.runTest(TestSuite.java:230)
	at junit.framework.TestSuite.run(TestSuite.java:225)
	at junit.framework.TestSuite.runTest(TestSuite.java:230)
	at junit.framework.TestSuite.run(TestSuite.java:225)
	at junit.framework.TestSuite.runTest(TestSuite.java:230)
	at junit.framework.TestSuite.run(TestSuite.java:225)
	at org.apache.tools.ant.taskdefs.optional.junit.JUnitTestRunner.run(JUnitTestRunner.java:421)
	at org.apache.tools.ant.taskdefs.optional.junit.JUnitTestRunner.launch(JUnitTestRunner.java:912)
	at org.apache.tools.ant.taskdefs.optional.junit.JUnitTestRunner.main(JUnitTestRunner.java:766)
2011. 11. 17 오전 7:28:46 com.mongodb.DBTCPConnector fetchMaxBsonObjectSize
경고: Exception determining maxBSON size using0
java.io.IOException: couldn't connect to [/61.250.201.78:27017] bc:java.net.ConnectException: Connection timed out: connect
	at com.mongodb.DBPort._open(DBPort.java:224)
	at com.mongodb.DBPort.go(DBPort.java:101)
	at com.mongodb.DBPort.go(DBPort.java:82)
	at com.mongodb.DBPort.findOne(DBPort.java:142)
	at com.mongodb.DBPort.runCommand(DBPort.java:151)
	at com.mongodb.DBTCPConnector.fetchMaxBsonObjectSize(DBTCPConnector.java:429)
	at com.mongodb.Mongo.getMaxBsonObjectSize(Mongo.java:544)
	at com.mongodb.DBApiLayer$MyCollection.insert(DBApiLayer.java:244)
	at com.mongodb.DBApiLayer$MyCollection.createIndex(DBApiLayer.java:354)
	at com.mongodb.DBCollection.ensureIndex(DBCollection.java:444)
	at com.mongodb.DBCollection.ensureIndex(DBCollection.java:392)
	at net.ion.radon.repository.Workspace.createWorkspace(Workspace.java:64)
	at net.ion.radon.repository.Workspace.load(Workspace.java:43)
	at net.ion.radon.repository.Repository.getWorkspace(Repository.java:28)
	at net.ion.radon.repository.LocalSession.getCurrentWorkspace(LocalSession.java:147)
	at net.ion.radon.repository.LocalSession.dropWorkspace(LocalSession.java:76)
	at net.ion.radon.repository.TestBaseRepository.setUp(TestBaseRepository.java:17)
	at junit.framework.TestCase.runBare(TestCase.java:128)
	at junit.framework.TestResult$1.protect(TestResult.java:106)
	at junit.framework.TestResult.runProtected(TestResult.java:124)
	at junit.framework.TestResult.run(TestResult.java:109)
	at junit.framework.TestCase.run(TestCase.java:120)
	at junit.framework.TestSuite.runTest(TestSuite.java:230)
	at junit.framework.TestSuite.run(TestSuite.java:225)
	at junit.framework.TestSuite.runTest(TestSuite.java:230)
	at junit.framework.TestSuite.run(TestSuite.java:225)
	at junit.framework.TestSuite.runTest(TestSuite.java:230)
	at junit.framework.TestSuite.run(TestSuite.java:225)
	at junit.framework.TestSuite.runTest(TestSuite.java:230)
	at junit.framework.TestSuite.run(TestSuite.java:225)
	at org.apache.tools.ant.taskdefs.optional.junit.JUnitTestRunner.run(JUnitTestRunner.java:421)
	at org.apache.tools.ant.taskdefs.optional.junit.JUnitTestRunner.launch(JUnitTestRunner.java:912)
	at org.apache.tools.ant.taskdefs.optional.junit.JUnitTestRunner.main(JUnitTestRunner.java:766)
2011. 11. 17 오전 7:29:07 com.mongodb.DBTCPConnector fetchMaxBsonObjectSize
경고: Exception determining maxBSON size using0
java.io.IOException: couldn't connect to [/61.250.201.78:27017] bc:java.net.ConnectException: Connection timed out: connect
	at com.mongodb.DBPort._open(DBPort.java:224)
	at com.mongodb.DBPort.go(DBPort.java:101)
	at com.mongodb.DBPort.go(DBPort.java:82)
	at com.mongodb.DBPort.findOne(DBPort.java:142)
	at com.mongodb.DBPort.runCommand(DBPort.java:151)
	at com.mongodb.DBTCPConnector.fetchMaxBsonObjectSize(DBTCPConnector.java:429)
	at com.mongodb.DBTCPConnector.checkMaster(DBTCPConnector.java:416)
	at com.mongodb.DBTCPConnector.say(DBTCPConnector.java:139)
	at com.mongodb.DBTCPConnector.say(DBTCPConnector.java:132)
	at com.mongodb.DBApiLayer$MyCollection.insert(DBApiLayer.java:262)
	at com.mongodb.DBApiLayer$MyCollection.createIndex(DBApiLayer.java:354)
	at com.mongodb.DBCollection.ensureIndex(DBCollection.java:444)
	at com.mongodb.DBCollection.ensureIndex(DBCollection.java:392)
	at net.ion.radon.repository.Workspace.createWorkspace(Workspace.java:64)
	at net.ion.radon.repository.Workspace.load(Workspace.java:43)
	at net.ion.radon.repository.Repository.getWorkspace(Repository.java:28)
	at net.ion.radon.repository.LocalSession.getCurrentWorkspace(LocalSession.java:147)
	at net.ion.radon.repository.LocalSession.dropWorkspace(LocalSession.java:76)
	at net.ion.radon.repository.TestBaseRepository.setUp(TestBaseRepository.java:17)
	at junit.framework.TestCase.runBare(TestCase.java:128)
	at junit.framework.TestResult$1.protect(TestResult.java:106)
	at junit.framework.TestResult.runProtected(TestResult.java:124)
	at junit.framework.TestResult.run(TestResult.java:109)
	at junit.framework.TestCase.run(TestCase.java:120)
	at junit.framework.TestSuite.runTest(TestSuite.java:230)
	at junit.framework.TestSuite.run(TestSuite.java:225)
	at junit.framework.TestSuite.runTest(TestSuite.java:230)
	at junit.framework.TestSuite.run(TestSuite.java:225)
	at junit.framework.TestSuite.runTest(TestSuite.java:230)
	at junit.framework.TestSuite.run(TestSuite.java:225)
	at junit.framework.TestSuite.runTest(TestSuite.java:230)
	at junit.framework.TestSuite.run(TestSuite.java:225)
	at org.apache.tools.ant.taskdefs.optional.junit.JUnitTestRunner.run(JUnitTestRunner.java:421)
	at org.apache.tools.ant.taskdefs.optional.junit.JUnitTestRunner.launch(JUnitTestRunner.java:912)
	at org.apache.tools.ant.taskdefs.optional.junit.JUnitTestRunner.main(JUnitTestRunner.java:766)
2011. 11. 17 오전 7:29:28 com.mongodb.DBPortPool gotError
경고: emptying DBPortPool to 61.250.201.78:27017 b/c of error
java.io.IOException: couldn't connect to [/61.250.201.78:27017] bc:java.net.ConnectException: Connection timed out: connect
	at com.mongodb.DBPort._open(DBPort.java:224)
	at com.mongodb.DBPort.go(DBPort.java:101)
	at com.mongodb.DBPort.go(DBPort.java:82)
	at com.mongodb.DBPort.say(DBPort.java:77)
	at com.mongodb.DBTCPConnector.say(DBTCPConnector.java:146)
	at com.mongodb.DBTCPConnector.say(DBTCPConnector.java:132)
	at com.mongodb.DBApiLayer$MyCollection.insert(DBApiLayer.java:262)
	at com.mongodb.DBApiLayer$MyCollection.createIndex(DBApiLayer.java:354)
	at com.mongodb.DBCollection.ensureIndex(DBCollection.java:444)
	at com.mongodb.DBCollection.ensureIndex(DBCollection.java:392)
	at net.ion.radon.repository.Workspace.createWorkspace(Workspace.java:64)
	at net.ion.radon.repository.Workspace.load(Workspace.java:43)
	at net.ion.radon.repository.Repository.getWorkspace(Repository.java:28)
	at net.ion.radon.repository.LocalSession.getCurrentWorkspace(LocalSession.java:147)
	at net.ion.radon.repository.LocalSession.dropWorkspace(LocalSession.java:76)
	at net.ion.radon.repository.TestBaseRepository.setUp(TestBaseRepository.java:17)
	at junit.framework.TestCase.runBare(TestCase.java:128)
	at junit.framework.TestResult$1.protect(TestResult.java:106)
	at junit.framework.TestResult.runProtected(TestResult.java:124)
	at junit.framework.TestResult.run(TestResult.java:109)
	at junit.framework.TestCase.run(TestCase.java:120)
	at junit.framework.TestSuite.runTest(TestSuite.java:230)
	at junit.framework.TestSuite.run(TestSuite.java:225)
	at junit.framework.TestSuite.runTest(TestSuite.java:230)
	at junit.framework.TestSuite.run(TestSuite.java:225)
	at junit.framework.TestSuite.runTest(TestSuite.java:230)
	at junit.framework.TestSuite.run(TestSuite.java:225)
	at junit.framework.TestSuite.runTest(TestSuite.java:230)
	at junit.framework.TestSuite.run(TestSuite.java:225)
	at org.apache.tools.ant.taskdefs.optional.junit.JUnitTestRunner.run(JUnitTestRunner.java:421)
	at org.apache.tools.ant.taskdefs.optional.junit.JUnitTestRunner.launch(JUnitTestRunner.java:912)
	at org.apache.tools.ant.taskdefs.optional.junit.JUnitTestRunner.main(JUnitTestRunner.java:766)
2011. 11. 17 오전 7:29:49 com.mongodb.DBTCPConnector fetchMaxBsonObjectSize
경고: Exception determining maxBSON size using0
java.io.IOException: couldn't connect to [/61.250.201.78:27017] bc:java.net.ConnectException: Connection timed out: connect
	at com.mongodb.DBPort._open(DBPort.java:224)
	at com.mongodb.DBPort.go(DBPort.java:101)
	at com.mongodb.DBPort.go(DBPort.java:82)
	at com.mongodb.DBPort.findOne(DBPort.java:142)
	at com.mongodb.DBPort.runCommand(DBPort.java:151)
	at com.mongodb.DBTCPConnector.fetchMaxBsonObjectSize(DBTCPConnector.java:429)
	at com.mongodb.Mongo.getMaxBsonObjectSize(Mongo.java:544)
	at com.mongodb.DBApiLayer$MyCollection.insert(DBApiLayer.java:244)
	at com.mongodb.DBApiLayer$MyCollection.createIndex(DBApiLayer.java:354)
	at com.mongodb.DBCollection.ensureIndex(DBCollection.java:444)
	at com.mongodb.DBCollection.ensureIndex(DBCollection.java:392)
	at net.ion.radon.repository.Workspace.createWorkspace(Workspace.java:64)
	at net.ion.radon.repository.Workspace.load(Workspace.java:43)
	at net.ion.radon.repository.Repository.getWorkspace(Repository.java:28)
	at net.ion.radon.repository.LocalSession.getCurrentWorkspace(LocalSession.java:147)
	at net.ion.radon.repository.LocalSession.dropWorkspace(LocalSession.java:76)
	at net.ion.radon.repository.TestBaseRepository.setUp(TestBaseRepository.java:17)
	at junit.framework.TestCase.runBare(TestCase.java:128)
	at junit.framework.TestResult$1.protect(TestResult.java:106)
	at junit.framework.TestResult.runProtected(TestResult.java:124)
	at junit.framework.TestResult.run(TestResult.java:109)
	at junit.framework.TestCase.run(TestCase.java:120)
	at junit.framework.TestSuite.runTest(TestSuite.java:230)
	at junit.framework.TestSuite.run(TestSuite.java:225)
	at junit.framework.TestSuite.runTest(TestSuite.java:230)
	at junit.framework.TestSuite.run(TestSuite.java:225)
	at junit.framework.TestSuite.runTest(TestSuite.java:230)
	at junit.framework.TestSuite.run(TestSuite.java:225)
	at junit.framework.TestSuite.runTest(TestSuite.java:230)
	at junit.framework.TestSuite.run(TestSuite.java:225)
	at org.apache.tools.ant.taskdefs.optional.junit.JUnitTestRunner.run(JUnitTestRunner.java:421)
	at org.apache.tools.ant.taskdefs.optional.junit.JUnitTestRunner.launch(JUnitTestRunner.java:912)
	at org.apache.tools.ant.taskdefs.optional.junit.JUnitTestRunner.main(JUnitTestRunner.java:766)
2011. 11. 17 오전 7:30:10 com.mongodb.DBTCPConnector fetchMaxBsonObjectSize
경고: Exception determining maxBSON size using0
java.io.IOException: couldn't connect to [/61.250.201.78:27017] bc:java.net.ConnectException: Connection timed out: connect
	at com.mongodb.DBPort._open(DBPort.java:224)
	at com.mongodb.DBPort.go(DBPort.java:101)
	at com.mongodb.DBPort.go(DBPort.java:82)
	at com.mongodb.DBPort.findOne(DBPort.java:142)
	at com.mongodb.DBPort.runCommand(DBPort.java:151)
	at com.mongodb.DBTCPConnector.fetchMaxBsonObjectSize(DBTCPConnector.java:429)
	at com.mongodb.DBTCPConnector.checkMaster(DBTCPConnector.java:416)
	at com.mongodb.DBTCPConnector.say(DBTCPConnector.java:139)
	at com.mongodb.DBTCPConnector.say(DBTCPConnector.java:132)
	at com.mongodb.DBApiLayer$MyCollection.insert(DBApiLayer.java:262)
	at com.mongodb.DBApiLayer$MyCollection.createIndex(DBApiLayer.java:354)
	at com.mongodb.DBCollection.ensureIndex(DBCollection.java:444)
	at com.mongodb.DBCollection.ensureIndex(DBCollection.java:392)
	at net.ion.radon.repository.Workspace.createWorkspace(Workspace.java:64)
	at net.ion.radon.repository.Workspace.load(Workspace.java:43)
	at net.ion.radon.repository.Repository.getWorkspace(Repository.java:28)
	at net.ion.radon.repository.LocalSession.getCurrentWorkspace(LocalSession.java:147)
	at net.ion.radon.repository.LocalSession.dropWorkspace(LocalSession.java:76)
	at net.ion.radon.repository.TestBaseRepository.setUp(TestBaseRepository.java:17)
	at junit.framework.TestCase.runBare(TestCase.java:128)
	at junit.framework.TestResult$1.protect(TestResult.java:106)
	at junit.framework.TestResult.runProtected(TestResult.java:124)
	at junit.framework.TestResult.run(TestResult.java:109)
	at junit.framework.TestCase.run(TestCase.java:120)
	at junit.framework.TestSuite.runTest(TestSuite.java:230)
	at junit.framework.TestSuite.run(TestSuite.java:225)
	at junit.framework.TestSuite.runTest(TestSuite.java:230)
	at junit.framework.TestSuite.run(TestSuite.java:225)
	at junit.framework.TestSuite.runTest(TestSuite.java:230)
	at junit.framework.TestSuite.run(TestSuite.java:225)
	at junit.framework.TestSuite.runTest(TestSuite.java:230)
	at junit.framework.TestSuite.run(TestSuite.java:225)
	at org.apache.tools.ant.taskdefs.optional.junit.JUnitTestRunner.run(JUnitTestRunner.java:421)
	at org.apache.tools.ant.taskdefs.optional.junit.JUnitTestRunner.launch(JUnitTestRunner.java:912)
	at org.apache.tools.ant.taskdefs.optional.junit.JUnitTestRunner.main(JUnitTestRunner.java:766)
2011. 11. 17 오전 7:30:31 com.mongodb.DBPortPool gotError
경고: emptying DBPortPool to 61.250.201.78:27017 b/c of error
java.io.IOException: couldn't connect to [/61.250.201.78:27017] bc:java.net.ConnectException: Connection timed out: connect
	at com.mongodb.DBPort._open(DBPort.java:224)
	at com.mongodb.DBPort.go(DBPort.java:101)
	at com.mongodb.DBPort.go(DBPort.java:82)
	at com.mongodb.DBPort.say(DBPort.java:77)
	at com.mongodb.DBTCPConnector.say(DBTCPConnector.java:146)
	at com.mongodb.DBTCPConnector.say(DBTCPConnector.java:132)
	at com.mongodb.DBApiLayer$MyCollection.insert(DBApiLayer.java:262)
	at com.mongodb.DBApiLayer$MyCollection.createIndex(DBApiLayer.java:354)
	at com.mongodb.DBCollection.ensureIndex(DBCollection.java:444)
	at com.mongodb.DBCollection.ensureIndex(DBCollection.java:392)
	at net.ion.radon.repository.Workspace.createWorkspace(Workspace.java:64)
	at net.ion.radon.repository.Workspace.load(Workspace.java:43)
	at net.ion.radon.repository.Repository.getWorkspace(Repository.java:28)
	at net.ion.radon.repository.LocalSession.getCurrentWorkspace(LocalSession.java:147)
	at net.ion.radon.repository.LocalSession.dropWorkspace(LocalSession.java:76)
	at net.ion.radon.repository.TestBaseRepository.setUp(TestBaseRepository.java:17)
	at junit.framework.TestCase.runBare(TestCase.java:128)
	at junit.framework.TestResult$1.protect(TestResult.java:106)
	at junit.framework.TestResult.runProtected(TestResult.java:124)
	at junit.framework.TestResult.run(TestResult.java:109)
	at junit.framework.TestCase.run(TestCase.java:120)
	at junit.framework.TestSuite.runTest(TestSuite.java:230)
	at junit.framework.TestSuite.run(TestSuite.java:225)
	at junit.framework.TestSuite.runTest(TestSuite.java:230)
	at junit.framework.TestSuite.run(TestSuite.java:225)
	at junit.framework.TestSuite.runTest(TestSuite.java:230)
	at junit.framework.TestSuite.run(TestSuite.java:225)
	at junit.framework.TestSuite.runTest(TestSuite.java:230)
	at junit.framework.TestSuite.run(TestSuite.java:225)
	at org.apache.tools.ant.taskdefs.optional.junit.JUnitTestRunner.run(JUnitTestRunner.java:421)
	at org.apache.tools.ant.taskdefs.optional.junit.JUnitTestRunner.launch(JUnitTestRunner.java:912)
	at org.apache.tools.ant.taskdefs.optional.junit.JUnitTestRunner.main(JUnitTestRunner.java:766)
2011. 11. 17 오전 7:30:52 com.mongodb.DBTCPConnector fetchMaxBsonObjectSize
경고: Exception determining maxBSON size using0
java.io.IOException: couldn't connect to [/61.250.201.78:27017] bc:java.net.ConnectException: Connection timed out: connect
	at com.mongodb.DBPort._open(DBPort.java:224)
	at com.mongodb.DBPort.go(DBPort.java:101)
	at com.mongodb.DBPort.go(DBPort.java:82)
	at com.mongodb.DBPort.findOne(DBPort.java:142)
	at com.mongodb.DBPort.runCommand(DBPort.java:151)
	at com.mongodb.DBTCPConnector.fetchMaxBsonObjectSize(DBTCPConnector.java:429)
	at com.mongodb.Mongo.getMaxBsonObjectSize(Mongo.java:544)
	at com.mongodb.DBApiLayer$MyCollection.insert(DBApiLayer.java:244)
	at com.mongodb.DBApiLayer$MyCollection.createIndex(DBApiLayer.java:354)
	at com.mongodb.DBCollection.ensureIndex(DBCollection.java:444)
	at com.mongodb.DBCollection.ensureIndex(DBCollection.java:392)
	at net.ion.radon.repository.Workspace.createWorkspace(Workspace.java:64)
	at net.ion.radon.repository.Workspace.load(Workspace.java:43)
	at net.ion.radon.repository.Repository.getWorkspace(Repository.java:28)
	at net.ion.radon.repository.LocalSession.getCurrentWorkspace(LocalSession.java:147)
	at net.ion.radon.repository.LocalSession.dropWorkspace(LocalSession.java:76)
	at net.ion.radon.repository.TestBaseRepository.setUp(TestBaseRepository.java:17)
	at junit.framework.TestCase.runBare(TestCase.java:128)
	at junit.framework.TestResult$1.protect(TestResult.java:106)
	at junit.framework.TestResult.runProtected(TestResult.java:124)
	at junit.framework.TestResult.run(TestResult.java:109)
	at junit.framework.TestCase.run(TestCase.java:120)
	at junit.framework.TestSuite.runTest(TestSuite.java:230)
	at junit.framework.TestSuite.run(TestSuite.java:225)
	at junit.framework.TestSuite.runTest(TestSuite.java:230)
	at junit.framework.TestSuite.run(TestSuite.java:225)
	at junit.framework.TestSuite.runTest(TestSuite.java:230)
	at junit.framework.TestSuite.run(TestSuite.java:225)
	at junit.framework.TestSuite.runTest(TestSuite.java:230)
	at junit.framework.TestSuite.run(TestSuite.java:225)
	at org.apache.tools.ant.taskdefs.optional.junit.JUnitTestRunner.run(JUnitTestRunner.java:421)
	at org.apache.tools.ant.taskdefs.optional.junit.JUnitTestRunner.launch(JUnitTestRunner.java:912)
	at org.apache.tools.ant.taskdefs.optional.junit.JUnitTestRunner.main(JUnitTestRunner.java:766)
2011. 11. 17 오전 7:31:13 com.mongodb.DBTCPConnector fetchMaxBsonObjectSize
경고: Exception determining maxBSON size using0
java.io.IOException: couldn't connect to [/61.250.201.78:27017] bc:java.net.ConnectException: Connection timed out: connect
	at com.mongodb.DBPort._open(DBPort.java:224)
	at com.mongodb.DBPort.go(DBPort.java:101)
	at com.mongodb.DBPort.go(DBPort.java:82)
	at com.mongodb.DBPort.findOne(DBPort.java:142)
	at com.mongodb.DBPort.runCommand(DBPort.java:151)
	at com.mongodb.DBTCPConnector.fetchMaxBsonObjectSize(DBTCPConnector.java:429)
	at com.mongodb.DBTCPConnector.checkMaster(DBTCPConnector.java:416)
	at com.mongodb.DBTCPConnector.say(DBTCPConnector.java:139)
	at com.mongodb.DBTCPConnector.say(DBTCPConnector.java:132)
	at com.mongodb.DBApiLayer$MyCollection.insert(DBApiLayer.java:262)
	at com.mongodb.DBApiLayer$MyCollection.createIndex(DBApiLayer.java:354)
	at com.mongodb.DBCollection.ensureIndex(DBCollection.java:444)
	at com.mongodb.DBCollection.ensureIndex(DBCollection.java:392)
	at net.ion.radon.repository.Workspace.createWorkspace(Workspace.java:64)
	at net.ion.radon.repository.Workspace.load(Workspace.java:43)
	at net.ion.radon.repository.Repository.getWorkspace(Repository.java:28)
	at net.ion.radon.repository.LocalSession.getCurrentWorkspace(LocalSession.java:147)
	at net.ion.radon.repository.LocalSession.dropWorkspace(LocalSession.java:76)
	at net.ion.radon.repository.TestBaseRepository.setUp(TestBaseRepository.java:17)
	at junit.framework.TestCase.runBare(TestCase.java:128)
	at junit.framework.TestResult$1.protect(TestResult.java:106)
	at junit.framework.TestResult.runProtected(TestResult.java:124)
	at junit.framework.TestResult.run(TestResult.java:109)
	at junit.framework.TestCase.run(TestCase.java:120)
	at junit.framework.TestSuite.runTest(TestSuite.java:230)
	at junit.framework.TestSuite.run(TestSuite.java:225)
	at junit.framework.TestSuite.runTest(TestSuite.java:230)
	at junit.framework.TestSuite.run(TestSuite.java:225)
	at junit.framework.TestSuite.runTest(TestSuite.java:230)
	at junit.framework.TestSuite.run(TestSuite.java:225)
	at junit.framework.TestSuite.runTest(TestSuite.java:230)
	at junit.framework.TestSuite.run(TestSuite.java:225)
	at org.apache.tools.ant.taskdefs.optional.junit.JUnitTestRunner.run(JUnitTestRunner.java:421)
	at org.apache.tools.ant.taskdefs.optional.junit.JUnitTestRunner.launch(JUnitTestRunner.java:912)
	at org.apache.tools.ant.taskdefs.optional.junit.JUnitTestRunner.main(JUnitTestRunner.java:766)
2011. 11. 17 오전 7:31:34 com.mongodb.DBPortPool gotError
경고: emptying DBPortPool to 61.250.201.78:27017 b/c of error
java.io.IOException: couldn't connect to [/61.250.201.78:27017] bc:java.net.ConnectException: Connection timed out: connect
	at com.mongodb.DBPort._open(DBPort.java:224)
	at com.mongodb.DBPort.go(DBPort.java:101)
	at com.mongodb.DBPort.go(DBPort.java:82)
	at com.mongodb.DBPort.say(DBPort.java:77)
	at com.mongodb.DBTCPConnector.say(DBTCPConnector.java:146)
	at com.mongodb.DBTCPConnector.say(DBTCPConnector.java:132)
	at com.mongodb.DBApiLayer$MyCollection.insert(DBApiLayer.java:262)
	at com.mongodb.DBApiLayer$MyCollection.createIndex(DBApiLayer.java:354)
	at com.mongodb.DBCollection.ensureIndex(DBCollection.java:444)
	at com.mongodb.DBCollection.ensureIndex(DBCollection.java:392)
	at net.ion.radon.repository.Workspace.createWorkspace(Workspace.java:64)
	at net.ion.radon.repository.Workspace.load(Workspace.java:43)
	at net.ion.radon.repository.Repository.getWorkspace(Repository.java:28)
	at net.ion.radon.repository.LocalSession.getCurrentWorkspace(LocalSession.java:147)
	at net.ion.radon.repository.LocalSession.dropWorkspace(LocalSession.java:76)
	at net.ion.radon.repository.TestBaseRepository.setUp(TestBaseRepository.java:17)
	at junit.framework.TestCase.runBare(TestCase.java:128)
	at junit.framework.TestResult$1.protect(TestResult.java:106)
	at junit.framework.TestResult.runProtected(TestResult.java:124)
	at junit.framework.TestResult.run(TestResult.java:109)
	at junit.framework.TestCase.run(TestCase.java:120)
	at junit.framework.TestSuite.runTest(TestSuite.java:230)
	at junit.framework.TestSuite.run(TestSuite.java:225)
	at junit.framework.TestSuite.runTest(TestSuite.java:230)
	at junit.framework.TestSuite.run(TestSuite.java:225)
	at junit.framework.TestSuite.runTest(TestSuite.java:230)
	at junit.framework.TestSuite.run(TestSuite.java:225)
	at junit.framework.TestSuite.runTest(TestSuite.java:230)
	at junit.framework.TestSuite.run(TestSuite.java:225)
	at org.apache.tools.ant.taskdefs.optional.junit.JUnitTestRunner.run(JUnitTestRunner.java:421)
	at org.apache.tools.ant.taskdefs.optional.junit.JUnitTestRunner.launch(JUnitTestRunner.java:912)
	at org.apache.tools.ant.taskdefs.optional.junit.JUnitTestRunner.main(JUnitTestRunner.java:766)
2011. 11. 17 오전 7:31:55 com.mongodb.DBTCPConnector fetchMaxBsonObjectSize
경고: Exception determining maxBSON size using0
java.io.IOException: couldn't connect to [/61.250.201.78:27017] bc:java.net.ConnectException: Connection timed out: connect
	at com.mongodb.DBPort._open(DBPort.java:224)
	at com.mongodb.DBPort.go(DBPort.java:101)
	at com.mongodb.DBPort.go(DBPort.java:82)
	at com.mongodb.DBPort.findOne(DBPort.java:142)
	at com.mongodb.DBPort.runCommand(DBPort.java:151)
	at com.mongodb.DBTCPConnector.fetchMaxBsonObjectSize(DBTCPConnector.java:429)
	at com.mongodb.Mongo.getMaxBsonObjectSize(Mongo.java:544)
	at com.mongodb.DBApiLayer$MyCollection.insert(DBApiLayer.java:244)
	at com.mongodb.DBApiLayer$MyCollection.createIndex(DBApiLayer.java:354)
	at com.mongodb.DBCollection.ensureIndex(DBCollection.java:444)
	at com.mongodb.DBCollection.ensureIndex(DBCollection.java:392)
	at net.ion.radon.repository.Workspace.createWorkspace(Workspace.java:64)
	at net.ion.radon.repository.Workspace.load(Workspace.java:43)
	at net.ion.radon.repository.Repository.getWorkspace(Repository.java:28)
	at net.ion.radon.repository.LocalSession.getCurrentWorkspace(LocalSession.java:147)
	at net.ion.radon.repository.LocalSession.dropWorkspace(LocalSession.java:76)
	at net.ion.radon.repository.TestBaseRepository.setUp(TestBaseRepository.java:17)
	at junit.framework.TestCase.runBare(TestCase.java:128)
	at junit.framework.TestResult$1.protect(TestResult.java:106)
	at junit.framework.TestResult.runProtected(TestResult.java:124)
	at junit.framework.TestResult.run(TestResult.java:109)
	at junit.framework.TestCase.run(TestCase.java:120)
	at junit.framework.TestSuite.runTest(TestSuite.java:230)
	at junit.framework.TestSuite.run(TestSuite.java:225)
	at junit.framework.TestSuite.runTest(TestSuite.java:230)
	at junit.framework.TestSuite.run(TestSuite.java:225)
	at junit.framework.TestSuite.runTest(TestSuite.java:230)
	at junit.framework.TestSuite.run(TestSuite.java:225)
	at junit.framework.TestSuite.runTest(TestSuite.java:230)
	at junit.framework.TestSuite.run(TestSuite.java:225)
	at org.apache.tools.ant.taskdefs.optional.junit.JUnitTestRunner.run(JUnitTestRunner.java:421)
	at org.apache.tools.ant.taskdefs.optional.junit.JUnitTestRunner.launch(JUnitTestRunner.java:912)
	at org.apache.tools.ant.taskdefs.optional.junit.JUnitTestRunner.main(JUnitTestRunner.java:766)
2011. 11. 17 오전 7:32:16 com.mongodb.DBTCPConnector fetchMaxBsonObjectSize
경고: Exception determining maxBSON size using0
java.io.IOException: couldn't connect to [/61.250.201.78:27017] bc:java.net.ConnectException: Connection timed out: connect
	at com.mongodb.DBPort._open(DBPort.java:224)
	at com.mongodb.DBPort.go(DBPort.java:101)
	at com.mongodb.DBPort.go(DBPort.java:82)
	at com.mongodb.DBPort.findOne(DBPort.java:142)
	at com.mongodb.DBPort.runCommand(DBPort.java:151)
	at com.mongodb.DBTCPConnector.fetchMaxBsonObjectSize(DBTCPConnector.java:429)
	at com.mongodb.DBTCPConnector.checkMaster(DBTCPConnector.java:416)
	at com.mongodb.DBTCPConnector.say(DBTCPConnector.java:139)
	at com.mongodb.DBTCPConnector.say(DBTCPConnector.java:132)
	at com.mongodb.DBApiLayer$MyCollection.insert(DBApiLayer.java:262)
	at com.mongodb.DBApiLayer$MyCollection.createIndex(DBApiLayer.java:354)
	at com.mongodb.DBCollection.ensureIndex(DBCollection.java:444)
	at com.mongodb.DBCollection.ensureIndex(DBCollection.java:392)
	at net.ion.radon.repository.Workspace.createWorkspace(Workspace.java:64)
	at net.ion.radon.repository.Workspace.load(Workspace.java:43)
	at net.ion.radon.repository.Repository.getWorkspace(Repository.java:28)
	at net.ion.radon.repository.LocalSession.getCurrentWorkspace(LocalSession.java:147)
	at net.ion.radon.repository.LocalSession.dropWorkspace(LocalSession.java:76)
	at net.ion.radon.repository.TestBaseRepository.setUp(TestBaseRepository.java:17)
	at junit.framework.TestCase.runBare(TestCase.java:128)
	at junit.framework.TestResult$1.protect(TestResult.java:106)
	at junit.framework.TestResult.runProtected(TestResult.java:124)
	at junit.framework.TestResult.run(TestResult.java:109)
	at junit.framework.TestCase.run(TestCase.java:120)
	at junit.framework.TestSuite.runTest(TestSuite.java:230)
	at junit.framework.TestSuite.run(TestSuite.java:225)
	at junit.framework.TestSuite.runTest(TestSuite.java:230)
	at junit.framework.TestSuite.run(TestSuite.java:225)
	at junit.framework.TestSuite.runTest(TestSuite.java:230)
	at junit.framework.TestSuite.run(TestSuite.java:225)
	at junit.framework.TestSuite.runTest(TestSuite.java:230)
	at junit.framework.TestSuite.run(TestSuite.java:225)
	at org.apache.tools.ant.taskdefs.optional.junit.JUnitTestRunner.run(JUnitTestRunner.java:421)
	at org.apache.tools.ant.taskdefs.optional.junit.JUnitTestRunner.launch(JUnitTestRunner.java:912)
	at org.apache.tools.ant.taskdefs.optional.junit.JUnitTestRunner.main(JUnitTestRunner.java:766)
2011. 11. 17 오전 7:32:37 com.mongodb.DBPortPool gotError
경고: emptying DBPortPool to 61.250.201.78:27017 b/c of error
java.io.IOException: couldn't connect to [/61.250.201.78:27017] bc:java.net.ConnectException: Connection timed out: connect
	at com.mongodb.DBPort._open(DBPort.java:224)
	at com.mongodb.DBPort.go(DBPort.java:101)
	at com.mongodb.DBPort.go(DBPort.java:82)
	at com.mongodb.DBPort.say(DBPort.java:77)
	at com.mongodb.DBTCPConnector.say(DBTCPConnector.java:146)
	at com.mongodb.DBTCPConnector.say(DBTCPConnector.java:132)
	at com.mongodb.DBApiLayer$MyCollection.insert(DBApiLayer.java:262)
	at com.mongodb.DBApiLayer$MyCollection.createIndex(DBApiLayer.java:354)
	at com.mongodb.DBCollection.ensureIndex(DBCollection.java:444)
	at com.mongodb.DBCollection.ensureIndex(DBCollection.java:392)
	at net.ion.radon.repository.Workspace.createWorkspace(Workspace.java:64)
	at net.ion.radon.repository.Workspace.load(Workspace.java:43)
	at net.ion.radon.repository.Repository.getWorkspace(Repository.java:28)
	at net.ion.radon.repository.LocalSession.getCurrentWorkspace(LocalSession.java:147)
	at net.ion.radon.repository.LocalSession.dropWorkspace(LocalSession.java:76)
	at net.ion.radon.repository.TestBaseRepository.setUp(TestBaseRepository.java:17)
	at junit.framework.TestCase.runBare(TestCase.java:128)
	at junit.framework.TestResult$1.protect(TestResult.java:106)
	at junit.framework.TestResult.runProtected(TestResult.java:124)
	at junit.framework.TestResult.run(TestResult.java:109)
	at junit.framework.TestCase.run(TestCase.java:120)
	at junit.framework.TestSuite.runTest(TestSuite.java:230)
	at junit.framework.TestSuite.run(TestSuite.java:225)
	at junit.framework.TestSuite.runTest(TestSuite.java:230)
	at junit.framework.TestSuite.run(TestSuite.java:225)
	at junit.framework.TestSuite.runTest(TestSuite.java:230)
	at junit.framework.TestSuite.run(TestSuite.java:225)
	at junit.framework.TestSuite.runTest(TestSuite.java:230)
	at junit.framework.TestSuite.run(TestSuite.java:225)
	at org.apache.tools.ant.taskdefs.optional.junit.JUnitTestRunner.run(JUnitTestRunner.java:421)
	at org.apache.tools.ant.taskdefs.optional.junit.JUnitTestRunner.launch(JUnitTestRunner.java:912)
	at org.apache.tools.ant.taskdefs.optional.junit.JUnitTestRunner.main(JUnitTestRunner.java:766)
2011. 11. 17 오전 7:32:58 com.mongodb.DBTCPConnector fetchMaxBsonObjectSize
경고: Exception determining maxBSON size using0
java.io.IOException: couldn't connect to [/61.250.201.78:27017] bc:java.net.ConnectException: Connection timed out: connect
	at com.mongodb.DBPort._open(DBPort.java:224)
	at com.mongodb.DBPort.go(DBPort.java:101)
	at com.mongodb.DBPort.go(DBPort.java:82)
	at com.mongodb.DBPort.findOne(DBPort.java:142)
	at com.mongodb.DBPort.runCommand(DBPort.java:151)
	at com.mongodb.DBTCPConnector.fetchMaxBsonObjectSize(DBTCPConnector.java:429)
	at com.mongodb.Mongo.getMaxBsonObjectSize(Mongo.java:544)
	at com.mongodb.DBApiLayer$MyCollection.insert(DBApiLayer.java:244)
	at com.mongodb.DBApiLayer$MyCollection.createIndex(DBApiLayer.java:354)
	at com.mongodb.DBCollection.ensureIndex(DBCollection.java:444)
	at com.mongodb.DBCollection.ensureIndex(DBCollection.java:392)
	at net.ion.radon.repository.Workspace.createWorkspace(Workspace.java:64)
	at net.ion.radon.repository.Workspace.load(Workspace.java:43)
	at net.ion.radon.repository.Repository.getWorkspace(Repository.java:28)
	at net.ion.radon.repository.LocalSession.getCurrentWorkspace(LocalSession.java:147)
	at net.ion.radon.repository.LocalSession.dropWorkspace(LocalSession.java:76)
	at net.ion.radon.repository.TestBaseRepository.setUp(TestBaseRepository.java:17)
	at net.ion.radon.repository.TestAradonId.setUp(TestAradonId.java:10)
	at junit.framework.TestCase.runBare(TestCase.java:128)
	at junit.framework.TestResult$1.protect(TestResult.java:106)
	at junit.framework.TestResult.runProtected(TestResult.java:124)
	at junit.framework.TestResult.run(TestResult.java:109)
	at junit.framework.TestCase.run(TestCase.java:120)
	at junit.framework.TestSuite.runTest(TestSuite.java:230)
	at junit.framework.TestSuite.run(TestSuite.java:225)
	at junit.framework.TestSuite.runTest(TestSuite.java:230)
	at junit.framework.TestSuite.run(TestSuite.java:225)
	at junit.framework.TestSuite.runTest(TestSuite.java:230)
	at junit.framework.TestSuite.run(TestSuite.java:225)
	at junit.framework.TestSuite.runTest(TestSuite.java:230)
	at junit.framework.TestSuite.run(TestSuite.java:225)
	at org.apache.tools.ant.taskdefs.optional.junit.JUnitTestRunner.run(JUnitTestRunner.java:421)
	at org.apache.tools.ant.taskdefs.optional.junit.JUnitTestRunner.launch(JUnitTestRunner.java:912)
	at org.apache.tools.ant.taskdefs.optional.junit.JUnitTestRunner.main(JUnitTestRunner.java:766)
2011. 11. 17 오전 7:33:19 com.mongodb.DBTCPConnector fetchMaxBsonObjectSize
경고: Exception determining maxBSON size using0
java.io.IOException: couldn't connect to [/61.250.201.78:27017] bc:java.net.ConnectException: Connection timed out: connect
	at com.mongodb.DBPort._open(DBPort.java:224)
	at com.mongodb.DBPort.go(DBPort.java:101)
	at com.mongodb.DBPort.go(DBPort.java:82)
	at com.mongodb.DBPort.findOne(DBPort.java:142)
	at com.mongodb.DBPort.runCommand(DBPort.java:151)
	at com.mongodb.DBTCPConnector.fetchMaxBsonObjectSize(DBTCPConnector.java:429)
	at com.mongodb.DBTCPConnector.checkMaster(DBTCPConnector.java:416)
	at com.mongodb.DBTCPConnector.say(DBTCPConnector.java:139)
	at com.mongodb.DBTCPConnector.say(DBTCPConnector.java:132)
	at com.mongodb.DBApiLayer$MyCollection.insert(DBApiLayer.java:262)
	at com.mongodb.DBApiLayer$MyCollection.createIndex(DBApiLayer.java:354)
	at com.mongodb.DBCollection.ensureIndex(DBCollection.java:444)
	at com.mongodb.DBCollection.ensureIndex(DBCollection.java:392)
	at net.ion.radon.repository.Workspace.createWorkspace(Workspace.java:64)
	at net.ion.radon.repository.Workspace.load(Workspace.java:43)
	at net.ion.radon.repository.Repository.getWorkspace(Repository.java:28)
	at net.ion.radon.repository.LocalSession.getCurrentWorkspace(LocalSession.java:147)
	at net.ion.radon.repository.LocalSession.dropWorkspace(LocalSession.java:76)
	at net.ion.radon.repository.TestBaseRepository.setUp(TestBaseRepository.java:17)
	at net.ion.radon.repository.TestAradonId.setUp(TestAradonId.java:10)
	at junit.framework.TestCase.runBare(TestCase.java:128)
	at junit.framework.TestResult$1.protect(TestResult.java:106)
	at junit.framework.TestResult.runProtected(TestResult.java:124)
	at junit.framework.TestResult.run(TestResult.java:109)
	at junit.framework.TestCase.run(TestCase.java:120)
	at junit.framework.TestSuite.runTest(TestSuite.java:230)
	at junit.framework.TestSuite.run(TestSuite.java:225)
	at junit.framework.TestSuite.runTest(TestSuite.java:230)
	at junit.framework.TestSuite.run(TestSuite.java:225)
	at junit.framework.TestSuite.runTest(TestSuite.java:230)
	at junit.framework.TestSuite.run(TestSuite.java:225)
	at junit.framework.TestSuite.runTest(TestSuite.java:230)
	at junit.framework.TestSuite.run(TestSuite.java:225)
	at org.apache.tools.ant.taskdefs.optional.junit.JUnitTestRunner.run(JUnitTestRunner.java:421)
	at org.apache.tools.ant.taskdefs.optional.junit.JUnitTestRunner.launch(JUnitTestRunner.java:912)
	at org.apache.tools.ant.taskdefs.optional.junit.JUnitTestRunner.main(JUnitTestRunner.java:766)
2011. 11. 17 오전 7:33:40 com.mongodb.DBPortPool gotError
경고: emptying DBPortPool to 61.250.201.78:27017 b/c of error
java.io.IOException: couldn't connect to [/61.250.201.78:27017] bc:java.net.ConnectException: Connection timed out: connect
	at com.mongodb.DBPort._open(DBPort.java:224)
	at com.mongodb.DBPort.go(DBPort.java:101)
	at com.mongodb.DBPort.go(DBPort.java:82)
	at com.mongodb.DBPort.say(DBPort.java:77)
	at com.mongodb.DBTCPConnector.say(DBTCPConnector.java:146)
	at com.mongodb.DBTCPConnector.say(DBTCPConnector.java:132)
	at com.mongodb.DBApiLayer$MyCollection.insert(DBApiLayer.java:262)
	at com.mongodb.DBApiLayer$MyCollection.createIndex(DBApiLayer.java:354)
	at com.mongodb.DBCollection.ensureIndex(DBCollection.java:444)
	at com.mongodb.DBCollection.ensureIndex(DBCollection.java:392)
	at net.ion.radon.repository.Workspace.createWorkspace(Workspace.java:64)
	at net.ion.radon.repository.Workspace.load(Workspace.java:43)
	at net.ion.radon.repository.Repository.getWorkspace(Repository.java:28)
	at net.ion.radon.repository.LocalSession.getCurrentWorkspace(LocalSession.java:147)
	at net.ion.radon.repository.LocalSession.dropWorkspace(LocalSession.java:76)
	at net.ion.radon.repository.TestBaseRepository.setUp(TestBaseRepository.java:17)
	at net.ion.radon.repository.TestAradonId.setUp(TestAradonId.java:10)
	at junit.framework.TestCase.runBare(TestCase.java:128)
	at junit.framework.TestResult$1.protect(TestResult.java:106)
	at junit.framework.TestResult.runProtected(TestResult.java:124)
	at junit.framework.TestResult.run(TestResult.java:109)
	at junit.framework.TestCase.run(TestCase.java:120)
	at junit.framework.TestSuite.runTest(TestSuite.java:230)
	at junit.framework.TestSuite.run(TestSuite.java:225)
	at junit.framework.TestSuite.runTest(TestSuite.java:230)
	at junit.framework.TestSuite.run(TestSuite.java:225)
	at junit.framework.TestSuite.runTest(TestSuite.java:230)
	at junit.framework.TestSuite.run(TestSuite.java:225)
	at junit.framework.TestSuite.runTest(TestSuite.java:230)
	at junit.framework.TestSuite.run(TestSuite.java:225)
	at org.apache.tools.ant.taskdefs.optional.junit.JUnitTestRunner.run(JUnitTestRunner.java:421)
	at org.apache.tools.ant.taskdefs.optional.junit.JUnitTestRunner.launch(JUnitTestRunner.java:912)
	at org.apache.tools.ant.taskdefs.optional.junit.JUnitTestRunner.main(JUnitTestRunner.java:766)
2011. 11. 17 오전 7:34:02 com.mongodb.DBTCPConnector fetchMaxBsonObjectSize
경고: Exception determining maxBSON size using0
java.io.IOException: couldn't connect to [/61.250.201.78:27017] bc:java.net.ConnectException: Connection timed out: connect
	at com.mongodb.DBPort._open(DBPort.java:224)
	at com.mongodb.DBPort.go(DBPort.java:101)
	at com.mongodb.DBPort.go(DBPort.java:82)
	at com.mongodb.DBPort.findOne(DBPort.java:142)
	at com.mongodb.DBPort.runCommand(DBPort.java:151)
	at com.mongodb.DBTCPConnector.fetchMaxBsonObjectSize(DBTCPConnector.java:429)
	at com.mongodb.Mongo.getMaxBsonObjectSize(Mongo.java:544)
	at com.mongodb.DBApiLayer$MyCollection.insert(DBApiLayer.java:244)
	at com.mongodb.DBApiLayer$MyCollection.createIndex(DBApiLayer.java:354)
	at com.mongodb.DBCollection.ensureIndex(DBCollection.java:444)
	at com.mongodb.DBCollection.ensureIndex(DBCollection.java:392)
	at net.ion.radon.repository.Workspace.createWorkspace(Workspace.java:64)
	at net.ion.radon.repository.Workspace.load(Workspace.java:43)
	at net.ion.radon.repository.Repository.getWorkspace(Repository.java:28)
	at net.ion.radon.repository.LocalSession.getCurrentWorkspace(LocalSession.java:147)
	at net.ion.radon.repository.LocalSession.dropWorkspace(LocalSession.java:76)
	at net.ion.radon.repository.TestBaseRepository.setUp(TestBaseRepository.java:17)
	at net.ion.radon.repository.TestAradonId.setUp(TestAradonId.java:10)
	at junit.framework.TestCase.runBare(TestCase.java:128)
	at junit.framework.TestResult$1.protect(TestResult.java:106)
	at junit.framework.TestResult.runProtected(TestResult.java:124)
	at junit.framework.TestResult.run(TestResult.java:109)
	at junit.framework.TestCase.run(TestCase.java:120)
	at junit.framework.TestSuite.runTest(TestSuite.java:230)
	at junit.framework.TestSuite.run(TestSuite.java:225)
	at junit.framework.TestSuite.runTest(TestSuite.java:230)
	at junit.framework.TestSuite.run(TestSuite.java:225)
	at junit.framework.TestSuite.runTest(TestSuite.java:230)
	at junit.framework.TestSuite.run(TestSuite.java:225)
	at junit.framework.TestSuite.runTest(TestSuite.java:230)
	at junit.framework.TestSuite.run(TestSuite.java:225)
	at org.apache.tools.ant.taskdefs.optional.junit.JUnitTestRunner.run(JUnitTestRunner.java:421)
	at org.apache.tools.ant.taskdefs.optional.junit.JUnitTestRunner.launch(JUnitTestRunner.java:912)
	at org.apache.tools.ant.taskdefs.optional.junit.JUnitTestRunner.main(JUnitTestRunner.java:766)
2011. 11. 17 오전 7:34:22 com.mongodb.DBTCPConnector fetchMaxBsonObjectSize
경고: Exception determining maxBSON size using0
java.io.IOException: couldn't connect to [/61.250.201.78:27017] bc:java.net.ConnectException: Connection timed out: connect
	at com.mongodb.DBPort._open(DBPort.java:224)
	at com.mongodb.DBPort.go(DBPort.java:101)
	at com.mongodb.DBPort.go(DBPort.java:82)
	at com.mongodb.DBPort.findOne(DBPort.java:142)
	at com.mongodb.DBPort.runCommand(DBPort.java:151)
	at com.mongodb.DBTCPConnector.fetchMaxBsonObjectSize(DBTCPConnector.java:429)
	at com.mongodb.DBTCPConnector.checkMaster(DBTCPConnector.java:416)
	at com.mongodb.DBTCPConnector.say(DBTCPConnector.java:139)
	at com.mongodb.DBTCPConnector.say(DBTCPConnector.java:132)
	at com.mongodb.DBApiLayer$MyCollection.insert(DBApiLayer.java:262)
	at com.mongodb.DBApiLayer$MyCollection.createIndex(DBApiLayer.java:354)
	at com.mongodb.DBCollection.ensureIndex(DBCollection.java:444)
	at com.mongodb.DBCollection.ensureIndex(DBCollection.java:392)
	at net.ion.radon.repository.Workspace.createWorkspace(Workspace.java:64)
	at net.ion.radon.repository.Workspace.load(Workspace.java:43)
	at net.ion.radon.repository.Repository.getWorkspace(Repository.java:28)
	at net.ion.radon.repository.LocalSession.getCurrentWorkspace(LocalSession.java:147)
	at net.ion.radon.repository.LocalSession.dropWorkspace(LocalSession.java:76)
	at net.ion.radon.repository.TestBaseRepository.setUp(TestBaseRepository.java:17)
	at net.ion.radon.repository.TestAradonId.setUp(TestAradonId.java:10)
	at junit.framework.TestCase.runBare(TestCase.java:128)
	at junit.framework.TestResult$1.protect(TestResult.java:106)
	at junit.framework.TestResult.runProtected(TestResult.java:124)
	at junit.framework.TestResult.run(TestResult.java:109)
	at junit.framework.TestCase.run(TestCase.java:120)
	at junit.framework.TestSuite.runTest(TestSuite.java:230)
	at junit.framework.TestSuite.run(TestSuite.java:225)
	at junit.framework.TestSuite.runTest(TestSuite.java:230)
	at junit.framework.TestSuite.run(TestSuite.java:225)
	at junit.framework.TestSuite.runTest(TestSuite.java:230)
	at junit.framework.TestSuite.run(TestSuite.java:225)
	at junit.framework.TestSuite.runTest(TestSuite.java:230)
	at junit.framework.TestSuite.run(TestSuite.java:225)
	at org.apache.tools.ant.taskdefs.optional.junit.JUnitTestRunner.run(JUnitTestRunner.java:421)
	at org.apache.tools.ant.taskdefs.optional.junit.JUnitTestRunner.launch(JUnitTestRunner.java:912)
	at org.apache.tools.ant.taskdefs.optional.junit.JUnitTestRunner.main(JUnitTestRunner.java:766)
2011. 11. 17 오전 7:34:43 com.mongodb.DBPortPool gotError
경고: emptying DBPortPool to 61.250.201.78:27017 b/c of error
java.io.IOException: couldn't connect to [/61.250.201.78:27017] bc:java.net.ConnectException: Connection timed out: connect
	at com.mongodb.DBPort._open(DBPort.java:224)
	at com.mongodb.DBPort.go(DBPort.java:101)
	at com.mongodb.DBPort.go(DBPort.java:82)
	at com.mongodb.DBPort.say(DBPort.java:77)
	at com.mongodb.DBTCPConnector.say(DBTCPConnector.java:146)
	at com.mongodb.DBTCPConnector.say(DBTCPConnector.java:132)
	at com.mongodb.DBApiLayer$MyCollection.insert(DBApiLayer.java:262)
	at com.mongodb.DBApiLayer$MyCollection.createIndex(DBApiLayer.java:354)
	at com.mongodb.DBCollection.ensureIndex(DBCollection.java:444)
	at com.mongodb.DBCollection.ensureIndex(DBCollection.java:392)
	at net.ion.radon.repository.Workspace.createWorkspace(Workspace.java:64)
	at net.ion.radon.repository.Workspace.load(Workspace.java:43)
	at net.ion.radon.repository.Repository.getWorkspace(Repository.java:28)
	at net.ion.radon.repository.LocalSession.getCurrentWorkspace(LocalSession.java:147)
	at net.ion.radon.repository.LocalSession.dropWorkspace(LocalSession.java:76)
	at net.ion.radon.repository.TestBaseRepository.setUp(TestBaseRepository.java:17)
	at net.ion.radon.repository.TestAradonId.setUp(TestAradonId.java:10)
	at junit.framework.TestCase.runBare(TestCase.java:128)
	at junit.framework.TestResult$1.protect(TestResult.java:106)
	at junit.framework.TestResult.runProtected(TestResult.java:124)
	at junit.framework.TestResult.run(TestResult.java:109)
	at junit.framework.TestCase.run(TestCase.java:120)
	at junit.framework.TestSuite.runTest(TestSuite.java:230)
	at junit.framework.TestSuite.run(TestSuite.java:225)
	at junit.framework.TestSuite.runTest(TestSuite.java:230)
	at junit.framework.TestSuite.run(TestSuite.java:225)
	at junit.framework.TestSuite.runTest(TestSuite.java:230)
	at junit.framework.TestSuite.run(TestSuite.java:225)
	at junit.framework.TestSuite.runTest(TestSuite.java:230)
	at junit.framework.TestSuite.run(TestSuite.java:225)
	at org.apache.tools.ant.taskdefs.optional.junit.JUnitTestRunner.run(JUnitTestRunner.java:421)
	at org.apache.tools.ant.taskdefs.optional.junit.JUnitTestRunner.launch(JUnitTestRunner.java:912)
	at org.apache.tools.ant.taskdefs.optional.junit.JUnitTestRunner.main(JUnitTestRunner.java:766)
2011. 11. 17 오전 7:35:05 com.mongodb.DBTCPConnector fetchMaxBsonObjectSize
경고: Exception determining maxBSON size using0
java.io.IOException: couldn't connect to [/61.250.201.78:27017] bc:java.net.ConnectException: Connection timed out: connect
	at com.mongodb.DBPort._open(DBPort.java:224)
	at com.mongodb.DBPort.go(DBPort.java:101)
	at com.mongodb.DBPort.go(DBPort.java:82)
	at com.mongodb.DBPort.findOne(DBPort.java:142)
	at com.mongodb.DBPort.runCommand(DBPort.java:151)
	at com.mongodb.DBTCPConnector.fetchMaxBsonObjectSize(DBTCPConnector.java:429)
	at com.mongodb.Mongo.getMaxBsonObjectSize(Mongo.java:544)
	at com.mongodb.DBApiLayer$MyCollection.insert(DBApiLayer.java:244)
	at com.mongodb.DBApiLayer$MyCollection.createIndex(DBApiLayer.java:354)
	at com.mongodb.DBCollection.ensureIndex(DBCollection.java:444)
	at com.mongodb.DBCollection.ensureIndex(DBCollection.java:392)
	at net.ion.radon.repository.Workspace.createWorkspace(Workspace.java:64)
	at net.ion.radon.repository.Workspace.load(Workspace.java:43)
	at net.ion.radon.repository.Repository.getWorkspace(Repository.java:28)
	at net.ion.radon.repository.LocalSession.getCurrentWorkspace(LocalSession.java:147)
	at net.ion.radon.repository.LocalSession.dropWorkspace(LocalSession.java:76)
	at net.ion.radon.repository.TestBaseRepository.setUp(TestBaseRepository.java:17)
	at net.ion.radon.repository.TestAradonId.setUp(TestAradonId.java:10)
	at junit.framework.TestCase.runBare(TestCase.java:128)
	at junit.framework.TestResult$1.protect(TestResult.java:106)
	at junit.framework.TestResult.runProtected(TestResult.java:124)
	at junit.framework.TestResult.run(TestResult.java:109)
	at junit.framework.TestCase.run(TestCase.java:120)
	at junit.framework.TestSuite.runTest(TestSuite.java:230)
	at junit.framework.TestSuite.run(TestSuite.java:225)
	at junit.framework.TestSuite.runTest(TestSuite.java:230)
	at junit.framework.TestSuite.run(TestSuite.java:225)
	at junit.framework.TestSuite.runTest(TestSuite.java:230)
	at junit.framework.TestSuite.run(TestSuite.java:225)
	at junit.framework.TestSuite.runTest(TestSuite.java:230)
	at junit.framework.TestSuite.run(TestSuite.java:225)
	at org.apache.tools.ant.taskdefs.optional.junit.JUnitTestRunner.run(JUnitTestRunner.java:421)
	at org.apache.tools.ant.taskdefs.optional.junit.JUnitTestRunner.launch(JUnitTestRunner.java:912)
	at org.apache.tools.ant.taskdefs.optional.junit.JUnitTestRunner.main(JUnitTestRunner.java:766)
2011. 11. 17 오전 7:35:26 com.mongodb.DBTCPConnector fetchMaxBsonObjectSize
경고: Exception determining maxBSON size using0
java.io.IOException: couldn't connect to [/61.250.201.78:27017] bc:java.net.ConnectException: Connection timed out: connect
	at com.mongodb.DBPort._open(DBPort.java:224)
	at com.mongodb.DBPort.go(DBPort.java:101)
	at com.mongodb.DBPort.go(DBPort.java:82)
	at com.mongodb.DBPort.findOne(DBPort.java:142)
	at com.mongodb.DBPort.runCommand(DBPort.java:151)
	at com.mongodb.DBTCPConnector.fetchMaxBsonObjectSize(DBTCPConnector.java:429)
	at com.mongodb.DBTCPConnector.checkMaster(DBTCPConnector.java:416)
	at com.mongodb.DBTCPConnector.say(DBTCPConnector.java:139)
	at com.mongodb.DBTCPConnector.say(DBTCPConnector.java:132)
	at com.mongodb.DBApiLayer$MyCollection.insert(DBApiLayer.java:262)
	at com.mongodb.DBApiLayer$MyCollection.createIndex(DBApiLayer.java:354)
	at com.mongodb.DBCollection.ensureIndex(DBCollection.java:444)
	at com.mongodb.DBCollection.ensureIndex(DBCollection.java:392)
	at net.ion.radon.repository.Workspace.createWorkspace(Workspace.java:64)
	at net.ion.radon.repository.Workspace.load(Workspace.java:43)
	at net.ion.radon.repository.Repository.getWorkspace(Repository.java:28)
	at net.ion.radon.repository.LocalSession.getCurrentWorkspace(LocalSession.java:147)
	at net.ion.radon.repository.LocalSession.dropWorkspace(LocalSession.java:76)
	at net.ion.radon.repository.TestBaseRepository.setUp(TestBaseRepository.java:17)
	at net.ion.radon.repository.TestAradonId.setUp(TestAradonId.java:10)
	at junit.framework.TestCase.runBare(TestCase.java:128)
	at junit.framework.TestResult$1.protect(TestResult.java:106)
	at junit.framework.TestResult.runProtected(TestResult.java:124)
	at junit.framework.TestResult.run(TestResult.java:109)
	at junit.framework.TestCase.run(TestCase.java:120)
	at junit.framework.TestSuite.runTest(TestSuite.java:230)
	at junit.framework.TestSuite.run(TestSuite.java:225)
	at junit.framework.TestSuite.runTest(TestSuite.java:230)
	at junit.framework.TestSuite.run(TestSuite.java:225)
	at junit.framework.TestSuite.runTest(TestSuite.java:230)
	at junit.framework.TestSuite.run(TestSuite.java:225)
	at junit.framework.TestSuite.runTest(TestSuite.java:230)
	at junit.framework.TestSuite.run(TestSuite.java:225)
	at org.apache.tools.ant.taskdefs.optional.junit.JUnitTestRunner.run(JUnitTestRunner.java:421)
	at org.apache.tools.ant.taskdefs.optional.junit.JUnitTestRunner.launch(JUnitTestRunner.java:912)
	at org.apache.tools.ant.taskdefs.optional.junit.JUnitTestRunner.main(JUnitTestRunner.java:766)
2011. 11. 17 오전 7:35:47 com.mongodb.DBPortPool gotError
경고: emptying DBPortPool to 61.250.201.78:27017 b/c of error
java.io.IOException: couldn't connect to [/61.250.201.78:27017] bc:java.net.ConnectException: Connection timed out: connect
	at com.mongodb.DBPort._open(DBPort.java:224)
	at com.mongodb.DBPort.go(DBPort.java:101)
	at com.mongodb.DBPort.go(DBPort.java:82)
	at com.mongodb.DBPort.say(DBPort.java:77)
	at com.mongodb.DBTCPConnector.say(DBTCPConnector.java:146)
	at com.mongodb.DBTCPConnector.say(DBTCPConnector.java:132)
	at com.mongodb.DBApiLayer$MyCollection.insert(DBApiLayer.java:262)
	at com.mongodb.DBApiLayer$MyCollection.createIndex(DBApiLayer.java:354)
	at com.mongodb.DBCollection.ensureIndex(DBCollection.java:444)
	at com.mongodb.DBCollection.ensureIndex(DBCollection.java:392)
	at net.ion.radon.repository.Workspace.createWorkspace(Workspace.java:64)
	at net.ion.radon.repository.Workspace.load(Workspace.java:43)
	at net.ion.radon.repository.Repository.getWorkspace(Repository.java:28)
	at net.ion.radon.repository.LocalSession.getCurrentWorkspace(LocalSession.java:147)
	at net.ion.radon.repository.LocalSession.dropWorkspace(LocalSession.java:76)
	at net.ion.radon.repository.TestBaseRepository.setUp(TestBaseRepository.java:17)
	at net.ion.radon.repository.TestAradonId.setUp(TestAradonId.java:10)
	at junit.framework.TestCase.runBare(TestCase.java:128)
	at junit.framework.TestResult$1.protect(TestResult.java:106)
	at junit.framework.TestResult.runProtected(TestResult.java:124)
	at junit.framework.TestResult.run(TestResult.java:109)
	at junit.framework.TestCase.run(TestCase.java:120)
	at junit.framework.TestSuite.runTest(TestSuite.java:230)
	at junit.framework.TestSuite.run(TestSuite.java:225)
	at junit.framework.TestSuite.runTest(TestSuite.java:230)
	at junit.framework.TestSuite.run(TestSuite.java:225)
	at junit.framework.TestSuite.runTest(TestSuite.java:230)
	at junit.framework.TestSuite.run(TestSuite.java:225)
	at junit.framework.TestSuite.runTest(TestSuite.java:230)
	at junit.framework.TestSuite.run(TestSuite.java:225)
	at org.apache.tools.ant.taskdefs.optional.junit.JUnitTestRunner.run(JUnitTestRunner.java:421)
	at org.apache.tools.ant.taskdefs.optional.junit.JUnitTestRunner.launch(JUnitTestRunner.java:912)
	at org.apache.tools.ant.taskdefs.optional.junit.JUnitTestRunner.main(JUnitTestRunner.java:766)
2011. 11. 17 오전 7:36:08 com.mongodb.DBTCPConnector fetchMaxBsonObjectSize
경고: Exception determining maxBSON size using0
java.io.IOException: couldn't connect to [/61.250.201.78:27017] bc:java.net.ConnectException: Connection timed out: connect
	at com.mongodb.DBPort._open(DBPort.java:224)
	at com.mongodb.DBPort.go(DBPort.java:101)
	at com.mongodb.DBPort.go(DBPort.java:82)
	at com.mongodb.DBPort.findOne(DBPort.java:142)
	at com.mongodb.DBPort.runCommand(DBPort.java:151)
	at com.mongodb.DBTCPConnector.fetchMaxBsonObjectSize(DBTCPConnector.java:429)
	at com.mongodb.Mongo.getMaxBsonObjectSize(Mongo.java:544)
	at com.mongodb.DBApiLayer$MyCollection.insert(DBApiLayer.java:244)
	at com.mongodb.DBApiLayer$MyCollection.createIndex(DBApiLayer.java:354)
	at com.mongodb.DBCollection.ensureIndex(DBCollection.java:444)
	at com.mongodb.DBCollection.ensureIndex(DBCollection.java:392)
	at net.ion.radon.repository.Workspace.createWorkspace(Workspace.java:64)
	at net.ion.radon.repository.Workspace.load(Workspace.java:43)
	at net.ion.radon.repository.Repository.getWorkspace(Repository.java:28)
	at net.ion.radon.repository.LocalSession.getCurrentWorkspace(LocalSession.java:147)
	at net.ion.radon.repository.LocalSession.dropWorkspace(LocalSession.java:76)
	at net.ion.radon.repository.TestBaseRepository.setUp(TestBaseRepository.java:17)
	at net.ion.radon.repository.TestAradonId.setUp(TestAradonId.java:10)
	at junit.framework.TestCase.runBare(TestCase.java:128)
	at junit.framework.TestResult$1.protect(TestResult.java:106)
	at junit.framework.TestResult.runProtected(TestResult.java:124)
	at junit.framework.TestResult.run(TestResult.java:109)
	at junit.framework.TestCase.run(TestCase.java:120)
	at junit.framework.TestSuite.runTest(TestSuite.java:230)
	at junit.framework.TestSuite.run(TestSuite.java:225)
	at junit.framework.TestSuite.runTest(TestSuite.java:230)
	at junit.framework.TestSuite.run(TestSuite.java:225)
	at junit.framework.TestSuite.runTest(TestSuite.java:230)
	at junit.framework.TestSuite.run(TestSuite.java:225)
	at junit.framework.TestSuite.runTest(TestSuite.java:230)
	at junit.framework.TestSuite.run(TestSuite.java:225)
	at org.apache.tools.ant.taskdefs.optional.junit.JUnitTestRunner.run(JUnitTestRunner.java:421)
	at org.apache.tools.ant.taskdefs.optional.junit.JUnitTestRunner.launch(JUnitTestRunner.java:912)
	at org.apache.tools.ant.taskdefs.optional.junit.JUnitTestRunner.main(JUnitTestRunner.java:766)
2011. 11. 17 오전 7:36:29 com.mongodb.DBTCPConnector fetchMaxBsonObjectSize
경고: Exception determining maxBSON size using0
java.io.IOException: couldn't connect to [/61.250.201.78:27017] bc:java.net.ConnectException: Connection timed out: connect
	at com.mongodb.DBPort._open(DBPort.java:224)
	at com.mongodb.DBPort.go(DBPort.java:101)
	at com.mongodb.DBPort.go(DBPort.java:82)
	at com.mongodb.DBPort.findOne(DBPort.java:142)
	at com.mongodb.DBPort.runCommand(DBPort.java:151)
	at com.mongodb.DBTCPConnector.fetchMaxBsonObjectSize(DBTCPConnector.java:429)
	at com.mongodb.DBTCPConnector.checkMaster(DBTCPConnector.java:416)
	at com.mongodb.DBTCPConnector.say(DBTCPConnector.java:139)
	at com.mongodb.DBTCPConnector.say(DBTCPConnector.java:132)
	at com.mongodb.DBApiLayer$MyCollection.insert(DBApiLayer.java:262)
	at com.mongodb.DBApiLayer$MyCollection.createIndex(DBApiLayer.java:354)
	at com.mongodb.DBCollection.ensureIndex(DBCollection.java:444)
	at com.mongodb.DBCollection.ensureIndex(DBCollection.java:392)
	at net.ion.radon.repository.Workspace.createWorkspace(Workspace.java:64)
	at net.ion.radon.repository.Workspace.load(Workspace.java:43)
	at net.ion.radon.repository.Repository.getWorkspace(Repository.java:28)
	at net.ion.radon.repository.LocalSession.getCurrentWorkspace(LocalSession.java:147)
	at net.ion.radon.repository.LocalSession.dropWorkspace(LocalSession.java:76)
	at net.ion.radon.repository.TestBaseRepository.setUp(TestBaseRepository.java:17)
	at net.ion.radon.repository.TestAradonId.setUp(TestAradonId.java:10)
	at junit.framework.TestCase.runBare(TestCase.java:128)
	at junit.framework.TestResult$1.protect(TestResult.java:106)
	at junit.framework.TestResult.runProtected(TestResult.java:124)
	at junit.framework.TestResult.run(TestResult.java:109)
	at junit.framework.TestCase.run(TestCase.java:120)
	at junit.framework.TestSuite.runTest(TestSuite.java:230)
	at junit.framework.TestSuite.run(TestSuite.java:225)
	at junit.framework.TestSuite.runTest(TestSuite.java:230)
	at junit.framework.TestSuite.run(TestSuite.java:225)
	at junit.framework.TestSuite.runTest(TestSuite.java:230)
	at junit.framework.TestSuite.run(TestSuite.java:225)
	at junit.framework.TestSuite.runTest(TestSuite.java:230)
	at junit.framework.TestSuite.run(TestSuite.java:225)
	at org.apache.tools.ant.taskdefs.optional.junit.JUnitTestRunner.run(JUnitTestRunner.java:421)
	at org.apache.tools.ant.taskdefs.optional.junit.JUnitTestRunner.launch(JUnitTestRunner.java:912)
	at org.apache.tools.ant.taskdefs.optional.junit.JUnitTestRunner.main(JUnitTestRunner.java:766)
2011. 11. 17 오전 7:36:50 com.mongodb.DBPortPool gotError
경고: emptying DBPortPool to 61.250.201.78:27017 b/c of error
java.io.IOException: couldn't connect to [/61.250.201.78:27017] bc:java.net.ConnectException: Connection timed out: connect
	at com.mongodb.DBPort._open(DBPort.java:224)
	at com.mongodb.DBPort.go(DBPort.java:101)
	at com.mongodb.DBPort.go(DBPort.java:82)
	at com.mongodb.DBPort.say(DBPort.java:77)
	at com.mongodb.DBTCPConnector.say(DBTCPConnector.java:146)
	at com.mongodb.DBTCPConnector.say(DBTCPConnector.java:132)
	at com.mongodb.DBApiLayer$MyCollection.insert(DBApiLayer.java:262)
	at com.mongodb.DBApiLayer$MyCollection.createIndex(DBApiLayer.java:354)
	at com.mongodb.DBCollection.ensureIndex(DBCollection.java:444)
	at com.mongodb.DBCollection.ensureIndex(DBCollection.java:392)
	at net.ion.radon.repository.Workspace.createWorkspace(Workspace.java:64)
	at net.ion.radon.repository.Workspace.load(Workspace.java:43)
	at net.ion.radon.repository.Repository.getWorkspace(Repository.java:28)
	at net.ion.radon.repository.LocalSession.getCurrentWorkspace(LocalSession.java:147)
	at net.ion.radon.repository.LocalSession.dropWorkspace(LocalSession.java:76)
	at net.ion.radon.repository.TestBaseRepository.setUp(TestBaseRepository.java:17)
	at net.ion.radon.repository.TestAradonId.setUp(TestAradonId.java:10)
	at junit.framework.TestCase.runBare(TestCase.java:128)
	at junit.framework.TestResult$1.protect(TestResult.java:106)
	at junit.framework.TestResult.runProtected(TestResult.java:124)
	at junit.framework.TestResult.run(TestResult.java:109)
	at junit.framework.TestCase.run(TestCase.java:120)
	at junit.framework.TestSuite.runTest(TestSuite.java:230)
	at junit.framework.TestSuite.run(TestSuite.java:225)
	at junit.framework.TestSuite.runTest(TestSuite.java:230)
	at junit.framework.TestSuite.run(TestSuite.java:225)
	at junit.framework.TestSuite.runTest(TestSuite.java:230)
	at junit.framework.TestSuite.run(TestSuite.java:225)
	at junit.framework.TestSuite.runTest(TestSuite.java:230)
	at junit.framework.TestSuite.run(TestSuite.java:225)
	at org.apache.tools.ant.taskdefs.optional.junit.JUnitTestRunner.run(JUnitTestRunner.java:421)
	at org.apache.tools.ant.taskdefs.optional.junit.JUnitTestRunner.launch(JUnitTestRunner.java:912)
	at org.apache.tools.ant.taskdefs.optional.junit.JUnitTestRunner.main(JUnitTestRunner.java:766)
2011. 11. 17 오전 7:37:11 com.mongodb.DBTCPConnector fetchMaxBsonObjectSize
경고: Exception determining maxBSON size using0
java.io.IOException: couldn't connect to [/61.250.201.78:27017] bc:java.net.ConnectException: Connection timed out: connect
	at com.mongodb.DBPort._open(DBPort.java:224)
	at com.mongodb.DBPort.go(DBPort.java:101)
	at com.mongodb.DBPort.go(DBPort.java:82)
	at com.mongodb.DBPort.findOne(DBPort.java:142)
	at com.mongodb.DBPort.runCommand(DBPort.java:151)
	at com.mongodb.DBTCPConnector.fetchMaxBsonObjectSize(DBTCPConnector.java:429)
	at com.mongodb.Mongo.getMaxBsonObjectSize(Mongo.java:544)
	at com.mongodb.DBApiLayer$MyCollection.insert(DBApiLayer.java:244)
	at com.mongodb.DBApiLayer$MyCollection.createIndex(DBApiLayer.java:354)
	at com.mongodb.DBCollection.ensureIndex(DBCollection.java:444)
	at com.mongodb.DBCollection.ensureIndex(DBCollection.java:392)
	at net.ion.radon.repository.Workspace.createWorkspace(Workspace.java:64)
	at net.ion.radon.repository.Workspace.load(Workspace.java:43)
	at net.ion.radon.repository.Repository.getWorkspace(Repository.java:28)
	at net.ion.radon.repository.LocalSession.getCurrentWorkspace(LocalSession.java:147)
	at net.ion.radon.repository.LocalSession.dropWorkspace(LocalSession.java:76)
	at net.ion.radon.repository.TestBaseRepository.setUp(TestBaseRepository.java:17)
	at net.ion.radon.repository.TestAradonId.setUp(TestAradonId.java:10)
	at junit.framework.TestCase.runBare(TestCase.java:128)
	at junit.framework.TestResult$1.protect(TestResult.java:106)
	at junit.framework.TestResult.runProtected(TestResult.java:124)
	at junit.framework.TestResult.run(TestResult.java:109)
	at junit.framework.TestCase.run(TestCase.java:120)
	at junit.framework.TestSuite.runTest(TestSuite.java:230)
	at junit.framework.TestSuite.run(TestSuite.java:225)
	at junit.framework.TestSuite.runTest(TestSuite.java:230)
	at junit.framework.TestSuite.run(TestSuite.java:225)
	at junit.framework.TestSuite.runTest(TestSuite.java:230)
	at junit.framework.TestSuite.run(TestSuite.java:225)
	at junit.framework.TestSuite.runTest(TestSuite.java:230)
	at junit.framework.TestSuite.run(TestSuite.java:225)
	at org.apache.tools.ant.taskdefs.optional.junit.JUnitTestRunner.run(JUnitTestRunner.java:421)
	at org.apache.tools.ant.taskdefs.optional.junit.JUnitTestRunner.launch(JUnitTestRunner.java:912)
	at org.apache.tools.ant.taskdefs.optional.junit.JUnitTestRunner.main(JUnitTestRunner.java:766)
2011. 11. 17 오전 7:37:32 com.mongodb.DBTCPConnector fetchMaxBsonObjectSize
경고: Exception determining maxBSON size using0
java.io.IOException: couldn't connect to [/61.250.201.78:27017] bc:java.net.ConnectException: Connection timed out: connect
	at com.mongodb.DBPort._open(DBPort.java:224)
	at com.mongodb.DBPort.go(DBPort.java:101)
	at com.mongodb.DBPort.go(DBPort.java:82)
	at com.mongodb.DBPort.findOne(DBPort.java:142)
	at com.mongodb.DBPort.runCommand(DBPort.java:151)
	at com.mongodb.DBTCPConnector.fetchMaxBsonObjectSize(DBTCPConnector.java:429)
	at com.mongodb.DBTCPConnector.checkMaster(DBTCPConnector.java:416)
	at com.mongodb.DBTCPConnector.say(DBTCPConnector.java:139)
	at com.mongodb.DBTCPConnector.say(DBTCPConnector.java:132)
	at com.mongodb.DBApiLayer$MyCollection.insert(DBApiLayer.java:262)
	at com.mongodb.DBApiLayer$MyCollection.createIndex(DBApiLayer.java:354)
	at com.mongodb.DBCollection.ensureIndex(DBCollection.java:444)
	at com.mongodb.DBCollection.ensureIndex(DBCollection.java:392)
	at net.ion.radon.repository.Workspace.createWorkspace(Workspace.java:64)
	at net.ion.radon.repository.Workspace.load(Workspace.java:43)
	at net.ion.radon.repository.Repository.getWorkspace(Repository.java:28)
	at net.ion.radon.repository.LocalSession.getCurrentWorkspace(LocalSession.java:147)
	at net.ion.radon.repository.LocalSession.dropWorkspace(LocalSession.java:76)
	at net.ion.radon.repository.TestBaseRepository.setUp(TestBaseRepository.java:17)
	at net.ion.radon.repository.TestAradonId.setUp(TestAradonId.java:10)
	at junit.framework.TestCase.runBare(TestCase.java:128)
	at junit.framework.TestResult$1.protect(TestResult.java:106)
	at junit.framework.TestResult.runProtected(TestResult.java:124)
	at junit.framework.TestResult.run(TestResult.java:109)
	at junit.framework.TestCase.run(TestCase.java:120)
	at junit.framework.TestSuite.runTest(TestSuite.java:230)
	at junit.framework.TestSuite.run(TestSuite.java:225)
	at junit.framework.TestSuite.runTest(TestSuite.java:230)
	at junit.framework.TestSuite.run(TestSuite.java:225)
	at junit.framework.TestSuite.runTest(TestSuite.java:230)
	at junit.framework.TestSuite.run(TestSuite.java:225)
	at junit.framework.TestSuite.runTest(TestSuite.java:230)
	at junit.framework.TestSuite.run(TestSuite.java:225)
	at org.apache.tools.ant.taskdefs.optional.junit.JUnitTestRunner.run(JUnitTestRunner.java:421)
	at org.apache.tools.ant.taskdefs.optional.junit.JUnitTestRunner.launch(JUnitTestRunner.java:912)
	at org.apache.tools.ant.taskdefs.optional.junit.JUnitTestRunner.main(JUnitTestRunner.java:766)
2011. 11. 17 오전 7:37:53 com.mongodb.DBPortPool gotError
경고: emptying DBPortPool to 61.250.201.78:27017 b/c of error
java.io.IOException: couldn't connect to [/61.250.201.78:27017] bc:java.net.ConnectException: Connection timed out: connect
	at com.mongodb.DBPort._open(DBPort.java:224)
	at com.mongodb.DBPort.go(DBPort.java:101)
	at com.mongodb.DBPort.go(DBPort.java:82)
	at com.mongodb.DBPort.say(DBPort.java:77)
	at com.mongodb.DBTCPConnector.say(DBTCPConnector.java:146)
	at com.mongodb.DBTCPConnector.say(DBTCPConnector.java:132)
	at com.mongodb.DBApiLayer$MyCollection.insert(DBApiLayer.java:262)
	at com.mongodb.DBApiLayer$MyCollection.createIndex(DBApiLayer.java:354)
	at com.mongodb.DBCollection.ensureIndex(DBCollection.java:444)
	at com.mongodb.DBCollection.ensureIndex(DBCollection.java:392)
	at net.ion.radon.repository.Workspace.createWorkspace(Workspace.java:64)
	at net.ion.radon.repository.Workspace.load(Workspace.java:43)
	at net.ion.radon.repository.Repository.getWorkspace(Repository.java:28)
	at net.ion.radon.repository.LocalSession.getCurrentWorkspace(LocalSession.java:147)
	at net.ion.radon.repository.LocalSession.dropWorkspace(LocalSession.java:76)
	at net.ion.radon.repository.TestBaseRepository.setUp(TestBaseRepository.java:17)
	at net.ion.radon.repository.TestAradonId.setUp(TestAradonId.java:10)
	at junit.framework.TestCase.runBare(TestCase.java:128)
	at junit.framework.TestResult$1.protect(TestResult.java:106)
	at junit.framework.TestResult.runProtected(TestResult.java:124)
	at junit.framework.TestResult.run(TestResult.java:109)
	at junit.framework.TestCase.run(TestCase.java:120)
	at junit.framework.TestSuite.runTest(TestSuite.java:230)
	at junit.framework.TestSuite.run(TestSuite.java:225)
	at junit.framework.TestSuite.runTest(TestSuite.java:230)
	at junit.framework.TestSuite.run(TestSuite.java:225)
	at junit.framework.TestSuite.runTest(TestSuite.java:230)
	at junit.framework.TestSuite.run(TestSuite.java:225)
	at junit.framework.TestSuite.runTest(TestSuite.java:230)
	at junit.framework.TestSuite.run(TestSuite.java:225)
	at org.apache.tools.ant.taskdefs.optional.junit.JUnitTestRunner.run(JUnitTestRunner.java:421)
	at org.apache.tools.ant.taskdefs.optional.junit.JUnitTestRunner.launch(JUnitTestRunner.java:912)
	at org.apache.tools.ant.taskdefs.optional.junit.JUnitTestRunner.main(JUnitTestRunner.java:766)
2011. 11. 17 오전 7:38:14 com.mongodb.DBTCPConnector fetchMaxBsonObjectSize
경고: Exception determining maxBSON size using0
java.io.IOException: couldn't connect to [/61.250.201.78:27017] bc:java.net.ConnectException: Connection timed out: connect
	at com.mongodb.DBPort._open(DBPort.java:224)
	at com.mongodb.DBPort.go(DBPort.java:101)
	at com.mongodb.DBPort.go(DBPort.java:82)
	at com.mongodb.DBPort.findOne(DBPort.java:142)
	at com.mongodb.DBPort.runCommand(DBPort.java:151)
	at com.mongodb.DBTCPConnector.fetchMaxBsonObjectSize(DBTCPConnector.java:429)
	at com.mongodb.Mongo.getMaxBsonObjectSize(Mongo.java:544)
	at com.mongodb.DBApiLayer$MyCollection.insert(DBApiLayer.java:244)
	at com.mongodb.DBApiLayer$MyCollection.createIndex(DBApiLayer.java:354)
	at com.mongodb.DBCollection.ensureIndex(DBCollection.java:444)
	at com.mongodb.DBCollection.ensureIndex(DBCollection.java:392)
	at net.ion.radon.repository.Workspace.createWorkspace(Workspace.java:64)
	at net.ion.radon.repository.Workspace.load(Workspace.java:43)
	at net.ion.radon.repository.Repository.getWorkspace(Repository.java:28)
	at net.ion.radon.repository.LocalSession.getCurrentWorkspace(LocalSession.java:147)
	at net.ion.radon.repository.LocalSession.dropWorkspace(LocalSession.java:76)
	at net.ion.radon.repository.TestBaseRepository.setUp(TestBaseRepository.java:17)
	at net.ion.radon.repository.TestAradonId.setUp(TestAradonId.java:10)
	at junit.framework.TestCase.runBare(TestCase.java:128)
	at junit.framework.TestResult$1.protect(TestResult.java:106)
	at junit.framework.TestResult.runProtected(TestResult.java:124)
	at junit.framework.TestResult.run(TestResult.java:109)
	at junit.framework.TestCase.run(TestCase.java:120)
	at junit.framework.TestSuite.runTest(TestSuite.java:230)
	at junit.framework.TestSuite.run(TestSuite.java:225)
	at junit.framework.TestSuite.runTest(TestSuite.java:230)
	at junit.framework.TestSuite.run(TestSuite.java:225)
	at junit.framework.TestSuite.runTest(TestSuite.java:230)
	at junit.framework.TestSuite.run(TestSuite.java:225)
	at junit.framework.TestSuite.runTest(TestSuite.java:230)
	at junit.framework.TestSuite.run(TestSuite.java:225)
	at org.apache.tools.ant.taskdefs.optional.junit.JUnitTestRunner.run(JUnitTestRunner.java:421)
	at org.apache.tools.ant.taskdefs.optional.junit.JUnitTestRunner.launch(JUnitTestRunner.java:912)
	at org.apache.tools.ant.taskdefs.optional.junit.JUnitTestRunner.main(JUnitTestRunner.java:766)
2011. 11. 17 오전 7:38:35 com.mongodb.DBTCPConnector fetchMaxBsonObjectSize
경고: Exception determining maxBSON size using0
java.io.IOException: couldn't connect to [/61.250.201.78:27017] bc:java.net.ConnectException: Connection timed out: connect
	at com.mongodb.DBPort._open(DBPort.java:224)
	at com.mongodb.DBPort.go(DBPort.java:101)
	at com.mongodb.DBPort.go(DBPort.java:82)
	at com.mongodb.DBPort.findOne(DBPort.java:142)
	at com.mongodb.DBPort.runCommand(DBPort.java:151)
	at com.mongodb.DBTCPConnector.fetchMaxBsonObjectSize(DBTCPConnector.java:429)
	at com.mongodb.DBTCPConnector.checkMaster(DBTCPConnector.java:416)
	at com.mongodb.DBTCPConnector.say(DBTCPConnector.java:139)
	at com.mongodb.DBTCPConnector.say(DBTCPConnector.java:132)
	at com.mongodb.DBApiLayer$MyCollection.insert(DBApiLayer.java:262)
	at com.mongodb.DBApiLayer$MyCollection.createIndex(DBApiLayer.java:354)
	at com.mongodb.DBCollection.ensureIndex(DBCollection.java:444)
	at com.mongodb.DBCollection.ensureIndex(DBCollection.java:392)
	at net.ion.radon.repository.Workspace.createWorkspace(Workspace.java:64)
	at net.ion.radon.repository.Workspace.load(Workspace.java:43)
	at net.ion.radon.repository.Repository.getWorkspace(Repository.java:28)
	at net.ion.radon.repository.LocalSession.getCurrentWorkspace(LocalSession.java:147)
	at net.ion.radon.repository.LocalSession.dropWorkspace(LocalSession.java:76)
	at net.ion.radon.repository.TestBaseRepository.setUp(TestBaseRepository.java:17)
	at net.ion.radon.repository.TestAradonId.setUp(TestAradonId.java:10)
	at junit.framework.TestCase.runBare(TestCase.java:128)
	at junit.framework.TestResult$1.protect(TestResult.java:106)
	at junit.framework.TestResult.runProtected(TestResult.java:124)
	at junit.framework.TestResult.run(TestResult.java:109)
	at junit.framework.TestCase.run(TestCase.java:120)
	at junit.framework.TestSuite.runTest(TestSuite.java:230)
	at junit.framework.TestSuite.run(TestSuite.java:225)
	at junit.framework.TestSuite.runTest(TestSuite.java:230)
	at junit.framework.TestSuite.run(TestSuite.java:225)
	at junit.framework.TestSuite.runTest(TestSuite.java:230)
	at junit.framework.TestSuite.run(TestSuite.java:225)
	at junit.framework.TestSuite.runTest(TestSuite.java:230)
	at junit.framework.TestSuite.run(TestSuite.java:225)
	at org.apache.tools.ant.taskdefs.optional.junit.JUnitTestRunner.run(JUnitTestRunner.java:421)
	at org.apache.tools.ant.taskdefs.optional.junit.JUnitTestRunner.launch(JUnitTestRunner.java:912)
	at org.apache.tools.ant.taskdefs.optional.junit.JUnitTestRunner.main(JUnitTestRunner.java:766)
2011. 11. 17 오전 7:38:56 com.mongodb.DBPortPool gotError
경고: emptying DBPortPool to 61.250.201.78:27017 b/c of error
java.io.IOException: couldn't connect to [/61.250.201.78:27017] bc:java.net.ConnectException: Connection timed out: connect
	at com.mongodb.DBPort._open(DBPort.java:224)
	at com.mongodb.DBPort.go(DBPort.java:101)
	at com.mongodb.DBPort.go(DBPort.java:82)
	at com.mongodb.DBPort.say(DBPort.java:77)
	at com.mongodb.DBTCPConnector.say(DBTCPConnector.java:146)
	at com.mongodb.DBTCPConnector.say(DBTCPConnector.java:132)
	at com.mongodb.DBApiLayer$MyCollection.insert(DBApiLayer.java:262)
	at com.mongodb.DBApiLayer$MyCollection.createIndex(DBApiLayer.java:354)
	at com.mongodb.DBCollection.ensureIndex(DBCollection.java:444)
	at com.mongodb.DBCollection.ensureIndex(DBCollection.java:392)
	at net.ion.radon.repository.Workspace.createWorkspace(Workspace.java:64)
	at net.ion.radon.repository.Workspace.load(Workspace.java:43)
	at net.ion.radon.repository.Repository.getWorkspace(Repository.java:28)
	at net.ion.radon.repository.LocalSession.getCurrentWorkspace(LocalSession.java:147)
	at net.ion.radon.repository.LocalSession.dropWorkspace(LocalSession.java:76)
	at net.ion.radon.repository.TestBaseRepository.setUp(TestBaseRepository.java:17)
	at net.ion.radon.repository.TestAradonId.setUp(TestAradonId.java:10)
	at junit.framework.TestCase.runBare(TestCase.java:128)
	at junit.framework.TestResult$1.protect(TestResult.java:106)
	at junit.framework.TestResult.runProtected(TestResult.java:124)
	at junit.framework.TestResult.run(TestResult.java:109)
	at junit.framework.TestCase.run(TestCase.java:120)
	at junit.framework.TestSuite.runTest(TestSuite.java:230)
	at junit.framework.TestSuite.run(TestSuite.java:225)
	at junit.framework.TestSuite.runTest(TestSuite.java:230)
	at junit.framework.TestSuite.run(TestSuite.java:225)
	at junit.framework.TestSuite.runTest(TestSuite.java:230)
	at junit.framework.TestSuite.run(TestSuite.java:225)
	at junit.framework.TestSuite.runTest(TestSuite.java:230)
	at junit.framework.TestSuite.run(TestSuite.java:225)
	at org.apache.tools.ant.taskdefs.optional.junit.JUnitTestRunner.run(JUnitTestRunner.java:421)
	at org.apache.tools.ant.taskdefs.optional.junit.JUnitTestRunner.launch(JUnitTestRunner.java:912)
	at org.apache.tools.ant.taskdefs.optional.junit.JUnitTestRunner.main(JUnitTestRunner.java:766)
2011. 11. 17 오전 7:39:17 com.mongodb.DBTCPConnector fetchMaxBsonObjectSize
경고: Exception determining maxBSON size using0
java.io.IOException: couldn't connect to [/61.250.201.78:27017] bc:java.net.ConnectException: Connection timed out: connect
	at com.mongodb.DBPort._open(DBPort.java:224)
	at com.mongodb.DBPort.go(DBPort.java:101)
	at com.mongodb.DBPort.go(DBPort.java:82)
	at com.mongodb.DBPort.findOne(DBPort.java:142)
	at com.mongodb.DBPort.runCommand(DBPort.java:151)
	at com.mongodb.DBTCPConnector.fetchMaxBsonObjectSize(DBTCPConnector.java:429)
	at com.mongodb.Mongo.getMaxBsonObjectSize(Mongo.java:544)
	at com.mongodb.DBApiLayer$MyCollection.insert(DBApiLayer.java:244)
	at com.mongodb.DBApiLayer$MyCollection.createIndex(DBApiLayer.java:354)
	at com.mongodb.DBCollection.ensureIndex(DBCollection.java:444)
	at com.mongodb.DBCollection.ensureIndex(DBCollection.java:392)
	at net.ion.radon.repository.Workspace.createWorkspace(Workspace.java:64)
	at net.ion.radon.repository.Workspace.load(Workspace.java:43)
	at net.ion.radon.repository.Repository.getWorkspace(Repository.java:28)
	at net.ion.radon.repository.LocalSession.getCurrentWorkspace(LocalSession.java:147)
	at net.ion.radon.repository.LocalSession.dropWorkspace(LocalSession.java:76)
	at net.ion.radon.repository.TestBaseRepository.setUp(TestBaseRepository.java:17)
	at net.ion.radon.repository.TestAradonId.setUp(TestAradonId.java:10)
	at junit.framework.TestCase.runBare(TestCase.java:128)
	at junit.framework.TestResult$1.protect(TestResult.java:106)
	at junit.framework.TestResult.runProtected(TestResult.java:124)
	at junit.framework.TestResult.run(TestResult.java:109)
	at junit.framework.TestCase.run(TestCase.java:120)
	at junit.framework.TestSuite.runTest(TestSuite.java:230)
	at junit.framework.TestSuite.run(TestSuite.java:225)
	at junit.framework.TestSuite.runTest(TestSuite.java:230)
	at junit.framework.TestSuite.run(TestSuite.java:225)
	at junit.framework.TestSuite.runTest(TestSuite.java:230)
	at junit.framework.TestSuite.run(TestSuite.java:225)
	at junit.framework.TestSuite.runTest(TestSuite.java:230)
	at junit.framework.TestSuite.run(TestSuite.java:225)
	at org.apache.tools.ant.taskdefs.optional.junit.JUnitTestRunner.run(JUnitTestRunner.java:421)
	at org.apache.tools.ant.taskdefs.optional.junit.JUnitTestRunner.launch(JUnitTestRunner.java:912)
	at org.apache.tools.ant.taskdefs.optional.junit.JUnitTestRunner.main(JUnitTestRunner.java:766)
2011. 11. 17 오전 7:39:38 com.mongodb.DBTCPConnector fetchMaxBsonObjectSize
경고: Exception determining maxBSON size using0
java.io.IOException: couldn't connect to [/61.250.201.78:27017] bc:java.net.ConnectException: Connection timed out: connect
	at com.mongodb.DBPort._open(DBPort.java:224)
	at com.mongodb.DBPort.go(DBPort.java:101)
	at com.mongodb.DBPort.go(DBPort.java:82)
	at com.mongodb.DBPort.findOne(DBPort.java:142)
	at com.mongodb.DBPort.runCommand(DBPort.java:151)
	at com.mongodb.DBTCPConnector.fetchMaxBsonObjectSize(DBTCPConnector.java:429)
	at com.mongodb.DBTCPConnector.checkMaster(DBTCPConnector.java:416)
	at com.mongodb.DBTCPConnector.say(DBTCPConnector.java:139)
	at com.mongodb.DBTCPConnector.say(DBTCPConnector.java:132)
	at com.mongodb.DBApiLayer$MyCollection.insert(DBApiLayer.java:262)
	at com.mongodb.DBApiLayer$MyCollection.createIndex(DBApiLayer.java:354)
	at com.mongodb.DBCollection.ensureIndex(DBCollection.java:444)
	at com.mongodb.DBCollection.ensureIndex(DBCollection.java:392)
	at net.ion.radon.repository.Workspace.createWorkspace(Workspace.java:64)
	at net.ion.radon.repository.Workspace.load(Workspace.java:43)
	at net.ion.radon.repository.Repository.getWorkspace(Repository.java:28)
	at net.ion.radon.repository.LocalSession.getCurrentWorkspace(LocalSession.java:147)
	at net.ion.radon.repository.LocalSession.dropWorkspace(LocalSession.java:76)
	at net.ion.radon.repository.TestBaseRepository.setUp(TestBaseRepository.java:17)
	at net.ion.radon.repository.TestAradonId.setUp(TestAradonId.java:10)
	at junit.framework.TestCase.runBare(TestCase.java:128)
	at junit.framework.TestResult$1.protect(TestResult.java:106)
	at junit.framework.TestResult.runProtected(TestResult.java:124)
	at junit.framework.TestResult.run(TestResult.java:109)
	at junit.framework.TestCase.run(TestCase.java:120)
	at junit.framework.TestSuite.runTest(TestSuite.java:230)
	at junit.framework.TestSuite.run(TestSuite.java:225)
	at junit.framework.TestSuite.runTest(TestSuite.java:230)
	at junit.framework.TestSuite.run(TestSuite.java:225)
	at junit.framework.TestSuite.runTest(TestSuite.java:230)
	at junit.framework.TestSuite.run(TestSuite.java:225)
	at junit.framework.TestSuite.runTest(TestSuite.java:230)
	at junit.framework.TestSuite.run(TestSuite.java:225)
	at org.apache.tools.ant.taskdefs.optional.junit.JUnitTestRunner.run(JUnitTestRunner.java:421)
	at org.apache.tools.ant.taskdefs.optional.junit.JUnitTestRunner.launch(JUnitTestRunner.java:912)
	at org.apache.tools.ant.taskdefs.optional.junit.JUnitTestRunner.main(JUnitTestRunner.java:766)
2011. 11. 17 오전 7:39:59 com.mongodb.DBPortPool gotError
경고: emptying DBPortPool to 61.250.201.78:27017 b/c of error
java.io.IOException: couldn't connect to [/61.250.201.78:27017] bc:java.net.ConnectException: Connection timed out: connect
	at com.mongodb.DBPort._open(DBPort.java:224)
	at com.mongodb.DBPort.go(DBPort.java:101)
	at com.mongodb.DBPort.go(DBPort.java:82)
	at com.mongodb.DBPort.say(DBPort.java:77)
	at com.mongodb.DBTCPConnector.say(DBTCPConnector.java:146)
	at com.mongodb.DBTCPConnector.say(DBTCPConnector.java:132)
	at com.mongodb.DBApiLayer$MyCollection.insert(DBApiLayer.java:262)
	at com.mongodb.DBApiLayer$MyCollection.createIndex(DBApiLayer.java:354)
	at com.mongodb.DBCollection.ensureIndex(DBCollection.java:444)
	at com.mongodb.DBCollection.ensureIndex(DBCollection.java:392)
	at net.ion.radon.repository.Workspace.createWorkspace(Workspace.java:64)
	at net.ion.radon.repository.Workspace.load(Workspace.java:43)
	at net.ion.radon.repository.Repository.getWorkspace(Repository.java:28)
	at net.ion.radon.repository.LocalSession.getCurrentWorkspace(LocalSession.java:147)
	at net.ion.radon.repository.LocalSession.dropWorkspace(LocalSession.java:76)
	at net.ion.radon.repository.TestBaseRepository.setUp(TestBaseRepository.java:17)
	at net.ion.radon.repository.TestAradonId.setUp(TestAradonId.java:10)
	at junit.framework.TestCase.runBare(TestCase.java:128)
	at junit.framework.TestResult$1.protect(TestResult.java:106)
	at junit.framework.TestResult.runProtected(TestResult.java:124)
	at junit.framework.TestResult.run(TestResult.java:109)
	at junit.framework.TestCase.run(TestCase.java:120)
	at junit.framework.TestSuite.runTest(TestSuite.java:230)
	at junit.framework.TestSuite.run(TestSuite.java:225)
	at junit.framework.TestSuite.runTest(TestSuite.java:230)
	at junit.framework.TestSuite.run(TestSuite.java:225)
	at junit.framework.TestSuite.runTest(TestSuite.java:230)
	at junit.framework.TestSuite.run(TestSuite.java:225)
	at junit.framework.TestSuite.runTest(TestSuite.java:230)
	at junit.framework.TestSuite.run(TestSuite.java:225)
	at org.apache.tools.ant.taskdefs.optional.junit.JUnitTestRunner.run(JUnitTestRunner.java:421)
	at org.apache.tools.ant.taskdefs.optional.junit.JUnitTestRunner.launch(JUnitTestRunner.java:912)
	at org.apache.tools.ant.taskdefs.optional.junit.JUnitTestRunner.main(JUnitTestRunner.java:766)
2011. 11. 17 오전 7:40:20 com.mongodb.DBTCPConnector fetchMaxBsonObjectSize
경고: Exception determining maxBSON size using0
java.io.IOException: couldn't connect to [/61.250.201.78:27017] bc:java.net.ConnectException: Connection timed out: connect
	at com.mongodb.DBPort._open(DBPort.java:224)
	at com.mongodb.DBPort.go(DBPort.java:101)
	at com.mongodb.DBPort.go(DBPort.java:82)
	at com.mongodb.DBPort.findOne(DBPort.java:142)
	at com.mongodb.DBPort.runCommand(DBPort.java:151)
	at com.mongodb.DBTCPConnector.fetchMaxBsonObjectSize(DBTCPConnector.java:429)
	at com.mongodb.Mongo.getMaxBsonObjectSize(Mongo.java:544)
	at com.mongodb.DBApiLayer$MyCollection.insert(DBApiLayer.java:244)
	at com.mongodb.DBApiLayer$MyCollection.createIndex(DBApiLayer.java:354)
	at com.mongodb.DBCollection.ensureIndex(DBCollection.java:444)
	at com.mongodb.DBCollection.ensureIndex(DBCollection.java:392)
	at net.ion.radon.repository.Workspace.createWorkspace(Workspace.java:64)
	at net.ion.radon.repository.Workspace.load(Workspace.java:43)
	at net.ion.radon.repository.Repository.getWorkspace(Repository.java:28)
	at net.ion.radon.repository.LocalSession.getCurrentWorkspace(LocalSession.java:147)
	at net.ion.radon.repository.LocalSession.dropWorkspace(LocalSession.java:76)
	at net.ion.radon.repository.TestBaseRepository.setUp(TestBaseRepository.java:17)
	at net.ion.radon.repository.TestAradonId.setUp(TestAradonId.java:10)
	at junit.framework.TestCase.runBare(TestCase.java:128)
	at junit.framework.TestResult$1.protect(TestResult.java:106)
	at junit.framework.TestResult.runProtected(TestResult.java:124)
	at junit.framework.TestResult.run(TestResult.java:109)
	at junit.framework.TestCase.run(TestCase.java:120)
	at junit.framework.TestSuite.runTest(TestSuite.java:230)
	at junit.framework.TestSuite.run(TestSuite.java:225)
	at junit.framework.TestSuite.runTest(TestSuite.java:230)
	at junit.framework.TestSuite.run(TestSuite.java:225)
	at junit.framework.TestSuite.runTest(TestSuite.java:230)
	at junit.framework.TestSuite.run(TestSuite.java:225)
	at junit.framework.TestSuite.runTest(TestSuite.java:230)
	at junit.framework.TestSuite.run(TestSuite.java:225)
	at org.apache.tools.ant.taskdefs.optional.junit.JUnitTestRunner.run(JUnitTestRunner.java:421)
	at org.apache.tools.ant.taskdefs.optional.junit.JUnitTestRunner.launch(JUnitTestRunner.java:912)
	at org.apache.tools.ant.taskdefs.optional.junit.JUnitTestRunner.main(JUnitTestRunner.java:766)
2011. 11. 17 오전 7:40:41 com.mongodb.DBTCPConnector fetchMaxBsonObjectSize
경고: Exception determining maxBSON size using0
java.io.IOException: couldn't connect to [/61.250.201.78:27017] bc:java.net.ConnectException: Connection timed out: connect
	at com.mongodb.DBPort._open(DBPort.java:224)
	at com.mongodb.DBPort.go(DBPort.java:101)
	at com.mongodb.DBPort.go(DBPort.java:82)
	at com.mongodb.DBPort.findOne(DBPort.java:142)
	at com.mongodb.DBPort.runCommand(DBPort.java:151)
	at com.mongodb.DBTCPConnector.fetchMaxBsonObjectSize(DBTCPConnector.java:429)
	at com.mongodb.DBTCPConnector.checkMaster(DBTCPConnector.java:416)
	at com.mongodb.DBTCPConnector.say(DBTCPConnector.java:139)
	at com.mongodb.DBTCPConnector.say(DBTCPConnector.java:132)
	at com.mongodb.DBApiLayer$MyCollection.insert(DBApiLayer.java:262)
	at com.mongodb.DBApiLayer$MyCollection.createIndex(DBApiLayer.java:354)
	at com.mongodb.DBCollection.ensureIndex(DBCollection.java:444)
	at com.mongodb.DBCollection.ensureIndex(DBCollection.java:392)
	at net.ion.radon.repository.Workspace.createWorkspace(Workspace.java:64)
	at net.ion.radon.repository.Workspace.load(Workspace.java:43)
	at net.ion.radon.repository.Repository.getWorkspace(Repository.java:28)
	at net.ion.radon.repository.LocalSession.getCurrentWorkspace(LocalSession.java:147)
	at net.ion.radon.repository.LocalSession.dropWorkspace(LocalSession.java:76)
	at net.ion.radon.repository.TestBaseRepository.setUp(TestBaseRepository.java:17)
	at net.ion.radon.repository.TestAradonId.setUp(TestAradonId.java:10)
	at junit.framework.TestCase.runBare(TestCase.java:128)
	at junit.framework.TestResult$1.protect(TestResult.java:106)
	at junit.framework.TestResult.runProtected(TestResult.java:124)
	at junit.framework.TestResult.run(TestResult.java:109)
	at junit.framework.TestCase.run(TestCase.java:120)
	at junit.framework.TestSuite.runTest(TestSuite.java:230)
	at junit.framework.TestSuite.run(TestSuite.java:225)
	at junit.framework.TestSuite.runTest(TestSuite.java:230)
	at junit.framework.TestSuite.run(TestSuite.java:225)
	at junit.framework.TestSuite.runTest(TestSuite.java:230)
	at junit.framework.TestSuite.run(TestSuite.java:225)
	at junit.framework.TestSuite.runTest(TestSuite.java:230)
	at junit.framework.TestSuite.run(TestSuite.java:225)
	at org.apache.tools.ant.taskdefs.optional.junit.JUnitTestRunner.run(JUnitTestRunner.java:421)
	at org.apache.tools.ant.taskdefs.optional.junit.JUnitTestRunner.launch(JUnitTestRunner.java:912)
	at org.apache.tools.ant.taskdefs.optional.junit.JUnitTestRunner.main(JUnitTestRunner.java:766)
2011. 11. 17 오전 7:41:02 com.mongodb.DBPortPool gotError
경고: emptying DBPortPool to 61.250.201.78:27017 b/c of error
java.io.IOException: couldn't connect to [/61.250.201.78:27017] bc:java.net.ConnectException: Connection timed out: connect
	at com.mongodb.DBPort._open(DBPort.java:224)
	at com.mongodb.DBPort.go(DBPort.java:101)
	at com.mongodb.DBPort.go(DBPort.java:82)
	at com.mongodb.DBPort.say(DBPort.java:77)
	at com.mongodb.DBTCPConnector.say(DBTCPConnector.java:146)
	at com.mongodb.DBTCPConnector.say(DBTCPConnector.java:132)
	at com.mongodb.DBApiLayer$MyCollection.insert(DBApiLayer.java:262)
	at com.mongodb.DBApiLayer$MyCollection.createIndex(DBApiLayer.java:354)
	at com.mongodb.DBCollection.ensureIndex(DBCollection.java:444)
	at com.mongodb.DBCollection.ensureIndex(DBCollection.java:392)
	at net.ion.radon.repository.Workspace.createWorkspace(Workspace.java:64)
	at net.ion.radon.repository.Workspace.load(Workspace.java:43)
	at net.ion.radon.repository.Repository.getWorkspace(Repository.java:28)
	at net.ion.radon.repository.LocalSession.getCurrentWorkspace(LocalSession.java:147)
	at net.ion.radon.repository.LocalSession.dropWorkspace(LocalSession.java:76)
	at net.ion.radon.repository.TestBaseRepository.setUp(TestBaseRepository.java:17)
	at net.ion.radon.repository.TestAradonId.setUp(TestAradonId.java:10)
	at junit.framework.TestCase.runBare(TestCase.java:128)
	at junit.framework.TestResult$1.protect(TestResult.java:106)
	at junit.framework.TestResult.runProtected(TestResult.java:124)
	at junit.framework.TestResult.run(TestResult.java:109)
	at junit.framework.TestCase.run(TestCase.java:120)
	at junit.framework.TestSuite.runTest(TestSuite.java:230)
	at junit.framework.TestSuite.run(TestSuite.java:225)
	at junit.framework.TestSuite.runTest(TestSuite.java:230)
	at junit.framework.TestSuite.run(TestSuite.java:225)
	at junit.framework.TestSuite.runTest(TestSuite.java:230)
	at junit.framework.TestSuite.run(TestSuite.java:225)
	at junit.framework.TestSuite.runTest(TestSuite.java:230)
	at junit.framework.TestSuite.run(TestSuite.java:225)
	at org.apache.tools.ant.taskdefs.optional.junit.JUnitTestRunner.run(JUnitTestRunner.java:421)
	at org.apache.tools.ant.taskdefs.optional.junit.JUnitTestRunner.launch(JUnitTestRunner.java:912)
	at org.apache.tools.ant.taskdefs.optional.junit.JUnitTestRunner.main(JUnitTestRunner.java:766)
2011. 11. 17 오전 7:41:23 com.mongodb.DBTCPConnector fetchMaxBsonObjectSize
경고: Exception determining maxBSON size using0
java.io.IOException: couldn't connect to [/61.250.201.78:27017] bc:java.net.ConnectException: Connection timed out: connect
	at com.mongodb.DBPort._open(DBPort.java:224)
	at com.mongodb.DBPort.go(DBPort.java:101)
	at com.mongodb.DBPort.go(DBPort.java:82)
	at com.mongodb.DBPort.findOne(DBPort.java:142)
	at com.mongodb.DBPort.runCommand(DBPort.java:151)
	at com.mongodb.DBTCPConnector.fetchMaxBsonObjectSize(DBTCPConnector.java:429)
	at com.mongodb.Mongo.getMaxBsonObjectSize(Mongo.java:544)
	at com.mongodb.DBApiLayer$MyCollection.insert(DBApiLayer.java:244)
	at com.mongodb.DBApiLayer$MyCollection.createIndex(DBApiLayer.java:354)
	at com.mongodb.DBCollection.ensureIndex(DBCollection.java:444)
	at com.mongodb.DBCollection.ensureIndex(DBCollection.java:392)
	at net.ion.radon.repository.Workspace.createWorkspace(Workspace.java:64)
	at net.ion.radon.repository.Workspace.load(Workspace.java:43)
	at net.ion.radon.repository.Repository.getWorkspace(Repository.java:28)
	at net.ion.radon.repository.LocalSession.getCurrentWorkspace(LocalSession.java:147)
	at net.ion.radon.repository.LocalSession.dropWorkspace(LocalSession.java:76)
	at net.ion.radon.repository.TestBaseRepository.setUp(TestBaseRepository.java:17)
	at junit.framework.TestCase.runBare(TestCase.java:128)
	at junit.framework.TestResult$1.protect(TestResult.java:106)
	at junit.framework.TestResult.runProtected(TestResult.java:124)
	at junit.framework.TestResult.run(TestResult.java:109)
	at junit.framework.TestCase.run(TestCase.java:120)
	at junit.framework.TestSuite.runTest(TestSuite.java:230)
	at junit.framework.TestSuite.run(TestSuite.java:225)
	at junit.framework.TestSuite.runTest(TestSuite.java:230)
	at junit.framework.TestSuite.run(TestSuite.java:225)
	at junit.framework.TestSuite.runTest(TestSuite.java:230)
	at junit.framework.TestSuite.run(TestSuite.java:225)
	at junit.framework.TestSuite.runTest(TestSuite.java:230)
	at junit.framework.TestSuite.run(TestSuite.java:225)
	at org.apache.tools.ant.taskdefs.optional.junit.JUnitTestRunner.run(JUnitTestRunner.java:421)
	at org.apache.tools.ant.taskdefs.optional.junit.JUnitTestRunner.launch(JUnitTestRunner.java:912)
	at org.apache.tools.ant.taskdefs.optional.junit.JUnitTestRunner.main(JUnitTestRunner.java:766)
2011. 11. 17 오전 7:41:45 com.mongodb.DBTCPConnector fetchMaxBsonObjectSize
경고: Exception determining maxBSON size using0
java.io.IOException: couldn't connect to [/61.250.201.78:27017] bc:java.net.ConnectException: Connection timed out: connect
	at com.mongodb.DBPort._open(DBPort.java:224)
	at com.mongodb.DBPort.go(DBPort.java:101)
	at com.mongodb.DBPort.go(DBPort.java:82)
	at com.mongodb.DBPort.findOne(DBPort.java:142)
	at com.mongodb.DBPort.runCommand(DBPort.java:151)
	at com.mongodb.DBTCPConnector.fetchMaxBsonObjectSize(DBTCPConnector.java:429)
	at com.mongodb.DBTCPConnector.checkMaster(DBTCPConnector.java:416)
	at com.mongodb.DBTCPConnector.say(DBTCPConnector.java:139)
	at com.mongodb.DBTCPConnector.say(DBTCPConnector.java:132)
	at com.mongodb.DBApiLayer$MyCollection.insert(DBApiLayer.java:262)
	at com.mongodb.DBApiLayer$MyCollection.createIndex(DBApiLayer.java:354)
	at com.mongodb.DBCollection.ensureIndex(DBCollection.java:444)
	at com.mongodb.DBCollection.ensureIndex(DBCollection.java:392)
	at net.ion.radon.repository.Workspace.createWorkspace(Workspace.java:64)
	at net.ion.radon.repository.Workspace.load(Workspace.java:43)
	at net.ion.radon.repository.Repository.getWorkspace(Repository.java:28)
	at net.ion.radon.repository.LocalSession.getCurrentWorkspace(LocalSession.java:147)
	at net.ion.radon.repository.LocalSession.dropWorkspace(LocalSession.java:76)
	at net.ion.radon.repository.TestBaseRepository.setUp(TestBaseRepository.java:17)
	at junit.framework.TestCase.runBare(TestCase.java:128)
	at junit.framework.TestResult$1.protect(TestResult.java:106)
	at junit.framework.TestResult.runProtected(TestResult.java:124)
	at junit.framework.TestResult.run(TestResult.java:109)
	at junit.framework.TestCase.run(TestCase.java:120)
	at junit.framework.TestSuite.runTest(TestSuite.java:230)
	at junit.framework.TestSuite.run(TestSuite.java:225)
	at junit.framework.TestSuite.runTest(TestSuite.java:230)
	at junit.framework.TestSuite.run(TestSuite.java:225)
	at junit.framework.TestSuite.runTest(TestSuite.java:230)
	at junit.framework.TestSuite.run(TestSuite.java:225)
	at junit.framework.TestSuite.runTest(TestSuite.java:230)
	at junit.framework.TestSuite.run(TestSuite.java:225)
	at org.apache.tools.ant.taskdefs.optional.junit.JUnitTestRunner.run(JUnitTestRunner.java:421)
	at org.apache.tools.ant.taskdefs.optional.junit.JUnitTestRunner.launch(JUnitTestRunner.java:912)
	at org.apache.tools.ant.taskdefs.optional.junit.JUnitTestRunner.main(JUnitTestRunner.java:766)
2011. 11. 17 오전 7:42:06 com.mongodb.DBPortPool gotError
경고: emptying DBPortPool to 61.250.201.78:27017 b/c of error
java.io.IOException: couldn't connect to [/61.250.201.78:27017] bc:java.net.ConnectException: Connection timed out: connect
	at com.mongodb.DBPort._open(DBPort.java:224)
	at com.mongodb.DBPort.go(DBPort.java:101)
	at com.mongodb.DBPort.go(DBPort.java:82)
	at com.mongodb.DBPort.say(DBPort.java:77)
	at com.mongodb.DBTCPConnector.say(DBTCPConnector.java:146)
	at com.mongodb.DBTCPConnector.say(DBTCPConnector.java:132)
	at com.mongodb.DBApiLayer$MyCollection.insert(DBApiLayer.java:262)
	at com.mongodb.DBApiLayer$MyCollection.createIndex(DBApiLayer.java:354)
	at com.mongodb.DBCollection.ensureIndex(DBCollection.java:444)
	at com.mongodb.DBCollection.ensureIndex(DBCollection.java:392)
	at net.ion.radon.repository.Workspace.createWorkspace(Workspace.java:64)
	at net.ion.radon.repository.Workspace.load(Workspace.java:43)
	at net.ion.radon.repository.Repository.getWorkspace(Repository.java:28)
	at net.ion.radon.repository.LocalSession.getCurrentWorkspace(LocalSession.java:147)
	at net.ion.radon.repository.LocalSession.dropWorkspace(LocalSession.java:76)
	at net.ion.radon.repository.TestBaseRepository.setUp(TestBaseRepository.java:17)
	at junit.framework.TestCase.runBare(TestCase.java:128)
	at junit.framework.TestResult$1.protect(TestResult.java:106)
	at junit.framework.TestResult.runProtected(TestResult.java:124)
	at junit.framework.TestResult.run(TestResult.java:109)
	at junit.framework.TestCase.run(TestCase.java:120)
	at junit.framework.TestSuite.runTest(TestSuite.java:230)
	at junit.framework.TestSuite.run(TestSuite.java:225)
	at junit.framework.TestSuite.runTest(TestSuite.java:230)
	at junit.framework.TestSuite.run(TestSuite.java:225)
	at junit.framework.TestSuite.runTest(TestSuite.java:230)
	at junit.framework.TestSuite.run(TestSuite.java:225)
	at junit.framework.TestSuite.runTest(TestSuite.java:230)
	at junit.framework.TestSuite.run(TestSuite.java:225)
	at org.apache.tools.ant.taskdefs.optional.junit.JUnitTestRunner.run(JUnitTestRunner.java:421)
	at org.apache.tools.ant.taskdefs.optional.junit.JUnitTestRunner.launch(JUnitTestRunner.java:912)
	at org.apache.tools.ant.taskdefs.optional.junit.JUnitTestRunner.main(JUnitTestRunner.java:766)
2011. 11. 17 오전 7:42:26 com.mongodb.DBTCPConnector fetchMaxBsonObjectSize
경고: Exception determining maxBSON size using0
java.io.IOException: couldn't connect to [/61.250.201.78:27017] bc:java.net.ConnectException: Connection timed out: connect
	at com.mongodb.DBPort._open(DBPort.java:224)
	at com.mongodb.DBPort.go(DBPort.java:101)
	at com.mongodb.DBPort.go(DBPort.java:82)
	at com.mongodb.DBPort.findOne(DBPort.java:142)
	at com.mongodb.DBPort.runCommand(DBPort.java:151)
	at com.mongodb.DBTCPConnector.fetchMaxBsonObjectSize(DBTCPConnector.java:429)
	at com.mongodb.Mongo.getMaxBsonObjectSize(Mongo.java:544)
	at com.mongodb.DBApiLayer$MyCollection.insert(DBApiLayer.java:244)
	at com.mongodb.DBApiLayer$MyCollection.createIndex(DBApiLayer.java:354)
	at com.mongodb.DBCollection.ensureIndex(DBCollection.java:444)
	at com.mongodb.DBCollection.ensureIndex(DBCollection.java:392)
	at net.ion.radon.repository.Workspace.createWorkspace(Workspace.java:64)
	at net.ion.radon.repository.Workspace.load(Workspace.java:43)
	at net.ion.radon.repository.Repository.getWorkspace(Repository.java:28)
	at net.ion.radon.repository.LocalSession.getCurrentWorkspace(LocalSession.java:147)
	at net.ion.radon.repository.LocalSession.dropWorkspace(LocalSession.java:76)
	at net.ion.radon.repository.TestBaseRepository.setUp(TestBaseRepository.java:17)
	at junit.framework.TestCase.runBare(TestCase.java:128)
	at junit.framework.TestResult$1.protect(TestResult.java:106)
	at junit.framework.TestResult.runProtected(TestResult.java:124)
	at junit.framework.TestResult.run(TestResult.java:109)
	at junit.framework.TestCase.run(TestCase.java:120)
	at junit.framework.TestSuite.runTest(TestSuite.java:230)
	at junit.framework.TestSuite.run(TestSuite.java:225)
	at junit.framework.TestSuite.runTest(TestSuite.java:230)
	at junit.framework.TestSuite.run(TestSuite.java:225)
	at junit.framework.TestSuite.runTest(TestSuite.java:230)
	at junit.framework.TestSuite.run(TestSuite.java:225)
	at junit.framework.TestSuite.runTest(TestSuite.java:230)
	at junit.framework.TestSuite.run(TestSuite.java:225)
	at org.apache.tools.ant.taskdefs.optional.junit.JUnitTestRunner.run(JUnitTestRunner.java:421)
	at org.apache.tools.ant.taskdefs.optional.junit.JUnitTestRunner.launch(JUnitTestRunner.java:912)
	at org.apache.tools.ant.taskdefs.optional.junit.JUnitTestRunner.main(JUnitTestRunner.java:766)
2011. 11. 17 오전 7:42:48 com.mongodb.DBTCPConnector fetchMaxBsonObjectSize
경고: Exception determining maxBSON size using0
java.io.IOException: couldn't connect to [/61.250.201.78:27017] bc:java.net.ConnectException: Connection timed out: connect
	at com.mongodb.DBPort._open(DBPort.java:224)
	at com.mongodb.DBPort.go(DBPort.java:101)
	at com.mongodb.DBPort.go(DBPort.java:82)
	at com.mongodb.DBPort.findOne(DBPort.java:142)
	at com.mongodb.DBPort.runCommand(DBPort.java:151)
	at com.mongodb.DBTCPConnector.fetchMaxBsonObjectSize(DBTCPConnector.java:429)
	at com.mongodb.DBTCPConnector.checkMaster(DBTCPConnector.java:416)
	at com.mongodb.DBTCPConnector.say(DBTCPConnector.java:139)
	at com.mongodb.DBTCPConnector.say(DBTCPConnector.java:132)
	at com.mongodb.DBApiLayer$MyCollection.insert(DBApiLayer.java:262)
	at com.mongodb.DBApiLayer$MyCollection.createIndex(DBApiLayer.java:354)
	at com.mongodb.DBCollection.ensureIndex(DBCollection.java:444)
	at com.mongodb.DBCollection.ensureIndex(DBCollection.java:392)
	at net.ion.radon.repository.Workspace.createWorkspace(Workspace.java:64)
	at net.ion.radon.repository.Workspace.load(Workspace.java:43)
	at net.ion.radon.repository.Repository.getWorkspace(Repository.java:28)
	at net.ion.radon.repository.LocalSession.getCurrentWorkspace(LocalSession.java:147)
	at net.ion.radon.repository.LocalSession.dropWorkspace(LocalSession.java:76)
	at net.ion.radon.repository.TestBaseRepository.setUp(TestBaseRepository.java:17)
	at junit.framework.TestCase.runBare(TestCase.java:128)
	at junit.framework.TestResult$1.protect(TestResult.java:106)
	at junit.framework.TestResult.runProtected(TestResult.java:124)
	at junit.framework.TestResult.run(TestResult.java:109)
	at junit.framework.TestCase.run(TestCase.java:120)
	at junit.framework.TestSuite.runTest(TestSuite.java:230)
	at junit.framework.TestSuite.run(TestSuite.java:225)
	at junit.framework.TestSuite.runTest(TestSuite.java:230)
	at junit.framework.TestSuite.run(TestSuite.java:225)
	at junit.framework.TestSuite.runTest(TestSuite.java:230)
	at junit.framework.TestSuite.run(TestSuite.java:225)
	at junit.framework.TestSuite.runTest(TestSuite.java:230)
	at junit.framework.TestSuite.run(TestSuite.java:225)
	at org.apache.tools.ant.taskdefs.optional.junit.JUnitTestRunner.run(JUnitTestRunner.java:421)
	at org.apache.tools.ant.taskdefs.optional.junit.JUnitTestRunner.launch(JUnitTestRunner.java:912)
	at org.apache.tools.ant.taskdefs.optional.junit.JUnitTestRunner.main(JUnitTestRunner.java:766)
2011. 11. 17 오전 7:43:09 com.mongodb.DBPortPool gotError
경고: emptying DBPortPool to 61.250.201.78:27017 b/c of error
java.io.IOException: couldn't connect to [/61.250.201.78:27017] bc:java.net.ConnectException: Connection timed out: connect
	at com.mongodb.DBPort._open(DBPort.java:224)
	at com.mongodb.DBPort.go(DBPort.java:101)
	at com.mongodb.DBPort.go(DBPort.java:82)
	at com.mongodb.DBPort.say(DBPort.java:77)
	at com.mongodb.DBTCPConnector.say(DBTCPConnector.java:146)
	at com.mongodb.DBTCPConnector.say(DBTCPConnector.java:132)
	at com.mongodb.DBApiLayer$MyCollection.insert(DBApiLayer.java:262)
	at com.mongodb.DBApiLayer$MyCollection.createIndex(DBApiLayer.java:354)
	at com.mongodb.DBCollection.ensureIndex(DBCollection.java:444)
	at com.mongodb.DBCollection.ensureIndex(DBCollection.java:392)
	at net.ion.radon.repository.Workspace.createWorkspace(Workspace.java:64)
	at net.ion.radon.repository.Workspace.load(Workspace.java:43)
	at net.ion.radon.repository.Repository.getWorkspace(Repository.java:28)
	at net.ion.radon.repository.LocalSession.getCurrentWorkspace(LocalSession.java:147)
	at net.ion.radon.repository.LocalSession.dropWorkspace(LocalSession.java:76)
	at net.ion.radon.repository.TestBaseRepository.setUp(TestBaseRepository.java:17)
	at junit.framework.TestCase.runBare(TestCase.java:128)
	at junit.framework.TestResult$1.protect(TestResult.java:106)
	at junit.framework.TestResult.runProtected(TestResult.java:124)
	at junit.framework.TestResult.run(TestResult.java:109)
	at junit.framework.TestCase.run(TestCase.java:120)
	at junit.framework.TestSuite.runTest(TestSuite.java:230)
	at junit.framework.TestSuite.run(TestSuite.java:225)
	at junit.framework.TestSuite.runTest(TestSuite.java:230)
	at junit.framework.TestSuite.run(TestSuite.java:225)
	at junit.framework.TestSuite.runTest(TestSuite.java:230)
	at junit.framework.TestSuite.run(TestSuite.java:225)
	at junit.framework.TestSuite.runTest(TestSuite.java:230)
	at junit.framework.TestSuite.run(TestSuite.java:225)
	at org.apache.tools.ant.taskdefs.optional.junit.JUnitTestRunner.run(JUnitTestRunner.java:421)
	at org.apache.tools.ant.taskdefs.optional.junit.JUnitTestRunner.launch(JUnitTestRunner.java:912)
	at org.apache.tools.ant.taskdefs.optional.junit.JUnitTestRunner.main(JUnitTestRunner.java:766)
2011. 11. 17 오전 7:43:30 com.mongodb.DBTCPConnector fetchMaxBsonObjectSize
경고: Exception determining maxBSON size using0
java.io.IOException: couldn't connect to [/61.250.201.78:27017] bc:java.net.ConnectException: Connection timed out: connect
	at com.mongodb.DBPort._open(DBPort.java:224)
	at com.mongodb.DBPort.go(DBPort.java:101)
	at com.mongodb.DBPort.go(DBPort.java:82)
	at com.mongodb.DBPort.findOne(DBPort.java:142)
	at com.mongodb.DBPort.runCommand(DBPort.java:151)
	at com.mongodb.DBTCPConnector.fetchMaxBsonObjectSize(DBTCPConnector.java:429)
	at com.mongodb.Mongo.getMaxBsonObjectSize(Mongo.java:544)
	at com.mongodb.DBApiLayer$MyCollection.insert(DBApiLayer.java:244)
	at com.mongodb.DBApiLayer$MyCollection.createIndex(DBApiLayer.java:354)
	at com.mongodb.DBCollection.ensureIndex(DBCollection.java:444)
	at com.mongodb.DBCollection.ensureIndex(DBCollection.java:392)
	at net.ion.radon.repository.Workspace.createWorkspace(Workspace.java:64)
	at net.ion.radon.repository.Workspace.load(Workspace.java:43)
	at net.ion.radon.repository.Repository.getWorkspace(Repository.java:28)
	at net.ion.radon.repository.LocalSession.getCurrentWorkspace(LocalSession.java:147)
	at net.ion.radon.repository.LocalSession.dropWorkspace(LocalSession.java:76)
	at net.ion.radon.repository.TestBaseRepository.setUp(TestBaseRepository.java:17)
	at junit.framework.TestCase.runBare(TestCase.java:128)
	at junit.framework.TestResult$1.protect(TestResult.java:106)
	at junit.framework.TestResult.runProtected(TestResult.java:124)
	at junit.framework.TestResult.run(TestResult.java:109)
	at junit.framework.TestCase.run(TestCase.java:120)
	at junit.framework.TestSuite.runTest(TestSuite.java:230)
	at junit.framework.TestSuite.run(TestSuite.java:225)
	at junit.framework.TestSuite.runTest(TestSuite.java:230)
	at junit.framework.TestSuite.run(TestSuite.java:225)
	at junit.framework.TestSuite.runTest(TestSuite.java:230)
	at junit.framework.TestSuite.run(TestSuite.java:225)
	at junit.framework.TestSuite.runTest(TestSuite.java:230)
	at junit.framework.TestSuite.run(TestSuite.java:225)
	at org.apache.tools.ant.taskdefs.optional.junit.JUnitTestRunner.run(JUnitTestRunner.java:421)
	at org.apache.tools.ant.taskdefs.optional.junit.JUnitTestRunner.launch(JUnitTestRunner.java:912)
	at org.apache.tools.ant.taskdefs.optional.junit.JUnitTestRunner.main(JUnitTestRunner.java:766)
2011. 11. 17 오전 7:43:50 com.mongodb.DBTCPConnector fetchMaxBsonObjectSize
경고: Exception determining maxBSON size using0
java.io.IOException: couldn't connect to [/61.250.201.78:27017] bc:java.net.ConnectException: Connection timed out: connect
	at com.mongodb.DBPort._open(DBPort.java:224)
	at com.mongodb.DBPort.go(DBPort.java:101)
	at com.mongodb.DBPort.go(DBPort.java:82)
	at com.mongodb.DBPort.findOne(DBPort.java:142)
	at com.mongodb.DBPort.runCommand(DBPort.java:151)
	at com.mongodb.DBTCPConnector.fetchMaxBsonObjectSize(DBTCPConnector.java:429)
	at com.mongodb.DBTCPConnector.checkMaster(DBTCPConnector.java:416)
	at com.mongodb.DBTCPConnector.say(DBTCPConnector.java:139)
	at com.mongodb.DBTCPConnector.say(DBTCPConnector.java:132)
	at com.mongodb.DBApiLayer$MyCollection.insert(DBApiLayer.java:262)
	at com.mongodb.DBApiLayer$MyCollection.createIndex(DBApiLayer.java:354)
	at com.mongodb.DBCollection.ensureIndex(DBCollection.java:444)
	at com.mongodb.DBCollection.ensureIndex(DBCollection.java:392)
	at net.ion.radon.repository.Workspace.createWorkspace(Workspace.java:64)
	at net.ion.radon.repository.Workspace.load(Workspace.java:43)
	at net.ion.radon.repository.Repository.getWorkspace(Repository.java:28)
	at net.ion.radon.repository.LocalSession.getCurrentWorkspace(LocalSession.java:147)
	at net.ion.radon.repository.LocalSession.dropWorkspace(LocalSession.java:76)
	at net.ion.radon.repository.TestBaseRepository.setUp(TestBaseRepository.java:17)
	at junit.framework.TestCase.runBare(TestCase.java:128)
	at junit.framework.TestResult$1.protect(TestResult.java:106)
	at junit.framework.TestResult.runProtected(TestResult.java:124)
	at junit.framework.TestResult.run(TestResult.java:109)
	at junit.framework.TestCase.run(TestCase.java:120)
	at junit.framework.TestSuite.runTest(TestSuite.java:230)
	at junit.framework.TestSuite.run(TestSuite.java:225)
	at junit.framework.TestSuite.runTest(TestSuite.java:230)
	at junit.framework.TestSuite.run(TestSuite.java:225)
	at junit.framework.TestSuite.runTest(TestSuite.java:230)
	at junit.framework.TestSuite.run(TestSuite.java:225)
	at junit.framework.TestSuite.runTest(TestSuite.java:230)
	at junit.framework.TestSuite.run(TestSuite.java:225)
	at org.apache.tools.ant.taskdefs.optional.junit.JUnitTestRunner.run(JUnitTestRunner.java:421)
	at org.apache.tools.ant.taskdefs.optional.junit.JUnitTestRunner.launch(JUnitTestRunner.java:912)
	at org.apache.tools.ant.taskdefs.optional.junit.JUnitTestRunner.main(JUnitTestRunner.java:766)
2011. 11. 17 오전 7:44:12 com.mongodb.DBPortPool gotError
경고: emptying DBPortPool to 61.250.201.78:27017 b/c of error
java.io.IOException: couldn't connect to [/61.250.201.78:27017] bc:java.net.ConnectException: Connection timed out: connect
	at com.mongodb.DBPort._open(DBPort.java:224)
	at com.mongodb.DBPort.go(DBPort.java:101)
	at com.mongodb.DBPort.go(DBPort.java:82)
	at com.mongodb.DBPort.say(DBPort.java:77)
	at com.mongodb.DBTCPConnector.say(DBTCPConnector.java:146)
	at com.mongodb.DBTCPConnector.say(DBTCPConnector.java:132)
	at com.mongodb.DBApiLayer$MyCollection.insert(DBApiLayer.java:262)
	at com.mongodb.DBApiLayer$MyCollection.createIndex(DBApiLayer.java:354)
	at com.mongodb.DBCollection.ensureIndex(DBCollection.java:444)
	at com.mongodb.DBCollection.ensureIndex(DBCollection.java:392)
	at net.ion.radon.repository.Workspace.createWorkspace(Workspace.java:64)
	at net.ion.radon.repository.Workspace.load(Workspace.java:43)
	at net.ion.radon.repository.Repository.getWorkspace(Repository.java:28)
	at net.ion.radon.repository.LocalSession.getCurrentWorkspace(LocalSession.java:147)
	at net.ion.radon.repository.LocalSession.dropWorkspace(LocalSession.java:76)
	at net.ion.radon.repository.TestBaseRepository.setUp(TestBaseRepository.java:17)
	at junit.framework.TestCase.runBare(TestCase.java:128)
	at junit.framework.TestResult$1.protect(TestResult.java:106)
	at junit.framework.TestResult.runProtected(TestResult.java:124)
	at junit.framework.TestResult.run(TestResult.java:109)
	at junit.framework.TestCase.run(TestCase.java:120)
	at junit.framework.TestSuite.runTest(TestSuite.java:230)
	at junit.framework.TestSuite.run(TestSuite.java:225)
	at junit.framework.TestSuite.runTest(TestSuite.java:230)
	at junit.framework.TestSuite.run(TestSuite.java:225)
	at junit.framework.TestSuite.runTest(TestSuite.java:230)
	at junit.framework.TestSuite.run(TestSuite.java:225)
	at junit.framework.TestSuite.runTest(TestSuite.java:230)
	at junit.framework.TestSuite.run(TestSuite.java:225)
	at org.apache.tools.ant.taskdefs.optional.junit.JUnitTestRunner.run(JUnitTestRunner.java:421)
	at org.apache.tools.ant.taskdefs.optional.junit.JUnitTestRunner.launch(JUnitTestRunner.java:912)
	at org.apache.tools.ant.taskdefs.optional.junit.JUnitTestRunner.main(JUnitTestRunner.java:766)
2011. 11. 17 오전 7:44:33 com.mongodb.DBTCPConnector fetchMaxBsonObjectSize
경고: Exception determining maxBSON size using0
java.io.IOException: couldn't connect to [/61.250.201.78:27017] bc:java.net.ConnectException: Connection timed out: connect
	at com.mongodb.DBPort._open(DBPort.java:224)
	at com.mongodb.DBPort.go(DBPort.java:101)
	at com.mongodb.DBPort.go(DBPort.java:82)
	at com.mongodb.DBPort.findOne(DBPort.java:142)
	at com.mongodb.DBPort.runCommand(DBPort.java:151)
	at com.mongodb.DBTCPConnector.fetchMaxBsonObjectSize(DBTCPConnector.java:429)
	at com.mongodb.Mongo.getMaxBsonObjectSize(Mongo.java:544)
	at com.mongodb.DBApiLayer$MyCollection.insert(DBApiLayer.java:244)
	at com.mongodb.DBApiLayer$MyCollection.createIndex(DBApiLayer.java:354)
	at com.mongodb.DBCollection.ensureIndex(DBCollection.java:444)
	at com.mongodb.DBCollection.ensureIndex(DBCollection.java:392)
	at net.ion.radon.repository.Workspace.createWorkspace(Workspace.java:64)
	at net.ion.radon.repository.Workspace.load(Workspace.java:43)
	at net.ion.radon.repository.Repository.getWorkspace(Repository.java:28)
	at net.ion.radon.repository.LocalSession.getCurrentWorkspace(LocalSession.java:147)
	at net.ion.radon.repository.LocalSession.dropWorkspace(LocalSession.java:76)
	at net.ion.radon.repository.TestBaseRepository.setUp(TestBaseRepository.java:17)
	at junit.framework.TestCase.runBare(TestCase.java:128)
	at junit.framework.TestResult$1.protect(TestResult.java:106)
	at junit.framework.TestResult.runProtected(TestResult.java:124)
	at junit.framework.TestResult.run(TestResult.java:109)
	at junit.framework.TestCase.run(TestCase.java:120)
	at junit.framework.TestSuite.runTest(TestSuite.java:230)
	at junit.framework.TestSuite.run(TestSuite.java:225)
	at junit.framework.TestSuite.runTest(TestSuite.java:230)
	at junit.framework.TestSuite.run(TestSuite.java:225)
	at junit.framework.TestSuite.runTest(TestSuite.java:230)
	at junit.framework.TestSuite.run(TestSuite.java:225)
	at junit.framework.TestSuite.runTest(TestSuite.java:230)
	at junit.framework.TestSuite.run(TestSuite.java:225)
	at org.apache.tools.ant.taskdefs.optional.junit.JUnitTestRunner.run(JUnitTestRunner.java:421)
	at org.apache.tools.ant.taskdefs.optional.junit.JUnitTestRunner.launch(JUnitTestRunner.java:912)
	at org.apache.tools.ant.taskdefs.optional.junit.JUnitTestRunner.main(JUnitTestRunner.java:766)
2011. 11. 17 오전 7:44:54 com.mongodb.DBTCPConnector fetchMaxBsonObjectSize
경고: Exception determining maxBSON size using0
java.io.IOException: couldn't connect to [/61.250.201.78:27017] bc:java.net.ConnectException: Connection timed out: connect
	at com.mongodb.DBPort._open(DBPort.java:224)
	at com.mongodb.DBPort.go(DBPort.java:101)
	at com.mongodb.DBPort.go(DBPort.java:82)
	at com.mongodb.DBPort.findOne(DBPort.java:142)
	at com.mongodb.DBPort.runCommand(DBPort.java:151)
	at com.mongodb.DBTCPConnector.fetchMaxBsonObjectSize(DBTCPConnector.java:429)
	at com.mongodb.DBTCPConnector.checkMaster(DBTCPConnector.java:416)
	at com.mongodb.DBTCPConnector.say(DBTCPConnector.java:139)
	at com.mongodb.DBTCPConnector.say(DBTCPConnector.java:132)
	at com.mongodb.DBApiLayer$MyCollection.insert(DBApiLayer.java:262)
	at com.mongodb.DBApiLayer$MyCollection.createIndex(DBApiLayer.java:354)
	at com.mongodb.DBCollection.ensureIndex(DBCollection.java:444)
	at com.mongodb.DBCollection.ensureIndex(DBCollection.java:392)
	at net.ion.radon.repository.Workspace.createWorkspace(Workspace.java:64)
	at net.ion.radon.repository.Workspace.load(Workspace.java:43)
	at net.ion.radon.repository.Repository.getWorkspace(Repository.java:28)
	at net.ion.radon.repository.LocalSession.getCurrentWorkspace(LocalSession.java:147)
	at net.ion.radon.repository.LocalSession.dropWorkspace(LocalSession.java:76)
	at net.ion.radon.repository.TestBaseRepository.setUp(TestBaseRepository.java:17)
	at junit.framework.TestCase.runBare(TestCase.java:128)
	at junit.framework.TestResult$1.protect(TestResult.java:106)
	at junit.framework.TestResult.runProtected(TestResult.java:124)
	at junit.framework.TestResult.run(TestResult.java:109)
	at junit.framework.TestCase.run(TestCase.java:120)
	at junit.framework.TestSuite.runTest(TestSuite.java:230)
	at junit.framework.TestSuite.run(TestSuite.java:225)
	at junit.framework.TestSuite.runTest(TestSuite.java:230)
	at junit.framework.TestSuite.run(TestSuite.java:225)
	at junit.framework.TestSuite.runTest(TestSuite.java:230)
	at junit.framework.TestSuite.run(TestSuite.java:225)
	at junit.framework.TestSuite.runTest(TestSuite.java:230)
	at junit.framework.TestSuite.run(TestSuite.java:225)
	at org.apache.tools.ant.taskdefs.optional.junit.JUnitTestRunner.run(JUnitTestRunner.java:421)
	at org.apache.tools.ant.taskdefs.optional.junit.JUnitTestRunner.launch(JUnitTestRunner.java:912)
	at org.apache.tools.ant.taskdefs.optional.junit.JUnitTestRunner.main(JUnitTestRunner.java:766)
2011. 11. 17 오전 7:45:15 com.mongodb.DBPortPool gotError
경고: emptying DBPortPool to 61.250.201.78:27017 b/c of error
java.io.IOException: couldn't connect to [/61.250.201.78:27017] bc:java.net.ConnectException: Connection timed out: connect
	at com.mongodb.DBPort._open(DBPort.java:224)
	at com.mongodb.DBPort.go(DBPort.java:101)
	at com.mongodb.DBPort.go(DBPort.java:82)
	at com.mongodb.DBPort.say(DBPort.java:77)
	at com.mongodb.DBTCPConnector.say(DBTCPConnector.java:146)
	at com.mongodb.DBTCPConnector.say(DBTCPConnector.java:132)
	at com.mongodb.DBApiLayer$MyCollection.insert(DBApiLayer.java:262)
	at com.mongodb.DBApiLayer$MyCollection.createIndex(DBApiLayer.java:354)
	at com.mongodb.DBCollection.ensureIndex(DBCollection.java:444)
	at com.mongodb.DBCollection.ensureIndex(DBCollection.java:392)
	at net.ion.radon.repository.Workspace.createWorkspace(Workspace.java:64)
	at net.ion.radon.repository.Workspace.load(Workspace.java:43)
	at net.ion.radon.repository.Repository.getWorkspace(Repository.java:28)
	at net.ion.radon.repository.LocalSession.getCurrentWorkspace(LocalSession.java:147)
	at net.ion.radon.repository.LocalSession.dropWorkspace(LocalSession.java:76)
	at net.ion.radon.repository.TestBaseRepository.setUp(TestBaseRepository.java:17)
	at junit.framework.TestCase.runBare(TestCase.java:128)
	at junit.framework.TestResult$1.protect(TestResult.java:106)
	at junit.framework.TestResult.runProtected(TestResult.java:124)
	at junit.framework.TestResult.run(TestResult.java:109)
	at junit.framework.TestCase.run(TestCase.java:120)
	at junit.framework.TestSuite.runTest(TestSuite.java:230)
	at junit.framework.TestSuite.run(TestSuite.java:225)
	at junit.framework.TestSuite.runTest(TestSuite.java:230)
	at junit.framework.TestSuite.run(TestSuite.java:225)
	at junit.framework.TestSuite.runTest(TestSuite.java:230)
	at junit.framework.TestSuite.run(TestSuite.java:225)
	at junit.framework.TestSuite.runTest(TestSuite.java:230)
	at junit.framework.TestSuite.run(TestSuite.java:225)
	at org.apache.tools.ant.taskdefs.optional.junit.JUnitTestRunner.run(JUnitTestRunner.java:421)
	at org.apache.tools.ant.taskdefs.optional.junit.JUnitTestRunner.launch(JUnitTestRunner.java:912)
	at org.apache.tools.ant.taskdefs.optional.junit.JUnitTestRunner.main(JUnitTestRunner.java:766)
2011. 11. 17 오전 7:45:35 com.mongodb.DBTCPConnector fetchMaxBsonObjectSize
경고: Exception determining maxBSON size using0
java.io.IOException: couldn't connect to [/61.250.201.78:27017] bc:java.net.ConnectException: Connection timed out: connect
	at com.mongodb.DBPort._open(DBPort.java:224)
	at com.mongodb.DBPort.go(DBPort.java:101)
	at com.mongodb.DBPort.go(DBPort.java:82)
	at com.mongodb.DBPort.findOne(DBPort.java:142)
	at com.mongodb.DBPort.runCommand(DBPort.java:151)
	at com.mongodb.DBTCPConnector.fetchMaxBsonObjectSize(DBTCPConnector.java:429)
	at com.mongodb.Mongo.getMaxBsonObjectSize(Mongo.java:544)
	at com.mongodb.DBApiLayer$MyCollection.insert(DBApiLayer.java:244)
	at com.mongodb.DBApiLayer$MyCollection.createIndex(DBApiLayer.java:354)
	at com.mongodb.DBCollection.ensureIndex(DBCollection.java:444)
	at com.mongodb.DBCollection.ensureIndex(DBCollection.java:392)
	at net.ion.radon.repository.Workspace.createWorkspace(Workspace.java:64)
	at net.ion.radon.repository.Workspace.load(Workspace.java:43)
	at net.ion.radon.repository.Repository.getWorkspace(Repository.java:28)
	at net.ion.radon.repository.LocalSession.getCurrentWorkspace(LocalSession.java:147)
	at net.ion.radon.repository.LocalSession.dropWorkspace(LocalSession.java:76)
	at net.ion.radon.repository.TestBaseRepository.setUp(TestBaseRepository.java:17)
	at junit.framework.TestCase.runBare(TestCase.java:128)
	at junit.framework.TestResult$1.protect(TestResult.java:106)
	at junit.framework.TestResult.runProtected(TestResult.java:124)
	at junit.framework.TestResult.run(TestResult.java:109)
	at junit.framework.TestCase.run(TestCase.java:120)
	at junit.framework.TestSuite.runTest(TestSuite.java:230)
	at junit.framework.TestSuite.run(TestSuite.java:225)
	at junit.framework.TestSuite.runTest(TestSuite.java:230)
	at junit.framework.TestSuite.run(TestSuite.java:225)
	at junit.framework.TestSuite.runTest(TestSuite.java:230)
	at junit.framework.TestSuite.run(TestSuite.java:225)
	at junit.framework.TestSuite.runTest(TestSuite.java:230)
	at junit.framework.TestSuite.run(TestSuite.java:225)
	at org.apache.tools.ant.taskdefs.optional.junit.JUnitTestRunner.run(JUnitTestRunner.java:421)
	at org.apache.tools.ant.taskdefs.optional.junit.JUnitTestRunner.launch(JUnitTestRunner.java:912)
	at org.apache.tools.ant.taskdefs.optional.junit.JUnitTestRunner.main(JUnitTestRunner.java:766)
2011. 11. 17 오전 7:45:57 com.mongodb.DBTCPConnector fetchMaxBsonObjectSize
경고: Exception determining maxBSON size using0
java.io.IOException: couldn't connect to [/61.250.201.78:27017] bc:java.net.ConnectException: Connection timed out: connect
	at com.mongodb.DBPort._open(DBPort.java:224)
	at com.mongodb.DBPort.go(DBPort.java:101)
	at com.mongodb.DBPort.go(DBPort.java:82)
	at com.mongodb.DBPort.findOne(DBPort.java:142)
	at com.mongodb.DBPort.runCommand(DBPort.java:151)
	at com.mongodb.DBTCPConnector.fetchMaxBsonObjectSize(DBTCPConnector.java:429)
	at com.mongodb.DBTCPConnector.checkMaster(DBTCPConnector.java:416)
	at com.mongodb.DBTCPConnector.say(DBTCPConnector.java:139)
	at com.mongodb.DBTCPConnector.say(DBTCPConnector.java:132)
	at com.mongodb.DBApiLayer$MyCollection.insert(DBApiLayer.java:262)
	at com.mongodb.DBApiLayer$MyCollection.createIndex(DBApiLayer.java:354)
	at com.mongodb.DBCollection.ensureIndex(DBCollection.java:444)
	at com.mongodb.DBCollection.ensureIndex(DBCollection.java:392)
	at net.ion.radon.repository.Workspace.createWorkspace(Workspace.java:64)
	at net.ion.radon.repository.Workspace.load(Workspace.java:43)
	at net.ion.radon.repository.Repository.getWorkspace(Repository.java:28)
	at net.ion.radon.repository.LocalSession.getCurrentWorkspace(LocalSession.java:147)
	at net.ion.radon.repository.LocalSession.dropWorkspace(LocalSession.java:76)
	at net.ion.radon.repository.TestBaseRepository.setUp(TestBaseRepository.java:17)
	at junit.framework.TestCase.runBare(TestCase.java:128)
	at junit.framework.TestResult$1.protect(TestResult.java:106)
	at junit.framework.TestResult.runProtected(TestResult.java:124)
	at junit.framework.TestResult.run(TestResult.java:109)
	at junit.framework.TestCase.run(TestCase.java:120)
	at junit.framework.TestSuite.runTest(TestSuite.java:230)
	at junit.framework.TestSuite.run(TestSuite.java:225)
	at junit.framework.TestSuite.runTest(TestSuite.java:230)
	at junit.framework.TestSuite.run(TestSuite.java:225)
	at junit.framework.TestSuite.runTest(TestSuite.java:230)
	at junit.framework.TestSuite.run(TestSuite.java:225)
	at junit.framework.TestSuite.runTest(TestSuite.java:230)
	at junit.framework.TestSuite.run(TestSuite.java:225)
	at org.apache.tools.ant.taskdefs.optional.junit.JUnitTestRunner.run(JUnitTestRunner.java:421)
	at org.apache.tools.ant.taskdefs.optional.junit.JUnitTestRunner.launch(JUnitTestRunner.java:912)
	at org.apache.tools.ant.taskdefs.optional.junit.JUnitTestRunner.main(JUnitTestRunner.java:766)
2011. 11. 17 오전 7:46:18 com.mongodb.DBPortPool gotError
경고: emptying DBPortPool to 61.250.201.78:27017 b/c of error
java.io.IOException: couldn't connect to [/61.250.201.78:27017] bc:java.net.ConnectException: Connection timed out: connect
	at com.mongodb.DBPort._open(DBPort.java:224)
	at com.mongodb.DBPort.go(DBPort.java:101)
	at com.mongodb.DBPort.go(DBPort.java:82)
	at com.mongodb.DBPort.say(DBPort.java:77)
	at com.mongodb.DBTCPConnector.say(DBTCPConnector.java:146)
	at com.mongodb.DBTCPConnector.say(DBTCPConnector.java:132)
	at com.mongodb.DBApiLayer$MyCollection.insert(DBApiLayer.java:262)
	at com.mongodb.DBApiLayer$MyCollection.createIndex(DBApiLayer.java:354)
	at com.mongodb.DBCollection.ensureIndex(DBCollection.java:444)
	at com.mongodb.DBCollection.ensureIndex(DBCollection.java:392)
	at net.ion.radon.repository.Workspace.createWorkspace(Workspace.java:64)
	at net.ion.radon.repository.Workspace.load(Workspace.java:43)
	at net.ion.radon.repository.Repository.getWorkspace(Repository.java:28)
	at net.ion.radon.repository.LocalSession.getCurrentWorkspace(LocalSession.java:147)
	at net.ion.radon.repository.LocalSession.dropWorkspace(LocalSession.java:76)
	at net.ion.radon.repository.TestBaseRepository.setUp(TestBaseRepository.java:17)
	at junit.framework.TestCase.runBare(TestCase.java:128)
	at junit.framework.TestResult$1.protect(TestResult.java:106)
	at junit.framework.TestResult.runProtected(TestResult.java:124)
	at junit.framework.TestResult.run(TestResult.java:109)
	at junit.framework.TestCase.run(TestCase.java:120)
	at junit.framework.TestSuite.runTest(TestSuite.java:230)
	at junit.framework.TestSuite.run(TestSuite.java:225)
	at junit.framework.TestSuite.runTest(TestSuite.java:230)
	at junit.framework.TestSuite.run(TestSuite.java:225)
	at junit.framework.TestSuite.runTest(TestSuite.java:230)
	at junit.framework.TestSuite.run(TestSuite.java:225)
	at junit.framework.TestSuite.runTest(TestSuite.java:230)
	at junit.framework.TestSuite.run(TestSuite.java:225)
	at org.apache.tools.ant.taskdefs.optional.junit.JUnitTestRunner.run(JUnitTestRunner.java:421)
	at org.apache.tools.ant.taskdefs.optional.junit.JUnitTestRunner.launch(JUnitTestRunner.java:912)
	at org.apache.tools.ant.taskdefs.optional.junit.JUnitTestRunner.main(JUnitTestRunner.java:766)
2011. 11. 17 오전 7:46:39 com.mongodb.DBTCPConnector fetchMaxBsonObjectSize
경고: Exception determining maxBSON size using0
java.io.IOException: couldn't connect to [/61.250.201.78:27017] bc:java.net.ConnectException: Connection timed out: connect
	at com.mongodb.DBPort._open(DBPort.java:224)
	at com.mongodb.DBPort.go(DBPort.java:101)
	at com.mongodb.DBPort.go(DBPort.java:82)
	at com.mongodb.DBPort.findOne(DBPort.java:142)
	at com.mongodb.DBPort.runCommand(DBPort.java:151)
	at com.mongodb.DBTCPConnector.fetchMaxBsonObjectSize(DBTCPConnector.java:429)
	at com.mongodb.Mongo.getMaxBsonObjectSize(Mongo.java:544)
	at com.mongodb.DBApiLayer$MyCollection.insert(DBApiLayer.java:244)
	at com.mongodb.DBApiLayer$MyCollection.createIndex(DBApiLayer.java:354)
	at com.mongodb.DBCollection.ensureIndex(DBCollection.java:444)
	at com.mongodb.DBCollection.ensureIndex(DBCollection.java:392)
	at net.ion.radon.repository.Workspace.createWorkspace(Workspace.java:64)
	at net.ion.radon.repository.Workspace.load(Workspace.java:43)
	at net.ion.radon.repository.Repository.getWorkspace(Repository.java:28)
	at net.ion.radon.repository.LocalSession.getCurrentWorkspace(LocalSession.java:147)
	at net.ion.radon.repository.LocalSession.dropWorkspace(LocalSession.java:76)
	at net.ion.radon.repository.TestBaseRepository.setUp(TestBaseRepository.java:17)
	at junit.framework.TestCase.runBare(TestCase.java:128)
	at junit.framework.TestResult$1.protect(TestResult.java:106)
	at junit.framework.TestResult.runProtected(TestResult.java:124)
	at junit.framework.TestResult.run(TestResult.java:109)
	at junit.framework.TestCase.run(TestCase.java:120)
	at junit.framework.TestSuite.runTest(TestSuite.java:230)
	at junit.framework.TestSuite.run(TestSuite.java:225)
	at junit.framework.TestSuite.runTest(TestSuite.java:230)
	at junit.framework.TestSuite.run(TestSuite.java:225)
	at junit.framework.TestSuite.runTest(TestSuite.java:230)
	at junit.framework.TestSuite.run(TestSuite.java:225)
	at junit.framework.TestSuite.runTest(TestSuite.java:230)
	at junit.framework.TestSuite.run(TestSuite.java:225)
	at org.apache.tools.ant.taskdefs.optional.junit.JUnitTestRunner.run(JUnitTestRunner.java:421)
	at org.apache.tools.ant.taskdefs.optional.junit.JUnitTestRunner.launch(JUnitTestRunner.java:912)
	at org.apache.tools.ant.taskdefs.optional.junit.JUnitTestRunner.main(JUnitTestRunner.java:766)
2011. 11. 17 오전 7:47:00 com.mongodb.DBTCPConnector fetchMaxBsonObjectSize
경고: Exception determining maxBSON size using0
java.io.IOException: couldn't connect to [/61.250.201.78:27017] bc:java.net.ConnectException: Connection timed out: connect
	at com.mongodb.DBPort._open(DBPort.java:224)
	at com.mongodb.DBPort.go(DBPort.java:101)
	at com.mongodb.DBPort.go(DBPort.java:82)
	at com.mongodb.DBPort.findOne(DBPort.java:142)
	at com.mongodb.DBPort.runCommand(DBPort.java:151)
	at com.mongodb.DBTCPConnector.fetchMaxBsonObjectSize(DBTCPConnector.java:429)
	at com.mongodb.DBTCPConnector.checkMaster(DBTCPConnector.java:416)
	at com.mongodb.DBTCPConnector.say(DBTCPConnector.java:139)
	at com.mongodb.DBTCPConnector.say(DBTCPConnector.java:132)
	at com.mongodb.DBApiLayer$MyCollection.insert(DBApiLayer.java:262)
	at com.mongodb.DBApiLayer$MyCollection.createIndex(DBApiLayer.java:354)
	at com.mongodb.DBCollection.ensureIndex(DBCollection.java:444)
	at com.mongodb.DBCollection.ensureIndex(DBCollection.java:392)
	at net.ion.radon.repository.Workspace.createWorkspace(Workspace.java:64)
	at net.ion.radon.repository.Workspace.load(Workspace.java:43)
	at net.ion.radon.repository.Repository.getWorkspace(Repository.java:28)
	at net.ion.radon.repository.LocalSession.getCurrentWorkspace(LocalSession.java:147)
	at net.ion.radon.repository.LocalSession.dropWorkspace(LocalSession.java:76)
	at net.ion.radon.repository.TestBaseRepository.setUp(TestBaseRepository.java:17)
	at junit.framework.TestCase.runBare(TestCase.java:128)
	at junit.framework.TestResult$1.protect(TestResult.java:106)
	at junit.framework.TestResult.runProtected(TestResult.java:124)
	at junit.framework.TestResult.run(TestResult.java:109)
	at junit.framework.TestCase.run(TestCase.java:120)
	at junit.framework.TestSuite.runTest(TestSuite.java:230)
	at junit.framework.TestSuite.run(TestSuite.java:225)
	at junit.framework.TestSuite.runTest(TestSuite.java:230)
	at junit.framework.TestSuite.run(TestSuite.java:225)
	at junit.framework.TestSuite.runTest(TestSuite.java:230)
	at junit.framework.TestSuite.run(TestSuite.java:225)
	at junit.framework.TestSuite.runTest(TestSuite.java:230)
	at junit.framework.TestSuite.run(TestSuite.java:225)
	at org.apache.tools.ant.taskdefs.optional.junit.JUnitTestRunner.run(JUnitTestRunner.java:421)
	at org.apache.tools.ant.taskdefs.optional.junit.JUnitTestRunner.launch(JUnitTestRunner.java:912)
	at org.apache.tools.ant.taskdefs.optional.junit.JUnitTestRunner.main(JUnitTestRunner.java:766)
2011. 11. 17 오전 7:47:21 com.mongodb.DBPortPool gotError
경고: emptying DBPortPool to 61.250.201.78:27017 b/c of error
java.io.IOException: couldn't connect to [/61.250.201.78:27017] bc:java.net.ConnectException: Connection timed out: connect
	at com.mongodb.DBPort._open(DBPort.java:224)
	at com.mongodb.DBPort.go(DBPort.java:101)
	at com.mongodb.DBPort.go(DBPort.java:82)
	at com.mongodb.DBPort.say(DBPort.java:77)
	at com.mongodb.DBTCPConnector.say(DBTCPConnector.java:146)
	at com.mongodb.DBTCPConnector.say(DBTCPConnector.java:132)
	at com.mongodb.DBApiLayer$MyCollection.insert(DBApiLayer.java:262)
	at com.mongodb.DBApiLayer$MyCollection.createIndex(DBApiLayer.java:354)
	at com.mongodb.DBCollection.ensureIndex(DBCollection.java:444)
	at com.mongodb.DBCollection.ensureIndex(DBCollection.java:392)
	at net.ion.radon.repository.Workspace.createWorkspace(Workspace.java:64)
	at net.ion.radon.repository.Workspace.load(Workspace.java:43)
	at net.ion.radon.repository.Repository.getWorkspace(Repository.java:28)
	at net.ion.radon.repository.LocalSession.getCurrentWorkspace(LocalSession.java:147)
	at net.ion.radon.repository.LocalSession.dropWorkspace(LocalSession.java:76)
	at net.ion.radon.repository.TestBaseRepository.setUp(TestBaseRepository.java:17)
	at junit.framework.TestCase.runBare(TestCase.java:128)
	at junit.framework.TestResult$1.protect(TestResult.java:106)
	at junit.framework.TestResult.runProtected(TestResult.java:124)
	at junit.framework.TestResult.run(TestResult.java:109)
	at junit.framework.TestCase.run(TestCase.java:120)
	at junit.framework.TestSuite.runTest(TestSuite.java:230)
	at junit.framework.TestSuite.run(TestSuite.java:225)
	at junit.framework.TestSuite.runTest(TestSuite.java:230)
	at junit.framework.TestSuite.run(TestSuite.java:225)
	at junit.framework.TestSuite.runTest(TestSuite.java:230)
	at junit.framework.TestSuite.run(TestSuite.java:225)
	at junit.framework.TestSuite.runTest(TestSuite.java:230)
	at junit.framework.TestSuite.run(TestSuite.java:225)
	at org.apache.tools.ant.taskdefs.optional.junit.JUnitTestRunner.run(JUnitTestRunner.java:421)
	at org.apache.tools.ant.taskdefs.optional.junit.JUnitTestRunner.launch(JUnitTestRunner.java:912)
	at org.apache.tools.ant.taskdefs.optional.junit.JUnitTestRunner.main(JUnitTestRunner.java:766)
2011. 11. 17 오전 7:47:42 com.mongodb.DBTCPConnector fetchMaxBsonObjectSize
경고: Exception determining maxBSON size using0
java.io.IOException: couldn't connect to [/61.250.201.78:27017] bc:java.net.ConnectException: Connection timed out: connect
	at com.mongodb.DBPort._open(DBPort.java:224)
	at com.mongodb.DBPort.go(DBPort.java:101)
	at com.mongodb.DBPort.go(DBPort.java:82)
	at com.mongodb.DBPort.findOne(DBPort.java:142)
	at com.mongodb.DBPort.runCommand(DBPort.java:151)
	at com.mongodb.DBTCPConnector.fetchMaxBsonObjectSize(DBTCPConnector.java:429)
	at com.mongodb.Mongo.getMaxBsonObjectSize(Mongo.java:544)
	at com.mongodb.DBApiLayer$MyCollection.insert(DBApiLayer.java:244)
	at com.mongodb.DBApiLayer$MyCollection.createIndex(DBApiLayer.java:354)
	at com.mongodb.DBCollection.ensureIndex(DBCollection.java:444)
	at com.mongodb.DBCollection.ensureIndex(DBCollection.java:392)
	at net.ion.radon.repository.Workspace.createWorkspace(Workspace.java:64)
	at net.ion.radon.repository.Workspace.load(Workspace.java:43)
	at net.ion.radon.repository.Repository.getWorkspace(Repository.java:28)
	at net.ion.radon.repository.LocalSession.getCurrentWorkspace(LocalSession.java:147)
	at net.ion.radon.repository.LocalSession.dropWorkspace(LocalSession.java:76)
	at net.ion.radon.repository.TestBaseRepository.setUp(TestBaseRepository.java:17)
	at junit.framework.TestCase.runBare(TestCase.java:128)
	at junit.framework.TestResult$1.protect(TestResult.java:106)
	at junit.framework.TestResult.runProtected(TestResult.java:124)
	at junit.framework.TestResult.run(TestResult.java:109)
	at junit.framework.TestCase.run(TestCase.java:120)
	at junit.framework.TestSuite.runTest(TestSuite.java:230)
	at junit.framework.TestSuite.run(TestSuite.java:225)
	at junit.framework.TestSuite.runTest(TestSuite.java:230)
	at junit.framework.TestSuite.run(TestSuite.java:225)
	at junit.framework.TestSuite.runTest(TestSuite.java:230)
	at junit.framework.TestSuite.run(TestSuite.java:225)
	at junit.framework.TestSuite.runTest(TestSuite.java:230)
	at junit.framework.TestSuite.run(TestSuite.java:225)
	at org.apache.tools.ant.taskdefs.optional.junit.JUnitTestRunner.run(JUnitTestRunner.java:421)
	at org.apache.tools.ant.taskdefs.optional.junit.JUnitTestRunner.launch(JUnitTestRunner.java:912)
	at org.apache.tools.ant.taskdefs.optional.junit.JUnitTestRunner.main(JUnitTestRunner.java:766)
2011. 11. 17 오전 7:48:03 com.mongodb.DBTCPConnector fetchMaxBsonObjectSize
경고: Exception determining maxBSON size using0
java.io.IOException: couldn't connect to [/61.250.201.78:27017] bc:java.net.ConnectException: Connection timed out: connect
	at com.mongodb.DBPort._open(DBPort.java:224)
	at com.mongodb.DBPort.go(DBPort.java:101)
	at com.mongodb.DBPort.go(DBPort.java:82)
	at com.mongodb.DBPort.findOne(DBPort.java:142)
	at com.mongodb.DBPort.runCommand(DBPort.java:151)
	at com.mongodb.DBTCPConnector.fetchMaxBsonObjectSize(DBTCPConnector.java:429)
	at com.mongodb.DBTCPConnector.checkMaster(DBTCPConnector.java:416)
	at com.mongodb.DBTCPConnector.say(DBTCPConnector.java:139)
	at com.mongodb.DBTCPConnector.say(DBTCPConnector.java:132)
	at com.mongodb.DBApiLayer$MyCollection.insert(DBApiLayer.java:262)
	at com.mongodb.DBApiLayer$MyCollection.createIndex(DBApiLayer.java:354)
	at com.mongodb.DBCollection.ensureIndex(DBCollection.java:444)
	at com.mongodb.DBCollection.ensureIndex(DBCollection.java:392)
	at net.ion.radon.repository.Workspace.createWorkspace(Workspace.java:64)
	at net.ion.radon.repository.Workspace.load(Workspace.java:43)
	at net.ion.radon.repository.Repository.getWorkspace(Repository.java:28)
	at net.ion.radon.repository.LocalSession.getCurrentWorkspace(LocalSession.java:147)
	at net.ion.radon.repository.LocalSession.dropWorkspace(LocalSession.java:76)
	at net.ion.radon.repository.TestBaseRepository.setUp(TestBaseRepository.java:17)
	at junit.framework.TestCase.runBare(TestCase.java:128)
	at junit.framework.TestResult$1.protect(TestResult.java:106)
	at junit.framework.TestResult.runProtected(TestResult.java:124)
	at junit.framework.TestResult.run(TestResult.java:109)
	at junit.framework.TestCase.run(TestCase.java:120)
	at junit.framework.TestSuite.runTest(TestSuite.java:230)
	at junit.framework.TestSuite.run(TestSuite.java:225)
	at junit.framework.TestSuite.runTest(TestSuite.java:230)
	at junit.framework.TestSuite.run(TestSuite.java:225)
	at junit.framework.TestSuite.runTest(TestSuite.java:230)
	at junit.framework.TestSuite.run(TestSuite.java:225)
	at junit.framework.TestSuite.runTest(TestSuite.java:230)
	at junit.framework.TestSuite.run(TestSuite.java:225)
	at org.apache.tools.ant.taskdefs.optional.junit.JUnitTestRunner.run(JUnitTestRunner.java:421)
	at org.apache.tools.ant.taskdefs.optional.junit.JUnitTestRunner.launch(JUnitTestRunner.java:912)
	at org.apache.tools.ant.taskdefs.optional.junit.JUnitTestRunner.main(JUnitTestRunner.java:766)
2011. 11. 17 오전 7:48:24 com.mongodb.DBPortPool gotError
경고: emptying DBPortPool to 61.250.201.78:27017 b/c of error
java.io.IOException: couldn't connect to [/61.250.201.78:27017] bc:java.net.ConnectException: Connection timed out: connect
	at com.mongodb.DBPort._open(DBPort.java:224)
	at com.mongodb.DBPort.go(DBPort.java:101)
	at com.mongodb.DBPort.go(DBPort.java:82)
	at com.mongodb.DBPort.say(DBPort.java:77)
	at com.mongodb.DBTCPConnector.say(DBTCPConnector.java:146)
	at com.mongodb.DBTCPConnector.say(DBTCPConnector.java:132)
	at com.mongodb.DBApiLayer$MyCollection.insert(DBApiLayer.java:262)
	at com.mongodb.DBApiLayer$MyCollection.createIndex(DBApiLayer.java:354)
	at com.mongodb.DBCollection.ensureIndex(DBCollection.java:444)
	at com.mongodb.DBCollection.ensureIndex(DBCollection.java:392)
	at net.ion.radon.repository.Workspace.createWorkspace(Workspace.java:64)
	at net.ion.radon.repository.Workspace.load(Workspace.java:43)
	at net.ion.radon.repository.Repository.getWorkspace(Repository.java:28)
	at net.ion.radon.repository.LocalSession.getCurrentWorkspace(LocalSession.java:147)
	at net.ion.radon.repository.LocalSession.dropWorkspace(LocalSession.java:76)
	at net.ion.radon.repository.TestBaseRepository.setUp(TestBaseRepository.java:17)
	at junit.framework.TestCase.runBare(TestCase.java:128)
	at junit.framework.TestResult$1.protect(TestResult.java:106)
	at junit.framework.TestResult.runProtected(TestResult.java:124)
	at junit.framework.TestResult.run(TestResult.java:109)
	at junit.framework.TestCase.run(TestCase.java:120)
	at junit.framework.TestSuite.runTest(TestSuite.java:230)
	at junit.framework.TestSuite.run(TestSuite.java:225)
	at junit.framework.TestSuite.runTest(TestSuite.java:230)
	at junit.framework.TestSuite.run(TestSuite.java:225)
	at junit.framework.TestSuite.runTest(TestSuite.java:230)
	at junit.framework.TestSuite.run(TestSuite.java:225)
	at junit.framework.TestSuite.runTest(TestSuite.java:230)
	at junit.framework.TestSuite.run(TestSuite.java:225)
	at org.apache.tools.ant.taskdefs.optional.junit.JUnitTestRunner.run(JUnitTestRunner.java:421)
	at org.apache.tools.ant.taskdefs.optional.junit.JUnitTestRunner.launch(JUnitTestRunner.java:912)
	at org.apache.tools.ant.taskdefs.optional.junit.JUnitTestRunner.main(JUnitTestRunner.java:766)
2011. 11. 17 오전 7:48:45 com.mongodb.DBTCPConnector fetchMaxBsonObjectSize
경고: Exception determining maxBSON size using0
java.io.IOException: couldn't connect to [/61.250.201.78:27017] bc:java.net.ConnectException: Connection timed out: connect
	at com.mongodb.DBPort._open(DBPort.java:224)
	at com.mongodb.DBPort.go(DBPort.java:101)
	at com.mongodb.DBPort.go(DBPort.java:82)
	at com.mongodb.DBPort.findOne(DBPort.java:142)
	at com.mongodb.DBPort.runCommand(DBPort.java:151)
	at com.mongodb.DBTCPConnector.fetchMaxBsonObjectSize(DBTCPConnector.java:429)
	at com.mongodb.Mongo.getMaxBsonObjectSize(Mongo.java:544)
	at com.mongodb.DBApiLayer$MyCollection.insert(DBApiLayer.java:244)
	at com.mongodb.DBApiLayer$MyCollection.createIndex(DBApiLayer.java:354)
	at com.mongodb.DBCollection.ensureIndex(DBCollection.java:444)
	at com.mongodb.DBCollection.ensureIndex(DBCollection.java:392)
	at net.ion.radon.repository.Workspace.createWorkspace(Workspace.java:64)
	at net.ion.radon.repository.Workspace.load(Workspace.java:43)
	at net.ion.radon.repository.Repository.getWorkspace(Repository.java:28)
	at net.ion.radon.repository.LocalSession.getCurrentWorkspace(LocalSession.java:147)
	at net.ion.radon.repository.LocalSession.dropWorkspace(LocalSession.java:76)
	at net.ion.radon.repository.TestBaseRepository.setUp(TestBaseRepository.java:17)
	at junit.framework.TestCase.runBare(TestCase.java:128)
	at junit.framework.TestResult$1.protect(TestResult.java:106)
	at junit.framework.TestResult.runProtected(TestResult.java:124)
	at junit.framework.TestResult.run(TestResult.java:109)
	at junit.framework.TestCase.run(TestCase.java:120)
	at junit.framework.TestSuite.runTest(TestSuite.java:230)
	at junit.framework.TestSuite.run(TestSuite.java:225)
	at junit.framework.TestSuite.runTest(TestSuite.java:230)
	at junit.framework.TestSuite.run(TestSuite.java:225)
	at junit.framework.TestSuite.runTest(TestSuite.java:230)
	at junit.framework.TestSuite.run(TestSuite.java:225)
	at junit.framework.TestSuite.runTest(TestSuite.java:230)
	at junit.framework.TestSuite.run(TestSuite.java:225)
	at org.apache.tools.ant.taskdefs.optional.junit.JUnitTestRunner.run(JUnitTestRunner.java:421)
	at org.apache.tools.ant.taskdefs.optional.junit.JUnitTestRunner.launch(JUnitTestRunner.java:912)
	at org.apache.tools.ant.taskdefs.optional.junit.JUnitTestRunner.main(JUnitTestRunner.java:766)
2011. 11. 17 오전 7:49:06 com.mongodb.DBTCPConnector fetchMaxBsonObjectSize
경고: Exception determining maxBSON size using0
java.io.IOException: couldn't connect to [/61.250.201.78:27017] bc:java.net.ConnectException: Connection timed out: connect
	at com.mongodb.DBPort._open(DBPort.java:224)
	at com.mongodb.DBPort.go(DBPort.java:101)
	at com.mongodb.DBPort.go(DBPort.java:82)
	at com.mongodb.DBPort.findOne(DBPort.java:142)
	at com.mongodb.DBPort.runCommand(DBPort.java:151)
	at com.mongodb.DBTCPConnector.fetchMaxBsonObjectSize(DBTCPConnector.java:429)
	at com.mongodb.DBTCPConnector.checkMaster(DBTCPConnector.java:416)
	at com.mongodb.DBTCPConnector.say(DBTCPConnector.java:139)
	at com.mongodb.DBTCPConnector.say(DBTCPConnector.java:132)
	at com.mongodb.DBApiLayer$MyCollection.insert(DBApiLayer.java:262)
	at com.mongodb.DBApiLayer$MyCollection.createIndex(DBApiLayer.java:354)
	at com.mongodb.DBCollection.ensureIndex(DBCollection.java:444)
	at com.mongodb.DBCollection.ensureIndex(DBCollection.java:392)
	at net.ion.radon.repository.Workspace.createWorkspace(Workspace.java:64)
	at net.ion.radon.repository.Workspace.load(Workspace.java:43)
	at net.ion.radon.repository.Repository.getWorkspace(Repository.java:28)
	at net.ion.radon.repository.LocalSession.getCurrentWorkspace(LocalSession.java:147)
	at net.ion.radon.repository.LocalSession.dropWorkspace(LocalSession.java:76)
	at net.ion.radon.repository.TestBaseRepository.setUp(TestBaseRepository.java:17)
	at junit.framework.TestCase.runBare(TestCase.java:128)
	at junit.framework.TestResult$1.protect(TestResult.java:106)
	at junit.framework.TestResult.runProtected(TestResult.java:124)
	at junit.framework.TestResult.run(TestResult.java:109)
	at junit.framework.TestCase.run(TestCase.java:120)
	at junit.framework.TestSuite.runTest(TestSuite.java:230)
	at junit.framework.TestSuite.run(TestSuite.java:225)
	at junit.framework.TestSuite.runTest(TestSuite.java:230)
	at junit.framework.TestSuite.run(TestSuite.java:225)
	at junit.framework.TestSuite.runTest(TestSuite.java:230)
	at junit.framework.TestSuite.run(TestSuite.java:225)
	at junit.framework.TestSuite.runTest(TestSuite.java:230)
	at junit.framework.TestSuite.run(TestSuite.java:225)
	at org.apache.tools.ant.taskdefs.optional.junit.JUnitTestRunner.run(JUnitTestRunner.java:421)
	at org.apache.tools.ant.taskdefs.optional.junit.JUnitTestRunner.launch(JUnitTestRunner.java:912)
	at org.apache.tools.ant.taskdefs.optional.junit.JUnitTestRunner.main(JUnitTestRunner.java:766)
2011. 11. 17 오전 7:49:27 com.mongodb.DBPortPool gotError
경고: emptying DBPortPool to 61.250.201.78:27017 b/c of error
java.io.IOException: couldn't connect to [/61.250.201.78:27017] bc:java.net.ConnectException: Connection timed out: connect
	at com.mongodb.DBPort._open(DBPort.java:224)
	at com.mongodb.DBPort.go(DBPort.java:101)
	at com.mongodb.DBPort.go(DBPort.java:82)
	at com.mongodb.DBPort.say(DBPort.java:77)
	at com.mongodb.DBTCPConnector.say(DBTCPConnector.java:146)
	at com.mongodb.DBTCPConnector.say(DBTCPConnector.java:132)
	at com.mongodb.DBApiLayer$MyCollection.insert(DBApiLayer.java:262)
	at com.mongodb.DBApiLayer$MyCollection.createIndex(DBApiLayer.java:354)
	at com.mongodb.DBCollection.ensureIndex(DBCollection.java:444)
	at com.mongodb.DBCollection.ensureIndex(DBCollection.java:392)
	at net.ion.radon.repository.Workspace.createWorkspace(Workspace.java:64)
	at net.ion.radon.repository.Workspace.load(Workspace.java:43)
	at net.ion.radon.repository.Repository.getWorkspace(Repository.java:28)
	at net.ion.radon.repository.LocalSession.getCurrentWorkspace(LocalSession.java:147)
	at net.ion.radon.repository.LocalSession.dropWorkspace(LocalSession.java:76)
	at net.ion.radon.repository.TestBaseRepository.setUp(TestBaseRepository.java:17)
	at junit.framework.TestCase.runBare(TestCase.java:128)
	at junit.framework.TestResult$1.protect(TestResult.java:106)
	at junit.framework.TestResult.runProtected(TestResult.java:124)
	at junit.framework.TestResult.run(TestResult.java:109)
	at junit.framework.TestCase.run(TestCase.java:120)
	at junit.framework.TestSuite.runTest(TestSuite.java:230)
	at junit.framework.TestSuite.run(TestSuite.java:225)
	at junit.framework.TestSuite.runTest(TestSuite.java:230)
	at junit.framework.TestSuite.run(TestSuite.java:225)
	at junit.framework.TestSuite.runTest(TestSuite.java:230)
	at junit.framework.TestSuite.run(TestSuite.java:225)
	at junit.framework.TestSuite.runTest(TestSuite.java:230)
	at junit.framework.TestSuite.run(TestSuite.java:225)
	at org.apache.tools.ant.taskdefs.optional.junit.JUnitTestRunner.run(JUnitTestRunner.java:421)
	at org.apache.tools.ant.taskdefs.optional.junit.JUnitTestRunner.launch(JUnitTestRunner.java:912)
	at org.apache.tools.ant.taskdefs.optional.junit.JUnitTestRunner.main(JUnitTestRunner.java:766)
2011. 11. 17 오전 7:49:48 com.mongodb.DBTCPConnector fetchMaxBsonObjectSize
경고: Exception determining maxBSON size using0
java.io.IOException: couldn't connect to [/61.250.201.78:27017] bc:java.net.ConnectException: Connection timed out: connect
	at com.mongodb.DBPort._open(DBPort.java:224)
	at com.mongodb.DBPort.go(DBPort.java:101)
	at com.mongodb.DBPort.go(DBPort.java:82)
	at com.mongodb.DBPort.findOne(DBPort.java:142)
	at com.mongodb.DBPort.runCommand(DBPort.java:151)
	at com.mongodb.DBTCPConnector.fetchMaxBsonObjectSize(DBTCPConnector.java:429)
	at com.mongodb.Mongo.getMaxBsonObjectSize(Mongo.java:544)
	at com.mongodb.DBApiLayer$MyCollection.insert(DBApiLayer.java:244)
	at com.mongodb.DBApiLayer$MyCollection.createIndex(DBApiLayer.java:354)
	at com.mongodb.DBCollection.ensureIndex(DBCollection.java:444)
	at com.mongodb.DBCollection.ensureIndex(DBCollection.java:392)
	at net.ion.radon.repository.Workspace.createWorkspace(Workspace.java:64)
	at net.ion.radon.repository.Workspace.load(Workspace.java:43)
	at net.ion.radon.repository.Repository.getWorkspace(Repository.java:28)
	at net.ion.radon.repository.LocalSession.getCurrentWorkspace(LocalSession.java:147)
	at net.ion.radon.repository.LocalSession.dropWorkspace(LocalSession.java:76)
	at net.ion.radon.repository.TestBaseRepository.setUp(TestBaseRepository.java:17)
	at junit.framework.TestCase.runBare(TestCase.java:128)
	at junit.framework.TestResult$1.protect(TestResult.java:106)
	at junit.framework.TestResult.runProtected(TestResult.java:124)
	at junit.framework.TestResult.run(TestResult.java:109)
	at junit.framework.TestCase.run(TestCase.java:120)
	at junit.framework.TestSuite.runTest(TestSuite.java:230)
	at junit.framework.TestSuite.run(TestSuite.java:225)
	at junit.framework.TestSuite.runTest(TestSuite.java:230)
	at junit.framework.TestSuite.run(TestSuite.java:225)
	at junit.framework.TestSuite.runTest(TestSuite.java:230)
	at junit.framework.TestSuite.run(TestSuite.java:225)
	at junit.framework.TestSuite.runTest(TestSuite.java:230)
	at junit.framework.TestSuite.run(TestSuite.java:225)
	at org.apache.tools.ant.taskdefs.optional.junit.JUnitTestRunner.run(JUnitTestRunner.java:421)
	at org.apache.tools.ant.taskdefs.optional.junit.JUnitTestRunner.launch(JUnitTestRunner.java:912)
	at org.apache.tools.ant.taskdefs.optional.junit.JUnitTestRunner.main(JUnitTestRunner.java:766)
2011. 11. 17 오전 7:50:09 com.mongodb.DBTCPConnector fetchMaxBsonObjectSize
경고: Exception determining maxBSON size using0
java.io.IOException: couldn't connect to [/61.250.201.78:27017] bc:java.net.ConnectException: Connection timed out: connect
	at com.mongodb.DBPort._open(DBPort.java:224)
	at com.mongodb.DBPort.go(DBPort.java:101)
	at com.mongodb.DBPort.go(DBPort.java:82)
	at com.mongodb.DBPort.findOne(DBPort.java:142)
	at com.mongodb.DBPort.runCommand(DBPort.java:151)
	at com.mongodb.DBTCPConnector.fetchMaxBsonObjectSize(DBTCPConnector.java:429)
	at com.mongodb.DBTCPConnector.checkMaster(DBTCPConnector.java:416)
	at com.mongodb.DBTCPConnector.say(DBTCPConnector.java:139)
	at com.mongodb.DBTCPConnector.say(DBTCPConnector.java:132)
	at com.mongodb.DBApiLayer$MyCollection.insert(DBApiLayer.java:262)
	at com.mongodb.DBApiLayer$MyCollection.createIndex(DBApiLayer.java:354)
	at com.mongodb.DBCollection.ensureIndex(DBCollection.java:444)
	at com.mongodb.DBCollection.ensureIndex(DBCollection.java:392)
	at net.ion.radon.repository.Workspace.createWorkspace(Workspace.java:64)
	at net.ion.radon.repository.Workspace.load(Workspace.java:43)
	at net.ion.radon.repository.Repository.getWorkspace(Repository.java:28)
	at net.ion.radon.repository.LocalSession.getCurrentWorkspace(LocalSession.java:147)
	at net.ion.radon.repository.LocalSession.dropWorkspace(LocalSession.java:76)
	at net.ion.radon.repository.TestBaseRepository.setUp(TestBaseRepository.java:17)
	at junit.framework.TestCase.runBare(TestCase.java:128)
	at junit.framework.TestResult$1.protect(TestResult.java:106)
	at junit.framework.TestResult.runProtected(TestResult.java:124)
	at junit.framework.TestResult.run(TestResult.java:109)
	at junit.framework.TestCase.run(TestCase.java:120)
	at junit.framework.TestSuite.runTest(TestSuite.java:230)
	at junit.framework.TestSuite.run(TestSuite.java:225)
	at junit.framework.TestSuite.runTest(TestSuite.java:230)
	at junit.framework.TestSuite.run(TestSuite.java:225)
	at junit.framework.TestSuite.runTest(TestSuite.java:230)
	at junit.framework.TestSuite.run(TestSuite.java:225)
	at junit.framework.TestSuite.runTest(TestSuite.java:230)
	at junit.framework.TestSuite.run(TestSuite.java:225)
	at org.apache.tools.ant.taskdefs.optional.junit.JUnitTestRunner.run(JUnitTestRunner.java:421)
	at org.apache.tools.ant.taskdefs.optional.junit.JUnitTestRunner.launch(JUnitTestRunner.java:912)
	at org.apache.tools.ant.taskdefs.optional.junit.JUnitTestRunner.main(JUnitTestRunner.java:766)
2011. 11. 17 오전 7:50:30 com.mongodb.DBPortPool gotError
경고: emptying DBPortPool to 61.250.201.78:27017 b/c of error
java.io.IOException: couldn't connect to [/61.250.201.78:27017] bc:java.net.ConnectException: Connection timed out: connect
	at com.mongodb.DBPort._open(DBPort.java:224)
	at com.mongodb.DBPort.go(DBPort.java:101)
	at com.mongodb.DBPort.go(DBPort.java:82)
	at com.mongodb.DBPort.say(DBPort.java:77)
	at com.mongodb.DBTCPConnector.say(DBTCPConnector.java:146)
	at com.mongodb.DBTCPConnector.say(DBTCPConnector.java:132)
	at com.mongodb.DBApiLayer$MyCollection.insert(DBApiLayer.java:262)
	at com.mongodb.DBApiLayer$MyCollection.createIndex(DBApiLayer.java:354)
	at com.mongodb.DBCollection.ensureIndex(DBCollection.java:444)
	at com.mongodb.DBCollection.ensureIndex(DBCollection.java:392)
	at net.ion.radon.repository.Workspace.createWorkspace(Workspace.java:64)
	at net.ion.radon.repository.Workspace.load(Workspace.java:43)
	at net.ion.radon.repository.Repository.getWorkspace(Repository.java:28)
	at net.ion.radon.repository.LocalSession.getCurrentWorkspace(LocalSession.java:147)
	at net.ion.radon.repository.LocalSession.dropWorkspace(LocalSession.java:76)
	at net.ion.radon.repository.TestBaseRepository.setUp(TestBaseRepository.java:17)
	at junit.framework.TestCase.runBare(TestCase.java:128)
	at junit.framework.TestResult$1.protect(TestResult.java:106)
	at junit.framework.TestResult.runProtected(TestResult.java:124)
	at junit.framework.TestResult.run(TestResult.java:109)
	at junit.framework.TestCase.run(TestCase.java:120)
	at junit.framework.TestSuite.runTest(TestSuite.java:230)
	at junit.framework.TestSuite.run(TestSuite.java:225)
	at junit.framework.TestSuite.runTest(TestSuite.java:230)
	at junit.framework.TestSuite.run(TestSuite.java:225)
	at junit.framework.TestSuite.runTest(TestSuite.java:230)
	at junit.framework.TestSuite.run(TestSuite.java:225)
	at junit.framework.TestSuite.runTest(TestSuite.java:230)
	at junit.framework.TestSuite.run(TestSuite.java:225)
	at org.apache.tools.ant.taskdefs.optional.junit.JUnitTestRunner.run(JUnitTestRunner.java:421)
	at org.apache.tools.ant.taskdefs.optional.junit.JUnitTestRunner.launch(JUnitTestRunner.java:912)
	at org.apache.tools.ant.taskdefs.optional.junit.JUnitTestRunner.main(JUnitTestRunner.java:766)
2011. 11. 17 오전 7:50:51 com.mongodb.DBTCPConnector fetchMaxBsonObjectSize
경고: Exception determining maxBSON size using0
java.io.IOException: couldn't connect to [/61.250.201.78:27017] bc:java.net.ConnectException: Connection timed out: connect
	at com.mongodb.DBPort._open(DBPort.java:224)
	at com.mongodb.DBPort.go(DBPort.java:101)
	at com.mongodb.DBPort.go(DBPort.java:82)
	at com.mongodb.DBPort.findOne(DBPort.java:142)
	at com.mongodb.DBPort.runCommand(DBPort.java:151)
	at com.mongodb.DBTCPConnector.fetchMaxBsonObjectSize(DBTCPConnector.java:429)
	at com.mongodb.Mongo.getMaxBsonObjectSize(Mongo.java:544)
	at com.mongodb.DBApiLayer$MyCollection.insert(DBApiLayer.java:244)
	at com.mongodb.DBApiLayer$MyCollection.createIndex(DBApiLayer.java:354)
	at com.mongodb.DBCollection.ensureIndex(DBCollection.java:444)
	at com.mongodb.DBCollection.ensureIndex(DBCollection.java:392)
	at net.ion.radon.repository.Workspace.createWorkspace(Workspace.java:64)
	at net.ion.radon.repository.Workspace.load(Workspace.java:43)
	at net.ion.radon.repository.Repository.getWorkspace(Repository.java:28)
	at net.ion.radon.repository.LocalSession.getCurrentWorkspace(LocalSession.java:147)
	at net.ion.radon.repository.LocalSession.dropWorkspace(LocalSession.java:76)
	at net.ion.radon.repository.TestBaseRepository.setUp(TestBaseRepository.java:17)
	at junit.framework.TestCase.runBare(TestCase.java:128)
	at junit.framework.TestResult$1.protect(TestResult.java:106)
	at junit.framework.TestResult.runProtected(TestResult.java:124)
	at junit.framework.TestResult.run(TestResult.java:109)
	at junit.framework.TestCase.run(TestCase.java:120)
	at junit.framework.TestSuite.runTest(TestSuite.java:230)
	at junit.framework.TestSuite.run(TestSuite.java:225)
	at junit.framework.TestSuite.runTest(TestSuite.java:230)
	at junit.framework.TestSuite.run(TestSuite.java:225)
	at junit.framework.TestSuite.runTest(TestSuite.java:230)
	at junit.framework.TestSuite.run(TestSuite.java:225)
	at junit.framework.TestSuite.runTest(TestSuite.java:230)
	at junit.framework.TestSuite.run(TestSuite.java:225)
	at org.apache.tools.ant.taskdefs.optional.junit.JUnitTestRunner.run(JUnitTestRunner.java:421)
	at org.apache.tools.ant.taskdefs.optional.junit.JUnitTestRunner.launch(JUnitTestRunner.java:912)
	at org.apache.tools.ant.taskdefs.optional.junit.JUnitTestRunner.main(JUnitTestRunner.java:766)
2011. 11. 17 오전 7:51:12 com.mongodb.DBTCPConnector fetchMaxBsonObjectSize
경고: Exception determining maxBSON size using0
java.io.IOException: couldn't connect to [/61.250.201.78:27017] bc:java.net.ConnectException: Connection timed out: connect
	at com.mongodb.DBPort._open(DBPort.java:224)
	at com.mongodb.DBPort.go(DBPort.java:101)
	at com.mongodb.DBPort.go(DBPort.java:82)
	at com.mongodb.DBPort.findOne(DBPort.java:142)
	at com.mongodb.DBPort.runCommand(DBPort.java:151)
	at com.mongodb.DBTCPConnector.fetchMaxBsonObjectSize(DBTCPConnector.java:429)
	at com.mongodb.DBTCPConnector.checkMaster(DBTCPConnector.java:416)
	at com.mongodb.DBTCPConnector.say(DBTCPConnector.java:139)
	at com.mongodb.DBTCPConnector.say(DBTCPConnector.java:132)
	at com.mongodb.DBApiLayer$MyCollection.insert(DBApiLayer.java:262)
	at com.mongodb.DBApiLayer$MyCollection.createIndex(DBApiLayer.java:354)
	at com.mongodb.DBCollection.ensureIndex(DBCollection.java:444)
	at com.mongodb.DBCollection.ensureIndex(DBCollection.java:392)
	at net.ion.radon.repository.Workspace.createWorkspace(Workspace.java:64)
	at net.ion.radon.repository.Workspace.load(Workspace.java:43)
	at net.ion.radon.repository.Repository.getWorkspace(Repository.java:28)
	at net.ion.radon.repository.LocalSession.getCurrentWorkspace(LocalSession.java:147)
	at net.ion.radon.repository.LocalSession.dropWorkspace(LocalSession.java:76)
	at net.ion.radon.repository.TestBaseRepository.setUp(TestBaseRepository.java:17)
	at junit.framework.TestCase.runBare(TestCase.java:128)
	at junit.framework.TestResult$1.protect(TestResult.java:106)
	at junit.framework.TestResult.runProtected(TestResult.java:124)
	at junit.framework.TestResult.run(TestResult.java:109)
	at junit.framework.TestCase.run(TestCase.java:120)
	at junit.framework.TestSuite.runTest(TestSuite.java:230)
	at junit.framework.TestSuite.run(TestSuite.java:225)
	at junit.framework.TestSuite.runTest(TestSuite.java:230)
	at junit.framework.TestSuite.run(TestSuite.java:225)
	at junit.framework.TestSuite.runTest(TestSuite.java:230)
	at junit.framework.TestSuite.run(TestSuite.java:225)
	at junit.framework.TestSuite.runTest(TestSuite.java:230)
	at junit.framework.TestSuite.run(TestSuite.java:225)
	at org.apache.tools.ant.taskdefs.optional.junit.JUnitTestRunner.run(JUnitTestRunner.java:421)
	at org.apache.tools.ant.taskdefs.optional.junit.JUnitTestRunner.launch(JUnitTestRunner.java:912)
	at org.apache.tools.ant.taskdefs.optional.junit.JUnitTestRunner.main(JUnitTestRunner.java:766)
2011. 11. 17 오전 7:51:33 com.mongodb.DBPortPool gotError
경고: emptying DBPortPool to 61.250.201.78:27017 b/c of error
java.io.IOException: couldn't connect to [/61.250.201.78:27017] bc:java.net.ConnectException: Connection timed out: connect
	at com.mongodb.DBPort._open(DBPort.java:224)
	at com.mongodb.DBPort.go(DBPort.java:101)
	at com.mongodb.DBPort.go(DBPort.java:82)
	at com.mongodb.DBPort.say(DBPort.java:77)
	at com.mongodb.DBTCPConnector.say(DBTCPConnector.java:146)
	at com.mongodb.DBTCPConnector.say(DBTCPConnector.java:132)
	at com.mongodb.DBApiLayer$MyCollection.insert(DBApiLayer.java:262)
	at com.mongodb.DBApiLayer$MyCollection.createIndex(DBApiLayer.java:354)
	at com.mongodb.DBCollection.ensureIndex(DBCollection.java:444)
	at com.mongodb.DBCollection.ensureIndex(DBCollection.java:392)
	at net.ion.radon.repository.Workspace.createWorkspace(Workspace.java:64)
	at net.ion.radon.repository.Workspace.load(Workspace.java:43)
	at net.ion.radon.repository.Repository.getWorkspace(Repository.java:28)
	at net.ion.radon.repository.LocalSession.getCurrentWorkspace(LocalSession.java:147)
	at net.ion.radon.repository.LocalSession.dropWorkspace(LocalSession.java:76)
	at net.ion.radon.repository.TestBaseRepository.setUp(TestBaseRepository.java:17)
	at junit.framework.TestCase.runBare(TestCase.java:128)
	at junit.framework.TestResult$1.protect(TestResult.java:106)
	at junit.framework.TestResult.runProtected(TestResult.java:124)
	at junit.framework.TestResult.run(TestResult.java:109)
	at junit.framework.TestCase.run(TestCase.java:120)
	at junit.framework.TestSuite.runTest(TestSuite.java:230)
	at junit.framework.TestSuite.run(TestSuite.java:225)
	at junit.framework.TestSuite.runTest(TestSuite.java:230)
	at junit.framework.TestSuite.run(TestSuite.java:225)
	at junit.framework.TestSuite.runTest(TestSuite.java:230)
	at junit.framework.TestSuite.run(TestSuite.java:225)
	at junit.framework.TestSuite.runTest(TestSuite.java:230)
	at junit.framework.TestSuite.run(TestSuite.java:225)
	at org.apache.tools.ant.taskdefs.optional.junit.JUnitTestRunner.run(JUnitTestRunner.java:421)
	at org.apache.tools.ant.taskdefs.optional.junit.JUnitTestRunner.launch(JUnitTestRunner.java:912)
	at org.apache.tools.ant.taskdefs.optional.junit.JUnitTestRunner.main(JUnitTestRunner.java:766)
2011. 11. 17 오전 7:51:54 com.mongodb.DBTCPConnector fetchMaxBsonObjectSize
경고: Exception determining maxBSON size using0
java.io.IOException: couldn't connect to [/61.250.201.78:27017] bc:java.net.ConnectException: Connection timed out: connect
	at com.mongodb.DBPort._open(DBPort.java:224)
	at com.mongodb.DBPort.go(DBPort.java:101)
	at com.mongodb.DBPort.go(DBPort.java:82)
	at com.mongodb.DBPort.findOne(DBPort.java:142)
	at com.mongodb.DBPort.runCommand(DBPort.java:151)
	at com.mongodb.DBTCPConnector.fetchMaxBsonObjectSize(DBTCPConnector.java:429)
	at com.mongodb.Mongo.getMaxBsonObjectSize(Mongo.java:544)
	at com.mongodb.DBApiLayer$MyCollection.insert(DBApiLayer.java:244)
	at com.mongodb.DBApiLayer$MyCollection.createIndex(DBApiLayer.java:354)
	at com.mongodb.DBCollection.ensureIndex(DBCollection.java:444)
	at com.mongodb.DBCollection.ensureIndex(DBCollection.java:392)
	at net.ion.radon.repository.Workspace.createWorkspace(Workspace.java:64)
	at net.ion.radon.repository.Workspace.load(Workspace.java:43)
	at net.ion.radon.repository.Repository.getWorkspace(Repository.java:28)
	at net.ion.radon.repository.LocalSession.getCurrentWorkspace(LocalSession.java:147)
	at net.ion.radon.repository.LocalSession.dropWorkspace(LocalSession.java:76)
	at net.ion.radon.repository.TestBaseRepository.setUp(TestBaseRepository.java:17)
	at junit.framework.TestCase.runBare(TestCase.java:128)
	at junit.framework.TestResult$1.protect(TestResult.java:106)
	at junit.framework.TestResult.runProtected(TestResult.java:124)
	at junit.framework.TestResult.run(TestResult.java:109)
	at junit.framework.TestCase.run(TestCase.java:120)
	at junit.framework.TestSuite.runTest(TestSuite.java:230)
	at junit.framework.TestSuite.run(TestSuite.java:225)
	at junit.framework.TestSuite.runTest(TestSuite.java:230)
	at junit.framework.TestSuite.run(TestSuite.java:225)
	at junit.framework.TestSuite.runTest(TestSuite.java:230)
	at junit.framework.TestSuite.run(TestSuite.java:225)
	at junit.framework.TestSuite.runTest(TestSuite.java:230)
	at junit.framework.TestSuite.run(TestSuite.java:225)
	at org.apache.tools.ant.taskdefs.optional.junit.JUnitTestRunner.run(JUnitTestRunner.java:421)
	at org.apache.tools.ant.taskdefs.optional.junit.JUnitTestRunner.launch(JUnitTestRunner.java:912)
	at org.apache.tools.ant.taskdefs.optional.junit.JUnitTestRunner.main(JUnitTestRunner.java:766)
2011. 11. 17 오전 7:52:15 com.mongodb.DBTCPConnector fetchMaxBsonObjectSize
경고: Exception determining maxBSON size using0
java.io.IOException: couldn't connect to [/61.250.201.78:27017] bc:java.net.ConnectException: Connection timed out: connect
	at com.mongodb.DBPort._open(DBPort.java:224)
	at com.mongodb.DBPort.go(DBPort.java:101)
	at com.mongodb.DBPort.go(DBPort.java:82)
	at com.mongodb.DBPort.findOne(DBPort.java:142)
	at com.mongodb.DBPort.runCommand(DBPort.java:151)
	at com.mongodb.DBTCPConnector.fetchMaxBsonObjectSize(DBTCPConnector.java:429)
	at com.mongodb.DBTCPConnector.checkMaster(DBTCPConnector.java:416)
	at com.mongodb.DBTCPConnector.say(DBTCPConnector.java:139)
	at com.mongodb.DBTCPConnector.say(DBTCPConnector.java:132)
	at com.mongodb.DBApiLayer$MyCollection.insert(DBApiLayer.java:262)
	at com.mongodb.DBApiLayer$MyCollection.createIndex(DBApiLayer.java:354)
	at com.mongodb.DBCollection.ensureIndex(DBCollection.java:444)
	at com.mongodb.DBCollection.ensureIndex(DBCollection.java:392)
	at net.ion.radon.repository.Workspace.createWorkspace(Workspace.java:64)
	at net.ion.radon.repository.Workspace.load(Workspace.java:43)
	at net.ion.radon.repository.Repository.getWorkspace(Repository.java:28)
	at net.ion.radon.repository.LocalSession.getCurrentWorkspace(LocalSession.java:147)
	at net.ion.radon.repository.LocalSession.dropWorkspace(LocalSession.java:76)
	at net.ion.radon.repository.TestBaseRepository.setUp(TestBaseRepository.java:17)
	at junit.framework.TestCase.runBare(TestCase.java:128)
	at junit.framework.TestResult$1.protect(TestResult.java:106)
	at junit.framework.TestResult.runProtected(TestResult.java:124)
	at junit.framework.TestResult.run(TestResult.java:109)
	at junit.framework.TestCase.run(TestCase.java:120)
	at junit.framework.TestSuite.runTest(TestSuite.java:230)
	at junit.framework.TestSuite.run(TestSuite.java:225)
	at junit.framework.TestSuite.runTest(TestSuite.java:230)
	at junit.framework.TestSuite.run(TestSuite.java:225)
	at junit.framework.TestSuite.runTest(TestSuite.java:230)
	at junit.framework.TestSuite.run(TestSuite.java:225)
	at junit.framework.TestSuite.runTest(TestSuite.java:230)
	at junit.framework.TestSuite.run(TestSuite.java:225)
	at org.apache.tools.ant.taskdefs.optional.junit.JUnitTestRunner.run(JUnitTestRunner.java:421)
	at org.apache.tools.ant.taskdefs.optional.junit.JUnitTestRunner.launch(JUnitTestRunner.java:912)
	at org.apache.tools.ant.taskdefs.optional.junit.JUnitTestRunner.main(JUnitTestRunner.java:766)
2011. 11. 17 오전 7:52:36 com.mongodb.DBPortPool gotError
경고: emptying DBPortPool to 61.250.201.78:27017 b/c of error
java.io.IOException: couldn't connect to [/61.250.201.78:27017] bc:java.net.ConnectException: Connection timed out: connect
	at com.mongodb.DBPort._open(DBPort.java:224)
	at com.mongodb.DBPort.go(DBPort.java:101)
	at com.mongodb.DBPort.go(DBPort.java:82)
	at com.mongodb.DBPort.say(DBPort.java:77)
	at com.mongodb.DBTCPConnector.say(DBTCPConnector.java:146)
	at com.mongodb.DBTCPConnector.say(DBTCPConnector.java:132)
	at com.mongodb.DBApiLayer$MyCollection.insert(DBApiLayer.java:262)
	at com.mongodb.DBApiLayer$MyCollection.createIndex(DBApiLayer.java:354)
	at com.mongodb.DBCollection.ensureIndex(DBCollection.java:444)
	at com.mongodb.DBCollection.ensureIndex(DBCollection.java:392)
	at net.ion.radon.repository.Workspace.createWorkspace(Workspace.java:64)
	at net.ion.radon.repository.Workspace.load(Workspace.java:43)
	at net.ion.radon.repository.Repository.getWorkspace(Repository.java:28)
	at net.ion.radon.repository.LocalSession.getCurrentWorkspace(LocalSession.java:147)
	at net.ion.radon.repository.LocalSession.dropWorkspace(LocalSession.java:76)
	at net.ion.radon.repository.TestBaseRepository.setUp(TestBaseRepository.java:17)
	at junit.framework.TestCase.runBare(TestCase.java:128)
	at junit.framework.TestResult$1.protect(TestResult.java:106)
	at junit.framework.TestResult.runProtected(TestResult.java:124)
	at junit.framework.TestResult.run(TestResult.java:109)
	at junit.framework.TestCase.run(TestCase.java:120)
	at junit.framework.TestSuite.runTest(TestSuite.java:230)
	at junit.framework.TestSuite.run(TestSuite.java:225)
	at junit.framework.TestSuite.runTest(TestSuite.java:230)
	at junit.framework.TestSuite.run(TestSuite.java:225)
	at junit.framework.TestSuite.runTest(TestSuite.java:230)
	at junit.framework.TestSuite.run(TestSuite.java:225)
	at junit.framework.TestSuite.runTest(TestSuite.java:230)
	at junit.framework.TestSuite.run(TestSuite.java:225)
	at org.apache.tools.ant.taskdefs.optional.junit.JUnitTestRunner.run(JUnitTestRunner.java:421)
	at org.apache.tools.ant.taskdefs.optional.junit.JUnitTestRunner.launch(JUnitTestRunner.java:912)
	at org.apache.tools.ant.taskdefs.optional.junit.JUnitTestRunner.main(JUnitTestRunner.java:766)
2011. 11. 17 오전 7:52:57 com.mongodb.DBTCPConnector fetchMaxBsonObjectSize
경고: Exception determining maxBSON size using0
java.io.IOException: couldn't connect to [/61.250.201.78:27017] bc:java.net.ConnectException: Connection timed out: connect
	at com.mongodb.DBPort._open(DBPort.java:224)
	at com.mongodb.DBPort.go(DBPort.java:101)
	at com.mongodb.DBPort.go(DBPort.java:82)
	at com.mongodb.DBPort.findOne(DBPort.java:142)
	at com.mongodb.DBPort.runCommand(DBPort.java:151)
	at com.mongodb.DBTCPConnector.fetchMaxBsonObjectSize(DBTCPConnector.java:429)
	at com.mongodb.Mongo.getMaxBsonObjectSize(Mongo.java:544)
	at com.mongodb.DBApiLayer$MyCollection.insert(DBApiLayer.java:244)
	at com.mongodb.DBApiLayer$MyCollection.createIndex(DBApiLayer.java:354)
	at com.mongodb.DBCollection.ensureIndex(DBCollection.java:444)
	at com.mongodb.DBCollection.ensureIndex(DBCollection.java:392)
	at net.ion.radon.repository.Workspace.createWorkspace(Workspace.java:64)
	at net.ion.radon.repository.Workspace.load(Workspace.java:43)
	at net.ion.radon.repository.Repository.getWorkspace(Repository.java:28)
	at net.ion.radon.repository.LocalSession.getCurrentWorkspace(LocalSession.java:147)
	at net.ion.radon.repository.LocalSession.dropWorkspace(LocalSession.java:76)
	at net.ion.radon.repository.TestBaseRepository.setUp(TestBaseRepository.java:17)
	at junit.framework.TestCase.runBare(TestCase.java:128)
	at junit.framework.TestResult$1.protect(TestResult.java:106)
	at junit.framework.TestResult.runProtected(TestResult.java:124)
	at junit.framework.TestResult.run(TestResult.java:109)
	at junit.framework.TestCase.run(TestCase.java:120)
	at junit.framework.TestSuite.runTest(TestSuite.java:230)
	at junit.framework.TestSuite.run(TestSuite.java:225)
	at junit.framework.TestSuite.runTest(TestSuite.java:230)
	at junit.framework.TestSuite.run(TestSuite.java:225)
	at junit.framework.TestSuite.runTest(TestSuite.java:230)
	at junit.framework.TestSuite.run(TestSuite.java:225)
	at junit.framework.TestSuite.runTest(TestSuite.java:230)
	at junit.framework.TestSuite.run(TestSuite.java:225)
	at org.apache.tools.ant.taskdefs.optional.junit.JUnitTestRunner.run(JUnitTestRunner.java:421)
	at org.apache.tools.ant.taskdefs.optional.junit.JUnitTestRunner.launch(JUnitTestRunner.java:912)
	at org.apache.tools.ant.taskdefs.optional.junit.JUnitTestRunner.main(JUnitTestRunner.java:766)
2011. 11. 17 오전 7:53:18 com.mongodb.DBTCPConnector fetchMaxBsonObjectSize
경고: Exception determining maxBSON size using0
java.io.IOException: couldn't connect to [/61.250.201.78:27017] bc:java.net.ConnectException: Connection timed out: connect
	at com.mongodb.DBPort._open(DBPort.java:224)
	at com.mongodb.DBPort.go(DBPort.java:101)
	at com.mongodb.DBPort.go(DBPort.java:82)
	at com.mongodb.DBPort.findOne(DBPort.java:142)
	at com.mongodb.DBPort.runCommand(DBPort.java:151)
	at com.mongodb.DBTCPConnector.fetchMaxBsonObjectSize(DBTCPConnector.java:429)
	at com.mongodb.DBTCPConnector.checkMaster(DBTCPConnector.java:416)
	at com.mongodb.DBTCPConnector.say(DBTCPConnector.java:139)
	at com.mongodb.DBTCPConnector.say(DBTCPConnector.java:132)
	at com.mongodb.DBApiLayer$MyCollection.insert(DBApiLayer.java:262)
	at com.mongodb.DBApiLayer$MyCollection.createIndex(DBApiLayer.java:354)
	at com.mongodb.DBCollection.ensureIndex(DBCollection.java:444)
	at com.mongodb.DBCollection.ensureIndex(DBCollection.java:392)
	at net.ion.radon.repository.Workspace.createWorkspace(Workspace.java:64)
	at net.ion.radon.repository.Workspace.load(Workspace.java:43)
	at net.ion.radon.repository.Repository.getWorkspace(Repository.java:28)
	at net.ion.radon.repository.LocalSession.getCurrentWorkspace(LocalSession.java:147)
	at net.ion.radon.repository.LocalSession.dropWorkspace(LocalSession.java:76)
	at net.ion.radon.repository.TestBaseRepository.setUp(TestBaseRepository.java:17)
	at junit.framework.TestCase.runBare(TestCase.java:128)
	at junit.framework.TestResult$1.protect(TestResult.java:106)
	at junit.framework.TestResult.runProtected(TestResult.java:124)
	at junit.framework.TestResult.run(TestResult.java:109)
	at junit.framework.TestCase.run(TestCase.java:120)
	at junit.framework.TestSuite.runTest(TestSuite.java:230)
	at junit.framework.TestSuite.run(TestSuite.java:225)
	at junit.framework.TestSuite.runTest(TestSuite.java:230)
	at junit.framework.TestSuite.run(TestSuite.java:225)
	at junit.framework.TestSuite.runTest(TestSuite.java:230)
	at junit.framework.TestSuite.run(TestSuite.java:225)
	at junit.framework.TestSuite.runTest(TestSuite.java:230)
	at junit.framework.TestSuite.run(TestSuite.java:225)
	at org.apache.tools.ant.taskdefs.optional.junit.JUnitTestRunner.run(JUnitTestRunner.java:421)
	at org.apache.tools.ant.taskdefs.optional.junit.JUnitTestRunner.launch(JUnitTestRunner.java:912)
	at org.apache.tools.ant.taskdefs.optional.junit.JUnitTestRunner.main(JUnitTestRunner.java:766)
2011. 11. 17 오전 7:53:39 com.mongodb.DBPortPool gotError
경고: emptying DBPortPool to 61.250.201.78:27017 b/c of error
java.io.IOException: couldn't connect to [/61.250.201.78:27017] bc:java.net.ConnectException: Connection timed out: connect
	at com.mongodb.DBPort._open(DBPort.java:224)
	at com.mongodb.DBPort.go(DBPort.java:101)
	at com.mongodb.DBPort.go(DBPort.java:82)
	at com.mongodb.DBPort.say(DBPort.java:77)
	at com.mongodb.DBTCPConnector.say(DBTCPConnector.java:146)
	at com.mongodb.DBTCPConnector.say(DBTCPConnector.java:132)
	at com.mongodb.DBApiLayer$MyCollection.insert(DBApiLayer.java:262)
	at com.mongodb.DBApiLayer$MyCollection.createIndex(DBApiLayer.java:354)
	at com.mongodb.DBCollection.ensureIndex(DBCollection.java:444)
	at com.mongodb.DBCollection.ensureIndex(DBCollection.java:392)
	at net.ion.radon.repository.Workspace.createWorkspace(Workspace.java:64)
	at net.ion.radon.repository.Workspace.load(Workspace.java:43)
	at net.ion.radon.repository.Repository.getWorkspace(Repository.java:28)
	at net.ion.radon.repository.LocalSession.getCurrentWorkspace(LocalSession.java:147)
	at net.ion.radon.repository.LocalSession.dropWorkspace(LocalSession.java:76)
	at net.ion.radon.repository.TestBaseRepository.setUp(TestBaseRepository.java:17)
	at junit.framework.TestCase.runBare(TestCase.java:128)
	at junit.framework.TestResult$1.protect(TestResult.java:106)
	at junit.framework.TestResult.runProtected(TestResult.java:124)
	at junit.framework.TestResult.run(TestResult.java:109)
	at junit.framework.TestCase.run(TestCase.java:120)
	at junit.framework.TestSuite.runTest(TestSuite.java:230)
	at junit.framework.TestSuite.run(TestSuite.java:225)
	at junit.framework.TestSuite.runTest(TestSuite.java:230)
	at junit.framework.TestSuite.run(TestSuite.java:225)
	at junit.framework.TestSuite.runTest(TestSuite.java:230)
	at junit.framework.TestSuite.run(TestSuite.java:225)
	at junit.framework.TestSuite.runTest(TestSuite.java:230)
	at junit.framework.TestSuite.run(TestSuite.java:225)
	at org.apache.tools.ant.taskdefs.optional.junit.JUnitTestRunner.run(JUnitTestRunner.java:421)
	at org.apache.tools.ant.taskdefs.optional.junit.JUnitTestRunner.launch(JUnitTestRunner.java:912)
	at org.apache.tools.ant.taskdefs.optional.junit.JUnitTestRunner.main(JUnitTestRunner.java:766)
2011. 11. 17 오전 7:54:00 com.mongodb.DBTCPConnector fetchMaxBsonObjectSize
경고: Exception determining maxBSON size using0
java.io.IOException: couldn't connect to [/61.250.201.78:27017] bc:java.net.ConnectException: Connection timed out: connect
	at com.mongodb.DBPort._open(DBPort.java:224)
	at com.mongodb.DBPort.go(DBPort.java:101)
	at com.mongodb.DBPort.go(DBPort.java:82)
	at com.mongodb.DBPort.findOne(DBPort.java:142)
	at com.mongodb.DBPort.runCommand(DBPort.java:151)
	at com.mongodb.DBTCPConnector.fetchMaxBsonObjectSize(DBTCPConnector.java:429)
	at com.mongodb.Mongo.getMaxBsonObjectSize(Mongo.java:544)
	at com.mongodb.DBApiLayer$MyCollection.insert(DBApiLayer.java:244)
	at com.mongodb.DBApiLayer$MyCollection.createIndex(DBApiLayer.java:354)
	at com.mongodb.DBCollection.ensureIndex(DBCollection.java:444)
	at com.mongodb.DBCollection.ensureIndex(DBCollection.java:392)
	at net.ion.radon.repository.Workspace.createWorkspace(Workspace.java:64)
	at net.ion.radon.repository.Workspace.load(Workspace.java:43)
	at net.ion.radon.repository.Repository.getWorkspace(Repository.java:28)
	at net.ion.radon.repository.LocalSession.getCurrentWorkspace(LocalSession.java:147)
	at net.ion.radon.repository.LocalSession.dropWorkspace(LocalSession.java:76)
	at net.ion.radon.repository.TestBaseRepository.setUp(TestBaseRepository.java:17)
	at net.ion.radon.repository.TestQueryOperator.setUp(TestQueryOperator.java:19)
	at junit.framework.TestCase.runBare(TestCase.java:128)
	at junit.framework.TestResult$1.protect(TestResult.java:106)
	at junit.framework.TestResult.runProtected(TestResult.java:124)
	at junit.framework.TestResult.run(TestResult.java:109)
	at junit.framework.TestCase.run(TestCase.java:120)
	at junit.framework.TestSuite.runTest(TestSuite.java:230)
	at junit.framework.TestSuite.run(TestSuite.java:225)
	at junit.framework.TestSuite.runTest(TestSuite.java:230)
	at junit.framework.TestSuite.run(TestSuite.java:225)
	at junit.framework.TestSuite.runTest(TestSuite.java:230)
	at junit.framework.TestSuite.run(TestSuite.java:225)
	at junit.framework.TestSuite.runTest(TestSuite.java:230)
	at junit.framework.TestSuite.run(TestSuite.java:225)
	at org.apache.tools.ant.taskdefs.optional.junit.JUnitTestRunner.run(JUnitTestRunner.java:421)
	at org.apache.tools.ant.taskdefs.optional.junit.JUnitTestRunner.launch(JUnitTestRunner.java:912)
	at org.apache.tools.ant.taskdefs.optional.junit.JUnitTestRunner.main(JUnitTestRunner.java:766)
2011. 11. 17 오전 7:54:22 com.mongodb.DBTCPConnector fetchMaxBsonObjectSize
경고: Exception determining maxBSON size using0
java.io.IOException: couldn't connect to [/61.250.201.78:27017] bc:java.net.ConnectException: Connection timed out: connect
	at com.mongodb.DBPort._open(DBPort.java:224)
	at com.mongodb.DBPort.go(DBPort.java:101)
	at com.mongodb.DBPort.go(DBPort.java:82)
	at com.mongodb.DBPort.findOne(DBPort.java:142)
	at com.mongodb.DBPort.runCommand(DBPort.java:151)
	at com.mongodb.DBTCPConnector.fetchMaxBsonObjectSize(DBTCPConnector.java:429)
	at com.mongodb.DBTCPConnector.checkMaster(DBTCPConnector.java:416)
	at com.mongodb.DBTCPConnector.say(DBTCPConnector.java:139)
	at com.mongodb.DBTCPConnector.say(DBTCPConnector.java:132)
	at com.mongodb.DBApiLayer$MyCollection.insert(DBApiLayer.java:262)
	at com.mongodb.DBApiLayer$MyCollection.createIndex(DBApiLayer.java:354)
	at com.mongodb.DBCollection.ensureIndex(DBCollection.java:444)
	at com.mongodb.DBCollection.ensureIndex(DBCollection.java:392)
	at net.ion.radon.repository.Workspace.createWorkspace(Workspace.java:64)
	at net.ion.radon.repository.Workspace.load(Workspace.java:43)
	at net.ion.radon.repository.Repository.getWorkspace(Repository.java:28)
	at net.ion.radon.repository.LocalSession.getCurrentWorkspace(LocalSession.java:147)
	at net.ion.radon.repository.LocalSession.dropWorkspace(LocalSession.java:76)
	at net.ion.radon.repository.TestBaseRepository.setUp(TestBaseRepository.java:17)
	at net.ion.radon.repository.TestQueryOperator.setUp(TestQueryOperator.java:19)
	at junit.framework.TestCase.runBare(TestCase.java:128)
	at junit.framework.TestResult$1.protect(TestResult.java:106)
	at junit.framework.TestResult.runProtected(TestResult.java:124)
	at junit.framework.TestResult.run(TestResult.java:109)
	at junit.framework.TestCase.run(TestCase.java:120)
	at junit.framework.TestSuite.runTest(TestSuite.java:230)
	at junit.framework.TestSuite.run(TestSuite.java:225)
	at junit.framework.TestSuite.runTest(TestSuite.java:230)
	at junit.framework.TestSuite.run(TestSuite.java:225)
	at junit.framework.TestSuite.runTest(TestSuite.java:230)
	at junit.framework.TestSuite.run(TestSuite.java:225)
	at junit.framework.TestSuite.runTest(TestSuite.java:230)
	at junit.framework.TestSuite.run(TestSuite.java:225)
	at org.apache.tools.ant.taskdefs.optional.junit.JUnitTestRunner.run(JUnitTestRunner.java:421)
	at org.apache.tools.ant.taskdefs.optional.junit.JUnitTestRunner.launch(JUnitTestRunner.java:912)
	at org.apache.tools.ant.taskdefs.optional.junit.JUnitTestRunner.main(JUnitTestRunner.java:766)
2011. 11. 17 오전 7:54:42 com.mongodb.DBPortPool gotError
경고: emptying DBPortPool to 61.250.201.78:27017 b/c of error
java.io.IOException: couldn't connect to [/61.250.201.78:27017] bc:java.net.ConnectException: Connection timed out: connect
	at com.mongodb.DBPort._open(DBPort.java:224)
	at com.mongodb.DBPort.go(DBPort.java:101)
	at com.mongodb.DBPort.go(DBPort.java:82)
	at com.mongodb.DBPort.say(DBPort.java:77)
	at com.mongodb.DBTCPConnector.say(DBTCPConnector.java:146)
	at com.mongodb.DBTCPConnector.say(DBTCPConnector.java:132)
	at com.mongodb.DBApiLayer$MyCollection.insert(DBApiLayer.java:262)
	at com.mongodb.DBApiLayer$MyCollection.createIndex(DBApiLayer.java:354)
	at com.mongodb.DBCollection.ensureIndex(DBCollection.java:444)
	at com.mongodb.DBCollection.ensureIndex(DBCollection.java:392)
	at net.ion.radon.repository.Workspace.createWorkspace(Workspace.java:64)
	at net.ion.radon.repository.Workspace.load(Workspace.java:43)
	at net.ion.radon.repository.Repository.getWorkspace(Repository.java:28)
	at net.ion.radon.repository.LocalSession.getCurrentWorkspace(LocalSession.java:147)
	at net.ion.radon.repository.LocalSession.dropWorkspace(LocalSession.java:76)
	at net.ion.radon.repository.TestBaseRepository.setUp(TestBaseRepository.java:17)
	at net.ion.radon.repository.TestQueryOperator.setUp(TestQueryOperator.java:19)
	at junit.framework.TestCase.runBare(TestCase.java:128)
	at junit.framework.TestResult$1.protect(TestResult.java:106)
	at junit.framework.TestResult.runProtected(TestResult.java:124)
	at junit.framework.TestResult.run(TestResult.java:109)
	at junit.framework.TestCase.run(TestCase.java:120)
	at junit.framework.TestSuite.runTest(TestSuite.java:230)
	at junit.framework.TestSuite.run(TestSuite.java:225)
	at junit.framework.TestSuite.runTest(TestSuite.java:230)
	at junit.framework.TestSuite.run(TestSuite.java:225)
	at junit.framework.TestSuite.runTest(TestSuite.java:230)
	at junit.framework.TestSuite.run(TestSuite.java:225)
	at junit.framework.TestSuite.runTest(TestSuite.java:230)
	at junit.framework.TestSuite.run(TestSuite.java:225)
	at org.apache.tools.ant.taskdefs.optional.junit.JUnitTestRunner.run(JUnitTestRunner.java:421)
	at org.apache.tools.ant.taskdefs.optional.junit.JUnitTestRunner.launch(JUnitTestRunner.java:912)
	at org.apache.tools.ant.taskdefs.optional.junit.JUnitTestRunner.main(JUnitTestRunner.java:766)
2011. 11. 17 오전 7:55:04 com.mongodb.DBTCPConnector fetchMaxBsonObjectSize
경고: Exception determining maxBSON size using0
java.io.IOException: couldn't connect to [/61.250.201.78:27017] bc:java.net.ConnectException: Connection timed out: connect
	at com.mongodb.DBPort._open(DBPort.java:224)
	at com.mongodb.DBPort.go(DBPort.java:101)
	at com.mongodb.DBPort.go(DBPort.java:82)
	at com.mongodb.DBPort.findOne(DBPort.java:142)
	at com.mongodb.DBPort.runCommand(DBPort.java:151)
	at com.mongodb.DBTCPConnector.fetchMaxBsonObjectSize(DBTCPConnector.java:429)
	at com.mongodb.Mongo.getMaxBsonObjectSize(Mongo.java:544)
	at com.mongodb.DBApiLayer$MyCollection.insert(DBApiLayer.java:244)
	at com.mongodb.DBApiLayer$MyCollection.createIndex(DBApiLayer.java:354)
	at com.mongodb.DBCollection.ensureIndex(DBCollection.java:444)
	at com.mongodb.DBCollection.ensureIndex(DBCollection.java:392)
	at net.ion.radon.repository.Workspace.createWorkspace(Workspace.java:64)
	at net.ion.radon.repository.Workspace.load(Workspace.java:43)
	at net.ion.radon.repository.Repository.getWorkspace(Repository.java:28)
	at net.ion.radon.repository.LocalSession.getCurrentWorkspace(LocalSession.java:147)
	at net.ion.radon.repository.LocalSession.dropWorkspace(LocalSession.java:76)
	at net.ion.radon.repository.TestBaseRepository.setUp(TestBaseRepository.java:17)
	at net.ion.radon.repository.TestQueryOperator.setUp(TestQueryOperator.java:19)
	at junit.framework.TestCase.runBare(TestCase.java:128)
	at junit.framework.TestResult$1.protect(TestResult.java:106)
	at junit.framework.TestResult.runProtected(TestResult.java:124)
	at junit.framework.TestResult.run(TestResult.java:109)
	at junit.framework.TestCase.run(TestCase.java:120)
	at junit.framework.TestSuite.runTest(TestSuite.java:230)
	at junit.framework.TestSuite.run(TestSuite.java:225)
	at junit.framework.TestSuite.runTest(TestSuite.java:230)
	at junit.framework.TestSuite.run(TestSuite.java:225)
	at junit.framework.TestSuite.runTest(TestSuite.java:230)
	at junit.framework.TestSuite.run(TestSuite.java:225)
	at junit.framework.TestSuite.runTest(TestSuite.java:230)
	at junit.framework.TestSuite.run(TestSuite.java:225)
	at org.apache.tools.ant.taskdefs.optional.junit.JUnitTestRunner.run(JUnitTestRunner.java:421)
	at org.apache.tools.ant.taskdefs.optional.junit.JUnitTestRunner.launch(JUnitTestRunner.java:912)
	at org.apache.tools.ant.taskdefs.optional.junit.JUnitTestRunner.main(JUnitTestRunner.java:766)
2011. 11. 17 오전 7:55:25 com.mongodb.DBTCPConnector fetchMaxBsonObjectSize
경고: Exception determining maxBSON size using0
java.io.IOException: couldn't connect to [/61.250.201.78:27017] bc:java.net.ConnectException: Connection timed out: connect
	at com.mongodb.DBPort._open(DBPort.java:224)
	at com.mongodb.DBPort.go(DBPort.java:101)
	at com.mongodb.DBPort.go(DBPort.java:82)
	at com.mongodb.DBPort.findOne(DBPort.java:142)
	at com.mongodb.DBPort.runCommand(DBPort.java:151)
	at com.mongodb.DBTCPConnector.fetchMaxBsonObjectSize(DBTCPConnector.java:429)
	at com.mongodb.DBTCPConnector.checkMaster(DBTCPConnector.java:416)
	at com.mongodb.DBTCPConnector.say(DBTCPConnector.java:139)
	at com.mongodb.DBTCPConnector.say(DBTCPConnector.java:132)
	at com.mongodb.DBApiLayer$MyCollection.insert(DBApiLayer.java:262)
	at com.mongodb.DBApiLayer$MyCollection.createIndex(DBApiLayer.java:354)
	at com.mongodb.DBCollection.ensureIndex(DBCollection.java:444)
	at com.mongodb.DBCollection.ensureIndex(DBCollection.java:392)
	at net.ion.radon.repository.Workspace.createWorkspace(Workspace.java:64)
	at net.ion.radon.repository.Workspace.load(Workspace.java:43)
	at net.ion.radon.repository.Repository.getWorkspace(Repository.java:28)
	at net.ion.radon.repository.LocalSession.getCurrentWorkspace(LocalSession.java:147)
	at net.ion.radon.repository.LocalSession.dropWorkspace(LocalSession.java:76)
	at net.ion.radon.repository.TestBaseRepository.setUp(TestBaseRepository.java:17)
	at net.ion.radon.repository.TestQueryOperator.setUp(TestQueryOperator.java:19)
	at junit.framework.TestCase.runBare(TestCase.java:128)
	at junit.framework.TestResult$1.protect(TestResult.java:106)
	at junit.framework.TestResult.runProtected(TestResult.java:124)
	at junit.framework.TestResult.run(TestResult.java:109)
	at junit.framework.TestCase.run(TestCase.java:120)
	at junit.framework.TestSuite.runTest(TestSuite.java:230)
	at junit.framework.TestSuite.run(TestSuite.java:225)
	at junit.framework.TestSuite.runTest(TestSuite.java:230)
	at junit.framework.TestSuite.run(TestSuite.java:225)
	at junit.framework.TestSuite.runTest(TestSuite.java:230)
	at junit.framework.TestSuite.run(TestSuite.java:225)
	at junit.framework.TestSuite.runTest(TestSuite.java:230)
	at junit.framework.TestSuite.run(TestSuite.java:225)
	at org.apache.tools.ant.taskdefs.optional.junit.JUnitTestRunner.run(JUnitTestRunner.java:421)
	at org.apache.tools.ant.taskdefs.optional.junit.JUnitTestRunner.launch(JUnitTestRunner.java:912)
	at org.apache.tools.ant.taskdefs.optional.junit.JUnitTestRunner.main(JUnitTestRunner.java:766)
2011. 11. 17 오전 7:55:46 com.mongodb.DBPortPool gotError
경고: emptying DBPortPool to 61.250.201.78:27017 b/c of error
java.io.IOException: couldn't connect to [/61.250.201.78:27017] bc:java.net.ConnectException: Connection timed out: connect
	at com.mongodb.DBPort._open(DBPort.java:224)
	at com.mongodb.DBPort.go(DBPort.java:101)
	at com.mongodb.DBPort.go(DBPort.java:82)
	at com.mongodb.DBPort.say(DBPort.java:77)
	at com.mongodb.DBTCPConnector.say(DBTCPConnector.java:146)
	at com.mongodb.DBTCPConnector.say(DBTCPConnector.java:132)
	at com.mongodb.DBApiLayer$MyCollection.insert(DBApiLayer.java:262)
	at com.mongodb.DBApiLayer$MyCollection.createIndex(DBApiLayer.java:354)
	at com.mongodb.DBCollection.ensureIndex(DBCollection.java:444)
	at com.mongodb.DBCollection.ensureIndex(DBCollection.java:392)
	at net.ion.radon.repository.Workspace.createWorkspace(Workspace.java:64)
	at net.ion.radon.repository.Workspace.load(Workspace.java:43)
	at net.ion.radon.repository.Repository.getWorkspace(Repository.java:28)
	at net.ion.radon.repository.LocalSession.getCurrentWorkspace(LocalSession.java:147)
	at net.ion.radon.repository.LocalSession.dropWorkspace(LocalSession.java:76)
	at net.ion.radon.repository.TestBaseRepository.setUp(TestBaseRepository.java:17)
	at net.ion.radon.repository.TestQueryOperator.setUp(TestQueryOperator.java:19)
	at junit.framework.TestCase.runBare(TestCase.java:128)
	at junit.framework.TestResult$1.protect(TestResult.java:106)
	at junit.framework.TestResult.runProtected(TestResult.java:124)
	at junit.framework.TestResult.run(TestResult.java:109)
	at junit.framework.TestCase.run(TestCase.java:120)
	at junit.framework.TestSuite.runTest(TestSuite.java:230)
	at junit.framework.TestSuite.run(TestSuite.java:225)
	at junit.framework.TestSuite.runTest(TestSuite.java:230)
	at junit.framework.TestSuite.run(TestSuite.java:225)
	at junit.framework.TestSuite.runTest(TestSuite.java:230)
	at junit.framework.TestSuite.run(TestSuite.java:225)
	at junit.framework.TestSuite.runTest(TestSuite.java:230)
	at junit.framework.TestSuite.run(TestSuite.java:225)
	at org.apache.tools.ant.taskdefs.optional.junit.JUnitTestRunner.run(JUnitTestRunner.java:421)
	at org.apache.tools.ant.taskdefs.optional.junit.JUnitTestRunner.launch(JUnitTestRunner.java:912)
	at org.apache.tools.ant.taskdefs.optional.junit.JUnitTestRunner.main(JUnitTestRunner.java:766)
2011. 11. 17 오전 7:56:07 com.mongodb.DBTCPConnector fetchMaxBsonObjectSize
경고: Exception determining maxBSON size using0
java.io.IOException: couldn't connect to [/61.250.201.78:27017] bc:java.net.ConnectException: Connection timed out: connect
	at com.mongodb.DBPort._open(DBPort.java:224)
	at com.mongodb.DBPort.go(DBPort.java:101)
	at com.mongodb.DBPort.go(DBPort.java:82)
	at com.mongodb.DBPort.findOne(DBPort.java:142)
	at com.mongodb.DBPort.runCommand(DBPort.java:151)
	at com.mongodb.DBTCPConnector.fetchMaxBsonObjectSize(DBTCPConnector.java:429)
	at com.mongodb.Mongo.getMaxBsonObjectSize(Mongo.java:544)
	at com.mongodb.DBApiLayer$MyCollection.insert(DBApiLayer.java:244)
	at com.mongodb.DBApiLayer$MyCollection.createIndex(DBApiLayer.java:354)
	at com.mongodb.DBCollection.ensureIndex(DBCollection.java:444)
	at com.mongodb.DBCollection.ensureIndex(DBCollection.java:392)
	at net.ion.radon.repository.Workspace.createWorkspace(Workspace.java:64)
	at net.ion.radon.repository.Workspace.load(Workspace.java:43)
	at net.ion.radon.repository.Repository.getWorkspace(Repository.java:28)
	at net.ion.radon.repository.LocalSession.getCurrentWorkspace(LocalSession.java:147)
	at net.ion.radon.repository.LocalSession.dropWorkspace(LocalSession.java:76)
	at net.ion.radon.repository.TestBaseRepository.setUp(TestBaseRepository.java:17)
	at net.ion.radon.repository.TestQueryOperator.setUp(TestQueryOperator.java:19)
	at junit.framework.TestCase.runBare(TestCase.java:128)
	at junit.framework.TestResult$1.protect(TestResult.java:106)
	at junit.framework.TestResult.runProtected(TestResult.java:124)
	at junit.framework.TestResult.run(TestResult.java:109)
	at junit.framework.TestCase.run(TestCase.java:120)
	at junit.framework.TestSuite.runTest(TestSuite.java:230)
	at junit.framework.TestSuite.run(TestSuite.java:225)
	at junit.framework.TestSuite.runTest(TestSuite.java:230)
	at junit.framework.TestSuite.run(TestSuite.java:225)
	at junit.framework.TestSuite.runTest(TestSuite.java:230)
	at junit.framework.TestSuite.run(TestSuite.java:225)
	at junit.framework.TestSuite.runTest(TestSuite.java:230)
	at junit.framework.TestSuite.run(TestSuite.java:225)
	at org.apache.tools.ant.taskdefs.optional.junit.JUnitTestRunner.run(JUnitTestRunner.java:421)
	at org.apache.tools.ant.taskdefs.optional.junit.JUnitTestRunner.launch(JUnitTestRunner.java:912)
	at org.apache.tools.ant.taskdefs.optional.junit.JUnitTestRunner.main(JUnitTestRunner.java:766)
2011. 11. 17 오전 7:56:28 com.mongodb.DBTCPConnector fetchMaxBsonObjectSize
경고: Exception determining maxBSON size using0
java.io.IOException: couldn't connect to [/61.250.201.78:27017] bc:java.net.ConnectException: Connection timed out: connect
	at com.mongodb.DBPort._open(DBPort.java:224)
	at com.mongodb.DBPort.go(DBPort.java:101)
	at com.mongodb.DBPort.go(DBPort.java:82)
	at com.mongodb.DBPort.findOne(DBPort.java:142)
	at com.mongodb.DBPort.runCommand(DBPort.java:151)
	at com.mongodb.DBTCPConnector.fetchMaxBsonObjectSize(DBTCPConnector.java:429)
	at com.mongodb.DBTCPConnector.checkMaster(DBTCPConnector.java:416)
	at com.mongodb.DBTCPConnector.say(DBTCPConnector.java:139)
	at com.mongodb.DBTCPConnector.say(DBTCPConnector.java:132)
	at com.mongodb.DBApiLayer$MyCollection.insert(DBApiLayer.java:262)
	at com.mongodb.DBApiLayer$MyCollection.createIndex(DBApiLayer.java:354)
	at com.mongodb.DBCollection.ensureIndex(DBCollection.java:444)
	at com.mongodb.DBCollection.ensureIndex(DBCollection.java:392)
	at net.ion.radon.repository.Workspace.createWorkspace(Workspace.java:64)
	at net.ion.radon.repository.Workspace.load(Workspace.java:43)
	at net.ion.radon.repository.Repository.getWorkspace(Repository.java:28)
	at net.ion.radon.repository.LocalSession.getCurrentWorkspace(LocalSession.java:147)
	at net.ion.radon.repository.LocalSession.dropWorkspace(LocalSession.java:76)
	at net.ion.radon.repository.TestBaseRepository.setUp(TestBaseRepository.java:17)
	at net.ion.radon.repository.TestQueryOperator.setUp(TestQueryOperator.java:19)
	at junit.framework.TestCase.runBare(TestCase.java:128)
	at junit.framework.TestResult$1.protect(TestResult.java:106)
	at junit.framework.TestResult.runProtected(TestResult.java:124)
	at junit.framework.TestResult.run(TestResult.java:109)
	at junit.framework.TestCase.run(TestCase.java:120)
	at junit.framework.TestSuite.runTest(TestSuite.java:230)
	at junit.framework.TestSuite.run(TestSuite.java:225)
	at junit.framework.TestSuite.runTest(TestSuite.java:230)
	at junit.framework.TestSuite.run(TestSuite.java:225)
	at junit.framework.TestSuite.runTest(TestSuite.java:230)
	at junit.framework.TestSuite.run(TestSuite.java:225)
	at junit.framework.TestSuite.runTest(TestSuite.java:230)
	at junit.framework.TestSuite.run(TestSuite.java:225)
	at org.apache.tools.ant.taskdefs.optional.junit.JUnitTestRunner.run(JUnitTestRunner.java:421)
	at org.apache.tools.ant.taskdefs.optional.junit.JUnitTestRunner.launch(JUnitTestRunner.java:912)
	at org.apache.tools.ant.taskdefs.optional.junit.JUnitTestRunner.main(JUnitTestRunner.java:766)
2011. 11. 17 오전 7:56:49 com.mongodb.DBPortPool gotError
경고: emptying DBPortPool to 61.250.201.78:27017 b/c of error
java.io.IOException: couldn't connect to [/61.250.201.78:27017] bc:java.net.ConnectException: Connection timed out: connect
	at com.mongodb.DBPort._open(DBPort.java:224)
	at com.mongodb.DBPort.go(DBPort.java:101)
	at com.mongodb.DBPort.go(DBPort.java:82)
	at com.mongodb.DBPort.say(DBPort.java:77)
	at com.mongodb.DBTCPConnector.say(DBTCPConnector.java:146)
	at com.mongodb.DBTCPConnector.say(DBTCPConnector.java:132)
	at com.mongodb.DBApiLayer$MyCollection.insert(DBApiLayer.java:262)
	at com.mongodb.DBApiLayer$MyCollection.createIndex(DBApiLayer.java:354)
	at com.mongodb.DBCollection.ensureIndex(DBCollection.java:444)
	at com.mongodb.DBCollection.ensureIndex(DBCollection.java:392)
	at net.ion.radon.repository.Workspace.createWorkspace(Workspace.java:64)
	at net.ion.radon.repository.Workspace.load(Workspace.java:43)
	at net.ion.radon.repository.Repository.getWorkspace(Repository.java:28)
	at net.ion.radon.repository.LocalSession.getCurrentWorkspace(LocalSession.java:147)
	at net.ion.radon.repository.LocalSession.dropWorkspace(LocalSession.java:76)
	at net.ion.radon.repository.TestBaseRepository.setUp(TestBaseRepository.java:17)
	at net.ion.radon.repository.TestQueryOperator.setUp(TestQueryOperator.java:19)
	at junit.framework.TestCase.runBare(TestCase.java:128)
	at junit.framework.TestResult$1.protect(TestResult.java:106)
	at junit.framework.TestResult.runProtected(TestResult.java:124)
	at junit.framework.TestResult.run(TestResult.java:109)
	at junit.framework.TestCase.run(TestCase.java:120)
	at junit.framework.TestSuite.runTest(TestSuite.java:230)
	at junit.framework.TestSuite.run(TestSuite.java:225)
	at junit.framework.TestSuite.runTest(TestSuite.java:230)
	at junit.framework.TestSuite.run(TestSuite.java:225)
	at junit.framework.TestSuite.runTest(TestSuite.java:230)
	at junit.framework.TestSuite.run(TestSuite.java:225)
	at junit.framework.TestSuite.runTest(TestSuite.java:230)
	at junit.framework.TestSuite.run(TestSuite.java:225)
	at org.apache.tools.ant.taskdefs.optional.junit.JUnitTestRunner.run(JUnitTestRunner.java:421)
	at org.apache.tools.ant.taskdefs.optional.junit.JUnitTestRunner.launch(JUnitTestRunner.java:912)
	at org.apache.tools.ant.taskdefs.optional.junit.JUnitTestRunner.main(JUnitTestRunner.java:766)
2011. 11. 17 오전 7:57:10 com.mongodb.DBTCPConnector fetchMaxBsonObjectSize
경고: Exception determining maxBSON size using0
java.io.IOException: couldn't connect to [/61.250.201.78:27017] bc:java.net.ConnectException: Connection timed out: connect
	at com.mongodb.DBPort._open(DBPort.java:224)
	at com.mongodb.DBPort.go(DBPort.java:101)
	at com.mongodb.DBPort.go(DBPort.java:82)
	at com.mongodb.DBPort.findOne(DBPort.java:142)
	at com.mongodb.DBPort.runCommand(DBPort.java:151)
	at com.mongodb.DBTCPConnector.fetchMaxBsonObjectSize(DBTCPConnector.java:429)
	at com.mongodb.Mongo.getMaxBsonObjectSize(Mongo.java:544)
	at com.mongodb.DBApiLayer$MyCollection.insert(DBApiLayer.java:244)
	at com.mongodb.DBApiLayer$MyCollection.createIndex(DBApiLayer.java:354)
	at com.mongodb.DBCollection.ensureIndex(DBCollection.java:444)
	at com.mongodb.DBCollection.ensureIndex(DBCollection.java:392)
	at net.ion.radon.repository.Workspace.createWorkspace(Workspace.java:64)
	at net.ion.radon.repository.Workspace.load(Workspace.java:43)
	at net.ion.radon.repository.Repository.getWorkspace(Repository.java:28)
	at net.ion.radon.repository.LocalSession.getCurrentWorkspace(LocalSession.java:147)
	at net.ion.radon.repository.LocalSession.dropWorkspace(LocalSession.java:76)
	at net.ion.radon.repository.TestBaseRepository.setUp(TestBaseRepository.java:17)
	at net.ion.radon.repository.TestQueryOperator.setUp(TestQueryOperator.java:19)
	at junit.framework.TestCase.runBare(TestCase.java:128)
	at junit.framework.TestResult$1.protect(TestResult.java:106)
	at junit.framework.TestResult.runProtected(TestResult.java:124)
	at junit.framework.TestResult.run(TestResult.java:109)
	at junit.framework.TestCase.run(TestCase.java:120)
	at junit.framework.TestSuite.runTest(TestSuite.java:230)
	at junit.framework.TestSuite.run(TestSuite.java:225)
	at junit.framework.TestSuite.runTest(TestSuite.java:230)
	at junit.framework.TestSuite.run(TestSuite.java:225)
	at junit.framework.TestSuite.runTest(TestSuite.java:230)
	at junit.framework.TestSuite.run(TestSuite.java:225)
	at junit.framework.TestSuite.runTest(TestSuite.java:230)
	at junit.framework.TestSuite.run(TestSuite.java:225)
	at org.apache.tools.ant.taskdefs.optional.junit.JUnitTestRunner.run(JUnitTestRunner.java:421)
	at org.apache.tools.ant.taskdefs.optional.junit.JUnitTestRunner.launch(JUnitTestRunner.java:912)
	at org.apache.tools.ant.taskdefs.optional.junit.JUnitTestRunner.main(JUnitTestRunner.java:766)
2011. 11. 17 오전 7:57:31 com.mongodb.DBTCPConnector fetchMaxBsonObjectSize
경고: Exception determining maxBSON size using0
java.io.IOException: couldn't connect to [/61.250.201.78:27017] bc:java.net.ConnectException: Connection timed out: connect
	at com.mongodb.DBPort._open(DBPort.java:224)
	at com.mongodb.DBPort.go(DBPort.java:101)
	at com.mongodb.DBPort.go(DBPort.java:82)
	at com.mongodb.DBPort.findOne(DBPort.java:142)
	at com.mongodb.DBPort.runCommand(DBPort.java:151)
	at com.mongodb.DBTCPConnector.fetchMaxBsonObjectSize(DBTCPConnector.java:429)
	at com.mongodb.DBTCPConnector.checkMaster(DBTCPConnector.java:416)
	at com.mongodb.DBTCPConnector.say(DBTCPConnector.java:139)
	at com.mongodb.DBTCPConnector.say(DBTCPConnector.java:132)
	at com.mongodb.DBApiLayer$MyCollection.insert(DBApiLayer.java:262)
	at com.mongodb.DBApiLayer$MyCollection.createIndex(DBApiLayer.java:354)
	at com.mongodb.DBCollection.ensureIndex(DBCollection.java:444)
	at com.mongodb.DBCollection.ensureIndex(DBCollection.java:392)
	at net.ion.radon.repository.Workspace.createWorkspace(Workspace.java:64)
	at net.ion.radon.repository.Workspace.load(Workspace.java:43)
	at net.ion.radon.repository.Repository.getWorkspace(Repository.java:28)
	at net.ion.radon.repository.LocalSession.getCurrentWorkspace(LocalSession.java:147)
	at net.ion.radon.repository.LocalSession.dropWorkspace(LocalSession.java:76)
	at net.ion.radon.repository.TestBaseRepository.setUp(TestBaseRepository.java:17)
	at net.ion.radon.repository.TestQueryOperator.setUp(TestQueryOperator.java:19)
	at junit.framework.TestCase.runBare(TestCase.java:128)
	at junit.framework.TestResult$1.protect(TestResult.java:106)
	at junit.framework.TestResult.runProtected(TestResult.java:124)
	at junit.framework.TestResult.run(TestResult.java:109)
	at junit.framework.TestCase.run(TestCase.java:120)
	at junit.framework.TestSuite.runTest(TestSuite.java:230)
	at junit.framework.TestSuite.run(TestSuite.java:225)
	at junit.framework.TestSuite.runTest(TestSuite.java:230)
	at junit.framework.TestSuite.run(TestSuite.java:225)
	at junit.framework.TestSuite.runTest(TestSuite.java:230)
	at junit.framework.TestSuite.run(TestSuite.java:225)
	at junit.framework.TestSuite.runTest(TestSuite.java:230)
	at junit.framework.TestSuite.run(TestSuite.java:225)
	at org.apache.tools.ant.taskdefs.optional.junit.JUnitTestRunner.run(JUnitTestRunner.java:421)
	at org.apache.tools.ant.taskdefs.optional.junit.JUnitTestRunner.launch(JUnitTestRunner.java:912)
	at org.apache.tools.ant.taskdefs.optional.junit.JUnitTestRunner.main(JUnitTestRunner.java:766)
2011. 11. 17 오전 7:57:52 com.mongodb.DBPortPool gotError
경고: emptying DBPortPool to 61.250.201.78:27017 b/c of error
java.io.IOException: couldn't connect to [/61.250.201.78:27017] bc:java.net.ConnectException: Connection timed out: connect
	at com.mongodb.DBPort._open(DBPort.java:224)
	at com.mongodb.DBPort.go(DBPort.java:101)
	at com.mongodb.DBPort.go(DBPort.java:82)
	at com.mongodb.DBPort.say(DBPort.java:77)
	at com.mongodb.DBTCPConnector.say(DBTCPConnector.java:146)
	at com.mongodb.DBTCPConnector.say(DBTCPConnector.java:132)
	at com.mongodb.DBApiLayer$MyCollection.insert(DBApiLayer.java:262)
	at com.mongodb.DBApiLayer$MyCollection.createIndex(DBApiLayer.java:354)
	at com.mongodb.DBCollection.ensureIndex(DBCollection.java:444)
	at com.mongodb.DBCollection.ensureIndex(DBCollection.java:392)
	at net.ion.radon.repository.Workspace.createWorkspace(Workspace.java:64)
	at net.ion.radon.repository.Workspace.load(Workspace.java:43)
	at net.ion.radon.repository.Repository.getWorkspace(Repository.java:28)
	at net.ion.radon.repository.LocalSession.getCurrentWorkspace(LocalSession.java:147)
	at net.ion.radon.repository.LocalSession.dropWorkspace(LocalSession.java:76)
	at net.ion.radon.repository.TestBaseRepository.setUp(TestBaseRepository.java:17)
	at net.ion.radon.repository.TestQueryOperator.setUp(TestQueryOperator.java:19)
	at junit.framework.TestCase.runBare(TestCase.java:128)
	at junit.framework.TestResult$1.protect(TestResult.java:106)
	at junit.framework.TestResult.runProtected(TestResult.java:124)
	at junit.framework.TestResult.run(TestResult.java:109)
	at junit.framework.TestCase.run(TestCase.java:120)
	at junit.framework.TestSuite.runTest(TestSuite.java:230)
	at junit.framework.TestSuite.run(TestSuite.java:225)
	at junit.framework.TestSuite.runTest(TestSuite.java:230)
	at junit.framework.TestSuite.run(TestSuite.java:225)
	at junit.framework.TestSuite.runTest(TestSuite.java:230)
	at junit.framework.TestSuite.run(TestSuite.java:225)
	at junit.framework.TestSuite.runTest(TestSuite.java:230)
	at junit.framework.TestSuite.run(TestSuite.java:225)
	at org.apache.tools.ant.taskdefs.optional.junit.JUnitTestRunner.run(JUnitTestRunner.java:421)
	at org.apache.tools.ant.taskdefs.optional.junit.JUnitTestRunner.launch(JUnitTestRunner.java:912)
	at org.apache.tools.ant.taskdefs.optional.junit.JUnitTestRunner.main(JUnitTestRunner.java:766)
2011. 11. 17 오전 7:58:13 com.mongodb.DBTCPConnector fetchMaxBsonObjectSize
경고: Exception determining maxBSON size using0
java.io.IOException: couldn't connect to [/61.250.201.78:27017] bc:java.net.ConnectException: Connection timed out: connect
	at com.mongodb.DBPort._open(DBPort.java:224)
	at com.mongodb.DBPort.go(DBPort.java:101)
	at com.mongodb.DBPort.go(DBPort.java:82)
	at com.mongodb.DBPort.findOne(DBPort.java:142)
	at com.mongodb.DBPort.runCommand(DBPort.java:151)
	at com.mongodb.DBTCPConnector.fetchMaxBsonObjectSize(DBTCPConnector.java:429)
	at com.mongodb.Mongo.getMaxBsonObjectSize(Mongo.java:544)
	at com.mongodb.DBApiLayer$MyCollection.insert(DBApiLayer.java:244)
	at com.mongodb.DBApiLayer$MyCollection.createIndex(DBApiLayer.java:354)
	at com.mongodb.DBCollection.ensureIndex(DBCollection.java:444)
	at com.mongodb.DBCollection.ensureIndex(DBCollection.java:392)
	at net.ion.radon.repository.Workspace.createWorkspace(Workspace.java:64)
	at net.ion.radon.repository.Workspace.load(Workspace.java:43)
	at net.ion.radon.repository.Repository.getWorkspace(Repository.java:28)
	at net.ion.radon.repository.LocalSession.getCurrentWorkspace(LocalSession.java:147)
	at net.ion.radon.repository.LocalSession.dropWorkspace(LocalSession.java:76)
	at net.ion.radon.repository.TestBaseRepository.setUp(TestBaseRepository.java:17)
	at net.ion.radon.repository.TestQueryOperator.setUp(TestQueryOperator.java:19)
	at junit.framework.TestCase.runBare(TestCase.java:128)
	at junit.framework.TestResult$1.protect(TestResult.java:106)
	at junit.framework.TestResult.runProtected(TestResult.java:124)
	at junit.framework.TestResult.run(TestResult.java:109)
	at junit.framework.TestCase.run(TestCase.java:120)
	at junit.framework.TestSuite.runTest(TestSuite.java:230)
	at junit.framework.TestSuite.run(TestSuite.java:225)
	at junit.framework.TestSuite.runTest(TestSuite.java:230)
	at junit.framework.TestSuite.run(TestSuite.java:225)
	at junit.framework.TestSuite.runTest(TestSuite.java:230)
	at junit.framework.TestSuite.run(TestSuite.java:225)
	at junit.framework.TestSuite.runTest(TestSuite.java:230)
	at junit.framework.TestSuite.run(TestSuite.java:225)
	at org.apache.tools.ant.taskdefs.optional.junit.JUnitTestRunner.run(JUnitTestRunner.java:421)
	at org.apache.tools.ant.taskdefs.optional.junit.JUnitTestRunner.launch(JUnitTestRunner.java:912)
	at org.apache.tools.ant.taskdefs.optional.junit.JUnitTestRunner.main(JUnitTestRunner.java:766)
2011. 11. 17 오전 7:58:34 com.mongodb.DBTCPConnector fetchMaxBsonObjectSize
경고: Exception determining maxBSON size using0
java.io.IOException: couldn't connect to [/61.250.201.78:27017] bc:java.net.ConnectException: Connection timed out: connect
	at com.mongodb.DBPort._open(DBPort.java:224)
	at com.mongodb.DBPort.go(DBPort.java:101)
	at com.mongodb.DBPort.go(DBPort.java:82)
	at com.mongodb.DBPort.findOne(DBPort.java:142)
	at com.mongodb.DBPort.runCommand(DBPort.java:151)
	at com.mongodb.DBTCPConnector.fetchMaxBsonObjectSize(DBTCPConnector.java:429)
	at com.mongodb.DBTCPConnector.checkMaster(DBTCPConnector.java:416)
	at com.mongodb.DBTCPConnector.say(DBTCPConnector.java:139)
	at com.mongodb.DBTCPConnector.say(DBTCPConnector.java:132)
	at com.mongodb.DBApiLayer$MyCollection.insert(DBApiLayer.java:262)
	at com.mongodb.DBApiLayer$MyCollection.createIndex(DBApiLayer.java:354)
	at com.mongodb.DBCollection.ensureIndex(DBCollection.java:444)
	at com.mongodb.DBCollection.ensureIndex(DBCollection.java:392)
	at net.ion.radon.repository.Workspace.createWorkspace(Workspace.java:64)
	at net.ion.radon.repository.Workspace.load(Workspace.java:43)
	at net.ion.radon.repository.Repository.getWorkspace(Repository.java:28)
	at net.ion.radon.repository.LocalSession.getCurrentWorkspace(LocalSession.java:147)
	at net.ion.radon.repository.LocalSession.dropWorkspace(LocalSession.java:76)
	at net.ion.radon.repository.TestBaseRepository.setUp(TestBaseRepository.java:17)
	at net.ion.radon.repository.TestQueryOperator.setUp(TestQueryOperator.java:19)
	at junit.framework.TestCase.runBare(TestCase.java:128)
	at junit.framework.TestResult$1.protect(TestResult.java:106)
	at junit.framework.TestResult.runProtected(TestResult.java:124)
	at junit.framework.TestResult.run(TestResult.java:109)
	at junit.framework.TestCase.run(TestCase.java:120)
	at junit.framework.TestSuite.runTest(TestSuite.java:230)
	at junit.framework.TestSuite.run(TestSuite.java:225)
	at junit.framework.TestSuite.runTest(TestSuite.java:230)
	at junit.framework.TestSuite.run(TestSuite.java:225)
	at junit.framework.TestSuite.runTest(TestSuite.java:230)
	at junit.framework.TestSuite.run(TestSuite.java:225)
	at junit.framework.TestSuite.runTest(TestSuite.java:230)
	at junit.framework.TestSuite.run(TestSuite.java:225)
	at org.apache.tools.ant.taskdefs.optional.junit.JUnitTestRunner.run(JUnitTestRunner.java:421)
	at org.apache.tools.ant.taskdefs.optional.junit.JUnitTestRunner.launch(JUnitTestRunner.java:912)
	at org.apache.tools.ant.taskdefs.optional.junit.JUnitTestRunner.main(JUnitTestRunner.java:766)
2011. 11. 17 오전 7:58:55 com.mongodb.DBPortPool gotError
경고: emptying DBPortPool to 61.250.201.78:27017 b/c of error
java.io.IOException: couldn't connect to [/61.250.201.78:27017] bc:java.net.ConnectException: Connection timed out: connect
	at com.mongodb.DBPort._open(DBPort.java:224)
	at com.mongodb.DBPort.go(DBPort.java:101)
	at com.mongodb.DBPort.go(DBPort.java:82)
	at com.mongodb.DBPort.say(DBPort.java:77)
	at com.mongodb.DBTCPConnector.say(DBTCPConnector.java:146)
	at com.mongodb.DBTCPConnector.say(DBTCPConnector.java:132)
	at com.mongodb.DBApiLayer$MyCollection.insert(DBApiLayer.java:262)
	at com.mongodb.DBApiLayer$MyCollection.createIndex(DBApiLayer.java:354)
	at com.mongodb.DBCollection.ensureIndex(DBCollection.java:444)
	at com.mongodb.DBCollection.ensureIndex(DBCollection.java:392)
	at net.ion.radon.repository.Workspace.createWorkspace(Workspace.java:64)
	at net.ion.radon.repository.Workspace.load(Workspace.java:43)
	at net.ion.radon.repository.Repository.getWorkspace(Repository.java:28)
	at net.ion.radon.repository.LocalSession.getCurrentWorkspace(LocalSession.java:147)
	at net.ion.radon.repository.LocalSession.dropWorkspace(LocalSession.java:76)
	at net.ion.radon.repository.TestBaseRepository.setUp(TestBaseRepository.java:17)
	at net.ion.radon.repository.TestQueryOperator.setUp(TestQueryOperator.java:19)
	at junit.framework.TestCase.runBare(TestCase.java:128)
	at junit.framework.TestResult$1.protect(TestResult.java:106)
	at junit.framework.TestResult.runProtected(TestResult.java:124)
	at junit.framework.TestResult.run(TestResult.java:109)
	at junit.framework.TestCase.run(TestCase.java:120)
	at junit.framework.TestSuite.runTest(TestSuite.java:230)
	at junit.framework.TestSuite.run(TestSuite.java:225)
	at junit.framework.TestSuite.runTest(TestSuite.java:230)
	at junit.framework.TestSuite.run(TestSuite.java:225)
	at junit.framework.TestSuite.runTest(TestSuite.java:230)
	at junit.framework.TestSuite.run(TestSuite.java:225)
	at junit.framework.TestSuite.runTest(TestSuite.java:230)
	at junit.framework.TestSuite.run(TestSuite.java:225)
	at org.apache.tools.ant.taskdefs.optional.junit.JUnitTestRunner.run(JUnitTestRunner.java:421)
	at org.apache.tools.ant.taskdefs.optional.junit.JUnitTestRunner.launch(JUnitTestRunner.java:912)
	at org.apache.tools.ant.taskdefs.optional.junit.JUnitTestRunner.main(JUnitTestRunner.java:766)
2011. 11. 17 오전 7:59:16 com.mongodb.DBTCPConnector fetchMaxBsonObjectSize
경고: Exception determining maxBSON size using0
java.io.IOException: couldn't connect to [/61.250.201.78:27017] bc:java.net.ConnectException: Connection timed out: connect
	at com.mongodb.DBPort._open(DBPort.java:224)
	at com.mongodb.DBPort.go(DBPort.java:101)
	at com.mongodb.DBPort.go(DBPort.java:82)
	at com.mongodb.DBPort.findOne(DBPort.java:142)
	at com.mongodb.DBPort.runCommand(DBPort.java:151)
	at com.mongodb.DBTCPConnector.fetchMaxBsonObjectSize(DBTCPConnector.java:429)
	at com.mongodb.Mongo.getMaxBsonObjectSize(Mongo.java:544)
	at com.mongodb.DBApiLayer$MyCollection.insert(DBApiLayer.java:244)
	at com.mongodb.DBApiLayer$MyCollection.createIndex(DBApiLayer.java:354)
	at com.mongodb.DBCollection.ensureIndex(DBCollection.java:444)
	at com.mongodb.DBCollection.ensureIndex(DBCollection.java:392)
	at net.ion.radon.repository.Workspace.createWorkspace(Workspace.java:64)
	at net.ion.radon.repository.Workspace.load(Workspace.java:43)
	at net.ion.radon.repository.Repository.getWorkspace(Repository.java:28)
	at net.ion.radon.repository.LocalSession.getCurrentWorkspace(LocalSession.java:147)
	at net.ion.radon.repository.LocalSession.dropWorkspace(LocalSession.java:76)
	at net.ion.radon.repository.TestBaseRepository.setUp(TestBaseRepository.java:17)
	at net.ion.radon.repository.TestQueryOperator.setUp(TestQueryOperator.java:19)
	at junit.framework.TestCase.runBare(TestCase.java:128)
	at junit.framework.TestResult$1.protect(TestResult.java:106)
	at junit.framework.TestResult.runProtected(TestResult.java:124)
	at junit.framework.TestResult.run(TestResult.java:109)
	at junit.framework.TestCase.run(TestCase.java:120)
	at junit.framework.TestSuite.runTest(TestSuite.java:230)
	at junit.framework.TestSuite.run(TestSuite.java:225)
	at junit.framework.TestSuite.runTest(TestSuite.java:230)
	at junit.framework.TestSuite.run(TestSuite.java:225)
	at junit.framework.TestSuite.runTest(TestSuite.java:230)
	at junit.framework.TestSuite.run(TestSuite.java:225)
	at junit.framework.TestSuite.runTest(TestSuite.java:230)
	at junit.framework.TestSuite.run(TestSuite.java:225)
	at org.apache.tools.ant.taskdefs.optional.junit.JUnitTestRunner.run(JUnitTestRunner.java:421)
	at org.apache.tools.ant.taskdefs.optional.junit.JUnitTestRunner.launch(JUnitTestRunner.java:912)
	at org.apache.tools.ant.taskdefs.optional.junit.JUnitTestRunner.main(JUnitTestRunner.java:766)
2011. 11. 17 오전 7:59:38 com.mongodb.DBTCPConnector fetchMaxBsonObjectSize
경고: Exception determining maxBSON size using0
java.io.IOException: couldn't connect to [/61.250.201.78:27017] bc:java.net.ConnectException: Connection timed out: connect
	at com.mongodb.DBPort._open(DBPort.java:224)
	at com.mongodb.DBPort.go(DBPort.java:101)
	at com.mongodb.DBPort.go(DBPort.java:82)
	at com.mongodb.DBPort.findOne(DBPort.java:142)
	at com.mongodb.DBPort.runCommand(DBPort.java:151)
	at com.mongodb.DBTCPConnector.fetchMaxBsonObjectSize(DBTCPConnector.java:429)
	at com.mongodb.DBTCPConnector.checkMaster(DBTCPConnector.java:416)
	at com.mongodb.DBTCPConnector.say(DBTCPConnector.java:139)
	at com.mongodb.DBTCPConnector.say(DBTCPConnector.java:132)
	at com.mongodb.DBApiLayer$MyCollection.insert(DBApiLayer.java:262)
	at com.mongodb.DBApiLayer$MyCollection.createIndex(DBApiLayer.java:354)
	at com.mongodb.DBCollection.ensureIndex(DBCollection.java:444)
	at com.mongodb.DBCollection.ensureIndex(DBCollection.java:392)
	at net.ion.radon.repository.Workspace.createWorkspace(Workspace.java:64)
	at net.ion.radon.repository.Workspace.load(Workspace.java:43)
	at net.ion.radon.repository.Repository.getWorkspace(Repository.java:28)
	at net.ion.radon.repository.LocalSession.getCurrentWorkspace(LocalSession.java:147)
	at net.ion.radon.repository.LocalSession.dropWorkspace(LocalSession.java:76)
	at net.ion.radon.repository.TestBaseRepository.setUp(TestBaseRepository.java:17)
	at net.ion.radon.repository.TestQueryOperator.setUp(TestQueryOperator.java:19)
	at junit.framework.TestCase.runBare(TestCase.java:128)
	at junit.framework.TestResult$1.protect(TestResult.java:106)
	at junit.framework.TestResult.runProtected(TestResult.java:124)
	at junit.framework.TestResult.run(TestResult.java:109)
	at junit.framework.TestCase.run(TestCase.java:120)
	at junit.framework.TestSuite.runTest(TestSuite.java:230)
	at junit.framework.TestSuite.run(TestSuite.java:225)
	at junit.framework.TestSuite.runTest(TestSuite.java:230)
	at junit.framework.TestSuite.run(TestSuite.java:225)
	at junit.framework.TestSuite.runTest(TestSuite.java:230)
	at junit.framework.TestSuite.run(TestSuite.java:225)
	at junit.framework.TestSuite.runTest(TestSuite.java:230)
	at junit.framework.TestSuite.run(TestSuite.java:225)
	at org.apache.tools.ant.taskdefs.optional.junit.JUnitTestRunner.run(JUnitTestRunner.java:421)
	at org.apache.tools.ant.taskdefs.optional.junit.JUnitTestRunner.launch(JUnitTestRunner.java:912)
	at org.apache.tools.ant.taskdefs.optional.junit.JUnitTestRunner.main(JUnitTestRunner.java:766)
2011. 11. 17 오전 7:59:59 com.mongodb.DBPortPool gotError
경고: emptying DBPortPool to 61.250.201.78:27017 b/c of error
java.io.IOException: couldn't connect to [/61.250.201.78:27017] bc:java.net.ConnectException: Connection timed out: connect
	at com.mongodb.DBPort._open(DBPort.java:224)
	at com.mongodb.DBPort.go(DBPort.java:101)
	at com.mongodb.DBPort.go(DBPort.java:82)
	at com.mongodb.DBPort.say(DBPort.java:77)
	at com.mongodb.DBTCPConnector.say(DBTCPConnector.java:146)
	at com.mongodb.DBTCPConnector.say(DBTCPConnector.java:132)
	at com.mongodb.DBApiLayer$MyCollection.insert(DBApiLayer.java:262)
	at com.mongodb.DBApiLayer$MyCollection.createIndex(DBApiLayer.java:354)
	at com.mongodb.DBCollection.ensureIndex(DBCollection.java:444)
	at com.mongodb.DBCollection.ensureIndex(DBCollection.java:392)
	at net.ion.radon.repository.Workspace.createWorkspace(Workspace.java:64)
	at net.ion.radon.repository.Workspace.load(Workspace.java:43)
	at net.ion.radon.repository.Repository.getWorkspace(Repository.java:28)
	at net.ion.radon.repository.LocalSession.getCurrentWorkspace(LocalSession.java:147)
	at net.ion.radon.repository.LocalSession.dropWorkspace(LocalSession.java:76)
	at net.ion.radon.repository.TestBaseRepository.setUp(TestBaseRepository.java:17)
	at net.ion.radon.repository.TestQueryOperator.setUp(TestQueryOperator.java:19)
	at junit.framework.TestCase.runBare(TestCase.java:128)
	at junit.framework.TestResult$1.protect(TestResult.java:106)
	at junit.framework.TestResult.runProtected(TestResult.java:124)
	at junit.framework.TestResult.run(TestResult.java:109)
	at junit.framework.TestCase.run(TestCase.java:120)
	at junit.framework.TestSuite.runTest(TestSuite.java:230)
	at junit.framework.TestSuite.run(TestSuite.java:225)
	at junit.framework.TestSuite.runTest(TestSuite.java:230)
	at junit.framework.TestSuite.run(TestSuite.java:225)
	at junit.framework.TestSuite.runTest(TestSuite.java:230)
	at junit.framework.TestSuite.run(TestSuite.java:225)
	at junit.framework.TestSuite.runTest(TestSuite.java:230)
	at junit.framework.TestSuite.run(TestSuite.java:225)
	at org.apache.tools.ant.taskdefs.optional.junit.JUnitTestRunner.run(JUnitTestRunner.java:421)
	at org.apache.tools.ant.taskdefs.optional.junit.JUnitTestRunner.launch(JUnitTestRunner.java:912)
	at org.apache.tools.ant.taskdefs.optional.junit.JUnitTestRunner.main(JUnitTestRunner.java:766)
2011. 11. 17 오전 8:00:20 com.mongodb.DBTCPConnector fetchMaxBsonObjectSize
경고: Exception determining maxBSON size using0
java.io.IOException: couldn't connect to [/61.250.201.78:27017] bc:java.net.ConnectException: Connection timed out: connect
	at com.mongodb.DBPort._open(DBPort.java:224)
	at com.mongodb.DBPort.go(DBPort.java:101)
	at com.mongodb.DBPort.go(DBPort.java:82)
	at com.mongodb.DBPort.findOne(DBPort.java:142)
	at com.mongodb.DBPort.runCommand(DBPort.java:151)
	at com.mongodb.DBTCPConnector.fetchMaxBsonObjectSize(DBTCPConnector.java:429)
	at com.mongodb.Mongo.getMaxBsonObjectSize(Mongo.java:544)
	at com.mongodb.DBApiLayer$MyCollection.insert(DBApiLayer.java:244)
	at com.mongodb.DBApiLayer$MyCollection.createIndex(DBApiLayer.java:354)
	at com.mongodb.DBCollection.ensureIndex(DBCollection.java:444)
	at com.mongodb.DBCollection.ensureIndex(DBCollection.java:392)
	at net.ion.radon.repository.Workspace.createWorkspace(Workspace.java:64)
	at net.ion.radon.repository.Workspace.load(Workspace.java:43)
	at net.ion.radon.repository.Repository.getWorkspace(Repository.java:28)
	at net.ion.radon.repository.LocalSession.getCurrentWorkspace(LocalSession.java:147)
	at net.ion.radon.repository.LocalSession.dropWorkspace(LocalSession.java:76)
	at net.ion.radon.repository.TestBaseRepository.setUp(TestBaseRepository.java:17)
	at net.ion.radon.repository.TestQueryOperator.setUp(TestQueryOperator.java:19)
	at junit.framework.TestCase.runBare(TestCase.java:128)
	at junit.framework.TestResult$1.protect(TestResult.java:106)
	at junit.framework.TestResult.runProtected(TestResult.java:124)
	at junit.framework.TestResult.run(TestResult.java:109)
	at junit.framework.TestCase.run(TestCase.java:120)
	at junit.framework.TestSuite.runTest(TestSuite.java:230)
	at junit.framework.TestSuite.run(TestSuite.java:225)
	at junit.framework.TestSuite.runTest(TestSuite.java:230)
	at junit.framework.TestSuite.run(TestSuite.java:225)
	at junit.framework.TestSuite.runTest(TestSuite.java:230)
	at junit.framework.TestSuite.run(TestSuite.java:225)
	at junit.framework.TestSuite.runTest(TestSuite.java:230)
	at junit.framework.TestSuite.run(TestSuite.java:225)
	at org.apache.tools.ant.taskdefs.optional.junit.JUnitTestRunner.run(JUnitTestRunner.java:421)
	at org.apache.tools.ant.taskdefs.optional.junit.JUnitTestRunner.launch(JUnitTestRunner.java:912)
	at org.apache.tools.ant.taskdefs.optional.junit.JUnitTestRunner.main(JUnitTestRunner.java:766)
2011. 11. 17 오전 8:00:41 com.mongodb.DBTCPConnector fetchMaxBsonObjectSize
경고: Exception determining maxBSON size using0
java.io.IOException: couldn't connect to [/61.250.201.78:27017] bc:java.net.ConnectException: Connection timed out: connect
	at com.mongodb.DBPort._open(DBPort.java:224)
	at com.mongodb.DBPort.go(DBPort.java:101)
	at com.mongodb.DBPort.go(DBPort.java:82)
	at com.mongodb.DBPort.findOne(DBPort.java:142)
	at com.mongodb.DBPort.runCommand(DBPort.java:151)
	at com.mongodb.DBTCPConnector.fetchMaxBsonObjectSize(DBTCPConnector.java:429)
	at com.mongodb.DBTCPConnector.checkMaster(DBTCPConnector.java:416)
	at com.mongodb.DBTCPConnector.say(DBTCPConnector.java:139)
	at com.mongodb.DBTCPConnector.say(DBTCPConnector.java:132)
	at com.mongodb.DBApiLayer$MyCollection.insert(DBApiLayer.java:262)
	at com.mongodb.DBApiLayer$MyCollection.createIndex(DBApiLayer.java:354)
	at com.mongodb.DBCollection.ensureIndex(DBCollection.java:444)
	at com.mongodb.DBCollection.ensureIndex(DBCollection.java:392)
	at net.ion.radon.repository.Workspace.createWorkspace(Workspace.java:64)
	at net.ion.radon.repository.Workspace.load(Workspace.java:43)
	at net.ion.radon.repository.Repository.getWorkspace(Repository.java:28)
	at net.ion.radon.repository.LocalSession.getCurrentWorkspace(LocalSession.java:147)
	at net.ion.radon.repository.LocalSession.dropWorkspace(LocalSession.java:76)
	at net.ion.radon.repository.TestBaseRepository.setUp(TestBaseRepository.java:17)
	at net.ion.radon.repository.TestQueryOperator.setUp(TestQueryOperator.java:19)
	at junit.framework.TestCase.runBare(TestCase.java:128)
	at junit.framework.TestResult$1.protect(TestResult.java:106)
	at junit.framework.TestResult.runProtected(TestResult.java:124)
	at junit.framework.TestResult.run(TestResult.java:109)
	at junit.framework.TestCase.run(TestCase.java:120)
	at junit.framework.TestSuite.runTest(TestSuite.java:230)
	at junit.framework.TestSuite.run(TestSuite.java:225)
	at junit.framework.TestSuite.runTest(TestSuite.java:230)
	at junit.framework.TestSuite.run(TestSuite.java:225)
	at junit.framework.TestSuite.runTest(TestSuite.java:230)
	at junit.framework.TestSuite.run(TestSuite.java:225)
	at junit.framework.TestSuite.runTest(TestSuite.java:230)
	at junit.framework.TestSuite.run(TestSuite.java:225)
	at org.apache.tools.ant.taskdefs.optional.junit.JUnitTestRunner.run(JUnitTestRunner.java:421)
	at org.apache.tools.ant.taskdefs.optional.junit.JUnitTestRunner.launch(JUnitTestRunner.java:912)
	at org.apache.tools.ant.taskdefs.optional.junit.JUnitTestRunner.main(JUnitTestRunner.java:766)
2011. 11. 17 오전 8:01:02 com.mongodb.DBPortPool gotError
경고: emptying DBPortPool to 61.250.201.78:27017 b/c of error
java.io.IOException: couldn't connect to [/61.250.201.78:27017] bc:java.net.ConnectException: Connection timed out: connect
	at com.mongodb.DBPort._open(DBPort.java:224)
	at com.mongodb.DBPort.go(DBPort.java:101)
	at com.mongodb.DBPort.go(DBPort.java:82)
	at com.mongodb.DBPort.say(DBPort.java:77)
	at com.mongodb.DBTCPConnector.say(DBTCPConnector.java:146)
	at com.mongodb.DBTCPConnector.say(DBTCPConnector.java:132)
	at com.mongodb.DBApiLayer$MyCollection.insert(DBApiLayer.java:262)
	at com.mongodb.DBApiLayer$MyCollection.createIndex(DBApiLayer.java:354)
	at com.mongodb.DBCollection.ensureIndex(DBCollection.java:444)
	at com.mongodb.DBCollection.ensureIndex(DBCollection.java:392)
	at net.ion.radon.repository.Workspace.createWorkspace(Workspace.java:64)
	at net.ion.radon.repository.Workspace.load(Workspace.java:43)
	at net.ion.radon.repository.Repository.getWorkspace(Repository.java:28)
	at net.ion.radon.repository.LocalSession.getCurrentWorkspace(LocalSession.java:147)
	at net.ion.radon.repository.LocalSession.dropWorkspace(LocalSession.java:76)
	at net.ion.radon.repository.TestBaseRepository.setUp(TestBaseRepository.java:17)
	at net.ion.radon.repository.TestQueryOperator.setUp(TestQueryOperator.java:19)
	at junit.framework.TestCase.runBare(TestCase.java:128)
	at junit.framework.TestResult$1.protect(TestResult.java:106)
	at junit.framework.TestResult.runProtected(TestResult.java:124)
	at junit.framework.TestResult.run(TestResult.java:109)
	at junit.framework.TestCase.run(TestCase.java:120)
	at junit.framework.TestSuite.runTest(TestSuite.java:230)
	at junit.framework.TestSuite.run(TestSuite.java:225)
	at junit.framework.TestSuite.runTest(TestSuite.java:230)
	at junit.framework.TestSuite.run(TestSuite.java:225)
	at junit.framework.TestSuite.runTest(TestSuite.java:230)
	at junit.framework.TestSuite.run(TestSuite.java:225)
	at junit.framework.TestSuite.runTest(TestSuite.java:230)
	at junit.framework.TestSuite.run(TestSuite.java:225)
	at org.apache.tools.ant.taskdefs.optional.junit.JUnitTestRunner.run(JUnitTestRunner.java:421)
	at org.apache.tools.ant.taskdefs.optional.junit.JUnitTestRunner.launch(JUnitTestRunner.java:912)
	at org.apache.tools.ant.taskdefs.optional.junit.JUnitTestRunner.main(JUnitTestRunner.java:766)
2011. 11. 17 오전 8:01:23 com.mongodb.DBTCPConnector fetchMaxBsonObjectSize
경고: Exception determining maxBSON size using0
java.io.IOException: couldn't connect to [/61.250.201.78:27017] bc:java.net.ConnectException: Connection timed out: connect
	at com.mongodb.DBPort._open(DBPort.java:224)
	at com.mongodb.DBPort.go(DBPort.java:101)
	at com.mongodb.DBPort.go(DBPort.java:82)
	at com.mongodb.DBPort.findOne(DBPort.java:142)
	at com.mongodb.DBPort.runCommand(DBPort.java:151)
	at com.mongodb.DBTCPConnector.fetchMaxBsonObjectSize(DBTCPConnector.java:429)
	at com.mongodb.Mongo.getMaxBsonObjectSize(Mongo.java:544)
	at com.mongodb.DBApiLayer$MyCollection.insert(DBApiLayer.java:244)
	at com.mongodb.DBApiLayer$MyCollection.createIndex(DBApiLayer.java:354)
	at com.mongodb.DBCollection.ensureIndex(DBCollection.java:444)
	at com.mongodb.DBCollection.ensureIndex(DBCollection.java:392)
	at net.ion.radon.repository.Workspace.createWorkspace(Workspace.java:64)
	at net.ion.radon.repository.Workspace.load(Workspace.java:43)
	at net.ion.radon.repository.Repository.getWorkspace(Repository.java:28)
	at net.ion.radon.repository.LocalSession.getCurrentWorkspace(LocalSession.java:147)
	at net.ion.radon.repository.LocalSession.dropWorkspace(LocalSession.java:76)
	at net.ion.radon.repository.TestBaseRepository.setUp(TestBaseRepository.java:17)
	at net.ion.radon.repository.TestQueryOperator.setUp(TestQueryOperator.java:19)
	at junit.framework.TestCase.runBare(TestCase.java:128)
	at junit.framework.TestResult$1.protect(TestResult.java:106)
	at junit.framework.TestResult.runProtected(TestResult.java:124)
	at junit.framework.TestResult.run(TestResult.java:109)
	at junit.framework.TestCase.run(TestCase.java:120)
	at junit.framework.TestSuite.runTest(TestSuite.java:230)
	at junit.framework.TestSuite.run(TestSuite.java:225)
	at junit.framework.TestSuite.runTest(TestSuite.java:230)
	at junit.framework.TestSuite.run(TestSuite.java:225)
	at junit.framework.TestSuite.runTest(TestSuite.java:230)
	at junit.framework.TestSuite.run(TestSuite.java:225)
	at junit.framework.TestSuite.runTest(TestSuite.java:230)
	at junit.framework.TestSuite.run(TestSuite.java:225)
	at org.apache.tools.ant.taskdefs.optional.junit.JUnitTestRunner.run(JUnitTestRunner.java:421)
	at org.apache.tools.ant.taskdefs.optional.junit.JUnitTestRunner.launch(JUnitTestRunner.java:912)
	at org.apache.tools.ant.taskdefs.optional.junit.JUnitTestRunner.main(JUnitTestRunner.java:766)
2011. 11. 17 오전 8:01:44 com.mongodb.DBTCPConnector fetchMaxBsonObjectSize
경고: Exception determining maxBSON size using0
java.io.IOException: couldn't connect to [/61.250.201.78:27017] bc:java.net.ConnectException: Connection timed out: connect
	at com.mongodb.DBPort._open(DBPort.java:224)
	at com.mongodb.DBPort.go(DBPort.java:101)
	at com.mongodb.DBPort.go(DBPort.java:82)
	at com.mongodb.DBPort.findOne(DBPort.java:142)
	at com.mongodb.DBPort.runCommand(DBPort.java:151)
	at com.mongodb.DBTCPConnector.fetchMaxBsonObjectSize(DBTCPConnector.java:429)
	at com.mongodb.DBTCPConnector.checkMaster(DBTCPConnector.java:416)
	at com.mongodb.DBTCPConnector.say(DBTCPConnector.java:139)
	at com.mongodb.DBTCPConnector.say(DBTCPConnector.java:132)
	at com.mongodb.DBApiLayer$MyCollection.insert(DBApiLayer.java:262)
	at com.mongodb.DBApiLayer$MyCollection.createIndex(DBApiLayer.java:354)
	at com.mongodb.DBCollection.ensureIndex(DBCollection.java:444)
	at com.mongodb.DBCollection.ensureIndex(DBCollection.java:392)
	at net.ion.radon.repository.Workspace.createWorkspace(Workspace.java:64)
	at net.ion.radon.repository.Workspace.load(Workspace.java:43)
	at net.ion.radon.repository.Repository.getWorkspace(Repository.java:28)
	at net.ion.radon.repository.LocalSession.getCurrentWorkspace(LocalSession.java:147)
	at net.ion.radon.repository.LocalSession.dropWorkspace(LocalSession.java:76)
	at net.ion.radon.repository.TestBaseRepository.setUp(TestBaseRepository.java:17)
	at net.ion.radon.repository.TestQueryOperator.setUp(TestQueryOperator.java:19)
	at junit.framework.TestCase.runBare(TestCase.java:128)
	at junit.framework.TestResult$1.protect(TestResult.java:106)
	at junit.framework.TestResult.runProtected(TestResult.java:124)
	at junit.framework.TestResult.run(TestResult.java:109)
	at junit.framework.TestCase.run(TestCase.java:120)
	at junit.framework.TestSuite.runTest(TestSuite.java:230)
	at junit.framework.TestSuite.run(TestSuite.java:225)
	at junit.framework.TestSuite.runTest(TestSuite.java:230)
	at junit.framework.TestSuite.run(TestSuite.java:225)
	at junit.framework.TestSuite.runTest(TestSuite.java:230)
	at junit.framework.TestSuite.run(TestSuite.java:225)
	at junit.framework.TestSuite.runTest(TestSuite.java:230)
	at junit.framework.TestSuite.run(TestSuite.java:225)
	at org.apache.tools.ant.taskdefs.optional.junit.JUnitTestRunner.run(JUnitTestRunner.java:421)
	at org.apache.tools.ant.taskdefs.optional.junit.JUnitTestRunner.launch(JUnitTestRunner.java:912)
	at org.apache.tools.ant.taskdefs.optional.junit.JUnitTestRunner.main(JUnitTestRunner.java:766)
2011. 11. 17 오전 8:02:05 com.mongodb.DBPortPool gotError
경고: emptying DBPortPool to 61.250.201.78:27017 b/c of error
java.io.IOException: couldn't connect to [/61.250.201.78:27017] bc:java.net.ConnectException: Connection timed out: connect
	at com.mongodb.DBPort._open(DBPort.java:224)
	at com.mongodb.DBPort.go(DBPort.java:101)
	at com.mongodb.DBPort.go(DBPort.java:82)
	at com.mongodb.DBPort.say(DBPort.java:77)
	at com.mongodb.DBTCPConnector.say(DBTCPConnector.java:146)
	at com.mongodb.DBTCPConnector.say(DBTCPConnector.java:132)
	at com.mongodb.DBApiLayer$MyCollection.insert(DBApiLayer.java:262)
	at com.mongodb.DBApiLayer$MyCollection.createIndex(DBApiLayer.java:354)
	at com.mongodb.DBCollection.ensureIndex(DBCollection.java:444)
	at com.mongodb.DBCollection.ensureIndex(DBCollection.java:392)
	at net.ion.radon.repository.Workspace.createWorkspace(Workspace.java:64)
	at net.ion.radon.repository.Workspace.load(Workspace.java:43)
	at net.ion.radon.repository.Repository.getWorkspace(Repository.java:28)
	at net.ion.radon.repository.LocalSession.getCurrentWorkspace(LocalSession.java:147)
	at net.ion.radon.repository.LocalSession.dropWorkspace(LocalSession.java:76)
	at net.ion.radon.repository.TestBaseRepository.setUp(TestBaseRepository.java:17)
	at net.ion.radon.repository.TestQueryOperator.setUp(TestQueryOperator.java:19)
	at junit.framework.TestCase.runBare(TestCase.java:128)
	at junit.framework.TestResult$1.protect(TestResult.java:106)
	at junit.framework.TestResult.runProtected(TestResult.java:124)
	at junit.framework.TestResult.run(TestResult.java:109)
	at junit.framework.TestCase.run(TestCase.java:120)
	at junit.framework.TestSuite.runTest(TestSuite.java:230)
	at junit.framework.TestSuite.run(TestSuite.java:225)
	at junit.framework.TestSuite.runTest(TestSuite.java:230)
	at junit.framework.TestSuite.run(TestSuite.java:225)
	at junit.framework.TestSuite.runTest(TestSuite.java:230)
	at junit.framework.TestSuite.run(TestSuite.java:225)
	at junit.framework.TestSuite.runTest(TestSuite.java:230)
	at junit.framework.TestSuite.run(TestSuite.java:225)
	at org.apache.tools.ant.taskdefs.optional.junit.JUnitTestRunner.run(JUnitTestRunner.java:421)
	at org.apache.tools.ant.taskdefs.optional.junit.JUnitTestRunner.launch(JUnitTestRunner.java:912)
	at org.apache.tools.ant.taskdefs.optional.junit.JUnitTestRunner.main(JUnitTestRunner.java:766)
2011. 11. 17 오전 8:02:27 com.mongodb.DBTCPConnector fetchMaxBsonObjectSize
경고: Exception determining maxBSON size using0
java.io.IOException: couldn't connect to [/61.250.201.78:27017] bc:java.net.ConnectException: Connection timed out: connect
	at com.mongodb.DBPort._open(DBPort.java:224)
	at com.mongodb.DBPort.go(DBPort.java:101)
	at com.mongodb.DBPort.go(DBPort.java:82)
	at com.mongodb.DBPort.findOne(DBPort.java:142)
	at com.mongodb.DBPort.runCommand(DBPort.java:151)
	at com.mongodb.DBTCPConnector.fetchMaxBsonObjectSize(DBTCPConnector.java:429)
	at com.mongodb.Mongo.getMaxBsonObjectSize(Mongo.java:544)
	at com.mongodb.DBApiLayer$MyCollection.insert(DBApiLayer.java:244)
	at com.mongodb.DBApiLayer$MyCollection.createIndex(DBApiLayer.java:354)
	at com.mongodb.DBCollection.ensureIndex(DBCollection.java:444)
	at com.mongodb.DBCollection.ensureIndex(DBCollection.java:392)
	at net.ion.radon.repository.Workspace.createWorkspace(Workspace.java:64)
	at net.ion.radon.repository.Workspace.load(Workspace.java:43)
	at net.ion.radon.repository.Repository.getWorkspace(Repository.java:28)
	at net.ion.radon.repository.LocalSession.getCurrentWorkspace(LocalSession.java:147)
	at net.ion.radon.repository.LocalSession.dropWorkspace(LocalSession.java:76)
	at net.ion.radon.repository.TestBaseRepository.setUp(TestBaseRepository.java:17)
	at net.ion.radon.repository.TestQueryOperator.setUp(TestQueryOperator.java:19)
	at junit.framework.TestCase.runBare(TestCase.java:128)
	at junit.framework.TestResult$1.protect(TestResult.java:106)
	at junit.framework.TestResult.runProtected(TestResult.java:124)
	at junit.framework.TestResult.run(TestResult.java:109)
	at junit.framework.TestCase.run(TestCase.java:120)
	at junit.framework.TestSuite.runTest(TestSuite.java:230)
	at junit.framework.TestSuite.run(TestSuite.java:225)
	at junit.framework.TestSuite.runTest(TestSuite.java:230)
	at junit.framework.TestSuite.run(TestSuite.java:225)
	at junit.framework.TestSuite.runTest(TestSuite.java:230)
	at junit.framework.TestSuite.run(TestSuite.java:225)
	at junit.framework.TestSuite.runTest(TestSuite.java:230)
	at junit.framework.TestSuite.run(TestSuite.java:225)
	at org.apache.tools.ant.taskdefs.optional.junit.JUnitTestRunner.run(JUnitTestRunner.java:421)
	at org.apache.tools.ant.taskdefs.optional.junit.JUnitTestRunner.launch(JUnitTestRunner.java:912)
	at org.apache.tools.ant.taskdefs.optional.junit.JUnitTestRunner.main(JUnitTestRunner.java:766)
2011. 11. 17 오전 8:02:48 com.mongodb.DBTCPConnector fetchMaxBsonObjectSize
경고: Exception determining maxBSON size using0
java.io.IOException: couldn't connect to [/61.250.201.78:27017] bc:java.net.ConnectException: Connection timed out: connect
	at com.mongodb.DBPort._open(DBPort.java:224)
	at com.mongodb.DBPort.go(DBPort.java:101)
	at com.mongodb.DBPort.go(DBPort.java:82)
	at com.mongodb.DBPort.findOne(DBPort.java:142)
	at com.mongodb.DBPort.runCommand(DBPort.java:151)
	at com.mongodb.DBTCPConnector.fetchMaxBsonObjectSize(DBTCPConnector.java:429)
	at com.mongodb.DBTCPConnector.checkMaster(DBTCPConnector.java:416)
	at com.mongodb.DBTCPConnector.say(DBTCPConnector.java:139)
	at com.mongodb.DBTCPConnector.say(DBTCPConnector.java:132)
	at com.mongodb.DBApiLayer$MyCollection.insert(DBApiLayer.java:262)
	at com.mongodb.DBApiLayer$MyCollection.createIndex(DBApiLayer.java:354)
	at com.mongodb.DBCollection.ensureIndex(DBCollection.java:444)
	at com.mongodb.DBCollection.ensureIndex(DBCollection.java:392)
	at net.ion.radon.repository.Workspace.createWorkspace(Workspace.java:64)
	at net.ion.radon.repository.Workspace.load(Workspace.java:43)
	at net.ion.radon.repository.Repository.getWorkspace(Repository.java:28)
	at net.ion.radon.repository.LocalSession.getCurrentWorkspace(LocalSession.java:147)
	at net.ion.radon.repository.LocalSession.dropWorkspace(LocalSession.java:76)
	at net.ion.radon.repository.TestBaseRepository.setUp(TestBaseRepository.java:17)
	at net.ion.radon.repository.TestQueryOperator.setUp(TestQueryOperator.java:19)
	at junit.framework.TestCase.runBare(TestCase.java:128)
	at junit.framework.TestResult$1.protect(TestResult.java:106)
	at junit.framework.TestResult.runProtected(TestResult.java:124)
	at junit.framework.TestResult.run(TestResult.java:109)
	at junit.framework.TestCase.run(TestCase.java:120)
	at junit.framework.TestSuite.runTest(TestSuite.java:230)
	at junit.framework.TestSuite.run(TestSuite.java:225)
	at junit.framework.TestSuite.runTest(TestSuite.java:230)
	at junit.framework.TestSuite.run(TestSuite.java:225)
	at junit.framework.TestSuite.runTest(TestSuite.java:230)
	at junit.framework.TestSuite.run(TestSuite.java:225)
	at junit.framework.TestSuite.runTest(TestSuite.java:230)
	at junit.framework.TestSuite.run(TestSuite.java:225)
	at org.apache.tools.ant.taskdefs.optional.junit.JUnitTestRunner.run(JUnitTestRunner.java:421)
	at org.apache.tools.ant.taskdefs.optional.junit.JUnitTestRunner.launch(JUnitTestRunner.java:912)
	at org.apache.tools.ant.taskdefs.optional.junit.JUnitTestRunner.main(JUnitTestRunner.java:766)
2011. 11. 17 오전 8:03:09 com.mongodb.DBPortPool gotError
경고: emptying DBPortPool to 61.250.201.78:27017 b/c of error
java.io.IOException: couldn't connect to [/61.250.201.78:27017] bc:java.net.ConnectException: Connection timed out: connect
	at com.mongodb.DBPort._open(DBPort.java:224)
	at com.mongodb.DBPort.go(DBPort.java:101)
	at com.mongodb.DBPort.go(DBPort.java:82)
	at com.mongodb.DBPort.say(DBPort.java:77)
	at com.mongodb.DBTCPConnector.say(DBTCPConnector.java:146)
	at com.mongodb.DBTCPConnector.say(DBTCPConnector.java:132)
	at com.mongodb.DBApiLayer$MyCollection.insert(DBApiLayer.java:262)
	at com.mongodb.DBApiLayer$MyCollection.createIndex(DBApiLayer.java:354)
	at com.mongodb.DBCollection.ensureIndex(DBCollection.java:444)
	at com.mongodb.DBCollection.ensureIndex(DBCollection.java:392)
	at net.ion.radon.repository.Workspace.createWorkspace(Workspace.java:64)
	at net.ion.radon.repository.Workspace.load(Workspace.java:43)
	at net.ion.radon.repository.Repository.getWorkspace(Repository.java:28)
	at net.ion.radon.repository.LocalSession.getCurrentWorkspace(LocalSession.java:147)
	at net.ion.radon.repository.LocalSession.dropWorkspace(LocalSession.java:76)
	at net.ion.radon.repository.TestBaseRepository.setUp(TestBaseRepository.java:17)
	at net.ion.radon.repository.TestQueryOperator.setUp(TestQueryOperator.java:19)
	at junit.framework.TestCase.runBare(TestCase.java:128)
	at junit.framework.TestResult$1.protect(TestResult.java:106)
	at junit.framework.TestResult.runProtected(TestResult.java:124)
	at junit.framework.TestResult.run(TestResult.java:109)
	at junit.framework.TestCase.run(TestCase.java:120)
	at junit.framework.TestSuite.runTest(TestSuite.java:230)
	at junit.framework.TestSuite.run(TestSuite.java:225)
	at junit.framework.TestSuite.runTest(TestSuite.java:230)
	at junit.framework.TestSuite.run(TestSuite.java:225)
	at junit.framework.TestSuite.runTest(TestSuite.java:230)
	at junit.framework.TestSuite.run(TestSuite.java:225)
	at junit.framework.TestSuite.runTest(TestSuite.java:230)
	at junit.framework.TestSuite.run(TestSuite.java:225)
	at org.apache.tools.ant.taskdefs.optional.junit.JUnitTestRunner.run(JUnitTestRunner.java:421)
	at org.apache.tools.ant.taskdefs.optional.junit.JUnitTestRunner.launch(JUnitTestRunner.java:912)
	at org.apache.tools.ant.taskdefs.optional.junit.JUnitTestRunner.main(JUnitTestRunner.java:766)
2011. 11. 17 오전 8:03:30 com.mongodb.DBTCPConnector fetchMaxBsonObjectSize
경고: Exception determining maxBSON size using0
java.io.IOException: couldn't connect to [/61.250.201.78:27017] bc:java.net.ConnectException: Connection timed out: connect
	at com.mongodb.DBPort._open(DBPort.java:224)
	at com.mongodb.DBPort.go(DBPort.java:101)
	at com.mongodb.DBPort.go(DBPort.java:82)
	at com.mongodb.DBPort.findOne(DBPort.java:142)
	at com.mongodb.DBPort.runCommand(DBPort.java:151)
	at com.mongodb.DBTCPConnector.fetchMaxBsonObjectSize(DBTCPConnector.java:429)
	at com.mongodb.Mongo.getMaxBsonObjectSize(Mongo.java:544)
	at com.mongodb.DBApiLayer$MyCollection.insert(DBApiLayer.java:244)
	at com.mongodb.DBApiLayer$MyCollection.createIndex(DBApiLayer.java:354)
	at com.mongodb.DBCollection.ensureIndex(DBCollection.java:444)
	at com.mongodb.DBCollection.ensureIndex(DBCollection.java:392)
	at net.ion.radon.repository.Workspace.createWorkspace(Workspace.java:64)
	at net.ion.radon.repository.Workspace.load(Workspace.java:43)
	at net.ion.radon.repository.Repository.getWorkspace(Repository.java:28)
	at net.ion.radon.repository.LocalSession.getCurrentWorkspace(LocalSession.java:147)
	at net.ion.radon.repository.LocalSession.dropWorkspace(LocalSession.java:76)
	at net.ion.radon.repository.TestBaseRepository.setUp(TestBaseRepository.java:17)
	at net.ion.radon.repository.TestQueryOperator.setUp(TestQueryOperator.java:19)
	at junit.framework.TestCase.runBare(TestCase.java:128)
	at junit.framework.TestResult$1.protect(TestResult.java:106)
	at junit.framework.TestResult.runProtected(TestResult.java:124)
	at junit.framework.TestResult.run(TestResult.java:109)
	at junit.framework.TestCase.run(TestCase.java:120)
	at junit.framework.TestSuite.runTest(TestSuite.java:230)
	at junit.framework.TestSuite.run(TestSuite.java:225)
	at junit.framework.TestSuite.runTest(TestSuite.java:230)
	at junit.framework.TestSuite.run(TestSuite.java:225)
	at junit.framework.TestSuite.runTest(TestSuite.java:230)
	at junit.framework.TestSuite.run(TestSuite.java:225)
	at junit.framework.TestSuite.runTest(TestSuite.java:230)
	at junit.framework.TestSuite.run(TestSuite.java:225)
	at org.apache.tools.ant.taskdefs.optional.junit.JUnitTestRunner.run(JUnitTestRunner.java:421)
	at org.apache.tools.ant.taskdefs.optional.junit.JUnitTestRunner.launch(JUnitTestRunner.java:912)
	at org.apache.tools.ant.taskdefs.optional.junit.JUnitTestRunner.main(JUnitTestRunner.java:766)
2011. 11. 17 오전 8:03:51 com.mongodb.DBTCPConnector fetchMaxBsonObjectSize
경고: Exception determining maxBSON size using0
java.io.IOException: couldn't connect to [/61.250.201.78:27017] bc:java.net.ConnectException: Connection timed out: connect
	at com.mongodb.DBPort._open(DBPort.java:224)
	at com.mongodb.DBPort.go(DBPort.java:101)
	at com.mongodb.DBPort.go(DBPort.java:82)
	at com.mongodb.DBPort.findOne(DBPort.java:142)
	at com.mongodb.DBPort.runCommand(DBPort.java:151)
	at com.mongodb.DBTCPConnector.fetchMaxBsonObjectSize(DBTCPConnector.java:429)
	at com.mongodb.DBTCPConnector.checkMaster(DBTCPConnector.java:416)
	at com.mongodb.DBTCPConnector.say(DBTCPConnector.java:139)
	at com.mongodb.DBTCPConnector.say(DBTCPConnector.java:132)
	at com.mongodb.DBApiLayer$MyCollection.insert(DBApiLayer.java:262)
	at com.mongodb.DBApiLayer$MyCollection.createIndex(DBApiLayer.java:354)
	at com.mongodb.DBCollection.ensureIndex(DBCollection.java:444)
	at com.mongodb.DBCollection.ensureIndex(DBCollection.java:392)
	at net.ion.radon.repository.Workspace.createWorkspace(Workspace.java:64)
	at net.ion.radon.repository.Workspace.load(Workspace.java:43)
	at net.ion.radon.repository.Repository.getWorkspace(Repository.java:28)
	at net.ion.radon.repository.LocalSession.getCurrentWorkspace(LocalSession.java:147)
	at net.ion.radon.repository.LocalSession.dropWorkspace(LocalSession.java:76)
	at net.ion.radon.repository.TestBaseRepository.setUp(TestBaseRepository.java:17)
	at net.ion.radon.repository.TestQueryOperator.setUp(TestQueryOperator.java:19)
	at junit.framework.TestCase.runBare(TestCase.java:128)
	at junit.framework.TestResult$1.protect(TestResult.java:106)
	at junit.framework.TestResult.runProtected(TestResult.java:124)
	at junit.framework.TestResult.run(TestResult.java:109)
	at junit.framework.TestCase.run(TestCase.java:120)
	at junit.framework.TestSuite.runTest(TestSuite.java:230)
	at junit.framework.TestSuite.run(TestSuite.java:225)
	at junit.framework.TestSuite.runTest(TestSuite.java:230)
	at junit.framework.TestSuite.run(TestSuite.java:225)
	at junit.framework.TestSuite.runTest(TestSuite.java:230)
	at junit.framework.TestSuite.run(TestSuite.java:225)
	at junit.framework.TestSuite.runTest(TestSuite.java:230)
	at junit.framework.TestSuite.run(TestSuite.java:225)
	at org.apache.tools.ant.taskdefs.optional.junit.JUnitTestRunner.run(JUnitTestRunner.java:421)
	at org.apache.tools.ant.taskdefs.optional.junit.JUnitTestRunner.launch(JUnitTestRunner.java:912)
	at org.apache.tools.ant.taskdefs.optional.junit.JUnitTestRunner.main(JUnitTestRunner.java:766)
2011. 11. 17 오전 8:04:12 com.mongodb.DBPortPool gotError
경고: emptying DBPortPool to 61.250.201.78:27017 b/c of error
java.io.IOException: couldn't connect to [/61.250.201.78:27017] bc:java.net.ConnectException: Connection timed out: connect
	at com.mongodb.DBPort._open(DBPort.java:224)
	at com.mongodb.DBPort.go(DBPort.java:101)
	at com.mongodb.DBPort.go(DBPort.java:82)
	at com.mongodb.DBPort.say(DBPort.java:77)
	at com.mongodb.DBTCPConnector.say(DBTCPConnector.java:146)
	at com.mongodb.DBTCPConnector.say(DBTCPConnector.java:132)
	at com.mongodb.DBApiLayer$MyCollection.insert(DBApiLayer.java:262)
	at com.mongodb.DBApiLayer$MyCollection.createIndex(DBApiLayer.java:354)
	at com.mongodb.DBCollection.ensureIndex(DBCollection.java:444)
	at com.mongodb.DBCollection.ensureIndex(DBCollection.java:392)
	at net.ion.radon.repository.Workspace.createWorkspace(Workspace.java:64)
	at net.ion.radon.repository.Workspace.load(Workspace.java:43)
	at net.ion.radon.repository.Repository.getWorkspace(Repository.java:28)
	at net.ion.radon.repository.LocalSession.getCurrentWorkspace(LocalSession.java:147)
	at net.ion.radon.repository.LocalSession.dropWorkspace(LocalSession.java:76)
	at net.ion.radon.repository.TestBaseRepository.setUp(TestBaseRepository.java:17)
	at net.ion.radon.repository.TestQueryOperator.setUp(TestQueryOperator.java:19)
	at junit.framework.TestCase.runBare(TestCase.java:128)
	at junit.framework.TestResult$1.protect(TestResult.java:106)
	at junit.framework.TestResult.runProtected(TestResult.java:124)
	at junit.framework.TestResult.run(TestResult.java:109)
	at junit.framework.TestCase.run(TestCase.java:120)
	at junit.framework.TestSuite.runTest(TestSuite.java:230)
	at junit.framework.TestSuite.run(TestSuite.java:225)
	at junit.framework.TestSuite.runTest(TestSuite.java:230)
	at junit.framework.TestSuite.run(TestSuite.java:225)
	at junit.framework.TestSuite.runTest(TestSuite.java:230)
	at junit.framework.TestSuite.run(TestSuite.java:225)
	at junit.framework.TestSuite.runTest(TestSuite.java:230)
	at junit.framework.TestSuite.run(TestSuite.java:225)
	at org.apache.tools.ant.taskdefs.optional.junit.JUnitTestRunner.run(JUnitTestRunner.java:421)
	at org.apache.tools.ant.taskdefs.optional.junit.JUnitTestRunner.launch(JUnitTestRunner.java:912)
	at org.apache.tools.ant.taskdefs.optional.junit.JUnitTestRunner.main(JUnitTestRunner.java:766)
2011. 11. 17 오전 8:04:33 com.mongodb.DBTCPConnector fetchMaxBsonObjectSize
경고: Exception determining maxBSON size using0
java.io.IOException: couldn't connect to [/61.250.201.78:27017] bc:java.net.ConnectException: Connection timed out: connect
	at com.mongodb.DBPort._open(DBPort.java:224)
	at com.mongodb.DBPort.go(DBPort.java:101)
	at com.mongodb.DBPort.go(DBPort.java:82)
	at com.mongodb.DBPort.findOne(DBPort.java:142)
	at com.mongodb.DBPort.runCommand(DBPort.java:151)
	at com.mongodb.DBTCPConnector.fetchMaxBsonObjectSize(DBTCPConnector.java:429)
	at com.mongodb.Mongo.getMaxBsonObjectSize(Mongo.java:544)
	at com.mongodb.DBApiLayer$MyCollection.insert(DBApiLayer.java:244)
	at com.mongodb.DBApiLayer$MyCollection.createIndex(DBApiLayer.java:354)
	at com.mongodb.DBCollection.ensureIndex(DBCollection.java:444)
	at com.mongodb.DBCollection.ensureIndex(DBCollection.java:392)
	at net.ion.radon.repository.Workspace.createWorkspace(Workspace.java:64)
	at net.ion.radon.repository.Workspace.load(Workspace.java:43)
	at net.ion.radon.repository.Repository.getWorkspace(Repository.java:28)
	at net.ion.radon.repository.LocalSession.getCurrentWorkspace(LocalSession.java:147)
	at net.ion.radon.repository.LocalSession.dropWorkspace(LocalSession.java:76)
	at net.ion.radon.repository.TestBaseRepository.setUp(TestBaseRepository.java:17)
	at net.ion.radon.repository.TestQueryOperator.setUp(TestQueryOperator.java:19)
	at junit.framework.TestCase.runBare(TestCase.java:128)
	at junit.framework.TestResult$1.protect(TestResult.java:106)
	at junit.framework.TestResult.runProtected(TestResult.java:124)
	at junit.framework.TestResult.run(TestResult.java:109)
	at junit.framework.TestCase.run(TestCase.java:120)
	at junit.framework.TestSuite.runTest(TestSuite.java:230)
	at junit.framework.TestSuite.run(TestSuite.java:225)
	at junit.framework.TestSuite.runTest(TestSuite.java:230)
	at junit.framework.TestSuite.run(TestSuite.java:225)
	at junit.framework.TestSuite.runTest(TestSuite.java:230)
	at junit.framework.TestSuite.run(TestSuite.java:225)
	at junit.framework.TestSuite.runTest(TestSuite.java:230)
	at junit.framework.TestSuite.run(TestSuite.java:225)
	at org.apache.tools.ant.taskdefs.optional.junit.JUnitTestRunner.run(JUnitTestRunner.java:421)
	at org.apache.tools.ant.taskdefs.optional.junit.JUnitTestRunner.launch(JUnitTestRunner.java:912)
	at org.apache.tools.ant.taskdefs.optional.junit.JUnitTestRunner.main(JUnitTestRunner.java:766)
2011. 11. 17 오전 8:04:54 com.mongodb.DBTCPConnector fetchMaxBsonObjectSize
경고: Exception determining maxBSON size using0
java.io.IOException: couldn't connect to [/61.250.201.78:27017] bc:java.net.ConnectException: Connection timed out: connect
	at com.mongodb.DBPort._open(DBPort.java:224)
	at com.mongodb.DBPort.go(DBPort.java:101)
	at com.mongodb.DBPort.go(DBPort.java:82)
	at com.mongodb.DBPort.findOne(DBPort.java:142)
	at com.mongodb.DBPort.runCommand(DBPort.java:151)
	at com.mongodb.DBTCPConnector.fetchMaxBsonObjectSize(DBTCPConnector.java:429)
	at com.mongodb.DBTCPConnector.checkMaster(DBTCPConnector.java:416)
	at com.mongodb.DBTCPConnector.say(DBTCPConnector.java:139)
	at com.mongodb.DBTCPConnector.say(DBTCPConnector.java:132)
	at com.mongodb.DBApiLayer$MyCollection.insert(DBApiLayer.java:262)
	at com.mongodb.DBApiLayer$MyCollection.createIndex(DBApiLayer.java:354)
	at com.mongodb.DBCollection.ensureIndex(DBCollection.java:444)
	at com.mongodb.DBCollection.ensureIndex(DBCollection.java:392)
	at net.ion.radon.repository.Workspace.createWorkspace(Workspace.java:64)
	at net.ion.radon.repository.Workspace.load(Workspace.java:43)
	at net.ion.radon.repository.Repository.getWorkspace(Repository.java:28)
	at net.ion.radon.repository.LocalSession.getCurrentWorkspace(LocalSession.java:147)
	at net.ion.radon.repository.LocalSession.dropWorkspace(LocalSession.java:76)
	at net.ion.radon.repository.TestBaseRepository.setUp(TestBaseRepository.java:17)
	at net.ion.radon.repository.TestQueryOperator.setUp(TestQueryOperator.java:19)
	at junit.framework.TestCase.runBare(TestCase.java:128)
	at junit.framework.TestResult$1.protect(TestResult.java:106)
	at junit.framework.TestResult.runProtected(TestResult.java:124)
	at junit.framework.TestResult.run(TestResult.java:109)
	at junit.framework.TestCase.run(TestCase.java:120)
	at junit.framework.TestSuite.runTest(TestSuite.java:230)
	at junit.framework.TestSuite.run(TestSuite.java:225)
	at junit.framework.TestSuite.runTest(TestSuite.java:230)
	at junit.framework.TestSuite.run(TestSuite.java:225)
	at junit.framework.TestSuite.runTest(TestSuite.java:230)
	at junit.framework.TestSuite.run(TestSuite.java:225)
	at junit.framework.TestSuite.runTest(TestSuite.java:230)
	at junit.framework.TestSuite.run(TestSuite.java:225)
	at org.apache.tools.ant.taskdefs.optional.junit.JUnitTestRunner.run(JUnitTestRunner.java:421)
	at org.apache.tools.ant.taskdefs.optional.junit.JUnitTestRunner.launch(JUnitTestRunner.java:912)
	at org.apache.tools.ant.taskdefs.optional.junit.JUnitTestRunner.main(JUnitTestRunner.java:766)
2011. 11. 17 오전 8:05:15 com.mongodb.DBPortPool gotError
경고: emptying DBPortPool to 61.250.201.78:27017 b/c of error
java.io.IOException: couldn't connect to [/61.250.201.78:27017] bc:java.net.ConnectException: Connection timed out: connect
	at com.mongodb.DBPort._open(DBPort.java:224)
	at com.mongodb.DBPort.go(DBPort.java:101)
	at com.mongodb.DBPort.go(DBPort.java:82)
	at com.mongodb.DBPort.say(DBPort.java:77)
	at com.mongodb.DBTCPConnector.say(DBTCPConnector.java:146)
	at com.mongodb.DBTCPConnector.say(DBTCPConnector.java:132)
	at com.mongodb.DBApiLayer$MyCollection.insert(DBApiLayer.java:262)
	at com.mongodb.DBApiLayer$MyCollection.createIndex(DBApiLayer.java:354)
	at com.mongodb.DBCollection.ensureIndex(DBCollection.java:444)
	at com.mongodb.DBCollection.ensureIndex(DBCollection.java:392)
	at net.ion.radon.repository.Workspace.createWorkspace(Workspace.java:64)
	at net.ion.radon.repository.Workspace.load(Workspace.java:43)
	at net.ion.radon.repository.Repository.getWorkspace(Repository.java:28)
	at net.ion.radon.repository.LocalSession.getCurrentWorkspace(LocalSession.java:147)
	at net.ion.radon.repository.LocalSession.dropWorkspace(LocalSession.java:76)
	at net.ion.radon.repository.TestBaseRepository.setUp(TestBaseRepository.java:17)
	at net.ion.radon.repository.TestQueryOperator.setUp(TestQueryOperator.java:19)
	at junit.framework.TestCase.runBare(TestCase.java:128)
	at junit.framework.TestResult$1.protect(TestResult.java:106)
	at junit.framework.TestResult.runProtected(TestResult.java:124)
	at junit.framework.TestResult.run(TestResult.java:109)
	at junit.framework.TestCase.run(TestCase.java:120)
	at junit.framework.TestSuite.runTest(TestSuite.java:230)
	at junit.framework.TestSuite.run(TestSuite.java:225)
	at junit.framework.TestSuite.runTest(TestSuite.java:230)
	at junit.framework.TestSuite.run(TestSuite.java:225)
	at junit.framework.TestSuite.runTest(TestSuite.java:230)
	at junit.framework.TestSuite.run(TestSuite.java:225)
	at junit.framework.TestSuite.runTest(TestSuite.java:230)
	at junit.framework.TestSuite.run(TestSuite.java:225)
	at org.apache.tools.ant.taskdefs.optional.junit.JUnitTestRunner.run(JUnitTestRunner.java:421)
	at org.apache.tools.ant.taskdefs.optional.junit.JUnitTestRunner.launch(JUnitTestRunner.java:912)
	at org.apache.tools.ant.taskdefs.optional.junit.JUnitTestRunner.main(JUnitTestRunner.java:766)
2011. 11. 17 오전 8:05:36 com.mongodb.DBTCPConnector fetchMaxBsonObjectSize
경고: Exception determining maxBSON size using0
java.io.IOException: couldn't connect to [/61.250.201.78:27017] bc:java.net.ConnectException: Connection timed out: connect
	at com.mongodb.DBPort._open(DBPort.java:224)
	at com.mongodb.DBPort.go(DBPort.java:101)
	at com.mongodb.DBPort.go(DBPort.java:82)
	at com.mongodb.DBPort.findOne(DBPort.java:142)
	at com.mongodb.DBPort.runCommand(DBPort.java:151)
	at com.mongodb.DBTCPConnector.fetchMaxBsonObjectSize(DBTCPConnector.java:429)
	at com.mongodb.Mongo.getMaxBsonObjectSize(Mongo.java:544)
	at com.mongodb.DBApiLayer$MyCollection.insert(DBApiLayer.java:244)
	at com.mongodb.DBApiLayer$MyCollection.createIndex(DBApiLayer.java:354)
	at com.mongodb.DBCollection.ensureIndex(DBCollection.java:444)
	at com.mongodb.DBCollection.ensureIndex(DBCollection.java:392)
	at net.ion.radon.repository.Workspace.createWorkspace(Workspace.java:64)
	at net.ion.radon.repository.Workspace.load(Workspace.java:43)
	at net.ion.radon.repository.Repository.getWorkspace(Repository.java:28)
	at net.ion.radon.repository.LocalSession.getCurrentWorkspace(LocalSession.java:147)
	at net.ion.radon.repository.LocalSession.dropWorkspace(LocalSession.java:76)
	at net.ion.radon.repository.TestBaseRepository.setUp(TestBaseRepository.java:17)
	at net.ion.radon.repository.TestQueryOperator.setUp(TestQueryOperator.java:19)
	at junit.framework.TestCase.runBare(TestCase.java:128)
	at junit.framework.TestResult$1.protect(TestResult.java:106)
	at junit.framework.TestResult.runProtected(TestResult.java:124)
	at junit.framework.TestResult.run(TestResult.java:109)
	at junit.framework.TestCase.run(TestCase.java:120)
	at junit.framework.TestSuite.runTest(TestSuite.java:230)
	at junit.framework.TestSuite.run(TestSuite.java:225)
	at junit.framework.TestSuite.runTest(TestSuite.java:230)
	at junit.framework.TestSuite.run(TestSuite.java:225)
	at junit.framework.TestSuite.runTest(TestSuite.java:230)
	at junit.framework.TestSuite.run(TestSuite.java:225)
	at junit.framework.TestSuite.runTest(TestSuite.java:230)
	at junit.framework.TestSuite.run(TestSuite.java:225)
	at org.apache.tools.ant.taskdefs.optional.junit.JUnitTestRunner.run(JUnitTestRunner.java:421)
	at org.apache.tools.ant.taskdefs.optional.junit.JUnitTestRunner.launch(JUnitTestRunner.java:912)
	at org.apache.tools.ant.taskdefs.optional.junit.JUnitTestRunner.main(JUnitTestRunner.java:766)
2011. 11. 17 오전 8:05:57 com.mongodb.DBTCPConnector fetchMaxBsonObjectSize
경고: Exception determining maxBSON size using0
java.io.IOException: couldn't connect to [/61.250.201.78:27017] bc:java.net.ConnectException: Connection timed out: connect
	at com.mongodb.DBPort._open(DBPort.java:224)
	at com.mongodb.DBPort.go(DBPort.java:101)
	at com.mongodb.DBPort.go(DBPort.java:82)
	at com.mongodb.DBPort.findOne(DBPort.java:142)
	at com.mongodb.DBPort.runCommand(DBPort.java:151)
	at com.mongodb.DBTCPConnector.fetchMaxBsonObjectSize(DBTCPConnector.java:429)
	at com.mongodb.DBTCPConnector.checkMaster(DBTCPConnector.java:416)
	at com.mongodb.DBTCPConnector.say(DBTCPConnector.java:139)
	at com.mongodb.DBTCPConnector.say(DBTCPConnector.java:132)
	at com.mongodb.DBApiLayer$MyCollection.insert(DBApiLayer.java:262)
	at com.mongodb.DBApiLayer$MyCollection.createIndex(DBApiLayer.java:354)
	at com.mongodb.DBCollection.ensureIndex(DBCollection.java:444)
	at com.mongodb.DBCollection.ensureIndex(DBCollection.java:392)
	at net.ion.radon.repository.Workspace.createWorkspace(Workspace.java:64)
	at net.ion.radon.repository.Workspace.load(Workspace.java:43)
	at net.ion.radon.repository.Repository.getWorkspace(Repository.java:28)
	at net.ion.radon.repository.LocalSession.getCurrentWorkspace(LocalSession.java:147)
	at net.ion.radon.repository.LocalSession.dropWorkspace(LocalSession.java:76)
	at net.ion.radon.repository.TestBaseRepository.setUp(TestBaseRepository.java:17)
	at net.ion.radon.repository.TestQueryOperator.setUp(TestQueryOperator.java:19)
	at junit.framework.TestCase.runBare(TestCase.java:128)
	at junit.framework.TestResult$1.protect(TestResult.java:106)
	at junit.framework.TestResult.runProtected(TestResult.java:124)
	at junit.framework.TestResult.run(TestResult.java:109)
	at junit.framework.TestCase.run(TestCase.java:120)
	at junit.framework.TestSuite.runTest(TestSuite.java:230)
	at junit.framework.TestSuite.run(TestSuite.java:225)
	at junit.framework.TestSuite.runTest(TestSuite.java:230)
	at junit.framework.TestSuite.run(TestSuite.java:225)
	at junit.framework.TestSuite.runTest(TestSuite.java:230)
	at junit.framework.TestSuite.run(TestSuite.java:225)
	at junit.framework.TestSuite.runTest(TestSuite.java:230)
	at junit.framework.TestSuite.run(TestSuite.java:225)
	at org.apache.tools.ant.taskdefs.optional.junit.JUnitTestRunner.run(JUnitTestRunner.java:421)
	at org.apache.tools.ant.taskdefs.optional.junit.JUnitTestRunner.launch(JUnitTestRunner.java:912)
	at org.apache.tools.ant.taskdefs.optional.junit.JUnitTestRunner.main(JUnitTestRunner.java:766)
2011. 11. 17 오전 8:06:19 com.mongodb.DBPortPool gotError
경고: emptying DBPortPool to 61.250.201.78:27017 b/c of error
java.io.IOException: couldn't connect to [/61.250.201.78:27017] bc:java.net.ConnectException: Connection timed out: connect
	at com.mongodb.DBPort._open(DBPort.java:224)
	at com.mongodb.DBPort.go(DBPort.java:101)
	at com.mongodb.DBPort.go(DBPort.java:82)
	at com.mongodb.DBPort.say(DBPort.java:77)
	at com.mongodb.DBTCPConnector.say(DBTCPConnector.java:146)
	at com.mongodb.DBTCPConnector.say(DBTCPConnector.java:132)
	at com.mongodb.DBApiLayer$MyCollection.insert(DBApiLayer.java:262)
	at com.mongodb.DBApiLayer$MyCollection.createIndex(DBApiLayer.java:354)
	at com.mongodb.DBCollection.ensureIndex(DBCollection.java:444)
	at com.mongodb.DBCollection.ensureIndex(DBCollection.java:392)
	at net.ion.radon.repository.Workspace.createWorkspace(Workspace.java:64)
	at net.ion.radon.repository.Workspace.load(Workspace.java:43)
	at net.ion.radon.repository.Repository.getWorkspace(Repository.java:28)
	at net.ion.radon.repository.LocalSession.getCurrentWorkspace(LocalSession.java:147)
	at net.ion.radon.repository.LocalSession.dropWorkspace(LocalSession.java:76)
	at net.ion.radon.repository.TestBaseRepository.setUp(TestBaseRepository.java:17)
	at net.ion.radon.repository.TestQueryOperator.setUp(TestQueryOperator.java:19)
	at junit.framework.TestCase.runBare(TestCase.java:128)
	at junit.framework.TestResult$1.protect(TestResult.java:106)
	at junit.framework.TestResult.runProtected(TestResult.java:124)
	at junit.framework.TestResult.run(TestResult.java:109)
	at junit.framework.TestCase.run(TestCase.java:120)
	at junit.framework.TestSuite.runTest(TestSuite.java:230)
	at junit.framework.TestSuite.run(TestSuite.java:225)
	at junit.framework.TestSuite.runTest(TestSuite.java:230)
	at junit.framework.TestSuite.run(TestSuite.java:225)
	at junit.framework.TestSuite.runTest(TestSuite.java:230)
	at junit.framework.TestSuite.run(TestSuite.java:225)
	at junit.framework.TestSuite.runTest(TestSuite.java:230)
	at junit.framework.TestSuite.run(TestSuite.java:225)
	at org.apache.tools.ant.taskdefs.optional.junit.JUnitTestRunner.run(JUnitTestRunner.java:421)
	at org.apache.tools.ant.taskdefs.optional.junit.JUnitTestRunner.launch(JUnitTestRunner.java:912)
	at org.apache.tools.ant.taskdefs.optional.junit.JUnitTestRunner.main(JUnitTestRunner.java:766)
2011. 11. 17 오전 8:06:40 com.mongodb.DBTCPConnector fetchMaxBsonObjectSize
경고: Exception determining maxBSON size using0
java.io.IOException: couldn't connect to [/61.250.201.78:27017] bc:java.net.ConnectException: Connection timed out: connect
	at com.mongodb.DBPort._open(DBPort.java:224)
	at com.mongodb.DBPort.go(DBPort.java:101)
	at com.mongodb.DBPort.go(DBPort.java:82)
	at com.mongodb.DBPort.findOne(DBPort.java:142)
	at com.mongodb.DBPort.runCommand(DBPort.java:151)
	at com.mongodb.DBTCPConnector.fetchMaxBsonObjectSize(DBTCPConnector.java:429)
	at com.mongodb.Mongo.getMaxBsonObjectSize(Mongo.java:544)
	at com.mongodb.DBApiLayer$MyCollection.insert(DBApiLayer.java:244)
	at com.mongodb.DBApiLayer$MyCollection.createIndex(DBApiLayer.java:354)
	at com.mongodb.DBCollection.ensureIndex(DBCollection.java:444)
	at com.mongodb.DBCollection.ensureIndex(DBCollection.java:392)
	at net.ion.radon.repository.Workspace.createWorkspace(Workspace.java:64)
	at net.ion.radon.repository.Workspace.load(Workspace.java:43)
	at net.ion.radon.repository.Repository.getWorkspace(Repository.java:28)
	at net.ion.radon.repository.LocalSession.getCurrentWorkspace(LocalSession.java:147)
	at net.ion.radon.repository.LocalSession.dropWorkspace(LocalSession.java:76)
	at net.ion.radon.repository.TestBaseRepository.setUp(TestBaseRepository.java:17)
	at net.ion.radon.repository.TestQueryOperator.setUp(TestQueryOperator.java:19)
	at junit.framework.TestCase.runBare(TestCase.java:128)
	at junit.framework.TestResult$1.protect(TestResult.java:106)
	at junit.framework.TestResult.runProtected(TestResult.java:124)
	at junit.framework.TestResult.run(TestResult.java:109)
	at junit.framework.TestCase.run(TestCase.java:120)
	at junit.framework.TestSuite.runTest(TestSuite.java:230)
	at junit.framework.TestSuite.run(TestSuite.java:225)
	at junit.framework.TestSuite.runTest(TestSuite.java:230)
	at junit.framework.TestSuite.run(TestSuite.java:225)
	at junit.framework.TestSuite.runTest(TestSuite.java:230)
	at junit.framework.TestSuite.run(TestSuite.java:225)
	at junit.framework.TestSuite.runTest(TestSuite.java:230)
	at junit.framework.TestSuite.run(TestSuite.java:225)
	at org.apache.tools.ant.taskdefs.optional.junit.JUnitTestRunner.run(JUnitTestRunner.java:421)
	at org.apache.tools.ant.taskdefs.optional.junit.JUnitTestRunner.launch(JUnitTestRunner.java:912)
	at org.apache.tools.ant.taskdefs.optional.junit.JUnitTestRunner.main(JUnitTestRunner.java:766)
2011. 11. 17 오전 8:07:00 com.mongodb.DBTCPConnector fetchMaxBsonObjectSize
경고: Exception determining maxBSON size using0
java.io.IOException: couldn't connect to [/61.250.201.78:27017] bc:java.net.ConnectException: Connection timed out: connect
	at com.mongodb.DBPort._open(DBPort.java:224)
	at com.mongodb.DBPort.go(DBPort.java:101)
	at com.mongodb.DBPort.go(DBPort.java:82)
	at com.mongodb.DBPort.findOne(DBPort.java:142)
	at com.mongodb.DBPort.runCommand(DBPort.java:151)
	at com.mongodb.DBTCPConnector.fetchMaxBsonObjectSize(DBTCPConnector.java:429)
	at com.mongodb.DBTCPConnector.checkMaster(DBTCPConnector.java:416)
	at com.mongodb.DBTCPConnector.say(DBTCPConnector.java:139)
	at com.mongodb.DBTCPConnector.say(DBTCPConnector.java:132)
	at com.mongodb.DBApiLayer$MyCollection.insert(DBApiLayer.java:262)
	at com.mongodb.DBApiLayer$MyCollection.createIndex(DBApiLayer.java:354)
	at com.mongodb.DBCollection.ensureIndex(DBCollection.java:444)
	at com.mongodb.DBCollection.ensureIndex(DBCollection.java:392)
	at net.ion.radon.repository.Workspace.createWorkspace(Workspace.java:64)
	at net.ion.radon.repository.Workspace.load(Workspace.java:43)
	at net.ion.radon.repository.Repository.getWorkspace(Repository.java:28)
	at net.ion.radon.repository.LocalSession.getCurrentWorkspace(LocalSession.java:147)
	at net.ion.radon.repository.LocalSession.dropWorkspace(LocalSession.java:76)
	at net.ion.radon.repository.TestBaseRepository.setUp(TestBaseRepository.java:17)
	at net.ion.radon.repository.TestQueryOperator.setUp(TestQueryOperator.java:19)
	at junit.framework.TestCase.runBare(TestCase.java:128)
	at junit.framework.TestResult$1.protect(TestResult.java:106)
	at junit.framework.TestResult.runProtected(TestResult.java:124)
	at junit.framework.TestResult.run(TestResult.java:109)
	at junit.framework.TestCase.run(TestCase.java:120)
	at junit.framework.TestSuite.runTest(TestSuite.java:230)
	at junit.framework.TestSuite.run(TestSuite.java:225)
	at junit.framework.TestSuite.runTest(TestSuite.java:230)
	at junit.framework.TestSuite.run(TestSuite.java:225)
	at junit.framework.TestSuite.runTest(TestSuite.java:230)
	at junit.framework.TestSuite.run(TestSuite.java:225)
	at junit.framework.TestSuite.runTest(TestSuite.java:230)
	at junit.framework.TestSuite.run(TestSuite.java:225)
	at org.apache.tools.ant.taskdefs.optional.junit.JUnitTestRunner.run(JUnitTestRunner.java:421)
	at org.apache.tools.ant.taskdefs.optional.junit.JUnitTestRunner.launch(JUnitTestRunner.java:912)
	at org.apache.tools.ant.taskdefs.optional.junit.JUnitTestRunner.main(JUnitTestRunner.java:766)
2011. 11. 17 오전 8:07:21 com.mongodb.DBPortPool gotError
경고: emptying DBPortPool to 61.250.201.78:27017 b/c of error
java.io.IOException: couldn't connect to [/61.250.201.78:27017] bc:java.net.ConnectException: Connection timed out: connect
	at com.mongodb.DBPort._open(DBPort.java:224)
	at com.mongodb.DBPort.go(DBPort.java:101)
	at com.mongodb.DBPort.go(DBPort.java:82)
	at com.mongodb.DBPort.say(DBPort.java:77)
	at com.mongodb.DBTCPConnector.say(DBTCPConnector.java:146)
	at com.mongodb.DBTCPConnector.say(DBTCPConnector.java:132)
	at com.mongodb.DBApiLayer$MyCollection.insert(DBApiLayer.java:262)
	at com.mongodb.DBApiLayer$MyCollection.createIndex(DBApiLayer.java:354)
	at com.mongodb.DBCollection.ensureIndex(DBCollection.java:444)
	at com.mongodb.DBCollection.ensureIndex(DBCollection.java:392)
	at net.ion.radon.repository.Workspace.createWorkspace(Workspace.java:64)
	at net.ion.radon.repository.Workspace.load(Workspace.java:43)
	at net.ion.radon.repository.Repository.getWorkspace(Repository.java:28)
	at net.ion.radon.repository.LocalSession.getCurrentWorkspace(LocalSession.java:147)
	at net.ion.radon.repository.LocalSession.dropWorkspace(LocalSession.java:76)
	at net.ion.radon.repository.TestBaseRepository.setUp(TestBaseRepository.java:17)
	at net.ion.radon.repository.TestQueryOperator.setUp(TestQueryOperator.java:19)
	at junit.framework.TestCase.runBare(TestCase.java:128)
	at junit.framework.TestResult$1.protect(TestResult.java:106)
	at junit.framework.TestResult.runProtected(TestResult.java:124)
	at junit.framework.TestResult.run(TestResult.java:109)
	at junit.framework.TestCase.run(TestCase.java:120)
	at junit.framework.TestSuite.runTest(TestSuite.java:230)
	at junit.framework.TestSuite.run(TestSuite.java:225)
	at junit.framework.TestSuite.runTest(TestSuite.java:230)
	at junit.framework.TestSuite.run(TestSuite.java:225)
	at junit.framework.TestSuite.runTest(TestSuite.java:230)
	at junit.framework.TestSuite.run(TestSuite.java:225)
	at junit.framework.TestSuite.runTest(TestSuite.java:230)
	at junit.framework.TestSuite.run(TestSuite.java:225)
	at org.apache.tools.ant.taskdefs.optional.junit.JUnitTestRunner.run(JUnitTestRunner.java:421)
	at org.apache.tools.ant.taskdefs.optional.junit.JUnitTestRunner.launch(JUnitTestRunner.java:912)
	at org.apache.tools.ant.taskdefs.optional.junit.JUnitTestRunner.main(JUnitTestRunner.java:766)
2011. 11. 17 오전 8:07:43 com.mongodb.DBTCPConnector fetchMaxBsonObjectSize
경고: Exception determining maxBSON size using0
java.io.IOException: couldn't connect to [/61.250.201.78:27017] bc:java.net.ConnectException: Connection timed out: connect
	at com.mongodb.DBPort._open(DBPort.java:224)
	at com.mongodb.DBPort.go(DBPort.java:101)
	at com.mongodb.DBPort.go(DBPort.java:82)
	at com.mongodb.DBPort.findOne(DBPort.java:142)
	at com.mongodb.DBPort.runCommand(DBPort.java:151)
	at com.mongodb.DBTCPConnector.fetchMaxBsonObjectSize(DBTCPConnector.java:429)
	at com.mongodb.Mongo.getMaxBsonObjectSize(Mongo.java:544)
	at com.mongodb.DBApiLayer$MyCollection.insert(DBApiLayer.java:244)
	at com.mongodb.DBApiLayer$MyCollection.createIndex(DBApiLayer.java:354)
	at com.mongodb.DBCollection.ensureIndex(DBCollection.java:444)
	at com.mongodb.DBCollection.ensureIndex(DBCollection.java:392)
	at net.ion.radon.repository.Workspace.createWorkspace(Workspace.java:64)
	at net.ion.radon.repository.Workspace.load(Workspace.java:43)
	at net.ion.radon.repository.Repository.getWorkspace(Repository.java:28)
	at net.ion.radon.repository.LocalSession.getCurrentWorkspace(LocalSession.java:147)
	at net.ion.radon.repository.LocalSession.dropWorkspace(LocalSession.java:76)
	at net.ion.radon.repository.TestBaseRepository.setUp(TestBaseRepository.java:17)
	at net.ion.radon.repository.TestQueryOperator.setUp(TestQueryOperator.java:19)
	at junit.framework.TestCase.runBare(TestCase.java:128)
	at junit.framework.TestResult$1.protect(TestResult.java:106)
	at junit.framework.TestResult.runProtected(TestResult.java:124)
	at junit.framework.TestResult.run(TestResult.java:109)
	at junit.framework.TestCase.run(TestCase.java:120)
	at junit.framework.TestSuite.runTest(TestSuite.java:230)
	at junit.framework.TestSuite.run(TestSuite.java:225)
	at junit.framework.TestSuite.runTest(TestSuite.java:230)
	at junit.framework.TestSuite.run(TestSuite.java:225)
	at junit.framework.TestSuite.runTest(TestSuite.java:230)
	at junit.framework.TestSuite.run(TestSuite.java:225)
	at junit.framework.TestSuite.runTest(TestSuite.java:230)
	at junit.framework.TestSuite.run(TestSuite.java:225)
	at org.apache.tools.ant.taskdefs.optional.junit.JUnitTestRunner.run(JUnitTestRunner.java:421)
	at org.apache.tools.ant.taskdefs.optional.junit.JUnitTestRunner.launch(JUnitTestRunner.java:912)
	at org.apache.tools.ant.taskdefs.optional.junit.JUnitTestRunner.main(JUnitTestRunner.java:766)
2011. 11. 17 오전 8:08:04 com.mongodb.DBTCPConnector fetchMaxBsonObjectSize
경고: Exception determining maxBSON size using0
java.io.IOException: couldn't connect to [/61.250.201.78:27017] bc:java.net.ConnectException: Connection timed out: connect
	at com.mongodb.DBPort._open(DBPort.java:224)
	at com.mongodb.DBPort.go(DBPort.java:101)
	at com.mongodb.DBPort.go(DBPort.java:82)
	at com.mongodb.DBPort.findOne(DBPort.java:142)
	at com.mongodb.DBPort.runCommand(DBPort.java:151)
	at com.mongodb.DBTCPConnector.fetchMaxBsonObjectSize(DBTCPConnector.java:429)
	at com.mongodb.DBTCPConnector.checkMaster(DBTCPConnector.java:416)
	at com.mongodb.DBTCPConnector.say(DBTCPConnector.java:139)
	at com.mongodb.DBTCPConnector.say(DBTCPConnector.java:132)
	at com.mongodb.DBApiLayer$MyCollection.insert(DBApiLayer.java:262)
	at com.mongodb.DBApiLayer$MyCollection.createIndex(DBApiLayer.java:354)
	at com.mongodb.DBCollection.ensureIndex(DBCollection.java:444)
	at com.mongodb.DBCollection.ensureIndex(DBCollection.java:392)
	at net.ion.radon.repository.Workspace.createWorkspace(Workspace.java:64)
	at net.ion.radon.repository.Workspace.load(Workspace.java:43)
	at net.ion.radon.repository.Repository.getWorkspace(Repository.java:28)
	at net.ion.radon.repository.LocalSession.getCurrentWorkspace(LocalSession.java:147)
	at net.ion.radon.repository.LocalSession.dropWorkspace(LocalSession.java:76)
	at net.ion.radon.repository.TestBaseRepository.setUp(TestBaseRepository.java:17)
	at net.ion.radon.repository.TestQueryOperator.setUp(TestQueryOperator.java:19)
	at junit.framework.TestCase.runBare(TestCase.java:128)
	at junit.framework.TestResult$1.protect(TestResult.java:106)
	at junit.framework.TestResult.runProtected(TestResult.java:124)
	at junit.framework.TestResult.run(TestResult.java:109)
	at junit.framework.TestCase.run(TestCase.java:120)
	at junit.framework.TestSuite.runTest(TestSuite.java:230)
	at junit.framework.TestSuite.run(TestSuite.java:225)
	at junit.framework.TestSuite.runTest(TestSuite.java:230)
	at junit.framework.TestSuite.run(TestSuite.java:225)
	at junit.framework.TestSuite.runTest(TestSuite.java:230)
	at junit.framework.TestSuite.run(TestSuite.java:225)
	at junit.framework.TestSuite.runTest(TestSuite.java:230)
	at junit.framework.TestSuite.run(TestSuite.java:225)
	at org.apache.tools.ant.taskdefs.optional.junit.JUnitTestRunner.run(JUnitTestRunner.java:421)
	at org.apache.tools.ant.taskdefs.optional.junit.JUnitTestRunner.launch(JUnitTestRunner.java:912)
	at org.apache.tools.ant.taskdefs.optional.junit.JUnitTestRunner.main(JUnitTestRunner.java:766)
2011. 11. 17 오전 8:08:25 com.mongodb.DBPortPool gotError
경고: emptying DBPortPool to 61.250.201.78:27017 b/c of error
java.io.IOException: couldn't connect to [/61.250.201.78:27017] bc:java.net.ConnectException: Connection timed out: connect
	at com.mongodb.DBPort._open(DBPort.java:224)
	at com.mongodb.DBPort.go(DBPort.java:101)
	at com.mongodb.DBPort.go(DBPort.java:82)
	at com.mongodb.DBPort.say(DBPort.java:77)
	at com.mongodb.DBTCPConnector.say(DBTCPConnector.java:146)
	at com.mongodb.DBTCPConnector.say(DBTCPConnector.java:132)
	at com.mongodb.DBApiLayer$MyCollection.insert(DBApiLayer.java:262)
	at com.mongodb.DBApiLayer$MyCollection.createIndex(DBApiLayer.java:354)
	at com.mongodb.DBCollection.ensureIndex(DBCollection.java:444)
	at com.mongodb.DBCollection.ensureIndex(DBCollection.java:392)
	at net.ion.radon.repository.Workspace.createWorkspace(Workspace.java:64)
	at net.ion.radon.repository.Workspace.load(Workspace.java:43)
	at net.ion.radon.repository.Repository.getWorkspace(Repository.java:28)
	at net.ion.radon.repository.LocalSession.getCurrentWorkspace(LocalSession.java:147)
	at net.ion.radon.repository.LocalSession.dropWorkspace(LocalSession.java:76)
	at net.ion.radon.repository.TestBaseRepository.setUp(TestBaseRepository.java:17)
	at net.ion.radon.repository.TestQueryOperator.setUp(TestQueryOperator.java:19)
	at junit.framework.TestCase.runBare(TestCase.java:128)
	at junit.framework.TestResult$1.protect(TestResult.java:106)
	at junit.framework.TestResult.runProtected(TestResult.java:124)
	at junit.framework.TestResult.run(TestResult.java:109)
	at junit.framework.TestCase.run(TestCase.java:120)
	at junit.framework.TestSuite.runTest(TestSuite.java:230)
	at junit.framework.TestSuite.run(TestSuite.java:225)
	at junit.framework.TestSuite.runTest(TestSuite.java:230)
	at junit.framework.TestSuite.run(TestSuite.java:225)
	at junit.framework.TestSuite.runTest(TestSuite.java:230)
	at junit.framework.TestSuite.run(TestSuite.java:225)
	at junit.framework.TestSuite.runTest(TestSuite.java:230)
	at junit.framework.TestSuite.run(TestSuite.java:225)
	at org.apache.tools.ant.taskdefs.optional.junit.JUnitTestRunner.run(JUnitTestRunner.java:421)
	at org.apache.tools.ant.taskdefs.optional.junit.JUnitTestRunner.launch(JUnitTestRunner.java:912)
	at org.apache.tools.ant.taskdefs.optional.junit.JUnitTestRunner.main(JUnitTestRunner.java:766)
2011. 11. 17 오전 8:08:46 com.mongodb.DBTCPConnector fetchMaxBsonObjectSize
경고: Exception determining maxBSON size using0
java.io.IOException: couldn't connect to [/61.250.201.78:27017] bc:java.net.ConnectException: Connection timed out: connect
	at com.mongodb.DBPort._open(DBPort.java:224)
	at com.mongodb.DBPort.go(DBPort.java:101)
	at com.mongodb.DBPort.go(DBPort.java:82)
	at com.mongodb.DBPort.findOne(DBPort.java:142)
	at com.mongodb.DBPort.runCommand(DBPort.java:151)
	at com.mongodb.DBTCPConnector.fetchMaxBsonObjectSize(DBTCPConnector.java:429)
	at com.mongodb.Mongo.getMaxBsonObjectSize(Mongo.java:544)
	at com.mongodb.DBApiLayer$MyCollection.insert(DBApiLayer.java:244)
	at com.mongodb.DBApiLayer$MyCollection.createIndex(DBApiLayer.java:354)
	at com.mongodb.DBCollection.ensureIndex(DBCollection.java:444)
	at com.mongodb.DBCollection.ensureIndex(DBCollection.java:392)
	at net.ion.radon.repository.Workspace.createWorkspace(Workspace.java:64)
	at net.ion.radon.repository.Workspace.load(Workspace.java:43)
	at net.ion.radon.repository.Repository.getWorkspace(Repository.java:28)
	at net.ion.radon.repository.LocalSession.getCurrentWorkspace(LocalSession.java:147)
	at net.ion.radon.repository.LocalSession.dropWorkspace(LocalSession.java:76)
	at net.ion.radon.repository.TestBaseRepository.setUp(TestBaseRepository.java:17)
	at net.ion.radon.repository.TestQueryOperator.setUp(TestQueryOperator.java:19)
	at junit.framework.TestCase.runBare(TestCase.java:128)
	at junit.framework.TestResult$1.protect(TestResult.java:106)
	at junit.framework.TestResult.runProtected(TestResult.java:124)
	at junit.framework.TestResult.run(TestResult.java:109)
	at junit.framework.TestCase.run(TestCase.java:120)
	at junit.framework.TestSuite.runTest(TestSuite.java:230)
	at junit.framework.TestSuite.run(TestSuite.java:225)
	at junit.framework.TestSuite.runTest(TestSuite.java:230)
	at junit.framework.TestSuite.run(TestSuite.java:225)
	at junit.framework.TestSuite.runTest(TestSuite.java:230)
	at junit.framework.TestSuite.run(TestSuite.java:225)
	at junit.framework.TestSuite.runTest(TestSuite.java:230)
	at junit.framework.TestSuite.run(TestSuite.java:225)
	at org.apache.tools.ant.taskdefs.optional.junit.JUnitTestRunner.run(JUnitTestRunner.java:421)
	at org.apache.tools.ant.taskdefs.optional.junit.JUnitTestRunner.launch(JUnitTestRunner.java:912)
	at org.apache.tools.ant.taskdefs.optional.junit.JUnitTestRunner.main(JUnitTestRunner.java:766)
2011. 11. 17 오전 8:09:07 com.mongodb.DBTCPConnector fetchMaxBsonObjectSize
경고: Exception determining maxBSON size using0
java.io.IOException: couldn't connect to [/61.250.201.78:27017] bc:java.net.ConnectException: Connection timed out: connect
	at com.mongodb.DBPort._open(DBPort.java:224)
	at com.mongodb.DBPort.go(DBPort.java:101)
	at com.mongodb.DBPort.go(DBPort.java:82)
	at com.mongodb.DBPort.findOne(DBPort.java:142)
	at com.mongodb.DBPort.runCommand(DBPort.java:151)
	at com.mongodb.DBTCPConnector.fetchMaxBsonObjectSize(DBTCPConnector.java:429)
	at com.mongodb.DBTCPConnector.checkMaster(DBTCPConnector.java:416)
	at com.mongodb.DBTCPConnector.say(DBTCPConnector.java:139)
	at com.mongodb.DBTCPConnector.say(DBTCPConnector.java:132)
	at com.mongodb.DBApiLayer$MyCollection.insert(DBApiLayer.java:262)
	at com.mongodb.DBApiLayer$MyCollection.createIndex(DBApiLayer.java:354)
	at com.mongodb.DBCollection.ensureIndex(DBCollection.java:444)
	at com.mongodb.DBCollection.ensureIndex(DBCollection.java:392)
	at net.ion.radon.repository.Workspace.createWorkspace(Workspace.java:64)
	at net.ion.radon.repository.Workspace.load(Workspace.java:43)
	at net.ion.radon.repository.Repository.getWorkspace(Repository.java:28)
	at net.ion.radon.repository.LocalSession.getCurrentWorkspace(LocalSession.java:147)
	at net.ion.radon.repository.LocalSession.dropWorkspace(LocalSession.java:76)
	at net.ion.radon.repository.TestBaseRepository.setUp(TestBaseRepository.java:17)
	at net.ion.radon.repository.TestQueryOperator.setUp(TestQueryOperator.java:19)
	at junit.framework.TestCase.runBare(TestCase.java:128)
	at junit.framework.TestResult$1.protect(TestResult.java:106)
	at junit.framework.TestResult.runProtected(TestResult.java:124)
	at junit.framework.TestResult.run(TestResult.java:109)
	at junit.framework.TestCase.run(TestCase.java:120)
	at junit.framework.TestSuite.runTest(TestSuite.java:230)
	at junit.framework.TestSuite.run(TestSuite.java:225)
	at junit.framework.TestSuite.runTest(TestSuite.java:230)
	at junit.framework.TestSuite.run(TestSuite.java:225)
	at junit.framework.TestSuite.runTest(TestSuite.java:230)
	at junit.framework.TestSuite.run(TestSuite.java:225)
	at junit.framework.TestSuite.runTest(TestSuite.java:230)
	at junit.framework.TestSuite.run(TestSuite.java:225)
	at org.apache.tools.ant.taskdefs.optional.junit.JUnitTestRunner.run(JUnitTestRunner.java:421)
	at org.apache.tools.ant.taskdefs.optional.junit.JUnitTestRunner.launch(JUnitTestRunner.java:912)
	at org.apache.tools.ant.taskdefs.optional.junit.JUnitTestRunner.main(JUnitTestRunner.java:766)
2011. 11. 17 오전 8:09:28 com.mongodb.DBPortPool gotError
경고: emptying DBPortPool to 61.250.201.78:27017 b/c of error
java.io.IOException: couldn't connect to [/61.250.201.78:27017] bc:java.net.ConnectException: Connection timed out: connect
	at com.mongodb.DBPort._open(DBPort.java:224)
	at com.mongodb.DBPort.go(DBPort.java:101)
	at com.mongodb.DBPort.go(DBPort.java:82)
	at com.mongodb.DBPort.say(DBPort.java:77)
	at com.mongodb.DBTCPConnector.say(DBTCPConnector.java:146)
	at com.mongodb.DBTCPConnector.say(DBTCPConnector.java:132)
	at com.mongodb.DBApiLayer$MyCollection.insert(DBApiLayer.java:262)
	at com.mongodb.DBApiLayer$MyCollection.createIndex(DBApiLayer.java:354)
	at com.mongodb.DBCollection.ensureIndex(DBCollection.java:444)
	at com.mongodb.DBCollection.ensureIndex(DBCollection.java:392)
	at net.ion.radon.repository.Workspace.createWorkspace(Workspace.java:64)
	at net.ion.radon.repository.Workspace.load(Workspace.java:43)
	at net.ion.radon.repository.Repository.getWorkspace(Repository.java:28)
	at net.ion.radon.repository.LocalSession.getCurrentWorkspace(LocalSession.java:147)
	at net.ion.radon.repository.LocalSession.dropWorkspace(LocalSession.java:76)
	at net.ion.radon.repository.TestBaseRepository.setUp(TestBaseRepository.java:17)
	at net.ion.radon.repository.TestQueryOperator.setUp(TestQueryOperator.java:19)
	at junit.framework.TestCase.runBare(TestCase.java:128)
	at junit.framework.TestResult$1.protect(TestResult.java:106)
	at junit.framework.TestResult.runProtected(TestResult.java:124)
	at junit.framework.TestResult.run(TestResult.java:109)
	at junit.framework.TestCase.run(TestCase.java:120)
	at junit.framework.TestSuite.runTest(TestSuite.java:230)
	at junit.framework.TestSuite.run(TestSuite.java:225)
	at junit.framework.TestSuite.runTest(TestSuite.java:230)
	at junit.framework.TestSuite.run(TestSuite.java:225)
	at junit.framework.TestSuite.runTest(TestSuite.java:230)
	at junit.framework.TestSuite.run(TestSuite.java:225)
	at junit.framework.TestSuite.runTest(TestSuite.java:230)
	at junit.framework.TestSuite.run(TestSuite.java:225)
	at org.apache.tools.ant.taskdefs.optional.junit.JUnitTestRunner.run(JUnitTestRunner.java:421)
	at org.apache.tools.ant.taskdefs.optional.junit.JUnitTestRunner.launch(JUnitTestRunner.java:912)
	at org.apache.tools.ant.taskdefs.optional.junit.JUnitTestRunner.main(JUnitTestRunner.java:766)
2011. 11. 17 오전 8:09:49 com.mongodb.DBTCPConnector fetchMaxBsonObjectSize
경고: Exception determining maxBSON size using0
java.io.IOException: couldn't connect to [/61.250.201.78:27017] bc:java.net.ConnectException: Connection timed out: connect
	at com.mongodb.DBPort._open(DBPort.java:224)
	at com.mongodb.DBPort.go(DBPort.java:101)
	at com.mongodb.DBPort.go(DBPort.java:82)
	at com.mongodb.DBPort.findOne(DBPort.java:142)
	at com.mongodb.DBPort.runCommand(DBPort.java:151)
	at com.mongodb.DBTCPConnector.fetchMaxBsonObjectSize(DBTCPConnector.java:429)
	at com.mongodb.Mongo.getMaxBsonObjectSize(Mongo.java:544)
	at com.mongodb.DBApiLayer$MyCollection.insert(DBApiLayer.java:244)
	at com.mongodb.DBApiLayer$MyCollection.createIndex(DBApiLayer.java:354)
	at com.mongodb.DBCollection.ensureIndex(DBCollection.java:444)
	at com.mongodb.DBCollection.ensureIndex(DBCollection.java:392)
	at net.ion.radon.repository.Workspace.createWorkspace(Workspace.java:64)
	at net.ion.radon.repository.Workspace.load(Workspace.java:43)
	at net.ion.radon.repository.Repository.getWorkspace(Repository.java:28)
	at net.ion.radon.repository.LocalSession.getCurrentWorkspace(LocalSession.java:147)
	at net.ion.radon.repository.LocalSession.dropWorkspace(LocalSession.java:76)
	at net.ion.radon.repository.TestBaseRepository.setUp(TestBaseRepository.java:17)
	at net.ion.radon.repository.TestQueryOperator.setUp(TestQueryOperator.java:19)
	at junit.framework.TestCase.runBare(TestCase.java:128)
	at junit.framework.TestResult$1.protect(TestResult.java:106)
	at junit.framework.TestResult.runProtected(TestResult.java:124)
	at junit.framework.TestResult.run(TestResult.java:109)
	at junit.framework.TestCase.run(TestCase.java:120)
	at junit.framework.TestSuite.runTest(TestSuite.java:230)
	at junit.framework.TestSuite.run(TestSuite.java:225)
	at junit.framework.TestSuite.runTest(TestSuite.java:230)
	at junit.framework.TestSuite.run(TestSuite.java:225)
	at junit.framework.TestSuite.runTest(TestSuite.java:230)
	at junit.framework.TestSuite.run(TestSuite.java:225)
	at junit.framework.TestSuite.runTest(TestSuite.java:230)
	at junit.framework.TestSuite.run(TestSuite.java:225)
	at org.apache.tools.ant.taskdefs.optional.junit.JUnitTestRunner.run(JUnitTestRunner.java:421)
	at org.apache.tools.ant.taskdefs.optional.junit.JUnitTestRunner.launch(JUnitTestRunner.java:912)
	at org.apache.tools.ant.taskdefs.optional.junit.JUnitTestRunner.main(JUnitTestRunner.java:766)
2011. 11. 17 오전 8:10:10 com.mongodb.DBTCPConnector fetchMaxBsonObjectSize
경고: Exception determining maxBSON size using0
java.io.IOException: couldn't connect to [/61.250.201.78:27017] bc:java.net.ConnectException: Connection timed out: connect
	at com.mongodb.DBPort._open(DBPort.java:224)
	at com.mongodb.DBPort.go(DBPort.java:101)
	at com.mongodb.DBPort.go(DBPort.java:82)
	at com.mongodb.DBPort.findOne(DBPort.java:142)
	at com.mongodb.DBPort.runCommand(DBPort.java:151)
	at com.mongodb.DBTCPConnector.fetchMaxBsonObjectSize(DBTCPConnector.java:429)
	at com.mongodb.DBTCPConnector.checkMaster(DBTCPConnector.java:416)
	at com.mongodb.DBTCPConnector.say(DBTCPConnector.java:139)
	at com.mongodb.DBTCPConnector.say(DBTCPConnector.java:132)
	at com.mongodb.DBApiLayer$MyCollection.insert(DBApiLayer.java:262)
	at com.mongodb.DBApiLayer$MyCollection.createIndex(DBApiLayer.java:354)
	at com.mongodb.DBCollection.ensureIndex(DBCollection.java:444)
	at com.mongodb.DBCollection.ensureIndex(DBCollection.java:392)
	at net.ion.radon.repository.Workspace.createWorkspace(Workspace.java:64)
	at net.ion.radon.repository.Workspace.load(Workspace.java:43)
	at net.ion.radon.repository.Repository.getWorkspace(Repository.java:28)
	at net.ion.radon.repository.LocalSession.getCurrentWorkspace(LocalSession.java:147)
	at net.ion.radon.repository.LocalSession.dropWorkspace(LocalSession.java:76)
	at net.ion.radon.repository.TestBaseRepository.setUp(TestBaseRepository.java:17)
	at net.ion.radon.repository.TestQueryOperator.setUp(TestQueryOperator.java:19)
	at junit.framework.TestCase.runBare(TestCase.java:128)
	at junit.framework.TestResult$1.protect(TestResult.java:106)
	at junit.framework.TestResult.runProtected(TestResult.java:124)
	at junit.framework.TestResult.run(TestResult.java:109)
	at junit.framework.TestCase.run(TestCase.java:120)
	at junit.framework.TestSuite.runTest(TestSuite.java:230)
	at junit.framework.TestSuite.run(TestSuite.java:225)
	at junit.framework.TestSuite.runTest(TestSuite.java:230)
	at junit.framework.TestSuite.run(TestSuite.java:225)
	at junit.framework.TestSuite.runTest(TestSuite.java:230)
	at junit.framework.TestSuite.run(TestSuite.java:225)
	at junit.framework.TestSuite.runTest(TestSuite.java:230)
	at junit.framework.TestSuite.run(TestSuite.java:225)
	at org.apache.tools.ant.taskdefs.optional.junit.JUnitTestRunner.run(JUnitTestRunner.java:421)
	at org.apache.tools.ant.taskdefs.optional.junit.JUnitTestRunner.launch(JUnitTestRunner.java:912)
	at org.apache.tools.ant.taskdefs.optional.junit.JUnitTestRunner.main(JUnitTestRunner.java:766)
2011. 11. 17 오전 8:10:31 com.mongodb.DBPortPool gotError
경고: emptying DBPortPool to 61.250.201.78:27017 b/c of error
java.io.IOException: couldn't connect to [/61.250.201.78:27017] bc:java.net.ConnectException: Connection timed out: connect
	at com.mongodb.DBPort._open(DBPort.java:224)
	at com.mongodb.DBPort.go(DBPort.java:101)
	at com.mongodb.DBPort.go(DBPort.java:82)
	at com.mongodb.DBPort.say(DBPort.java:77)
	at com.mongodb.DBTCPConnector.say(DBTCPConnector.java:146)
	at com.mongodb.DBTCPConnector.say(DBTCPConnector.java:132)
	at com.mongodb.DBApiLayer$MyCollection.insert(DBApiLayer.java:262)
	at com.mongodb.DBApiLayer$MyCollection.createIndex(DBApiLayer.java:354)
	at com.mongodb.DBCollection.ensureIndex(DBCollection.java:444)
	at com.mongodb.DBCollection.ensureIndex(DBCollection.java:392)
	at net.ion.radon.repository.Workspace.createWorkspace(Workspace.java:64)
	at net.ion.radon.repository.Workspace.load(Workspace.java:43)
	at net.ion.radon.repository.Repository.getWorkspace(Repository.java:28)
	at net.ion.radon.repository.LocalSession.getCurrentWorkspace(LocalSession.java:147)
	at net.ion.radon.repository.LocalSession.dropWorkspace(LocalSession.java:76)
	at net.ion.radon.repository.TestBaseRepository.setUp(TestBaseRepository.java:17)
	at net.ion.radon.repository.TestQueryOperator.setUp(TestQueryOperator.java:19)
	at junit.framework.TestCase.runBare(TestCase.java:128)
	at junit.framework.TestResult$1.protect(TestResult.java:106)
	at junit.framework.TestResult.runProtected(TestResult.java:124)
	at junit.framework.TestResult.run(TestResult.java:109)
	at junit.framework.TestCase.run(TestCase.java:120)
	at junit.framework.TestSuite.runTest(TestSuite.java:230)
	at junit.framework.TestSuite.run(TestSuite.java:225)
	at junit.framework.TestSuite.runTest(TestSuite.java:230)
	at junit.framework.TestSuite.run(TestSuite.java:225)
	at junit.framework.TestSuite.runTest(TestSuite.java:230)
	at junit.framework.TestSuite.run(TestSuite.java:225)
	at junit.framework.TestSuite.runTest(TestSuite.java:230)
	at junit.framework.TestSuite.run(TestSuite.java:225)
	at org.apache.tools.ant.taskdefs.optional.junit.JUnitTestRunner.run(JUnitTestRunner.java:421)
	at org.apache.tools.ant.taskdefs.optional.junit.JUnitTestRunner.launch(JUnitTestRunner.java:912)
	at org.apache.tools.ant.taskdefs.optional.junit.JUnitTestRunner.main(JUnitTestRunner.java:766)
2011. 11. 17 오전 8:10:52 com.mongodb.DBTCPConnector fetchMaxBsonObjectSize
경고: Exception determining maxBSON size using0
java.io.IOException: couldn't connect to [/61.250.201.78:27017] bc:java.net.ConnectException: Connection timed out: connect
	at com.mongodb.DBPort._open(DBPort.java:224)
	at com.mongodb.DBPort.go(DBPort.java:101)
	at com.mongodb.DBPort.go(DBPort.java:82)
	at com.mongodb.DBPort.findOne(DBPort.java:142)
	at com.mongodb.DBPort.runCommand(DBPort.java:151)
	at com.mongodb.DBTCPConnector.fetchMaxBsonObjectSize(DBTCPConnector.java:429)
	at com.mongodb.Mongo.getMaxBsonObjectSize(Mongo.java:544)
	at com.mongodb.DBApiLayer$MyCollection.insert(DBApiLayer.java:244)
	at com.mongodb.DBApiLayer$MyCollection.createIndex(DBApiLayer.java:354)
	at com.mongodb.DBCollection.ensureIndex(DBCollection.java:444)
	at com.mongodb.DBCollection.ensureIndex(DBCollection.java:392)
	at net.ion.radon.repository.Workspace.createWorkspace(Workspace.java:64)
	at net.ion.radon.repository.Workspace.load(Workspace.java:43)
	at net.ion.radon.repository.Repository.getWorkspace(Repository.java:28)
	at net.ion.radon.repository.LocalSession.getCurrentWorkspace(LocalSession.java:147)
	at net.ion.radon.repository.LocalSession.dropWorkspace(LocalSession.java:76)
	at net.ion.radon.repository.TestBaseRepository.setUp(TestBaseRepository.java:17)
	at net.ion.radon.repository.TestQueryOperator.setUp(TestQueryOperator.java:19)
	at junit.framework.TestCase.runBare(TestCase.java:128)
	at junit.framework.TestResult$1.protect(TestResult.java:106)
	at junit.framework.TestResult.runProtected(TestResult.java:124)
	at junit.framework.TestResult.run(TestResult.java:109)
	at junit.framework.TestCase.run(TestCase.java:120)
	at junit.framework.TestSuite.runTest(TestSuite.java:230)
	at junit.framework.TestSuite.run(TestSuite.java:225)
	at junit.framework.TestSuite.runTest(TestSuite.java:230)
	at junit.framework.TestSuite.run(TestSuite.java:225)
	at junit.framework.TestSuite.runTest(TestSuite.java:230)
	at junit.framework.TestSuite.run(TestSuite.java:225)
	at junit.framework.TestSuite.runTest(TestSuite.java:230)
	at junit.framework.TestSuite.run(TestSuite.java:225)
	at org.apache.tools.ant.taskdefs.optional.junit.JUnitTestRunner.run(JUnitTestRunner.java:421)
	at org.apache.tools.ant.taskdefs.optional.junit.JUnitTestRunner.launch(JUnitTestRunner.java:912)
	at org.apache.tools.ant.taskdefs.optional.junit.JUnitTestRunner.main(JUnitTestRunner.java:766)
2011. 11. 17 오전 8:11:13 com.mongodb.DBTCPConnector fetchMaxBsonObjectSize
경고: Exception determining maxBSON size using0
java.io.IOException: couldn't connect to [/61.250.201.78:27017] bc:java.net.ConnectException: Connection timed out: connect
	at com.mongodb.DBPort._open(DBPort.java:224)
	at com.mongodb.DBPort.go(DBPort.java:101)
	at com.mongodb.DBPort.go(DBPort.java:82)
	at com.mongodb.DBPort.findOne(DBPort.java:142)
	at com.mongodb.DBPort.runCommand(DBPort.java:151)
	at com.mongodb.DBTCPConnector.fetchMaxBsonObjectSize(DBTCPConnector.java:429)
	at com.mongodb.DBTCPConnector.checkMaster(DBTCPConnector.java:416)
	at com.mongodb.DBTCPConnector.say(DBTCPConnector.java:139)
	at com.mongodb.DBTCPConnector.say(DBTCPConnector.java:132)
	at com.mongodb.DBApiLayer$MyCollection.insert(DBApiLayer.java:262)
	at com.mongodb.DBApiLayer$MyCollection.createIndex(DBApiLayer.java:354)
	at com.mongodb.DBCollection.ensureIndex(DBCollection.java:444)
	at com.mongodb.DBCollection.ensureIndex(DBCollection.java:392)
	at net.ion.radon.repository.Workspace.createWorkspace(Workspace.java:64)
	at net.ion.radon.repository.Workspace.load(Workspace.java:43)
	at net.ion.radon.repository.Repository.getWorkspace(Repository.java:28)
	at net.ion.radon.repository.LocalSession.getCurrentWorkspace(LocalSession.java:147)
	at net.ion.radon.repository.LocalSession.dropWorkspace(LocalSession.java:76)
	at net.ion.radon.repository.TestBaseRepository.setUp(TestBaseRepository.java:17)
	at net.ion.radon.repository.TestQueryOperator.setUp(TestQueryOperator.java:19)
	at junit.framework.TestCase.runBare(TestCase.java:128)
	at junit.framework.TestResult$1.protect(TestResult.java:106)
	at junit.framework.TestResult.runProtected(TestResult.java:124)
	at junit.framework.TestResult.run(TestResult.java:109)
	at junit.framework.TestCase.run(TestCase.java:120)
	at junit.framework.TestSuite.runTest(TestSuite.java:230)
	at junit.framework.TestSuite.run(TestSuite.java:225)
	at junit.framework.TestSuite.runTest(TestSuite.java:230)
	at junit.framework.TestSuite.run(TestSuite.java:225)
	at junit.framework.TestSuite.runTest(TestSuite.java:230)
	at junit.framework.TestSuite.run(TestSuite.java:225)
	at junit.framework.TestSuite.runTest(TestSuite.java:230)
	at junit.framework.TestSuite.run(TestSuite.java:225)
	at org.apache.tools.ant.taskdefs.optional.junit.JUnitTestRunner.run(JUnitTestRunner.java:421)
	at org.apache.tools.ant.taskdefs.optional.junit.JUnitTestRunner.launch(JUnitTestRunner.java:912)
	at org.apache.tools.ant.taskdefs.optional.junit.JUnitTestRunner.main(JUnitTestRunner.java:766)
2011. 11. 17 오전 8:11:34 com.mongodb.DBPortPool gotError
경고: emptying DBPortPool to 61.250.201.78:27017 b/c of error
java.io.IOException: couldn't connect to [/61.250.201.78:27017] bc:java.net.ConnectException: Connection timed out: connect
	at com.mongodb.DBPort._open(DBPort.java:224)
	at com.mongodb.DBPort.go(DBPort.java:101)
	at com.mongodb.DBPort.go(DBPort.java:82)
	at com.mongodb.DBPort.say(DBPort.java:77)
	at com.mongodb.DBTCPConnector.say(DBTCPConnector.java:146)
	at com.mongodb.DBTCPConnector.say(DBTCPConnector.java:132)
	at com.mongodb.DBApiLayer$MyCollection.insert(DBApiLayer.java:262)
	at com.mongodb.DBApiLayer$MyCollection.createIndex(DBApiLayer.java:354)
	at com.mongodb.DBCollection.ensureIndex(DBCollection.java:444)
	at com.mongodb.DBCollection.ensureIndex(DBCollection.java:392)
	at net.ion.radon.repository.Workspace.createWorkspace(Workspace.java:64)
	at net.ion.radon.repository.Workspace.load(Workspace.java:43)
	at net.ion.radon.repository.Repository.getWorkspace(Repository.java:28)
	at net.ion.radon.repository.LocalSession.getCurrentWorkspace(LocalSession.java:147)
	at net.ion.radon.repository.LocalSession.dropWorkspace(LocalSession.java:76)
	at net.ion.radon.repository.TestBaseRepository.setUp(TestBaseRepository.java:17)
	at net.ion.radon.repository.TestQueryOperator.setUp(TestQueryOperator.java:19)
	at junit.framework.TestCase.runBare(TestCase.java:128)
	at junit.framework.TestResult$1.protect(TestResult.java:106)
	at junit.framework.TestResult.runProtected(TestResult.java:124)
	at junit.framework.TestResult.run(TestResult.java:109)
	at junit.framework.TestCase.run(TestCase.java:120)
	at junit.framework.TestSuite.runTest(TestSuite.java:230)
	at junit.framework.TestSuite.run(TestSuite.java:225)
	at junit.framework.TestSuite.runTest(TestSuite.java:230)
	at junit.framework.TestSuite.run(TestSuite.java:225)
	at junit.framework.TestSuite.runTest(TestSuite.java:230)
	at junit.framework.TestSuite.run(TestSuite.java:225)
	at junit.framework.TestSuite.runTest(TestSuite.java:230)
	at junit.framework.TestSuite.run(TestSuite.java:225)
	at org.apache.tools.ant.taskdefs.optional.junit.JUnitTestRunner.run(JUnitTestRunner.java:421)
	at org.apache.tools.ant.taskdefs.optional.junit.JUnitTestRunner.launch(JUnitTestRunner.java:912)
	at org.apache.tools.ant.taskdefs.optional.junit.JUnitTestRunner.main(JUnitTestRunner.java:766)
2011. 11. 17 오전 8:11:55 com.mongodb.DBTCPConnector fetchMaxBsonObjectSize
경고: Exception determining maxBSON size using0
java.io.IOException: couldn't connect to [/61.250.201.78:27017] bc:java.net.ConnectException: Connection timed out: connect
	at com.mongodb.DBPort._open(DBPort.java:224)
	at com.mongodb.DBPort.go(DBPort.java:101)
	at com.mongodb.DBPort.go(DBPort.java:82)
	at com.mongodb.DBPort.findOne(DBPort.java:142)
	at com.mongodb.DBPort.runCommand(DBPort.java:151)
	at com.mongodb.DBTCPConnector.fetchMaxBsonObjectSize(DBTCPConnector.java:429)
	at com.mongodb.Mongo.getMaxBsonObjectSize(Mongo.java:544)
	at com.mongodb.DBApiLayer$MyCollection.insert(DBApiLayer.java:244)
	at com.mongodb.DBApiLayer$MyCollection.createIndex(DBApiLayer.java:354)
	at com.mongodb.DBCollection.ensureIndex(DBCollection.java:444)
	at com.mongodb.DBCollection.ensureIndex(DBCollection.java:392)
	at net.ion.radon.repository.Workspace.createWorkspace(Workspace.java:64)
	at net.ion.radon.repository.Workspace.load(Workspace.java:43)
	at net.ion.radon.repository.Repository.getWorkspace(Repository.java:28)
	at net.ion.radon.repository.LocalSession.getCurrentWorkspace(LocalSession.java:147)
	at net.ion.radon.repository.LocalSession.dropWorkspace(LocalSession.java:76)
	at net.ion.radon.repository.TestBaseRepository.setUp(TestBaseRepository.java:17)
	at net.ion.radon.repository.TestQueryOperator.setUp(TestQueryOperator.java:19)
	at junit.framework.TestCase.runBare(TestCase.java:128)
	at junit.framework.TestResult$1.protect(TestResult.java:106)
	at junit.framework.TestResult.runProtected(TestResult.java:124)
	at junit.framework.TestResult.run(TestResult.java:109)
	at junit.framework.TestCase.run(TestCase.java:120)
	at junit.framework.TestSuite.runTest(TestSuite.java:230)
	at junit.framework.TestSuite.run(TestSuite.java:225)
	at junit.framework.TestSuite.runTest(TestSuite.java:230)
	at junit.framework.TestSuite.run(TestSuite.java:225)
	at junit.framework.TestSuite.runTest(TestSuite.java:230)
	at junit.framework.TestSuite.run(TestSuite.java:225)
	at junit.framework.TestSuite.runTest(TestSuite.java:230)
	at junit.framework.TestSuite.run(TestSuite.java:225)
	at org.apache.tools.ant.taskdefs.optional.junit.JUnitTestRunner.run(JUnitTestRunner.java:421)
	at org.apache.tools.ant.taskdefs.optional.junit.JUnitTestRunner.launch(JUnitTestRunner.java:912)
	at org.apache.tools.ant.taskdefs.optional.junit.JUnitTestRunner.main(JUnitTestRunner.java:766)
2011. 11. 17 오전 8:12:16 com.mongodb.DBTCPConnector fetchMaxBsonObjectSize
경고: Exception determining maxBSON size using0
java.io.IOException: couldn't connect to [/61.250.201.78:27017] bc:java.net.ConnectException: Connection timed out: connect
	at com.mongodb.DBPort._open(DBPort.java:224)
	at com.mongodb.DBPort.go(DBPort.java:101)
	at com.mongodb.DBPort.go(DBPort.java:82)
	at com.mongodb.DBPort.findOne(DBPort.java:142)
	at com.mongodb.DBPort.runCommand(DBPort.java:151)
	at com.mongodb.DBTCPConnector.fetchMaxBsonObjectSize(DBTCPConnector.java:429)
	at com.mongodb.DBTCPConnector.checkMaster(DBTCPConnector.java:416)
	at com.mongodb.DBTCPConnector.say(DBTCPConnector.java:139)
	at com.mongodb.DBTCPConnector.say(DBTCPConnector.java:132)
	at com.mongodb.DBApiLayer$MyCollection.insert(DBApiLayer.java:262)
	at com.mongodb.DBApiLayer$MyCollection.createIndex(DBApiLayer.java:354)
	at com.mongodb.DBCollection.ensureIndex(DBCollection.java:444)
	at com.mongodb.DBCollection.ensureIndex(DBCollection.java:392)
	at net.ion.radon.repository.Workspace.createWorkspace(Workspace.java:64)
	at net.ion.radon.repository.Workspace.load(Workspace.java:43)
	at net.ion.radon.repository.Repository.getWorkspace(Repository.java:28)
	at net.ion.radon.repository.LocalSession.getCurrentWorkspace(LocalSession.java:147)
	at net.ion.radon.repository.LocalSession.dropWorkspace(LocalSession.java:76)
	at net.ion.radon.repository.TestBaseRepository.setUp(TestBaseRepository.java:17)
	at net.ion.radon.repository.TestQueryOperator.setUp(TestQueryOperator.java:19)
	at junit.framework.TestCase.runBare(TestCase.java:128)
	at junit.framework.TestResult$1.protect(TestResult.java:106)
	at junit.framework.TestResult.runProtected(TestResult.java:124)
	at junit.framework.TestResult.run(TestResult.java:109)
	at junit.framework.TestCase.run(TestCase.java:120)
	at junit.framework.TestSuite.runTest(TestSuite.java:230)
	at junit.framework.TestSuite.run(TestSuite.java:225)
	at junit.framework.TestSuite.runTest(TestSuite.java:230)
	at junit.framework.TestSuite.run(TestSuite.java:225)
	at junit.framework.TestSuite.runTest(TestSuite.java:230)
	at junit.framework.TestSuite.run(TestSuite.java:225)
	at junit.framework.TestSuite.runTest(TestSuite.java:230)
	at junit.framework.TestSuite.run(TestSuite.java:225)
	at org.apache.tools.ant.taskdefs.optional.junit.JUnitTestRunner.run(JUnitTestRunner.java:421)
	at org.apache.tools.ant.taskdefs.optional.junit.JUnitTestRunner.launch(JUnitTestRunner.java:912)
	at org.apache.tools.ant.taskdefs.optional.junit.JUnitTestRunner.main(JUnitTestRunner.java:766)
2011. 11. 17 오전 8:12:37 com.mongodb.DBPortPool gotError
경고: emptying DBPortPool to 61.250.201.78:27017 b/c of error
java.io.IOException: couldn't connect to [/61.250.201.78:27017] bc:java.net.ConnectException: Connection timed out: connect
	at com.mongodb.DBPort._open(DBPort.java:224)
	at com.mongodb.DBPort.go(DBPort.java:101)
	at com.mongodb.DBPort.go(DBPort.java:82)
	at com.mongodb.DBPort.say(DBPort.java:77)
	at com.mongodb.DBTCPConnector.say(DBTCPConnector.java:146)
	at com.mongodb.DBTCPConnector.say(DBTCPConnector.java:132)
	at com.mongodb.DBApiLayer$MyCollection.insert(DBApiLayer.java:262)
	at com.mongodb.DBApiLayer$MyCollection.createIndex(DBApiLayer.java:354)
	at com.mongodb.DBCollection.ensureIndex(DBCollection.java:444)
	at com.mongodb.DBCollection.ensureIndex(DBCollection.java:392)
	at net.ion.radon.repository.Workspace.createWorkspace(Workspace.java:64)
	at net.ion.radon.repository.Workspace.load(Workspace.java:43)
	at net.ion.radon.repository.Repository.getWorkspace(Repository.java:28)
	at net.ion.radon.repository.LocalSession.getCurrentWorkspace(LocalSession.java:147)
	at net.ion.radon.repository.LocalSession.dropWorkspace(LocalSession.java:76)
	at net.ion.radon.repository.TestBaseRepository.setUp(TestBaseRepository.java:17)
	at net.ion.radon.repository.TestQueryOperator.setUp(TestQueryOperator.java:19)
	at junit.framework.TestCase.runBare(TestCase.java:128)
	at junit.framework.TestResult$1.protect(TestResult.java:106)
	at junit.framework.TestResult.runProtected(TestResult.java:124)
	at junit.framework.TestResult.run(TestResult.java:109)
	at junit.framework.TestCase.run(TestCase.java:120)
	at junit.framework.TestSuite.runTest(TestSuite.java:230)
	at junit.framework.TestSuite.run(TestSuite.java:225)
	at junit.framework.TestSuite.runTest(TestSuite.java:230)
	at junit.framework.TestSuite.run(TestSuite.java:225)
	at junit.framework.TestSuite.runTest(TestSuite.java:230)
	at junit.framework.TestSuite.run(TestSuite.java:225)
	at junit.framework.TestSuite.runTest(TestSuite.java:230)
	at junit.framework.TestSuite.run(TestSuite.java:225)
	at org.apache.tools.ant.taskdefs.optional.junit.JUnitTestRunner.run(JUnitTestRunner.java:421)
	at org.apache.tools.ant.taskdefs.optional.junit.JUnitTestRunner.launch(JUnitTestRunner.java:912)
	at org.apache.tools.ant.taskdefs.optional.junit.JUnitTestRunner.main(JUnitTestRunner.java:766)
2011. 11. 17 오전 8:12:58 com.mongodb.DBTCPConnector fetchMaxBsonObjectSize
경고: Exception determining maxBSON size using0
java.io.IOException: couldn't connect to [/61.250.201.78:27017] bc:java.net.ConnectException: Connection timed out: connect
	at com.mongodb.DBPort._open(DBPort.java:224)
	at com.mongodb.DBPort.go(DBPort.java:101)
	at com.mongodb.DBPort.go(DBPort.java:82)
	at com.mongodb.DBPort.findOne(DBPort.java:142)
	at com.mongodb.DBPort.runCommand(DBPort.java:151)
	at com.mongodb.DBTCPConnector.fetchMaxBsonObjectSize(DBTCPConnector.java:429)
	at com.mongodb.Mongo.getMaxBsonObjectSize(Mongo.java:544)
	at com.mongodb.DBApiLayer$MyCollection.insert(DBApiLayer.java:244)
	at com.mongodb.DBApiLayer$MyCollection.createIndex(DBApiLayer.java:354)
	at com.mongodb.DBCollection.ensureIndex(DBCollection.java:444)
	at com.mongodb.DBCollection.ensureIndex(DBCollection.java:392)
	at net.ion.radon.repository.Workspace.createWorkspace(Workspace.java:64)
	at net.ion.radon.repository.Workspace.load(Workspace.java:43)
	at net.ion.radon.repository.Repository.getWorkspace(Repository.java:28)
	at net.ion.radon.repository.LocalSession.getCurrentWorkspace(LocalSession.java:147)
	at net.ion.radon.repository.LocalSession.dropWorkspace(LocalSession.java:76)
	at net.ion.radon.repository.TestBaseRepository.setUp(TestBaseRepository.java:17)
	at net.ion.radon.repository.TestQueryOperator.setUp(TestQueryOperator.java:19)
	at junit.framework.TestCase.runBare(TestCase.java:128)
	at junit.framework.TestResult$1.protect(TestResult.java:106)
	at junit.framework.TestResult.runProtected(TestResult.java:124)
	at junit.framework.TestResult.run(TestResult.java:109)
	at junit.framework.TestCase.run(TestCase.java:120)
	at junit.framework.TestSuite.runTest(TestSuite.java:230)
	at junit.framework.TestSuite.run(TestSuite.java:225)
	at junit.framework.TestSuite.runTest(TestSuite.java:230)
	at junit.framework.TestSuite.run(TestSuite.java:225)
	at junit.framework.TestSuite.runTest(TestSuite.java:230)
	at junit.framework.TestSuite.run(TestSuite.java:225)
	at junit.framework.TestSuite.runTest(TestSuite.java:230)
	at junit.framework.TestSuite.run(TestSuite.java:225)
	at org.apache.tools.ant.taskdefs.optional.junit.JUnitTestRunner.run(JUnitTestRunner.java:421)
	at org.apache.tools.ant.taskdefs.optional.junit.JUnitTestRunner.launch(JUnitTestRunner.java:912)
	at org.apache.tools.ant.taskdefs.optional.junit.JUnitTestRunner.main(JUnitTestRunner.java:766)
2011. 11. 17 오전 8:13:19 com.mongodb.DBTCPConnector fetchMaxBsonObjectSize
경고: Exception determining maxBSON size using0
java.io.IOException: couldn't connect to [/61.250.201.78:27017] bc:java.net.ConnectException: Connection timed out: connect
	at com.mongodb.DBPort._open(DBPort.java:224)
	at com.mongodb.DBPort.go(DBPort.java:101)
	at com.mongodb.DBPort.go(DBPort.java:82)
	at com.mongodb.DBPort.findOne(DBPort.java:142)
	at com.mongodb.DBPort.runCommand(DBPort.java:151)
	at com.mongodb.DBTCPConnector.fetchMaxBsonObjectSize(DBTCPConnector.java:429)
	at com.mongodb.DBTCPConnector.checkMaster(DBTCPConnector.java:416)
	at com.mongodb.DBTCPConnector.say(DBTCPConnector.java:139)
	at com.mongodb.DBTCPConnector.say(DBTCPConnector.java:132)
	at com.mongodb.DBApiLayer$MyCollection.insert(DBApiLayer.java:262)
	at com.mongodb.DBApiLayer$MyCollection.createIndex(DBApiLayer.java:354)
	at com.mongodb.DBCollection.ensureIndex(DBCollection.java:444)
	at com.mongodb.DBCollection.ensureIndex(DBCollection.java:392)
	at net.ion.radon.repository.Workspace.createWorkspace(Workspace.java:64)
	at net.ion.radon.repository.Workspace.load(Workspace.java:43)
	at net.ion.radon.repository.Repository.getWorkspace(Repository.java:28)
	at net.ion.radon.repository.LocalSession.getCurrentWorkspace(LocalSession.java:147)
	at net.ion.radon.repository.LocalSession.dropWorkspace(LocalSession.java:76)
	at net.ion.radon.repository.TestBaseRepository.setUp(TestBaseRepository.java:17)
	at net.ion.radon.repository.TestQueryOperator.setUp(TestQueryOperator.java:19)
	at junit.framework.TestCase.runBare(TestCase.java:128)
	at junit.framework.TestResult$1.protect(TestResult.java:106)
	at junit.framework.TestResult.runProtected(TestResult.java:124)
	at junit.framework.TestResult.run(TestResult.java:109)
	at junit.framework.TestCase.run(TestCase.java:120)
	at junit.framework.TestSuite.runTest(TestSuite.java:230)
	at junit.framework.TestSuite.run(TestSuite.java:225)
	at junit.framework.TestSuite.runTest(TestSuite.java:230)
	at junit.framework.TestSuite.run(TestSuite.java:225)
	at junit.framework.TestSuite.runTest(TestSuite.java:230)
	at junit.framework.TestSuite.run(TestSuite.java:225)
	at junit.framework.TestSuite.runTest(TestSuite.java:230)
	at junit.framework.TestSuite.run(TestSuite.java:225)
	at org.apache.tools.ant.taskdefs.optional.junit.JUnitTestRunner.run(JUnitTestRunner.java:421)
	at org.apache.tools.ant.taskdefs.optional.junit.JUnitTestRunner.launch(JUnitTestRunner.java:912)
	at org.apache.tools.ant.taskdefs.optional.junit.JUnitTestRunner.main(JUnitTestRunner.java:766)
2011. 11. 17 오전 8:13:40 com.mongodb.DBPortPool gotError
경고: emptying DBPortPool to 61.250.201.78:27017 b/c of error
java.io.IOException: couldn't connect to [/61.250.201.78:27017] bc:java.net.ConnectException: Connection timed out: connect
	at com.mongodb.DBPort._open(DBPort.java:224)
	at com.mongodb.DBPort.go(DBPort.java:101)
	at com.mongodb.DBPort.go(DBPort.java:82)
	at com.mongodb.DBPort.say(DBPort.java:77)
	at com.mongodb.DBTCPConnector.say(DBTCPConnector.java:146)
	at com.mongodb.DBTCPConnector.say(DBTCPConnector.java:132)
	at com.mongodb.DBApiLayer$MyCollection.insert(DBApiLayer.java:262)
	at com.mongodb.DBApiLayer$MyCollection.createIndex(DBApiLayer.java:354)
	at com.mongodb.DBCollection.ensureIndex(DBCollection.java:444)
	at com.mongodb.DBCollection.ensureIndex(DBCollection.java:392)
	at net.ion.radon.repository.Workspace.createWorkspace(Workspace.java:64)
	at net.ion.radon.repository.Workspace.load(Workspace.java:43)
	at net.ion.radon.repository.Repository.getWorkspace(Repository.java:28)
	at net.ion.radon.repository.LocalSession.getCurrentWorkspace(LocalSession.java:147)
	at net.ion.radon.repository.LocalSession.dropWorkspace(LocalSession.java:76)
	at net.ion.radon.repository.TestBaseRepository.setUp(TestBaseRepository.java:17)
	at net.ion.radon.repository.TestQueryOperator.setUp(TestQueryOperator.java:19)
	at junit.framework.TestCase.runBare(TestCase.java:128)
	at junit.framework.TestResult$1.protect(TestResult.java:106)
	at junit.framework.TestResult.runProtected(TestResult.java:124)
	at junit.framework.TestResult.run(TestResult.java:109)
	at junit.framework.TestCase.run(TestCase.java:120)
	at junit.framework.TestSuite.runTest(TestSuite.java:230)
	at junit.framework.TestSuite.run(TestSuite.java:225)
	at junit.framework.TestSuite.runTest(TestSuite.java:230)
	at junit.framework.TestSuite.run(TestSuite.java:225)
	at junit.framework.TestSuite.runTest(TestSuite.java:230)
	at junit.framework.TestSuite.run(TestSuite.java:225)
	at junit.framework.TestSuite.runTest(TestSuite.java:230)
	at junit.framework.TestSuite.run(TestSuite.java:225)
	at org.apache.tools.ant.taskdefs.optional.junit.JUnitTestRunner.run(JUnitTestRunner.java:421)
	at org.apache.tools.ant.taskdefs.optional.junit.JUnitTestRunner.launch(JUnitTestRunner.java:912)
	at org.apache.tools.ant.taskdefs.optional.junit.JUnitTestRunner.main(JUnitTestRunner.java:766)
2011. 11. 17 오전 8:14:01 com.mongodb.DBTCPConnector fetchMaxBsonObjectSize
경고: Exception determining maxBSON size using0
java.io.IOException: couldn't connect to [/61.250.201.78:27017] bc:java.net.ConnectException: Connection timed out: connect
	at com.mongodb.DBPort._open(DBPort.java:224)
	at com.mongodb.DBPort.go(DBPort.java:101)
	at com.mongodb.DBPort.go(DBPort.java:82)
	at com.mongodb.DBPort.findOne(DBPort.java:142)
	at com.mongodb.DBPort.runCommand(DBPort.java:151)
	at com.mongodb.DBTCPConnector.fetchMaxBsonObjectSize(DBTCPConnector.java:429)
	at com.mongodb.Mongo.getMaxBsonObjectSize(Mongo.java:544)
	at com.mongodb.DBApiLayer$MyCollection.insert(DBApiLayer.java:244)
	at com.mongodb.DBApiLayer$MyCollection.createIndex(DBApiLayer.java:354)
	at com.mongodb.DBCollection.ensureIndex(DBCollection.java:444)
	at com.mongodb.DBCollection.ensureIndex(DBCollection.java:392)
	at net.ion.radon.repository.Workspace.createWorkspace(Workspace.java:64)
	at net.ion.radon.repository.Workspace.load(Workspace.java:43)
	at net.ion.radon.repository.Repository.getWorkspace(Repository.java:28)
	at net.ion.radon.repository.LocalSession.getCurrentWorkspace(LocalSession.java:147)
	at net.ion.radon.repository.LocalSession.dropWorkspace(LocalSession.java:76)
	at net.ion.radon.repository.TestBaseRepository.setUp(TestBaseRepository.java:17)
	at net.ion.radon.repository.TestQueryOperator.setUp(TestQueryOperator.java:19)
	at junit.framework.TestCase.runBare(TestCase.java:128)
	at junit.framework.TestResult$1.protect(TestResult.java:106)
	at junit.framework.TestResult.runProtected(TestResult.java:124)
	at junit.framework.TestResult.run(TestResult.java:109)
	at junit.framework.TestCase.run(TestCase.java:120)
	at junit.framework.TestSuite.runTest(TestSuite.java:230)
	at junit.framework.TestSuite.run(TestSuite.java:225)
	at junit.framework.TestSuite.runTest(TestSuite.java:230)
	at junit.framework.TestSuite.run(TestSuite.java:225)
	at junit.framework.TestSuite.runTest(TestSuite.java:230)
	at junit.framework.TestSuite.run(TestSuite.java:225)
	at junit.framework.TestSuite.runTest(TestSuite.java:230)
	at junit.framework.TestSuite.run(TestSuite.java:225)
	at org.apache.tools.ant.taskdefs.optional.junit.JUnitTestRunner.run(JUnitTestRunner.java:421)
	at org.apache.tools.ant.taskdefs.optional.junit.JUnitTestRunner.launch(JUnitTestRunner.java:912)
	at org.apache.tools.ant.taskdefs.optional.junit.JUnitTestRunner.main(JUnitTestRunner.java:766)
2011. 11. 17 오전 8:14:22 com.mongodb.DBTCPConnector fetchMaxBsonObjectSize
경고: Exception determining maxBSON size using0
java.io.IOException: couldn't connect to [/61.250.201.78:27017] bc:java.net.ConnectException: Connection timed out: connect
	at com.mongodb.DBPort._open(DBPort.java:224)
	at com.mongodb.DBPort.go(DBPort.java:101)
	at com.mongodb.DBPort.go(DBPort.java:82)
	at com.mongodb.DBPort.findOne(DBPort.java:142)
	at com.mongodb.DBPort.runCommand(DBPort.java:151)
	at com.mongodb.DBTCPConnector.fetchMaxBsonObjectSize(DBTCPConnector.java:429)
	at com.mongodb.DBTCPConnector.checkMaster(DBTCPConnector.java:416)
	at com.mongodb.DBTCPConnector.say(DBTCPConnector.java:139)
	at com.mongodb.DBTCPConnector.say(DBTCPConnector.java:132)
	at com.mongodb.DBApiLayer$MyCollection.insert(DBApiLayer.java:262)
	at com.mongodb.DBApiLayer$MyCollection.createIndex(DBApiLayer.java:354)
	at com.mongodb.DBCollection.ensureIndex(DBCollection.java:444)
	at com.mongodb.DBCollection.ensureIndex(DBCollection.java:392)
	at net.ion.radon.repository.Workspace.createWorkspace(Workspace.java:64)
	at net.ion.radon.repository.Workspace.load(Workspace.java:43)
	at net.ion.radon.repository.Repository.getWorkspace(Repository.java:28)
	at net.ion.radon.repository.LocalSession.getCurrentWorkspace(LocalSession.java:147)
	at net.ion.radon.repository.LocalSession.dropWorkspace(LocalSession.java:76)
	at net.ion.radon.repository.TestBaseRepository.setUp(TestBaseRepository.java:17)
	at net.ion.radon.repository.TestQueryOperator.setUp(TestQueryOperator.java:19)
	at junit.framework.TestCase.runBare(TestCase.java:128)
	at junit.framework.TestResult$1.protect(TestResult.java:106)
	at junit.framework.TestResult.runProtected(TestResult.java:124)
	at junit.framework.TestResult.run(TestResult.java:109)
	at junit.framework.TestCase.run(TestCase.java:120)
	at junit.framework.TestSuite.runTest(TestSuite.java:230)
	at junit.framework.TestSuite.run(TestSuite.java:225)
	at junit.framework.TestSuite.runTest(TestSuite.java:230)
	at junit.framework.TestSuite.run(TestSuite.java:225)
	at junit.framework.TestSuite.runTest(TestSuite.java:230)
	at junit.framework.TestSuite.run(TestSuite.java:225)
	at junit.framework.TestSuite.runTest(TestSuite.java:230)
	at junit.framework.TestSuite.run(TestSuite.java:225)
	at org.apache.tools.ant.taskdefs.optional.junit.JUnitTestRunner.run(JUnitTestRunner.java:421)
	at org.apache.tools.ant.taskdefs.optional.junit.JUnitTestRunner.launch(JUnitTestRunner.java:912)
	at org.apache.tools.ant.taskdefs.optional.junit.JUnitTestRunner.main(JUnitTestRunner.java:766)
2011. 11. 17 오전 8:14:43 com.mongodb.DBPortPool gotError
경고: emptying DBPortPool to 61.250.201.78:27017 b/c of error
java.io.IOException: couldn't connect to [/61.250.201.78:27017] bc:java.net.ConnectException: Connection timed out: connect
	at com.mongodb.DBPort._open(DBPort.java:224)
	at com.mongodb.DBPort.go(DBPort.java:101)
	at com.mongodb.DBPort.go(DBPort.java:82)
	at com.mongodb.DBPort.say(DBPort.java:77)
	at com.mongodb.DBTCPConnector.say(DBTCPConnector.java:146)
	at com.mongodb.DBTCPConnector.say(DBTCPConnector.java:132)
	at com.mongodb.DBApiLayer$MyCollection.insert(DBApiLayer.java:262)
	at com.mongodb.DBApiLayer$MyCollection.createIndex(DBApiLayer.java:354)
	at com.mongodb.DBCollection.ensureIndex(DBCollection.java:444)
	at com.mongodb.DBCollection.ensureIndex(DBCollection.java:392)
	at net.ion.radon.repository.Workspace.createWorkspace(Workspace.java:64)
	at net.ion.radon.repository.Workspace.load(Workspace.java:43)
	at net.ion.radon.repository.Repository.getWorkspace(Repository.java:28)
	at net.ion.radon.repository.LocalSession.getCurrentWorkspace(LocalSession.java:147)
	at net.ion.radon.repository.LocalSession.dropWorkspace(LocalSession.java:76)
	at net.ion.radon.repository.TestBaseRepository.setUp(TestBaseRepository.java:17)
	at net.ion.radon.repository.TestQueryOperator.setUp(TestQueryOperator.java:19)
	at junit.framework.TestCase.runBare(TestCase.java:128)
	at junit.framework.TestResult$1.protect(TestResult.java:106)
	at junit.framework.TestResult.runProtected(TestResult.java:124)
	at junit.framework.TestResult.run(TestResult.java:109)
	at junit.framework.TestCase.run(TestCase.java:120)
	at junit.framework.TestSuite.runTest(TestSuite.java:230)
	at junit.framework.TestSuite.run(TestSuite.java:225)
	at junit.framework.TestSuite.runTest(TestSuite.java:230)
	at junit.framework.TestSuite.run(TestSuite.java:225)
	at junit.framework.TestSuite.runTest(TestSuite.java:230)
	at junit.framework.TestSuite.run(TestSuite.java:225)
	at junit.framework.TestSuite.runTest(TestSuite.java:230)
	at junit.framework.TestSuite.run(TestSuite.java:225)
	at org.apache.tools.ant.taskdefs.optional.junit.JUnitTestRunner.run(JUnitTestRunner.java:421)
	at org.apache.tools.ant.taskdefs.optional.junit.JUnitTestRunner.launch(JUnitTestRunner.java:912)
	at org.apache.tools.ant.taskdefs.optional.junit.JUnitTestRunner.main(JUnitTestRunner.java:766)
2011. 11. 17 오전 8:15:04 com.mongodb.DBTCPConnector fetchMaxBsonObjectSize
경고: Exception determining maxBSON size using0
java.io.IOException: couldn't connect to [/61.250.201.78:27017] bc:java.net.ConnectException: Connection timed out: connect
	at com.mongodb.DBPort._open(DBPort.java:224)
	at com.mongodb.DBPort.go(DBPort.java:101)
	at com.mongodb.DBPort.go(DBPort.java:82)
	at com.mongodb.DBPort.findOne(DBPort.java:142)
	at com.mongodb.DBPort.runCommand(DBPort.java:151)
	at com.mongodb.DBTCPConnector.fetchMaxBsonObjectSize(DBTCPConnector.java:429)
	at com.mongodb.Mongo.getMaxBsonObjectSize(Mongo.java:544)
	at com.mongodb.DBApiLayer$MyCollection.insert(DBApiLayer.java:244)
	at com.mongodb.DBApiLayer$MyCollection.createIndex(DBApiLayer.java:354)
	at com.mongodb.DBCollection.ensureIndex(DBCollection.java:444)
	at com.mongodb.DBCollection.ensureIndex(DBCollection.java:392)
	at net.ion.radon.repository.Workspace.createWorkspace(Workspace.java:64)
	at net.ion.radon.repository.Workspace.load(Workspace.java:43)
	at net.ion.radon.repository.Repository.getWorkspace(Repository.java:28)
	at net.ion.radon.repository.LocalSession.getCurrentWorkspace(LocalSession.java:147)
	at net.ion.radon.repository.LocalSession.dropWorkspace(LocalSession.java:76)
	at net.ion.radon.repository.TestBaseRepository.setUp(TestBaseRepository.java:17)
	at net.ion.radon.repository.TestQueryOperator.setUp(TestQueryOperator.java:19)
	at junit.framework.TestCase.runBare(TestCase.java:128)
	at junit.framework.TestResult$1.protect(TestResult.java:106)
	at junit.framework.TestResult.runProtected(TestResult.java:124)
	at junit.framework.TestResult.run(TestResult.java:109)
	at junit.framework.TestCase.run(TestCase.java:120)
	at junit.framework.TestSuite.runTest(TestSuite.java:230)
	at junit.framework.TestSuite.run(TestSuite.java:225)
	at junit.framework.TestSuite.runTest(TestSuite.java:230)
	at junit.framework.TestSuite.run(TestSuite.java:225)
	at junit.framework.TestSuite.runTest(TestSuite.java:230)
	at junit.framework.TestSuite.run(TestSuite.java:225)
	at junit.framework.TestSuite.runTest(TestSuite.java:230)
	at junit.framework.TestSuite.run(TestSuite.java:225)
	at org.apache.tools.ant.taskdefs.optional.junit.JUnitTestRunner.run(JUnitTestRunner.java:421)
	at org.apache.tools.ant.taskdefs.optional.junit.JUnitTestRunner.launch(JUnitTestRunner.java:912)
	at org.apache.tools.ant.taskdefs.optional.junit.JUnitTestRunner.main(JUnitTestRunner.java:766)
2011. 11. 17 오전 8:15:25 com.mongodb.DBTCPConnector fetchMaxBsonObjectSize
경고: Exception determining maxBSON size using0
java.io.IOException: couldn't connect to [/61.250.201.78:27017] bc:java.net.ConnectException: Connection timed out: connect
	at com.mongodb.DBPort._open(DBPort.java:224)
	at com.mongodb.DBPort.go(DBPort.java:101)
	at com.mongodb.DBPort.go(DBPort.java:82)
	at com.mongodb.DBPort.findOne(DBPort.java:142)
	at com.mongodb.DBPort.runCommand(DBPort.java:151)
	at com.mongodb.DBTCPConnector.fetchMaxBsonObjectSize(DBTCPConnector.java:429)
	at com.mongodb.DBTCPConnector.checkMaster(DBTCPConnector.java:416)
	at com.mongodb.DBTCPConnector.say(DBTCPConnector.java:139)
	at com.mongodb.DBTCPConnector.say(DBTCPConnector.java:132)
	at com.mongodb.DBApiLayer$MyCollection.insert(DBApiLayer.java:262)
	at com.mongodb.DBApiLayer$MyCollection.createIndex(DBApiLayer.java:354)
	at com.mongodb.DBCollection.ensureIndex(DBCollection.java:444)
	at com.mongodb.DBCollection.ensureIndex(DBCollection.java:392)
	at net.ion.radon.repository.Workspace.createWorkspace(Workspace.java:64)
	at net.ion.radon.repository.Workspace.load(Workspace.java:43)
	at net.ion.radon.repository.Repository.getWorkspace(Repository.java:28)
	at net.ion.radon.repository.LocalSession.getCurrentWorkspace(LocalSession.java:147)
	at net.ion.radon.repository.LocalSession.dropWorkspace(LocalSession.java:76)
	at net.ion.radon.repository.TestBaseRepository.setUp(TestBaseRepository.java:17)
	at net.ion.radon.repository.TestQueryOperator.setUp(TestQueryOperator.java:19)
	at junit.framework.TestCase.runBare(TestCase.java:128)
	at junit.framework.TestResult$1.protect(TestResult.java:106)
	at junit.framework.TestResult.runProtected(TestResult.java:124)
	at junit.framework.TestResult.run(TestResult.java:109)
	at junit.framework.TestCase.run(TestCase.java:120)
	at junit.framework.TestSuite.runTest(TestSuite.java:230)
	at junit.framework.TestSuite.run(TestSuite.java:225)
	at junit.framework.TestSuite.runTest(TestSuite.java:230)
	at junit.framework.TestSuite.run(TestSuite.java:225)
	at junit.framework.TestSuite.runTest(TestSuite.java:230)
	at junit.framework.TestSuite.run(TestSuite.java:225)
	at junit.framework.TestSuite.runTest(TestSuite.java:230)
	at junit.framework.TestSuite.run(TestSuite.java:225)
	at org.apache.tools.ant.taskdefs.optional.junit.JUnitTestRunner.run(JUnitTestRunner.java:421)
	at org.apache.tools.ant.taskdefs.optional.junit.JUnitTestRunner.launch(JUnitTestRunner.java:912)
	at org.apache.tools.ant.taskdefs.optional.junit.JUnitTestRunner.main(JUnitTestRunner.java:766)
2011. 11. 17 오전 8:15:46 com.mongodb.DBPortPool gotError
경고: emptying DBPortPool to 61.250.201.78:27017 b/c of error
java.io.IOException: couldn't connect to [/61.250.201.78:27017] bc:java.net.ConnectException: Connection timed out: connect
	at com.mongodb.DBPort._open(DBPort.java:224)
	at com.mongodb.DBPort.go(DBPort.java:101)
	at com.mongodb.DBPort.go(DBPort.java:82)
	at com.mongodb.DBPort.say(DBPort.java:77)
	at com.mongodb.DBTCPConnector.say(DBTCPConnector.java:146)
	at com.mongodb.DBTCPConnector.say(DBTCPConnector.java:132)
	at com.mongodb.DBApiLayer$MyCollection.insert(DBApiLayer.java:262)
	at com.mongodb.DBApiLayer$MyCollection.createIndex(DBApiLayer.java:354)
	at com.mongodb.DBCollection.ensureIndex(DBCollection.java:444)
	at com.mongodb.DBCollection.ensureIndex(DBCollection.java:392)
	at net.ion.radon.repository.Workspace.createWorkspace(Workspace.java:64)
	at net.ion.radon.repository.Workspace.load(Workspace.java:43)
	at net.ion.radon.repository.Repository.getWorkspace(Repository.java:28)
	at net.ion.radon.repository.LocalSession.getCurrentWorkspace(LocalSession.java:147)
	at net.ion.radon.repository.LocalSession.dropWorkspace(LocalSession.java:76)
	at net.ion.radon.repository.TestBaseRepository.setUp(TestBaseRepository.java:17)
	at net.ion.radon.repository.TestQueryOperator.setUp(TestQueryOperator.java:19)
	at junit.framework.TestCase.runBare(TestCase.java:128)
	at junit.framework.TestResult$1.protect(TestResult.java:106)
	at junit.framework.TestResult.runProtected(TestResult.java:124)
	at junit.framework.TestResult.run(TestResult.java:109)
	at junit.framework.TestCase.run(TestCase.java:120)
	at junit.framework.TestSuite.runTest(TestSuite.java:230)
	at junit.framework.TestSuite.run(TestSuite.java:225)
	at junit.framework.TestSuite.runTest(TestSuite.java:230)
	at junit.framework.TestSuite.run(TestSuite.java:225)
	at junit.framework.TestSuite.runTest(TestSuite.java:230)
	at junit.framework.TestSuite.run(TestSuite.java:225)
	at junit.framework.TestSuite.runTest(TestSuite.java:230)
	at junit.framework.TestSuite.run(TestSuite.java:225)
	at org.apache.tools.ant.taskdefs.optional.junit.JUnitTestRunner.run(JUnitTestRunner.java:421)
	at org.apache.tools.ant.taskdefs.optional.junit.JUnitTestRunner.launch(JUnitTestRunner.java:912)
	at org.apache.tools.ant.taskdefs.optional.junit.JUnitTestRunner.main(JUnitTestRunner.java:766)
2011. 11. 17 오전 8:16:07 com.mongodb.DBTCPConnector fetchMaxBsonObjectSize
경고: Exception determining maxBSON size using0
java.io.IOException: couldn't connect to [/61.250.201.78:27017] bc:java.net.ConnectException: Connection timed out: connect
	at com.mongodb.DBPort._open(DBPort.java:224)
	at com.mongodb.DBPort.go(DBPort.java:101)
	at com.mongodb.DBPort.go(DBPort.java:82)
	at com.mongodb.DBPort.findOne(DBPort.java:142)
	at com.mongodb.DBPort.runCommand(DBPort.java:151)
	at com.mongodb.DBTCPConnector.fetchMaxBsonObjectSize(DBTCPConnector.java:429)
	at com.mongodb.Mongo.getMaxBsonObjectSize(Mongo.java:544)
	at com.mongodb.DBApiLayer$MyCollection.insert(DBApiLayer.java:244)
	at com.mongodb.DBApiLayer$MyCollection.createIndex(DBApiLayer.java:354)
	at com.mongodb.DBCollection.ensureIndex(DBCollection.java:444)
	at com.mongodb.DBCollection.ensureIndex(DBCollection.java:392)
	at net.ion.radon.repository.Workspace.createWorkspace(Workspace.java:64)
	at net.ion.radon.repository.Workspace.load(Workspace.java:43)
	at net.ion.radon.repository.Repository.getWorkspace(Repository.java:28)
	at net.ion.radon.repository.LocalSession.getCurrentWorkspace(LocalSession.java:147)
	at net.ion.radon.repository.LocalSession.dropWorkspace(LocalSession.java:76)
	at net.ion.radon.repository.TestBaseRepository.setUp(TestBaseRepository.java:17)
	at junit.framework.TestCase.runBare(TestCase.java:128)
	at junit.framework.TestResult$1.protect(TestResult.java:106)
	at junit.framework.TestResult.runProtected(TestResult.java:124)
	at junit.framework.TestResult.run(TestResult.java:109)
	at junit.framework.TestCase.run(TestCase.java:120)
	at junit.framework.TestSuite.runTest(TestSuite.java:230)
	at junit.framework.TestSuite.run(TestSuite.java:225)
	at junit.framework.TestSuite.runTest(TestSuite.java:230)
	at junit.framework.TestSuite.run(TestSuite.java:225)
	at junit.framework.TestSuite.runTest(TestSuite.java:230)
	at junit.framework.TestSuite.run(TestSuite.java:225)
	at junit.framework.TestSuite.runTest(TestSuite.java:230)
	at junit.framework.TestSuite.run(TestSuite.java:225)
	at org.apache.tools.ant.taskdefs.optional.junit.JUnitTestRunner.run(JUnitTestRunner.java:421)
	at org.apache.tools.ant.taskdefs.optional.junit.JUnitTestRunner.launch(JUnitTestRunner.java:912)
	at org.apache.tools.ant.taskdefs.optional.junit.JUnitTestRunner.main(JUnitTestRunner.java:766)
2011. 11. 17 오전 8:16:28 com.mongodb.DBTCPConnector fetchMaxBsonObjectSize
경고: Exception determining maxBSON size using0
java.io.IOException: couldn't connect to [/61.250.201.78:27017] bc:java.net.ConnectException: Connection timed out: connect
	at com.mongodb.DBPort._open(DBPort.java:224)
	at com.mongodb.DBPort.go(DBPort.java:101)
	at com.mongodb.DBPort.go(DBPort.java:82)
	at com.mongodb.DBPort.findOne(DBPort.java:142)
	at com.mongodb.DBPort.runCommand(DBPort.java:151)
	at com.mongodb.DBTCPConnector.fetchMaxBsonObjectSize(DBTCPConnector.java:429)
	at com.mongodb.DBTCPConnector.checkMaster(DBTCPConnector.java:416)
	at com.mongodb.DBTCPConnector.say(DBTCPConnector.java:139)
	at com.mongodb.DBTCPConnector.say(DBTCPConnector.java:132)
	at com.mongodb.DBApiLayer$MyCollection.insert(DBApiLayer.java:262)
	at com.mongodb.DBApiLayer$MyCollection.createIndex(DBApiLayer.java:354)
	at com.mongodb.DBCollection.ensureIndex(DBCollection.java:444)
	at com.mongodb.DBCollection.ensureIndex(DBCollection.java:392)
	at net.ion.radon.repository.Workspace.createWorkspace(Workspace.java:64)
	at net.ion.radon.repository.Workspace.load(Workspace.java:43)
	at net.ion.radon.repository.Repository.getWorkspace(Repository.java:28)
	at net.ion.radon.repository.LocalSession.getCurrentWorkspace(LocalSession.java:147)
	at net.ion.radon.repository.LocalSession.dropWorkspace(LocalSession.java:76)
	at net.ion.radon.repository.TestBaseRepository.setUp(TestBaseRepository.java:17)
	at junit.framework.TestCase.runBare(TestCase.java:128)
	at junit.framework.TestResult$1.protect(TestResult.java:106)
	at junit.framework.TestResult.runProtected(TestResult.java:124)
	at junit.framework.TestResult.run(TestResult.java:109)
	at junit.framework.TestCase.run(TestCase.java:120)
	at junit.framework.TestSuite.runTest(TestSuite.java:230)
	at junit.framework.TestSuite.run(TestSuite.java:225)
	at junit.framework.TestSuite.runTest(TestSuite.java:230)
	at junit.framework.TestSuite.run(TestSuite.java:225)
	at junit.framework.TestSuite.runTest(TestSuite.java:230)
	at junit.framework.TestSuite.run(TestSuite.java:225)
	at junit.framework.TestSuite.runTest(TestSuite.java:230)
	at junit.framework.TestSuite.run(TestSuite.java:225)
	at org.apache.tools.ant.taskdefs.optional.junit.JUnitTestRunner.run(JUnitTestRunner.java:421)
	at org.apache.tools.ant.taskdefs.optional.junit.JUnitTestRunner.launch(JUnitTestRunner.java:912)
	at org.apache.tools.ant.taskdefs.optional.junit.JUnitTestRunner.main(JUnitTestRunner.java:766)
2011. 11. 17 오전 8:16:49 com.mongodb.DBPortPool gotError
경고: emptying DBPortPool to 61.250.201.78:27017 b/c of error
java.io.IOException: couldn't connect to [/61.250.201.78:27017] bc:java.net.ConnectException: Connection timed out: connect
	at com.mongodb.DBPort._open(DBPort.java:224)
	at com.mongodb.DBPort.go(DBPort.java:101)
	at com.mongodb.DBPort.go(DBPort.java:82)
	at com.mongodb.DBPort.say(DBPort.java:77)
	at com.mongodb.DBTCPConnector.say(DBTCPConnector.java:146)
	at com.mongodb.DBTCPConnector.say(DBTCPConnector.java:132)
	at com.mongodb.DBApiLayer$MyCollection.insert(DBApiLayer.java:262)
	at com.mongodb.DBApiLayer$MyCollection.createIndex(DBApiLayer.java:354)
	at com.mongodb.DBCollection.ensureIndex(DBCollection.java:444)
	at com.mongodb.DBCollection.ensureIndex(DBCollection.java:392)
	at net.ion.radon.repository.Workspace.createWorkspace(Workspace.java:64)
	at net.ion.radon.repository.Workspace.load(Workspace.java:43)
	at net.ion.radon.repository.Repository.getWorkspace(Repository.java:28)
	at net.ion.radon.repository.LocalSession.getCurrentWorkspace(LocalSession.java:147)
	at net.ion.radon.repository.LocalSession.dropWorkspace(LocalSession.java:76)
	at net.ion.radon.repository.TestBaseRepository.setUp(TestBaseRepository.java:17)
	at junit.framework.TestCase.runBare(TestCase.java:128)
	at junit.framework.TestResult$1.protect(TestResult.java:106)
	at junit.framework.TestResult.runProtected(TestResult.java:124)
	at junit.framework.TestResult.run(TestResult.java:109)
	at junit.framework.TestCase.run(TestCase.java:120)
	at junit.framework.TestSuite.runTest(TestSuite.java:230)
	at junit.framework.TestSuite.run(TestSuite.java:225)
	at junit.framework.TestSuite.runTest(TestSuite.java:230)
	at junit.framework.TestSuite.run(TestSuite.java:225)
	at junit.framework.TestSuite.runTest(TestSuite.java:230)
	at junit.framework.TestSuite.run(TestSuite.java:225)
	at junit.framework.TestSuite.runTest(TestSuite.java:230)
	at junit.framework.TestSuite.run(TestSuite.java:225)
	at org.apache.tools.ant.taskdefs.optional.junit.JUnitTestRunner.run(JUnitTestRunner.java:421)
	at org.apache.tools.ant.taskdefs.optional.junit.JUnitTestRunner.launch(JUnitTestRunner.java:912)
	at org.apache.tools.ant.taskdefs.optional.junit.JUnitTestRunner.main(JUnitTestRunner.java:766)
2011. 11. 17 오전 8:17:10 com.mongodb.DBTCPConnector fetchMaxBsonObjectSize
경고: Exception determining maxBSON size using0
java.io.IOException: couldn't connect to [/61.250.201.78:27017] bc:java.net.ConnectException: Connection timed out: connect
	at com.mongodb.DBPort._open(DBPort.java:224)
	at com.mongodb.DBPort.go(DBPort.java:101)
	at com.mongodb.DBPort.go(DBPort.java:82)
	at com.mongodb.DBPort.findOne(DBPort.java:142)
	at com.mongodb.DBPort.runCommand(DBPort.java:151)
	at com.mongodb.DBTCPConnector.fetchMaxBsonObjectSize(DBTCPConnector.java:429)
	at com.mongodb.Mongo.getMaxBsonObjectSize(Mongo.java:544)
	at com.mongodb.DBApiLayer$MyCollection.insert(DBApiLayer.java:244)
	at com.mongodb.DBApiLayer$MyCollection.createIndex(DBApiLayer.java:354)
	at com.mongodb.DBCollection.ensureIndex(DBCollection.java:444)
	at com.mongodb.DBCollection.ensureIndex(DBCollection.java:392)
	at net.ion.radon.repository.Workspace.createWorkspace(Workspace.java:64)
	at net.ion.radon.repository.Workspace.load(Workspace.java:43)
	at net.ion.radon.repository.Repository.getWorkspace(Repository.java:28)
	at net.ion.radon.repository.LocalSession.getCurrentWorkspace(LocalSession.java:147)
	at net.ion.radon.repository.LocalSession.dropWorkspace(LocalSession.java:76)
	at net.ion.radon.repository.TestBaseRepository.setUp(TestBaseRepository.java:17)
	at junit.framework.TestCase.runBare(TestCase.java:128)
	at junit.framework.TestResult$1.protect(TestResult.java:106)
	at junit.framework.TestResult.runProtected(TestResult.java:124)
	at junit.framework.TestResult.run(TestResult.java:109)
	at junit.framework.TestCase.run(TestCase.java:120)
	at junit.framework.TestSuite.runTest(TestSuite.java:230)
	at junit.framework.TestSuite.run(TestSuite.java:225)
	at junit.framework.TestSuite.runTest(TestSuite.java:230)
	at junit.framework.TestSuite.run(TestSuite.java:225)
	at junit.framework.TestSuite.runTest(TestSuite.java:230)
	at junit.framework.TestSuite.run(TestSuite.java:225)
	at junit.framework.TestSuite.runTest(TestSuite.java:230)
	at junit.framework.TestSuite.run(TestSuite.java:225)
	at org.apache.tools.ant.taskdefs.optional.junit.JUnitTestRunner.run(JUnitTestRunner.java:421)
	at org.apache.tools.ant.taskdefs.optional.junit.JUnitTestRunner.launch(JUnitTestRunner.java:912)
	at org.apache.tools.ant.taskdefs.optional.junit.JUnitTestRunner.main(JUnitTestRunner.java:766)
2011. 11. 17 오전 8:17:31 com.mongodb.DBTCPConnector fetchMaxBsonObjectSize
경고: Exception determining maxBSON size using0
java.io.IOException: couldn't connect to [/61.250.201.78:27017] bc:java.net.ConnectException: Connection timed out: connect
	at com.mongodb.DBPort._open(DBPort.java:224)
	at com.mongodb.DBPort.go(DBPort.java:101)
	at com.mongodb.DBPort.go(DBPort.java:82)
	at com.mongodb.DBPort.findOne(DBPort.java:142)
	at com.mongodb.DBPort.runCommand(DBPort.java:151)
	at com.mongodb.DBTCPConnector.fetchMaxBsonObjectSize(DBTCPConnector.java:429)
	at com.mongodb.DBTCPConnector.checkMaster(DBTCPConnector.java:416)
	at com.mongodb.DBTCPConnector.say(DBTCPConnector.java:139)
	at com.mongodb.DBTCPConnector.say(DBTCPConnector.java:132)
	at com.mongodb.DBApiLayer$MyCollection.insert(DBApiLayer.java:262)
	at com.mongodb.DBApiLayer$MyCollection.createIndex(DBApiLayer.java:354)
	at com.mongodb.DBCollection.ensureIndex(DBCollection.java:444)
	at com.mongodb.DBCollection.ensureIndex(DBCollection.java:392)
	at net.ion.radon.repository.Workspace.createWorkspace(Workspace.java:64)
	at net.ion.radon.repository.Workspace.load(Workspace.java:43)
	at net.ion.radon.repository.Repository.getWorkspace(Repository.java:28)
	at net.ion.radon.repository.LocalSession.getCurrentWorkspace(LocalSession.java:147)
	at net.ion.radon.repository.LocalSession.dropWorkspace(LocalSession.java:76)
	at net.ion.radon.repository.TestBaseRepository.setUp(TestBaseRepository.java:17)
	at junit.framework.TestCase.runBare(TestCase.java:128)
	at junit.framework.TestResult$1.protect(TestResult.java:106)
	at junit.framework.TestResult.runProtected(TestResult.java:124)
	at junit.framework.TestResult.run(TestResult.java:109)
	at junit.framework.TestCase.run(TestCase.java:120)
	at junit.framework.TestSuite.runTest(TestSuite.java:230)
	at junit.framework.TestSuite.run(TestSuite.java:225)
	at junit.framework.TestSuite.runTest(TestSuite.java:230)
	at junit.framework.TestSuite.run(TestSuite.java:225)
	at junit.framework.TestSuite.runTest(TestSuite.java:230)
	at junit.framework.TestSuite.run(TestSuite.java:225)
	at junit.framework.TestSuite.runTest(TestSuite.java:230)
	at junit.framework.TestSuite.run(TestSuite.java:225)
	at org.apache.tools.ant.taskdefs.optional.junit.JUnitTestRunner.run(JUnitTestRunner.java:421)
	at org.apache.tools.ant.taskdefs.optional.junit.JUnitTestRunner.launch(JUnitTestRunner.java:912)
	at org.apache.tools.ant.taskdefs.optional.junit.JUnitTestRunner.main(JUnitTestRunner.java:766)
2011. 11. 17 오전 8:17:53 com.mongodb.DBPortPool gotError
경고: emptying DBPortPool to 61.250.201.78:27017 b/c of error
java.io.IOException: couldn't connect to [/61.250.201.78:27017] bc:java.net.ConnectException: Connection timed out: connect
	at com.mongodb.DBPort._open(DBPort.java:224)
	at com.mongodb.DBPort.go(DBPort.java:101)
	at com.mongodb.DBPort.go(DBPort.java:82)
	at com.mongodb.DBPort.say(DBPort.java:77)
	at com.mongodb.DBTCPConnector.say(DBTCPConnector.java:146)
	at com.mongodb.DBTCPConnector.say(DBTCPConnector.java:132)
	at com.mongodb.DBApiLayer$MyCollection.insert(DBApiLayer.java:262)
	at com.mongodb.DBApiLayer$MyCollection.createIndex(DBApiLayer.java:354)
	at com.mongodb.DBCollection.ensureIndex(DBCollection.java:444)
	at com.mongodb.DBCollection.ensureIndex(DBCollection.java:392)
	at net.ion.radon.repository.Workspace.createWorkspace(Workspace.java:64)
	at net.ion.radon.repository.Workspace.load(Workspace.java:43)
	at net.ion.radon.repository.Repository.getWorkspace(Repository.java:28)
	at net.ion.radon.repository.LocalSession.getCurrentWorkspace(LocalSession.java:147)
	at net.ion.radon.repository.LocalSession.dropWorkspace(LocalSession.java:76)
	at net.ion.radon.repository.TestBaseRepository.setUp(TestBaseRepository.java:17)
	at junit.framework.TestCase.runBare(TestCase.java:128)
	at junit.framework.TestResult$1.protect(TestResult.java:106)
	at junit.framework.TestResult.runProtected(TestResult.java:124)
	at junit.framework.TestResult.run(TestResult.java:109)
	at junit.framework.TestCase.run(TestCase.java:120)
	at junit.framework.TestSuite.runTest(TestSuite.java:230)
	at junit.framework.TestSuite.run(TestSuite.java:225)
	at junit.framework.TestSuite.runTest(TestSuite.java:230)
	at junit.framework.TestSuite.run(TestSuite.java:225)
	at junit.framework.TestSuite.runTest(TestSuite.java:230)
	at junit.framework.TestSuite.run(TestSuite.java:225)
	at junit.framework.TestSuite.runTest(TestSuite.java:230)
	at junit.framework.TestSuite.run(TestSuite.java:225)
	at org.apache.tools.ant.taskdefs.optional.junit.JUnitTestRunner.run(JUnitTestRunner.java:421)
	at org.apache.tools.ant.taskdefs.optional.junit.JUnitTestRunner.launch(JUnitTestRunner.java:912)
	at org.apache.tools.ant.taskdefs.optional.junit.JUnitTestRunner.main(JUnitTestRunner.java:766)
2011. 11. 17 오전 8:18:15 com.mongodb.DBTCPConnector fetchMaxBsonObjectSize
경고: Exception determining maxBSON size using0
java.io.IOException: couldn't connect to [/61.250.201.78:27017] bc:java.net.ConnectException: Connection timed out: connect
	at com.mongodb.DBPort._open(DBPort.java:224)
	at com.mongodb.DBPort.go(DBPort.java:101)
	at com.mongodb.DBPort.go(DBPort.java:82)
	at com.mongodb.DBPort.findOne(DBPort.java:142)
	at com.mongodb.DBPort.runCommand(DBPort.java:151)
	at com.mongodb.DBTCPConnector.fetchMaxBsonObjectSize(DBTCPConnector.java:429)
	at com.mongodb.Mongo.getMaxBsonObjectSize(Mongo.java:544)
	at com.mongodb.DBApiLayer$MyCollection.insert(DBApiLayer.java:244)
	at com.mongodb.DBApiLayer$MyCollection.createIndex(DBApiLayer.java:354)
	at com.mongodb.DBCollection.ensureIndex(DBCollection.java:444)
	at com.mongodb.DBCollection.ensureIndex(DBCollection.java:392)
	at net.ion.radon.repository.Workspace.createWorkspace(Workspace.java:64)
	at net.ion.radon.repository.Workspace.load(Workspace.java:43)
	at net.ion.radon.repository.Repository.getWorkspace(Repository.java:28)
	at net.ion.radon.repository.LocalSession.getCurrentWorkspace(LocalSession.java:147)
	at net.ion.radon.repository.LocalSession.dropWorkspace(LocalSession.java:76)
	at net.ion.radon.repository.TestBaseRepository.setUp(TestBaseRepository.java:17)
	at junit.framework.TestCase.runBare(TestCase.java:128)
	at junit.framework.TestResult$1.protect(TestResult.java:106)
	at junit.framework.TestResult.runProtected(TestResult.java:124)
	at junit.framework.TestResult.run(TestResult.java:109)
	at junit.framework.TestCase.run(TestCase.java:120)
	at junit.framework.TestSuite.runTest(TestSuite.java:230)
	at junit.framework.TestSuite.run(TestSuite.java:225)
	at junit.framework.TestSuite.runTest(TestSuite.java:230)
	at junit.framework.TestSuite.run(TestSuite.java:225)
	at junit.framework.TestSuite.runTest(TestSuite.java:230)
	at junit.framework.TestSuite.run(TestSuite.java:225)
	at junit.framework.TestSuite.runTest(TestSuite.java:230)
	at junit.framework.TestSuite.run(TestSuite.java:225)
	at org.apache.tools.ant.taskdefs.optional.junit.JUnitTestRunner.run(JUnitTestRunner.java:421)
	at org.apache.tools.ant.taskdefs.optional.junit.JUnitTestRunner.launch(JUnitTestRunner.java:912)
	at org.apache.tools.ant.taskdefs.optional.junit.JUnitTestRunner.main(JUnitTestRunner.java:766)
2011. 11. 17 오전 8:18:36 com.mongodb.DBTCPConnector fetchMaxBsonObjectSize
경고: Exception determining maxBSON size using0
java.io.IOException: couldn't connect to [/61.250.201.78:27017] bc:java.net.ConnectException: Connection timed out: connect
	at com.mongodb.DBPort._open(DBPort.java:224)
	at com.mongodb.DBPort.go(DBPort.java:101)
	at com.mongodb.DBPort.go(DBPort.java:82)
	at com.mongodb.DBPort.findOne(DBPort.java:142)
	at com.mongodb.DBPort.runCommand(DBPort.java:151)
	at com.mongodb.DBTCPConnector.fetchMaxBsonObjectSize(DBTCPConnector.java:429)
	at com.mongodb.DBTCPConnector.checkMaster(DBTCPConnector.java:416)
	at com.mongodb.DBTCPConnector.say(DBTCPConnector.java:139)
	at com.mongodb.DBTCPConnector.say(DBTCPConnector.java:132)
	at com.mongodb.DBApiLayer$MyCollection.insert(DBApiLayer.java:262)
	at com.mongodb.DBApiLayer$MyCollection.createIndex(DBApiLayer.java:354)
	at com.mongodb.DBCollection.ensureIndex(DBCollection.java:444)
	at com.mongodb.DBCollection.ensureIndex(DBCollection.java:392)
	at net.ion.radon.repository.Workspace.createWorkspace(Workspace.java:64)
	at net.ion.radon.repository.Workspace.load(Workspace.java:43)
	at net.ion.radon.repository.Repository.getWorkspace(Repository.java:28)
	at net.ion.radon.repository.LocalSession.getCurrentWorkspace(LocalSession.java:147)
	at net.ion.radon.repository.LocalSession.dropWorkspace(LocalSession.java:76)
	at net.ion.radon.repository.TestBaseRepository.setUp(TestBaseRepository.java:17)
	at junit.framework.TestCase.runBare(TestCase.java:128)
	at junit.framework.TestResult$1.protect(TestResult.java:106)
	at junit.framework.TestResult.runProtected(TestResult.java:124)
	at junit.framework.TestResult.run(TestResult.java:109)
	at junit.framework.TestCase.run(TestCase.java:120)
	at junit.framework.TestSuite.runTest(TestSuite.java:230)
	at junit.framework.TestSuite.run(TestSuite.java:225)
	at junit.framework.TestSuite.runTest(TestSuite.java:230)
	at junit.framework.TestSuite.run(TestSuite.java:225)
	at junit.framework.TestSuite.runTest(TestSuite.java:230)
	at junit.framework.TestSuite.run(TestSuite.java:225)
	at junit.framework.TestSuite.runTest(TestSuite.java:230)
	at junit.framework.TestSuite.run(TestSuite.java:225)
	at org.apache.tools.ant.taskdefs.optional.junit.JUnitTestRunner.run(JUnitTestRunner.java:421)
	at org.apache.tools.ant.taskdefs.optional.junit.JUnitTestRunner.launch(JUnitTestRunner.java:912)
	at org.apache.tools.ant.taskdefs.optional.junit.JUnitTestRunner.main(JUnitTestRunner.java:766)
2011. 11. 17 오전 8:18:57 com.mongodb.DBPortPool gotError
경고: emptying DBPortPool to 61.250.201.78:27017 b/c of error
java.io.IOException: couldn't connect to [/61.250.201.78:27017] bc:java.net.ConnectException: Connection timed out: connect
	at com.mongodb.DBPort._open(DBPort.java:224)
	at com.mongodb.DBPort.go(DBPort.java:101)
	at com.mongodb.DBPort.go(DBPort.java:82)
	at com.mongodb.DBPort.say(DBPort.java:77)
	at com.mongodb.DBTCPConnector.say(DBTCPConnector.java:146)
	at com.mongodb.DBTCPConnector.say(DBTCPConnector.java:132)
	at com.mongodb.DBApiLayer$MyCollection.insert(DBApiLayer.java:262)
	at com.mongodb.DBApiLayer$MyCollection.createIndex(DBApiLayer.java:354)
	at com.mongodb.DBCollection.ensureIndex(DBCollection.java:444)
	at com.mongodb.DBCollection.ensureIndex(DBCollection.java:392)
	at net.ion.radon.repository.Workspace.createWorkspace(Workspace.java:64)
	at net.ion.radon.repository.Workspace.load(Workspace.java:43)
	at net.ion.radon.repository.Repository.getWorkspace(Repository.java:28)
	at net.ion.radon.repository.LocalSession.getCurrentWorkspace(LocalSession.java:147)
	at net.ion.radon.repository.LocalSession.dropWorkspace(LocalSession.java:76)
	at net.ion.radon.repository.TestBaseRepository.setUp(TestBaseRepository.java:17)
	at junit.framework.TestCase.runBare(TestCase.java:128)
	at junit.framework.TestResult$1.protect(TestResult.java:106)
	at junit.framework.TestResult.runProtected(TestResult.java:124)
	at junit.framework.TestResult.run(TestResult.java:109)
	at junit.framework.TestCase.run(TestCase.java:120)
	at junit.framework.TestSuite.runTest(TestSuite.java:230)
	at junit.framework.TestSuite.run(TestSuite.java:225)
	at junit.framework.TestSuite.runTest(TestSuite.java:230)
	at junit.framework.TestSuite.run(TestSuite.java:225)
	at junit.framework.TestSuite.runTest(TestSuite.java:230)
	at junit.framework.TestSuite.run(TestSuite.java:225)
	at junit.framework.TestSuite.runTest(TestSuite.java:230)
	at junit.framework.TestSuite.run(TestSuite.java:225)
	at org.apache.tools.ant.taskdefs.optional.junit.JUnitTestRunner.run(JUnitTestRunner.java:421)
	at org.apache.tools.ant.taskdefs.optional.junit.JUnitTestRunner.launch(JUnitTestRunner.java:912)
	at org.apache.tools.ant.taskdefs.optional.junit.JUnitTestRunner.main(JUnitTestRunner.java:766)
2011. 11. 17 오전 8:19:18 com.mongodb.DBTCPConnector fetchMaxBsonObjectSize
경고: Exception determining maxBSON size using0
java.io.IOException: couldn't connect to [/61.250.201.78:27017] bc:java.net.ConnectException: Connection timed out: connect
	at com.mongodb.DBPort._open(DBPort.java:224)
	at com.mongodb.DBPort.go(DBPort.java:101)
	at com.mongodb.DBPort.go(DBPort.java:82)
	at com.mongodb.DBPort.findOne(DBPort.java:142)
	at com.mongodb.DBPort.runCommand(DBPort.java:151)
	at com.mongodb.DBTCPConnector.fetchMaxBsonObjectSize(DBTCPConnector.java:429)
	at com.mongodb.Mongo.getMaxBsonObjectSize(Mongo.java:544)
	at com.mongodb.DBApiLayer$MyCollection.insert(DBApiLayer.java:244)
	at com.mongodb.DBApiLayer$MyCollection.createIndex(DBApiLayer.java:354)
	at com.mongodb.DBCollection.ensureIndex(DBCollection.java:444)
	at com.mongodb.DBCollection.ensureIndex(DBCollection.java:392)
	at net.ion.radon.repository.Workspace.createWorkspace(Workspace.java:64)
	at net.ion.radon.repository.Workspace.load(Workspace.java:43)
	at net.ion.radon.repository.Repository.getWorkspace(Repository.java:28)
	at net.ion.radon.repository.LocalSession.getCurrentWorkspace(LocalSession.java:147)
	at net.ion.radon.repository.LocalSession.dropWorkspace(LocalSession.java:76)
	at net.ion.radon.repository.TestBaseRepository.setUp(TestBaseRepository.java:17)
	at junit.framework.TestCase.runBare(TestCase.java:128)
	at junit.framework.TestResult$1.protect(TestResult.java:106)
	at junit.framework.TestResult.runProtected(TestResult.java:124)
	at junit.framework.TestResult.run(TestResult.java:109)
	at junit.framework.TestCase.run(TestCase.java:120)
	at junit.framework.TestSuite.runTest(TestSuite.java:230)
	at junit.framework.TestSuite.run(TestSuite.java:225)
	at junit.framework.TestSuite.runTest(TestSuite.java:230)
	at junit.framework.TestSuite.run(TestSuite.java:225)
	at junit.framework.TestSuite.runTest(TestSuite.java:230)
	at junit.framework.TestSuite.run(TestSuite.java:225)
	at junit.framework.TestSuite.runTest(TestSuite.java:230)
	at junit.framework.TestSuite.run(TestSuite.java:225)
	at org.apache.tools.ant.taskdefs.optional.junit.JUnitTestRunner.run(JUnitTestRunner.java:421)
	at org.apache.tools.ant.taskdefs.optional.junit.JUnitTestRunner.launch(JUnitTestRunner.java:912)
	at org.apache.tools.ant.taskdefs.optional.junit.JUnitTestRunner.main(JUnitTestRunner.java:766)
2011. 11. 17 오전 8:19:39 com.mongodb.DBTCPConnector fetchMaxBsonObjectSize
경고: Exception determining maxBSON size using0
java.io.IOException: couldn't connect to [/61.250.201.78:27017] bc:java.net.ConnectException: Connection timed out: connect
	at com.mongodb.DBPort._open(DBPort.java:224)
	at com.mongodb.DBPort.go(DBPort.java:101)
	at com.mongodb.DBPort.go(DBPort.java:82)
	at com.mongodb.DBPort.findOne(DBPort.java:142)
	at com.mongodb.DBPort.runCommand(DBPort.java:151)
	at com.mongodb.DBTCPConnector.fetchMaxBsonObjectSize(DBTCPConnector.java:429)
	at com.mongodb.DBTCPConnector.checkMaster(DBTCPConnector.java:416)
	at com.mongodb.DBTCPConnector.say(DBTCPConnector.java:139)
	at com.mongodb.DBTCPConnector.say(DBTCPConnector.java:132)
	at com.mongodb.DBApiLayer$MyCollection.insert(DBApiLayer.java:262)
	at com.mongodb.DBApiLayer$MyCollection.createIndex(DBApiLayer.java:354)
	at com.mongodb.DBCollection.ensureIndex(DBCollection.java:444)
	at com.mongodb.DBCollection.ensureIndex(DBCollection.java:392)
	at net.ion.radon.repository.Workspace.createWorkspace(Workspace.java:64)
	at net.ion.radon.repository.Workspace.load(Workspace.java:43)
	at net.ion.radon.repository.Repository.getWorkspace(Repository.java:28)
	at net.ion.radon.repository.LocalSession.getCurrentWorkspace(LocalSession.java:147)
	at net.ion.radon.repository.LocalSession.dropWorkspace(LocalSession.java:76)
	at net.ion.radon.repository.TestBaseRepository.setUp(TestBaseRepository.java:17)
	at junit.framework.TestCase.runBare(TestCase.java:128)
	at junit.framework.TestResult$1.protect(TestResult.java:106)
	at junit.framework.TestResult.runProtected(TestResult.java:124)
	at junit.framework.TestResult.run(TestResult.java:109)
	at junit.framework.TestCase.run(TestCase.java:120)
	at junit.framework.TestSuite.runTest(TestSuite.java:230)
	at junit.framework.TestSuite.run(TestSuite.java:225)
	at junit.framework.TestSuite.runTest(TestSuite.java:230)
	at junit.framework.TestSuite.run(TestSuite.java:225)
	at junit.framework.TestSuite.runTest(TestSuite.java:230)
	at junit.framework.TestSuite.run(TestSuite.java:225)
	at junit.framework.TestSuite.runTest(TestSuite.java:230)
	at junit.framework.TestSuite.run(TestSuite.java:225)
	at org.apache.tools.ant.taskdefs.optional.junit.JUnitTestRunner.run(JUnitTestRunner.java:421)
	at org.apache.tools.ant.taskdefs.optional.junit.JUnitTestRunner.launch(JUnitTestRunner.java:912)
	at org.apache.tools.ant.taskdefs.optional.junit.JUnitTestRunner.main(JUnitTestRunner.java:766)
2011. 11. 17 오전 8:20:00 com.mongodb.DBPortPool gotError
경고: emptying DBPortPool to 61.250.201.78:27017 b/c of error
java.io.IOException: couldn't connect to [/61.250.201.78:27017] bc:java.net.ConnectException: Connection timed out: connect
	at com.mongodb.DBPort._open(DBPort.java:224)
	at com.mongodb.DBPort.go(DBPort.java:101)
	at com.mongodb.DBPort.go(DBPort.java:82)
	at com.mongodb.DBPort.say(DBPort.java:77)
	at com.mongodb.DBTCPConnector.say(DBTCPConnector.java:146)
	at com.mongodb.DBTCPConnector.say(DBTCPConnector.java:132)
	at com.mongodb.DBApiLayer$MyCollection.insert(DBApiLayer.java:262)
	at com.mongodb.DBApiLayer$MyCollection.createIndex(DBApiLayer.java:354)
	at com.mongodb.DBCollection.ensureIndex(DBCollection.java:444)
	at com.mongodb.DBCollection.ensureIndex(DBCollection.java:392)
	at net.ion.radon.repository.Workspace.createWorkspace(Workspace.java:64)
	at net.ion.radon.repository.Workspace.load(Workspace.java:43)
	at net.ion.radon.repository.Repository.getWorkspace(Repository.java:28)
	at net.ion.radon.repository.LocalSession.getCurrentWorkspace(LocalSession.java:147)
	at net.ion.radon.repository.LocalSession.dropWorkspace(LocalSession.java:76)
	at net.ion.radon.repository.TestBaseRepository.setUp(TestBaseRepository.java:17)
	at junit.framework.TestCase.runBare(TestCase.java:128)
	at junit.framework.TestResult$1.protect(TestResult.java:106)
	at junit.framework.TestResult.runProtected(TestResult.java:124)
	at junit.framework.TestResult.run(TestResult.java:109)
	at junit.framework.TestCase.run(TestCase.java:120)
	at junit.framework.TestSuite.runTest(TestSuite.java:230)
	at junit.framework.TestSuite.run(TestSuite.java:225)
	at junit.framework.TestSuite.runTest(TestSuite.java:230)
	at junit.framework.TestSuite.run(TestSuite.java:225)
	at junit.framework.TestSuite.runTest(TestSuite.java:230)
	at junit.framework.TestSuite.run(TestSuite.java:225)
	at junit.framework.TestSuite.runTest(TestSuite.java:230)
	at junit.framework.TestSuite.run(TestSuite.java:225)
	at org.apache.tools.ant.taskdefs.optional.junit.JUnitTestRunner.run(JUnitTestRunner.java:421)
	at org.apache.tools.ant.taskdefs.optional.junit.JUnitTestRunner.launch(JUnitTestRunner.java:912)
	at org.apache.tools.ant.taskdefs.optional.junit.JUnitTestRunner.main(JUnitTestRunner.java:766)
2011. 11. 17 오전 8:20:21 com.mongodb.DBTCPConnector fetchMaxBsonObjectSize
경고: Exception determining maxBSON size using0
java.io.IOException: couldn't connect to [/61.250.201.78:27017] bc:java.net.ConnectException: Connection timed out: connect
	at com.mongodb.DBPort._open(DBPort.java:224)
	at com.mongodb.DBPort.go(DBPort.java:101)
	at com.mongodb.DBPort.go(DBPort.java:82)
	at com.mongodb.DBPort.findOne(DBPort.java:142)
	at com.mongodb.DBPort.runCommand(DBPort.java:151)
	at com.mongodb.DBTCPConnector.fetchMaxBsonObjectSize(DBTCPConnector.java:429)
	at com.mongodb.Mongo.getMaxBsonObjectSize(Mongo.java:544)
	at com.mongodb.DBApiLayer$MyCollection.insert(DBApiLayer.java:244)
	at com.mongodb.DBApiLayer$MyCollection.createIndex(DBApiLayer.java:354)
	at com.mongodb.DBCollection.ensureIndex(DBCollection.java:444)
	at com.mongodb.DBCollection.ensureIndex(DBCollection.java:392)
	at net.ion.radon.repository.Workspace.createWorkspace(Workspace.java:64)
	at net.ion.radon.repository.Workspace.load(Workspace.java:43)
	at net.ion.radon.repository.Repository.getWorkspace(Repository.java:28)
	at net.ion.radon.repository.LocalSession.getCurrentWorkspace(LocalSession.java:147)
	at net.ion.radon.repository.LocalSession.dropWorkspace(LocalSession.java:76)
	at net.ion.radon.repository.TestBaseRepository.setUp(TestBaseRepository.java:17)
	at junit.framework.TestCase.runBare(TestCase.java:128)
	at junit.framework.TestResult$1.protect(TestResult.java:106)
	at junit.framework.TestResult.runProtected(TestResult.java:124)
	at junit.framework.TestResult.run(TestResult.java:109)
	at junit.framework.TestCase.run(TestCase.java:120)
	at junit.framework.TestSuite.runTest(TestSuite.java:230)
	at junit.framework.TestSuite.run(TestSuite.java:225)
	at junit.framework.TestSuite.runTest(TestSuite.java:230)
	at junit.framework.TestSuite.run(TestSuite.java:225)
	at junit.framework.TestSuite.runTest(TestSuite.java:230)
	at junit.framework.TestSuite.run(TestSuite.java:225)
	at junit.framework.TestSuite.runTest(TestSuite.java:230)
	at junit.framework.TestSuite.run(TestSuite.java:225)
	at org.apache.tools.ant.taskdefs.optional.junit.JUnitTestRunner.run(JUnitTestRunner.java:421)
	at org.apache.tools.ant.taskdefs.optional.junit.JUnitTestRunner.launch(JUnitTestRunner.java:912)
	at org.apache.tools.ant.taskdefs.optional.junit.JUnitTestRunner.main(JUnitTestRunner.java:766)
2011. 11. 17 오전 8:20:42 com.mongodb.DBTCPConnector fetchMaxBsonObjectSize
경고: Exception determining maxBSON size using0
java.io.IOException: couldn't connect to [/61.250.201.78:27017] bc:java.net.ConnectException: Connection timed out: connect
	at com.mongodb.DBPort._open(DBPort.java:224)
	at com.mongodb.DBPort.go(DBPort.java:101)
	at com.mongodb.DBPort.go(DBPort.java:82)
	at com.mongodb.DBPort.findOne(DBPort.java:142)
	at com.mongodb.DBPort.runCommand(DBPort.java:151)
	at com.mongodb.DBTCPConnector.fetchMaxBsonObjectSize(DBTCPConnector.java:429)
	at com.mongodb.DBTCPConnector.checkMaster(DBTCPConnector.java:416)
	at com.mongodb.DBTCPConnector.say(DBTCPConnector.java:139)
	at com.mongodb.DBTCPConnector.say(DBTCPConnector.java:132)
	at com.mongodb.DBApiLayer$MyCollection.insert(DBApiLayer.java:262)
	at com.mongodb.DBApiLayer$MyCollection.createIndex(DBApiLayer.java:354)
	at com.mongodb.DBCollection.ensureIndex(DBCollection.java:444)
	at com.mongodb.DBCollection.ensureIndex(DBCollection.java:392)
	at net.ion.radon.repository.Workspace.createWorkspace(Workspace.java:64)
	at net.ion.radon.repository.Workspace.load(Workspace.java:43)
	at net.ion.radon.repository.Repository.getWorkspace(Repository.java:28)
	at net.ion.radon.repository.LocalSession.getCurrentWorkspace(LocalSession.java:147)
	at net.ion.radon.repository.LocalSession.dropWorkspace(LocalSession.java:76)
	at net.ion.radon.repository.TestBaseRepository.setUp(TestBaseRepository.java:17)
	at junit.framework.TestCase.runBare(TestCase.java:128)
	at junit.framework.TestResult$1.protect(TestResult.java:106)
	at junit.framework.TestResult.runProtected(TestResult.java:124)
	at junit.framework.TestResult.run(TestResult.java:109)
	at junit.framework.TestCase.run(TestCase.java:120)
	at junit.framework.TestSuite.runTest(TestSuite.java:230)
	at junit.framework.TestSuite.run(TestSuite.java:225)
	at junit.framework.TestSuite.runTest(TestSuite.java:230)
	at junit.framework.TestSuite.run(TestSuite.java:225)
	at junit.framework.TestSuite.runTest(TestSuite.java:230)
	at junit.framework.TestSuite.run(TestSuite.java:225)
	at junit.framework.TestSuite.runTest(TestSuite.java:230)
	at junit.framework.TestSuite.run(TestSuite.java:225)
	at org.apache.tools.ant.taskdefs.optional.junit.JUnitTestRunner.run(JUnitTestRunner.java:421)
	at org.apache.tools.ant.taskdefs.optional.junit.JUnitTestRunner.launch(JUnitTestRunner.java:912)
	at org.apache.tools.ant.taskdefs.optional.junit.JUnitTestRunner.main(JUnitTestRunner.java:766)
2011. 11. 17 오전 8:21:03 com.mongodb.DBPortPool gotError
경고: emptying DBPortPool to 61.250.201.78:27017 b/c of error
java.io.IOException: couldn't connect to [/61.250.201.78:27017] bc:java.net.ConnectException: Connection timed out: connect
	at com.mongodb.DBPort._open(DBPort.java:224)
	at com.mongodb.DBPort.go(DBPort.java:101)
	at com.mongodb.DBPort.go(DBPort.java:82)
	at com.mongodb.DBPort.say(DBPort.java:77)
	at com.mongodb.DBTCPConnector.say(DBTCPConnector.java:146)
	at com.mongodb.DBTCPConnector.say(DBTCPConnector.java:132)
	at com.mongodb.DBApiLayer$MyCollection.insert(DBApiLayer.java:262)
	at com.mongodb.DBApiLayer$MyCollection.createIndex(DBApiLayer.java:354)
	at com.mongodb.DBCollection.ensureIndex(DBCollection.java:444)
	at com.mongodb.DBCollection.ensureIndex(DBCollection.java:392)
	at net.ion.radon.repository.Workspace.createWorkspace(Workspace.java:64)
	at net.ion.radon.repository.Workspace.load(Workspace.java:43)
	at net.ion.radon.repository.Repository.getWorkspace(Repository.java:28)
	at net.ion.radon.repository.LocalSession.getCurrentWorkspace(LocalSession.java:147)
	at net.ion.radon.repository.LocalSession.dropWorkspace(LocalSession.java:76)
	at net.ion.radon.repository.TestBaseRepository.setUp(TestBaseRepository.java:17)
	at junit.framework.TestCase.runBare(TestCase.java:128)
	at junit.framework.TestResult$1.protect(TestResult.java:106)
	at junit.framework.TestResult.runProtected(TestResult.java:124)
	at junit.framework.TestResult.run(TestResult.java:109)
	at junit.framework.TestCase.run(TestCase.java:120)
	at junit.framework.TestSuite.runTest(TestSuite.java:230)
	at junit.framework.TestSuite.run(TestSuite.java:225)
	at junit.framework.TestSuite.runTest(TestSuite.java:230)
	at junit.framework.TestSuite.run(TestSuite.java:225)
	at junit.framework.TestSuite.runTest(TestSuite.java:230)
	at junit.framework.TestSuite.run(TestSuite.java:225)
	at junit.framework.TestSuite.runTest(TestSuite.java:230)
	at junit.framework.TestSuite.run(TestSuite.java:225)
	at org.apache.tools.ant.taskdefs.optional.junit.JUnitTestRunner.run(JUnitTestRunner.java:421)
	at org.apache.tools.ant.taskdefs.optional.junit.JUnitTestRunner.launch(JUnitTestRunner.java:912)
	at org.apache.tools.ant.taskdefs.optional.junit.JUnitTestRunner.main(JUnitTestRunner.java:766)
2011. 11. 17 오전 8:21:24 com.mongodb.DBTCPConnector fetchMaxBsonObjectSize
경고: Exception determining maxBSON size using0
java.io.IOException: couldn't connect to [/61.250.201.78:27017] bc:java.net.ConnectException: Connection timed out: connect
	at com.mongodb.DBPort._open(DBPort.java:224)
	at com.mongodb.DBPort.go(DBPort.java:101)
	at com.mongodb.DBPort.go(DBPort.java:82)
	at com.mongodb.DBPort.findOne(DBPort.java:142)
	at com.mongodb.DBPort.runCommand(DBPort.java:151)
	at com.mongodb.DBTCPConnector.fetchMaxBsonObjectSize(DBTCPConnector.java:429)
	at com.mongodb.Mongo.getMaxBsonObjectSize(Mongo.java:544)
	at com.mongodb.DBApiLayer$MyCollection.insert(DBApiLayer.java:244)
	at com.mongodb.DBApiLayer$MyCollection.createIndex(DBApiLayer.java:354)
	at com.mongodb.DBCollection.ensureIndex(DBCollection.java:444)
	at com.mongodb.DBCollection.ensureIndex(DBCollection.java:392)
	at net.ion.radon.repository.Workspace.createWorkspace(Workspace.java:64)
	at net.ion.radon.repository.Workspace.load(Workspace.java:43)
	at net.ion.radon.repository.Repository.getWorkspace(Repository.java:28)
	at net.ion.radon.repository.LocalSession.getCurrentWorkspace(LocalSession.java:147)
	at net.ion.radon.repository.LocalSession.dropWorkspace(LocalSession.java:76)
	at net.ion.radon.repository.TestBaseRepository.setUp(TestBaseRepository.java:17)
	at junit.framework.TestCase.runBare(TestCase.java:128)
	at junit.framework.TestResult$1.protect(TestResult.java:106)
	at junit.framework.TestResult.runProtected(TestResult.java:124)
	at junit.framework.TestResult.run(TestResult.java:109)
	at junit.framework.TestCase.run(TestCase.java:120)
	at junit.framework.TestSuite.runTest(TestSuite.java:230)
	at junit.framework.TestSuite.run(TestSuite.java:225)
	at junit.framework.TestSuite.runTest(TestSuite.java:230)
	at junit.framework.TestSuite.run(TestSuite.java:225)
	at junit.framework.TestSuite.runTest(TestSuite.java:230)
	at junit.framework.TestSuite.run(TestSuite.java:225)
	at junit.framework.TestSuite.runTest(TestSuite.java:230)
	at junit.framework.TestSuite.run(TestSuite.java:225)
	at org.apache.tools.ant.taskdefs.optional.junit.JUnitTestRunner.run(JUnitTestRunner.java:421)
	at org.apache.tools.ant.taskdefs.optional.junit.JUnitTestRunner.launch(JUnitTestRunner.java:912)
	at org.apache.tools.ant.taskdefs.optional.junit.JUnitTestRunner.main(JUnitTestRunner.java:766)
2011. 11. 17 오전 8:21:45 com.mongodb.DBTCPConnector fetchMaxBsonObjectSize
경고: Exception determining maxBSON size using0
java.io.IOException: couldn't connect to [/61.250.201.78:27017] bc:java.net.ConnectException: Connection timed out: connect
	at com.mongodb.DBPort._open(DBPort.java:224)
	at com.mongodb.DBPort.go(DBPort.java:101)
	at com.mongodb.DBPort.go(DBPort.java:82)
	at com.mongodb.DBPort.findOne(DBPort.java:142)
	at com.mongodb.DBPort.runCommand(DBPort.java:151)
	at com.mongodb.DBTCPConnector.fetchMaxBsonObjectSize(DBTCPConnector.java:429)
	at com.mongodb.DBTCPConnector.checkMaster(DBTCPConnector.java:416)
	at com.mongodb.DBTCPConnector.say(DBTCPConnector.java:139)
	at com.mongodb.DBTCPConnector.say(DBTCPConnector.java:132)
	at com.mongodb.DBApiLayer$MyCollection.insert(DBApiLayer.java:262)
	at com.mongodb.DBApiLayer$MyCollection.createIndex(DBApiLayer.java:354)
	at com.mongodb.DBCollection.ensureIndex(DBCollection.java:444)
	at com.mongodb.DBCollection.ensureIndex(DBCollection.java:392)
	at net.ion.radon.repository.Workspace.createWorkspace(Workspace.java:64)
	at net.ion.radon.repository.Workspace.load(Workspace.java:43)
	at net.ion.radon.repository.Repository.getWorkspace(Repository.java:28)
	at net.ion.radon.repository.LocalSession.getCurrentWorkspace(LocalSession.java:147)
	at net.ion.radon.repository.LocalSession.dropWorkspace(LocalSession.java:76)
	at net.ion.radon.repository.TestBaseRepository.setUp(TestBaseRepository.java:17)
	at junit.framework.TestCase.runBare(TestCase.java:128)
	at junit.framework.TestResult$1.protect(TestResult.java:106)
	at junit.framework.TestResult.runProtected(TestResult.java:124)
	at junit.framework.TestResult.run(TestResult.java:109)
	at junit.framework.TestCase.run(TestCase.java:120)
	at junit.framework.TestSuite.runTest(TestSuite.java:230)
	at junit.framework.TestSuite.run(TestSuite.java:225)
	at junit.framework.TestSuite.runTest(TestSuite.java:230)
	at junit.framework.TestSuite.run(TestSuite.java:225)
	at junit.framework.TestSuite.runTest(TestSuite.java:230)
	at junit.framework.TestSuite.run(TestSuite.java:225)
	at junit.framework.TestSuite.runTest(TestSuite.java:230)
	at junit.framework.TestSuite.run(TestSuite.java:225)
	at org.apache.tools.ant.taskdefs.optional.junit.JUnitTestRunner.run(JUnitTestRunner.java:421)
	at org.apache.tools.ant.taskdefs.optional.junit.JUnitTestRunner.launch(JUnitTestRunner.java:912)
	at org.apache.tools.ant.taskdefs.optional.junit.JUnitTestRunner.main(JUnitTestRunner.java:766)
2011. 11. 17 오전 8:22:06 com.mongodb.DBPortPool gotError
경고: emptying DBPortPool to 61.250.201.78:27017 b/c of error
java.io.IOException: couldn't connect to [/61.250.201.78:27017] bc:java.net.ConnectException: Connection timed out: connect
	at com.mongodb.DBPort._open(DBPort.java:224)
	at com.mongodb.DBPort.go(DBPort.java:101)
	at com.mongodb.DBPort.go(DBPort.java:82)
	at com.mongodb.DBPort.say(DBPort.java:77)
	at com.mongodb.DBTCPConnector.say(DBTCPConnector.java:146)
	at com.mongodb.DBTCPConnector.say(DBTCPConnector.java:132)
	at com.mongodb.DBApiLayer$MyCollection.insert(DBApiLayer.java:262)
	at com.mongodb.DBApiLayer$MyCollection.createIndex(DBApiLayer.java:354)
	at com.mongodb.DBCollection.ensureIndex(DBCollection.java:444)
	at com.mongodb.DBCollection.ensureIndex(DBCollection.java:392)
	at net.ion.radon.repository.Workspace.createWorkspace(Workspace.java:64)
	at net.ion.radon.repository.Workspace.load(Workspace.java:43)
	at net.ion.radon.repository.Repository.getWorkspace(Repository.java:28)
	at net.ion.radon.repository.LocalSession.getCurrentWorkspace(LocalSession.java:147)
	at net.ion.radon.repository.LocalSession.dropWorkspace(LocalSession.java:76)
	at net.ion.radon.repository.TestBaseRepository.setUp(TestBaseRepository.java:17)
	at junit.framework.TestCase.runBare(TestCase.java:128)
	at junit.framework.TestResult$1.protect(TestResult.java:106)
	at junit.framework.TestResult.runProtected(TestResult.java:124)
	at junit.framework.TestResult.run(TestResult.java:109)
	at junit.framework.TestCase.run(TestCase.java:120)
	at junit.framework.TestSuite.runTest(TestSuite.java:230)
	at junit.framework.TestSuite.run(TestSuite.java:225)
	at junit.framework.TestSuite.runTest(TestSuite.java:230)
	at junit.framework.TestSuite.run(TestSuite.java:225)
	at junit.framework.TestSuite.runTest(TestSuite.java:230)
	at junit.framework.TestSuite.run(TestSuite.java:225)
	at junit.framework.TestSuite.runTest(TestSuite.java:230)
	at junit.framework.TestSuite.run(TestSuite.java:225)
	at org.apache.tools.ant.taskdefs.optional.junit.JUnitTestRunner.run(JUnitTestRunner.java:421)
	at org.apache.tools.ant.taskdefs.optional.junit.JUnitTestRunner.launch(JUnitTestRunner.java:912)
	at org.apache.tools.ant.taskdefs.optional.junit.JUnitTestRunner.main(JUnitTestRunner.java:766)
2011. 11. 17 오전 8:22:27 com.mongodb.DBTCPConnector fetchMaxBsonObjectSize
경고: Exception determining maxBSON size using0
java.io.IOException: couldn't connect to [/61.250.201.78:27017] bc:java.net.ConnectException: Connection timed out: connect
	at com.mongodb.DBPort._open(DBPort.java:224)
	at com.mongodb.DBPort.go(DBPort.java:101)
	at com.mongodb.DBPort.go(DBPort.java:82)
	at com.mongodb.DBPort.findOne(DBPort.java:142)
	at com.mongodb.DBPort.runCommand(DBPort.java:151)
	at com.mongodb.DBTCPConnector.fetchMaxBsonObjectSize(DBTCPConnector.java:429)
	at com.mongodb.Mongo.getMaxBsonObjectSize(Mongo.java:544)
	at com.mongodb.DBApiLayer$MyCollection.insert(DBApiLayer.java:244)
	at com.mongodb.DBApiLayer$MyCollection.createIndex(DBApiLayer.java:354)
	at com.mongodb.DBCollection.ensureIndex(DBCollection.java:444)
	at com.mongodb.DBCollection.ensureIndex(DBCollection.java:392)
	at net.ion.radon.repository.Workspace.createWorkspace(Workspace.java:64)
	at net.ion.radon.repository.Workspace.load(Workspace.java:43)
	at net.ion.radon.repository.Repository.getWorkspace(Repository.java:28)
	at net.ion.radon.repository.LocalSession.getCurrentWorkspace(LocalSession.java:147)
	at net.ion.radon.repository.LocalSession.dropWorkspace(LocalSession.java:76)
	at net.ion.radon.repository.TestRepositoryCentral.testCreate(TestRepositoryCentral.java:12)
	at sun.reflect.NativeMethodAccessorImpl.invoke0(Native Method)
	at sun.reflect.NativeMethodAccessorImpl.invoke(NativeMethodAccessorImpl.java:39)
	at sun.reflect.DelegatingMethodAccessorImpl.invoke(DelegatingMethodAccessorImpl.java:25)
	at java.lang.reflect.Method.invoke(Method.java:592)
	at junit.framework.TestCase.runTest(TestCase.java:164)
	at junit.framework.TestCase.runBare(TestCase.java:130)
	at junit.framework.TestResult$1.protect(TestResult.java:106)
	at junit.framework.TestResult.runProtected(TestResult.java:124)
	at junit.framework.TestResult.run(TestResult.java:109)
	at junit.framework.TestCase.run(TestCase.java:120)
	at junit.framework.TestSuite.runTest(TestSuite.java:230)
	at junit.framework.TestSuite.run(TestSuite.java:225)
	at junit.framework.TestSuite.runTest(TestSuite.java:230)
	at junit.framework.TestSuite.run(TestSuite.java:225)
	at junit.framework.TestSuite.runTest(TestSuite.java:230)
	at junit.framework.TestSuite.run(TestSuite.java:225)
	at junit.framework.TestSuite.runTest(TestSuite.java:230)
	at junit.framework.TestSuite.run(TestSuite.java:225)
	at org.apache.tools.ant.taskdefs.optional.junit.JUnitTestRunner.run(JUnitTestRunner.java:421)
	at org.apache.tools.ant.taskdefs.optional.junit.JUnitTestRunner.launch(JUnitTestRunner.java:912)
	at org.apache.tools.ant.taskdefs.optional.junit.JUnitTestRunner.main(JUnitTestRunner.java:766)
2011. 11. 17 오전 8:22:48 com.mongodb.DBTCPConnector fetchMaxBsonObjectSize
경고: Exception determining maxBSON size using0
java.io.IOException: couldn't connect to [/61.250.201.78:27017] bc:java.net.ConnectException: Connection timed out: connect
	at com.mongodb.DBPort._open(DBPort.java:224)
	at com.mongodb.DBPort.go(DBPort.java:101)
	at com.mongodb.DBPort.go(DBPort.java:82)
	at com.mongodb.DBPort.findOne(DBPort.java:142)
	at com.mongodb.DBPort.runCommand(DBPort.java:151)
	at com.mongodb.DBTCPConnector.fetchMaxBsonObjectSize(DBTCPConnector.java:429)
	at com.mongodb.DBTCPConnector.checkMaster(DBTCPConnector.java:416)
	at com.mongodb.DBTCPConnector.say(DBTCPConnector.java:139)
	at com.mongodb.DBTCPConnector.say(DBTCPConnector.java:132)
	at com.mongodb.DBApiLayer$MyCollection.insert(DBApiLayer.java:262)
	at com.mongodb.DBApiLayer$MyCollection.createIndex(DBApiLayer.java:354)
	at com.mongodb.DBCollection.ensureIndex(DBCollection.java:444)
	at com.mongodb.DBCollection.ensureIndex(DBCollection.java:392)
	at net.ion.radon.repository.Workspace.createWorkspace(Workspace.java:64)
	at net.ion.radon.repository.Workspace.load(Workspace.java:43)
	at net.ion.radon.repository.Repository.getWorkspace(Repository.java:28)
	at net.ion.radon.repository.LocalSession.getCurrentWorkspace(LocalSession.java:147)
	at net.ion.radon.repository.LocalSession.dropWorkspace(LocalSession.java:76)
	at net.ion.radon.repository.TestRepositoryCentral.testCreate(TestRepositoryCentral.java:12)
	at sun.reflect.NativeMethodAccessorImpl.invoke0(Native Method)
	at sun.reflect.NativeMethodAccessorImpl.invoke(NativeMethodAccessorImpl.java:39)
	at sun.reflect.DelegatingMethodAccessorImpl.invoke(DelegatingMethodAccessorImpl.java:25)
	at java.lang.reflect.Method.invoke(Method.java:592)
	at junit.framework.TestCase.runTest(TestCase.java:164)
	at junit.framework.TestCase.runBare(TestCase.java:130)
	at junit.framework.TestResult$1.protect(TestResult.java:106)
	at junit.framework.TestResult.runProtected(TestResult.java:124)
	at junit.framework.TestResult.run(TestResult.java:109)
	at junit.framework.TestCase.run(TestCase.java:120)
	at junit.framework.TestSuite.runTest(TestSuite.java:230)
	at junit.framework.TestSuite.run(TestSuite.java:225)
	at junit.framework.TestSuite.runTest(TestSuite.java:230)
	at junit.framework.TestSuite.run(TestSuite.java:225)
	at junit.framework.TestSuite.runTest(TestSuite.java:230)
	at junit.framework.TestSuite.run(TestSuite.java:225)
	at junit.framework.TestSuite.runTest(TestSuite.java:230)
	at junit.framework.TestSuite.run(TestSuite.java:225)
	at org.apache.tools.ant.taskdefs.optional.junit.JUnitTestRunner.run(JUnitTestRunner.java:421)
	at org.apache.tools.ant.taskdefs.optional.junit.JUnitTestRunner.launch(JUnitTestRunner.java:912)
	at org.apache.tools.ant.taskdefs.optional.junit.JUnitTestRunner.main(JUnitTestRunner.java:766)
2011. 11. 17 오전 8:23:09 com.mongodb.DBPortPool gotError
경고: emptying DBPortPool to 61.250.201.78:27017 b/c of error
java.io.IOException: couldn't connect to [/61.250.201.78:27017] bc:java.net.ConnectException: Connection timed out: connect
	at com.mongodb.DBPort._open(DBPort.java:224)
	at com.mongodb.DBPort.go(DBPort.java:101)
	at com.mongodb.DBPort.go(DBPort.java:82)
	at com.mongodb.DBPort.say(DBPort.java:77)
	at com.mongodb.DBTCPConnector.say(DBTCPConnector.java:146)
	at com.mongodb.DBTCPConnector.say(DBTCPConnector.java:132)
	at com.mongodb.DBApiLayer$MyCollection.insert(DBApiLayer.java:262)
	at com.mongodb.DBApiLayer$MyCollection.createIndex(DBApiLayer.java:354)
	at com.mongodb.DBCollection.ensureIndex(DBCollection.java:444)
	at com.mongodb.DBCollection.ensureIndex(DBCollection.java:392)
	at net.ion.radon.repository.Workspace.createWorkspace(Workspace.java:64)
	at net.ion.radon.repository.Workspace.load(Workspace.java:43)
	at net.ion.radon.repository.Repository.getWorkspace(Repository.java:28)
	at net.ion.radon.repository.LocalSession.getCurrentWorkspace(LocalSession.java:147)
	at net.ion.radon.repository.LocalSession.dropWorkspace(LocalSession.java:76)
	at net.ion.radon.repository.TestRepositoryCentral.testCreate(TestRepositoryCentral.java:12)
	at sun.reflect.NativeMethodAccessorImpl.invoke0(Native Method)
	at sun.reflect.NativeMethodAccessorImpl.invoke(NativeMethodAccessorImpl.java:39)
	at sun.reflect.DelegatingMethodAccessorImpl.invoke(DelegatingMethodAccessorImpl.java:25)
	at java.lang.reflect.Method.invoke(Method.java:592)
	at junit.framework.TestCase.runTest(TestCase.java:164)
	at junit.framework.TestCase.runBare(TestCase.java:130)
	at junit.framework.TestResult$1.protect(TestResult.java:106)
	at junit.framework.TestResult.runProtected(TestResult.java:124)
	at junit.framework.TestResult.run(TestResult.java:109)
	at junit.framework.TestCase.run(TestCase.java:120)
	at junit.framework.TestSuite.runTest(TestSuite.java:230)
	at junit.framework.TestSuite.run(TestSuite.java:225)
	at junit.framework.TestSuite.runTest(TestSuite.java:230)
	at junit.framework.TestSuite.run(TestSuite.java:225)
	at junit.framework.TestSuite.runTest(TestSuite.java:230)
	at junit.framework.TestSuite.run(TestSuite.java:225)
	at junit.framework.TestSuite.runTest(TestSuite.java:230)
	at junit.framework.TestSuite.run(TestSuite.java:225)
	at org.apache.tools.ant.taskdefs.optional.junit.JUnitTestRunner.run(JUnitTestRunner.java:421)
	at org.apache.tools.ant.taskdefs.optional.junit.JUnitTestRunner.launch(JUnitTestRunner.java:912)
	at org.apache.tools.ant.taskdefs.optional.junit.JUnitTestRunner.main(JUnitTestRunner.java:766)
2011. 11. 17 오전 8:23:30 com.mongodb.DBTCPConnector fetchMaxBsonObjectSize
경고: Exception determining maxBSON size using0
java.io.IOException: couldn't connect to [/61.250.201.78:27017] bc:java.net.ConnectException: Connection timed out: connect
	at com.mongodb.DBPort._open(DBPort.java:224)
	at com.mongodb.DBPort.go(DBPort.java:101)
	at com.mongodb.DBPort.go(DBPort.java:82)
	at com.mongodb.DBPort.findOne(DBPort.java:142)
	at com.mongodb.DBPort.runCommand(DBPort.java:151)
	at com.mongodb.DBTCPConnector.fetchMaxBsonObjectSize(DBTCPConnector.java:429)
	at com.mongodb.Mongo.getMaxBsonObjectSize(Mongo.java:544)
	at com.mongodb.DBApiLayer$MyCollection.insert(DBApiLayer.java:244)
	at com.mongodb.DBApiLayer$MyCollection.createIndex(DBApiLayer.java:354)
	at com.mongodb.DBCollection.ensureIndex(DBCollection.java:444)
	at com.mongodb.DBCollection.ensureIndex(DBCollection.java:392)
	at net.ion.radon.repository.Workspace.createWorkspace(Workspace.java:64)
	at net.ion.radon.repository.Workspace.load(Workspace.java:43)
	at net.ion.radon.repository.Repository.getWorkspace(Repository.java:28)
	at net.ion.radon.repository.LocalSession.getCurrentWorkspace(LocalSession.java:147)
	at net.ion.radon.repository.LocalSession.newNode(LocalSession.java:81)
	at net.ion.radon.repository.TestSession.testParentChild2(TestSession.java:18)
	at sun.reflect.NativeMethodAccessorImpl.invoke0(Native Method)
	at sun.reflect.NativeMethodAccessorImpl.invoke(NativeMethodAccessorImpl.java:39)
	at sun.reflect.DelegatingMethodAccessorImpl.invoke(DelegatingMethodAccessorImpl.java:25)
	at java.lang.reflect.Method.invoke(Method.java:592)
	at junit.framework.TestCase.runTest(TestCase.java:164)
	at junit.framework.TestCase.runBare(TestCase.java:130)
	at junit.framework.TestResult$1.protect(TestResult.java:106)
	at junit.framework.TestResult.runProtected(TestResult.java:124)
	at junit.framework.TestResult.run(TestResult.java:109)
	at junit.framework.TestCase.run(TestCase.java:120)
	at junit.framework.TestSuite.runTest(TestSuite.java:230)
	at junit.framework.TestSuite.run(TestSuite.java:225)
	at junit.framework.TestSuite.runTest(TestSuite.java:230)
	at junit.framework.TestSuite.run(TestSuite.java:225)
	at junit.framework.TestSuite.runTest(TestSuite.java:230)
	at junit.framework.TestSuite.run(TestSuite.java:225)
	at junit.framework.TestSuite.runTest(TestSuite.java:230)
	at junit.framework.TestSuite.run(TestSuite.java:225)
	at org.apache.tools.ant.taskdefs.optional.junit.JUnitTestRunner.run(JUnitTestRunner.java:421)
	at org.apache.tools.ant.taskdefs.optional.junit.JUnitTestRunner.launch(JUnitTestRunner.java:912)
	at org.apache.tools.ant.taskdefs.optional.junit.JUnitTestRunner.main(JUnitTestRunner.java:766)
2011. 11. 17 오전 8:23:52 com.mongodb.DBTCPConnector fetchMaxBsonObjectSize
경고: Exception determining maxBSON size using0
java.io.IOException: couldn't connect to [/61.250.201.78:27017] bc:java.net.ConnectException: Connection timed out: connect
	at com.mongodb.DBPort._open(DBPort.java:224)
	at com.mongodb.DBPort.go(DBPort.java:101)
	at com.mongodb.DBPort.go(DBPort.java:82)
	at com.mongodb.DBPort.findOne(DBPort.java:142)
	at com.mongodb.DBPort.runCommand(DBPort.java:151)
	at com.mongodb.DBTCPConnector.fetchMaxBsonObjectSize(DBTCPConnector.java:429)
	at com.mongodb.DBTCPConnector.checkMaster(DBTCPConnector.java:416)
	at com.mongodb.DBTCPConnector.say(DBTCPConnector.java:139)
	at com.mongodb.DBTCPConnector.say(DBTCPConnector.java:132)
	at com.mongodb.DBApiLayer$MyCollection.insert(DBApiLayer.java:262)
	at com.mongodb.DBApiLayer$MyCollection.createIndex(DBApiLayer.java:354)
	at com.mongodb.DBCollection.ensureIndex(DBCollection.java:444)
	at com.mongodb.DBCollection.ensureIndex(DBCollection.java:392)
	at net.ion.radon.repository.Workspace.createWorkspace(Workspace.java:64)
	at net.ion.radon.repository.Workspace.load(Workspace.java:43)
	at net.ion.radon.repository.Repository.getWorkspace(Repository.java:28)
	at net.ion.radon.repository.LocalSession.getCurrentWorkspace(LocalSession.java:147)
	at net.ion.radon.repository.LocalSession.newNode(LocalSession.java:81)
	at net.ion.radon.repository.TestSession.testParentChild2(TestSession.java:18)
	at sun.reflect.NativeMethodAccessorImpl.invoke0(Native Method)
	at sun.reflect.NativeMethodAccessorImpl.invoke(NativeMethodAccessorImpl.java:39)
	at sun.reflect.DelegatingMethodAccessorImpl.invoke(DelegatingMethodAccessorImpl.java:25)
	at java.lang.reflect.Method.invoke(Method.java:592)
	at junit.framework.TestCase.runTest(TestCase.java:164)
	at junit.framework.TestCase.runBare(TestCase.java:130)
	at junit.framework.TestResult$1.protect(TestResult.java:106)
	at junit.framework.TestResult.runProtected(TestResult.java:124)
	at junit.framework.TestResult.run(TestResult.java:109)
	at junit.framework.TestCase.run(TestCase.java:120)
	at junit.framework.TestSuite.runTest(TestSuite.java:230)
	at junit.framework.TestSuite.run(TestSuite.java:225)
	at junit.framework.TestSuite.runTest(TestSuite.java:230)
	at junit.framework.TestSuite.run(TestSuite.java:225)
	at junit.framework.TestSuite.runTest(TestSuite.java:230)
	at junit.framework.TestSuite.run(TestSuite.java:225)
	at junit.framework.TestSuite.runTest(TestSuite.java:230)
	at junit.framework.TestSuite.run(TestSuite.java:225)
	at org.apache.tools.ant.taskdefs.optional.junit.JUnitTestRunner.run(JUnitTestRunner.java:421)
	at org.apache.tools.ant.taskdefs.optional.junit.JUnitTestRunner.launch(JUnitTestRunner.java:912)
	at org.apache.tools.ant.taskdefs.optional.junit.JUnitTestRunner.main(JUnitTestRunner.java:766)
2011. 11. 17 오전 8:24:13 com.mongodb.DBPortPool gotError
경고: emptying DBPortPool to 61.250.201.78:27017 b/c of error
java.io.IOException: couldn't connect to [/61.250.201.78:27017] bc:java.net.ConnectException: Connection timed out: connect
	at com.mongodb.DBPort._open(DBPort.java:224)
	at com.mongodb.DBPort.go(DBPort.java:101)
	at com.mongodb.DBPort.go(DBPort.java:82)
	at com.mongodb.DBPort.say(DBPort.java:77)
	at com.mongodb.DBTCPConnector.say(DBTCPConnector.java:146)
	at com.mongodb.DBTCPConnector.say(DBTCPConnector.java:132)
	at com.mongodb.DBApiLayer$MyCollection.insert(DBApiLayer.java:262)
	at com.mongodb.DBApiLayer$MyCollection.createIndex(DBApiLayer.java:354)
	at com.mongodb.DBCollection.ensureIndex(DBCollection.java:444)
	at com.mongodb.DBCollection.ensureIndex(DBCollection.java:392)
	at net.ion.radon.repository.Workspace.createWorkspace(Workspace.java:64)
	at net.ion.radon.repository.Workspace.load(Workspace.java:43)
	at net.ion.radon.repository.Repository.getWorkspace(Repository.java:28)
	at net.ion.radon.repository.LocalSession.getCurrentWorkspace(LocalSession.java:147)
	at net.ion.radon.repository.LocalSession.newNode(LocalSession.java:81)
	at net.ion.radon.repository.TestSession.testParentChild2(TestSession.java:18)
	at sun.reflect.NativeMethodAccessorImpl.invoke0(Native Method)
	at sun.reflect.NativeMethodAccessorImpl.invoke(NativeMethodAccessorImpl.java:39)
	at sun.reflect.DelegatingMethodAccessorImpl.invoke(DelegatingMethodAccessorImpl.java:25)
	at java.lang.reflect.Method.invoke(Method.java:592)
	at junit.framework.TestCase.runTest(TestCase.java:164)
	at junit.framework.TestCase.runBare(TestCase.java:130)
	at junit.framework.TestResult$1.protect(TestResult.java:106)
	at junit.framework.TestResult.runProtected(TestResult.java:124)
	at junit.framework.TestResult.run(TestResult.java:109)
	at junit.framework.TestCase.run(TestCase.java:120)
	at junit.framework.TestSuite.runTest(TestSuite.java:230)
	at junit.framework.TestSuite.run(TestSuite.java:225)
	at junit.framework.TestSuite.runTest(TestSuite.java:230)
	at junit.framework.TestSuite.run(TestSuite.java:225)
	at junit.framework.TestSuite.runTest(TestSuite.java:230)
	at junit.framework.TestSuite.run(TestSuite.java:225)
	at junit.framework.TestSuite.runTest(TestSuite.java:230)
	at junit.framework.TestSuite.run(TestSuite.java:225)
	at org.apache.tools.ant.taskdefs.optional.junit.JUnitTestRunner.run(JUnitTestRunner.java:421)
	at org.apache.tools.ant.taskdefs.optional.junit.JUnitTestRunner.launch(JUnitTestRunner.java:912)
	at org.apache.tools.ant.taskdefs.optional.junit.JUnitTestRunner.main(JUnitTestRunner.java:766)
2011. 11. 17 오전 8:24:34 com.mongodb.DBTCPConnector fetchMaxBsonObjectSize
경고: Exception determining maxBSON size using0
java.io.IOException: couldn't connect to [/61.250.201.78:27017] bc:java.net.ConnectException: Connection timed out: connect
	at com.mongodb.DBPort._open(DBPort.java:224)
	at com.mongodb.DBPort.go(DBPort.java:101)
	at com.mongodb.DBPort.go(DBPort.java:82)
	at com.mongodb.DBPort.findOne(DBPort.java:142)
	at com.mongodb.DBPort.runCommand(DBPort.java:151)
	at com.mongodb.DBTCPConnector.fetchMaxBsonObjectSize(DBTCPConnector.java:429)
	at com.mongodb.Mongo.getMaxBsonObjectSize(Mongo.java:544)
	at com.mongodb.DBApiLayer$MyCollection.insert(DBApiLayer.java:244)
	at com.mongodb.DBApiLayer$MyCollection.createIndex(DBApiLayer.java:354)
	at com.mongodb.DBCollection.ensureIndex(DBCollection.java:444)
	at com.mongodb.DBCollection.ensureIndex(DBCollection.java:392)
	at net.ion.radon.repository.Workspace.createWorkspace(Workspace.java:64)
	at net.ion.radon.repository.Workspace.load(Workspace.java:43)
	at net.ion.radon.repository.Repository.getWorkspace(Repository.java:28)
	at net.ion.radon.repository.LocalSession.getCurrentWorkspace(LocalSession.java:147)
	at net.ion.radon.repository.LocalSession.dropWorkspace(LocalSession.java:76)
	at net.ion.radon.repository.TestSession.testThread(TestSession.java:66)
	at sun.reflect.NativeMethodAccessorImpl.invoke0(Native Method)
	at sun.reflect.NativeMethodAccessorImpl.invoke(NativeMethodAccessorImpl.java:39)
	at sun.reflect.DelegatingMethodAccessorImpl.invoke(DelegatingMethodAccessorImpl.java:25)
	at java.lang.reflect.Method.invoke(Method.java:592)
	at junit.framework.TestCase.runTest(TestCase.java:164)
	at junit.framework.TestCase.runBare(TestCase.java:130)
	at junit.framework.TestResult$1.protect(TestResult.java:106)
	at junit.framework.TestResult.runProtected(TestResult.java:124)
	at junit.framework.TestResult.run(TestResult.java:109)
	at junit.framework.TestCase.run(TestCase.java:120)
	at junit.framework.TestSuite.runTest(TestSuite.java:230)
	at junit.framework.TestSuite.run(TestSuite.java:225)
	at junit.framework.TestSuite.runTest(TestSuite.java:230)
	at junit.framework.TestSuite.run(TestSuite.java:225)
	at junit.framework.TestSuite.runTest(TestSuite.java:230)
	at junit.framework.TestSuite.run(TestSuite.java:225)
	at junit.framework.TestSuite.runTest(TestSuite.java:230)
	at junit.framework.TestSuite.run(TestSuite.java:225)
	at org.apache.tools.ant.taskdefs.optional.junit.JUnitTestRunner.run(JUnitTestRunner.java:421)
	at org.apache.tools.ant.taskdefs.optional.junit.JUnitTestRunner.launch(JUnitTestRunner.java:912)
	at org.apache.tools.ant.taskdefs.optional.junit.JUnitTestRunner.main(JUnitTestRunner.java:766)
2011. 11. 17 오전 8:24:55 com.mongodb.DBTCPConnector fetchMaxBsonObjectSize
경고: Exception determining maxBSON size using0
java.io.IOException: couldn't connect to [/61.250.201.78:27017] bc:java.net.ConnectException: Connection timed out: connect
	at com.mongodb.DBPort._open(DBPort.java:224)
	at com.mongodb.DBPort.go(DBPort.java:101)
	at com.mongodb.DBPort.go(DBPort.java:82)
	at com.mongodb.DBPort.findOne(DBPort.java:142)
	at com.mongodb.DBPort.runCommand(DBPort.java:151)
	at com.mongodb.DBTCPConnector.fetchMaxBsonObjectSize(DBTCPConnector.java:429)
	at com.mongodb.DBTCPConnector.checkMaster(DBTCPConnector.java:416)
	at com.mongodb.DBTCPConnector.say(DBTCPConnector.java:139)
	at com.mongodb.DBTCPConnector.say(DBTCPConnector.java:132)
	at com.mongodb.DBApiLayer$MyCollection.insert(DBApiLayer.java:262)
	at com.mongodb.DBApiLayer$MyCollection.createIndex(DBApiLayer.java:354)
	at com.mongodb.DBCollection.ensureIndex(DBCollection.java:444)
	at com.mongodb.DBCollection.ensureIndex(DBCollection.java:392)
	at net.ion.radon.repository.Workspace.createWorkspace(Workspace.java:64)
	at net.ion.radon.repository.Workspace.load(Workspace.java:43)
	at net.ion.radon.repository.Repository.getWorkspace(Repository.java:28)
	at net.ion.radon.repository.LocalSession.getCurrentWorkspace(LocalSession.java:147)
	at net.ion.radon.repository.LocalSession.dropWorkspace(LocalSession.java:76)
	at net.ion.radon.repository.TestSession.testThread(TestSession.java:66)
	at sun.reflect.NativeMethodAccessorImpl.invoke0(Native Method)
	at sun.reflect.NativeMethodAccessorImpl.invoke(NativeMethodAccessorImpl.java:39)
	at sun.reflect.DelegatingMethodAccessorImpl.invoke(DelegatingMethodAccessorImpl.java:25)
	at java.lang.reflect.Method.invoke(Method.java:592)
	at junit.framework.TestCase.runTest(TestCase.java:164)
	at junit.framework.TestCase.runBare(TestCase.java:130)
	at junit.framework.TestResult$1.protect(TestResult.java:106)
	at junit.framework.TestResult.runProtected(TestResult.java:124)
	at junit.framework.TestResult.run(TestResult.java:109)
	at junit.framework.TestCase.run(TestCase.java:120)
	at junit.framework.TestSuite.runTest(TestSuite.java:230)
	at junit.framework.TestSuite.run(TestSuite.java:225)
	at junit.framework.TestSuite.runTest(TestSuite.java:230)
	at junit.framework.TestSuite.run(TestSuite.java:225)
	at junit.framework.TestSuite.runTest(TestSuite.java:230)
	at junit.framework.TestSuite.run(TestSuite.java:225)
	at junit.framework.TestSuite.runTest(TestSuite.java:230)
	at junit.framework.TestSuite.run(TestSuite.java:225)
	at org.apache.tools.ant.taskdefs.optional.junit.JUnitTestRunner.run(JUnitTestRunner.java:421)
	at org.apache.tools.ant.taskdefs.optional.junit.JUnitTestRunner.launch(JUnitTestRunner.java:912)
	at org.apache.tools.ant.taskdefs.optional.junit.JUnitTestRunner.main(JUnitTestRunner.java:766)
2011. 11. 17 오전 8:25:16 com.mongodb.DBPortPool gotError
경고: emptying DBPortPool to 61.250.201.78:27017 b/c of error
java.io.IOException: couldn't connect to [/61.250.201.78:27017] bc:java.net.ConnectException: Connection timed out: connect
	at com.mongodb.DBPort._open(DBPort.java:224)
	at com.mongodb.DBPort.go(DBPort.java:101)
	at com.mongodb.DBPort.go(DBPort.java:82)
	at com.mongodb.DBPort.say(DBPort.java:77)
	at com.mongodb.DBTCPConnector.say(DBTCPConnector.java:146)
	at com.mongodb.DBTCPConnector.say(DBTCPConnector.java:132)
	at com.mongodb.DBApiLayer$MyCollection.insert(DBApiLayer.java:262)
	at com.mongodb.DBApiLayer$MyCollection.createIndex(DBApiLayer.java:354)
	at com.mongodb.DBCollection.ensureIndex(DBCollection.java:444)
	at com.mongodb.DBCollection.ensureIndex(DBCollection.java:392)
	at net.ion.radon.repository.Workspace.createWorkspace(Workspace.java:64)
	at net.ion.radon.repository.Workspace.load(Workspace.java:43)
	at net.ion.radon.repository.Repository.getWorkspace(Repository.java:28)
	at net.ion.radon.repository.LocalSession.getCurrentWorkspace(LocalSession.java:147)
	at net.ion.radon.repository.LocalSession.dropWorkspace(LocalSession.java:76)
	at net.ion.radon.repository.TestSession.testThread(TestSession.java:66)
	at sun.reflect.NativeMethodAccessorImpl.invoke0(Native Method)
	at sun.reflect.NativeMethodAccessorImpl.invoke(NativeMethodAccessorImpl.java:39)
	at sun.reflect.DelegatingMethodAccessorImpl.invoke(DelegatingMethodAccessorImpl.java:25)
	at java.lang.reflect.Method.invoke(Method.java:592)
	at junit.framework.TestCase.runTest(TestCase.java:164)
	at junit.framework.TestCase.runBare(TestCase.java:130)
	at junit.framework.TestResult$1.protect(TestResult.java:106)
	at junit.framework.TestResult.runProtected(TestResult.java:124)
	at junit.framework.TestResult.run(TestResult.java:109)
	at junit.framework.TestCase.run(TestCase.java:120)
	at junit.framework.TestSuite.runTest(TestSuite.java:230)
	at junit.framework.TestSuite.run(TestSuite.java:225)
	at junit.framework.TestSuite.runTest(TestSuite.java:230)
	at junit.framework.TestSuite.run(TestSuite.java:225)
	at junit.framework.TestSuite.runTest(TestSuite.java:230)
	at junit.framework.TestSuite.run(TestSuite.java:225)
	at junit.framework.TestSuite.runTest(TestSuite.java:230)
	at junit.framework.TestSuite.run(TestSuite.java:225)
	at org.apache.tools.ant.taskdefs.optional.junit.JUnitTestRunner.run(JUnitTestRunner.java:421)
	at org.apache.tools.ant.taskdefs.optional.junit.JUnitTestRunner.launch(JUnitTestRunner.java:912)
	at org.apache.tools.ant.taskdefs.optional.junit.JUnitTestRunner.main(JUnitTestRunner.java:766)
2011. 11. 17 오전 8:25:37 com.mongodb.DBTCPConnector fetchMaxBsonObjectSize
경고: Exception determining maxBSON size using0
java.io.IOException: couldn't connect to [/61.250.201.78:27017] bc:java.net.ConnectException: Connection timed out: connect
	at com.mongodb.DBPort._open(DBPort.java:224)
	at com.mongodb.DBPort.go(DBPort.java:101)
	at com.mongodb.DBPort.go(DBPort.java:82)
	at com.mongodb.DBPort.findOne(DBPort.java:142)
	at com.mongodb.DBPort.runCommand(DBPort.java:151)
	at com.mongodb.DBTCPConnector.fetchMaxBsonObjectSize(DBTCPConnector.java:429)
	at com.mongodb.Mongo.getMaxBsonObjectSize(Mongo.java:544)
	at com.mongodb.DBApiLayer$MyCollection.insert(DBApiLayer.java:244)
	at com.mongodb.DBApiLayer$MyCollection.createIndex(DBApiLayer.java:354)
	at com.mongodb.DBCollection.ensureIndex(DBCollection.java:444)
	at com.mongodb.DBCollection.ensureIndex(DBCollection.java:392)
	at net.ion.radon.repository.Workspace.createWorkspace(Workspace.java:64)
	at net.ion.radon.repository.Workspace.load(Workspace.java:43)
	at net.ion.radon.repository.Repository.getWorkspace(Repository.java:28)
	at net.ion.radon.repository.LocalSession.getCurrentWorkspace(LocalSession.java:147)
	at net.ion.radon.repository.LocalSession.dropWorkspace(LocalSession.java:76)
	at net.ion.radon.repository.TestBaseRepository.setUp(TestBaseRepository.java:17)
	at junit.framework.TestCase.runBare(TestCase.java:128)
	at junit.framework.TestResult$1.protect(TestResult.java:106)
	at junit.framework.TestResult.runProtected(TestResult.java:124)
	at junit.framework.TestResult.run(TestResult.java:109)
	at junit.framework.TestCase.run(TestCase.java:120)
	at junit.framework.TestSuite.runTest(TestSuite.java:230)
	at junit.framework.TestSuite.run(TestSuite.java:225)
	at junit.framework.TestSuite.runTest(TestSuite.java:230)
	at junit.framework.TestSuite.run(TestSuite.java:225)
	at junit.framework.TestSuite.runTest(TestSuite.java:230)
	at junit.framework.TestSuite.run(TestSuite.java:225)
	at junit.framework.TestSuite.runTest(TestSuite.java:230)
	at junit.framework.TestSuite.run(TestSuite.java:225)
	at org.apache.tools.ant.taskdefs.optional.junit.JUnitTestRunner.run(JUnitTestRunner.java:421)
	at org.apache.tools.ant.taskdefs.optional.junit.JUnitTestRunner.launch(JUnitTestRunner.java:912)
	at org.apache.tools.ant.taskdefs.optional.junit.JUnitTestRunner.main(JUnitTestRunner.java:766)
2011. 11. 17 오전 8:25:58 com.mongodb.DBTCPConnector fetchMaxBsonObjectSize
경고: Exception determining maxBSON size using0
java.io.IOException: couldn't connect to [/61.250.201.78:27017] bc:java.net.ConnectException: Connection timed out: connect
	at com.mongodb.DBPort._open(DBPort.java:224)
	at com.mongodb.DBPort.go(DBPort.java:101)
	at com.mongodb.DBPort.go(DBPort.java:82)
	at com.mongodb.DBPort.findOne(DBPort.java:142)
	at com.mongodb.DBPort.runCommand(DBPort.java:151)
	at com.mongodb.DBTCPConnector.fetchMaxBsonObjectSize(DBTCPConnector.java:429)
	at com.mongodb.DBTCPConnector.checkMaster(DBTCPConnector.java:416)
	at com.mongodb.DBTCPConnector.say(DBTCPConnector.java:139)
	at com.mongodb.DBTCPConnector.say(DBTCPConnector.java:132)
	at com.mongodb.DBApiLayer$MyCollection.insert(DBApiLayer.java:262)
	at com.mongodb.DBApiLayer$MyCollection.createIndex(DBApiLayer.java:354)
	at com.mongodb.DBCollection.ensureIndex(DBCollection.java:444)
	at com.mongodb.DBCollection.ensureIndex(DBCollection.java:392)
	at net.ion.radon.repository.Workspace.createWorkspace(Workspace.java:64)
	at net.ion.radon.repository.Workspace.load(Workspace.java:43)
	at net.ion.radon.repository.Repository.getWorkspace(Repository.java:28)
	at net.ion.radon.repository.LocalSession.getCurrentWorkspace(LocalSession.java:147)
	at net.ion.radon.repository.LocalSession.dropWorkspace(LocalSession.java:76)
	at net.ion.radon.repository.TestBaseRepository.setUp(TestBaseRepository.java:17)
	at junit.framework.TestCase.runBare(TestCase.java:128)
	at junit.framework.TestResult$1.protect(TestResult.java:106)
	at junit.framework.TestResult.runProtected(TestResult.java:124)
	at junit.framework.TestResult.run(TestResult.java:109)
	at junit.framework.TestCase.run(TestCase.java:120)
	at junit.framework.TestSuite.runTest(TestSuite.java:230)
	at junit.framework.TestSuite.run(TestSuite.java:225)
	at junit.framework.TestSuite.runTest(TestSuite.java:230)
	at junit.framework.TestSuite.run(TestSuite.java:225)
	at junit.framework.TestSuite.runTest(TestSuite.java:230)
	at junit.framework.TestSuite.run(TestSuite.java:225)
	at junit.framework.TestSuite.runTest(TestSuite.java:230)
	at junit.framework.TestSuite.run(TestSuite.java:225)
	at org.apache.tools.ant.taskdefs.optional.junit.JUnitTestRunner.run(JUnitTestRunner.java:421)
	at org.apache.tools.ant.taskdefs.optional.junit.JUnitTestRunner.launch(JUnitTestRunner.java:912)
	at org.apache.tools.ant.taskdefs.optional.junit.JUnitTestRunner.main(JUnitTestRunner.java:766)
2011. 11. 17 오전 8:26:19 com.mongodb.DBPortPool gotError
경고: emptying DBPortPool to 61.250.201.78:27017 b/c of error
java.io.IOException: couldn't connect to [/61.250.201.78:27017] bc:java.net.ConnectException: Connection timed out: connect
	at com.mongodb.DBPort._open(DBPort.java:224)
	at com.mongodb.DBPort.go(DBPort.java:101)
	at com.mongodb.DBPort.go(DBPort.java:82)
	at com.mongodb.DBPort.say(DBPort.java:77)
	at com.mongodb.DBTCPConnector.say(DBTCPConnector.java:146)
	at com.mongodb.DBTCPConnector.say(DBTCPConnector.java:132)
	at com.mongodb.DBApiLayer$MyCollection.insert(DBApiLayer.java:262)
	at com.mongodb.DBApiLayer$MyCollection.createIndex(DBApiLayer.java:354)
	at com.mongodb.DBCollection.ensureIndex(DBCollection.java:444)
	at com.mongodb.DBCollection.ensureIndex(DBCollection.java:392)
	at net.ion.radon.repository.Workspace.createWorkspace(Workspace.java:64)
	at net.ion.radon.repository.Workspace.load(Workspace.java:43)
	at net.ion.radon.repository.Repository.getWorkspace(Repository.java:28)
	at net.ion.radon.repository.LocalSession.getCurrentWorkspace(LocalSession.java:147)
	at net.ion.radon.repository.LocalSession.dropWorkspace(LocalSession.java:76)
	at net.ion.radon.repository.TestBaseRepository.setUp(TestBaseRepository.java:17)
	at junit.framework.TestCase.runBare(TestCase.java:128)
	at junit.framework.TestResult$1.protect(TestResult.java:106)
	at junit.framework.TestResult.runProtected(TestResult.java:124)
	at junit.framework.TestResult.run(TestResult.java:109)
	at junit.framework.TestCase.run(TestCase.java:120)
	at junit.framework.TestSuite.runTest(TestSuite.java:230)
	at junit.framework.TestSuite.run(TestSuite.java:225)
	at junit.framework.TestSuite.runTest(TestSuite.java:230)
	at junit.framework.TestSuite.run(TestSuite.java:225)
	at junit.framework.TestSuite.runTest(TestSuite.java:230)
	at junit.framework.TestSuite.run(TestSuite.java:225)
	at junit.framework.TestSuite.runTest(TestSuite.java:230)
	at junit.framework.TestSuite.run(TestSuite.java:225)
	at org.apache.tools.ant.taskdefs.optional.junit.JUnitTestRunner.run(JUnitTestRunner.java:421)
	at org.apache.tools.ant.taskdefs.optional.junit.JUnitTestRunner.launch(JUnitTestRunner.java:912)
	at org.apache.tools.ant.taskdefs.optional.junit.JUnitTestRunner.main(JUnitTestRunner.java:766)
2011. 11. 17 오전 8:26:40 com.mongodb.DBTCPConnector fetchMaxBsonObjectSize
경고: Exception determining maxBSON size using0
java.io.IOException: couldn't connect to [/61.250.201.78:27017] bc:java.net.ConnectException: Connection timed out: connect
	at com.mongodb.DBPort._open(DBPort.java:224)
	at com.mongodb.DBPort.go(DBPort.java:101)
	at com.mongodb.DBPort.go(DBPort.java:82)
	at com.mongodb.DBPort.findOne(DBPort.java:142)
	at com.mongodb.DBPort.runCommand(DBPort.java:151)
	at com.mongodb.DBTCPConnector.fetchMaxBsonObjectSize(DBTCPConnector.java:429)
	at com.mongodb.Mongo.getMaxBsonObjectSize(Mongo.java:544)
	at com.mongodb.DBApiLayer$MyCollection.insert(DBApiLayer.java:244)
	at com.mongodb.DBApiLayer$MyCollection.createIndex(DBApiLayer.java:354)
	at com.mongodb.DBCollection.ensureIndex(DBCollection.java:444)
	at com.mongodb.DBCollection.ensureIndex(DBCollection.java:392)
	at net.ion.radon.repository.Workspace.createWorkspace(Workspace.java:64)
	at net.ion.radon.repository.Workspace.load(Workspace.java:43)
	at net.ion.radon.repository.Repository.getWorkspace(Repository.java:28)
	at net.ion.radon.repository.LocalSession.getCurrentWorkspace(LocalSession.java:147)
	at net.ion.radon.repository.LocalSession.dropWorkspace(LocalSession.java:76)
	at net.ion.radon.repository.TestBaseRepository.setUp(TestBaseRepository.java:17)
	at junit.framework.TestCase.runBare(TestCase.java:128)
	at junit.framework.TestResult$1.protect(TestResult.java:106)
	at junit.framework.TestResult.runProtected(TestResult.java:124)
	at junit.framework.TestResult.run(TestResult.java:109)
	at junit.framework.TestCase.run(TestCase.java:120)
	at junit.framework.TestSuite.runTest(TestSuite.java:230)
	at junit.framework.TestSuite.run(TestSuite.java:225)
	at junit.framework.TestSuite.runTest(TestSuite.java:230)
	at junit.framework.TestSuite.run(TestSuite.java:225)
	at junit.framework.TestSuite.runTest(TestSuite.java:230)
	at junit.framework.TestSuite.run(TestSuite.java:225)
	at junit.framework.TestSuite.runTest(TestSuite.java:230)
	at junit.framework.TestSuite.run(TestSuite.java:225)
	at org.apache.tools.ant.taskdefs.optional.junit.JUnitTestRunner.run(JUnitTestRunner.java:421)
	at org.apache.tools.ant.taskdefs.optional.junit.JUnitTestRunner.launch(JUnitTestRunner.java:912)
	at org.apache.tools.ant.taskdefs.optional.junit.JUnitTestRunner.main(JUnitTestRunner.java:766)
2011. 11. 17 오전 8:27:01 com.mongodb.DBTCPConnector fetchMaxBsonObjectSize
경고: Exception determining maxBSON size using0
java.io.IOException: couldn't connect to [/61.250.201.78:27017] bc:java.net.ConnectException: Connection timed out: connect
	at com.mongodb.DBPort._open(DBPort.java:224)
	at com.mongodb.DBPort.go(DBPort.java:101)
	at com.mongodb.DBPort.go(DBPort.java:82)
	at com.mongodb.DBPort.findOne(DBPort.java:142)
	at com.mongodb.DBPort.runCommand(DBPort.java:151)
	at com.mongodb.DBTCPConnector.fetchMaxBsonObjectSize(DBTCPConnector.java:429)
	at com.mongodb.DBTCPConnector.checkMaster(DBTCPConnector.java:416)
	at com.mongodb.DBTCPConnector.say(DBTCPConnector.java:139)
	at com.mongodb.DBTCPConnector.say(DBTCPConnector.java:132)
	at com.mongodb.DBApiLayer$MyCollection.insert(DBApiLayer.java:262)
	at com.mongodb.DBApiLayer$MyCollection.createIndex(DBApiLayer.java:354)
	at com.mongodb.DBCollection.ensureIndex(DBCollection.java:444)
	at com.mongodb.DBCollection.ensureIndex(DBCollection.java:392)
	at net.ion.radon.repository.Workspace.createWorkspace(Workspace.java:64)
	at net.ion.radon.repository.Workspace.load(Workspace.java:43)
	at net.ion.radon.repository.Repository.getWorkspace(Repository.java:28)
	at net.ion.radon.repository.LocalSession.getCurrentWorkspace(LocalSession.java:147)
	at net.ion.radon.repository.LocalSession.dropWorkspace(LocalSession.java:76)
	at net.ion.radon.repository.TestBaseRepository.setUp(TestBaseRepository.java:17)
	at junit.framework.TestCase.runBare(TestCase.java:128)
	at junit.framework.TestResult$1.protect(TestResult.java:106)
	at junit.framework.TestResult.runProtected(TestResult.java:124)
	at junit.framework.TestResult.run(TestResult.java:109)
	at junit.framework.TestCase.run(TestCase.java:120)
	at junit.framework.TestSuite.runTest(TestSuite.java:230)
	at junit.framework.TestSuite.run(TestSuite.java:225)
	at junit.framework.TestSuite.runTest(TestSuite.java:230)
	at junit.framework.TestSuite.run(TestSuite.java:225)
	at junit.framework.TestSuite.runTest(TestSuite.java:230)
	at junit.framework.TestSuite.run(TestSuite.java:225)
	at junit.framework.TestSuite.runTest(TestSuite.java:230)
	at junit.framework.TestSuite.run(TestSuite.java:225)
	at org.apache.tools.ant.taskdefs.optional.junit.JUnitTestRunner.run(JUnitTestRunner.java:421)
	at org.apache.tools.ant.taskdefs.optional.junit.JUnitTestRunner.launch(JUnitTestRunner.java:912)
	at org.apache.tools.ant.taskdefs.optional.junit.JUnitTestRunner.main(JUnitTestRunner.java:766)
2011. 11. 17 오전 8:27:22 com.mongodb.DBPortPool gotError
경고: emptying DBPortPool to 61.250.201.78:27017 b/c of error
java.io.IOException: couldn't connect to [/61.250.201.78:27017] bc:java.net.ConnectException: Connection timed out: connect
	at com.mongodb.DBPort._open(DBPort.java:224)
	at com.mongodb.DBPort.go(DBPort.java:101)
	at com.mongodb.DBPort.go(DBPort.java:82)
	at com.mongodb.DBPort.say(DBPort.java:77)
	at com.mongodb.DBTCPConnector.say(DBTCPConnector.java:146)
	at com.mongodb.DBTCPConnector.say(DBTCPConnector.java:132)
	at com.mongodb.DBApiLayer$MyCollection.insert(DBApiLayer.java:262)
	at com.mongodb.DBApiLayer$MyCollection.createIndex(DBApiLayer.java:354)
	at com.mongodb.DBCollection.ensureIndex(DBCollection.java:444)
	at com.mongodb.DBCollection.ensureIndex(DBCollection.java:392)
	at net.ion.radon.repository.Workspace.createWorkspace(Workspace.java:64)
	at net.ion.radon.repository.Workspace.load(Workspace.java:43)
	at net.ion.radon.repository.Repository.getWorkspace(Repository.java:28)
	at net.ion.radon.repository.LocalSession.getCurrentWorkspace(LocalSession.java:147)
	at net.ion.radon.repository.LocalSession.dropWorkspace(LocalSession.java:76)
	at net.ion.radon.repository.TestBaseRepository.setUp(TestBaseRepository.java:17)
	at junit.framework.TestCase.runBare(TestCase.java:128)
	at junit.framework.TestResult$1.protect(TestResult.java:106)
	at junit.framework.TestResult.runProtected(TestResult.java:124)
	at junit.framework.TestResult.run(TestResult.java:109)
	at junit.framework.TestCase.run(TestCase.java:120)
	at junit.framework.TestSuite.runTest(TestSuite.java:230)
	at junit.framework.TestSuite.run(TestSuite.java:225)
	at junit.framework.TestSuite.runTest(TestSuite.java:230)
	at junit.framework.TestSuite.run(TestSuite.java:225)
	at junit.framework.TestSuite.runTest(TestSuite.java:230)
	at junit.framework.TestSuite.run(TestSuite.java:225)
	at junit.framework.TestSuite.runTest(TestSuite.java:230)
	at junit.framework.TestSuite.run(TestSuite.java:225)
	at org.apache.tools.ant.taskdefs.optional.junit.JUnitTestRunner.run(JUnitTestRunner.java:421)
	at org.apache.tools.ant.taskdefs.optional.junit.JUnitTestRunner.launch(JUnitTestRunner.java:912)
	at org.apache.tools.ant.taskdefs.optional.junit.JUnitTestRunner.main(JUnitTestRunner.java:766)
2011. 11. 17 오전 8:27:43 com.mongodb.DBTCPConnector fetchMaxBsonObjectSize
경고: Exception determining maxBSON size using0
java.io.IOException: couldn't connect to [/61.250.201.78:27017] bc:java.net.ConnectException: Connection timed out: connect
	at com.mongodb.DBPort._open(DBPort.java:224)
	at com.mongodb.DBPort.go(DBPort.java:101)
	at com.mongodb.DBPort.go(DBPort.java:82)
	at com.mongodb.DBPort.findOne(DBPort.java:142)
	at com.mongodb.DBPort.runCommand(DBPort.java:151)
	at com.mongodb.DBTCPConnector.fetchMaxBsonObjectSize(DBTCPConnector.java:429)
	at com.mongodb.Mongo.getMaxBsonObjectSize(Mongo.java:544)
	at com.mongodb.DBApiLayer$MyCollection.insert(DBApiLayer.java:244)
	at com.mongodb.DBApiLayer$MyCollection.createIndex(DBApiLayer.java:354)
	at com.mongodb.DBCollection.ensureIndex(DBCollection.java:444)
	at com.mongodb.DBCollection.ensureIndex(DBCollection.java:392)
	at net.ion.radon.repository.Workspace.createWorkspace(Workspace.java:64)
	at net.ion.radon.repository.Workspace.load(Workspace.java:43)
	at net.ion.radon.repository.Repository.getWorkspace(Repository.java:28)
	at net.ion.radon.repository.LocalSession.getCurrentWorkspace(LocalSession.java:147)
	at net.ion.radon.repository.LocalSession.dropWorkspace(LocalSession.java:76)
	at net.ion.radon.repository.TestBaseRepository.setUp(TestBaseRepository.java:17)
	at junit.framework.TestCase.runBare(TestCase.java:128)
	at junit.framework.TestResult$1.protect(TestResult.java:106)
	at junit.framework.TestResult.runProtected(TestResult.java:124)
	at junit.framework.TestResult.run(TestResult.java:109)
	at junit.framework.TestCase.run(TestCase.java:120)
	at junit.framework.TestSuite.runTest(TestSuite.java:230)
	at junit.framework.TestSuite.run(TestSuite.java:225)
	at junit.framework.TestSuite.runTest(TestSuite.java:230)
	at junit.framework.TestSuite.run(TestSuite.java:225)
	at junit.framework.TestSuite.runTest(TestSuite.java:230)
	at junit.framework.TestSuite.run(TestSuite.java:225)
	at junit.framework.TestSuite.runTest(TestSuite.java:230)
	at junit.framework.TestSuite.run(TestSuite.java:225)
	at org.apache.tools.ant.taskdefs.optional.junit.JUnitTestRunner.run(JUnitTestRunner.java:421)
	at org.apache.tools.ant.taskdefs.optional.junit.JUnitTestRunner.launch(JUnitTestRunner.java:912)
	at org.apache.tools.ant.taskdefs.optional.junit.JUnitTestRunner.main(JUnitTestRunner.java:766)
2011. 11. 17 오전 8:28:04 com.mongodb.DBTCPConnector fetchMaxBsonObjectSize
경고: Exception determining maxBSON size using0
java.io.IOException: couldn't connect to [/61.250.201.78:27017] bc:java.net.ConnectException: Connection timed out: connect
	at com.mongodb.DBPort._open(DBPort.java:224)
	at com.mongodb.DBPort.go(DBPort.java:101)
	at com.mongodb.DBPort.go(DBPort.java:82)
	at com.mongodb.DBPort.findOne(DBPort.java:142)
	at com.mongodb.DBPort.runCommand(DBPort.java:151)
	at com.mongodb.DBTCPConnector.fetchMaxBsonObjectSize(DBTCPConnector.java:429)
	at com.mongodb.DBTCPConnector.checkMaster(DBTCPConnector.java:416)
	at com.mongodb.DBTCPConnector.say(DBTCPConnector.java:139)
	at com.mongodb.DBTCPConnector.say(DBTCPConnector.java:132)
	at com.mongodb.DBApiLayer$MyCollection.insert(DBApiLayer.java:262)
	at com.mongodb.DBApiLayer$MyCollection.createIndex(DBApiLayer.java:354)
	at com.mongodb.DBCollection.ensureIndex(DBCollection.java:444)
	at com.mongodb.DBCollection.ensureIndex(DBCollection.java:392)
	at net.ion.radon.repository.Workspace.createWorkspace(Workspace.java:64)
	at net.ion.radon.repository.Workspace.load(Workspace.java:43)
	at net.ion.radon.repository.Repository.getWorkspace(Repository.java:28)
	at net.ion.radon.repository.LocalSession.getCurrentWorkspace(LocalSession.java:147)
	at net.ion.radon.repository.LocalSession.dropWorkspace(LocalSession.java:76)
	at net.ion.radon.repository.TestBaseRepository.setUp(TestBaseRepository.java:17)
	at junit.framework.TestCase.runBare(TestCase.java:128)
	at junit.framework.TestResult$1.protect(TestResult.java:106)
	at junit.framework.TestResult.runProtected(TestResult.java:124)
	at junit.framework.TestResult.run(TestResult.java:109)
	at junit.framework.TestCase.run(TestCase.java:120)
	at junit.framework.TestSuite.runTest(TestSuite.java:230)
	at junit.framework.TestSuite.run(TestSuite.java:225)
	at junit.framework.TestSuite.runTest(TestSuite.java:230)
	at junit.framework.TestSuite.run(TestSuite.java:225)
	at junit.framework.TestSuite.runTest(TestSuite.java:230)
	at junit.framework.TestSuite.run(TestSuite.java:225)
	at junit.framework.TestSuite.runTest(TestSuite.java:230)
	at junit.framework.TestSuite.run(TestSuite.java:225)
	at org.apache.tools.ant.taskdefs.optional.junit.JUnitTestRunner.run(JUnitTestRunner.java:421)
	at org.apache.tools.ant.taskdefs.optional.junit.JUnitTestRunner.launch(JUnitTestRunner.java:912)
	at org.apache.tools.ant.taskdefs.optional.junit.JUnitTestRunner.main(JUnitTestRunner.java:766)
2011. 11. 17 오전 8:28:25 com.mongodb.DBPortPool gotError
경고: emptying DBPortPool to 61.250.201.78:27017 b/c of error
java.io.IOException: couldn't connect to [/61.250.201.78:27017] bc:java.net.ConnectException: Connection timed out: connect
	at com.mongodb.DBPort._open(DBPort.java:224)
	at com.mongodb.DBPort.go(DBPort.java:101)
	at com.mongodb.DBPort.go(DBPort.java:82)
	at com.mongodb.DBPort.say(DBPort.java:77)
	at com.mongodb.DBTCPConnector.say(DBTCPConnector.java:146)
	at com.mongodb.DBTCPConnector.say(DBTCPConnector.java:132)
	at com.mongodb.DBApiLayer$MyCollection.insert(DBApiLayer.java:262)
	at com.mongodb.DBApiLayer$MyCollection.createIndex(DBApiLayer.java:354)
	at com.mongodb.DBCollection.ensureIndex(DBCollection.java:444)
	at com.mongodb.DBCollection.ensureIndex(DBCollection.java:392)
	at net.ion.radon.repository.Workspace.createWorkspace(Workspace.java:64)
	at net.ion.radon.repository.Workspace.load(Workspace.java:43)
	at net.ion.radon.repository.Repository.getWorkspace(Repository.java:28)
	at net.ion.radon.repository.LocalSession.getCurrentWorkspace(LocalSession.java:147)
	at net.ion.radon.repository.LocalSession.dropWorkspace(LocalSession.java:76)
	at net.ion.radon.repository.TestBaseRepository.setUp(TestBaseRepository.java:17)
	at junit.framework.TestCase.runBare(TestCase.java:128)
	at junit.framework.TestResult$1.protect(TestResult.java:106)
	at junit.framework.TestResult.runProtected(TestResult.java:124)
	at junit.framework.TestResult.run(TestResult.java:109)
	at junit.framework.TestCase.run(TestCase.java:120)
	at junit.framework.TestSuite.runTest(TestSuite.java:230)
	at junit.framework.TestSuite.run(TestSuite.java:225)
	at junit.framework.TestSuite.runTest(TestSuite.java:230)
	at junit.framework.TestSuite.run(TestSuite.java:225)
	at junit.framework.TestSuite.runTest(TestSuite.java:230)
	at junit.framework.TestSuite.run(TestSuite.java:225)
	at junit.framework.TestSuite.runTest(TestSuite.java:230)
	at junit.framework.TestSuite.run(TestSuite.java:225)
	at org.apache.tools.ant.taskdefs.optional.junit.JUnitTestRunner.run(JUnitTestRunner.java:421)
	at org.apache.tools.ant.taskdefs.optional.junit.JUnitTestRunner.launch(JUnitTestRunner.java:912)
	at org.apache.tools.ant.taskdefs.optional.junit.JUnitTestRunner.main(JUnitTestRunner.java:766)
2011. 11. 17 오전 8:28:46 com.mongodb.DBTCPConnector fetchMaxBsonObjectSize
경고: Exception determining maxBSON size using0
java.io.IOException: couldn't connect to [/61.250.201.78:27017] bc:java.net.ConnectException: Connection timed out: connect
	at com.mongodb.DBPort._open(DBPort.java:224)
	at com.mongodb.DBPort.go(DBPort.java:101)
	at com.mongodb.DBPort.go(DBPort.java:82)
	at com.mongodb.DBPort.findOne(DBPort.java:142)
	at com.mongodb.DBPort.runCommand(DBPort.java:151)
	at com.mongodb.DBTCPConnector.fetchMaxBsonObjectSize(DBTCPConnector.java:429)
	at com.mongodb.Mongo.getMaxBsonObjectSize(Mongo.java:544)
	at com.mongodb.DBApiLayer$MyCollection.insert(DBApiLayer.java:244)
	at com.mongodb.DBApiLayer$MyCollection.createIndex(DBApiLayer.java:354)
	at com.mongodb.DBCollection.ensureIndex(DBCollection.java:444)
	at com.mongodb.DBCollection.ensureIndex(DBCollection.java:392)
	at net.ion.radon.repository.Workspace.createWorkspace(Workspace.java:64)
	at net.ion.radon.repository.Workspace.load(Workspace.java:43)
	at net.ion.radon.repository.Repository.getWorkspace(Repository.java:28)
	at net.ion.radon.repository.LocalSession.getCurrentWorkspace(LocalSession.java:147)
	at net.ion.radon.repository.LocalSession.dropWorkspace(LocalSession.java:76)
	at net.ion.radon.repository.TestBaseRepository.setUp(TestBaseRepository.java:17)
	at junit.framework.TestCase.runBare(TestCase.java:128)
	at junit.framework.TestResult$1.protect(TestResult.java:106)
	at junit.framework.TestResult.runProtected(TestResult.java:124)
	at junit.framework.TestResult.run(TestResult.java:109)
	at junit.framework.TestCase.run(TestCase.java:120)
	at junit.framework.TestSuite.runTest(TestSuite.java:230)
	at junit.framework.TestSuite.run(TestSuite.java:225)
	at junit.framework.TestSuite.runTest(TestSuite.java:230)
	at junit.framework.TestSuite.run(TestSuite.java:225)
	at junit.framework.TestSuite.runTest(TestSuite.java:230)
	at junit.framework.TestSuite.run(TestSuite.java:225)
	at junit.framework.TestSuite.runTest(TestSuite.java:230)
	at junit.framework.TestSuite.run(TestSuite.java:225)
	at org.apache.tools.ant.taskdefs.optional.junit.JUnitTestRunner.run(JUnitTestRunner.java:421)
	at org.apache.tools.ant.taskdefs.optional.junit.JUnitTestRunner.launch(JUnitTestRunner.java:912)
	at org.apache.tools.ant.taskdefs.optional.junit.JUnitTestRunner.main(JUnitTestRunner.java:766)
2011. 11. 17 오전 8:29:07 com.mongodb.DBTCPConnector fetchMaxBsonObjectSize
경고: Exception determining maxBSON size using0
java.io.IOException: couldn't connect to [/61.250.201.78:27017] bc:java.net.ConnectException: Connection timed out: connect
	at com.mongodb.DBPort._open(DBPort.java:224)
	at com.mongodb.DBPort.go(DBPort.java:101)
	at com.mongodb.DBPort.go(DBPort.java:82)
	at com.mongodb.DBPort.findOne(DBPort.java:142)
	at com.mongodb.DBPort.runCommand(DBPort.java:151)
	at com.mongodb.DBTCPConnector.fetchMaxBsonObjectSize(DBTCPConnector.java:429)
	at com.mongodb.DBTCPConnector.checkMaster(DBTCPConnector.java:416)
	at com.mongodb.DBTCPConnector.say(DBTCPConnector.java:139)
	at com.mongodb.DBTCPConnector.say(DBTCPConnector.java:132)
	at com.mongodb.DBApiLayer$MyCollection.insert(DBApiLayer.java:262)
	at com.mongodb.DBApiLayer$MyCollection.createIndex(DBApiLayer.java:354)
	at com.mongodb.DBCollection.ensureIndex(DBCollection.java:444)
	at com.mongodb.DBCollection.ensureIndex(DBCollection.java:392)
	at net.ion.radon.repository.Workspace.createWorkspace(Workspace.java:64)
	at net.ion.radon.repository.Workspace.load(Workspace.java:43)
	at net.ion.radon.repository.Repository.getWorkspace(Repository.java:28)
	at net.ion.radon.repository.LocalSession.getCurrentWorkspace(LocalSession.java:147)
	at net.ion.radon.repository.LocalSession.dropWorkspace(LocalSession.java:76)
	at net.ion.radon.repository.TestBaseRepository.setUp(TestBaseRepository.java:17)
	at junit.framework.TestCase.runBare(TestCase.java:128)
	at junit.framework.TestResult$1.protect(TestResult.java:106)
	at junit.framework.TestResult.runProtected(TestResult.java:124)
	at junit.framework.TestResult.run(TestResult.java:109)
	at junit.framework.TestCase.run(TestCase.java:120)
	at junit.framework.TestSuite.runTest(TestSuite.java:230)
	at junit.framework.TestSuite.run(TestSuite.java:225)
	at junit.framework.TestSuite.runTest(TestSuite.java:230)
	at junit.framework.TestSuite.run(TestSuite.java:225)
	at junit.framework.TestSuite.runTest(TestSuite.java:230)
	at junit.framework.TestSuite.run(TestSuite.java:225)
	at junit.framework.TestSuite.runTest(TestSuite.java:230)
	at junit.framework.TestSuite.run(TestSuite.java:225)
	at org.apache.tools.ant.taskdefs.optional.junit.JUnitTestRunner.run(JUnitTestRunner.java:421)
	at org.apache.tools.ant.taskdefs.optional.junit.JUnitTestRunner.launch(JUnitTestRunner.java:912)
	at org.apache.tools.ant.taskdefs.optional.junit.JUnitTestRunner.main(JUnitTestRunner.java:766)
2011. 11. 17 오전 8:29:28 com.mongodb.DBPortPool gotError
경고: emptying DBPortPool to 61.250.201.78:27017 b/c of error
java.io.IOException: couldn't connect to [/61.250.201.78:27017] bc:java.net.ConnectException: Connection timed out: connect
	at com.mongodb.DBPort._open(DBPort.java:224)
	at com.mongodb.DBPort.go(DBPort.java:101)
	at com.mongodb.DBPort.go(DBPort.java:82)
	at com.mongodb.DBPort.say(DBPort.java:77)
	at com.mongodb.DBTCPConnector.say(DBTCPConnector.java:146)
	at com.mongodb.DBTCPConnector.say(DBTCPConnector.java:132)
	at com.mongodb.DBApiLayer$MyCollection.insert(DBApiLayer.java:262)
	at com.mongodb.DBApiLayer$MyCollection.createIndex(DBApiLayer.java:354)
	at com.mongodb.DBCollection.ensureIndex(DBCollection.java:444)
	at com.mongodb.DBCollection.ensureIndex(DBCollection.java:392)
	at net.ion.radon.repository.Workspace.createWorkspace(Workspace.java:64)
	at net.ion.radon.repository.Workspace.load(Workspace.java:43)
	at net.ion.radon.repository.Repository.getWorkspace(Repository.java:28)
	at net.ion.radon.repository.LocalSession.getCurrentWorkspace(LocalSession.java:147)
	at net.ion.radon.repository.LocalSession.dropWorkspace(LocalSession.java:76)
	at net.ion.radon.repository.TestBaseRepository.setUp(TestBaseRepository.java:17)
	at junit.framework.TestCase.runBare(TestCase.java:128)
	at junit.framework.TestResult$1.protect(TestResult.java:106)
	at junit.framework.TestResult.runProtected(TestResult.java:124)
	at junit.framework.TestResult.run(TestResult.java:109)
	at junit.framework.TestCase.run(TestCase.java:120)
	at junit.framework.TestSuite.runTest(TestSuite.java:230)
	at junit.framework.TestSuite.run(TestSuite.java:225)
	at junit.framework.TestSuite.runTest(TestSuite.java:230)
	at junit.framework.TestSuite.run(TestSuite.java:225)
	at junit.framework.TestSuite.runTest(TestSuite.java:230)
	at junit.framework.TestSuite.run(TestSuite.java:225)
	at junit.framework.TestSuite.runTest(TestSuite.java:230)
	at junit.framework.TestSuite.run(TestSuite.java:225)
	at org.apache.tools.ant.taskdefs.optional.junit.JUnitTestRunner.run(JUnitTestRunner.java:421)
	at org.apache.tools.ant.taskdefs.optional.junit.JUnitTestRunner.launch(JUnitTestRunner.java:912)
	at org.apache.tools.ant.taskdefs.optional.junit.JUnitTestRunner.main(JUnitTestRunner.java:766)
2011. 11. 17 오전 8:29:49 com.mongodb.DBTCPConnector fetchMaxBsonObjectSize
경고: Exception determining maxBSON size using0
java.io.IOException: couldn't connect to [/61.250.201.78:27017] bc:java.net.ConnectException: Connection timed out: connect
	at com.mongodb.DBPort._open(DBPort.java:224)
	at com.mongodb.DBPort.go(DBPort.java:101)
	at com.mongodb.DBPort.go(DBPort.java:82)
	at com.mongodb.DBPort.findOne(DBPort.java:142)
	at com.mongodb.DBPort.runCommand(DBPort.java:151)
	at com.mongodb.DBTCPConnector.fetchMaxBsonObjectSize(DBTCPConnector.java:429)
	at com.mongodb.Mongo.getMaxBsonObjectSize(Mongo.java:544)
	at com.mongodb.DBApiLayer$MyCollection.insert(DBApiLayer.java:244)
	at com.mongodb.DBApiLayer$MyCollection.createIndex(DBApiLayer.java:354)
	at com.mongodb.DBCollection.ensureIndex(DBCollection.java:444)
	at com.mongodb.DBCollection.ensureIndex(DBCollection.java:392)
	at net.ion.radon.repository.Workspace.createWorkspace(Workspace.java:64)
	at net.ion.radon.repository.Workspace.load(Workspace.java:43)
	at net.ion.radon.repository.Repository.getWorkspace(Repository.java:28)
	at net.ion.radon.repository.LocalSession.getCurrentWorkspace(LocalSession.java:147)
	at net.ion.radon.repository.LocalSession.dropWorkspace(LocalSession.java:76)
	at net.ion.radon.repository.TestBaseRepository.setUp(TestBaseRepository.java:17)
	at junit.framework.TestCase.runBare(TestCase.java:128)
	at junit.framework.TestResult$1.protect(TestResult.java:106)
	at junit.framework.TestResult.runProtected(TestResult.java:124)
	at junit.framework.TestResult.run(TestResult.java:109)
	at junit.framework.TestCase.run(TestCase.java:120)
	at junit.framework.TestSuite.runTest(TestSuite.java:230)
	at junit.framework.TestSuite.run(TestSuite.java:225)
	at junit.framework.TestSuite.runTest(TestSuite.java:230)
	at junit.framework.TestSuite.run(TestSuite.java:225)
	at junit.framework.TestSuite.runTest(TestSuite.java:230)
	at junit.framework.TestSuite.run(TestSuite.java:225)
	at junit.framework.TestSuite.runTest(TestSuite.java:230)
	at junit.framework.TestSuite.run(TestSuite.java:225)
	at org.apache.tools.ant.taskdefs.optional.junit.JUnitTestRunner.run(JUnitTestRunner.java:421)
	at org.apache.tools.ant.taskdefs.optional.junit.JUnitTestRunner.launch(JUnitTestRunner.java:912)
	at org.apache.tools.ant.taskdefs.optional.junit.JUnitTestRunner.main(JUnitTestRunner.java:766)
2011. 11. 17 오전 8:30:10 com.mongodb.DBTCPConnector fetchMaxBsonObjectSize
경고: Exception determining maxBSON size using0
java.io.IOException: couldn't connect to [/61.250.201.78:27017] bc:java.net.ConnectException: Connection timed out: connect
	at com.mongodb.DBPort._open(DBPort.java:224)
	at com.mongodb.DBPort.go(DBPort.java:101)
	at com.mongodb.DBPort.go(DBPort.java:82)
	at com.mongodb.DBPort.findOne(DBPort.java:142)
	at com.mongodb.DBPort.runCommand(DBPort.java:151)
	at com.mongodb.DBTCPConnector.fetchMaxBsonObjectSize(DBTCPConnector.java:429)
	at com.mongodb.DBTCPConnector.checkMaster(DBTCPConnector.java:416)
	at com.mongodb.DBTCPConnector.say(DBTCPConnector.java:139)
	at com.mongodb.DBTCPConnector.say(DBTCPConnector.java:132)
	at com.mongodb.DBApiLayer$MyCollection.insert(DBApiLayer.java:262)
	at com.mongodb.DBApiLayer$MyCollection.createIndex(DBApiLayer.java:354)
	at com.mongodb.DBCollection.ensureIndex(DBCollection.java:444)
	at com.mongodb.DBCollection.ensureIndex(DBCollection.java:392)
	at net.ion.radon.repository.Workspace.createWorkspace(Workspace.java:64)
	at net.ion.radon.repository.Workspace.load(Workspace.java:43)
	at net.ion.radon.repository.Repository.getWorkspace(Repository.java:28)
	at net.ion.radon.repository.LocalSession.getCurrentWorkspace(LocalSession.java:147)
	at net.ion.radon.repository.LocalSession.dropWorkspace(LocalSession.java:76)
	at net.ion.radon.repository.TestBaseRepository.setUp(TestBaseRepository.java:17)
	at junit.framework.TestCase.runBare(TestCase.java:128)
	at junit.framework.TestResult$1.protect(TestResult.java:106)
	at junit.framework.TestResult.runProtected(TestResult.java:124)
	at junit.framework.TestResult.run(TestResult.java:109)
	at junit.framework.TestCase.run(TestCase.java:120)
	at junit.framework.TestSuite.runTest(TestSuite.java:230)
	at junit.framework.TestSuite.run(TestSuite.java:225)
	at junit.framework.TestSuite.runTest(TestSuite.java:230)
	at junit.framework.TestSuite.run(TestSuite.java:225)
	at junit.framework.TestSuite.runTest(TestSuite.java:230)
	at junit.framework.TestSuite.run(TestSuite.java:225)
	at junit.framework.TestSuite.runTest(TestSuite.java:230)
	at junit.framework.TestSuite.run(TestSuite.java:225)
	at org.apache.tools.ant.taskdefs.optional.junit.JUnitTestRunner.run(JUnitTestRunner.java:421)
	at org.apache.tools.ant.taskdefs.optional.junit.JUnitTestRunner.launch(JUnitTestRunner.java:912)
	at org.apache.tools.ant.taskdefs.optional.junit.JUnitTestRunner.main(JUnitTestRunner.java:766)
2011. 11. 17 오전 8:30:32 com.mongodb.DBPortPool gotError
경고: emptying DBPortPool to 61.250.201.78:27017 b/c of error
java.io.IOException: couldn't connect to [/61.250.201.78:27017] bc:java.net.ConnectException: Connection timed out: connect
	at com.mongodb.DBPort._open(DBPort.java:224)
	at com.mongodb.DBPort.go(DBPort.java:101)
	at com.mongodb.DBPort.go(DBPort.java:82)
	at com.mongodb.DBPort.say(DBPort.java:77)
	at com.mongodb.DBTCPConnector.say(DBTCPConnector.java:146)
	at com.mongodb.DBTCPConnector.say(DBTCPConnector.java:132)
	at com.mongodb.DBApiLayer$MyCollection.insert(DBApiLayer.java:262)
	at com.mongodb.DBApiLayer$MyCollection.createIndex(DBApiLayer.java:354)
	at com.mongodb.DBCollection.ensureIndex(DBCollection.java:444)
	at com.mongodb.DBCollection.ensureIndex(DBCollection.java:392)
	at net.ion.radon.repository.Workspace.createWorkspace(Workspace.java:64)
	at net.ion.radon.repository.Workspace.load(Workspace.java:43)
	at net.ion.radon.repository.Repository.getWorkspace(Repository.java:28)
	at net.ion.radon.repository.LocalSession.getCurrentWorkspace(LocalSession.java:147)
	at net.ion.radon.repository.LocalSession.dropWorkspace(LocalSession.java:76)
	at net.ion.radon.repository.TestBaseRepository.setUp(TestBaseRepository.java:17)
	at junit.framework.TestCase.runBare(TestCase.java:128)
	at junit.framework.TestResult$1.protect(TestResult.java:106)
	at junit.framework.TestResult.runProtected(TestResult.java:124)
	at junit.framework.TestResult.run(TestResult.java:109)
	at junit.framework.TestCase.run(TestCase.java:120)
	at junit.framework.TestSuite.runTest(TestSuite.java:230)
	at junit.framework.TestSuite.run(TestSuite.java:225)
	at junit.framework.TestSuite.runTest(TestSuite.java:230)
	at junit.framework.TestSuite.run(TestSuite.java:225)
	at junit.framework.TestSuite.runTest(TestSuite.java:230)
	at junit.framework.TestSuite.run(TestSuite.java:225)
	at junit.framework.TestSuite.runTest(TestSuite.java:230)
	at junit.framework.TestSuite.run(TestSuite.java:225)
	at org.apache.tools.ant.taskdefs.optional.junit.JUnitTestRunner.run(JUnitTestRunner.java:421)
	at org.apache.tools.ant.taskdefs.optional.junit.JUnitTestRunner.launch(JUnitTestRunner.java:912)
	at org.apache.tools.ant.taskdefs.optional.junit.JUnitTestRunner.main(JUnitTestRunner.java:766)
2011. 11. 17 오전 8:30:53 com.mongodb.DBTCPConnector fetchMaxBsonObjectSize
경고: Exception determining maxBSON size using0
java.io.IOException: couldn't connect to [/61.250.201.78:27017] bc:java.net.ConnectException: Connection timed out: connect
	at com.mongodb.DBPort._open(DBPort.java:224)
	at com.mongodb.DBPort.go(DBPort.java:101)
	at com.mongodb.DBPort.go(DBPort.java:82)
	at com.mongodb.DBPort.findOne(DBPort.java:142)
	at com.mongodb.DBPort.runCommand(DBPort.java:151)
	at com.mongodb.DBTCPConnector.fetchMaxBsonObjectSize(DBTCPConnector.java:429)
	at com.mongodb.Mongo.getMaxBsonObjectSize(Mongo.java:544)
	at com.mongodb.DBApiLayer$MyCollection.insert(DBApiLayer.java:244)
	at com.mongodb.DBApiLayer$MyCollection.createIndex(DBApiLayer.java:354)
	at com.mongodb.DBCollection.ensureIndex(DBCollection.java:444)
	at com.mongodb.DBCollection.ensureIndex(DBCollection.java:392)
	at net.ion.radon.repository.Workspace.createWorkspace(Workspace.java:64)
	at net.ion.radon.repository.Workspace.load(Workspace.java:43)
	at net.ion.radon.repository.Repository.getWorkspace(Repository.java:28)
	at net.ion.radon.repository.LocalSession.getCurrentWorkspace(LocalSession.java:147)
	at net.ion.radon.repository.LocalSession.dropWorkspace(LocalSession.java:76)
	at net.ion.radon.repository.TestBaseRepository.setUp(TestBaseRepository.java:17)
	at junit.framework.TestCase.runBare(TestCase.java:128)
	at junit.framework.TestResult$1.protect(TestResult.java:106)
	at junit.framework.TestResult.runProtected(TestResult.java:124)
	at junit.framework.TestResult.run(TestResult.java:109)
	at junit.framework.TestCase.run(TestCase.java:120)
	at junit.framework.TestSuite.runTest(TestSuite.java:230)
	at junit.framework.TestSuite.run(TestSuite.java:225)
	at junit.framework.TestSuite.runTest(TestSuite.java:230)
	at junit.framework.TestSuite.run(TestSuite.java:225)
	at junit.framework.TestSuite.runTest(TestSuite.java:230)
	at junit.framework.TestSuite.run(TestSuite.java:225)
	at junit.framework.TestSuite.runTest(TestSuite.java:230)
	at junit.framework.TestSuite.run(TestSuite.java:225)
	at org.apache.tools.ant.taskdefs.optional.junit.JUnitTestRunner.run(JUnitTestRunner.java:421)
	at org.apache.tools.ant.taskdefs.optional.junit.JUnitTestRunner.launch(JUnitTestRunner.java:912)
	at org.apache.tools.ant.taskdefs.optional.junit.JUnitTestRunner.main(JUnitTestRunner.java:766)
2011. 11. 17 오전 8:31:14 com.mongodb.DBTCPConnector fetchMaxBsonObjectSize
경고: Exception determining maxBSON size using0
java.io.IOException: couldn't connect to [/61.250.201.78:27017] bc:java.net.ConnectException: Connection timed out: connect
	at com.mongodb.DBPort._open(DBPort.java:224)
	at com.mongodb.DBPort.go(DBPort.java:101)
	at com.mongodb.DBPort.go(DBPort.java:82)
	at com.mongodb.DBPort.findOne(DBPort.java:142)
	at com.mongodb.DBPort.runCommand(DBPort.java:151)
	at com.mongodb.DBTCPConnector.fetchMaxBsonObjectSize(DBTCPConnector.java:429)
	at com.mongodb.DBTCPConnector.checkMaster(DBTCPConnector.java:416)
	at com.mongodb.DBTCPConnector.say(DBTCPConnector.java:139)
	at com.mongodb.DBTCPConnector.say(DBTCPConnector.java:132)
	at com.mongodb.DBApiLayer$MyCollection.insert(DBApiLayer.java:262)
	at com.mongodb.DBApiLayer$MyCollection.createIndex(DBApiLayer.java:354)
	at com.mongodb.DBCollection.ensureIndex(DBCollection.java:444)
	at com.mongodb.DBCollection.ensureIndex(DBCollection.java:392)
	at net.ion.radon.repository.Workspace.createWorkspace(Workspace.java:64)
	at net.ion.radon.repository.Workspace.load(Workspace.java:43)
	at net.ion.radon.repository.Repository.getWorkspace(Repository.java:28)
	at net.ion.radon.repository.LocalSession.getCurrentWorkspace(LocalSession.java:147)
	at net.ion.radon.repository.LocalSession.dropWorkspace(LocalSession.java:76)
	at net.ion.radon.repository.TestBaseRepository.setUp(TestBaseRepository.java:17)
	at junit.framework.TestCase.runBare(TestCase.java:128)
	at junit.framework.TestResult$1.protect(TestResult.java:106)
	at junit.framework.TestResult.runProtected(TestResult.java:124)
	at junit.framework.TestResult.run(TestResult.java:109)
	at junit.framework.TestCase.run(TestCase.java:120)
	at junit.framework.TestSuite.runTest(TestSuite.java:230)
	at junit.framework.TestSuite.run(TestSuite.java:225)
	at junit.framework.TestSuite.runTest(TestSuite.java:230)
	at junit.framework.TestSuite.run(TestSuite.java:225)
	at junit.framework.TestSuite.runTest(TestSuite.java:230)
	at junit.framework.TestSuite.run(TestSuite.java:225)
	at junit.framework.TestSuite.runTest(TestSuite.java:230)
	at junit.framework.TestSuite.run(TestSuite.java:225)
	at org.apache.tools.ant.taskdefs.optional.junit.JUnitTestRunner.run(JUnitTestRunner.java:421)
	at org.apache.tools.ant.taskdefs.optional.junit.JUnitTestRunner.launch(JUnitTestRunner.java:912)
	at org.apache.tools.ant.taskdefs.optional.junit.JUnitTestRunner.main(JUnitTestRunner.java:766)
2011. 11. 17 오전 8:31:35 com.mongodb.DBPortPool gotError
경고: emptying DBPortPool to 61.250.201.78:27017 b/c of error
java.io.IOException: couldn't connect to [/61.250.201.78:27017] bc:java.net.ConnectException: Connection timed out: connect
	at com.mongodb.DBPort._open(DBPort.java:224)
	at com.mongodb.DBPort.go(DBPort.java:101)
	at com.mongodb.DBPort.go(DBPort.java:82)
	at com.mongodb.DBPort.say(DBPort.java:77)
	at com.mongodb.DBTCPConnector.say(DBTCPConnector.java:146)
	at com.mongodb.DBTCPConnector.say(DBTCPConnector.java:132)
	at com.mongodb.DBApiLayer$MyCollection.insert(DBApiLayer.java:262)
	at com.mongodb.DBApiLayer$MyCollection.createIndex(DBApiLayer.java:354)
	at com.mongodb.DBCollection.ensureIndex(DBCollection.java:444)
	at com.mongodb.DBCollection.ensureIndex(DBCollection.java:392)
	at net.ion.radon.repository.Workspace.createWorkspace(Workspace.java:64)
	at net.ion.radon.repository.Workspace.load(Workspace.java:43)
	at net.ion.radon.repository.Repository.getWorkspace(Repository.java:28)
	at net.ion.radon.repository.LocalSession.getCurrentWorkspace(LocalSession.java:147)
	at net.ion.radon.repository.LocalSession.dropWorkspace(LocalSession.java:76)
	at net.ion.radon.repository.TestBaseRepository.setUp(TestBaseRepository.java:17)
	at junit.framework.TestCase.runBare(TestCase.java:128)
	at junit.framework.TestResult$1.protect(TestResult.java:106)
	at junit.framework.TestResult.runProtected(TestResult.java:124)
	at junit.framework.TestResult.run(TestResult.java:109)
	at junit.framework.TestCase.run(TestCase.java:120)
	at junit.framework.TestSuite.runTest(TestSuite.java:230)
	at junit.framework.TestSuite.run(TestSuite.java:225)
	at junit.framework.TestSuite.runTest(TestSuite.java:230)
	at junit.framework.TestSuite.run(TestSuite.java:225)
	at junit.framework.TestSuite.runTest(TestSuite.java:230)
	at junit.framework.TestSuite.run(TestSuite.java:225)
	at junit.framework.TestSuite.runTest(TestSuite.java:230)
	at junit.framework.TestSuite.run(TestSuite.java:225)
	at org.apache.tools.ant.taskdefs.optional.junit.JUnitTestRunner.run(JUnitTestRunner.java:421)
	at org.apache.tools.ant.taskdefs.optional.junit.JUnitTestRunner.launch(JUnitTestRunner.java:912)
	at org.apache.tools.ant.taskdefs.optional.junit.JUnitTestRunner.main(JUnitTestRunner.java:766)
2011. 11. 17 오전 8:31:56 com.mongodb.DBTCPConnector fetchMaxBsonObjectSize
경고: Exception determining maxBSON size using0
java.io.IOException: couldn't connect to [/61.250.201.78:27017] bc:java.net.ConnectException: Connection timed out: connect
	at com.mongodb.DBPort._open(DBPort.java:224)
	at com.mongodb.DBPort.go(DBPort.java:101)
	at com.mongodb.DBPort.go(DBPort.java:82)
	at com.mongodb.DBPort.findOne(DBPort.java:142)
	at com.mongodb.DBPort.runCommand(DBPort.java:151)
	at com.mongodb.DBTCPConnector.fetchMaxBsonObjectSize(DBTCPConnector.java:429)
	at com.mongodb.Mongo.getMaxBsonObjectSize(Mongo.java:544)
	at com.mongodb.DBApiLayer$MyCollection.insert(DBApiLayer.java:244)
	at com.mongodb.DBApiLayer$MyCollection.createIndex(DBApiLayer.java:354)
	at com.mongodb.DBCollection.ensureIndex(DBCollection.java:444)
	at com.mongodb.DBCollection.ensureIndex(DBCollection.java:392)
	at net.ion.radon.repository.Workspace.createWorkspace(Workspace.java:64)
	at net.ion.radon.repository.Workspace.load(Workspace.java:43)
	at net.ion.radon.repository.Repository.getWorkspace(Repository.java:28)
	at net.ion.radon.repository.LocalSession.getCurrentWorkspace(LocalSession.java:147)
	at net.ion.radon.repository.LocalSession.dropWorkspace(LocalSession.java:76)
	at net.ion.radon.repository.TestBaseRepository.setUp(TestBaseRepository.java:17)
	at junit.framework.TestCase.runBare(TestCase.java:128)
	at junit.framework.TestResult$1.protect(TestResult.java:106)
	at junit.framework.TestResult.runProtected(TestResult.java:124)
	at junit.framework.TestResult.run(TestResult.java:109)
	at junit.framework.TestCase.run(TestCase.java:120)
	at junit.framework.TestSuite.runTest(TestSuite.java:230)
	at junit.framework.TestSuite.run(TestSuite.java:225)
	at junit.framework.TestSuite.runTest(TestSuite.java:230)
	at junit.framework.TestSuite.run(TestSuite.java:225)
	at junit.framework.TestSuite.runTest(TestSuite.java:230)
	at junit.framework.TestSuite.run(TestSuite.java:225)
	at junit.framework.TestSuite.runTest(TestSuite.java:230)
	at junit.framework.TestSuite.run(TestSuite.java:225)
	at org.apache.tools.ant.taskdefs.optional.junit.JUnitTestRunner.run(JUnitTestRunner.java:421)
	at org.apache.tools.ant.taskdefs.optional.junit.JUnitTestRunner.launch(JUnitTestRunner.java:912)
	at org.apache.tools.ant.taskdefs.optional.junit.JUnitTestRunner.main(JUnitTestRunner.java:766)
2011. 11. 17 오전 8:32:17 com.mongodb.DBTCPConnector fetchMaxBsonObjectSize
경고: Exception determining maxBSON size using0
java.io.IOException: couldn't connect to [/61.250.201.78:27017] bc:java.net.ConnectException: Connection timed out: connect
	at com.mongodb.DBPort._open(DBPort.java:224)
	at com.mongodb.DBPort.go(DBPort.java:101)
	at com.mongodb.DBPort.go(DBPort.java:82)
	at com.mongodb.DBPort.findOne(DBPort.java:142)
	at com.mongodb.DBPort.runCommand(DBPort.java:151)
	at com.mongodb.DBTCPConnector.fetchMaxBsonObjectSize(DBTCPConnector.java:429)
	at com.mongodb.DBTCPConnector.checkMaster(DBTCPConnector.java:416)
	at com.mongodb.DBTCPConnector.say(DBTCPConnector.java:139)
	at com.mongodb.DBTCPConnector.say(DBTCPConnector.java:132)
	at com.mongodb.DBApiLayer$MyCollection.insert(DBApiLayer.java:262)
	at com.mongodb.DBApiLayer$MyCollection.createIndex(DBApiLayer.java:354)
	at com.mongodb.DBCollection.ensureIndex(DBCollection.java:444)
	at com.mongodb.DBCollection.ensureIndex(DBCollection.java:392)
	at net.ion.radon.repository.Workspace.createWorkspace(Workspace.java:64)
	at net.ion.radon.repository.Workspace.load(Workspace.java:43)
	at net.ion.radon.repository.Repository.getWorkspace(Repository.java:28)
	at net.ion.radon.repository.LocalSession.getCurrentWorkspace(LocalSession.java:147)
	at net.ion.radon.repository.LocalSession.dropWorkspace(LocalSession.java:76)
	at net.ion.radon.repository.TestBaseRepository.setUp(TestBaseRepository.java:17)
	at junit.framework.TestCase.runBare(TestCase.java:128)
	at junit.framework.TestResult$1.protect(TestResult.java:106)
	at junit.framework.TestResult.runProtected(TestResult.java:124)
	at junit.framework.TestResult.run(TestResult.java:109)
	at junit.framework.TestCase.run(TestCase.java:120)
	at junit.framework.TestSuite.runTest(TestSuite.java:230)
	at junit.framework.TestSuite.run(TestSuite.java:225)
	at junit.framework.TestSuite.runTest(TestSuite.java:230)
	at junit.framework.TestSuite.run(TestSuite.java:225)
	at junit.framework.TestSuite.runTest(TestSuite.java:230)
	at junit.framework.TestSuite.run(TestSuite.java:225)
	at junit.framework.TestSuite.runTest(TestSuite.java:230)
	at junit.framework.TestSuite.run(TestSuite.java:225)
	at org.apache.tools.ant.taskdefs.optional.junit.JUnitTestRunner.run(JUnitTestRunner.java:421)
	at org.apache.tools.ant.taskdefs.optional.junit.JUnitTestRunner.launch(JUnitTestRunner.java:912)
	at org.apache.tools.ant.taskdefs.optional.junit.JUnitTestRunner.main(JUnitTestRunner.java:766)
2011. 11. 17 오전 8:32:38 com.mongodb.DBPortPool gotError
경고: emptying DBPortPool to 61.250.201.78:27017 b/c of error
java.io.IOException: couldn't connect to [/61.250.201.78:27017] bc:java.net.ConnectException: Connection timed out: connect
	at com.mongodb.DBPort._open(DBPort.java:224)
	at com.mongodb.DBPort.go(DBPort.java:101)
	at com.mongodb.DBPort.go(DBPort.java:82)
	at com.mongodb.DBPort.say(DBPort.java:77)
	at com.mongodb.DBTCPConnector.say(DBTCPConnector.java:146)
	at com.mongodb.DBTCPConnector.say(DBTCPConnector.java:132)
	at com.mongodb.DBApiLayer$MyCollection.insert(DBApiLayer.java:262)
	at com.mongodb.DBApiLayer$MyCollection.createIndex(DBApiLayer.java:354)
	at com.mongodb.DBCollection.ensureIndex(DBCollection.java:444)
	at com.mongodb.DBCollection.ensureIndex(DBCollection.java:392)
	at net.ion.radon.repository.Workspace.createWorkspace(Workspace.java:64)
	at net.ion.radon.repository.Workspace.load(Workspace.java:43)
	at net.ion.radon.repository.Repository.getWorkspace(Repository.java:28)
	at net.ion.radon.repository.LocalSession.getCurrentWorkspace(LocalSession.java:147)
	at net.ion.radon.repository.LocalSession.dropWorkspace(LocalSession.java:76)
	at net.ion.radon.repository.TestBaseRepository.setUp(TestBaseRepository.java:17)
	at junit.framework.TestCase.runBare(TestCase.java:128)
	at junit.framework.TestResult$1.protect(TestResult.java:106)
	at junit.framework.TestResult.runProtected(TestResult.java:124)
	at junit.framework.TestResult.run(TestResult.java:109)
	at junit.framework.TestCase.run(TestCase.java:120)
	at junit.framework.TestSuite.runTest(TestSuite.java:230)
	at junit.framework.TestSuite.run(TestSuite.java:225)
	at junit.framework.TestSuite.runTest(TestSuite.java:230)
	at junit.framework.TestSuite.run(TestSuite.java:225)
	at junit.framework.TestSuite.runTest(TestSuite.java:230)
	at junit.framework.TestSuite.run(TestSuite.java:225)
	at junit.framework.TestSuite.runTest(TestSuite.java:230)
	at junit.framework.TestSuite.run(TestSuite.java:225)
	at org.apache.tools.ant.taskdefs.optional.junit.JUnitTestRunner.run(JUnitTestRunner.java:421)
	at org.apache.tools.ant.taskdefs.optional.junit.JUnitTestRunner.launch(JUnitTestRunner.java:912)
	at org.apache.tools.ant.taskdefs.optional.junit.JUnitTestRunner.main(JUnitTestRunner.java:766)
2011. 11. 17 오전 8:32:59 com.mongodb.DBTCPConnector fetchMaxBsonObjectSize
경고: Exception determining maxBSON size using0
java.io.IOException: couldn't connect to [/61.250.201.78:27017] bc:java.net.ConnectException: Connection timed out: connect
	at com.mongodb.DBPort._open(DBPort.java:224)
	at com.mongodb.DBPort.go(DBPort.java:101)
	at com.mongodb.DBPort.go(DBPort.java:82)
	at com.mongodb.DBPort.findOne(DBPort.java:142)
	at com.mongodb.DBPort.runCommand(DBPort.java:151)
	at com.mongodb.DBTCPConnector.fetchMaxBsonObjectSize(DBTCPConnector.java:429)
	at com.mongodb.Mongo.getMaxBsonObjectSize(Mongo.java:544)
	at com.mongodb.DBApiLayer$MyCollection.insert(DBApiLayer.java:244)
	at com.mongodb.DBApiLayer$MyCollection.createIndex(DBApiLayer.java:354)
	at com.mongodb.DBCollection.ensureIndex(DBCollection.java:444)
	at com.mongodb.DBCollection.ensureIndex(DBCollection.java:392)
	at net.ion.radon.repository.Workspace.createWorkspace(Workspace.java:64)
	at net.ion.radon.repository.Workspace.load(Workspace.java:43)
	at net.ion.radon.repository.Repository.getWorkspace(Repository.java:28)
	at net.ion.radon.repository.LocalSession.getCurrentWorkspace(LocalSession.java:147)
	at net.ion.radon.repository.LocalSession.dropWorkspace(LocalSession.java:76)
	at net.ion.radon.repository.TestBaseRepository.setUp(TestBaseRepository.java:17)
	at junit.framework.TestCase.runBare(TestCase.java:128)
	at junit.framework.TestResult$1.protect(TestResult.java:106)
	at junit.framework.TestResult.runProtected(TestResult.java:124)
	at junit.framework.TestResult.run(TestResult.java:109)
	at junit.framework.TestCase.run(TestCase.java:120)
	at junit.framework.TestSuite.runTest(TestSuite.java:230)
	at junit.framework.TestSuite.run(TestSuite.java:225)
	at junit.framework.TestSuite.runTest(TestSuite.java:230)
	at junit.framework.TestSuite.run(TestSuite.java:225)
	at junit.framework.TestSuite.runTest(TestSuite.java:230)
	at junit.framework.TestSuite.run(TestSuite.java:225)
	at junit.framework.TestSuite.runTest(TestSuite.java:230)
	at junit.framework.TestSuite.run(TestSuite.java:225)
	at org.apache.tools.ant.taskdefs.optional.junit.JUnitTestRunner.run(JUnitTestRunner.java:421)
	at org.apache.tools.ant.taskdefs.optional.junit.JUnitTestRunner.launch(JUnitTestRunner.java:912)
	at org.apache.tools.ant.taskdefs.optional.junit.JUnitTestRunner.main(JUnitTestRunner.java:766)
2011. 11. 17 오전 8:33:20 com.mongodb.DBTCPConnector fetchMaxBsonObjectSize
경고: Exception determining maxBSON size using0
java.io.IOException: couldn't connect to [/61.250.201.78:27017] bc:java.net.ConnectException: Connection timed out: connect
	at com.mongodb.DBPort._open(DBPort.java:224)
	at com.mongodb.DBPort.go(DBPort.java:101)
	at com.mongodb.DBPort.go(DBPort.java:82)
	at com.mongodb.DBPort.findOne(DBPort.java:142)
	at com.mongodb.DBPort.runCommand(DBPort.java:151)
	at com.mongodb.DBTCPConnector.fetchMaxBsonObjectSize(DBTCPConnector.java:429)
	at com.mongodb.DBTCPConnector.checkMaster(DBTCPConnector.java:416)
	at com.mongodb.DBTCPConnector.say(DBTCPConnector.java:139)
	at com.mongodb.DBTCPConnector.say(DBTCPConnector.java:132)
	at com.mongodb.DBApiLayer$MyCollection.insert(DBApiLayer.java:262)
	at com.mongodb.DBApiLayer$MyCollection.createIndex(DBApiLayer.java:354)
	at com.mongodb.DBCollection.ensureIndex(DBCollection.java:444)
	at com.mongodb.DBCollection.ensureIndex(DBCollection.java:392)
	at net.ion.radon.repository.Workspace.createWorkspace(Workspace.java:64)
	at net.ion.radon.repository.Workspace.load(Workspace.java:43)
	at net.ion.radon.repository.Repository.getWorkspace(Repository.java:28)
	at net.ion.radon.repository.LocalSession.getCurrentWorkspace(LocalSession.java:147)
	at net.ion.radon.repository.LocalSession.dropWorkspace(LocalSession.java:76)
	at net.ion.radon.repository.TestBaseRepository.setUp(TestBaseRepository.java:17)
	at junit.framework.TestCase.runBare(TestCase.java:128)
	at junit.framework.TestResult$1.protect(TestResult.java:106)
	at junit.framework.TestResult.runProtected(TestResult.java:124)
	at junit.framework.TestResult.run(TestResult.java:109)
	at junit.framework.TestCase.run(TestCase.java:120)
	at junit.framework.TestSuite.runTest(TestSuite.java:230)
	at junit.framework.TestSuite.run(TestSuite.java:225)
	at junit.framework.TestSuite.runTest(TestSuite.java:230)
	at junit.framework.TestSuite.run(TestSuite.java:225)
	at junit.framework.TestSuite.runTest(TestSuite.java:230)
	at junit.framework.TestSuite.run(TestSuite.java:225)
	at junit.framework.TestSuite.runTest(TestSuite.java:230)
	at junit.framework.TestSuite.run(TestSuite.java:225)
	at org.apache.tools.ant.taskdefs.optional.junit.JUnitTestRunner.run(JUnitTestRunner.java:421)
	at org.apache.tools.ant.taskdefs.optional.junit.JUnitTestRunner.launch(JUnitTestRunner.java:912)
	at org.apache.tools.ant.taskdefs.optional.junit.JUnitTestRunner.main(JUnitTestRunner.java:766)
2011. 11. 17 오전 8:33:41 com.mongodb.DBPortPool gotError
경고: emptying DBPortPool to 61.250.201.78:27017 b/c of error
java.io.IOException: couldn't connect to [/61.250.201.78:27017] bc:java.net.ConnectException: Connection timed out: connect
	at com.mongodb.DBPort._open(DBPort.java:224)
	at com.mongodb.DBPort.go(DBPort.java:101)
	at com.mongodb.DBPort.go(DBPort.java:82)
	at com.mongodb.DBPort.say(DBPort.java:77)
	at com.mongodb.DBTCPConnector.say(DBTCPConnector.java:146)
	at com.mongodb.DBTCPConnector.say(DBTCPConnector.java:132)
	at com.mongodb.DBApiLayer$MyCollection.insert(DBApiLayer.java:262)
	at com.mongodb.DBApiLayer$MyCollection.createIndex(DBApiLayer.java:354)
	at com.mongodb.DBCollection.ensureIndex(DBCollection.java:444)
	at com.mongodb.DBCollection.ensureIndex(DBCollection.java:392)
	at net.ion.radon.repository.Workspace.createWorkspace(Workspace.java:64)
	at net.ion.radon.repository.Workspace.load(Workspace.java:43)
	at net.ion.radon.repository.Repository.getWorkspace(Repository.java:28)
	at net.ion.radon.repository.LocalSession.getCurrentWorkspace(LocalSession.java:147)
	at net.ion.radon.repository.LocalSession.dropWorkspace(LocalSession.java:76)
	at net.ion.radon.repository.TestBaseRepository.setUp(TestBaseRepository.java:17)
	at junit.framework.TestCase.runBare(TestCase.java:128)
	at junit.framework.TestResult$1.protect(TestResult.java:106)
	at junit.framework.TestResult.runProtected(TestResult.java:124)
	at junit.framework.TestResult.run(TestResult.java:109)
	at junit.framework.TestCase.run(TestCase.java:120)
	at junit.framework.TestSuite.runTest(TestSuite.java:230)
	at junit.framework.TestSuite.run(TestSuite.java:225)
	at junit.framework.TestSuite.runTest(TestSuite.java:230)
	at junit.framework.TestSuite.run(TestSuite.java:225)
	at junit.framework.TestSuite.runTest(TestSuite.java:230)
	at junit.framework.TestSuite.run(TestSuite.java:225)
	at junit.framework.TestSuite.runTest(TestSuite.java:230)
	at junit.framework.TestSuite.run(TestSuite.java:225)
	at org.apache.tools.ant.taskdefs.optional.junit.JUnitTestRunner.run(JUnitTestRunner.java:421)
	at org.apache.tools.ant.taskdefs.optional.junit.JUnitTestRunner.launch(JUnitTestRunner.java:912)
	at org.apache.tools.ant.taskdefs.optional.junit.JUnitTestRunner.main(JUnitTestRunner.java:766)
2011. 11. 17 오전 8:34:02 com.mongodb.DBTCPConnector fetchMaxBsonObjectSize
경고: Exception determining maxBSON size using0
java.io.IOException: couldn't connect to [/61.250.201.78:27017] bc:java.net.ConnectException: Connection timed out: connect
	at com.mongodb.DBPort._open(DBPort.java:224)
	at com.mongodb.DBPort.go(DBPort.java:101)
	at com.mongodb.DBPort.go(DBPort.java:82)
	at com.mongodb.DBPort.findOne(DBPort.java:142)
	at com.mongodb.DBPort.runCommand(DBPort.java:151)
	at com.mongodb.DBTCPConnector.fetchMaxBsonObjectSize(DBTCPConnector.java:429)
	at com.mongodb.Mongo.getMaxBsonObjectSize(Mongo.java:544)
	at com.mongodb.DBApiLayer$MyCollection.insert(DBApiLayer.java:244)
	at com.mongodb.DBApiLayer$MyCollection.createIndex(DBApiLayer.java:354)
	at com.mongodb.DBCollection.ensureIndex(DBCollection.java:444)
	at com.mongodb.DBCollection.ensureIndex(DBCollection.java:392)
	at net.ion.radon.repository.Workspace.createWorkspace(Workspace.java:64)
	at net.ion.radon.repository.Workspace.load(Workspace.java:43)
	at net.ion.radon.repository.Repository.getWorkspace(Repository.java:28)
	at net.ion.radon.repository.LocalSession.getCurrentWorkspace(LocalSession.java:147)
	at net.ion.radon.repository.LocalSession.dropWorkspace(LocalSession.java:76)
	at net.ion.radon.repository.TestBaseRepository.setUp(TestBaseRepository.java:17)
	at junit.framework.TestCase.runBare(TestCase.java:128)
	at junit.framework.TestResult$1.protect(TestResult.java:106)
	at junit.framework.TestResult.runProtected(TestResult.java:124)
	at junit.framework.TestResult.run(TestResult.java:109)
	at junit.framework.TestCase.run(TestCase.java:120)
	at junit.framework.TestSuite.runTest(TestSuite.java:230)
	at junit.framework.TestSuite.run(TestSuite.java:225)
	at junit.framework.TestSuite.runTest(TestSuite.java:230)
	at junit.framework.TestSuite.run(TestSuite.java:225)
	at junit.framework.TestSuite.runTest(TestSuite.java:230)
	at junit.framework.TestSuite.run(TestSuite.java:225)
	at junit.framework.TestSuite.runTest(TestSuite.java:230)
	at junit.framework.TestSuite.run(TestSuite.java:225)
	at org.apache.tools.ant.taskdefs.optional.junit.JUnitTestRunner.run(JUnitTestRunner.java:421)
	at org.apache.tools.ant.taskdefs.optional.junit.JUnitTestRunner.launch(JUnitTestRunner.java:912)
	at org.apache.tools.ant.taskdefs.optional.junit.JUnitTestRunner.main(JUnitTestRunner.java:766)
2011. 11. 17 오전 8:34:23 com.mongodb.DBTCPConnector fetchMaxBsonObjectSize
경고: Exception determining maxBSON size using0
java.io.IOException: couldn't connect to [/61.250.201.78:27017] bc:java.net.ConnectException: Connection timed out: connect
	at com.mongodb.DBPort._open(DBPort.java:224)
	at com.mongodb.DBPort.go(DBPort.java:101)
	at com.mongodb.DBPort.go(DBPort.java:82)
	at com.mongodb.DBPort.findOne(DBPort.java:142)
	at com.mongodb.DBPort.runCommand(DBPort.java:151)
	at com.mongodb.DBTCPConnector.fetchMaxBsonObjectSize(DBTCPConnector.java:429)
	at com.mongodb.DBTCPConnector.checkMaster(DBTCPConnector.java:416)
	at com.mongodb.DBTCPConnector.say(DBTCPConnector.java:139)
	at com.mongodb.DBTCPConnector.say(DBTCPConnector.java:132)
	at com.mongodb.DBApiLayer$MyCollection.insert(DBApiLayer.java:262)
	at com.mongodb.DBApiLayer$MyCollection.createIndex(DBApiLayer.java:354)
	at com.mongodb.DBCollection.ensureIndex(DBCollection.java:444)
	at com.mongodb.DBCollection.ensureIndex(DBCollection.java:392)
	at net.ion.radon.repository.Workspace.createWorkspace(Workspace.java:64)
	at net.ion.radon.repository.Workspace.load(Workspace.java:43)
	at net.ion.radon.repository.Repository.getWorkspace(Repository.java:28)
	at net.ion.radon.repository.LocalSession.getCurrentWorkspace(LocalSession.java:147)
	at net.ion.radon.repository.LocalSession.dropWorkspace(LocalSession.java:76)
	at net.ion.radon.repository.TestBaseRepository.setUp(TestBaseRepository.java:17)
	at junit.framework.TestCase.runBare(TestCase.java:128)
	at junit.framework.TestResult$1.protect(TestResult.java:106)
	at junit.framework.TestResult.runProtected(TestResult.java:124)
	at junit.framework.TestResult.run(TestResult.java:109)
	at junit.framework.TestCase.run(TestCase.java:120)
	at junit.framework.TestSuite.runTest(TestSuite.java:230)
	at junit.framework.TestSuite.run(TestSuite.java:225)
	at junit.framework.TestSuite.runTest(TestSuite.java:230)
	at junit.framework.TestSuite.run(TestSuite.java:225)
	at junit.framework.TestSuite.runTest(TestSuite.java:230)
	at junit.framework.TestSuite.run(TestSuite.java:225)
	at junit.framework.TestSuite.runTest(TestSuite.java:230)
	at junit.framework.TestSuite.run(TestSuite.java:225)
	at org.apache.tools.ant.taskdefs.optional.junit.JUnitTestRunner.run(JUnitTestRunner.java:421)
	at org.apache.tools.ant.taskdefs.optional.junit.JUnitTestRunner.launch(JUnitTestRunner.java:912)
	at org.apache.tools.ant.taskdefs.optional.junit.JUnitTestRunner.main(JUnitTestRunner.java:766)
2011. 11. 17 오전 8:34:45 com.mongodb.DBPortPool gotError
경고: emptying DBPortPool to 61.250.201.78:27017 b/c of error
java.io.IOException: couldn't connect to [/61.250.201.78:27017] bc:java.net.ConnectException: Connection timed out: connect
	at com.mongodb.DBPort._open(DBPort.java:224)
	at com.mongodb.DBPort.go(DBPort.java:101)
	at com.mongodb.DBPort.go(DBPort.java:82)
	at com.mongodb.DBPort.say(DBPort.java:77)
	at com.mongodb.DBTCPConnector.say(DBTCPConnector.java:146)
	at com.mongodb.DBTCPConnector.say(DBTCPConnector.java:132)
	at com.mongodb.DBApiLayer$MyCollection.insert(DBApiLayer.java:262)
	at com.mongodb.DBApiLayer$MyCollection.createIndex(DBApiLayer.java:354)
	at com.mongodb.DBCollection.ensureIndex(DBCollection.java:444)
	at com.mongodb.DBCollection.ensureIndex(DBCollection.java:392)
	at net.ion.radon.repository.Workspace.createWorkspace(Workspace.java:64)
	at net.ion.radon.repository.Workspace.load(Workspace.java:43)
	at net.ion.radon.repository.Repository.getWorkspace(Repository.java:28)
	at net.ion.radon.repository.LocalSession.getCurrentWorkspace(LocalSession.java:147)
	at net.ion.radon.repository.LocalSession.dropWorkspace(LocalSession.java:76)
	at net.ion.radon.repository.TestBaseRepository.setUp(TestBaseRepository.java:17)
	at junit.framework.TestCase.runBare(TestCase.java:128)
	at junit.framework.TestResult$1.protect(TestResult.java:106)
	at junit.framework.TestResult.runProtected(TestResult.java:124)
	at junit.framework.TestResult.run(TestResult.java:109)
	at junit.framework.TestCase.run(TestCase.java:120)
	at junit.framework.TestSuite.runTest(TestSuite.java:230)
	at junit.framework.TestSuite.run(TestSuite.java:225)
	at junit.framework.TestSuite.runTest(TestSuite.java:230)
	at junit.framework.TestSuite.run(TestSuite.java:225)
	at junit.framework.TestSuite.runTest(TestSuite.java:230)
	at junit.framework.TestSuite.run(TestSuite.java:225)
	at junit.framework.TestSuite.runTest(TestSuite.java:230)
	at junit.framework.TestSuite.run(TestSuite.java:225)
	at org.apache.tools.ant.taskdefs.optional.junit.JUnitTestRunner.run(JUnitTestRunner.java:421)
	at org.apache.tools.ant.taskdefs.optional.junit.JUnitTestRunner.launch(JUnitTestRunner.java:912)
	at org.apache.tools.ant.taskdefs.optional.junit.JUnitTestRunner.main(JUnitTestRunner.java:766)
2011. 11. 17 오전 8:35:06 com.mongodb.DBTCPConnector fetchMaxBsonObjectSize
경고: Exception determining maxBSON size using0
java.io.IOException: couldn't connect to [/61.250.201.78:27017] bc:java.net.ConnectException: Connection timed out: connect
	at com.mongodb.DBPort._open(DBPort.java:224)
	at com.mongodb.DBPort.go(DBPort.java:101)
	at com.mongodb.DBPort.go(DBPort.java:82)
	at com.mongodb.DBPort.findOne(DBPort.java:142)
	at com.mongodb.DBPort.runCommand(DBPort.java:151)
	at com.mongodb.DBTCPConnector.fetchMaxBsonObjectSize(DBTCPConnector.java:429)
	at com.mongodb.Mongo.getMaxBsonObjectSize(Mongo.java:544)
	at com.mongodb.DBApiLayer$MyCollection.insert(DBApiLayer.java:244)
	at com.mongodb.DBApiLayer$MyCollection.createIndex(DBApiLayer.java:354)
	at com.mongodb.DBCollection.ensureIndex(DBCollection.java:444)
	at com.mongodb.DBCollection.ensureIndex(DBCollection.java:392)
	at net.ion.radon.repository.Workspace.createWorkspace(Workspace.java:64)
	at net.ion.radon.repository.Workspace.load(Workspace.java:43)
	at net.ion.radon.repository.Repository.getWorkspace(Repository.java:28)
	at net.ion.radon.repository.LocalSession.getCurrentWorkspace(LocalSession.java:147)
	at net.ion.radon.repository.LocalSession.dropWorkspace(LocalSession.java:76)
	at net.ion.radon.repository.TestBaseRepository.setUp(TestBaseRepository.java:17)
	at junit.framework.TestCase.runBare(TestCase.java:128)
	at junit.framework.TestResult$1.protect(TestResult.java:106)
	at junit.framework.TestResult.runProtected(TestResult.java:124)
	at junit.framework.TestResult.run(TestResult.java:109)
	at junit.framework.TestCase.run(TestCase.java:120)
	at junit.framework.TestSuite.runTest(TestSuite.java:230)
	at junit.framework.TestSuite.run(TestSuite.java:225)
	at junit.framework.TestSuite.runTest(TestSuite.java:230)
	at junit.framework.TestSuite.run(TestSuite.java:225)
	at junit.framework.TestSuite.runTest(TestSuite.java:230)
	at junit.framework.TestSuite.run(TestSuite.java:225)
	at junit.framework.TestSuite.runTest(TestSuite.java:230)
	at junit.framework.TestSuite.run(TestSuite.java:225)
	at org.apache.tools.ant.taskdefs.optional.junit.JUnitTestRunner.run(JUnitTestRunner.java:421)
	at org.apache.tools.ant.taskdefs.optional.junit.JUnitTestRunner.launch(JUnitTestRunner.java:912)
	at org.apache.tools.ant.taskdefs.optional.junit.JUnitTestRunner.main(JUnitTestRunner.java:766)
2011. 11. 17 오전 8:35:27 com.mongodb.DBTCPConnector fetchMaxBsonObjectSize
경고: Exception determining maxBSON size using0
java.io.IOException: couldn't connect to [/61.250.201.78:27017] bc:java.net.ConnectException: Connection timed out: connect
	at com.mongodb.DBPort._open(DBPort.java:224)
	at com.mongodb.DBPort.go(DBPort.java:101)
	at com.mongodb.DBPort.go(DBPort.java:82)
	at com.mongodb.DBPort.findOne(DBPort.java:142)
	at com.mongodb.DBPort.runCommand(DBPort.java:151)
	at com.mongodb.DBTCPConnector.fetchMaxBsonObjectSize(DBTCPConnector.java:429)
	at com.mongodb.DBTCPConnector.checkMaster(DBTCPConnector.java:416)
	at com.mongodb.DBTCPConnector.say(DBTCPConnector.java:139)
	at com.mongodb.DBTCPConnector.say(DBTCPConnector.java:132)
	at com.mongodb.DBApiLayer$MyCollection.insert(DBApiLayer.java:262)
	at com.mongodb.DBApiLayer$MyCollection.createIndex(DBApiLayer.java:354)
	at com.mongodb.DBCollection.ensureIndex(DBCollection.java:444)
	at com.mongodb.DBCollection.ensureIndex(DBCollection.java:392)
	at net.ion.radon.repository.Workspace.createWorkspace(Workspace.java:64)
	at net.ion.radon.repository.Workspace.load(Workspace.java:43)
	at net.ion.radon.repository.Repository.getWorkspace(Repository.java:28)
	at net.ion.radon.repository.LocalSession.getCurrentWorkspace(LocalSession.java:147)
	at net.ion.radon.repository.LocalSession.dropWorkspace(LocalSession.java:76)
	at net.ion.radon.repository.TestBaseRepository.setUp(TestBaseRepository.java:17)
	at junit.framework.TestCase.runBare(TestCase.java:128)
	at junit.framework.TestResult$1.protect(TestResult.java:106)
	at junit.framework.TestResult.runProtected(TestResult.java:124)
	at junit.framework.TestResult.run(TestResult.java:109)
	at junit.framework.TestCase.run(TestCase.java:120)
	at junit.framework.TestSuite.runTest(TestSuite.java:230)
	at junit.framework.TestSuite.run(TestSuite.java:225)
	at junit.framework.TestSuite.runTest(TestSuite.java:230)
	at junit.framework.TestSuite.run(TestSuite.java:225)
	at junit.framework.TestSuite.runTest(TestSuite.java:230)
	at junit.framework.TestSuite.run(TestSuite.java:225)
	at junit.framework.TestSuite.runTest(TestSuite.java:230)
	at junit.framework.TestSuite.run(TestSuite.java:225)
	at org.apache.tools.ant.taskdefs.optional.junit.JUnitTestRunner.run(JUnitTestRunner.java:421)
	at org.apache.tools.ant.taskdefs.optional.junit.JUnitTestRunner.launch(JUnitTestRunner.java:912)
	at org.apache.tools.ant.taskdefs.optional.junit.JUnitTestRunner.main(JUnitTestRunner.java:766)
2011. 11. 17 오전 8:35:48 com.mongodb.DBPortPool gotError
경고: emptying DBPortPool to 61.250.201.78:27017 b/c of error
java.io.IOException: couldn't connect to [/61.250.201.78:27017] bc:java.net.ConnectException: Connection timed out: connect
	at com.mongodb.DBPort._open(DBPort.java:224)
	at com.mongodb.DBPort.go(DBPort.java:101)
	at com.mongodb.DBPort.go(DBPort.java:82)
	at com.mongodb.DBPort.say(DBPort.java:77)
	at com.mongodb.DBTCPConnector.say(DBTCPConnector.java:146)
	at com.mongodb.DBTCPConnector.say(DBTCPConnector.java:132)
	at com.mongodb.DBApiLayer$MyCollection.insert(DBApiLayer.java:262)
	at com.mongodb.DBApiLayer$MyCollection.createIndex(DBApiLayer.java:354)
	at com.mongodb.DBCollection.ensureIndex(DBCollection.java:444)
	at com.mongodb.DBCollection.ensureIndex(DBCollection.java:392)
	at net.ion.radon.repository.Workspace.createWorkspace(Workspace.java:64)
	at net.ion.radon.repository.Workspace.load(Workspace.java:43)
	at net.ion.radon.repository.Repository.getWorkspace(Repository.java:28)
	at net.ion.radon.repository.LocalSession.getCurrentWorkspace(LocalSession.java:147)
	at net.ion.radon.repository.LocalSession.dropWorkspace(LocalSession.java:76)
	at net.ion.radon.repository.TestBaseRepository.setUp(TestBaseRepository.java:17)
	at junit.framework.TestCase.runBare(TestCase.java:128)
	at junit.framework.TestResult$1.protect(TestResult.java:106)
	at junit.framework.TestResult.runProtected(TestResult.java:124)
	at junit.framework.TestResult.run(TestResult.java:109)
	at junit.framework.TestCase.run(TestCase.java:120)
	at junit.framework.TestSuite.runTest(TestSuite.java:230)
	at junit.framework.TestSuite.run(TestSuite.java:225)
	at junit.framework.TestSuite.runTest(TestSuite.java:230)
	at junit.framework.TestSuite.run(TestSuite.java:225)
	at junit.framework.TestSuite.runTest(TestSuite.java:230)
	at junit.framework.TestSuite.run(TestSuite.java:225)
	at junit.framework.TestSuite.runTest(TestSuite.java:230)
	at junit.framework.TestSuite.run(TestSuite.java:225)
	at org.apache.tools.ant.taskdefs.optional.junit.JUnitTestRunner.run(JUnitTestRunner.java:421)
	at org.apache.tools.ant.taskdefs.optional.junit.JUnitTestRunner.launch(JUnitTestRunner.java:912)
	at org.apache.tools.ant.taskdefs.optional.junit.JUnitTestRunner.main(JUnitTestRunner.java:766)
2011. 11. 17 오전 8:36:09 com.mongodb.DBTCPConnector fetchMaxBsonObjectSize
경고: Exception determining maxBSON size using0
java.io.IOException: couldn't connect to [/61.250.201.78:27017] bc:java.net.ConnectException: Connection timed out: connect
	at com.mongodb.DBPort._open(DBPort.java:224)
	at com.mongodb.DBPort.go(DBPort.java:101)
	at com.mongodb.DBPort.go(DBPort.java:82)
	at com.mongodb.DBPort.findOne(DBPort.java:142)
	at com.mongodb.DBPort.runCommand(DBPort.java:151)
	at com.mongodb.DBTCPConnector.fetchMaxBsonObjectSize(DBTCPConnector.java:429)
	at com.mongodb.Mongo.getMaxBsonObjectSize(Mongo.java:544)
	at com.mongodb.DBApiLayer$MyCollection.insert(DBApiLayer.java:244)
	at com.mongodb.DBApiLayer$MyCollection.createIndex(DBApiLayer.java:354)
	at com.mongodb.DBCollection.ensureIndex(DBCollection.java:444)
	at com.mongodb.DBCollection.ensureIndex(DBCollection.java:392)
	at net.ion.radon.repository.Workspace.createWorkspace(Workspace.java:64)
	at net.ion.radon.repository.Workspace.load(Workspace.java:43)
	at net.ion.radon.repository.Repository.getWorkspace(Repository.java:28)
	at net.ion.radon.repository.LocalSession.getCurrentWorkspace(LocalSession.java:147)
	at net.ion.radon.repository.LocalSession.dropWorkspace(LocalSession.java:76)
	at net.ion.radon.repository.TestBaseRepository.setUp(TestBaseRepository.java:17)
	at junit.framework.TestCase.runBare(TestCase.java:128)
	at junit.framework.TestResult$1.protect(TestResult.java:106)
	at junit.framework.TestResult.runProtected(TestResult.java:124)
	at junit.framework.TestResult.run(TestResult.java:109)
	at junit.framework.TestCase.run(TestCase.java:120)
	at junit.framework.TestSuite.runTest(TestSuite.java:230)
	at junit.framework.TestSuite.run(TestSuite.java:225)
	at junit.framework.TestSuite.runTest(TestSuite.java:230)
	at junit.framework.TestSuite.run(TestSuite.java:225)
	at junit.framework.TestSuite.runTest(TestSuite.java:230)
	at junit.framework.TestSuite.run(TestSuite.java:225)
	at junit.framework.TestSuite.runTest(TestSuite.java:230)
	at junit.framework.TestSuite.run(TestSuite.java:225)
	at org.apache.tools.ant.taskdefs.optional.junit.JUnitTestRunner.run(JUnitTestRunner.java:421)
	at org.apache.tools.ant.taskdefs.optional.junit.JUnitTestRunner.launch(JUnitTestRunner.java:912)
	at org.apache.tools.ant.taskdefs.optional.junit.JUnitTestRunner.main(JUnitTestRunner.java:766)
2011. 11. 17 오전 8:36:30 com.mongodb.DBTCPConnector fetchMaxBsonObjectSize
경고: Exception determining maxBSON size using0
java.io.IOException: couldn't connect to [/61.250.201.78:27017] bc:java.net.ConnectException: Connection timed out: connect
	at com.mongodb.DBPort._open(DBPort.java:224)
	at com.mongodb.DBPort.go(DBPort.java:101)
	at com.mongodb.DBPort.go(DBPort.java:82)
	at com.mongodb.DBPort.findOne(DBPort.java:142)
	at com.mongodb.DBPort.runCommand(DBPort.java:151)
	at com.mongodb.DBTCPConnector.fetchMaxBsonObjectSize(DBTCPConnector.java:429)
	at com.mongodb.DBTCPConnector.checkMaster(DBTCPConnector.java:416)
	at com.mongodb.DBTCPConnector.say(DBTCPConnector.java:139)
	at com.mongodb.DBTCPConnector.say(DBTCPConnector.java:132)
	at com.mongodb.DBApiLayer$MyCollection.insert(DBApiLayer.java:262)
	at com.mongodb.DBApiLayer$MyCollection.createIndex(DBApiLayer.java:354)
	at com.mongodb.DBCollection.ensureIndex(DBCollection.java:444)
	at com.mongodb.DBCollection.ensureIndex(DBCollection.java:392)
	at net.ion.radon.repository.Workspace.createWorkspace(Workspace.java:64)
	at net.ion.radon.repository.Workspace.load(Workspace.java:43)
	at net.ion.radon.repository.Repository.getWorkspace(Repository.java:28)
	at net.ion.radon.repository.LocalSession.getCurrentWorkspace(LocalSession.java:147)
	at net.ion.radon.repository.LocalSession.dropWorkspace(LocalSession.java:76)
	at net.ion.radon.repository.TestBaseRepository.setUp(TestBaseRepository.java:17)
	at junit.framework.TestCase.runBare(TestCase.java:128)
	at junit.framework.TestResult$1.protect(TestResult.java:106)
	at junit.framework.TestResult.runProtected(TestResult.java:124)
	at junit.framework.TestResult.run(TestResult.java:109)
	at junit.framework.TestCase.run(TestCase.java:120)
	at junit.framework.TestSuite.runTest(TestSuite.java:230)
	at junit.framework.TestSuite.run(TestSuite.java:225)
	at junit.framework.TestSuite.runTest(TestSuite.java:230)
	at junit.framework.TestSuite.run(TestSuite.java:225)
	at junit.framework.TestSuite.runTest(TestSuite.java:230)
	at junit.framework.TestSuite.run(TestSuite.java:225)
	at junit.framework.TestSuite.runTest(TestSuite.java:230)
	at junit.framework.TestSuite.run(TestSuite.java:225)
	at org.apache.tools.ant.taskdefs.optional.junit.JUnitTestRunner.run(JUnitTestRunner.java:421)
	at org.apache.tools.ant.taskdefs.optional.junit.JUnitTestRunner.launch(JUnitTestRunner.java:912)
	at org.apache.tools.ant.taskdefs.optional.junit.JUnitTestRunner.main(JUnitTestRunner.java:766)
2011. 11. 17 오전 8:36:51 com.mongodb.DBPortPool gotError
경고: emptying DBPortPool to 61.250.201.78:27017 b/c of error
java.io.IOException: couldn't connect to [/61.250.201.78:27017] bc:java.net.ConnectException: Connection timed out: connect
	at com.mongodb.DBPort._open(DBPort.java:224)
	at com.mongodb.DBPort.go(DBPort.java:101)
	at com.mongodb.DBPort.go(DBPort.java:82)
	at com.mongodb.DBPort.say(DBPort.java:77)
	at com.mongodb.DBTCPConnector.say(DBTCPConnector.java:146)
	at com.mongodb.DBTCPConnector.say(DBTCPConnector.java:132)
	at com.mongodb.DBApiLayer$MyCollection.insert(DBApiLayer.java:262)
	at com.mongodb.DBApiLayer$MyCollection.createIndex(DBApiLayer.java:354)
	at com.mongodb.DBCollection.ensureIndex(DBCollection.java:444)
	at com.mongodb.DBCollection.ensureIndex(DBCollection.java:392)
	at net.ion.radon.repository.Workspace.createWorkspace(Workspace.java:64)
	at net.ion.radon.repository.Workspace.load(Workspace.java:43)
	at net.ion.radon.repository.Repository.getWorkspace(Repository.java:28)
	at net.ion.radon.repository.LocalSession.getCurrentWorkspace(LocalSession.java:147)
	at net.ion.radon.repository.LocalSession.dropWorkspace(LocalSession.java:76)
	at net.ion.radon.repository.TestBaseRepository.setUp(TestBaseRepository.java:17)
	at junit.framework.TestCase.runBare(TestCase.java:128)
	at junit.framework.TestResult$1.protect(TestResult.java:106)
	at junit.framework.TestResult.runProtected(TestResult.java:124)
	at junit.framework.TestResult.run(TestResult.java:109)
	at junit.framework.TestCase.run(TestCase.java:120)
	at junit.framework.TestSuite.runTest(TestSuite.java:230)
	at junit.framework.TestSuite.run(TestSuite.java:225)
	at junit.framework.TestSuite.runTest(TestSuite.java:230)
	at junit.framework.TestSuite.run(TestSuite.java:225)
	at junit.framework.TestSuite.runTest(TestSuite.java:230)
	at junit.framework.TestSuite.run(TestSuite.java:225)
	at junit.framework.TestSuite.runTest(TestSuite.java:230)
	at junit.framework.TestSuite.run(TestSuite.java:225)
	at org.apache.tools.ant.taskdefs.optional.junit.JUnitTestRunner.run(JUnitTestRunner.java:421)
	at org.apache.tools.ant.taskdefs.optional.junit.JUnitTestRunner.launch(JUnitTestRunner.java:912)
	at org.apache.tools.ant.taskdefs.optional.junit.JUnitTestRunner.main(JUnitTestRunner.java:766)
2011. 11. 17 오전 8:37:12 com.mongodb.DBTCPConnector fetchMaxBsonObjectSize
경고: Exception determining maxBSON size using0
java.io.IOException: couldn't connect to [/61.250.201.78:27017] bc:java.net.ConnectException: Connection timed out: connect
	at com.mongodb.DBPort._open(DBPort.java:224)
	at com.mongodb.DBPort.go(DBPort.java:101)
	at com.mongodb.DBPort.go(DBPort.java:82)
	at com.mongodb.DBPort.findOne(DBPort.java:142)
	at com.mongodb.DBPort.runCommand(DBPort.java:151)
	at com.mongodb.DBTCPConnector.fetchMaxBsonObjectSize(DBTCPConnector.java:429)
	at com.mongodb.Mongo.getMaxBsonObjectSize(Mongo.java:544)
	at com.mongodb.DBApiLayer$MyCollection.insert(DBApiLayer.java:244)
	at com.mongodb.DBApiLayer$MyCollection.createIndex(DBApiLayer.java:354)
	at com.mongodb.DBCollection.ensureIndex(DBCollection.java:444)
	at com.mongodb.DBCollection.ensureIndex(DBCollection.java:392)
	at net.ion.radon.repository.Workspace.createWorkspace(Workspace.java:64)
	at net.ion.radon.repository.Workspace.load(Workspace.java:43)
	at net.ion.radon.repository.Repository.getWorkspace(Repository.java:28)
	at net.ion.radon.repository.LocalSession.getCurrentWorkspace(LocalSession.java:147)
	at net.ion.radon.repository.LocalSession.dropWorkspace(LocalSession.java:76)
	at net.ion.radon.repository.TestBaseRepository.setUp(TestBaseRepository.java:17)
	at junit.framework.TestCase.runBare(TestCase.java:128)
	at junit.framework.TestResult$1.protect(TestResult.java:106)
	at junit.framework.TestResult.runProtected(TestResult.java:124)
	at junit.framework.TestResult.run(TestResult.java:109)
	at junit.framework.TestCase.run(TestCase.java:120)
	at junit.framework.TestSuite.runTest(TestSuite.java:230)
	at junit.framework.TestSuite.run(TestSuite.java:225)
	at junit.framework.TestSuite.runTest(TestSuite.java:230)
	at junit.framework.TestSuite.run(TestSuite.java:225)
	at junit.framework.TestSuite.runTest(TestSuite.java:230)
	at junit.framework.TestSuite.run(TestSuite.java:225)
	at junit.framework.TestSuite.runTest(TestSuite.java:230)
	at junit.framework.TestSuite.run(TestSuite.java:225)
	at org.apache.tools.ant.taskdefs.optional.junit.JUnitTestRunner.run(JUnitTestRunner.java:421)
	at org.apache.tools.ant.taskdefs.optional.junit.JUnitTestRunner.launch(JUnitTestRunner.java:912)
	at org.apache.tools.ant.taskdefs.optional.junit.JUnitTestRunner.main(JUnitTestRunner.java:766)
2011. 11. 17 오전 8:37:33 com.mongodb.DBTCPConnector fetchMaxBsonObjectSize
경고: Exception determining maxBSON size using0
java.io.IOException: couldn't connect to [/61.250.201.78:27017] bc:java.net.ConnectException: Connection timed out: connect
	at com.mongodb.DBPort._open(DBPort.java:224)
	at com.mongodb.DBPort.go(DBPort.java:101)
	at com.mongodb.DBPort.go(DBPort.java:82)
	at com.mongodb.DBPort.findOne(DBPort.java:142)
	at com.mongodb.DBPort.runCommand(DBPort.java:151)
	at com.mongodb.DBTCPConnector.fetchMaxBsonObjectSize(DBTCPConnector.java:429)
	at com.mongodb.DBTCPConnector.checkMaster(DBTCPConnector.java:416)
	at com.mongodb.DBTCPConnector.say(DBTCPConnector.java:139)
	at com.mongodb.DBTCPConnector.say(DBTCPConnector.java:132)
	at com.mongodb.DBApiLayer$MyCollection.insert(DBApiLayer.java:262)
	at com.mongodb.DBApiLayer$MyCollection.createIndex(DBApiLayer.java:354)
	at com.mongodb.DBCollection.ensureIndex(DBCollection.java:444)
	at com.mongodb.DBCollection.ensureIndex(DBCollection.java:392)
	at net.ion.radon.repository.Workspace.createWorkspace(Workspace.java:64)
	at net.ion.radon.repository.Workspace.load(Workspace.java:43)
	at net.ion.radon.repository.Repository.getWorkspace(Repository.java:28)
	at net.ion.radon.repository.LocalSession.getCurrentWorkspace(LocalSession.java:147)
	at net.ion.radon.repository.LocalSession.dropWorkspace(LocalSession.java:76)
	at net.ion.radon.repository.TestBaseRepository.setUp(TestBaseRepository.java:17)
	at junit.framework.TestCase.runBare(TestCase.java:128)
	at junit.framework.TestResult$1.protect(TestResult.java:106)
	at junit.framework.TestResult.runProtected(TestResult.java:124)
	at junit.framework.TestResult.run(TestResult.java:109)
	at junit.framework.TestCase.run(TestCase.java:120)
	at junit.framework.TestSuite.runTest(TestSuite.java:230)
	at junit.framework.TestSuite.run(TestSuite.java:225)
	at junit.framework.TestSuite.runTest(TestSuite.java:230)
	at junit.framework.TestSuite.run(TestSuite.java:225)
	at junit.framework.TestSuite.runTest(TestSuite.java:230)
	at junit.framework.TestSuite.run(TestSuite.java:225)
	at junit.framework.TestSuite.runTest(TestSuite.java:230)
	at junit.framework.TestSuite.run(TestSuite.java:225)
	at org.apache.tools.ant.taskdefs.optional.junit.JUnitTestRunner.run(JUnitTestRunner.java:421)
	at org.apache.tools.ant.taskdefs.optional.junit.JUnitTestRunner.launch(JUnitTestRunner.java:912)
	at org.apache.tools.ant.taskdefs.optional.junit.JUnitTestRunner.main(JUnitTestRunner.java:766)
2011. 11. 17 오전 8:37:54 com.mongodb.DBPortPool gotError
경고: emptying DBPortPool to 61.250.201.78:27017 b/c of error
java.io.IOException: couldn't connect to [/61.250.201.78:27017] bc:java.net.ConnectException: Connection timed out: connect
	at com.mongodb.DBPort._open(DBPort.java:224)
	at com.mongodb.DBPort.go(DBPort.java:101)
	at com.mongodb.DBPort.go(DBPort.java:82)
	at com.mongodb.DBPort.say(DBPort.java:77)
	at com.mongodb.DBTCPConnector.say(DBTCPConnector.java:146)
	at com.mongodb.DBTCPConnector.say(DBTCPConnector.java:132)
	at com.mongodb.DBApiLayer$MyCollection.insert(DBApiLayer.java:262)
	at com.mongodb.DBApiLayer$MyCollection.createIndex(DBApiLayer.java:354)
	at com.mongodb.DBCollection.ensureIndex(DBCollection.java:444)
	at com.mongodb.DBCollection.ensureIndex(DBCollection.java:392)
	at net.ion.radon.repository.Workspace.createWorkspace(Workspace.java:64)
	at net.ion.radon.repository.Workspace.load(Workspace.java:43)
	at net.ion.radon.repository.Repository.getWorkspace(Repository.java:28)
	at net.ion.radon.repository.LocalSession.getCurrentWorkspace(LocalSession.java:147)
	at net.ion.radon.repository.LocalSession.dropWorkspace(LocalSession.java:76)
	at net.ion.radon.repository.TestBaseRepository.setUp(TestBaseRepository.java:17)
	at junit.framework.TestCase.runBare(TestCase.java:128)
	at junit.framework.TestResult$1.protect(TestResult.java:106)
	at junit.framework.TestResult.runProtected(TestResult.java:124)
	at junit.framework.TestResult.run(TestResult.java:109)
	at junit.framework.TestCase.run(TestCase.java:120)
	at junit.framework.TestSuite.runTest(TestSuite.java:230)
	at junit.framework.TestSuite.run(TestSuite.java:225)
	at junit.framework.TestSuite.runTest(TestSuite.java:230)
	at junit.framework.TestSuite.run(TestSuite.java:225)
	at junit.framework.TestSuite.runTest(TestSuite.java:230)
	at junit.framework.TestSuite.run(TestSuite.java:225)
	at junit.framework.TestSuite.runTest(TestSuite.java:230)
	at junit.framework.TestSuite.run(TestSuite.java:225)
	at org.apache.tools.ant.taskdefs.optional.junit.JUnitTestRunner.run(JUnitTestRunner.java:421)
	at org.apache.tools.ant.taskdefs.optional.junit.JUnitTestRunner.launch(JUnitTestRunner.java:912)
	at org.apache.tools.ant.taskdefs.optional.junit.JUnitTestRunner.main(JUnitTestRunner.java:766)
2011. 11. 17 오전 8:38:15 com.mongodb.DBTCPConnector fetchMaxBsonObjectSize
경고: Exception determining maxBSON size using0
java.io.IOException: couldn't connect to [/61.250.201.78:27017] bc:java.net.ConnectException: Connection timed out: connect
	at com.mongodb.DBPort._open(DBPort.java:224)
	at com.mongodb.DBPort.go(DBPort.java:101)
	at com.mongodb.DBPort.go(DBPort.java:82)
	at com.mongodb.DBPort.findOne(DBPort.java:142)
	at com.mongodb.DBPort.runCommand(DBPort.java:151)
	at com.mongodb.DBTCPConnector.fetchMaxBsonObjectSize(DBTCPConnector.java:429)
	at com.mongodb.Mongo.getMaxBsonObjectSize(Mongo.java:544)
	at com.mongodb.DBApiLayer$MyCollection.insert(DBApiLayer.java:244)
	at com.mongodb.DBApiLayer$MyCollection.createIndex(DBApiLayer.java:354)
	at com.mongodb.DBCollection.ensureIndex(DBCollection.java:444)
	at com.mongodb.DBCollection.ensureIndex(DBCollection.java:392)
	at net.ion.radon.repository.Workspace.createWorkspace(Workspace.java:64)
	at net.ion.radon.repository.Workspace.load(Workspace.java:43)
	at net.ion.radon.repository.Repository.getWorkspace(Repository.java:28)
	at net.ion.radon.repository.LocalSession.getCurrentWorkspace(LocalSession.java:147)
	at net.ion.radon.repository.LocalSession.dropWorkspace(LocalSession.java:76)
	at net.ion.radon.repository.TestBaseRepository.setUp(TestBaseRepository.java:17)
	at junit.framework.TestCase.runBare(TestCase.java:128)
	at junit.framework.TestResult$1.protect(TestResult.java:106)
	at junit.framework.TestResult.runProtected(TestResult.java:124)
	at junit.framework.TestResult.run(TestResult.java:109)
	at junit.framework.TestCase.run(TestCase.java:120)
	at junit.framework.TestSuite.runTest(TestSuite.java:230)
	at junit.framework.TestSuite.run(TestSuite.java:225)
	at junit.framework.TestSuite.runTest(TestSuite.java:230)
	at junit.framework.TestSuite.run(TestSuite.java:225)
	at junit.framework.TestSuite.runTest(TestSuite.java:230)
	at junit.framework.TestSuite.run(TestSuite.java:225)
	at junit.framework.TestSuite.runTest(TestSuite.java:230)
	at junit.framework.TestSuite.run(TestSuite.java:225)
	at org.apache.tools.ant.taskdefs.optional.junit.JUnitTestRunner.run(JUnitTestRunner.java:421)
	at org.apache.tools.ant.taskdefs.optional.junit.JUnitTestRunner.launch(JUnitTestRunner.java:912)
	at org.apache.tools.ant.taskdefs.optional.junit.JUnitTestRunner.main(JUnitTestRunner.java:766)
2011. 11. 17 오전 8:38:36 com.mongodb.DBTCPConnector fetchMaxBsonObjectSize
경고: Exception determining maxBSON size using0
java.io.IOException: couldn't connect to [/61.250.201.78:27017] bc:java.net.ConnectException: Connection timed out: connect
	at com.mongodb.DBPort._open(DBPort.java:224)
	at com.mongodb.DBPort.go(DBPort.java:101)
	at com.mongodb.DBPort.go(DBPort.java:82)
	at com.mongodb.DBPort.findOne(DBPort.java:142)
	at com.mongodb.DBPort.runCommand(DBPort.java:151)
	at com.mongodb.DBTCPConnector.fetchMaxBsonObjectSize(DBTCPConnector.java:429)
	at com.mongodb.DBTCPConnector.checkMaster(DBTCPConnector.java:416)
	at com.mongodb.DBTCPConnector.say(DBTCPConnector.java:139)
	at com.mongodb.DBTCPConnector.say(DBTCPConnector.java:132)
	at com.mongodb.DBApiLayer$MyCollection.insert(DBApiLayer.java:262)
	at com.mongodb.DBApiLayer$MyCollection.createIndex(DBApiLayer.java:354)
	at com.mongodb.DBCollection.ensureIndex(DBCollection.java:444)
	at com.mongodb.DBCollection.ensureIndex(DBCollection.java:392)
	at net.ion.radon.repository.Workspace.createWorkspace(Workspace.java:64)
	at net.ion.radon.repository.Workspace.load(Workspace.java:43)
	at net.ion.radon.repository.Repository.getWorkspace(Repository.java:28)
	at net.ion.radon.repository.LocalSession.getCurrentWorkspace(LocalSession.java:147)
	at net.ion.radon.repository.LocalSession.dropWorkspace(LocalSession.java:76)
	at net.ion.radon.repository.TestBaseRepository.setUp(TestBaseRepository.java:17)
	at junit.framework.TestCase.runBare(TestCase.java:128)
	at junit.framework.TestResult$1.protect(TestResult.java:106)
	at junit.framework.TestResult.runProtected(TestResult.java:124)
	at junit.framework.TestResult.run(TestResult.java:109)
	at junit.framework.TestCase.run(TestCase.java:120)
	at junit.framework.TestSuite.runTest(TestSuite.java:230)
	at junit.framework.TestSuite.run(TestSuite.java:225)
	at junit.framework.TestSuite.runTest(TestSuite.java:230)
	at junit.framework.TestSuite.run(TestSuite.java:225)
	at junit.framework.TestSuite.runTest(TestSuite.java:230)
	at junit.framework.TestSuite.run(TestSuite.java:225)
	at junit.framework.TestSuite.runTest(TestSuite.java:230)
	at junit.framework.TestSuite.run(TestSuite.java:225)
	at org.apache.tools.ant.taskdefs.optional.junit.JUnitTestRunner.run(JUnitTestRunner.java:421)
	at org.apache.tools.ant.taskdefs.optional.junit.JUnitTestRunner.launch(JUnitTestRunner.java:912)
	at org.apache.tools.ant.taskdefs.optional.junit.JUnitTestRunner.main(JUnitTestRunner.java:766)
2011. 11. 17 오전 8:38:57 com.mongodb.DBPortPool gotError
경고: emptying DBPortPool to 61.250.201.78:27017 b/c of error
java.io.IOException: couldn't connect to [/61.250.201.78:27017] bc:java.net.ConnectException: Connection timed out: connect
	at com.mongodb.DBPort._open(DBPort.java:224)
	at com.mongodb.DBPort.go(DBPort.java:101)
	at com.mongodb.DBPort.go(DBPort.java:82)
	at com.mongodb.DBPort.say(DBPort.java:77)
	at com.mongodb.DBTCPConnector.say(DBTCPConnector.java:146)
	at com.mongodb.DBTCPConnector.say(DBTCPConnector.java:132)
	at com.mongodb.DBApiLayer$MyCollection.insert(DBApiLayer.java:262)
	at com.mongodb.DBApiLayer$MyCollection.createIndex(DBApiLayer.java:354)
	at com.mongodb.DBCollection.ensureIndex(DBCollection.java:444)
	at com.mongodb.DBCollection.ensureIndex(DBCollection.java:392)
	at net.ion.radon.repository.Workspace.createWorkspace(Workspace.java:64)
	at net.ion.radon.repository.Workspace.load(Workspace.java:43)
	at net.ion.radon.repository.Repository.getWorkspace(Repository.java:28)
	at net.ion.radon.repository.LocalSession.getCurrentWorkspace(LocalSession.java:147)
	at net.ion.radon.repository.LocalSession.dropWorkspace(LocalSession.java:76)
	at net.ion.radon.repository.TestBaseRepository.setUp(TestBaseRepository.java:17)
	at junit.framework.TestCase.runBare(TestCase.java:128)
	at junit.framework.TestResult$1.protect(TestResult.java:106)
	at junit.framework.TestResult.runProtected(TestResult.java:124)
	at junit.framework.TestResult.run(TestResult.java:109)
	at junit.framework.TestCase.run(TestCase.java:120)
	at junit.framework.TestSuite.runTest(TestSuite.java:230)
	at junit.framework.TestSuite.run(TestSuite.java:225)
	at junit.framework.TestSuite.runTest(TestSuite.java:230)
	at junit.framework.TestSuite.run(TestSuite.java:225)
	at junit.framework.TestSuite.runTest(TestSuite.java:230)
	at junit.framework.TestSuite.run(TestSuite.java:225)
	at junit.framework.TestSuite.runTest(TestSuite.java:230)
	at junit.framework.TestSuite.run(TestSuite.java:225)
	at org.apache.tools.ant.taskdefs.optional.junit.JUnitTestRunner.run(JUnitTestRunner.java:421)
	at org.apache.tools.ant.taskdefs.optional.junit.JUnitTestRunner.launch(JUnitTestRunner.java:912)
	at org.apache.tools.ant.taskdefs.optional.junit.JUnitTestRunner.main(JUnitTestRunner.java:766)
2011. 11. 17 오전 8:39:18 com.mongodb.DBTCPConnector fetchMaxBsonObjectSize
경고: Exception determining maxBSON size using0
java.io.IOException: couldn't connect to [/61.250.201.78:27017] bc:java.net.ConnectException: Connection timed out: connect
	at com.mongodb.DBPort._open(DBPort.java:224)
	at com.mongodb.DBPort.go(DBPort.java:101)
	at com.mongodb.DBPort.go(DBPort.java:82)
	at com.mongodb.DBPort.findOne(DBPort.java:142)
	at com.mongodb.DBPort.runCommand(DBPort.java:151)
	at com.mongodb.DBTCPConnector.fetchMaxBsonObjectSize(DBTCPConnector.java:429)
	at com.mongodb.Mongo.getMaxBsonObjectSize(Mongo.java:544)
	at com.mongodb.DBApiLayer$MyCollection.insert(DBApiLayer.java:244)
	at com.mongodb.DBApiLayer$MyCollection.createIndex(DBApiLayer.java:354)
	at com.mongodb.DBCollection.ensureIndex(DBCollection.java:444)
	at com.mongodb.DBCollection.ensureIndex(DBCollection.java:392)
	at net.ion.radon.repository.Workspace.createWorkspace(Workspace.java:64)
	at net.ion.radon.repository.Workspace.load(Workspace.java:43)
	at net.ion.radon.repository.Repository.getWorkspace(Repository.java:28)
	at net.ion.radon.repository.LocalSession.getCurrentWorkspace(LocalSession.java:147)
	at net.ion.radon.repository.LocalSession.dropWorkspace(LocalSession.java:76)
	at net.ion.radon.repository.TestBaseRepository.setUp(TestBaseRepository.java:17)
	at junit.framework.TestCase.runBare(TestCase.java:128)
	at junit.framework.TestResult$1.protect(TestResult.java:106)
	at junit.framework.TestResult.runProtected(TestResult.java:124)
	at junit.framework.TestResult.run(TestResult.java:109)
	at junit.framework.TestCase.run(TestCase.java:120)
	at junit.framework.TestSuite.runTest(TestSuite.java:230)
	at junit.framework.TestSuite.run(TestSuite.java:225)
	at junit.framework.TestSuite.runTest(TestSuite.java:230)
	at junit.framework.TestSuite.run(TestSuite.java:225)
	at junit.framework.TestSuite.runTest(TestSuite.java:230)
	at junit.framework.TestSuite.run(TestSuite.java:225)
	at junit.framework.TestSuite.runTest(TestSuite.java:230)
	at junit.framework.TestSuite.run(TestSuite.java:225)
	at org.apache.tools.ant.taskdefs.optional.junit.JUnitTestRunner.run(JUnitTestRunner.java:421)
	at org.apache.tools.ant.taskdefs.optional.junit.JUnitTestRunner.launch(JUnitTestRunner.java:912)
	at org.apache.tools.ant.taskdefs.optional.junit.JUnitTestRunner.main(JUnitTestRunner.java:766)
2011. 11. 17 오전 8:39:39 com.mongodb.DBTCPConnector fetchMaxBsonObjectSize
경고: Exception determining maxBSON size using0
java.io.IOException: couldn't connect to [/61.250.201.78:27017] bc:java.net.ConnectException: Connection timed out: connect
	at com.mongodb.DBPort._open(DBPort.java:224)
	at com.mongodb.DBPort.go(DBPort.java:101)
	at com.mongodb.DBPort.go(DBPort.java:82)
	at com.mongodb.DBPort.findOne(DBPort.java:142)
	at com.mongodb.DBPort.runCommand(DBPort.java:151)
	at com.mongodb.DBTCPConnector.fetchMaxBsonObjectSize(DBTCPConnector.java:429)
	at com.mongodb.DBTCPConnector.checkMaster(DBTCPConnector.java:416)
	at com.mongodb.DBTCPConnector.say(DBTCPConnector.java:139)
	at com.mongodb.DBTCPConnector.say(DBTCPConnector.java:132)
	at com.mongodb.DBApiLayer$MyCollection.insert(DBApiLayer.java:262)
	at com.mongodb.DBApiLayer$MyCollection.createIndex(DBApiLayer.java:354)
	at com.mongodb.DBCollection.ensureIndex(DBCollection.java:444)
	at com.mongodb.DBCollection.ensureIndex(DBCollection.java:392)
	at net.ion.radon.repository.Workspace.createWorkspace(Workspace.java:64)
	at net.ion.radon.repository.Workspace.load(Workspace.java:43)
	at net.ion.radon.repository.Repository.getWorkspace(Repository.java:28)
	at net.ion.radon.repository.LocalSession.getCurrentWorkspace(LocalSession.java:147)
	at net.ion.radon.repository.LocalSession.dropWorkspace(LocalSession.java:76)
	at net.ion.radon.repository.TestBaseRepository.setUp(TestBaseRepository.java:17)
	at junit.framework.TestCase.runBare(TestCase.java:128)
	at junit.framework.TestResult$1.protect(TestResult.java:106)
	at junit.framework.TestResult.runProtected(TestResult.java:124)
	at junit.framework.TestResult.run(TestResult.java:109)
	at junit.framework.TestCase.run(TestCase.java:120)
	at junit.framework.TestSuite.runTest(TestSuite.java:230)
	at junit.framework.TestSuite.run(TestSuite.java:225)
	at junit.framework.TestSuite.runTest(TestSuite.java:230)
	at junit.framework.TestSuite.run(TestSuite.java:225)
	at junit.framework.TestSuite.runTest(TestSuite.java:230)
	at junit.framework.TestSuite.run(TestSuite.java:225)
	at junit.framework.TestSuite.runTest(TestSuite.java:230)
	at junit.framework.TestSuite.run(TestSuite.java:225)
	at org.apache.tools.ant.taskdefs.optional.junit.JUnitTestRunner.run(JUnitTestRunner.java:421)
	at org.apache.tools.ant.taskdefs.optional.junit.JUnitTestRunner.launch(JUnitTestRunner.java:912)
	at org.apache.tools.ant.taskdefs.optional.junit.JUnitTestRunner.main(JUnitTestRunner.java:766)
2011. 11. 17 오전 8:40:01 com.mongodb.DBPortPool gotError
경고: emptying DBPortPool to 61.250.201.78:27017 b/c of error
java.io.IOException: couldn't connect to [/61.250.201.78:27017] bc:java.net.ConnectException: Connection timed out: connect
	at com.mongodb.DBPort._open(DBPort.java:224)
	at com.mongodb.DBPort.go(DBPort.java:101)
	at com.mongodb.DBPort.go(DBPort.java:82)
	at com.mongodb.DBPort.say(DBPort.java:77)
	at com.mongodb.DBTCPConnector.say(DBTCPConnector.java:146)
	at com.mongodb.DBTCPConnector.say(DBTCPConnector.java:132)
	at com.mongodb.DBApiLayer$MyCollection.insert(DBApiLayer.java:262)
	at com.mongodb.DBApiLayer$MyCollection.createIndex(DBApiLayer.java:354)
	at com.mongodb.DBCollection.ensureIndex(DBCollection.java:444)
	at com.mongodb.DBCollection.ensureIndex(DBCollection.java:392)
	at net.ion.radon.repository.Workspace.createWorkspace(Workspace.java:64)
	at net.ion.radon.repository.Workspace.load(Workspace.java:43)
	at net.ion.radon.repository.Repository.getWorkspace(Repository.java:28)
	at net.ion.radon.repository.LocalSession.getCurrentWorkspace(LocalSession.java:147)
	at net.ion.radon.repository.LocalSession.dropWorkspace(LocalSession.java:76)
	at net.ion.radon.repository.TestBaseRepository.setUp(TestBaseRepository.java:17)
	at junit.framework.TestCase.runBare(TestCase.java:128)
	at junit.framework.TestResult$1.protect(TestResult.java:106)
	at junit.framework.TestResult.runProtected(TestResult.java:124)
	at junit.framework.TestResult.run(TestResult.java:109)
	at junit.framework.TestCase.run(TestCase.java:120)
	at junit.framework.TestSuite.runTest(TestSuite.java:230)
	at junit.framework.TestSuite.run(TestSuite.java:225)
	at junit.framework.TestSuite.runTest(TestSuite.java:230)
	at junit.framework.TestSuite.run(TestSuite.java:225)
	at junit.framework.TestSuite.runTest(TestSuite.java:230)
	at junit.framework.TestSuite.run(TestSuite.java:225)
	at junit.framework.TestSuite.runTest(TestSuite.java:230)
	at junit.framework.TestSuite.run(TestSuite.java:225)
	at org.apache.tools.ant.taskdefs.optional.junit.JUnitTestRunner.run(JUnitTestRunner.java:421)
	at org.apache.tools.ant.taskdefs.optional.junit.JUnitTestRunner.launch(JUnitTestRunner.java:912)
	at org.apache.tools.ant.taskdefs.optional.junit.JUnitTestRunner.main(JUnitTestRunner.java:766)
2011. 11. 17 오전 8:40:22 com.mongodb.DBTCPConnector fetchMaxBsonObjectSize
경고: Exception determining maxBSON size using0
java.io.IOException: couldn't connect to [/61.250.201.78:27017] bc:java.net.ConnectException: Connection timed out: connect
	at com.mongodb.DBPort._open(DBPort.java:224)
	at com.mongodb.DBPort.go(DBPort.java:101)
	at com.mongodb.DBPort.go(DBPort.java:82)
	at com.mongodb.DBPort.findOne(DBPort.java:142)
	at com.mongodb.DBPort.runCommand(DBPort.java:151)
	at com.mongodb.DBTCPConnector.fetchMaxBsonObjectSize(DBTCPConnector.java:429)
	at com.mongodb.Mongo.getMaxBsonObjectSize(Mongo.java:544)
	at com.mongodb.DBApiLayer$MyCollection.insert(DBApiLayer.java:244)
	at com.mongodb.DBApiLayer$MyCollection.createIndex(DBApiLayer.java:354)
	at com.mongodb.DBCollection.ensureIndex(DBCollection.java:444)
	at com.mongodb.DBCollection.ensureIndex(DBCollection.java:392)
	at net.ion.radon.repository.Workspace.createWorkspace(Workspace.java:64)
	at net.ion.radon.repository.Workspace.load(Workspace.java:43)
	at net.ion.radon.repository.Repository.getWorkspace(Repository.java:28)
	at net.ion.radon.repository.LocalSession.getCurrentWorkspace(LocalSession.java:147)
	at net.ion.radon.repository.LocalSession.dropWorkspace(LocalSession.java:76)
	at net.ion.radon.repository.TestBaseRepository.setUp(TestBaseRepository.java:17)
	at junit.framework.TestCase.runBare(TestCase.java:128)
	at junit.framework.TestResult$1.protect(TestResult.java:106)
	at junit.framework.TestResult.runProtected(TestResult.java:124)
	at junit.framework.TestResult.run(TestResult.java:109)
	at junit.framework.TestCase.run(TestCase.java:120)
	at junit.framework.TestSuite.runTest(TestSuite.java:230)
	at junit.framework.TestSuite.run(TestSuite.java:225)
	at junit.framework.TestSuite.runTest(TestSuite.java:230)
	at junit.framework.TestSuite.run(TestSuite.java:225)
	at junit.framework.TestSuite.runTest(TestSuite.java:230)
	at junit.framework.TestSuite.run(TestSuite.java:225)
	at junit.framework.TestSuite.runTest(TestSuite.java:230)
	at junit.framework.TestSuite.run(TestSuite.java:225)
	at org.apache.tools.ant.taskdefs.optional.junit.JUnitTestRunner.run(JUnitTestRunner.java:421)
	at org.apache.tools.ant.taskdefs.optional.junit.JUnitTestRunner.launch(JUnitTestRunner.java:912)
	at org.apache.tools.ant.taskdefs.optional.junit.JUnitTestRunner.main(JUnitTestRunner.java:766)
2011. 11. 17 오전 8:40:43 com.mongodb.DBTCPConnector fetchMaxBsonObjectSize
경고: Exception determining maxBSON size using0
java.io.IOException: couldn't connect to [/61.250.201.78:27017] bc:java.net.ConnectException: Connection timed out: connect
	at com.mongodb.DBPort._open(DBPort.java:224)
	at com.mongodb.DBPort.go(DBPort.java:101)
	at com.mongodb.DBPort.go(DBPort.java:82)
	at com.mongodb.DBPort.findOne(DBPort.java:142)
	at com.mongodb.DBPort.runCommand(DBPort.java:151)
	at com.mongodb.DBTCPConnector.fetchMaxBsonObjectSize(DBTCPConnector.java:429)
	at com.mongodb.DBTCPConnector.checkMaster(DBTCPConnector.java:416)
	at com.mongodb.DBTCPConnector.say(DBTCPConnector.java:139)
	at com.mongodb.DBTCPConnector.say(DBTCPConnector.java:132)
	at com.mongodb.DBApiLayer$MyCollection.insert(DBApiLayer.java:262)
	at com.mongodb.DBApiLayer$MyCollection.createIndex(DBApiLayer.java:354)
	at com.mongodb.DBCollection.ensureIndex(DBCollection.java:444)
	at com.mongodb.DBCollection.ensureIndex(DBCollection.java:392)
	at net.ion.radon.repository.Workspace.createWorkspace(Workspace.java:64)
	at net.ion.radon.repository.Workspace.load(Workspace.java:43)
	at net.ion.radon.repository.Repository.getWorkspace(Repository.java:28)
	at net.ion.radon.repository.LocalSession.getCurrentWorkspace(LocalSession.java:147)
	at net.ion.radon.repository.LocalSession.dropWorkspace(LocalSession.java:76)
	at net.ion.radon.repository.TestBaseRepository.setUp(TestBaseRepository.java:17)
	at junit.framework.TestCase.runBare(TestCase.java:128)
	at junit.framework.TestResult$1.protect(TestResult.java:106)
	at junit.framework.TestResult.runProtected(TestResult.java:124)
	at junit.framework.TestResult.run(TestResult.java:109)
	at junit.framework.TestCase.run(TestCase.java:120)
	at junit.framework.TestSuite.runTest(TestSuite.java:230)
	at junit.framework.TestSuite.run(TestSuite.java:225)
	at junit.framework.TestSuite.runTest(TestSuite.java:230)
	at junit.framework.TestSuite.run(TestSuite.java:225)
	at junit.framework.TestSuite.runTest(TestSuite.java:230)
	at junit.framework.TestSuite.run(TestSuite.java:225)
	at junit.framework.TestSuite.runTest(TestSuite.java:230)
	at junit.framework.TestSuite.run(TestSuite.java:225)
	at org.apache.tools.ant.taskdefs.optional.junit.JUnitTestRunner.run(JUnitTestRunner.java:421)
	at org.apache.tools.ant.taskdefs.optional.junit.JUnitTestRunner.launch(JUnitTestRunner.java:912)
	at org.apache.tools.ant.taskdefs.optional.junit.JUnitTestRunner.main(JUnitTestRunner.java:766)
2011. 11. 17 오전 8:41:04 com.mongodb.DBPortPool gotError
경고: emptying DBPortPool to 61.250.201.78:27017 b/c of error
java.io.IOException: couldn't connect to [/61.250.201.78:27017] bc:java.net.ConnectException: Connection timed out: connect
	at com.mongodb.DBPort._open(DBPort.java:224)
	at com.mongodb.DBPort.go(DBPort.java:101)
	at com.mongodb.DBPort.go(DBPort.java:82)
	at com.mongodb.DBPort.say(DBPort.java:77)
	at com.mongodb.DBTCPConnector.say(DBTCPConnector.java:146)
	at com.mongodb.DBTCPConnector.say(DBTCPConnector.java:132)
	at com.mongodb.DBApiLayer$MyCollection.insert(DBApiLayer.java:262)
	at com.mongodb.DBApiLayer$MyCollection.createIndex(DBApiLayer.java:354)
	at com.mongodb.DBCollection.ensureIndex(DBCollection.java:444)
	at com.mongodb.DBCollection.ensureIndex(DBCollection.java:392)
	at net.ion.radon.repository.Workspace.createWorkspace(Workspace.java:64)
	at net.ion.radon.repository.Workspace.load(Workspace.java:43)
	at net.ion.radon.repository.Repository.getWorkspace(Repository.java:28)
	at net.ion.radon.repository.LocalSession.getCurrentWorkspace(LocalSession.java:147)
	at net.ion.radon.repository.LocalSession.dropWorkspace(LocalSession.java:76)
	at net.ion.radon.repository.TestBaseRepository.setUp(TestBaseRepository.java:17)
	at junit.framework.TestCase.runBare(TestCase.java:128)
	at junit.framework.TestResult$1.protect(TestResult.java:106)
	at junit.framework.TestResult.runProtected(TestResult.java:124)
	at junit.framework.TestResult.run(TestResult.java:109)
	at junit.framework.TestCase.run(TestCase.java:120)
	at junit.framework.TestSuite.runTest(TestSuite.java:230)
	at junit.framework.TestSuite.run(TestSuite.java:225)
	at junit.framework.TestSuite.runTest(TestSuite.java:230)
	at junit.framework.TestSuite.run(TestSuite.java:225)
	at junit.framework.TestSuite.runTest(TestSuite.java:230)
	at junit.framework.TestSuite.run(TestSuite.java:225)
	at junit.framework.TestSuite.runTest(TestSuite.java:230)
	at junit.framework.TestSuite.run(TestSuite.java:225)
	at org.apache.tools.ant.taskdefs.optional.junit.JUnitTestRunner.run(JUnitTestRunner.java:421)
	at org.apache.tools.ant.taskdefs.optional.junit.JUnitTestRunner.launch(JUnitTestRunner.java:912)
	at org.apache.tools.ant.taskdefs.optional.junit.JUnitTestRunner.main(JUnitTestRunner.java:766)
2011. 11. 17 오전 8:41:25 com.mongodb.DBTCPConnector fetchMaxBsonObjectSize
경고: Exception determining maxBSON size using0
java.io.IOException: couldn't connect to [/61.250.201.78:27017] bc:java.net.ConnectException: Connection timed out: connect
	at com.mongodb.DBPort._open(DBPort.java:224)
	at com.mongodb.DBPort.go(DBPort.java:101)
	at com.mongodb.DBPort.go(DBPort.java:82)
	at com.mongodb.DBPort.findOne(DBPort.java:142)
	at com.mongodb.DBPort.runCommand(DBPort.java:151)
	at com.mongodb.DBTCPConnector.fetchMaxBsonObjectSize(DBTCPConnector.java:429)
	at com.mongodb.Mongo.getMaxBsonObjectSize(Mongo.java:544)
	at com.mongodb.DBApiLayer$MyCollection.insert(DBApiLayer.java:244)
	at com.mongodb.DBApiLayer$MyCollection.createIndex(DBApiLayer.java:354)
	at com.mongodb.DBCollection.ensureIndex(DBCollection.java:444)
	at com.mongodb.DBCollection.ensureIndex(DBCollection.java:392)
	at net.ion.radon.repository.Workspace.createWorkspace(Workspace.java:64)
	at net.ion.radon.repository.Workspace.load(Workspace.java:43)
	at net.ion.radon.repository.Repository.getWorkspace(Repository.java:28)
	at net.ion.radon.repository.LocalSession.getCurrentWorkspace(LocalSession.java:147)
	at net.ion.radon.repository.LocalSession.dropWorkspace(LocalSession.java:76)
	at net.ion.radon.repository.TestBaseRepository.setUp(TestBaseRepository.java:17)
	at junit.framework.TestCase.runBare(TestCase.java:128)
	at junit.framework.TestResult$1.protect(TestResult.java:106)
	at junit.framework.TestResult.runProtected(TestResult.java:124)
	at junit.framework.TestResult.run(TestResult.java:109)
	at junit.framework.TestCase.run(TestCase.java:120)
	at junit.framework.TestSuite.runTest(TestSuite.java:230)
	at junit.framework.TestSuite.run(TestSuite.java:225)
	at junit.framework.TestSuite.runTest(TestSuite.java:230)
	at junit.framework.TestSuite.run(TestSuite.java:225)
	at junit.framework.TestSuite.runTest(TestSuite.java:230)
	at junit.framework.TestSuite.run(TestSuite.java:225)
	at junit.framework.TestSuite.runTest(TestSuite.java:230)
	at junit.framework.TestSuite.run(TestSuite.java:225)
	at org.apache.tools.ant.taskdefs.optional.junit.JUnitTestRunner.run(JUnitTestRunner.java:421)
	at org.apache.tools.ant.taskdefs.optional.junit.JUnitTestRunner.launch(JUnitTestRunner.java:912)
	at org.apache.tools.ant.taskdefs.optional.junit.JUnitTestRunner.main(JUnitTestRunner.java:766)
2011. 11. 17 오전 8:41:46 com.mongodb.DBTCPConnector fetchMaxBsonObjectSize
경고: Exception determining maxBSON size using0
java.io.IOException: couldn't connect to [/61.250.201.78:27017] bc:java.net.ConnectException: Connection timed out: connect
	at com.mongodb.DBPort._open(DBPort.java:224)
	at com.mongodb.DBPort.go(DBPort.java:101)
	at com.mongodb.DBPort.go(DBPort.java:82)
	at com.mongodb.DBPort.findOne(DBPort.java:142)
	at com.mongodb.DBPort.runCommand(DBPort.java:151)
	at com.mongodb.DBTCPConnector.fetchMaxBsonObjectSize(DBTCPConnector.java:429)
	at com.mongodb.DBTCPConnector.checkMaster(DBTCPConnector.java:416)
	at com.mongodb.DBTCPConnector.say(DBTCPConnector.java:139)
	at com.mongodb.DBTCPConnector.say(DBTCPConnector.java:132)
	at com.mongodb.DBApiLayer$MyCollection.insert(DBApiLayer.java:262)
	at com.mongodb.DBApiLayer$MyCollection.createIndex(DBApiLayer.java:354)
	at com.mongodb.DBCollection.ensureIndex(DBCollection.java:444)
	at com.mongodb.DBCollection.ensureIndex(DBCollection.java:392)
	at net.ion.radon.repository.Workspace.createWorkspace(Workspace.java:64)
	at net.ion.radon.repository.Workspace.load(Workspace.java:43)
	at net.ion.radon.repository.Repository.getWorkspace(Repository.java:28)
	at net.ion.radon.repository.LocalSession.getCurrentWorkspace(LocalSession.java:147)
	at net.ion.radon.repository.LocalSession.dropWorkspace(LocalSession.java:76)
	at net.ion.radon.repository.TestBaseRepository.setUp(TestBaseRepository.java:17)
	at junit.framework.TestCase.runBare(TestCase.java:128)
	at junit.framework.TestResult$1.protect(TestResult.java:106)
	at junit.framework.TestResult.runProtected(TestResult.java:124)
	at junit.framework.TestResult.run(TestResult.java:109)
	at junit.framework.TestCase.run(TestCase.java:120)
	at junit.framework.TestSuite.runTest(TestSuite.java:230)
	at junit.framework.TestSuite.run(TestSuite.java:225)
	at junit.framework.TestSuite.runTest(TestSuite.java:230)
	at junit.framework.TestSuite.run(TestSuite.java:225)
	at junit.framework.TestSuite.runTest(TestSuite.java:230)
	at junit.framework.TestSuite.run(TestSuite.java:225)
	at junit.framework.TestSuite.runTest(TestSuite.java:230)
	at junit.framework.TestSuite.run(TestSuite.java:225)
	at org.apache.tools.ant.taskdefs.optional.junit.JUnitTestRunner.run(JUnitTestRunner.java:421)
	at org.apache.tools.ant.taskdefs.optional.junit.JUnitTestRunner.launch(JUnitTestRunner.java:912)
	at org.apache.tools.ant.taskdefs.optional.junit.JUnitTestRunner.main(JUnitTestRunner.java:766)
2011. 11. 17 오전 8:42:07 com.mongodb.DBPortPool gotError
경고: emptying DBPortPool to 61.250.201.78:27017 b/c of error
java.io.IOException: couldn't connect to [/61.250.201.78:27017] bc:java.net.ConnectException: Connection timed out: connect
	at com.mongodb.DBPort._open(DBPort.java:224)
	at com.mongodb.DBPort.go(DBPort.java:101)
	at com.mongodb.DBPort.go(DBPort.java:82)
	at com.mongodb.DBPort.say(DBPort.java:77)
	at com.mongodb.DBTCPConnector.say(DBTCPConnector.java:146)
	at com.mongodb.DBTCPConnector.say(DBTCPConnector.java:132)
	at com.mongodb.DBApiLayer$MyCollection.insert(DBApiLayer.java:262)
	at com.mongodb.DBApiLayer$MyCollection.createIndex(DBApiLayer.java:354)
	at com.mongodb.DBCollection.ensureIndex(DBCollection.java:444)
	at com.mongodb.DBCollection.ensureIndex(DBCollection.java:392)
	at net.ion.radon.repository.Workspace.createWorkspace(Workspace.java:64)
	at net.ion.radon.repository.Workspace.load(Workspace.java:43)
	at net.ion.radon.repository.Repository.getWorkspace(Repository.java:28)
	at net.ion.radon.repository.LocalSession.getCurrentWorkspace(LocalSession.java:147)
	at net.ion.radon.repository.LocalSession.dropWorkspace(LocalSession.java:76)
	at net.ion.radon.repository.TestBaseRepository.setUp(TestBaseRepository.java:17)
	at junit.framework.TestCase.runBare(TestCase.java:128)
	at junit.framework.TestResult$1.protect(TestResult.java:106)
	at junit.framework.TestResult.runProtected(TestResult.java:124)
	at junit.framework.TestResult.run(TestResult.java:109)
	at junit.framework.TestCase.run(TestCase.java:120)
	at junit.framework.TestSuite.runTest(TestSuite.java:230)
	at junit.framework.TestSuite.run(TestSuite.java:225)
	at junit.framework.TestSuite.runTest(TestSuite.java:230)
	at junit.framework.TestSuite.run(TestSuite.java:225)
	at junit.framework.TestSuite.runTest(TestSuite.java:230)
	at junit.framework.TestSuite.run(TestSuite.java:225)
	at junit.framework.TestSuite.runTest(TestSuite.java:230)
	at junit.framework.TestSuite.run(TestSuite.java:225)
	at org.apache.tools.ant.taskdefs.optional.junit.JUnitTestRunner.run(JUnitTestRunner.java:421)
	at org.apache.tools.ant.taskdefs.optional.junit.JUnitTestRunner.launch(JUnitTestRunner.java:912)
	at org.apache.tools.ant.taskdefs.optional.junit.JUnitTestRunner.main(JUnitTestRunner.java:766)
2011. 11. 17 오전 8:42:28 com.mongodb.DBTCPConnector fetchMaxBsonObjectSize
경고: Exception determining maxBSON size using0
java.io.IOException: couldn't connect to [/61.250.201.78:27017] bc:java.net.ConnectException: Connection timed out: connect
	at com.mongodb.DBPort._open(DBPort.java:224)
	at com.mongodb.DBPort.go(DBPort.java:101)
	at com.mongodb.DBPort.go(DBPort.java:82)
	at com.mongodb.DBPort.findOne(DBPort.java:142)
	at com.mongodb.DBPort.runCommand(DBPort.java:151)
	at com.mongodb.DBTCPConnector.fetchMaxBsonObjectSize(DBTCPConnector.java:429)
	at com.mongodb.Mongo.getMaxBsonObjectSize(Mongo.java:544)
	at com.mongodb.DBApiLayer$MyCollection.insert(DBApiLayer.java:244)
	at com.mongodb.DBApiLayer$MyCollection.createIndex(DBApiLayer.java:354)
	at com.mongodb.DBCollection.ensureIndex(DBCollection.java:444)
	at com.mongodb.DBCollection.ensureIndex(DBCollection.java:392)
	at net.ion.radon.repository.Workspace.createWorkspace(Workspace.java:64)
	at net.ion.radon.repository.Workspace.load(Workspace.java:43)
	at net.ion.radon.repository.Repository.getWorkspace(Repository.java:28)
	at net.ion.radon.repository.LocalSession.getCurrentWorkspace(LocalSession.java:147)
	at net.ion.radon.repository.LocalSession.dropWorkspace(LocalSession.java:76)
	at net.ion.radon.repository.TestBaseRepository.setUp(TestBaseRepository.java:17)
	at junit.framework.TestCase.runBare(TestCase.java:128)
	at junit.framework.TestResult$1.protect(TestResult.java:106)
	at junit.framework.TestResult.runProtected(TestResult.java:124)
	at junit.framework.TestResult.run(TestResult.java:109)
	at junit.framework.TestCase.run(TestCase.java:120)
	at junit.framework.TestSuite.runTest(TestSuite.java:230)
	at junit.framework.TestSuite.run(TestSuite.java:225)
	at junit.framework.TestSuite.runTest(TestSuite.java:230)
	at junit.framework.TestSuite.run(TestSuite.java:225)
	at junit.framework.TestSuite.runTest(TestSuite.java:230)
	at junit.framework.TestSuite.run(TestSuite.java:225)
	at junit.framework.TestSuite.runTest(TestSuite.java:230)
	at junit.framework.TestSuite.run(TestSuite.java:225)
	at org.apache.tools.ant.taskdefs.optional.junit.JUnitTestRunner.run(JUnitTestRunner.java:421)
	at org.apache.tools.ant.taskdefs.optional.junit.JUnitTestRunner.launch(JUnitTestRunner.java:912)
	at org.apache.tools.ant.taskdefs.optional.junit.JUnitTestRunner.main(JUnitTestRunner.java:766)
2011. 11. 17 오전 8:42:49 com.mongodb.DBTCPConnector fetchMaxBsonObjectSize
경고: Exception determining maxBSON size using0
java.io.IOException: couldn't connect to [/61.250.201.78:27017] bc:java.net.ConnectException: Connection timed out: connect
	at com.mongodb.DBPort._open(DBPort.java:224)
	at com.mongodb.DBPort.go(DBPort.java:101)
	at com.mongodb.DBPort.go(DBPort.java:82)
	at com.mongodb.DBPort.findOne(DBPort.java:142)
	at com.mongodb.DBPort.runCommand(DBPort.java:151)
	at com.mongodb.DBTCPConnector.fetchMaxBsonObjectSize(DBTCPConnector.java:429)
	at com.mongodb.DBTCPConnector.checkMaster(DBTCPConnector.java:416)
	at com.mongodb.DBTCPConnector.say(DBTCPConnector.java:139)
	at com.mongodb.DBTCPConnector.say(DBTCPConnector.java:132)
	at com.mongodb.DBApiLayer$MyCollection.insert(DBApiLayer.java:262)
	at com.mongodb.DBApiLayer$MyCollection.createIndex(DBApiLayer.java:354)
	at com.mongodb.DBCollection.ensureIndex(DBCollection.java:444)
	at com.mongodb.DBCollection.ensureIndex(DBCollection.java:392)
	at net.ion.radon.repository.Workspace.createWorkspace(Workspace.java:64)
	at net.ion.radon.repository.Workspace.load(Workspace.java:43)
	at net.ion.radon.repository.Repository.getWorkspace(Repository.java:28)
	at net.ion.radon.repository.LocalSession.getCurrentWorkspace(LocalSession.java:147)
	at net.ion.radon.repository.LocalSession.dropWorkspace(LocalSession.java:76)
	at net.ion.radon.repository.TestBaseRepository.setUp(TestBaseRepository.java:17)
	at junit.framework.TestCase.runBare(TestCase.java:128)
	at junit.framework.TestResult$1.protect(TestResult.java:106)
	at junit.framework.TestResult.runProtected(TestResult.java:124)
	at junit.framework.TestResult.run(TestResult.java:109)
	at junit.framework.TestCase.run(TestCase.java:120)
	at junit.framework.TestSuite.runTest(TestSuite.java:230)
	at junit.framework.TestSuite.run(TestSuite.java:225)
	at junit.framework.TestSuite.runTest(TestSuite.java:230)
	at junit.framework.TestSuite.run(TestSuite.java:225)
	at junit.framework.TestSuite.runTest(TestSuite.java:230)
	at junit.framework.TestSuite.run(TestSuite.java:225)
	at junit.framework.TestSuite.runTest(TestSuite.java:230)
	at junit.framework.TestSuite.run(TestSuite.java:225)
	at org.apache.tools.ant.taskdefs.optional.junit.JUnitTestRunner.run(JUnitTestRunner.java:421)
	at org.apache.tools.ant.taskdefs.optional.junit.JUnitTestRunner.launch(JUnitTestRunner.java:912)
	at org.apache.tools.ant.taskdefs.optional.junit.JUnitTestRunner.main(JUnitTestRunner.java:766)
2011. 11. 17 오전 8:43:10 com.mongodb.DBPortPool gotError
경고: emptying DBPortPool to 61.250.201.78:27017 b/c of error
java.io.IOException: couldn't connect to [/61.250.201.78:27017] bc:java.net.ConnectException: Connection timed out: connect
	at com.mongodb.DBPort._open(DBPort.java:224)
	at com.mongodb.DBPort.go(DBPort.java:101)
	at com.mongodb.DBPort.go(DBPort.java:82)
	at com.mongodb.DBPort.say(DBPort.java:77)
	at com.mongodb.DBTCPConnector.say(DBTCPConnector.java:146)
	at com.mongodb.DBTCPConnector.say(DBTCPConnector.java:132)
	at com.mongodb.DBApiLayer$MyCollection.insert(DBApiLayer.java:262)
	at com.mongodb.DBApiLayer$MyCollection.createIndex(DBApiLayer.java:354)
	at com.mongodb.DBCollection.ensureIndex(DBCollection.java:444)
	at com.mongodb.DBCollection.ensureIndex(DBCollection.java:392)
	at net.ion.radon.repository.Workspace.createWorkspace(Workspace.java:64)
	at net.ion.radon.repository.Workspace.load(Workspace.java:43)
	at net.ion.radon.repository.Repository.getWorkspace(Repository.java:28)
	at net.ion.radon.repository.LocalSession.getCurrentWorkspace(LocalSession.java:147)
	at net.ion.radon.repository.LocalSession.dropWorkspace(LocalSession.java:76)
	at net.ion.radon.repository.TestBaseRepository.setUp(TestBaseRepository.java:17)
	at junit.framework.TestCase.runBare(TestCase.java:128)
	at junit.framework.TestResult$1.protect(TestResult.java:106)
	at junit.framework.TestResult.runProtected(TestResult.java:124)
	at junit.framework.TestResult.run(TestResult.java:109)
	at junit.framework.TestCase.run(TestCase.java:120)
	at junit.framework.TestSuite.runTest(TestSuite.java:230)
	at junit.framework.TestSuite.run(TestSuite.java:225)
	at junit.framework.TestSuite.runTest(TestSuite.java:230)
	at junit.framework.TestSuite.run(TestSuite.java:225)
	at junit.framework.TestSuite.runTest(TestSuite.java:230)
	at junit.framework.TestSuite.run(TestSuite.java:225)
	at junit.framework.TestSuite.runTest(TestSuite.java:230)
	at junit.framework.TestSuite.run(TestSuite.java:225)
	at org.apache.tools.ant.taskdefs.optional.junit.JUnitTestRunner.run(JUnitTestRunner.java:421)
	at org.apache.tools.ant.taskdefs.optional.junit.JUnitTestRunner.launch(JUnitTestRunner.java:912)
	at org.apache.tools.ant.taskdefs.optional.junit.JUnitTestRunner.main(JUnitTestRunner.java:766)
2011. 11. 17 오전 8:43:31 com.mongodb.DBTCPConnector fetchMaxBsonObjectSize
경고: Exception determining maxBSON size using0
java.io.IOException: couldn't connect to [/61.250.201.78:27017] bc:java.net.ConnectException: Connection timed out: connect
	at com.mongodb.DBPort._open(DBPort.java:224)
	at com.mongodb.DBPort.go(DBPort.java:101)
	at com.mongodb.DBPort.go(DBPort.java:82)
	at com.mongodb.DBPort.findOne(DBPort.java:142)
	at com.mongodb.DBPort.runCommand(DBPort.java:151)
	at com.mongodb.DBTCPConnector.fetchMaxBsonObjectSize(DBTCPConnector.java:429)
	at com.mongodb.Mongo.getMaxBsonObjectSize(Mongo.java:544)
	at com.mongodb.DBApiLayer$MyCollection.insert(DBApiLayer.java:244)
	at com.mongodb.DBApiLayer$MyCollection.createIndex(DBApiLayer.java:354)
	at com.mongodb.DBCollection.ensureIndex(DBCollection.java:444)
	at com.mongodb.DBCollection.ensureIndex(DBCollection.java:392)
	at net.ion.radon.repository.Workspace.createWorkspace(Workspace.java:64)
	at net.ion.radon.repository.Workspace.load(Workspace.java:43)
	at net.ion.radon.repository.Repository.getWorkspace(Repository.java:28)
	at net.ion.radon.repository.LocalSession.getCurrentWorkspace(LocalSession.java:147)
	at net.ion.radon.repository.LocalSession.dropWorkspace(LocalSession.java:76)
	at net.ion.radon.repository.TestBaseRepository.setUp(TestBaseRepository.java:17)
	at junit.framework.TestCase.runBare(TestCase.java:128)
	at junit.framework.TestResult$1.protect(TestResult.java:106)
	at junit.framework.TestResult.runProtected(TestResult.java:124)
	at junit.framework.TestResult.run(TestResult.java:109)
	at junit.framework.TestCase.run(TestCase.java:120)
	at junit.framework.TestSuite.runTest(TestSuite.java:230)
	at junit.framework.TestSuite.run(TestSuite.java:225)
	at junit.framework.TestSuite.runTest(TestSuite.java:230)
	at junit.framework.TestSuite.run(TestSuite.java:225)
	at junit.framework.TestSuite.runTest(TestSuite.java:230)
	at junit.framework.TestSuite.run(TestSuite.java:225)
	at junit.framework.TestSuite.runTest(TestSuite.java:230)
	at junit.framework.TestSuite.run(TestSuite.java:225)
	at org.apache.tools.ant.taskdefs.optional.junit.JUnitTestRunner.run(JUnitTestRunner.java:421)
	at org.apache.tools.ant.taskdefs.optional.junit.JUnitTestRunner.launch(JUnitTestRunner.java:912)
	at org.apache.tools.ant.taskdefs.optional.junit.JUnitTestRunner.main(JUnitTestRunner.java:766)
2011. 11. 17 오전 8:43:52 com.mongodb.DBTCPConnector fetchMaxBsonObjectSize
경고: Exception determining maxBSON size using0
java.io.IOException: couldn't connect to [/61.250.201.78:27017] bc:java.net.ConnectException: Connection timed out: connect
	at com.mongodb.DBPort._open(DBPort.java:224)
	at com.mongodb.DBPort.go(DBPort.java:101)
	at com.mongodb.DBPort.go(DBPort.java:82)
	at com.mongodb.DBPort.findOne(DBPort.java:142)
	at com.mongodb.DBPort.runCommand(DBPort.java:151)
	at com.mongodb.DBTCPConnector.fetchMaxBsonObjectSize(DBTCPConnector.java:429)
	at com.mongodb.DBTCPConnector.checkMaster(DBTCPConnector.java:416)
	at com.mongodb.DBTCPConnector.say(DBTCPConnector.java:139)
	at com.mongodb.DBTCPConnector.say(DBTCPConnector.java:132)
	at com.mongodb.DBApiLayer$MyCollection.insert(DBApiLayer.java:262)
	at com.mongodb.DBApiLayer$MyCollection.createIndex(DBApiLayer.java:354)
	at com.mongodb.DBCollection.ensureIndex(DBCollection.java:444)
	at com.mongodb.DBCollection.ensureIndex(DBCollection.java:392)
	at net.ion.radon.repository.Workspace.createWorkspace(Workspace.java:64)
	at net.ion.radon.repository.Workspace.load(Workspace.java:43)
	at net.ion.radon.repository.Repository.getWorkspace(Repository.java:28)
	at net.ion.radon.repository.LocalSession.getCurrentWorkspace(LocalSession.java:147)
	at net.ion.radon.repository.LocalSession.dropWorkspace(LocalSession.java:76)
	at net.ion.radon.repository.TestBaseRepository.setUp(TestBaseRepository.java:17)
	at junit.framework.TestCase.runBare(TestCase.java:128)
	at junit.framework.TestResult$1.protect(TestResult.java:106)
	at junit.framework.TestResult.runProtected(TestResult.java:124)
	at junit.framework.TestResult.run(TestResult.java:109)
	at junit.framework.TestCase.run(TestCase.java:120)
	at junit.framework.TestSuite.runTest(TestSuite.java:230)
	at junit.framework.TestSuite.run(TestSuite.java:225)
	at junit.framework.TestSuite.runTest(TestSuite.java:230)
	at junit.framework.TestSuite.run(TestSuite.java:225)
	at junit.framework.TestSuite.runTest(TestSuite.java:230)
	at junit.framework.TestSuite.run(TestSuite.java:225)
	at junit.framework.TestSuite.runTest(TestSuite.java:230)
	at junit.framework.TestSuite.run(TestSuite.java:225)
	at org.apache.tools.ant.taskdefs.optional.junit.JUnitTestRunner.run(JUnitTestRunner.java:421)
	at org.apache.tools.ant.taskdefs.optional.junit.JUnitTestRunner.launch(JUnitTestRunner.java:912)
	at org.apache.tools.ant.taskdefs.optional.junit.JUnitTestRunner.main(JUnitTestRunner.java:766)
2011. 11. 17 오전 8:44:13 com.mongodb.DBPortPool gotError
경고: emptying DBPortPool to 61.250.201.78:27017 b/c of error
java.io.IOException: couldn't connect to [/61.250.201.78:27017] bc:java.net.ConnectException: Connection timed out: connect
	at com.mongodb.DBPort._open(DBPort.java:224)
	at com.mongodb.DBPort.go(DBPort.java:101)
	at com.mongodb.DBPort.go(DBPort.java:82)
	at com.mongodb.DBPort.say(DBPort.java:77)
	at com.mongodb.DBTCPConnector.say(DBTCPConnector.java:146)
	at com.mongodb.DBTCPConnector.say(DBTCPConnector.java:132)
	at com.mongodb.DBApiLayer$MyCollection.insert(DBApiLayer.java:262)
	at com.mongodb.DBApiLayer$MyCollection.createIndex(DBApiLayer.java:354)
	at com.mongodb.DBCollection.ensureIndex(DBCollection.java:444)
	at com.mongodb.DBCollection.ensureIndex(DBCollection.java:392)
	at net.ion.radon.repository.Workspace.createWorkspace(Workspace.java:64)
	at net.ion.radon.repository.Workspace.load(Workspace.java:43)
	at net.ion.radon.repository.Repository.getWorkspace(Repository.java:28)
	at net.ion.radon.repository.LocalSession.getCurrentWorkspace(LocalSession.java:147)
	at net.ion.radon.repository.LocalSession.dropWorkspace(LocalSession.java:76)
	at net.ion.radon.repository.TestBaseRepository.setUp(TestBaseRepository.java:17)
	at junit.framework.TestCase.runBare(TestCase.java:128)
	at junit.framework.TestResult$1.protect(TestResult.java:106)
	at junit.framework.TestResult.runProtected(TestResult.java:124)
	at junit.framework.TestResult.run(TestResult.java:109)
	at junit.framework.TestCase.run(TestCase.java:120)
	at junit.framework.TestSuite.runTest(TestSuite.java:230)
	at junit.framework.TestSuite.run(TestSuite.java:225)
	at junit.framework.TestSuite.runTest(TestSuite.java:230)
	at junit.framework.TestSuite.run(TestSuite.java:225)
	at junit.framework.TestSuite.runTest(TestSuite.java:230)
	at junit.framework.TestSuite.run(TestSuite.java:225)
	at junit.framework.TestSuite.runTest(TestSuite.java:230)
	at junit.framework.TestSuite.run(TestSuite.java:225)
	at org.apache.tools.ant.taskdefs.optional.junit.JUnitTestRunner.run(JUnitTestRunner.java:421)
	at org.apache.tools.ant.taskdefs.optional.junit.JUnitTestRunner.launch(JUnitTestRunner.java:912)
	at org.apache.tools.ant.taskdefs.optional.junit.JUnitTestRunner.main(JUnitTestRunner.java:766)
2011. 11. 17 오전 8:44:34 com.mongodb.DBTCPConnector fetchMaxBsonObjectSize
경고: Exception determining maxBSON size using0
java.io.IOException: couldn't connect to [/61.250.201.78:27017] bc:java.net.ConnectException: Connection timed out: connect
	at com.mongodb.DBPort._open(DBPort.java:224)
	at com.mongodb.DBPort.go(DBPort.java:101)
	at com.mongodb.DBPort.go(DBPort.java:82)
	at com.mongodb.DBPort.findOne(DBPort.java:142)
	at com.mongodb.DBPort.runCommand(DBPort.java:151)
	at com.mongodb.DBTCPConnector.fetchMaxBsonObjectSize(DBTCPConnector.java:429)
	at com.mongodb.Mongo.getMaxBsonObjectSize(Mongo.java:544)
	at com.mongodb.DBApiLayer$MyCollection.insert(DBApiLayer.java:244)
	at com.mongodb.DBApiLayer$MyCollection.createIndex(DBApiLayer.java:354)
	at com.mongodb.DBCollection.ensureIndex(DBCollection.java:444)
	at com.mongodb.DBCollection.ensureIndex(DBCollection.java:392)
	at net.ion.radon.repository.Workspace.createWorkspace(Workspace.java:64)
	at net.ion.radon.repository.Workspace.load(Workspace.java:43)
	at net.ion.radon.repository.Repository.getWorkspace(Repository.java:28)
	at net.ion.radon.repository.LocalSession.getCurrentWorkspace(LocalSession.java:147)
	at net.ion.radon.repository.LocalSession.dropWorkspace(LocalSession.java:76)
	at net.ion.radon.repository.TestBaseRepository.setUp(TestBaseRepository.java:17)
	at junit.framework.TestCase.runBare(TestCase.java:128)
	at junit.framework.TestResult$1.protect(TestResult.java:106)
	at junit.framework.TestResult.runProtected(TestResult.java:124)
	at junit.framework.TestResult.run(TestResult.java:109)
	at junit.framework.TestCase.run(TestCase.java:120)
	at junit.framework.TestSuite.runTest(TestSuite.java:230)
	at junit.framework.TestSuite.run(TestSuite.java:225)
	at junit.framework.TestSuite.runTest(TestSuite.java:230)
	at junit.framework.TestSuite.run(TestSuite.java:225)
	at junit.framework.TestSuite.runTest(TestSuite.java:230)
	at junit.framework.TestSuite.run(TestSuite.java:225)
	at junit.framework.TestSuite.runTest(TestSuite.java:230)
	at junit.framework.TestSuite.run(TestSuite.java:225)
	at org.apache.tools.ant.taskdefs.optional.junit.JUnitTestRunner.run(JUnitTestRunner.java:421)
	at org.apache.tools.ant.taskdefs.optional.junit.JUnitTestRunner.launch(JUnitTestRunner.java:912)
	at org.apache.tools.ant.taskdefs.optional.junit.JUnitTestRunner.main(JUnitTestRunner.java:766)
2011. 11. 17 오전 8:44:55 com.mongodb.DBTCPConnector fetchMaxBsonObjectSize
경고: Exception determining maxBSON size using0
java.io.IOException: couldn't connect to [/61.250.201.78:27017] bc:java.net.ConnectException: Connection timed out: connect
	at com.mongodb.DBPort._open(DBPort.java:224)
	at com.mongodb.DBPort.go(DBPort.java:101)
	at com.mongodb.DBPort.go(DBPort.java:82)
	at com.mongodb.DBPort.findOne(DBPort.java:142)
	at com.mongodb.DBPort.runCommand(DBPort.java:151)
	at com.mongodb.DBTCPConnector.fetchMaxBsonObjectSize(DBTCPConnector.java:429)
	at com.mongodb.DBTCPConnector.checkMaster(DBTCPConnector.java:416)
	at com.mongodb.DBTCPConnector.say(DBTCPConnector.java:139)
	at com.mongodb.DBTCPConnector.say(DBTCPConnector.java:132)
	at com.mongodb.DBApiLayer$MyCollection.insert(DBApiLayer.java:262)
	at com.mongodb.DBApiLayer$MyCollection.createIndex(DBApiLayer.java:354)
	at com.mongodb.DBCollection.ensureIndex(DBCollection.java:444)
	at com.mongodb.DBCollection.ensureIndex(DBCollection.java:392)
	at net.ion.radon.repository.Workspace.createWorkspace(Workspace.java:64)
	at net.ion.radon.repository.Workspace.load(Workspace.java:43)
	at net.ion.radon.repository.Repository.getWorkspace(Repository.java:28)
	at net.ion.radon.repository.LocalSession.getCurrentWorkspace(LocalSession.java:147)
	at net.ion.radon.repository.LocalSession.dropWorkspace(LocalSession.java:76)
	at net.ion.radon.repository.TestBaseRepository.setUp(TestBaseRepository.java:17)
	at junit.framework.TestCase.runBare(TestCase.java:128)
	at junit.framework.TestResult$1.protect(TestResult.java:106)
	at junit.framework.TestResult.runProtected(TestResult.java:124)
	at junit.framework.TestResult.run(TestResult.java:109)
	at junit.framework.TestCase.run(TestCase.java:120)
	at junit.framework.TestSuite.runTest(TestSuite.java:230)
	at junit.framework.TestSuite.run(TestSuite.java:225)
	at junit.framework.TestSuite.runTest(TestSuite.java:230)
	at junit.framework.TestSuite.run(TestSuite.java:225)
	at junit.framework.TestSuite.runTest(TestSuite.java:230)
	at junit.framework.TestSuite.run(TestSuite.java:225)
	at junit.framework.TestSuite.runTest(TestSuite.java:230)
	at junit.framework.TestSuite.run(TestSuite.java:225)
	at org.apache.tools.ant.taskdefs.optional.junit.JUnitTestRunner.run(JUnitTestRunner.java:421)
	at org.apache.tools.ant.taskdefs.optional.junit.JUnitTestRunner.launch(JUnitTestRunner.java:912)
	at org.apache.tools.ant.taskdefs.optional.junit.JUnitTestRunner.main(JUnitTestRunner.java:766)
2011. 11. 17 오전 8:45:16 com.mongodb.DBPortPool gotError
경고: emptying DBPortPool to 61.250.201.78:27017 b/c of error
java.io.IOException: couldn't connect to [/61.250.201.78:27017] bc:java.net.ConnectException: Connection timed out: connect
	at com.mongodb.DBPort._open(DBPort.java:224)
	at com.mongodb.DBPort.go(DBPort.java:101)
	at com.mongodb.DBPort.go(DBPort.java:82)
	at com.mongodb.DBPort.say(DBPort.java:77)
	at com.mongodb.DBTCPConnector.say(DBTCPConnector.java:146)
	at com.mongodb.DBTCPConnector.say(DBTCPConnector.java:132)
	at com.mongodb.DBApiLayer$MyCollection.insert(DBApiLayer.java:262)
	at com.mongodb.DBApiLayer$MyCollection.createIndex(DBApiLayer.java:354)
	at com.mongodb.DBCollection.ensureIndex(DBCollection.java:444)
	at com.mongodb.DBCollection.ensureIndex(DBCollection.java:392)
	at net.ion.radon.repository.Workspace.createWorkspace(Workspace.java:64)
	at net.ion.radon.repository.Workspace.load(Workspace.java:43)
	at net.ion.radon.repository.Repository.getWorkspace(Repository.java:28)
	at net.ion.radon.repository.LocalSession.getCurrentWorkspace(LocalSession.java:147)
	at net.ion.radon.repository.LocalSession.dropWorkspace(LocalSession.java:76)
	at net.ion.radon.repository.TestBaseRepository.setUp(TestBaseRepository.java:17)
	at junit.framework.TestCase.runBare(TestCase.java:128)
	at junit.framework.TestResult$1.protect(TestResult.java:106)
	at junit.framework.TestResult.runProtected(TestResult.java:124)
	at junit.framework.TestResult.run(TestResult.java:109)
	at junit.framework.TestCase.run(TestCase.java:120)
	at junit.framework.TestSuite.runTest(TestSuite.java:230)
	at junit.framework.TestSuite.run(TestSuite.java:225)
	at junit.framework.TestSuite.runTest(TestSuite.java:230)
	at junit.framework.TestSuite.run(TestSuite.java:225)
	at junit.framework.TestSuite.runTest(TestSuite.java:230)
	at junit.framework.TestSuite.run(TestSuite.java:225)
	at junit.framework.TestSuite.runTest(TestSuite.java:230)
	at junit.framework.TestSuite.run(TestSuite.java:225)
	at org.apache.tools.ant.taskdefs.optional.junit.JUnitTestRunner.run(JUnitTestRunner.java:421)
	at org.apache.tools.ant.taskdefs.optional.junit.JUnitTestRunner.launch(JUnitTestRunner.java:912)
	at org.apache.tools.ant.taskdefs.optional.junit.JUnitTestRunner.main(JUnitTestRunner.java:766)
2011. 11. 17 오전 8:45:37 com.mongodb.DBTCPConnector fetchMaxBsonObjectSize
경고: Exception determining maxBSON size using0
java.io.IOException: couldn't connect to [/61.250.201.78:27017] bc:java.net.ConnectException: Connection timed out: connect
	at com.mongodb.DBPort._open(DBPort.java:224)
	at com.mongodb.DBPort.go(DBPort.java:101)
	at com.mongodb.DBPort.go(DBPort.java:82)
	at com.mongodb.DBPort.findOne(DBPort.java:142)
	at com.mongodb.DBPort.runCommand(DBPort.java:151)
	at com.mongodb.DBTCPConnector.fetchMaxBsonObjectSize(DBTCPConnector.java:429)
	at com.mongodb.Mongo.getMaxBsonObjectSize(Mongo.java:544)
	at com.mongodb.DBApiLayer$MyCollection.insert(DBApiLayer.java:244)
	at com.mongodb.DBApiLayer$MyCollection.createIndex(DBApiLayer.java:354)
	at com.mongodb.DBCollection.ensureIndex(DBCollection.java:444)
	at com.mongodb.DBCollection.ensureIndex(DBCollection.java:392)
	at net.ion.radon.repository.Workspace.createWorkspace(Workspace.java:64)
	at net.ion.radon.repository.Workspace.load(Workspace.java:43)
	at net.ion.radon.repository.Repository.getWorkspace(Repository.java:28)
	at net.ion.radon.repository.LocalSession.getCurrentWorkspace(LocalSession.java:147)
	at net.ion.radon.repository.LocalSession.dropWorkspace(LocalSession.java:76)
	at net.ion.radon.repository.TestBaseRepository.setUp(TestBaseRepository.java:17)
	at junit.framework.TestCase.runBare(TestCase.java:128)
	at junit.framework.TestResult$1.protect(TestResult.java:106)
	at junit.framework.TestResult.runProtected(TestResult.java:124)
	at junit.framework.TestResult.run(TestResult.java:109)
	at junit.framework.TestCase.run(TestCase.java:120)
	at junit.framework.TestSuite.runTest(TestSuite.java:230)
	at junit.framework.TestSuite.run(TestSuite.java:225)
	at junit.framework.TestSuite.runTest(TestSuite.java:230)
	at junit.framework.TestSuite.run(TestSuite.java:225)
	at junit.framework.TestSuite.runTest(TestSuite.java:230)
	at junit.framework.TestSuite.run(TestSuite.java:225)
	at junit.framework.TestSuite.runTest(TestSuite.java:230)
	at junit.framework.TestSuite.run(TestSuite.java:225)
	at org.apache.tools.ant.taskdefs.optional.junit.JUnitTestRunner.run(JUnitTestRunner.java:421)
	at org.apache.tools.ant.taskdefs.optional.junit.JUnitTestRunner.launch(JUnitTestRunner.java:912)
	at org.apache.tools.ant.taskdefs.optional.junit.JUnitTestRunner.main(JUnitTestRunner.java:766)
2011. 11. 17 오전 8:45:58 com.mongodb.DBTCPConnector fetchMaxBsonObjectSize
경고: Exception determining maxBSON size using0
java.io.IOException: couldn't connect to [/61.250.201.78:27017] bc:java.net.ConnectException: Connection timed out: connect
	at com.mongodb.DBPort._open(DBPort.java:224)
	at com.mongodb.DBPort.go(DBPort.java:101)
	at com.mongodb.DBPort.go(DBPort.java:82)
	at com.mongodb.DBPort.findOne(DBPort.java:142)
	at com.mongodb.DBPort.runCommand(DBPort.java:151)
	at com.mongodb.DBTCPConnector.fetchMaxBsonObjectSize(DBTCPConnector.java:429)
	at com.mongodb.DBTCPConnector.checkMaster(DBTCPConnector.java:416)
	at com.mongodb.DBTCPConnector.say(DBTCPConnector.java:139)
	at com.mongodb.DBTCPConnector.say(DBTCPConnector.java:132)
	at com.mongodb.DBApiLayer$MyCollection.insert(DBApiLayer.java:262)
	at com.mongodb.DBApiLayer$MyCollection.createIndex(DBApiLayer.java:354)
	at com.mongodb.DBCollection.ensureIndex(DBCollection.java:444)
	at com.mongodb.DBCollection.ensureIndex(DBCollection.java:392)
	at net.ion.radon.repository.Workspace.createWorkspace(Workspace.java:64)
	at net.ion.radon.repository.Workspace.load(Workspace.java:43)
	at net.ion.radon.repository.Repository.getWorkspace(Repository.java:28)
	at net.ion.radon.repository.LocalSession.getCurrentWorkspace(LocalSession.java:147)
	at net.ion.radon.repository.LocalSession.dropWorkspace(LocalSession.java:76)
	at net.ion.radon.repository.TestBaseRepository.setUp(TestBaseRepository.java:17)
	at junit.framework.TestCase.runBare(TestCase.java:128)
	at junit.framework.TestResult$1.protect(TestResult.java:106)
	at junit.framework.TestResult.runProtected(TestResult.java:124)
	at junit.framework.TestResult.run(TestResult.java:109)
	at junit.framework.TestCase.run(TestCase.java:120)
	at junit.framework.TestSuite.runTest(TestSuite.java:230)
	at junit.framework.TestSuite.run(TestSuite.java:225)
	at junit.framework.TestSuite.runTest(TestSuite.java:230)
	at junit.framework.TestSuite.run(TestSuite.java:225)
	at junit.framework.TestSuite.runTest(TestSuite.java:230)
	at junit.framework.TestSuite.run(TestSuite.java:225)
	at junit.framework.TestSuite.runTest(TestSuite.java:230)
	at junit.framework.TestSuite.run(TestSuite.java:225)
	at org.apache.tools.ant.taskdefs.optional.junit.JUnitTestRunner.run(JUnitTestRunner.java:421)
	at org.apache.tools.ant.taskdefs.optional.junit.JUnitTestRunner.launch(JUnitTestRunner.java:912)
	at org.apache.tools.ant.taskdefs.optional.junit.JUnitTestRunner.main(JUnitTestRunner.java:766)
2011. 11. 17 오전 8:46:19 com.mongodb.DBPortPool gotError
경고: emptying DBPortPool to 61.250.201.78:27017 b/c of error
java.io.IOException: couldn't connect to [/61.250.201.78:27017] bc:java.net.ConnectException: Connection timed out: connect
	at com.mongodb.DBPort._open(DBPort.java:224)
	at com.mongodb.DBPort.go(DBPort.java:101)
	at com.mongodb.DBPort.go(DBPort.java:82)
	at com.mongodb.DBPort.say(DBPort.java:77)
	at com.mongodb.DBTCPConnector.say(DBTCPConnector.java:146)
	at com.mongodb.DBTCPConnector.say(DBTCPConnector.java:132)
	at com.mongodb.DBApiLayer$MyCollection.insert(DBApiLayer.java:262)
	at com.mongodb.DBApiLayer$MyCollection.createIndex(DBApiLayer.java:354)
	at com.mongodb.DBCollection.ensureIndex(DBCollection.java:444)
	at com.mongodb.DBCollection.ensureIndex(DBCollection.java:392)
	at net.ion.radon.repository.Workspace.createWorkspace(Workspace.java:64)
	at net.ion.radon.repository.Workspace.load(Workspace.java:43)
	at net.ion.radon.repository.Repository.getWorkspace(Repository.java:28)
	at net.ion.radon.repository.LocalSession.getCurrentWorkspace(LocalSession.java:147)
	at net.ion.radon.repository.LocalSession.dropWorkspace(LocalSession.java:76)
	at net.ion.radon.repository.TestBaseRepository.setUp(TestBaseRepository.java:17)
	at junit.framework.TestCase.runBare(TestCase.java:128)
	at junit.framework.TestResult$1.protect(TestResult.java:106)
	at junit.framework.TestResult.runProtected(TestResult.java:124)
	at junit.framework.TestResult.run(TestResult.java:109)
	at junit.framework.TestCase.run(TestCase.java:120)
	at junit.framework.TestSuite.runTest(TestSuite.java:230)
	at junit.framework.TestSuite.run(TestSuite.java:225)
	at junit.framework.TestSuite.runTest(TestSuite.java:230)
	at junit.framework.TestSuite.run(TestSuite.java:225)
	at junit.framework.TestSuite.runTest(TestSuite.java:230)
	at junit.framework.TestSuite.run(TestSuite.java:225)
	at junit.framework.TestSuite.runTest(TestSuite.java:230)
	at junit.framework.TestSuite.run(TestSuite.java:225)
	at org.apache.tools.ant.taskdefs.optional.junit.JUnitTestRunner.run(JUnitTestRunner.java:421)
	at org.apache.tools.ant.taskdefs.optional.junit.JUnitTestRunner.launch(JUnitTestRunner.java:912)
	at org.apache.tools.ant.taskdefs.optional.junit.JUnitTestRunner.main(JUnitTestRunner.java:766)
2011. 11. 17 오전 8:46:40 com.mongodb.DBTCPConnector fetchMaxBsonObjectSize
경고: Exception determining maxBSON size using0
java.io.IOException: couldn't connect to [/61.250.201.78:27017] bc:java.net.ConnectException: Connection timed out: connect
	at com.mongodb.DBPort._open(DBPort.java:224)
	at com.mongodb.DBPort.go(DBPort.java:101)
	at com.mongodb.DBPort.go(DBPort.java:82)
	at com.mongodb.DBPort.findOne(DBPort.java:142)
	at com.mongodb.DBPort.runCommand(DBPort.java:151)
	at com.mongodb.DBTCPConnector.fetchMaxBsonObjectSize(DBTCPConnector.java:429)
	at com.mongodb.Mongo.getMaxBsonObjectSize(Mongo.java:544)
	at com.mongodb.DBApiLayer$MyCollection.insert(DBApiLayer.java:244)
	at com.mongodb.DBApiLayer$MyCollection.createIndex(DBApiLayer.java:354)
	at com.mongodb.DBCollection.ensureIndex(DBCollection.java:444)
	at com.mongodb.DBCollection.ensureIndex(DBCollection.java:392)
	at net.ion.radon.repository.Workspace.createWorkspace(Workspace.java:64)
	at net.ion.radon.repository.Workspace.load(Workspace.java:43)
	at net.ion.radon.repository.Repository.getWorkspace(Repository.java:28)
	at net.ion.radon.repository.LocalSession.getCurrentWorkspace(LocalSession.java:147)
	at net.ion.radon.repository.LocalSession.dropWorkspace(LocalSession.java:76)
	at net.ion.radon.repository.TestBaseRepository.setUp(TestBaseRepository.java:17)
	at junit.framework.TestCase.runBare(TestCase.java:128)
	at junit.framework.TestResult$1.protect(TestResult.java:106)
	at junit.framework.TestResult.runProtected(TestResult.java:124)
	at junit.framework.TestResult.run(TestResult.java:109)
	at junit.framework.TestCase.run(TestCase.java:120)
	at junit.framework.TestSuite.runTest(TestSuite.java:230)
	at junit.framework.TestSuite.run(TestSuite.java:225)
	at junit.framework.TestSuite.runTest(TestSuite.java:230)
	at junit.framework.TestSuite.run(TestSuite.java:225)
	at junit.framework.TestSuite.runTest(TestSuite.java:230)
	at junit.framework.TestSuite.run(TestSuite.java:225)
	at junit.framework.TestSuite.runTest(TestSuite.java:230)
	at junit.framework.TestSuite.run(TestSuite.java:225)
	at org.apache.tools.ant.taskdefs.optional.junit.JUnitTestRunner.run(JUnitTestRunner.java:421)
	at org.apache.tools.ant.taskdefs.optional.junit.JUnitTestRunner.launch(JUnitTestRunner.java:912)
	at org.apache.tools.ant.taskdefs.optional.junit.JUnitTestRunner.main(JUnitTestRunner.java:766)
2011. 11. 17 오전 8:47:01 com.mongodb.DBTCPConnector fetchMaxBsonObjectSize
경고: Exception determining maxBSON size using0
java.io.IOException: couldn't connect to [/61.250.201.78:27017] bc:java.net.ConnectException: Connection timed out: connect
	at com.mongodb.DBPort._open(DBPort.java:224)
	at com.mongodb.DBPort.go(DBPort.java:101)
	at com.mongodb.DBPort.go(DBPort.java:82)
	at com.mongodb.DBPort.findOne(DBPort.java:142)
	at com.mongodb.DBPort.runCommand(DBPort.java:151)
	at com.mongodb.DBTCPConnector.fetchMaxBsonObjectSize(DBTCPConnector.java:429)
	at com.mongodb.DBTCPConnector.checkMaster(DBTCPConnector.java:416)
	at com.mongodb.DBTCPConnector.say(DBTCPConnector.java:139)
	at com.mongodb.DBTCPConnector.say(DBTCPConnector.java:132)
	at com.mongodb.DBApiLayer$MyCollection.insert(DBApiLayer.java:262)
	at com.mongodb.DBApiLayer$MyCollection.createIndex(DBApiLayer.java:354)
	at com.mongodb.DBCollection.ensureIndex(DBCollection.java:444)
	at com.mongodb.DBCollection.ensureIndex(DBCollection.java:392)
	at net.ion.radon.repository.Workspace.createWorkspace(Workspace.java:64)
	at net.ion.radon.repository.Workspace.load(Workspace.java:43)
	at net.ion.radon.repository.Repository.getWorkspace(Repository.java:28)
	at net.ion.radon.repository.LocalSession.getCurrentWorkspace(LocalSession.java:147)
	at net.ion.radon.repository.LocalSession.dropWorkspace(LocalSession.java:76)
	at net.ion.radon.repository.TestBaseRepository.setUp(TestBaseRepository.java:17)
	at junit.framework.TestCase.runBare(TestCase.java:128)
	at junit.framework.TestResult$1.protect(TestResult.java:106)
	at junit.framework.TestResult.runProtected(TestResult.java:124)
	at junit.framework.TestResult.run(TestResult.java:109)
	at junit.framework.TestCase.run(TestCase.java:120)
	at junit.framework.TestSuite.runTest(TestSuite.java:230)
	at junit.framework.TestSuite.run(TestSuite.java:225)
	at junit.framework.TestSuite.runTest(TestSuite.java:230)
	at junit.framework.TestSuite.run(TestSuite.java:225)
	at junit.framework.TestSuite.runTest(TestSuite.java:230)
	at junit.framework.TestSuite.run(TestSuite.java:225)
	at junit.framework.TestSuite.runTest(TestSuite.java:230)
	at junit.framework.TestSuite.run(TestSuite.java:225)
	at org.apache.tools.ant.taskdefs.optional.junit.JUnitTestRunner.run(JUnitTestRunner.java:421)
	at org.apache.tools.ant.taskdefs.optional.junit.JUnitTestRunner.launch(JUnitTestRunner.java:912)
	at org.apache.tools.ant.taskdefs.optional.junit.JUnitTestRunner.main(JUnitTestRunner.java:766)
2011. 11. 17 오전 8:47:22 com.mongodb.DBPortPool gotError
경고: emptying DBPortPool to 61.250.201.78:27017 b/c of error
java.io.IOException: couldn't connect to [/61.250.201.78:27017] bc:java.net.ConnectException: Connection timed out: connect
	at com.mongodb.DBPort._open(DBPort.java:224)
	at com.mongodb.DBPort.go(DBPort.java:101)
	at com.mongodb.DBPort.go(DBPort.java:82)
	at com.mongodb.DBPort.say(DBPort.java:77)
	at com.mongodb.DBTCPConnector.say(DBTCPConnector.java:146)
	at com.mongodb.DBTCPConnector.say(DBTCPConnector.java:132)
	at com.mongodb.DBApiLayer$MyCollection.insert(DBApiLayer.java:262)
	at com.mongodb.DBApiLayer$MyCollection.createIndex(DBApiLayer.java:354)
	at com.mongodb.DBCollection.ensureIndex(DBCollection.java:444)
	at com.mongodb.DBCollection.ensureIndex(DBCollection.java:392)
	at net.ion.radon.repository.Workspace.createWorkspace(Workspace.java:64)
	at net.ion.radon.repository.Workspace.load(Workspace.java:43)
	at net.ion.radon.repository.Repository.getWorkspace(Repository.java:28)
	at net.ion.radon.repository.LocalSession.getCurrentWorkspace(LocalSession.java:147)
	at net.ion.radon.repository.LocalSession.dropWorkspace(LocalSession.java:76)
	at net.ion.radon.repository.TestBaseRepository.setUp(TestBaseRepository.java:17)
	at junit.framework.TestCase.runBare(TestCase.java:128)
	at junit.framework.TestResult$1.protect(TestResult.java:106)
	at junit.framework.TestResult.runProtected(TestResult.java:124)
	at junit.framework.TestResult.run(TestResult.java:109)
	at junit.framework.TestCase.run(TestCase.java:120)
	at junit.framework.TestSuite.runTest(TestSuite.java:230)
	at junit.framework.TestSuite.run(TestSuite.java:225)
	at junit.framework.TestSuite.runTest(TestSuite.java:230)
	at junit.framework.TestSuite.run(TestSuite.java:225)
	at junit.framework.TestSuite.runTest(TestSuite.java:230)
	at junit.framework.TestSuite.run(TestSuite.java:225)
	at junit.framework.TestSuite.runTest(TestSuite.java:230)
	at junit.framework.TestSuite.run(TestSuite.java:225)
	at org.apache.tools.ant.taskdefs.optional.junit.JUnitTestRunner.run(JUnitTestRunner.java:421)
	at org.apache.tools.ant.taskdefs.optional.junit.JUnitTestRunner.launch(JUnitTestRunner.java:912)
	at org.apache.tools.ant.taskdefs.optional.junit.JUnitTestRunner.main(JUnitTestRunner.java:766)
2011. 11. 17 오전 8:47:43 com.mongodb.DBTCPConnector fetchMaxBsonObjectSize
경고: Exception determining maxBSON size using0
java.io.IOException: couldn't connect to [/61.250.201.78:27017] bc:java.net.ConnectException: Connection timed out: connect
	at com.mongodb.DBPort._open(DBPort.java:224)
	at com.mongodb.DBPort.go(DBPort.java:101)
	at com.mongodb.DBPort.go(DBPort.java:82)
	at com.mongodb.DBPort.findOne(DBPort.java:142)
	at com.mongodb.DBPort.runCommand(DBPort.java:151)
	at com.mongodb.DBTCPConnector.fetchMaxBsonObjectSize(DBTCPConnector.java:429)
	at com.mongodb.Mongo.getMaxBsonObjectSize(Mongo.java:544)
	at com.mongodb.DBApiLayer$MyCollection.insert(DBApiLayer.java:244)
	at com.mongodb.DBApiLayer$MyCollection.createIndex(DBApiLayer.java:354)
	at com.mongodb.DBCollection.ensureIndex(DBCollection.java:444)
	at com.mongodb.DBCollection.ensureIndex(DBCollection.java:392)
	at net.ion.radon.repository.Workspace.createWorkspace(Workspace.java:64)
	at net.ion.radon.repository.Workspace.load(Workspace.java:43)
	at net.ion.radon.repository.Repository.getWorkspace(Repository.java:28)
	at net.ion.radon.repository.LocalSession.getCurrentWorkspace(LocalSession.java:147)
	at net.ion.radon.repository.LocalSession.dropWorkspace(LocalSession.java:76)
	at net.ion.radon.repository.TestBaseRepository.setUp(TestBaseRepository.java:17)
	at junit.framework.TestCase.runBare(TestCase.java:128)
	at junit.framework.TestResult$1.protect(TestResult.java:106)
	at junit.framework.TestResult.runProtected(TestResult.java:124)
	at junit.framework.TestResult.run(TestResult.java:109)
	at junit.framework.TestCase.run(TestCase.java:120)
	at junit.framework.TestSuite.runTest(TestSuite.java:230)
	at junit.framework.TestSuite.run(TestSuite.java:225)
	at junit.framework.TestSuite.runTest(TestSuite.java:230)
	at junit.framework.TestSuite.run(TestSuite.java:225)
	at junit.framework.TestSuite.runTest(TestSuite.java:230)
	at junit.framework.TestSuite.run(TestSuite.java:225)
	at junit.framework.TestSuite.runTest(TestSuite.java:230)
	at junit.framework.TestSuite.run(TestSuite.java:225)
	at org.apache.tools.ant.taskdefs.optional.junit.JUnitTestRunner.run(JUnitTestRunner.java:421)
	at org.apache.tools.ant.taskdefs.optional.junit.JUnitTestRunner.launch(JUnitTestRunner.java:912)
	at org.apache.tools.ant.taskdefs.optional.junit.JUnitTestRunner.main(JUnitTestRunner.java:766)
2011. 11. 17 오전 8:48:04 com.mongodb.DBTCPConnector fetchMaxBsonObjectSize
경고: Exception determining maxBSON size using0
java.io.IOException: couldn't connect to [/61.250.201.78:27017] bc:java.net.ConnectException: Connection timed out: connect
	at com.mongodb.DBPort._open(DBPort.java:224)
	at com.mongodb.DBPort.go(DBPort.java:101)
	at com.mongodb.DBPort.go(DBPort.java:82)
	at com.mongodb.DBPort.findOne(DBPort.java:142)
	at com.mongodb.DBPort.runCommand(DBPort.java:151)
	at com.mongodb.DBTCPConnector.fetchMaxBsonObjectSize(DBTCPConnector.java:429)
	at com.mongodb.DBTCPConnector.checkMaster(DBTCPConnector.java:416)
	at com.mongodb.DBTCPConnector.say(DBTCPConnector.java:139)
	at com.mongodb.DBTCPConnector.say(DBTCPConnector.java:132)
	at com.mongodb.DBApiLayer$MyCollection.insert(DBApiLayer.java:262)
	at com.mongodb.DBApiLayer$MyCollection.createIndex(DBApiLayer.java:354)
	at com.mongodb.DBCollection.ensureIndex(DBCollection.java:444)
	at com.mongodb.DBCollection.ensureIndex(DBCollection.java:392)
	at net.ion.radon.repository.Workspace.createWorkspace(Workspace.java:64)
	at net.ion.radon.repository.Workspace.load(Workspace.java:43)
	at net.ion.radon.repository.Repository.getWorkspace(Repository.java:28)
	at net.ion.radon.repository.LocalSession.getCurrentWorkspace(LocalSession.java:147)
	at net.ion.radon.repository.LocalSession.dropWorkspace(LocalSession.java:76)
	at net.ion.radon.repository.TestBaseRepository.setUp(TestBaseRepository.java:17)
	at junit.framework.TestCase.runBare(TestCase.java:128)
	at junit.framework.TestResult$1.protect(TestResult.java:106)
	at junit.framework.TestResult.runProtected(TestResult.java:124)
	at junit.framework.TestResult.run(TestResult.java:109)
	at junit.framework.TestCase.run(TestCase.java:120)
	at junit.framework.TestSuite.runTest(TestSuite.java:230)
	at junit.framework.TestSuite.run(TestSuite.java:225)
	at junit.framework.TestSuite.runTest(TestSuite.java:230)
	at junit.framework.TestSuite.run(TestSuite.java:225)
	at junit.framework.TestSuite.runTest(TestSuite.java:230)
	at junit.framework.TestSuite.run(TestSuite.java:225)
	at junit.framework.TestSuite.runTest(TestSuite.java:230)
	at junit.framework.TestSuite.run(TestSuite.java:225)
	at org.apache.tools.ant.taskdefs.optional.junit.JUnitTestRunner.run(JUnitTestRunner.java:421)
	at org.apache.tools.ant.taskdefs.optional.junit.JUnitTestRunner.launch(JUnitTestRunner.java:912)
	at org.apache.tools.ant.taskdefs.optional.junit.JUnitTestRunner.main(JUnitTestRunner.java:766)
2011. 11. 17 오전 8:48:25 com.mongodb.DBPortPool gotError
경고: emptying DBPortPool to 61.250.201.78:27017 b/c of error
java.io.IOException: couldn't connect to [/61.250.201.78:27017] bc:java.net.ConnectException: Connection timed out: connect
	at com.mongodb.DBPort._open(DBPort.java:224)
	at com.mongodb.DBPort.go(DBPort.java:101)
	at com.mongodb.DBPort.go(DBPort.java:82)
	at com.mongodb.DBPort.say(DBPort.java:77)
	at com.mongodb.DBTCPConnector.say(DBTCPConnector.java:146)
	at com.mongodb.DBTCPConnector.say(DBTCPConnector.java:132)
	at com.mongodb.DBApiLayer$MyCollection.insert(DBApiLayer.java:262)
	at com.mongodb.DBApiLayer$MyCollection.createIndex(DBApiLayer.java:354)
	at com.mongodb.DBCollection.ensureIndex(DBCollection.java:444)
	at com.mongodb.DBCollection.ensureIndex(DBCollection.java:392)
	at net.ion.radon.repository.Workspace.createWorkspace(Workspace.java:64)
	at net.ion.radon.repository.Workspace.load(Workspace.java:43)
	at net.ion.radon.repository.Repository.getWorkspace(Repository.java:28)
	at net.ion.radon.repository.LocalSession.getCurrentWorkspace(LocalSession.java:147)
	at net.ion.radon.repository.LocalSession.dropWorkspace(LocalSession.java:76)
	at net.ion.radon.repository.TestBaseRepository.setUp(TestBaseRepository.java:17)
	at junit.framework.TestCase.runBare(TestCase.java:128)
	at junit.framework.TestResult$1.protect(TestResult.java:106)
	at junit.framework.TestResult.runProtected(TestResult.java:124)
	at junit.framework.TestResult.run(TestResult.java:109)
	at junit.framework.TestCase.run(TestCase.java:120)
	at junit.framework.TestSuite.runTest(TestSuite.java:230)
	at junit.framework.TestSuite.run(TestSuite.java:225)
	at junit.framework.TestSuite.runTest(TestSuite.java:230)
	at junit.framework.TestSuite.run(TestSuite.java:225)
	at junit.framework.TestSuite.runTest(TestSuite.java:230)
	at junit.framework.TestSuite.run(TestSuite.java:225)
	at junit.framework.TestSuite.runTest(TestSuite.java:230)
	at junit.framework.TestSuite.run(TestSuite.java:225)
	at org.apache.tools.ant.taskdefs.optional.junit.JUnitTestRunner.run(JUnitTestRunner.java:421)
	at org.apache.tools.ant.taskdefs.optional.junit.JUnitTestRunner.launch(JUnitTestRunner.java:912)
	at org.apache.tools.ant.taskdefs.optional.junit.JUnitTestRunner.main(JUnitTestRunner.java:766)
2011. 11. 17 오전 8:48:46 com.mongodb.DBTCPConnector fetchMaxBsonObjectSize
경고: Exception determining maxBSON size using0
java.io.IOException: couldn't connect to [/61.250.201.78:27017] bc:java.net.ConnectException: Connection timed out: connect
	at com.mongodb.DBPort._open(DBPort.java:224)
	at com.mongodb.DBPort.go(DBPort.java:101)
	at com.mongodb.DBPort.go(DBPort.java:82)
	at com.mongodb.DBPort.findOne(DBPort.java:142)
	at com.mongodb.DBPort.runCommand(DBPort.java:151)
	at com.mongodb.DBTCPConnector.fetchMaxBsonObjectSize(DBTCPConnector.java:429)
	at com.mongodb.Mongo.getMaxBsonObjectSize(Mongo.java:544)
	at com.mongodb.DBApiLayer$MyCollection.insert(DBApiLayer.java:244)
	at com.mongodb.DBApiLayer$MyCollection.createIndex(DBApiLayer.java:354)
	at com.mongodb.DBCollection.ensureIndex(DBCollection.java:444)
	at com.mongodb.DBCollection.ensureIndex(DBCollection.java:392)
	at net.ion.radon.repository.Workspace.createWorkspace(Workspace.java:64)
	at net.ion.radon.repository.Workspace.load(Workspace.java:43)
	at net.ion.radon.repository.Repository.getWorkspace(Repository.java:28)
	at net.ion.radon.repository.LocalSession.getCurrentWorkspace(LocalSession.java:147)
	at net.ion.radon.repository.LocalSession.dropWorkspace(LocalSession.java:76)
	at net.ion.radon.repository.TestBaseRepository.setUp(TestBaseRepository.java:17)
	at junit.framework.TestCase.runBare(TestCase.java:128)
	at junit.framework.TestResult$1.protect(TestResult.java:106)
	at junit.framework.TestResult.runProtected(TestResult.java:124)
	at junit.framework.TestResult.run(TestResult.java:109)
	at junit.framework.TestCase.run(TestCase.java:120)
	at junit.framework.TestSuite.runTest(TestSuite.java:230)
	at junit.framework.TestSuite.run(TestSuite.java:225)
	at junit.framework.TestSuite.runTest(TestSuite.java:230)
	at junit.framework.TestSuite.run(TestSuite.java:225)
	at junit.framework.TestSuite.runTest(TestSuite.java:230)
	at junit.framework.TestSuite.run(TestSuite.java:225)
	at junit.framework.TestSuite.runTest(TestSuite.java:230)
	at junit.framework.TestSuite.run(TestSuite.java:225)
	at org.apache.tools.ant.taskdefs.optional.junit.JUnitTestRunner.run(JUnitTestRunner.java:421)
	at org.apache.tools.ant.taskdefs.optional.junit.JUnitTestRunner.launch(JUnitTestRunner.java:912)
	at org.apache.tools.ant.taskdefs.optional.junit.JUnitTestRunner.main(JUnitTestRunner.java:766)
2011. 11. 17 오전 8:49:07 com.mongodb.DBTCPConnector fetchMaxBsonObjectSize
경고: Exception determining maxBSON size using0
java.io.IOException: couldn't connect to [/61.250.201.78:27017] bc:java.net.ConnectException: Connection timed out: connect
	at com.mongodb.DBPort._open(DBPort.java:224)
	at com.mongodb.DBPort.go(DBPort.java:101)
	at com.mongodb.DBPort.go(DBPort.java:82)
	at com.mongodb.DBPort.findOne(DBPort.java:142)
	at com.mongodb.DBPort.runCommand(DBPort.java:151)
	at com.mongodb.DBTCPConnector.fetchMaxBsonObjectSize(DBTCPConnector.java:429)
	at com.mongodb.DBTCPConnector.checkMaster(DBTCPConnector.java:416)
	at com.mongodb.DBTCPConnector.say(DBTCPConnector.java:139)
	at com.mongodb.DBTCPConnector.say(DBTCPConnector.java:132)
	at com.mongodb.DBApiLayer$MyCollection.insert(DBApiLayer.java:262)
	at com.mongodb.DBApiLayer$MyCollection.createIndex(DBApiLayer.java:354)
	at com.mongodb.DBCollection.ensureIndex(DBCollection.java:444)
	at com.mongodb.DBCollection.ensureIndex(DBCollection.java:392)
	at net.ion.radon.repository.Workspace.createWorkspace(Workspace.java:64)
	at net.ion.radon.repository.Workspace.load(Workspace.java:43)
	at net.ion.radon.repository.Repository.getWorkspace(Repository.java:28)
	at net.ion.radon.repository.LocalSession.getCurrentWorkspace(LocalSession.java:147)
	at net.ion.radon.repository.LocalSession.dropWorkspace(LocalSession.java:76)
	at net.ion.radon.repository.TestBaseRepository.setUp(TestBaseRepository.java:17)
	at junit.framework.TestCase.runBare(TestCase.java:128)
	at junit.framework.TestResult$1.protect(TestResult.java:106)
	at junit.framework.TestResult.runProtected(TestResult.java:124)
	at junit.framework.TestResult.run(TestResult.java:109)
	at junit.framework.TestCase.run(TestCase.java:120)
	at junit.framework.TestSuite.runTest(TestSuite.java:230)
	at junit.framework.TestSuite.run(TestSuite.java:225)
	at junit.framework.TestSuite.runTest(TestSuite.java:230)
	at junit.framework.TestSuite.run(TestSuite.java:225)
	at junit.framework.TestSuite.runTest(TestSuite.java:230)
	at junit.framework.TestSuite.run(TestSuite.java:225)
	at junit.framework.TestSuite.runTest(TestSuite.java:230)
	at junit.framework.TestSuite.run(TestSuite.java:225)
	at org.apache.tools.ant.taskdefs.optional.junit.JUnitTestRunner.run(JUnitTestRunner.java:421)
	at org.apache.tools.ant.taskdefs.optional.junit.JUnitTestRunner.launch(JUnitTestRunner.java:912)
	at org.apache.tools.ant.taskdefs.optional.junit.JUnitTestRunner.main(JUnitTestRunner.java:766)
2011. 11. 17 오전 8:49:28 com.mongodb.DBPortPool gotError
경고: emptying DBPortPool to 61.250.201.78:27017 b/c of error
java.io.IOException: couldn't connect to [/61.250.201.78:27017] bc:java.net.ConnectException: Connection timed out: connect
	at com.mongodb.DBPort._open(DBPort.java:224)
	at com.mongodb.DBPort.go(DBPort.java:101)
	at com.mongodb.DBPort.go(DBPort.java:82)
	at com.mongodb.DBPort.say(DBPort.java:77)
	at com.mongodb.DBTCPConnector.say(DBTCPConnector.java:146)
	at com.mongodb.DBTCPConnector.say(DBTCPConnector.java:132)
	at com.mongodb.DBApiLayer$MyCollection.insert(DBApiLayer.java:262)
	at com.mongodb.DBApiLayer$MyCollection.createIndex(DBApiLayer.java:354)
	at com.mongodb.DBCollection.ensureIndex(DBCollection.java:444)
	at com.mongodb.DBCollection.ensureIndex(DBCollection.java:392)
	at net.ion.radon.repository.Workspace.createWorkspace(Workspace.java:64)
	at net.ion.radon.repository.Workspace.load(Workspace.java:43)
	at net.ion.radon.repository.Repository.getWorkspace(Repository.java:28)
	at net.ion.radon.repository.LocalSession.getCurrentWorkspace(LocalSession.java:147)
	at net.ion.radon.repository.LocalSession.dropWorkspace(LocalSession.java:76)
	at net.ion.radon.repository.TestBaseRepository.setUp(TestBaseRepository.java:17)
	at junit.framework.TestCase.runBare(TestCase.java:128)
	at junit.framework.TestResult$1.protect(TestResult.java:106)
	at junit.framework.TestResult.runProtected(TestResult.java:124)
	at junit.framework.TestResult.run(TestResult.java:109)
	at junit.framework.TestCase.run(TestCase.java:120)
	at junit.framework.TestSuite.runTest(TestSuite.java:230)
	at junit.framework.TestSuite.run(TestSuite.java:225)
	at junit.framework.TestSuite.runTest(TestSuite.java:230)
	at junit.framework.TestSuite.run(TestSuite.java:225)
	at junit.framework.TestSuite.runTest(TestSuite.java:230)
	at junit.framework.TestSuite.run(TestSuite.java:225)
	at junit.framework.TestSuite.runTest(TestSuite.java:230)
	at junit.framework.TestSuite.run(TestSuite.java:225)
	at org.apache.tools.ant.taskdefs.optional.junit.JUnitTestRunner.run(JUnitTestRunner.java:421)
	at org.apache.tools.ant.taskdefs.optional.junit.JUnitTestRunner.launch(JUnitTestRunner.java:912)
	at org.apache.tools.ant.taskdefs.optional.junit.JUnitTestRunner.main(JUnitTestRunner.java:766)
2011. 11. 17 오전 8:49:49 com.mongodb.DBTCPConnector fetchMaxBsonObjectSize
경고: Exception determining maxBSON size using0
java.io.IOException: couldn't connect to [/61.250.201.78:27017] bc:java.net.ConnectException: Connection timed out: connect
	at com.mongodb.DBPort._open(DBPort.java:224)
	at com.mongodb.DBPort.go(DBPort.java:101)
	at com.mongodb.DBPort.go(DBPort.java:82)
	at com.mongodb.DBPort.findOne(DBPort.java:142)
	at com.mongodb.DBPort.runCommand(DBPort.java:151)
	at com.mongodb.DBTCPConnector.fetchMaxBsonObjectSize(DBTCPConnector.java:429)
	at com.mongodb.Mongo.getMaxBsonObjectSize(Mongo.java:544)
	at com.mongodb.DBApiLayer$MyCollection.insert(DBApiLayer.java:244)
	at com.mongodb.DBApiLayer$MyCollection.createIndex(DBApiLayer.java:354)
	at com.mongodb.DBCollection.ensureIndex(DBCollection.java:444)
	at com.mongodb.DBCollection.ensureIndex(DBCollection.java:392)
	at net.ion.radon.repository.Workspace.createWorkspace(Workspace.java:64)
	at net.ion.radon.repository.Workspace.load(Workspace.java:43)
	at net.ion.radon.repository.Repository.getWorkspace(Repository.java:28)
	at net.ion.radon.repository.LocalSession.getCurrentWorkspace(LocalSession.java:147)
	at net.ion.radon.repository.LocalSession.dropWorkspace(LocalSession.java:76)
	at net.ion.radon.repository.TestBaseRepository.setUp(TestBaseRepository.java:17)
	at junit.framework.TestCase.runBare(TestCase.java:128)
	at junit.framework.TestResult$1.protect(TestResult.java:106)
	at junit.framework.TestResult.runProtected(TestResult.java:124)
	at junit.framework.TestResult.run(TestResult.java:109)
	at junit.framework.TestCase.run(TestCase.java:120)
	at junit.framework.TestSuite.runTest(TestSuite.java:230)
	at junit.framework.TestSuite.run(TestSuite.java:225)
	at junit.framework.TestSuite.runTest(TestSuite.java:230)
	at junit.framework.TestSuite.run(TestSuite.java:225)
	at junit.framework.TestSuite.runTest(TestSuite.java:230)
	at junit.framework.TestSuite.run(TestSuite.java:225)
	at junit.framework.TestSuite.runTest(TestSuite.java:230)
	at junit.framework.TestSuite.run(TestSuite.java:225)
	at org.apache.tools.ant.taskdefs.optional.junit.JUnitTestRunner.run(JUnitTestRunner.java:421)
	at org.apache.tools.ant.taskdefs.optional.junit.JUnitTestRunner.launch(JUnitTestRunner.java:912)
	at org.apache.tools.ant.taskdefs.optional.junit.JUnitTestRunner.main(JUnitTestRunner.java:766)
2011. 11. 17 오전 8:50:10 com.mongodb.DBTCPConnector fetchMaxBsonObjectSize
경고: Exception determining maxBSON size using0
java.io.IOException: couldn't connect to [/61.250.201.78:27017] bc:java.net.ConnectException: Connection timed out: connect
	at com.mongodb.DBPort._open(DBPort.java:224)
	at com.mongodb.DBPort.go(DBPort.java:101)
	at com.mongodb.DBPort.go(DBPort.java:82)
	at com.mongodb.DBPort.findOne(DBPort.java:142)
	at com.mongodb.DBPort.runCommand(DBPort.java:151)
	at com.mongodb.DBTCPConnector.fetchMaxBsonObjectSize(DBTCPConnector.java:429)
	at com.mongodb.DBTCPConnector.checkMaster(DBTCPConnector.java:416)
	at com.mongodb.DBTCPConnector.say(DBTCPConnector.java:139)
	at com.mongodb.DBTCPConnector.say(DBTCPConnector.java:132)
	at com.mongodb.DBApiLayer$MyCollection.insert(DBApiLayer.java:262)
	at com.mongodb.DBApiLayer$MyCollection.createIndex(DBApiLayer.java:354)
	at com.mongodb.DBCollection.ensureIndex(DBCollection.java:444)
	at com.mongodb.DBCollection.ensureIndex(DBCollection.java:392)
	at net.ion.radon.repository.Workspace.createWorkspace(Workspace.java:64)
	at net.ion.radon.repository.Workspace.load(Workspace.java:43)
	at net.ion.radon.repository.Repository.getWorkspace(Repository.java:28)
	at net.ion.radon.repository.LocalSession.getCurrentWorkspace(LocalSession.java:147)
	at net.ion.radon.repository.LocalSession.dropWorkspace(LocalSession.java:76)
	at net.ion.radon.repository.TestBaseRepository.setUp(TestBaseRepository.java:17)
	at junit.framework.TestCase.runBare(TestCase.java:128)
	at junit.framework.TestResult$1.protect(TestResult.java:106)
	at junit.framework.TestResult.runProtected(TestResult.java:124)
	at junit.framework.TestResult.run(TestResult.java:109)
	at junit.framework.TestCase.run(TestCase.java:120)
	at junit.framework.TestSuite.runTest(TestSuite.java:230)
	at junit.framework.TestSuite.run(TestSuite.java:225)
	at junit.framework.TestSuite.runTest(TestSuite.java:230)
	at junit.framework.TestSuite.run(TestSuite.java:225)
	at junit.framework.TestSuite.runTest(TestSuite.java:230)
	at junit.framework.TestSuite.run(TestSuite.java:225)
	at junit.framework.TestSuite.runTest(TestSuite.java:230)
	at junit.framework.TestSuite.run(TestSuite.java:225)
	at org.apache.tools.ant.taskdefs.optional.junit.JUnitTestRunner.run(JUnitTestRunner.java:421)
	at org.apache.tools.ant.taskdefs.optional.junit.JUnitTestRunner.launch(JUnitTestRunner.java:912)
	at org.apache.tools.ant.taskdefs.optional.junit.JUnitTestRunner.main(JUnitTestRunner.java:766)
2011. 11. 17 오전 8:50:31 com.mongodb.DBPortPool gotError
경고: emptying DBPortPool to 61.250.201.78:27017 b/c of error
java.io.IOException: couldn't connect to [/61.250.201.78:27017] bc:java.net.ConnectException: Connection timed out: connect
	at com.mongodb.DBPort._open(DBPort.java:224)
	at com.mongodb.DBPort.go(DBPort.java:101)
	at com.mongodb.DBPort.go(DBPort.java:82)
	at com.mongodb.DBPort.say(DBPort.java:77)
	at com.mongodb.DBTCPConnector.say(DBTCPConnector.java:146)
	at com.mongodb.DBTCPConnector.say(DBTCPConnector.java:132)
	at com.mongodb.DBApiLayer$MyCollection.insert(DBApiLayer.java:262)
	at com.mongodb.DBApiLayer$MyCollection.createIndex(DBApiLayer.java:354)
	at com.mongodb.DBCollection.ensureIndex(DBCollection.java:444)
	at com.mongodb.DBCollection.ensureIndex(DBCollection.java:392)
	at net.ion.radon.repository.Workspace.createWorkspace(Workspace.java:64)
	at net.ion.radon.repository.Workspace.load(Workspace.java:43)
	at net.ion.radon.repository.Repository.getWorkspace(Repository.java:28)
	at net.ion.radon.repository.LocalSession.getCurrentWorkspace(LocalSession.java:147)
	at net.ion.radon.repository.LocalSession.dropWorkspace(LocalSession.java:76)
	at net.ion.radon.repository.TestBaseRepository.setUp(TestBaseRepository.java:17)
	at junit.framework.TestCase.runBare(TestCase.java:128)
	at junit.framework.TestResult$1.protect(TestResult.java:106)
	at junit.framework.TestResult.runProtected(TestResult.java:124)
	at junit.framework.TestResult.run(TestResult.java:109)
	at junit.framework.TestCase.run(TestCase.java:120)
	at junit.framework.TestSuite.runTest(TestSuite.java:230)
	at junit.framework.TestSuite.run(TestSuite.java:225)
	at junit.framework.TestSuite.runTest(TestSuite.java:230)
	at junit.framework.TestSuite.run(TestSuite.java:225)
	at junit.framework.TestSuite.runTest(TestSuite.java:230)
	at junit.framework.TestSuite.run(TestSuite.java:225)
	at junit.framework.TestSuite.runTest(TestSuite.java:230)
	at junit.framework.TestSuite.run(TestSuite.java:225)
	at org.apache.tools.ant.taskdefs.optional.junit.JUnitTestRunner.run(JUnitTestRunner.java:421)
	at org.apache.tools.ant.taskdefs.optional.junit.JUnitTestRunner.launch(JUnitTestRunner.java:912)
	at org.apache.tools.ant.taskdefs.optional.junit.JUnitTestRunner.main(JUnitTestRunner.java:766)
2011. 11. 17 오전 8:50:52 com.mongodb.DBTCPConnector fetchMaxBsonObjectSize
경고: Exception determining maxBSON size using0
java.io.IOException: couldn't connect to [/61.250.201.78:27017] bc:java.net.ConnectException: Connection timed out: connect
	at com.mongodb.DBPort._open(DBPort.java:224)
	at com.mongodb.DBPort.go(DBPort.java:101)
	at com.mongodb.DBPort.go(DBPort.java:82)
	at com.mongodb.DBPort.findOne(DBPort.java:142)
	at com.mongodb.DBPort.runCommand(DBPort.java:151)
	at com.mongodb.DBTCPConnector.fetchMaxBsonObjectSize(DBTCPConnector.java:429)
	at com.mongodb.Mongo.getMaxBsonObjectSize(Mongo.java:544)
	at com.mongodb.DBApiLayer$MyCollection.insert(DBApiLayer.java:244)
	at com.mongodb.DBApiLayer$MyCollection.createIndex(DBApiLayer.java:354)
	at com.mongodb.DBCollection.ensureIndex(DBCollection.java:444)
	at com.mongodb.DBCollection.ensureIndex(DBCollection.java:392)
	at net.ion.radon.repository.Workspace.createWorkspace(Workspace.java:64)
	at net.ion.radon.repository.Workspace.load(Workspace.java:43)
	at net.ion.radon.repository.Repository.getWorkspace(Repository.java:28)
	at net.ion.radon.repository.LocalSession.getCurrentWorkspace(LocalSession.java:147)
	at net.ion.radon.repository.LocalSession.dropWorkspace(LocalSession.java:76)
	at net.ion.radon.repository.TestBaseRepository.setUp(TestBaseRepository.java:17)
	at junit.framework.TestCase.runBare(TestCase.java:128)
	at junit.framework.TestResult$1.protect(TestResult.java:106)
	at junit.framework.TestResult.runProtected(TestResult.java:124)
	at junit.framework.TestResult.run(TestResult.java:109)
	at junit.framework.TestCase.run(TestCase.java:120)
	at junit.framework.TestSuite.runTest(TestSuite.java:230)
	at junit.framework.TestSuite.run(TestSuite.java:225)
	at junit.framework.TestSuite.runTest(TestSuite.java:230)
	at junit.framework.TestSuite.run(TestSuite.java:225)
	at junit.framework.TestSuite.runTest(TestSuite.java:230)
	at junit.framework.TestSuite.run(TestSuite.java:225)
	at junit.framework.TestSuite.runTest(TestSuite.java:230)
	at junit.framework.TestSuite.run(TestSuite.java:225)
	at org.apache.tools.ant.taskdefs.optional.junit.JUnitTestRunner.run(JUnitTestRunner.java:421)
	at org.apache.tools.ant.taskdefs.optional.junit.JUnitTestRunner.launch(JUnitTestRunner.java:912)
	at org.apache.tools.ant.taskdefs.optional.junit.JUnitTestRunner.main(JUnitTestRunner.java:766)
2011. 11. 17 오전 8:51:13 com.mongodb.DBTCPConnector fetchMaxBsonObjectSize
경고: Exception determining maxBSON size using0
java.io.IOException: couldn't connect to [/61.250.201.78:27017] bc:java.net.ConnectException: Connection timed out: connect
	at com.mongodb.DBPort._open(DBPort.java:224)
	at com.mongodb.DBPort.go(DBPort.java:101)
	at com.mongodb.DBPort.go(DBPort.java:82)
	at com.mongodb.DBPort.findOne(DBPort.java:142)
	at com.mongodb.DBPort.runCommand(DBPort.java:151)
	at com.mongodb.DBTCPConnector.fetchMaxBsonObjectSize(DBTCPConnector.java:429)
	at com.mongodb.DBTCPConnector.checkMaster(DBTCPConnector.java:416)
	at com.mongodb.DBTCPConnector.say(DBTCPConnector.java:139)
	at com.mongodb.DBTCPConnector.say(DBTCPConnector.java:132)
	at com.mongodb.DBApiLayer$MyCollection.insert(DBApiLayer.java:262)
	at com.mongodb.DBApiLayer$MyCollection.createIndex(DBApiLayer.java:354)
	at com.mongodb.DBCollection.ensureIndex(DBCollection.java:444)
	at com.mongodb.DBCollection.ensureIndex(DBCollection.java:392)
	at net.ion.radon.repository.Workspace.createWorkspace(Workspace.java:64)
	at net.ion.radon.repository.Workspace.load(Workspace.java:43)
	at net.ion.radon.repository.Repository.getWorkspace(Repository.java:28)
	at net.ion.radon.repository.LocalSession.getCurrentWorkspace(LocalSession.java:147)
	at net.ion.radon.repository.LocalSession.dropWorkspace(LocalSession.java:76)
	at net.ion.radon.repository.TestBaseRepository.setUp(TestBaseRepository.java:17)
	at junit.framework.TestCase.runBare(TestCase.java:128)
	at junit.framework.TestResult$1.protect(TestResult.java:106)
	at junit.framework.TestResult.runProtected(TestResult.java:124)
	at junit.framework.TestResult.run(TestResult.java:109)
	at junit.framework.TestCase.run(TestCase.java:120)
	at junit.framework.TestSuite.runTest(TestSuite.java:230)
	at junit.framework.TestSuite.run(TestSuite.java:225)
	at junit.framework.TestSuite.runTest(TestSuite.java:230)
	at junit.framework.TestSuite.run(TestSuite.java:225)
	at junit.framework.TestSuite.runTest(TestSuite.java:230)
	at junit.framework.TestSuite.run(TestSuite.java:225)
	at junit.framework.TestSuite.runTest(TestSuite.java:230)
	at junit.framework.TestSuite.run(TestSuite.java:225)
	at org.apache.tools.ant.taskdefs.optional.junit.JUnitTestRunner.run(JUnitTestRunner.java:421)
	at org.apache.tools.ant.taskdefs.optional.junit.JUnitTestRunner.launch(JUnitTestRunner.java:912)
	at org.apache.tools.ant.taskdefs.optional.junit.JUnitTestRunner.main(JUnitTestRunner.java:766)
2011. 11. 17 오전 8:51:34 com.mongodb.DBPortPool gotError
경고: emptying DBPortPool to 61.250.201.78:27017 b/c of error
java.io.IOException: couldn't connect to [/61.250.201.78:27017] bc:java.net.ConnectException: Connection timed out: connect
	at com.mongodb.DBPort._open(DBPort.java:224)
	at com.mongodb.DBPort.go(DBPort.java:101)
	at com.mongodb.DBPort.go(DBPort.java:82)
	at com.mongodb.DBPort.say(DBPort.java:77)
	at com.mongodb.DBTCPConnector.say(DBTCPConnector.java:146)
	at com.mongodb.DBTCPConnector.say(DBTCPConnector.java:132)
	at com.mongodb.DBApiLayer$MyCollection.insert(DBApiLayer.java:262)
	at com.mongodb.DBApiLayer$MyCollection.createIndex(DBApiLayer.java:354)
	at com.mongodb.DBCollection.ensureIndex(DBCollection.java:444)
	at com.mongodb.DBCollection.ensureIndex(DBCollection.java:392)
	at net.ion.radon.repository.Workspace.createWorkspace(Workspace.java:64)
	at net.ion.radon.repository.Workspace.load(Workspace.java:43)
	at net.ion.radon.repository.Repository.getWorkspace(Repository.java:28)
	at net.ion.radon.repository.LocalSession.getCurrentWorkspace(LocalSession.java:147)
	at net.ion.radon.repository.LocalSession.dropWorkspace(LocalSession.java:76)
	at net.ion.radon.repository.TestBaseRepository.setUp(TestBaseRepository.java:17)
	at junit.framework.TestCase.runBare(TestCase.java:128)
	at junit.framework.TestResult$1.protect(TestResult.java:106)
	at junit.framework.TestResult.runProtected(TestResult.java:124)
	at junit.framework.TestResult.run(TestResult.java:109)
	at junit.framework.TestCase.run(TestCase.java:120)
	at junit.framework.TestSuite.runTest(TestSuite.java:230)
	at junit.framework.TestSuite.run(TestSuite.java:225)
	at junit.framework.TestSuite.runTest(TestSuite.java:230)
	at junit.framework.TestSuite.run(TestSuite.java:225)
	at junit.framework.TestSuite.runTest(TestSuite.java:230)
	at junit.framework.TestSuite.run(TestSuite.java:225)
	at junit.framework.TestSuite.runTest(TestSuite.java:230)
	at junit.framework.TestSuite.run(TestSuite.java:225)
	at org.apache.tools.ant.taskdefs.optional.junit.JUnitTestRunner.run(JUnitTestRunner.java:421)
	at org.apache.tools.ant.taskdefs.optional.junit.JUnitTestRunner.launch(JUnitTestRunner.java:912)
	at org.apache.tools.ant.taskdefs.optional.junit.JUnitTestRunner.main(JUnitTestRunner.java:766)
2011. 11. 17 오전 8:51:55 com.mongodb.DBTCPConnector fetchMaxBsonObjectSize
경고: Exception determining maxBSON size using0
java.io.IOException: couldn't connect to [/61.250.201.78:27017] bc:java.net.ConnectException: Connection timed out: connect
	at com.mongodb.DBPort._open(DBPort.java:224)
	at com.mongodb.DBPort.go(DBPort.java:101)
	at com.mongodb.DBPort.go(DBPort.java:82)
	at com.mongodb.DBPort.findOne(DBPort.java:142)
	at com.mongodb.DBPort.runCommand(DBPort.java:151)
	at com.mongodb.DBTCPConnector.fetchMaxBsonObjectSize(DBTCPConnector.java:429)
	at com.mongodb.Mongo.getMaxBsonObjectSize(Mongo.java:544)
	at com.mongodb.DBApiLayer$MyCollection.insert(DBApiLayer.java:244)
	at com.mongodb.DBApiLayer$MyCollection.createIndex(DBApiLayer.java:354)
	at com.mongodb.DBCollection.ensureIndex(DBCollection.java:444)
	at com.mongodb.DBCollection.ensureIndex(DBCollection.java:392)
	at net.ion.radon.repository.Workspace.createWorkspace(Workspace.java:64)
	at net.ion.radon.repository.Workspace.load(Workspace.java:43)
	at net.ion.radon.repository.Repository.getWorkspace(Repository.java:28)
	at net.ion.radon.repository.LocalSession.getCurrentWorkspace(LocalSession.java:147)
	at net.ion.radon.repository.LocalSession.dropWorkspace(LocalSession.java:76)
	at net.ion.radon.repository.TestBaseRepository.setUp(TestBaseRepository.java:17)
	at junit.framework.TestCase.runBare(TestCase.java:128)
	at junit.framework.TestResult$1.protect(TestResult.java:106)
	at junit.framework.TestResult.runProtected(TestResult.java:124)
	at junit.framework.TestResult.run(TestResult.java:109)
	at junit.framework.TestCase.run(TestCase.java:120)
	at junit.framework.TestSuite.runTest(TestSuite.java:230)
	at junit.framework.TestSuite.run(TestSuite.java:225)
	at junit.framework.TestSuite.runTest(TestSuite.java:230)
	at junit.framework.TestSuite.run(TestSuite.java:225)
	at junit.framework.TestSuite.runTest(TestSuite.java:230)
	at junit.framework.TestSuite.run(TestSuite.java:225)
	at junit.framework.TestSuite.runTest(TestSuite.java:230)
	at junit.framework.TestSuite.run(TestSuite.java:225)
	at org.apache.tools.ant.taskdefs.optional.junit.JUnitTestRunner.run(JUnitTestRunner.java:421)
	at org.apache.tools.ant.taskdefs.optional.junit.JUnitTestRunner.launch(JUnitTestRunner.java:912)
	at org.apache.tools.ant.taskdefs.optional.junit.JUnitTestRunner.main(JUnitTestRunner.java:766)
2011. 11. 17 오전 8:52:16 com.mongodb.DBTCPConnector fetchMaxBsonObjectSize
경고: Exception determining maxBSON size using0
java.io.IOException: couldn't connect to [/61.250.201.78:27017] bc:java.net.ConnectException: Connection timed out: connect
	at com.mongodb.DBPort._open(DBPort.java:224)
	at com.mongodb.DBPort.go(DBPort.java:101)
	at com.mongodb.DBPort.go(DBPort.java:82)
	at com.mongodb.DBPort.findOne(DBPort.java:142)
	at com.mongodb.DBPort.runCommand(DBPort.java:151)
	at com.mongodb.DBTCPConnector.fetchMaxBsonObjectSize(DBTCPConnector.java:429)
	at com.mongodb.DBTCPConnector.checkMaster(DBTCPConnector.java:416)
	at com.mongodb.DBTCPConnector.say(DBTCPConnector.java:139)
	at com.mongodb.DBTCPConnector.say(DBTCPConnector.java:132)
	at com.mongodb.DBApiLayer$MyCollection.insert(DBApiLayer.java:262)
	at com.mongodb.DBApiLayer$MyCollection.createIndex(DBApiLayer.java:354)
	at com.mongodb.DBCollection.ensureIndex(DBCollection.java:444)
	at com.mongodb.DBCollection.ensureIndex(DBCollection.java:392)
	at net.ion.radon.repository.Workspace.createWorkspace(Workspace.java:64)
	at net.ion.radon.repository.Workspace.load(Workspace.java:43)
	at net.ion.radon.repository.Repository.getWorkspace(Repository.java:28)
	at net.ion.radon.repository.LocalSession.getCurrentWorkspace(LocalSession.java:147)
	at net.ion.radon.repository.LocalSession.dropWorkspace(LocalSession.java:76)
	at net.ion.radon.repository.TestBaseRepository.setUp(TestBaseRepository.java:17)
	at junit.framework.TestCase.runBare(TestCase.java:128)
	at junit.framework.TestResult$1.protect(TestResult.java:106)
	at junit.framework.TestResult.runProtected(TestResult.java:124)
	at junit.framework.TestResult.run(TestResult.java:109)
	at junit.framework.TestCase.run(TestCase.java:120)
	at junit.framework.TestSuite.runTest(TestSuite.java:230)
	at junit.framework.TestSuite.run(TestSuite.java:225)
	at junit.framework.TestSuite.runTest(TestSuite.java:230)
	at junit.framework.TestSuite.run(TestSuite.java:225)
	at junit.framework.TestSuite.runTest(TestSuite.java:230)
	at junit.framework.TestSuite.run(TestSuite.java:225)
	at junit.framework.TestSuite.runTest(TestSuite.java:230)
	at junit.framework.TestSuite.run(TestSuite.java:225)
	at org.apache.tools.ant.taskdefs.optional.junit.JUnitTestRunner.run(JUnitTestRunner.java:421)
	at org.apache.tools.ant.taskdefs.optional.junit.JUnitTestRunner.launch(JUnitTestRunner.java:912)
	at org.apache.tools.ant.taskdefs.optional.junit.JUnitTestRunner.main(JUnitTestRunner.java:766)
2011. 11. 17 오전 8:52:38 com.mongodb.DBPortPool gotError
경고: emptying DBPortPool to 61.250.201.78:27017 b/c of error
java.io.IOException: couldn't connect to [/61.250.201.78:27017] bc:java.net.ConnectException: Connection timed out: connect
	at com.mongodb.DBPort._open(DBPort.java:224)
	at com.mongodb.DBPort.go(DBPort.java:101)
	at com.mongodb.DBPort.go(DBPort.java:82)
	at com.mongodb.DBPort.say(DBPort.java:77)
	at com.mongodb.DBTCPConnector.say(DBTCPConnector.java:146)
	at com.mongodb.DBTCPConnector.say(DBTCPConnector.java:132)
	at com.mongodb.DBApiLayer$MyCollection.insert(DBApiLayer.java:262)
	at com.mongodb.DBApiLayer$MyCollection.createIndex(DBApiLayer.java:354)
	at com.mongodb.DBCollection.ensureIndex(DBCollection.java:444)
	at com.mongodb.DBCollection.ensureIndex(DBCollection.java:392)
	at net.ion.radon.repository.Workspace.createWorkspace(Workspace.java:64)
	at net.ion.radon.repository.Workspace.load(Workspace.java:43)
	at net.ion.radon.repository.Repository.getWorkspace(Repository.java:28)
	at net.ion.radon.repository.LocalSession.getCurrentWorkspace(LocalSession.java:147)
	at net.ion.radon.repository.LocalSession.dropWorkspace(LocalSession.java:76)
	at net.ion.radon.repository.TestBaseRepository.setUp(TestBaseRepository.java:17)
	at junit.framework.TestCase.runBare(TestCase.java:128)
	at junit.framework.TestResult$1.protect(TestResult.java:106)
	at junit.framework.TestResult.runProtected(TestResult.java:124)
	at junit.framework.TestResult.run(TestResult.java:109)
	at junit.framework.TestCase.run(TestCase.java:120)
	at junit.framework.TestSuite.runTest(TestSuite.java:230)
	at junit.framework.TestSuite.run(TestSuite.java:225)
	at junit.framework.TestSuite.runTest(TestSuite.java:230)
	at junit.framework.TestSuite.run(TestSuite.java:225)
	at junit.framework.TestSuite.runTest(TestSuite.java:230)
	at junit.framework.TestSuite.run(TestSuite.java:225)
	at junit.framework.TestSuite.runTest(TestSuite.java:230)
	at junit.framework.TestSuite.run(TestSuite.java:225)
	at org.apache.tools.ant.taskdefs.optional.junit.JUnitTestRunner.run(JUnitTestRunner.java:421)
	at org.apache.tools.ant.taskdefs.optional.junit.JUnitTestRunner.launch(JUnitTestRunner.java:912)
	at org.apache.tools.ant.taskdefs.optional.junit.JUnitTestRunner.main(JUnitTestRunner.java:766)
2011. 11. 17 오전 8:52:59 com.mongodb.DBTCPConnector fetchMaxBsonObjectSize
경고: Exception determining maxBSON size using0
java.io.IOException: couldn't connect to [/61.250.201.78:27017] bc:java.net.ConnectException: Connection timed out: connect
	at com.mongodb.DBPort._open(DBPort.java:224)
	at com.mongodb.DBPort.go(DBPort.java:101)
	at com.mongodb.DBPort.go(DBPort.java:82)
	at com.mongodb.DBPort.findOne(DBPort.java:142)
	at com.mongodb.DBPort.runCommand(DBPort.java:151)
	at com.mongodb.DBTCPConnector.fetchMaxBsonObjectSize(DBTCPConnector.java:429)
	at com.mongodb.Mongo.getMaxBsonObjectSize(Mongo.java:544)
	at com.mongodb.DBApiLayer$MyCollection.insert(DBApiLayer.java:244)
	at com.mongodb.DBApiLayer$MyCollection.createIndex(DBApiLayer.java:354)
	at com.mongodb.DBCollection.ensureIndex(DBCollection.java:444)
	at com.mongodb.DBCollection.ensureIndex(DBCollection.java:392)
	at net.ion.radon.repository.Workspace.createWorkspace(Workspace.java:64)
	at net.ion.radon.repository.Workspace.load(Workspace.java:43)
	at net.ion.radon.repository.Repository.getWorkspace(Repository.java:28)
	at net.ion.radon.repository.LocalSession.getCurrentWorkspace(LocalSession.java:147)
	at net.ion.radon.repository.LocalSession.dropWorkspace(LocalSession.java:76)
	at net.ion.radon.repository.TestBaseRepository.setUp(TestBaseRepository.java:17)
	at junit.framework.TestCase.runBare(TestCase.java:128)
	at junit.framework.TestResult$1.protect(TestResult.java:106)
	at junit.framework.TestResult.runProtected(TestResult.java:124)
	at junit.framework.TestResult.run(TestResult.java:109)
	at junit.framework.TestCase.run(TestCase.java:120)
	at junit.framework.TestSuite.runTest(TestSuite.java:230)
	at junit.framework.TestSuite.run(TestSuite.java:225)
	at junit.framework.TestSuite.runTest(TestSuite.java:230)
	at junit.framework.TestSuite.run(TestSuite.java:225)
	at junit.framework.TestSuite.runTest(TestSuite.java:230)
	at junit.framework.TestSuite.run(TestSuite.java:225)
	at junit.framework.TestSuite.runTest(TestSuite.java:230)
	at junit.framework.TestSuite.run(TestSuite.java:225)
	at org.apache.tools.ant.taskdefs.optional.junit.JUnitTestRunner.run(JUnitTestRunner.java:421)
	at org.apache.tools.ant.taskdefs.optional.junit.JUnitTestRunner.launch(JUnitTestRunner.java:912)
	at org.apache.tools.ant.taskdefs.optional.junit.JUnitTestRunner.main(JUnitTestRunner.java:766)
2011. 11. 17 오전 8:53:20 com.mongodb.DBTCPConnector fetchMaxBsonObjectSize
경고: Exception determining maxBSON size using0
java.io.IOException: couldn't connect to [/61.250.201.78:27017] bc:java.net.ConnectException: Connection timed out: connect
	at com.mongodb.DBPort._open(DBPort.java:224)
	at com.mongodb.DBPort.go(DBPort.java:101)
	at com.mongodb.DBPort.go(DBPort.java:82)
	at com.mongodb.DBPort.findOne(DBPort.java:142)
	at com.mongodb.DBPort.runCommand(DBPort.java:151)
	at com.mongodb.DBTCPConnector.fetchMaxBsonObjectSize(DBTCPConnector.java:429)
	at com.mongodb.DBTCPConnector.checkMaster(DBTCPConnector.java:416)
	at com.mongodb.DBTCPConnector.say(DBTCPConnector.java:139)
	at com.mongodb.DBTCPConnector.say(DBTCPConnector.java:132)
	at com.mongodb.DBApiLayer$MyCollection.insert(DBApiLayer.java:262)
	at com.mongodb.DBApiLayer$MyCollection.createIndex(DBApiLayer.java:354)
	at com.mongodb.DBCollection.ensureIndex(DBCollection.java:444)
	at com.mongodb.DBCollection.ensureIndex(DBCollection.java:392)
	at net.ion.radon.repository.Workspace.createWorkspace(Workspace.java:64)
	at net.ion.radon.repository.Workspace.load(Workspace.java:43)
	at net.ion.radon.repository.Repository.getWorkspace(Repository.java:28)
	at net.ion.radon.repository.LocalSession.getCurrentWorkspace(LocalSession.java:147)
	at net.ion.radon.repository.LocalSession.dropWorkspace(LocalSession.java:76)
	at net.ion.radon.repository.TestBaseRepository.setUp(TestBaseRepository.java:17)
	at junit.framework.TestCase.runBare(TestCase.java:128)
	at junit.framework.TestResult$1.protect(TestResult.java:106)
	at junit.framework.TestResult.runProtected(TestResult.java:124)
	at junit.framework.TestResult.run(TestResult.java:109)
	at junit.framework.TestCase.run(TestCase.java:120)
	at junit.framework.TestSuite.runTest(TestSuite.java:230)
	at junit.framework.TestSuite.run(TestSuite.java:225)
	at junit.framework.TestSuite.runTest(TestSuite.java:230)
	at junit.framework.TestSuite.run(TestSuite.java:225)
	at junit.framework.TestSuite.runTest(TestSuite.java:230)
	at junit.framework.TestSuite.run(TestSuite.java:225)
	at junit.framework.TestSuite.runTest(TestSuite.java:230)
	at junit.framework.TestSuite.run(TestSuite.java:225)
	at org.apache.tools.ant.taskdefs.optional.junit.JUnitTestRunner.run(JUnitTestRunner.java:421)
	at org.apache.tools.ant.taskdefs.optional.junit.JUnitTestRunner.launch(JUnitTestRunner.java:912)
	at org.apache.tools.ant.taskdefs.optional.junit.JUnitTestRunner.main(JUnitTestRunner.java:766)
2011. 11. 17 오전 8:53:40 com.mongodb.DBPortPool gotError
경고: emptying DBPortPool to 61.250.201.78:27017 b/c of error
java.io.IOException: couldn't connect to [/61.250.201.78:27017] bc:java.net.ConnectException: Connection timed out: connect
	at com.mongodb.DBPort._open(DBPort.java:224)
	at com.mongodb.DBPort.go(DBPort.java:101)
	at com.mongodb.DBPort.go(DBPort.java:82)
	at com.mongodb.DBPort.say(DBPort.java:77)
	at com.mongodb.DBTCPConnector.say(DBTCPConnector.java:146)
	at com.mongodb.DBTCPConnector.say(DBTCPConnector.java:132)
	at com.mongodb.DBApiLayer$MyCollection.insert(DBApiLayer.java:262)
	at com.mongodb.DBApiLayer$MyCollection.createIndex(DBApiLayer.java:354)
	at com.mongodb.DBCollection.ensureIndex(DBCollection.java:444)
	at com.mongodb.DBCollection.ensureIndex(DBCollection.java:392)
	at net.ion.radon.repository.Workspace.createWorkspace(Workspace.java:64)
	at net.ion.radon.repository.Workspace.load(Workspace.java:43)
	at net.ion.radon.repository.Repository.getWorkspace(Repository.java:28)
	at net.ion.radon.repository.LocalSession.getCurrentWorkspace(LocalSession.java:147)
	at net.ion.radon.repository.LocalSession.dropWorkspace(LocalSession.java:76)
	at net.ion.radon.repository.TestBaseRepository.setUp(TestBaseRepository.java:17)
	at junit.framework.TestCase.runBare(TestCase.java:128)
	at junit.framework.TestResult$1.protect(TestResult.java:106)
	at junit.framework.TestResult.runProtected(TestResult.java:124)
	at junit.framework.TestResult.run(TestResult.java:109)
	at junit.framework.TestCase.run(TestCase.java:120)
	at junit.framework.TestSuite.runTest(TestSuite.java:230)
	at junit.framework.TestSuite.run(TestSuite.java:225)
	at junit.framework.TestSuite.runTest(TestSuite.java:230)
	at junit.framework.TestSuite.run(TestSuite.java:225)
	at junit.framework.TestSuite.runTest(TestSuite.java:230)
	at junit.framework.TestSuite.run(TestSuite.java:225)
	at junit.framework.TestSuite.runTest(TestSuite.java:230)
	at junit.framework.TestSuite.run(TestSuite.java:225)
	at org.apache.tools.ant.taskdefs.optional.junit.JUnitTestRunner.run(JUnitTestRunner.java:421)
	at org.apache.tools.ant.taskdefs.optional.junit.JUnitTestRunner.launch(JUnitTestRunner.java:912)
	at org.apache.tools.ant.taskdefs.optional.junit.JUnitTestRunner.main(JUnitTestRunner.java:766)
2011. 11. 17 오전 8:54:02 com.mongodb.DBTCPConnector fetchMaxBsonObjectSize
경고: Exception determining maxBSON size using0
java.io.IOException: couldn't connect to [/61.250.201.78:27017] bc:java.net.ConnectException: Connection timed out: connect
	at com.mongodb.DBPort._open(DBPort.java:224)
	at com.mongodb.DBPort.go(DBPort.java:101)
	at com.mongodb.DBPort.go(DBPort.java:82)
	at com.mongodb.DBPort.findOne(DBPort.java:142)
	at com.mongodb.DBPort.runCommand(DBPort.java:151)
	at com.mongodb.DBTCPConnector.fetchMaxBsonObjectSize(DBTCPConnector.java:429)
	at com.mongodb.Mongo.getMaxBsonObjectSize(Mongo.java:544)
	at com.mongodb.DBApiLayer$MyCollection.insert(DBApiLayer.java:244)
	at com.mongodb.DBApiLayer$MyCollection.createIndex(DBApiLayer.java:354)
	at com.mongodb.DBCollection.ensureIndex(DBCollection.java:444)
	at com.mongodb.DBCollection.ensureIndex(DBCollection.java:392)
	at net.ion.radon.repository.Workspace.createWorkspace(Workspace.java:64)
	at net.ion.radon.repository.Workspace.load(Workspace.java:43)
	at net.ion.radon.repository.Repository.getWorkspace(Repository.java:28)
	at net.ion.radon.repository.LocalSession.getCurrentWorkspace(LocalSession.java:147)
	at net.ion.radon.repository.LocalSession.dropWorkspace(LocalSession.java:76)
	at net.ion.radon.repository.TestBaseRepository.setUp(TestBaseRepository.java:17)
	at junit.framework.TestCase.runBare(TestCase.java:128)
	at junit.framework.TestResult$1.protect(TestResult.java:106)
	at junit.framework.TestResult.runProtected(TestResult.java:124)
	at junit.framework.TestResult.run(TestResult.java:109)
	at junit.framework.TestCase.run(TestCase.java:120)
	at junit.framework.TestSuite.runTest(TestSuite.java:230)
	at junit.framework.TestSuite.run(TestSuite.java:225)
	at junit.framework.TestSuite.runTest(TestSuite.java:230)
	at junit.framework.TestSuite.run(TestSuite.java:225)
	at junit.framework.TestSuite.runTest(TestSuite.java:230)
	at junit.framework.TestSuite.run(TestSuite.java:225)
	at junit.framework.TestSuite.runTest(TestSuite.java:230)
	at junit.framework.TestSuite.run(TestSuite.java:225)
	at org.apache.tools.ant.taskdefs.optional.junit.JUnitTestRunner.run(JUnitTestRunner.java:421)
	at org.apache.tools.ant.taskdefs.optional.junit.JUnitTestRunner.launch(JUnitTestRunner.java:912)
	at org.apache.tools.ant.taskdefs.optional.junit.JUnitTestRunner.main(JUnitTestRunner.java:766)
2011. 11. 17 오전 8:54:23 com.mongodb.DBTCPConnector fetchMaxBsonObjectSize
경고: Exception determining maxBSON size using0
java.io.IOException: couldn't connect to [/61.250.201.78:27017] bc:java.net.ConnectException: Connection timed out: connect
	at com.mongodb.DBPort._open(DBPort.java:224)
	at com.mongodb.DBPort.go(DBPort.java:101)
	at com.mongodb.DBPort.go(DBPort.java:82)
	at com.mongodb.DBPort.findOne(DBPort.java:142)
	at com.mongodb.DBPort.runCommand(DBPort.java:151)
	at com.mongodb.DBTCPConnector.fetchMaxBsonObjectSize(DBTCPConnector.java:429)
	at com.mongodb.DBTCPConnector.checkMaster(DBTCPConnector.java:416)
	at com.mongodb.DBTCPConnector.say(DBTCPConnector.java:139)
	at com.mongodb.DBTCPConnector.say(DBTCPConnector.java:132)
	at com.mongodb.DBApiLayer$MyCollection.insert(DBApiLayer.java:262)
	at com.mongodb.DBApiLayer$MyCollection.createIndex(DBApiLayer.java:354)
	at com.mongodb.DBCollection.ensureIndex(DBCollection.java:444)
	at com.mongodb.DBCollection.ensureIndex(DBCollection.java:392)
	at net.ion.radon.repository.Workspace.createWorkspace(Workspace.java:64)
	at net.ion.radon.repository.Workspace.load(Workspace.java:43)
	at net.ion.radon.repository.Repository.getWorkspace(Repository.java:28)
	at net.ion.radon.repository.LocalSession.getCurrentWorkspace(LocalSession.java:147)
	at net.ion.radon.repository.LocalSession.dropWorkspace(LocalSession.java:76)
	at net.ion.radon.repository.TestBaseRepository.setUp(TestBaseRepository.java:17)
	at junit.framework.TestCase.runBare(TestCase.java:128)
	at junit.framework.TestResult$1.protect(TestResult.java:106)
	at junit.framework.TestResult.runProtected(TestResult.java:124)
	at junit.framework.TestResult.run(TestResult.java:109)
	at junit.framework.TestCase.run(TestCase.java:120)
	at junit.framework.TestSuite.runTest(TestSuite.java:230)
	at junit.framework.TestSuite.run(TestSuite.java:225)
	at junit.framework.TestSuite.runTest(TestSuite.java:230)
	at junit.framework.TestSuite.run(TestSuite.java:225)
	at junit.framework.TestSuite.runTest(TestSuite.java:230)
	at junit.framework.TestSuite.run(TestSuite.java:225)
	at junit.framework.TestSuite.runTest(TestSuite.java:230)
	at junit.framework.TestSuite.run(TestSuite.java:225)
	at org.apache.tools.ant.taskdefs.optional.junit.JUnitTestRunner.run(JUnitTestRunner.java:421)
	at org.apache.tools.ant.taskdefs.optional.junit.JUnitTestRunner.launch(JUnitTestRunner.java:912)
	at org.apache.tools.ant.taskdefs.optional.junit.JUnitTestRunner.main(JUnitTestRunner.java:766)
2011. 11. 17 오전 8:54:44 com.mongodb.DBPortPool gotError
경고: emptying DBPortPool to 61.250.201.78:27017 b/c of error
java.io.IOException: couldn't connect to [/61.250.201.78:27017] bc:java.net.ConnectException: Connection timed out: connect
	at com.mongodb.DBPort._open(DBPort.java:224)
	at com.mongodb.DBPort.go(DBPort.java:101)
	at com.mongodb.DBPort.go(DBPort.java:82)
	at com.mongodb.DBPort.say(DBPort.java:77)
	at com.mongodb.DBTCPConnector.say(DBTCPConnector.java:146)
	at com.mongodb.DBTCPConnector.say(DBTCPConnector.java:132)
	at com.mongodb.DBApiLayer$MyCollection.insert(DBApiLayer.java:262)
	at com.mongodb.DBApiLayer$MyCollection.createIndex(DBApiLayer.java:354)
	at com.mongodb.DBCollection.ensureIndex(DBCollection.java:444)
	at com.mongodb.DBCollection.ensureIndex(DBCollection.java:392)
	at net.ion.radon.repository.Workspace.createWorkspace(Workspace.java:64)
	at net.ion.radon.repository.Workspace.load(Workspace.java:43)
	at net.ion.radon.repository.Repository.getWorkspace(Repository.java:28)
	at net.ion.radon.repository.LocalSession.getCurrentWorkspace(LocalSession.java:147)
	at net.ion.radon.repository.LocalSession.dropWorkspace(LocalSession.java:76)
	at net.ion.radon.repository.TestBaseRepository.setUp(TestBaseRepository.java:17)
	at junit.framework.TestCase.runBare(TestCase.java:128)
	at junit.framework.TestResult$1.protect(TestResult.java:106)
	at junit.framework.TestResult.runProtected(TestResult.java:124)
	at junit.framework.TestResult.run(TestResult.java:109)
	at junit.framework.TestCase.run(TestCase.java:120)
	at junit.framework.TestSuite.runTest(TestSuite.java:230)
	at junit.framework.TestSuite.run(TestSuite.java:225)
	at junit.framework.TestSuite.runTest(TestSuite.java:230)
	at junit.framework.TestSuite.run(TestSuite.java:225)
	at junit.framework.TestSuite.runTest(TestSuite.java:230)
	at junit.framework.TestSuite.run(TestSuite.java:225)
	at junit.framework.TestSuite.runTest(TestSuite.java:230)
	at junit.framework.TestSuite.run(TestSuite.java:225)
	at org.apache.tools.ant.taskdefs.optional.junit.JUnitTestRunner.run(JUnitTestRunner.java:421)
	at org.apache.tools.ant.taskdefs.optional.junit.JUnitTestRunner.launch(JUnitTestRunner.java:912)
	at org.apache.tools.ant.taskdefs.optional.junit.JUnitTestRunner.main(JUnitTestRunner.java:766)
2011. 11. 17 오전 8:55:04 com.mongodb.DBTCPConnector fetchMaxBsonObjectSize
경고: Exception determining maxBSON size using0
java.io.IOException: couldn't connect to [/61.250.201.78:27017] bc:java.net.ConnectException: Connection timed out: connect
	at com.mongodb.DBPort._open(DBPort.java:224)
	at com.mongodb.DBPort.go(DBPort.java:101)
	at com.mongodb.DBPort.go(DBPort.java:82)
	at com.mongodb.DBPort.findOne(DBPort.java:142)
	at com.mongodb.DBPort.runCommand(DBPort.java:151)
	at com.mongodb.DBTCPConnector.fetchMaxBsonObjectSize(DBTCPConnector.java:429)
	at com.mongodb.Mongo.getMaxBsonObjectSize(Mongo.java:544)
	at com.mongodb.DBApiLayer$MyCollection.insert(DBApiLayer.java:244)
	at com.mongodb.DBApiLayer$MyCollection.createIndex(DBApiLayer.java:354)
	at com.mongodb.DBCollection.ensureIndex(DBCollection.java:444)
	at com.mongodb.DBCollection.ensureIndex(DBCollection.java:392)
	at net.ion.radon.repository.Workspace.createWorkspace(Workspace.java:64)
	at net.ion.radon.repository.Workspace.load(Workspace.java:43)
	at net.ion.radon.repository.Repository.getWorkspace(Repository.java:28)
	at net.ion.radon.repository.LocalSession.getCurrentWorkspace(LocalSession.java:147)
	at net.ion.radon.repository.LocalSession.dropWorkspace(LocalSession.java:76)
	at net.ion.radon.repository.TestBaseRepository.setUp(TestBaseRepository.java:17)
	at junit.framework.TestCase.runBare(TestCase.java:128)
	at junit.framework.TestResult$1.protect(TestResult.java:106)
	at junit.framework.TestResult.runProtected(TestResult.java:124)
	at junit.framework.TestResult.run(TestResult.java:109)
	at junit.framework.TestCase.run(TestCase.java:120)
	at junit.framework.TestSuite.runTest(TestSuite.java:230)
	at junit.framework.TestSuite.run(TestSuite.java:225)
	at junit.framework.TestSuite.runTest(TestSuite.java:230)
	at junit.framework.TestSuite.run(TestSuite.java:225)
	at junit.framework.TestSuite.runTest(TestSuite.java:230)
	at junit.framework.TestSuite.run(TestSuite.java:225)
	at junit.framework.TestSuite.runTest(TestSuite.java:230)
	at junit.framework.TestSuite.run(TestSuite.java:225)
	at org.apache.tools.ant.taskdefs.optional.junit.JUnitTestRunner.run(JUnitTestRunner.java:421)
	at org.apache.tools.ant.taskdefs.optional.junit.JUnitTestRunner.launch(JUnitTestRunner.java:912)
	at org.apache.tools.ant.taskdefs.optional.junit.JUnitTestRunner.main(JUnitTestRunner.java:766)
2011. 11. 17 오전 8:55:25 com.mongodb.DBTCPConnector fetchMaxBsonObjectSize
경고: Exception determining maxBSON size using0
java.io.IOException: couldn't connect to [/61.250.201.78:27017] bc:java.net.ConnectException: Connection timed out: connect
	at com.mongodb.DBPort._open(DBPort.java:224)
	at com.mongodb.DBPort.go(DBPort.java:101)
	at com.mongodb.DBPort.go(DBPort.java:82)
	at com.mongodb.DBPort.findOne(DBPort.java:142)
	at com.mongodb.DBPort.runCommand(DBPort.java:151)
	at com.mongodb.DBTCPConnector.fetchMaxBsonObjectSize(DBTCPConnector.java:429)
	at com.mongodb.DBTCPConnector.checkMaster(DBTCPConnector.java:416)
	at com.mongodb.DBTCPConnector.say(DBTCPConnector.java:139)
	at com.mongodb.DBTCPConnector.say(DBTCPConnector.java:132)
	at com.mongodb.DBApiLayer$MyCollection.insert(DBApiLayer.java:262)
	at com.mongodb.DBApiLayer$MyCollection.createIndex(DBApiLayer.java:354)
	at com.mongodb.DBCollection.ensureIndex(DBCollection.java:444)
	at com.mongodb.DBCollection.ensureIndex(DBCollection.java:392)
	at net.ion.radon.repository.Workspace.createWorkspace(Workspace.java:64)
	at net.ion.radon.repository.Workspace.load(Workspace.java:43)
	at net.ion.radon.repository.Repository.getWorkspace(Repository.java:28)
	at net.ion.radon.repository.LocalSession.getCurrentWorkspace(LocalSession.java:147)
	at net.ion.radon.repository.LocalSession.dropWorkspace(LocalSession.java:76)
	at net.ion.radon.repository.TestBaseRepository.setUp(TestBaseRepository.java:17)
	at junit.framework.TestCase.runBare(TestCase.java:128)
	at junit.framework.TestResult$1.protect(TestResult.java:106)
	at junit.framework.TestResult.runProtected(TestResult.java:124)
	at junit.framework.TestResult.run(TestResult.java:109)
	at junit.framework.TestCase.run(TestCase.java:120)
	at junit.framework.TestSuite.runTest(TestSuite.java:230)
	at junit.framework.TestSuite.run(TestSuite.java:225)
	at junit.framework.TestSuite.runTest(TestSuite.java:230)
	at junit.framework.TestSuite.run(TestSuite.java:225)
	at junit.framework.TestSuite.runTest(TestSuite.java:230)
	at junit.framework.TestSuite.run(TestSuite.java:225)
	at junit.framework.TestSuite.runTest(TestSuite.java:230)
	at junit.framework.TestSuite.run(TestSuite.java:225)
	at org.apache.tools.ant.taskdefs.optional.junit.JUnitTestRunner.run(JUnitTestRunner.java:421)
	at org.apache.tools.ant.taskdefs.optional.junit.JUnitTestRunner.launch(JUnitTestRunner.java:912)
	at org.apache.tools.ant.taskdefs.optional.junit.JUnitTestRunner.main(JUnitTestRunner.java:766)
2011. 11. 17 오전 8:55:47 com.mongodb.DBPortPool gotError
경고: emptying DBPortPool to 61.250.201.78:27017 b/c of error
java.io.IOException: couldn't connect to [/61.250.201.78:27017] bc:java.net.ConnectException: Connection timed out: connect
	at com.mongodb.DBPort._open(DBPort.java:224)
	at com.mongodb.DBPort.go(DBPort.java:101)
	at com.mongodb.DBPort.go(DBPort.java:82)
	at com.mongodb.DBPort.say(DBPort.java:77)
	at com.mongodb.DBTCPConnector.say(DBTCPConnector.java:146)
	at com.mongodb.DBTCPConnector.say(DBTCPConnector.java:132)
	at com.mongodb.DBApiLayer$MyCollection.insert(DBApiLayer.java:262)
	at com.mongodb.DBApiLayer$MyCollection.createIndex(DBApiLayer.java:354)
	at com.mongodb.DBCollection.ensureIndex(DBCollection.java:444)
	at com.mongodb.DBCollection.ensureIndex(DBCollection.java:392)
	at net.ion.radon.repository.Workspace.createWorkspace(Workspace.java:64)
	at net.ion.radon.repository.Workspace.load(Workspace.java:43)
	at net.ion.radon.repository.Repository.getWorkspace(Repository.java:28)
	at net.ion.radon.repository.LocalSession.getCurrentWorkspace(LocalSession.java:147)
	at net.ion.radon.repository.LocalSession.dropWorkspace(LocalSession.java:76)
	at net.ion.radon.repository.TestBaseRepository.setUp(TestBaseRepository.java:17)
	at junit.framework.TestCase.runBare(TestCase.java:128)
	at junit.framework.TestResult$1.protect(TestResult.java:106)
	at junit.framework.TestResult.runProtected(TestResult.java:124)
	at junit.framework.TestResult.run(TestResult.java:109)
	at junit.framework.TestCase.run(TestCase.java:120)
	at junit.framework.TestSuite.runTest(TestSuite.java:230)
	at junit.framework.TestSuite.run(TestSuite.java:225)
	at junit.framework.TestSuite.runTest(TestSuite.java:230)
	at junit.framework.TestSuite.run(TestSuite.java:225)
	at junit.framework.TestSuite.runTest(TestSuite.java:230)
	at junit.framework.TestSuite.run(TestSuite.java:225)
	at junit.framework.TestSuite.runTest(TestSuite.java:230)
	at junit.framework.TestSuite.run(TestSuite.java:225)
	at org.apache.tools.ant.taskdefs.optional.junit.JUnitTestRunner.run(JUnitTestRunner.java:421)
	at org.apache.tools.ant.taskdefs.optional.junit.JUnitTestRunner.launch(JUnitTestRunner.java:912)
	at org.apache.tools.ant.taskdefs.optional.junit.JUnitTestRunner.main(JUnitTestRunner.java:766)
2011. 11. 17 오전 8:56:08 com.mongodb.DBTCPConnector fetchMaxBsonObjectSize
경고: Exception determining maxBSON size using0
java.io.IOException: couldn't connect to [/61.250.201.78:27017] bc:java.net.ConnectException: Connection timed out: connect
	at com.mongodb.DBPort._open(DBPort.java:224)
	at com.mongodb.DBPort.go(DBPort.java:101)
	at com.mongodb.DBPort.go(DBPort.java:82)
	at com.mongodb.DBPort.findOne(DBPort.java:142)
	at com.mongodb.DBPort.runCommand(DBPort.java:151)
	at com.mongodb.DBTCPConnector.fetchMaxBsonObjectSize(DBTCPConnector.java:429)
	at com.mongodb.Mongo.getMaxBsonObjectSize(Mongo.java:544)
	at com.mongodb.DBApiLayer$MyCollection.insert(DBApiLayer.java:244)
	at com.mongodb.DBApiLayer$MyCollection.createIndex(DBApiLayer.java:354)
	at com.mongodb.DBCollection.ensureIndex(DBCollection.java:444)
	at com.mongodb.DBCollection.ensureIndex(DBCollection.java:392)
	at net.ion.radon.repository.Workspace.createWorkspace(Workspace.java:64)
	at net.ion.radon.repository.Workspace.load(Workspace.java:43)
	at net.ion.radon.repository.Repository.getWorkspace(Repository.java:28)
	at net.ion.radon.repository.LocalSession.getCurrentWorkspace(LocalSession.java:147)
	at net.ion.radon.repository.LocalSession.dropWorkspace(LocalSession.java:76)
	at net.ion.radon.repository.TestBaseRepository.setUp(TestBaseRepository.java:17)
	at junit.framework.TestCase.runBare(TestCase.java:128)
	at junit.framework.TestResult$1.protect(TestResult.java:106)
	at junit.framework.TestResult.runProtected(TestResult.java:124)
	at junit.framework.TestResult.run(TestResult.java:109)
	at junit.framework.TestCase.run(TestCase.java:120)
	at junit.framework.TestSuite.runTest(TestSuite.java:230)
	at junit.framework.TestSuite.run(TestSuite.java:225)
	at junit.framework.TestSuite.runTest(TestSuite.java:230)
	at junit.framework.TestSuite.run(TestSuite.java:225)
	at junit.framework.TestSuite.runTest(TestSuite.java:230)
	at junit.framework.TestSuite.run(TestSuite.java:225)
	at junit.framework.TestSuite.runTest(TestSuite.java:230)
	at junit.framework.TestSuite.run(TestSuite.java:225)
	at org.apache.tools.ant.taskdefs.optional.junit.JUnitTestRunner.run(JUnitTestRunner.java:421)
	at org.apache.tools.ant.taskdefs.optional.junit.JUnitTestRunner.launch(JUnitTestRunner.java:912)
	at org.apache.tools.ant.taskdefs.optional.junit.JUnitTestRunner.main(JUnitTestRunner.java:766)
2011. 11. 17 오전 8:56:29 com.mongodb.DBTCPConnector fetchMaxBsonObjectSize
경고: Exception determining maxBSON size using0
java.io.IOException: couldn't connect to [/61.250.201.78:27017] bc:java.net.ConnectException: Connection timed out: connect
	at com.mongodb.DBPort._open(DBPort.java:224)
	at com.mongodb.DBPort.go(DBPort.java:101)
	at com.mongodb.DBPort.go(DBPort.java:82)
	at com.mongodb.DBPort.findOne(DBPort.java:142)
	at com.mongodb.DBPort.runCommand(DBPort.java:151)
	at com.mongodb.DBTCPConnector.fetchMaxBsonObjectSize(DBTCPConnector.java:429)
	at com.mongodb.DBTCPConnector.checkMaster(DBTCPConnector.java:416)
	at com.mongodb.DBTCPConnector.say(DBTCPConnector.java:139)
	at com.mongodb.DBTCPConnector.say(DBTCPConnector.java:132)
	at com.mongodb.DBApiLayer$MyCollection.insert(DBApiLayer.java:262)
	at com.mongodb.DBApiLayer$MyCollection.createIndex(DBApiLayer.java:354)
	at com.mongodb.DBCollection.ensureIndex(DBCollection.java:444)
	at com.mongodb.DBCollection.ensureIndex(DBCollection.java:392)
	at net.ion.radon.repository.Workspace.createWorkspace(Workspace.java:64)
	at net.ion.radon.repository.Workspace.load(Workspace.java:43)
	at net.ion.radon.repository.Repository.getWorkspace(Repository.java:28)
	at net.ion.radon.repository.LocalSession.getCurrentWorkspace(LocalSession.java:147)
	at net.ion.radon.repository.LocalSession.dropWorkspace(LocalSession.java:76)
	at net.ion.radon.repository.TestBaseRepository.setUp(TestBaseRepository.java:17)
	at junit.framework.TestCase.runBare(TestCase.java:128)
	at junit.framework.TestResult$1.protect(TestResult.java:106)
	at junit.framework.TestResult.runProtected(TestResult.java:124)
	at junit.framework.TestResult.run(TestResult.java:109)
	at junit.framework.TestCase.run(TestCase.java:120)
	at junit.framework.TestSuite.runTest(TestSuite.java:230)
	at junit.framework.TestSuite.run(TestSuite.java:225)
	at junit.framework.TestSuite.runTest(TestSuite.java:230)
	at junit.framework.TestSuite.run(TestSuite.java:225)
	at junit.framework.TestSuite.runTest(TestSuite.java:230)
	at junit.framework.TestSuite.run(TestSuite.java:225)
	at junit.framework.TestSuite.runTest(TestSuite.java:230)
	at junit.framework.TestSuite.run(TestSuite.java:225)
	at org.apache.tools.ant.taskdefs.optional.junit.JUnitTestRunner.run(JUnitTestRunner.java:421)
	at org.apache.tools.ant.taskdefs.optional.junit.JUnitTestRunner.launch(JUnitTestRunner.java:912)
	at org.apache.tools.ant.taskdefs.optional.junit.JUnitTestRunner.main(JUnitTestRunner.java:766)
2011. 11. 17 오전 8:56:49 com.mongodb.DBPortPool gotError
경고: emptying DBPortPool to 61.250.201.78:27017 b/c of error
java.io.IOException: couldn't connect to [/61.250.201.78:27017] bc:java.net.ConnectException: Connection timed out: connect
	at com.mongodb.DBPort._open(DBPort.java:224)
	at com.mongodb.DBPort.go(DBPort.java:101)
	at com.mongodb.DBPort.go(DBPort.java:82)
	at com.mongodb.DBPort.say(DBPort.java:77)
	at com.mongodb.DBTCPConnector.say(DBTCPConnector.java:146)
	at com.mongodb.DBTCPConnector.say(DBTCPConnector.java:132)
	at com.mongodb.DBApiLayer$MyCollection.insert(DBApiLayer.java:262)
	at com.mongodb.DBApiLayer$MyCollection.createIndex(DBApiLayer.java:354)
	at com.mongodb.DBCollection.ensureIndex(DBCollection.java:444)
	at com.mongodb.DBCollection.ensureIndex(DBCollection.java:392)
	at net.ion.radon.repository.Workspace.createWorkspace(Workspace.java:64)
	at net.ion.radon.repository.Workspace.load(Workspace.java:43)
	at net.ion.radon.repository.Repository.getWorkspace(Repository.java:28)
	at net.ion.radon.repository.LocalSession.getCurrentWorkspace(LocalSession.java:147)
	at net.ion.radon.repository.LocalSession.dropWorkspace(LocalSession.java:76)
	at net.ion.radon.repository.TestBaseRepository.setUp(TestBaseRepository.java:17)
	at junit.framework.TestCase.runBare(TestCase.java:128)
	at junit.framework.TestResult$1.protect(TestResult.java:106)
	at junit.framework.TestResult.runProtected(TestResult.java:124)
	at junit.framework.TestResult.run(TestResult.java:109)
	at junit.framework.TestCase.run(TestCase.java:120)
	at junit.framework.TestSuite.runTest(TestSuite.java:230)
	at junit.framework.TestSuite.run(TestSuite.java:225)
	at junit.framework.TestSuite.runTest(TestSuite.java:230)
	at junit.framework.TestSuite.run(TestSuite.java:225)
	at junit.framework.TestSuite.runTest(TestSuite.java:230)
	at junit.framework.TestSuite.run(TestSuite.java:225)
	at junit.framework.TestSuite.runTest(TestSuite.java:230)
	at junit.framework.TestSuite.run(TestSuite.java:225)
	at org.apache.tools.ant.taskdefs.optional.junit.JUnitTestRunner.run(JUnitTestRunner.java:421)
	at org.apache.tools.ant.taskdefs.optional.junit.JUnitTestRunner.launch(JUnitTestRunner.java:912)
	at org.apache.tools.ant.taskdefs.optional.junit.JUnitTestRunner.main(JUnitTestRunner.java:766)
2011. 11. 17 오전 8:57:11 com.mongodb.DBTCPConnector fetchMaxBsonObjectSize
경고: Exception determining maxBSON size using0
java.io.IOException: couldn't connect to [/61.250.201.78:27017] bc:java.net.ConnectException: Connection timed out: connect
	at com.mongodb.DBPort._open(DBPort.java:224)
	at com.mongodb.DBPort.go(DBPort.java:101)
	at com.mongodb.DBPort.go(DBPort.java:82)
	at com.mongodb.DBPort.findOne(DBPort.java:142)
	at com.mongodb.DBPort.runCommand(DBPort.java:151)
	at com.mongodb.DBTCPConnector.fetchMaxBsonObjectSize(DBTCPConnector.java:429)
	at com.mongodb.Mongo.getMaxBsonObjectSize(Mongo.java:544)
	at com.mongodb.DBApiLayer$MyCollection.insert(DBApiLayer.java:244)
	at com.mongodb.DBApiLayer$MyCollection.createIndex(DBApiLayer.java:354)
	at com.mongodb.DBCollection.ensureIndex(DBCollection.java:444)
	at com.mongodb.DBCollection.ensureIndex(DBCollection.java:392)
	at net.ion.radon.repository.Workspace.createWorkspace(Workspace.java:64)
	at net.ion.radon.repository.Workspace.load(Workspace.java:43)
	at net.ion.radon.repository.Repository.getWorkspace(Repository.java:28)
	at net.ion.radon.repository.LocalSession.getCurrentWorkspace(LocalSession.java:147)
	at net.ion.radon.repository.LocalSession.dropWorkspace(LocalSession.java:76)
	at net.ion.radon.repository.TestBaseRepository.setUp(TestBaseRepository.java:17)
	at junit.framework.TestCase.runBare(TestCase.java:128)
	at junit.framework.TestResult$1.protect(TestResult.java:106)
	at junit.framework.TestResult.runProtected(TestResult.java:124)
	at junit.framework.TestResult.run(TestResult.java:109)
	at junit.framework.TestCase.run(TestCase.java:120)
	at junit.framework.TestSuite.runTest(TestSuite.java:230)
	at junit.framework.TestSuite.run(TestSuite.java:225)
	at junit.framework.TestSuite.runTest(TestSuite.java:230)
	at junit.framework.TestSuite.run(TestSuite.java:225)
	at junit.framework.TestSuite.runTest(TestSuite.java:230)
	at junit.framework.TestSuite.run(TestSuite.java:225)
	at junit.framework.TestSuite.runTest(TestSuite.java:230)
	at junit.framework.TestSuite.run(TestSuite.java:225)
	at org.apache.tools.ant.taskdefs.optional.junit.JUnitTestRunner.run(JUnitTestRunner.java:421)
	at org.apache.tools.ant.taskdefs.optional.junit.JUnitTestRunner.launch(JUnitTestRunner.java:912)
	at org.apache.tools.ant.taskdefs.optional.junit.JUnitTestRunner.main(JUnitTestRunner.java:766)
2011. 11. 17 오전 8:57:32 com.mongodb.DBTCPConnector fetchMaxBsonObjectSize
경고: Exception determining maxBSON size using0
java.io.IOException: couldn't connect to [/61.250.201.78:27017] bc:java.net.ConnectException: Connection timed out: connect
	at com.mongodb.DBPort._open(DBPort.java:224)
	at com.mongodb.DBPort.go(DBPort.java:101)
	at com.mongodb.DBPort.go(DBPort.java:82)
	at com.mongodb.DBPort.findOne(DBPort.java:142)
	at com.mongodb.DBPort.runCommand(DBPort.java:151)
	at com.mongodb.DBTCPConnector.fetchMaxBsonObjectSize(DBTCPConnector.java:429)
	at com.mongodb.DBTCPConnector.checkMaster(DBTCPConnector.java:416)
	at com.mongodb.DBTCPConnector.say(DBTCPConnector.java:139)
	at com.mongodb.DBTCPConnector.say(DBTCPConnector.java:132)
	at com.mongodb.DBApiLayer$MyCollection.insert(DBApiLayer.java:262)
	at com.mongodb.DBApiLayer$MyCollection.createIndex(DBApiLayer.java:354)
	at com.mongodb.DBCollection.ensureIndex(DBCollection.java:444)
	at com.mongodb.DBCollection.ensureIndex(DBCollection.java:392)
	at net.ion.radon.repository.Workspace.createWorkspace(Workspace.java:64)
	at net.ion.radon.repository.Workspace.load(Workspace.java:43)
	at net.ion.radon.repository.Repository.getWorkspace(Repository.java:28)
	at net.ion.radon.repository.LocalSession.getCurrentWorkspace(LocalSession.java:147)
	at net.ion.radon.repository.LocalSession.dropWorkspace(LocalSession.java:76)
	at net.ion.radon.repository.TestBaseRepository.setUp(TestBaseRepository.java:17)
	at junit.framework.TestCase.runBare(TestCase.java:128)
	at junit.framework.TestResult$1.protect(TestResult.java:106)
	at junit.framework.TestResult.runProtected(TestResult.java:124)
	at junit.framework.TestResult.run(TestResult.java:109)
	at junit.framework.TestCase.run(TestCase.java:120)
	at junit.framework.TestSuite.runTest(TestSuite.java:230)
	at junit.framework.TestSuite.run(TestSuite.java:225)
	at junit.framework.TestSuite.runTest(TestSuite.java:230)
	at junit.framework.TestSuite.run(TestSuite.java:225)
	at junit.framework.TestSuite.runTest(TestSuite.java:230)
	at junit.framework.TestSuite.run(TestSuite.java:225)
	at junit.framework.TestSuite.runTest(TestSuite.java:230)
	at junit.framework.TestSuite.run(TestSuite.java:225)
	at org.apache.tools.ant.taskdefs.optional.junit.JUnitTestRunner.run(JUnitTestRunner.java:421)
	at org.apache.tools.ant.taskdefs.optional.junit.JUnitTestRunner.launch(JUnitTestRunner.java:912)
	at org.apache.tools.ant.taskdefs.optional.junit.JUnitTestRunner.main(JUnitTestRunner.java:766)
2011. 11. 17 오전 8:57:53 com.mongodb.DBPortPool gotError
경고: emptying DBPortPool to 61.250.201.78:27017 b/c of error
java.io.IOException: couldn't connect to [/61.250.201.78:27017] bc:java.net.ConnectException: Connection timed out: connect
	at com.mongodb.DBPort._open(DBPort.java:224)
	at com.mongodb.DBPort.go(DBPort.java:101)
	at com.mongodb.DBPort.go(DBPort.java:82)
	at com.mongodb.DBPort.say(DBPort.java:77)
	at com.mongodb.DBTCPConnector.say(DBTCPConnector.java:146)
	at com.mongodb.DBTCPConnector.say(DBTCPConnector.java:132)
	at com.mongodb.DBApiLayer$MyCollection.insert(DBApiLayer.java:262)
	at com.mongodb.DBApiLayer$MyCollection.createIndex(DBApiLayer.java:354)
	at com.mongodb.DBCollection.ensureIndex(DBCollection.java:444)
	at com.mongodb.DBCollection.ensureIndex(DBCollection.java:392)
	at net.ion.radon.repository.Workspace.createWorkspace(Workspace.java:64)
	at net.ion.radon.repository.Workspace.load(Workspace.java:43)
	at net.ion.radon.repository.Repository.getWorkspace(Repository.java:28)
	at net.ion.radon.repository.LocalSession.getCurrentWorkspace(LocalSession.java:147)
	at net.ion.radon.repository.LocalSession.dropWorkspace(LocalSession.java:76)
	at net.ion.radon.repository.TestBaseRepository.setUp(TestBaseRepository.java:17)
	at junit.framework.TestCase.runBare(TestCase.java:128)
	at junit.framework.TestResult$1.protect(TestResult.java:106)
	at junit.framework.TestResult.runProtected(TestResult.java:124)
	at junit.framework.TestResult.run(TestResult.java:109)
	at junit.framework.TestCase.run(TestCase.java:120)
	at junit.framework.TestSuite.runTest(TestSuite.java:230)
	at junit.framework.TestSuite.run(TestSuite.java:225)
	at junit.framework.TestSuite.runTest(TestSuite.java:230)
	at junit.framework.TestSuite.run(TestSuite.java:225)
	at junit.framework.TestSuite.runTest(TestSuite.java:230)
	at junit.framework.TestSuite.run(TestSuite.java:225)
	at junit.framework.TestSuite.runTest(TestSuite.java:230)
	at junit.framework.TestSuite.run(TestSuite.java:225)
	at org.apache.tools.ant.taskdefs.optional.junit.JUnitTestRunner.run(JUnitTestRunner.java:421)
	at org.apache.tools.ant.taskdefs.optional.junit.JUnitTestRunner.launch(JUnitTestRunner.java:912)
	at org.apache.tools.ant.taskdefs.optional.junit.JUnitTestRunner.main(JUnitTestRunner.java:766)
2011. 11. 17 오전 8:58:14 com.mongodb.DBTCPConnector fetchMaxBsonObjectSize
경고: Exception determining maxBSON size using0
java.io.IOException: couldn't connect to [/61.250.201.78:27017] bc:java.net.ConnectException: Connection timed out: connect
	at com.mongodb.DBPort._open(DBPort.java:224)
	at com.mongodb.DBPort.go(DBPort.java:101)
	at com.mongodb.DBPort.go(DBPort.java:82)
	at com.mongodb.DBPort.findOne(DBPort.java:142)
	at com.mongodb.DBPort.runCommand(DBPort.java:151)
	at com.mongodb.DBTCPConnector.fetchMaxBsonObjectSize(DBTCPConnector.java:429)
	at com.mongodb.Mongo.getMaxBsonObjectSize(Mongo.java:544)
	at com.mongodb.DBApiLayer$MyCollection.insert(DBApiLayer.java:244)
	at com.mongodb.DBApiLayer$MyCollection.createIndex(DBApiLayer.java:354)
	at com.mongodb.DBCollection.ensureIndex(DBCollection.java:444)
	at com.mongodb.DBCollection.ensureIndex(DBCollection.java:392)
	at net.ion.radon.repository.Workspace.createWorkspace(Workspace.java:64)
	at net.ion.radon.repository.Workspace.load(Workspace.java:43)
	at net.ion.radon.repository.Repository.getWorkspace(Repository.java:28)
	at net.ion.radon.repository.LocalSession.getCurrentWorkspace(LocalSession.java:147)
	at net.ion.radon.repository.LocalSession.dropWorkspace(LocalSession.java:76)
	at net.ion.radon.repository.TestBaseRepository.setUp(TestBaseRepository.java:17)
	at junit.framework.TestCase.runBare(TestCase.java:128)
	at junit.framework.TestResult$1.protect(TestResult.java:106)
	at junit.framework.TestResult.runProtected(TestResult.java:124)
	at junit.framework.TestResult.run(TestResult.java:109)
	at junit.framework.TestCase.run(TestCase.java:120)
	at junit.framework.TestSuite.runTest(TestSuite.java:230)
	at junit.framework.TestSuite.run(TestSuite.java:225)
	at junit.framework.TestSuite.runTest(TestSuite.java:230)
	at junit.framework.TestSuite.run(TestSuite.java:225)
	at junit.framework.TestSuite.runTest(TestSuite.java:230)
	at junit.framework.TestSuite.run(TestSuite.java:225)
	at junit.framework.TestSuite.runTest(TestSuite.java:230)
	at junit.framework.TestSuite.run(TestSuite.java:225)
	at org.apache.tools.ant.taskdefs.optional.junit.JUnitTestRunner.run(JUnitTestRunner.java:421)
	at org.apache.tools.ant.taskdefs.optional.junit.JUnitTestRunner.launch(JUnitTestRunner.java:912)
	at org.apache.tools.ant.taskdefs.optional.junit.JUnitTestRunner.main(JUnitTestRunner.java:766)
2011. 11. 17 오전 8:58:35 com.mongodb.DBTCPConnector fetchMaxBsonObjectSize
경고: Exception determining maxBSON size using0
java.io.IOException: couldn't connect to [/61.250.201.78:27017] bc:java.net.ConnectException: Connection timed out: connect
	at com.mongodb.DBPort._open(DBPort.java:224)
	at com.mongodb.DBPort.go(DBPort.java:101)
	at com.mongodb.DBPort.go(DBPort.java:82)
	at com.mongodb.DBPort.findOne(DBPort.java:142)
	at com.mongodb.DBPort.runCommand(DBPort.java:151)
	at com.mongodb.DBTCPConnector.fetchMaxBsonObjectSize(DBTCPConnector.java:429)
	at com.mongodb.DBTCPConnector.checkMaster(DBTCPConnector.java:416)
	at com.mongodb.DBTCPConnector.say(DBTCPConnector.java:139)
	at com.mongodb.DBTCPConnector.say(DBTCPConnector.java:132)
	at com.mongodb.DBApiLayer$MyCollection.insert(DBApiLayer.java:262)
	at com.mongodb.DBApiLayer$MyCollection.createIndex(DBApiLayer.java:354)
	at com.mongodb.DBCollection.ensureIndex(DBCollection.java:444)
	at com.mongodb.DBCollection.ensureIndex(DBCollection.java:392)
	at net.ion.radon.repository.Workspace.createWorkspace(Workspace.java:64)
	at net.ion.radon.repository.Workspace.load(Workspace.java:43)
	at net.ion.radon.repository.Repository.getWorkspace(Repository.java:28)
	at net.ion.radon.repository.LocalSession.getCurrentWorkspace(LocalSession.java:147)
	at net.ion.radon.repository.LocalSession.dropWorkspace(LocalSession.java:76)
	at net.ion.radon.repository.TestBaseRepository.setUp(TestBaseRepository.java:17)
	at junit.framework.TestCase.runBare(TestCase.java:128)
	at junit.framework.TestResult$1.protect(TestResult.java:106)
	at junit.framework.TestResult.runProtected(TestResult.java:124)
	at junit.framework.TestResult.run(TestResult.java:109)
	at junit.framework.TestCase.run(TestCase.java:120)
	at junit.framework.TestSuite.runTest(TestSuite.java:230)
	at junit.framework.TestSuite.run(TestSuite.java:225)
	at junit.framework.TestSuite.runTest(TestSuite.java:230)
	at junit.framework.TestSuite.run(TestSuite.java:225)
	at junit.framework.TestSuite.runTest(TestSuite.java:230)
	at junit.framework.TestSuite.run(TestSuite.java:225)
	at junit.framework.TestSuite.runTest(TestSuite.java:230)
	at junit.framework.TestSuite.run(TestSuite.java:225)
	at org.apache.tools.ant.taskdefs.optional.junit.JUnitTestRunner.run(JUnitTestRunner.java:421)
	at org.apache.tools.ant.taskdefs.optional.junit.JUnitTestRunner.launch(JUnitTestRunner.java:912)
	at org.apache.tools.ant.taskdefs.optional.junit.JUnitTestRunner.main(JUnitTestRunner.java:766)
2011. 11. 17 오전 8:58:56 com.mongodb.DBPortPool gotError
경고: emptying DBPortPool to 61.250.201.78:27017 b/c of error
java.io.IOException: couldn't connect to [/61.250.201.78:27017] bc:java.net.ConnectException: Connection timed out: connect
	at com.mongodb.DBPort._open(DBPort.java:224)
	at com.mongodb.DBPort.go(DBPort.java:101)
	at com.mongodb.DBPort.go(DBPort.java:82)
	at com.mongodb.DBPort.say(DBPort.java:77)
	at com.mongodb.DBTCPConnector.say(DBTCPConnector.java:146)
	at com.mongodb.DBTCPConnector.say(DBTCPConnector.java:132)
	at com.mongodb.DBApiLayer$MyCollection.insert(DBApiLayer.java:262)
	at com.mongodb.DBApiLayer$MyCollection.createIndex(DBApiLayer.java:354)
	at com.mongodb.DBCollection.ensureIndex(DBCollection.java:444)
	at com.mongodb.DBCollection.ensureIndex(DBCollection.java:392)
	at net.ion.radon.repository.Workspace.createWorkspace(Workspace.java:64)
	at net.ion.radon.repository.Workspace.load(Workspace.java:43)
	at net.ion.radon.repository.Repository.getWorkspace(Repository.java:28)
	at net.ion.radon.repository.LocalSession.getCurrentWorkspace(LocalSession.java:147)
	at net.ion.radon.repository.LocalSession.dropWorkspace(LocalSession.java:76)
	at net.ion.radon.repository.TestBaseRepository.setUp(TestBaseRepository.java:17)
	at junit.framework.TestCase.runBare(TestCase.java:128)
	at junit.framework.TestResult$1.protect(TestResult.java:106)
	at junit.framework.TestResult.runProtected(TestResult.java:124)
	at junit.framework.TestResult.run(TestResult.java:109)
	at junit.framework.TestCase.run(TestCase.java:120)
	at junit.framework.TestSuite.runTest(TestSuite.java:230)
	at junit.framework.TestSuite.run(TestSuite.java:225)
	at junit.framework.TestSuite.runTest(TestSuite.java:230)
	at junit.framework.TestSuite.run(TestSuite.java:225)
	at junit.framework.TestSuite.runTest(TestSuite.java:230)
	at junit.framework.TestSuite.run(TestSuite.java:225)
	at junit.framework.TestSuite.runTest(TestSuite.java:230)
	at junit.framework.TestSuite.run(TestSuite.java:225)
	at org.apache.tools.ant.taskdefs.optional.junit.JUnitTestRunner.run(JUnitTestRunner.java:421)
	at org.apache.tools.ant.taskdefs.optional.junit.JUnitTestRunner.launch(JUnitTestRunner.java:912)
	at org.apache.tools.ant.taskdefs.optional.junit.JUnitTestRunner.main(JUnitTestRunner.java:766)
2011. 11. 17 오전 8:59:17 com.mongodb.DBTCPConnector fetchMaxBsonObjectSize
경고: Exception determining maxBSON size using0
java.io.IOException: couldn't connect to [/61.250.201.78:27017] bc:java.net.ConnectException: Connection timed out: connect
	at com.mongodb.DBPort._open(DBPort.java:224)
	at com.mongodb.DBPort.go(DBPort.java:101)
	at com.mongodb.DBPort.go(DBPort.java:82)
	at com.mongodb.DBPort.findOne(DBPort.java:142)
	at com.mongodb.DBPort.runCommand(DBPort.java:151)
	at com.mongodb.DBTCPConnector.fetchMaxBsonObjectSize(DBTCPConnector.java:429)
	at com.mongodb.Mongo.getMaxBsonObjectSize(Mongo.java:544)
	at com.mongodb.DBApiLayer$MyCollection.insert(DBApiLayer.java:244)
	at com.mongodb.DBApiLayer$MyCollection.createIndex(DBApiLayer.java:354)
	at com.mongodb.DBCollection.ensureIndex(DBCollection.java:444)
	at com.mongodb.DBCollection.ensureIndex(DBCollection.java:392)
	at net.ion.radon.repository.Workspace.createWorkspace(Workspace.java:64)
	at net.ion.radon.repository.Workspace.load(Workspace.java:43)
	at net.ion.radon.repository.Repository.getWorkspace(Repository.java:28)
	at net.ion.radon.repository.LocalSession.getCurrentWorkspace(LocalSession.java:147)
	at net.ion.radon.repository.LocalSession.dropWorkspace(LocalSession.java:76)
	at net.ion.radon.repository.TestBaseRepository.setUp(TestBaseRepository.java:17)
	at junit.framework.TestCase.runBare(TestCase.java:128)
	at junit.framework.TestResult$1.protect(TestResult.java:106)
	at junit.framework.TestResult.runProtected(TestResult.java:124)
	at junit.framework.TestResult.run(TestResult.java:109)
	at junit.framework.TestCase.run(TestCase.java:120)
	at junit.framework.TestSuite.runTest(TestSuite.java:230)
	at junit.framework.TestSuite.run(TestSuite.java:225)
	at junit.framework.TestSuite.runTest(TestSuite.java:230)
	at junit.framework.TestSuite.run(TestSuite.java:225)
	at junit.framework.TestSuite.runTest(TestSuite.java:230)
	at junit.framework.TestSuite.run(TestSuite.java:225)
	at junit.framework.TestSuite.runTest(TestSuite.java:230)
	at junit.framework.TestSuite.run(TestSuite.java:225)
	at org.apache.tools.ant.taskdefs.optional.junit.JUnitTestRunner.run(JUnitTestRunner.java:421)
	at org.apache.tools.ant.taskdefs.optional.junit.JUnitTestRunner.launch(JUnitTestRunner.java:912)
	at org.apache.tools.ant.taskdefs.optional.junit.JUnitTestRunner.main(JUnitTestRunner.java:766)
2011. 11. 17 오전 8:59:38 com.mongodb.DBTCPConnector fetchMaxBsonObjectSize
경고: Exception determining maxBSON size using0
java.io.IOException: couldn't connect to [/61.250.201.78:27017] bc:java.net.ConnectException: Connection timed out: connect
	at com.mongodb.DBPort._open(DBPort.java:224)
	at com.mongodb.DBPort.go(DBPort.java:101)
	at com.mongodb.DBPort.go(DBPort.java:82)
	at com.mongodb.DBPort.findOne(DBPort.java:142)
	at com.mongodb.DBPort.runCommand(DBPort.java:151)
	at com.mongodb.DBTCPConnector.fetchMaxBsonObjectSize(DBTCPConnector.java:429)
	at com.mongodb.DBTCPConnector.checkMaster(DBTCPConnector.java:416)
	at com.mongodb.DBTCPConnector.say(DBTCPConnector.java:139)
	at com.mongodb.DBTCPConnector.say(DBTCPConnector.java:132)
	at com.mongodb.DBApiLayer$MyCollection.insert(DBApiLayer.java:262)
	at com.mongodb.DBApiLayer$MyCollection.createIndex(DBApiLayer.java:354)
	at com.mongodb.DBCollection.ensureIndex(DBCollection.java:444)
	at com.mongodb.DBCollection.ensureIndex(DBCollection.java:392)
	at net.ion.radon.repository.Workspace.createWorkspace(Workspace.java:64)
	at net.ion.radon.repository.Workspace.load(Workspace.java:43)
	at net.ion.radon.repository.Repository.getWorkspace(Repository.java:28)
	at net.ion.radon.repository.LocalSession.getCurrentWorkspace(LocalSession.java:147)
	at net.ion.radon.repository.LocalSession.dropWorkspace(LocalSession.java:76)
	at net.ion.radon.repository.TestBaseRepository.setUp(TestBaseRepository.java:17)
	at junit.framework.TestCase.runBare(TestCase.java:128)
	at junit.framework.TestResult$1.protect(TestResult.java:106)
	at junit.framework.TestResult.runProtected(TestResult.java:124)
	at junit.framework.TestResult.run(TestResult.java:109)
	at junit.framework.TestCase.run(TestCase.java:120)
	at junit.framework.TestSuite.runTest(TestSuite.java:230)
	at junit.framework.TestSuite.run(TestSuite.java:225)
	at junit.framework.TestSuite.runTest(TestSuite.java:230)
	at junit.framework.TestSuite.run(TestSuite.java:225)
	at junit.framework.TestSuite.runTest(TestSuite.java:230)
	at junit.framework.TestSuite.run(TestSuite.java:225)
	at junit.framework.TestSuite.runTest(TestSuite.java:230)
	at junit.framework.TestSuite.run(TestSuite.java:225)
	at org.apache.tools.ant.taskdefs.optional.junit.JUnitTestRunner.run(JUnitTestRunner.java:421)
	at org.apache.tools.ant.taskdefs.optional.junit.JUnitTestRunner.launch(JUnitTestRunner.java:912)
	at org.apache.tools.ant.taskdefs.optional.junit.JUnitTestRunner.main(JUnitTestRunner.java:766)
2011. 11. 17 오전 8:59:59 com.mongodb.DBPortPool gotError
경고: emptying DBPortPool to 61.250.201.78:27017 b/c of error
java.io.IOException: couldn't connect to [/61.250.201.78:27017] bc:java.net.ConnectException: Connection timed out: connect
	at com.mongodb.DBPort._open(DBPort.java:224)
	at com.mongodb.DBPort.go(DBPort.java:101)
	at com.mongodb.DBPort.go(DBPort.java:82)
	at com.mongodb.DBPort.say(DBPort.java:77)
	at com.mongodb.DBTCPConnector.say(DBTCPConnector.java:146)
	at com.mongodb.DBTCPConnector.say(DBTCPConnector.java:132)
	at com.mongodb.DBApiLayer$MyCollection.insert(DBApiLayer.java:262)
	at com.mongodb.DBApiLayer$MyCollection.createIndex(DBApiLayer.java:354)
	at com.mongodb.DBCollection.ensureIndex(DBCollection.java:444)
	at com.mongodb.DBCollection.ensureIndex(DBCollection.java:392)
	at net.ion.radon.repository.Workspace.createWorkspace(Workspace.java:64)
	at net.ion.radon.repository.Workspace.load(Workspace.java:43)
	at net.ion.radon.repository.Repository.getWorkspace(Repository.java:28)
	at net.ion.radon.repository.LocalSession.getCurrentWorkspace(LocalSession.java:147)
	at net.ion.radon.repository.LocalSession.dropWorkspace(LocalSession.java:76)
	at net.ion.radon.repository.TestBaseRepository.setUp(TestBaseRepository.java:17)
	at junit.framework.TestCase.runBare(TestCase.java:128)
	at junit.framework.TestResult$1.protect(TestResult.java:106)
	at junit.framework.TestResult.runProtected(TestResult.java:124)
	at junit.framework.TestResult.run(TestResult.java:109)
	at junit.framework.TestCase.run(TestCase.java:120)
	at junit.framework.TestSuite.runTest(TestSuite.java:230)
	at junit.framework.TestSuite.run(TestSuite.java:225)
	at junit.framework.TestSuite.runTest(TestSuite.java:230)
	at junit.framework.TestSuite.run(TestSuite.java:225)
	at junit.framework.TestSuite.runTest(TestSuite.java:230)
	at junit.framework.TestSuite.run(TestSuite.java:225)
	at junit.framework.TestSuite.runTest(TestSuite.java:230)
	at junit.framework.TestSuite.run(TestSuite.java:225)
	at org.apache.tools.ant.taskdefs.optional.junit.JUnitTestRunner.run(JUnitTestRunner.java:421)
	at org.apache.tools.ant.taskdefs.optional.junit.JUnitTestRunner.launch(JUnitTestRunner.java:912)
	at org.apache.tools.ant.taskdefs.optional.junit.JUnitTestRunner.main(JUnitTestRunner.java:766)
2011. 11. 17 오전 9:00:20 com.mongodb.DBTCPConnector fetchMaxBsonObjectSize
경고: Exception determining maxBSON size using0
java.io.IOException: couldn't connect to [/61.250.201.78:27017] bc:java.net.ConnectException: Connection timed out: connect
	at com.mongodb.DBPort._open(DBPort.java:224)
	at com.mongodb.DBPort.go(DBPort.java:101)
	at com.mongodb.DBPort.go(DBPort.java:82)
	at com.mongodb.DBPort.findOne(DBPort.java:142)
	at com.mongodb.DBPort.runCommand(DBPort.java:151)
	at com.mongodb.DBTCPConnector.fetchMaxBsonObjectSize(DBTCPConnector.java:429)
	at com.mongodb.Mongo.getMaxBsonObjectSize(Mongo.java:544)
	at com.mongodb.DBApiLayer$MyCollection.insert(DBApiLayer.java:244)
	at com.mongodb.DBApiLayer$MyCollection.createIndex(DBApiLayer.java:354)
	at com.mongodb.DBCollection.ensureIndex(DBCollection.java:444)
	at com.mongodb.DBCollection.ensureIndex(DBCollection.java:392)
	at net.ion.radon.repository.Workspace.createWorkspace(Workspace.java:64)
	at net.ion.radon.repository.Workspace.load(Workspace.java:43)
	at net.ion.radon.repository.Repository.getWorkspace(Repository.java:28)
	at net.ion.radon.repository.LocalSession.getCurrentWorkspace(LocalSession.java:147)
	at net.ion.radon.repository.LocalSession.dropWorkspace(LocalSession.java:76)
	at net.ion.radon.repository.TestBaseRepository.setUp(TestBaseRepository.java:17)
	at junit.framework.TestCase.runBare(TestCase.java:128)
	at junit.framework.TestResult$1.protect(TestResult.java:106)
	at junit.framework.TestResult.runProtected(TestResult.java:124)
	at junit.framework.TestResult.run(TestResult.java:109)
	at junit.framework.TestCase.run(TestCase.java:120)
	at junit.framework.TestSuite.runTest(TestSuite.java:230)
	at junit.framework.TestSuite.run(TestSuite.java:225)
	at junit.framework.TestSuite.runTest(TestSuite.java:230)
	at junit.framework.TestSuite.run(TestSuite.java:225)
	at junit.framework.TestSuite.runTest(TestSuite.java:230)
	at junit.framework.TestSuite.run(TestSuite.java:225)
	at junit.framework.TestSuite.runTest(TestSuite.java:230)
	at junit.framework.TestSuite.run(TestSuite.java:225)
	at org.apache.tools.ant.taskdefs.optional.junit.JUnitTestRunner.run(JUnitTestRunner.java:421)
	at org.apache.tools.ant.taskdefs.optional.junit.JUnitTestRunner.launch(JUnitTestRunner.java:912)
	at org.apache.tools.ant.taskdefs.optional.junit.JUnitTestRunner.main(JUnitTestRunner.java:766)
2011. 11. 17 오전 9:00:41 com.mongodb.DBTCPConnector fetchMaxBsonObjectSize
경고: Exception determining maxBSON size using0
java.io.IOException: couldn't connect to [/61.250.201.78:27017] bc:java.net.ConnectException: Connection timed out: connect
	at com.mongodb.DBPort._open(DBPort.java:224)
	at com.mongodb.DBPort.go(DBPort.java:101)
	at com.mongodb.DBPort.go(DBPort.java:82)
	at com.mongodb.DBPort.findOne(DBPort.java:142)
	at com.mongodb.DBPort.runCommand(DBPort.java:151)
	at com.mongodb.DBTCPConnector.fetchMaxBsonObjectSize(DBTCPConnector.java:429)
	at com.mongodb.DBTCPConnector.checkMaster(DBTCPConnector.java:416)
	at com.mongodb.DBTCPConnector.say(DBTCPConnector.java:139)
	at com.mongodb.DBTCPConnector.say(DBTCPConnector.java:132)
	at com.mongodb.DBApiLayer$MyCollection.insert(DBApiLayer.java:262)
	at com.mongodb.DBApiLayer$MyCollection.createIndex(DBApiLayer.java:354)
	at com.mongodb.DBCollection.ensureIndex(DBCollection.java:444)
	at com.mongodb.DBCollection.ensureIndex(DBCollection.java:392)
	at net.ion.radon.repository.Workspace.createWorkspace(Workspace.java:64)
	at net.ion.radon.repository.Workspace.load(Workspace.java:43)
	at net.ion.radon.repository.Repository.getWorkspace(Repository.java:28)
	at net.ion.radon.repository.LocalSession.getCurrentWorkspace(LocalSession.java:147)
	at net.ion.radon.repository.LocalSession.dropWorkspace(LocalSession.java:76)
	at net.ion.radon.repository.TestBaseRepository.setUp(TestBaseRepository.java:17)
	at junit.framework.TestCase.runBare(TestCase.java:128)
	at junit.framework.TestResult$1.protect(TestResult.java:106)
	at junit.framework.TestResult.runProtected(TestResult.java:124)
	at junit.framework.TestResult.run(TestResult.java:109)
	at junit.framework.TestCase.run(TestCase.java:120)
	at junit.framework.TestSuite.runTest(TestSuite.java:230)
	at junit.framework.TestSuite.run(TestSuite.java:225)
	at junit.framework.TestSuite.runTest(TestSuite.java:230)
	at junit.framework.TestSuite.run(TestSuite.java:225)
	at junit.framework.TestSuite.runTest(TestSuite.java:230)
	at junit.framework.TestSuite.run(TestSuite.java:225)
	at junit.framework.TestSuite.runTest(TestSuite.java:230)
	at junit.framework.TestSuite.run(TestSuite.java:225)
	at org.apache.tools.ant.taskdefs.optional.junit.JUnitTestRunner.run(JUnitTestRunner.java:421)
	at org.apache.tools.ant.taskdefs.optional.junit.JUnitTestRunner.launch(JUnitTestRunner.java:912)
	at org.apache.tools.ant.taskdefs.optional.junit.JUnitTestRunner.main(JUnitTestRunner.java:766)
2011. 11. 17 오전 9:01:02 com.mongodb.DBPortPool gotError
경고: emptying DBPortPool to 61.250.201.78:27017 b/c of error
java.io.IOException: couldn't connect to [/61.250.201.78:27017] bc:java.net.ConnectException: Connection timed out: connect
	at com.mongodb.DBPort._open(DBPort.java:224)
	at com.mongodb.DBPort.go(DBPort.java:101)
	at com.mongodb.DBPort.go(DBPort.java:82)
	at com.mongodb.DBPort.say(DBPort.java:77)
	at com.mongodb.DBTCPConnector.say(DBTCPConnector.java:146)
	at com.mongodb.DBTCPConnector.say(DBTCPConnector.java:132)
	at com.mongodb.DBApiLayer$MyCollection.insert(DBApiLayer.java:262)
	at com.mongodb.DBApiLayer$MyCollection.createIndex(DBApiLayer.java:354)
	at com.mongodb.DBCollection.ensureIndex(DBCollection.java:444)
	at com.mongodb.DBCollection.ensureIndex(DBCollection.java:392)
	at net.ion.radon.repository.Workspace.createWorkspace(Workspace.java:64)
	at net.ion.radon.repository.Workspace.load(Workspace.java:43)
	at net.ion.radon.repository.Repository.getWorkspace(Repository.java:28)
	at net.ion.radon.repository.LocalSession.getCurrentWorkspace(LocalSession.java:147)
	at net.ion.radon.repository.LocalSession.dropWorkspace(LocalSession.java:76)
	at net.ion.radon.repository.TestBaseRepository.setUp(TestBaseRepository.java:17)
	at junit.framework.TestCase.runBare(TestCase.java:128)
	at junit.framework.TestResult$1.protect(TestResult.java:106)
	at junit.framework.TestResult.runProtected(TestResult.java:124)
	at junit.framework.TestResult.run(TestResult.java:109)
	at junit.framework.TestCase.run(TestCase.java:120)
	at junit.framework.TestSuite.runTest(TestSuite.java:230)
	at junit.framework.TestSuite.run(TestSuite.java:225)
	at junit.framework.TestSuite.runTest(TestSuite.java:230)
	at junit.framework.TestSuite.run(TestSuite.java:225)
	at junit.framework.TestSuite.runTest(TestSuite.java:230)
	at junit.framework.TestSuite.run(TestSuite.java:225)
	at junit.framework.TestSuite.runTest(TestSuite.java:230)
	at junit.framework.TestSuite.run(TestSuite.java:225)
	at org.apache.tools.ant.taskdefs.optional.junit.JUnitTestRunner.run(JUnitTestRunner.java:421)
	at org.apache.tools.ant.taskdefs.optional.junit.JUnitTestRunner.launch(JUnitTestRunner.java:912)
	at org.apache.tools.ant.taskdefs.optional.junit.JUnitTestRunner.main(JUnitTestRunner.java:766)
2011. 11. 17 오전 9:01:23 com.mongodb.DBTCPConnector fetchMaxBsonObjectSize
경고: Exception determining maxBSON size using0
java.io.IOException: couldn't connect to [/61.250.201.78:27017] bc:java.net.ConnectException: Connection timed out: connect
	at com.mongodb.DBPort._open(DBPort.java:224)
	at com.mongodb.DBPort.go(DBPort.java:101)
	at com.mongodb.DBPort.go(DBPort.java:82)
	at com.mongodb.DBPort.findOne(DBPort.java:142)
	at com.mongodb.DBPort.runCommand(DBPort.java:151)
	at com.mongodb.DBTCPConnector.fetchMaxBsonObjectSize(DBTCPConnector.java:429)
	at com.mongodb.Mongo.getMaxBsonObjectSize(Mongo.java:544)
	at com.mongodb.DBApiLayer$MyCollection.insert(DBApiLayer.java:244)
	at com.mongodb.DBApiLayer$MyCollection.createIndex(DBApiLayer.java:354)
	at com.mongodb.DBCollection.ensureIndex(DBCollection.java:444)
	at com.mongodb.DBCollection.ensureIndex(DBCollection.java:392)
	at net.ion.radon.repository.Workspace.createWorkspace(Workspace.java:64)
	at net.ion.radon.repository.Workspace.load(Workspace.java:43)
	at net.ion.radon.repository.Repository.getWorkspace(Repository.java:28)
	at net.ion.radon.repository.LocalSession.getCurrentWorkspace(LocalSession.java:147)
	at net.ion.radon.repository.LocalSession.dropWorkspace(LocalSession.java:76)
	at net.ion.radon.repository.TestBaseRepository.setUp(TestBaseRepository.java:17)
	at junit.framework.TestCase.runBare(TestCase.java:128)
	at junit.framework.TestResult$1.protect(TestResult.java:106)
	at junit.framework.TestResult.runProtected(TestResult.java:124)
	at junit.framework.TestResult.run(TestResult.java:109)
	at junit.framework.TestCase.run(TestCase.java:120)
	at junit.framework.TestSuite.runTest(TestSuite.java:230)
	at junit.framework.TestSuite.run(TestSuite.java:225)
	at junit.framework.TestSuite.runTest(TestSuite.java:230)
	at junit.framework.TestSuite.run(TestSuite.java:225)
	at junit.framework.TestSuite.runTest(TestSuite.java:230)
	at junit.framework.TestSuite.run(TestSuite.java:225)
	at junit.framework.TestSuite.runTest(TestSuite.java:230)
	at junit.framework.TestSuite.run(TestSuite.java:225)
	at org.apache.tools.ant.taskdefs.optional.junit.JUnitTestRunner.run(JUnitTestRunner.java:421)
	at org.apache.tools.ant.taskdefs.optional.junit.JUnitTestRunner.launch(JUnitTestRunner.java:912)
	at org.apache.tools.ant.taskdefs.optional.junit.JUnitTestRunner.main(JUnitTestRunner.java:766)
2011. 11. 17 오전 9:01:44 com.mongodb.DBTCPConnector fetchMaxBsonObjectSize
경고: Exception determining maxBSON size using0
java.io.IOException: couldn't connect to [/61.250.201.78:27017] bc:java.net.ConnectException: Connection timed out: connect
	at com.mongodb.DBPort._open(DBPort.java:224)
	at com.mongodb.DBPort.go(DBPort.java:101)
	at com.mongodb.DBPort.go(DBPort.java:82)
	at com.mongodb.DBPort.findOne(DBPort.java:142)
	at com.mongodb.DBPort.runCommand(DBPort.java:151)
	at com.mongodb.DBTCPConnector.fetchMaxBsonObjectSize(DBTCPConnector.java:429)
	at com.mongodb.DBTCPConnector.checkMaster(DBTCPConnector.java:416)
	at com.mongodb.DBTCPConnector.say(DBTCPConnector.java:139)
	at com.mongodb.DBTCPConnector.say(DBTCPConnector.java:132)
	at com.mongodb.DBApiLayer$MyCollection.insert(DBApiLayer.java:262)
	at com.mongodb.DBApiLayer$MyCollection.createIndex(DBApiLayer.java:354)
	at com.mongodb.DBCollection.ensureIndex(DBCollection.java:444)
	at com.mongodb.DBCollection.ensureIndex(DBCollection.java:392)
	at net.ion.radon.repository.Workspace.createWorkspace(Workspace.java:64)
	at net.ion.radon.repository.Workspace.load(Workspace.java:43)
	at net.ion.radon.repository.Repository.getWorkspace(Repository.java:28)
	at net.ion.radon.repository.LocalSession.getCurrentWorkspace(LocalSession.java:147)
	at net.ion.radon.repository.LocalSession.dropWorkspace(LocalSession.java:76)
	at net.ion.radon.repository.TestBaseRepository.setUp(TestBaseRepository.java:17)
	at junit.framework.TestCase.runBare(TestCase.java:128)
	at junit.framework.TestResult$1.protect(TestResult.java:106)
	at junit.framework.TestResult.runProtected(TestResult.java:124)
	at junit.framework.TestResult.run(TestResult.java:109)
	at junit.framework.TestCase.run(TestCase.java:120)
	at junit.framework.TestSuite.runTest(TestSuite.java:230)
	at junit.framework.TestSuite.run(TestSuite.java:225)
	at junit.framework.TestSuite.runTest(TestSuite.java:230)
	at junit.framework.TestSuite.run(TestSuite.java:225)
	at junit.framework.TestSuite.runTest(TestSuite.java:230)
	at junit.framework.TestSuite.run(TestSuite.java:225)
	at junit.framework.TestSuite.runTest(TestSuite.java:230)
	at junit.framework.TestSuite.run(TestSuite.java:225)
	at org.apache.tools.ant.taskdefs.optional.junit.JUnitTestRunner.run(JUnitTestRunner.java:421)
	at org.apache.tools.ant.taskdefs.optional.junit.JUnitTestRunner.launch(JUnitTestRunner.java:912)
	at org.apache.tools.ant.taskdefs.optional.junit.JUnitTestRunner.main(JUnitTestRunner.java:766)
2011. 11. 17 오전 9:02:05 com.mongodb.DBPortPool gotError
경고: emptying DBPortPool to 61.250.201.78:27017 b/c of error
java.io.IOException: couldn't connect to [/61.250.201.78:27017] bc:java.net.ConnectException: Connection timed out: connect
	at com.mongodb.DBPort._open(DBPort.java:224)
	at com.mongodb.DBPort.go(DBPort.java:101)
	at com.mongodb.DBPort.go(DBPort.java:82)
	at com.mongodb.DBPort.say(DBPort.java:77)
	at com.mongodb.DBTCPConnector.say(DBTCPConnector.java:146)
	at com.mongodb.DBTCPConnector.say(DBTCPConnector.java:132)
	at com.mongodb.DBApiLayer$MyCollection.insert(DBApiLayer.java:262)
	at com.mongodb.DBApiLayer$MyCollection.createIndex(DBApiLayer.java:354)
	at com.mongodb.DBCollection.ensureIndex(DBCollection.java:444)
	at com.mongodb.DBCollection.ensureIndex(DBCollection.java:392)
	at net.ion.radon.repository.Workspace.createWorkspace(Workspace.java:64)
	at net.ion.radon.repository.Workspace.load(Workspace.java:43)
	at net.ion.radon.repository.Repository.getWorkspace(Repository.java:28)
	at net.ion.radon.repository.LocalSession.getCurrentWorkspace(LocalSession.java:147)
	at net.ion.radon.repository.LocalSession.dropWorkspace(LocalSession.java:76)
	at net.ion.radon.repository.TestBaseRepository.setUp(TestBaseRepository.java:17)
	at junit.framework.TestCase.runBare(TestCase.java:128)
	at junit.framework.TestResult$1.protect(TestResult.java:106)
	at junit.framework.TestResult.runProtected(TestResult.java:124)
	at junit.framework.TestResult.run(TestResult.java:109)
	at junit.framework.TestCase.run(TestCase.java:120)
	at junit.framework.TestSuite.runTest(TestSuite.java:230)
	at junit.framework.TestSuite.run(TestSuite.java:225)
	at junit.framework.TestSuite.runTest(TestSuite.java:230)
	at junit.framework.TestSuite.run(TestSuite.java:225)
	at junit.framework.TestSuite.runTest(TestSuite.java:230)
	at junit.framework.TestSuite.run(TestSuite.java:225)
	at junit.framework.TestSuite.runTest(TestSuite.java:230)
	at junit.framework.TestSuite.run(TestSuite.java:225)
	at org.apache.tools.ant.taskdefs.optional.junit.JUnitTestRunner.run(JUnitTestRunner.java:421)
	at org.apache.tools.ant.taskdefs.optional.junit.JUnitTestRunner.launch(JUnitTestRunner.java:912)
	at org.apache.tools.ant.taskdefs.optional.junit.JUnitTestRunner.main(JUnitTestRunner.java:766)
2011. 11. 17 오전 9:02:26 com.mongodb.DBTCPConnector fetchMaxBsonObjectSize
경고: Exception determining maxBSON size using0
java.io.IOException: couldn't connect to [/61.250.201.78:27017] bc:java.net.ConnectException: Connection timed out: connect
	at com.mongodb.DBPort._open(DBPort.java:224)
	at com.mongodb.DBPort.go(DBPort.java:101)
	at com.mongodb.DBPort.go(DBPort.java:82)
	at com.mongodb.DBPort.findOne(DBPort.java:142)
	at com.mongodb.DBPort.runCommand(DBPort.java:151)
	at com.mongodb.DBTCPConnector.fetchMaxBsonObjectSize(DBTCPConnector.java:429)
	at com.mongodb.Mongo.getMaxBsonObjectSize(Mongo.java:544)
	at com.mongodb.DBApiLayer$MyCollection.insert(DBApiLayer.java:244)
	at com.mongodb.DBApiLayer$MyCollection.createIndex(DBApiLayer.java:354)
	at com.mongodb.DBCollection.ensureIndex(DBCollection.java:444)
	at com.mongodb.DBCollection.ensureIndex(DBCollection.java:392)
	at net.ion.radon.repository.Workspace.createWorkspace(Workspace.java:64)
	at net.ion.radon.repository.Workspace.load(Workspace.java:43)
	at net.ion.radon.repository.Repository.getWorkspace(Repository.java:28)
	at net.ion.radon.repository.LocalSession.getCurrentWorkspace(LocalSession.java:147)
	at net.ion.radon.repository.LocalSession.dropWorkspace(LocalSession.java:76)
	at net.ion.radon.repository.TestBaseRepository.setUp(TestBaseRepository.java:17)
	at junit.framework.TestCase.runBare(TestCase.java:128)
	at junit.framework.TestResult$1.protect(TestResult.java:106)
	at junit.framework.TestResult.runProtected(TestResult.java:124)
	at junit.framework.TestResult.run(TestResult.java:109)
	at junit.framework.TestCase.run(TestCase.java:120)
	at junit.framework.TestSuite.runTest(TestSuite.java:230)
	at junit.framework.TestSuite.run(TestSuite.java:225)
	at junit.framework.TestSuite.runTest(TestSuite.java:230)
	at junit.framework.TestSuite.run(TestSuite.java:225)
	at junit.framework.TestSuite.runTest(TestSuite.java:230)
	at junit.framework.TestSuite.run(TestSuite.java:225)
	at junit.framework.TestSuite.runTest(TestSuite.java:230)
	at junit.framework.TestSuite.run(TestSuite.java:225)
	at org.apache.tools.ant.taskdefs.optional.junit.JUnitTestRunner.run(JUnitTestRunner.java:421)
	at org.apache.tools.ant.taskdefs.optional.junit.JUnitTestRunner.launch(JUnitTestRunner.java:912)
	at org.apache.tools.ant.taskdefs.optional.junit.JUnitTestRunner.main(JUnitTestRunner.java:766)
2011. 11. 17 오전 9:02:47 com.mongodb.DBTCPConnector fetchMaxBsonObjectSize
경고: Exception determining maxBSON size using0
java.io.IOException: couldn't connect to [/61.250.201.78:27017] bc:java.net.ConnectException: Connection timed out: connect
	at com.mongodb.DBPort._open(DBPort.java:224)
	at com.mongodb.DBPort.go(DBPort.java:101)
	at com.mongodb.DBPort.go(DBPort.java:82)
	at com.mongodb.DBPort.findOne(DBPort.java:142)
	at com.mongodb.DBPort.runCommand(DBPort.java:151)
	at com.mongodb.DBTCPConnector.fetchMaxBsonObjectSize(DBTCPConnector.java:429)
	at com.mongodb.DBTCPConnector.checkMaster(DBTCPConnector.java:416)
	at com.mongodb.DBTCPConnector.say(DBTCPConnector.java:139)
	at com.mongodb.DBTCPConnector.say(DBTCPConnector.java:132)
	at com.mongodb.DBApiLayer$MyCollection.insert(DBApiLayer.java:262)
	at com.mongodb.DBApiLayer$MyCollection.createIndex(DBApiLayer.java:354)
	at com.mongodb.DBCollection.ensureIndex(DBCollection.java:444)
	at com.mongodb.DBCollection.ensureIndex(DBCollection.java:392)
	at net.ion.radon.repository.Workspace.createWorkspace(Workspace.java:64)
	at net.ion.radon.repository.Workspace.load(Workspace.java:43)
	at net.ion.radon.repository.Repository.getWorkspace(Repository.java:28)
	at net.ion.radon.repository.LocalSession.getCurrentWorkspace(LocalSession.java:147)
	at net.ion.radon.repository.LocalSession.dropWorkspace(LocalSession.java:76)
	at net.ion.radon.repository.TestBaseRepository.setUp(TestBaseRepository.java:17)
	at junit.framework.TestCase.runBare(TestCase.java:128)
	at junit.framework.TestResult$1.protect(TestResult.java:106)
	at junit.framework.TestResult.runProtected(TestResult.java:124)
	at junit.framework.TestResult.run(TestResult.java:109)
	at junit.framework.TestCase.run(TestCase.java:120)
	at junit.framework.TestSuite.runTest(TestSuite.java:230)
	at junit.framework.TestSuite.run(TestSuite.java:225)
	at junit.framework.TestSuite.runTest(TestSuite.java:230)
	at junit.framework.TestSuite.run(TestSuite.java:225)
	at junit.framework.TestSuite.runTest(TestSuite.java:230)
	at junit.framework.TestSuite.run(TestSuite.java:225)
	at junit.framework.TestSuite.runTest(TestSuite.java:230)
	at junit.framework.TestSuite.run(TestSuite.java:225)
	at org.apache.tools.ant.taskdefs.optional.junit.JUnitTestRunner.run(JUnitTestRunner.java:421)
	at org.apache.tools.ant.taskdefs.optional.junit.JUnitTestRunner.launch(JUnitTestRunner.java:912)
	at org.apache.tools.ant.taskdefs.optional.junit.JUnitTestRunner.main(JUnitTestRunner.java:766)
2011. 11. 17 오전 9:03:08 com.mongodb.DBPortPool gotError
경고: emptying DBPortPool to 61.250.201.78:27017 b/c of error
java.io.IOException: couldn't connect to [/61.250.201.78:27017] bc:java.net.ConnectException: Connection timed out: connect
	at com.mongodb.DBPort._open(DBPort.java:224)
	at com.mongodb.DBPort.go(DBPort.java:101)
	at com.mongodb.DBPort.go(DBPort.java:82)
	at com.mongodb.DBPort.say(DBPort.java:77)
	at com.mongodb.DBTCPConnector.say(DBTCPConnector.java:146)
	at com.mongodb.DBTCPConnector.say(DBTCPConnector.java:132)
	at com.mongodb.DBApiLayer$MyCollection.insert(DBApiLayer.java:262)
	at com.mongodb.DBApiLayer$MyCollection.createIndex(DBApiLayer.java:354)
	at com.mongodb.DBCollection.ensureIndex(DBCollection.java:444)
	at com.mongodb.DBCollection.ensureIndex(DBCollection.java:392)
	at net.ion.radon.repository.Workspace.createWorkspace(Workspace.java:64)
	at net.ion.radon.repository.Workspace.load(Workspace.java:43)
	at net.ion.radon.repository.Repository.getWorkspace(Repository.java:28)
	at net.ion.radon.repository.LocalSession.getCurrentWorkspace(LocalSession.java:147)
	at net.ion.radon.repository.LocalSession.dropWorkspace(LocalSession.java:76)
	at net.ion.radon.repository.TestBaseRepository.setUp(TestBaseRepository.java:17)
	at junit.framework.TestCase.runBare(TestCase.java:128)
	at junit.framework.TestResult$1.protect(TestResult.java:106)
	at junit.framework.TestResult.runProtected(TestResult.java:124)
	at junit.framework.TestResult.run(TestResult.java:109)
	at junit.framework.TestCase.run(TestCase.java:120)
	at junit.framework.TestSuite.runTest(TestSuite.java:230)
	at junit.framework.TestSuite.run(TestSuite.java:225)
	at junit.framework.TestSuite.runTest(TestSuite.java:230)
	at junit.framework.TestSuite.run(TestSuite.java:225)
	at junit.framework.TestSuite.runTest(TestSuite.java:230)
	at junit.framework.TestSuite.run(TestSuite.java:225)
	at junit.framework.TestSuite.runTest(TestSuite.java:230)
	at junit.framework.TestSuite.run(TestSuite.java:225)
	at org.apache.tools.ant.taskdefs.optional.junit.JUnitTestRunner.run(JUnitTestRunner.java:421)
	at org.apache.tools.ant.taskdefs.optional.junit.JUnitTestRunner.launch(JUnitTestRunner.java:912)
	at org.apache.tools.ant.taskdefs.optional.junit.JUnitTestRunner.main(JUnitTestRunner.java:766)
2011. 11. 17 오전 9:03:29 com.mongodb.DBTCPConnector fetchMaxBsonObjectSize
경고: Exception determining maxBSON size using0
java.io.IOException: couldn't connect to [/61.250.201.78:27017] bc:java.net.ConnectException: Connection timed out: connect
	at com.mongodb.DBPort._open(DBPort.java:224)
	at com.mongodb.DBPort.go(DBPort.java:101)
	at com.mongodb.DBPort.go(DBPort.java:82)
	at com.mongodb.DBPort.findOne(DBPort.java:142)
	at com.mongodb.DBPort.runCommand(DBPort.java:151)
	at com.mongodb.DBTCPConnector.fetchMaxBsonObjectSize(DBTCPConnector.java:429)
	at com.mongodb.Mongo.getMaxBsonObjectSize(Mongo.java:544)
	at com.mongodb.DBApiLayer$MyCollection.insert(DBApiLayer.java:244)
	at com.mongodb.DBApiLayer$MyCollection.createIndex(DBApiLayer.java:354)
	at com.mongodb.DBCollection.ensureIndex(DBCollection.java:444)
	at com.mongodb.DBCollection.ensureIndex(DBCollection.java:392)
	at net.ion.radon.repository.Workspace.createWorkspace(Workspace.java:64)
	at net.ion.radon.repository.Workspace.load(Workspace.java:43)
	at net.ion.radon.repository.Repository.getWorkspace(Repository.java:28)
	at net.ion.radon.repository.LocalSession.getCurrentWorkspace(LocalSession.java:147)
	at net.ion.radon.repository.LocalSession.dropWorkspace(LocalSession.java:76)
	at net.ion.radon.repository.TestBaseRepository.setUp(TestBaseRepository.java:17)
	at junit.framework.TestCase.runBare(TestCase.java:128)
	at junit.framework.TestResult$1.protect(TestResult.java:106)
	at junit.framework.TestResult.runProtected(TestResult.java:124)
	at junit.framework.TestResult.run(TestResult.java:109)
	at junit.framework.TestCase.run(TestCase.java:120)
	at junit.framework.TestSuite.runTest(TestSuite.java:230)
	at junit.framework.TestSuite.run(TestSuite.java:225)
	at junit.framework.TestSuite.runTest(TestSuite.java:230)
	at junit.framework.TestSuite.run(TestSuite.java:225)
	at junit.framework.TestSuite.runTest(TestSuite.java:230)
	at junit.framework.TestSuite.run(TestSuite.java:225)
	at junit.framework.TestSuite.runTest(TestSuite.java:230)
	at junit.framework.TestSuite.run(TestSuite.java:225)
	at org.apache.tools.ant.taskdefs.optional.junit.JUnitTestRunner.run(JUnitTestRunner.java:421)
	at org.apache.tools.ant.taskdefs.optional.junit.JUnitTestRunner.launch(JUnitTestRunner.java:912)
	at org.apache.tools.ant.taskdefs.optional.junit.JUnitTestRunner.main(JUnitTestRunner.java:766)
2011. 11. 17 오전 9:03:50 com.mongodb.DBTCPConnector fetchMaxBsonObjectSize
경고: Exception determining maxBSON size using0
java.io.IOException: couldn't connect to [/61.250.201.78:27017] bc:java.net.ConnectException: Connection timed out: connect
	at com.mongodb.DBPort._open(DBPort.java:224)
	at com.mongodb.DBPort.go(DBPort.java:101)
	at com.mongodb.DBPort.go(DBPort.java:82)
	at com.mongodb.DBPort.findOne(DBPort.java:142)
	at com.mongodb.DBPort.runCommand(DBPort.java:151)
	at com.mongodb.DBTCPConnector.fetchMaxBsonObjectSize(DBTCPConnector.java:429)
	at com.mongodb.DBTCPConnector.checkMaster(DBTCPConnector.java:416)
	at com.mongodb.DBTCPConnector.say(DBTCPConnector.java:139)
	at com.mongodb.DBTCPConnector.say(DBTCPConnector.java:132)
	at com.mongodb.DBApiLayer$MyCollection.insert(DBApiLayer.java:262)
	at com.mongodb.DBApiLayer$MyCollection.createIndex(DBApiLayer.java:354)
	at com.mongodb.DBCollection.ensureIndex(DBCollection.java:444)
	at com.mongodb.DBCollection.ensureIndex(DBCollection.java:392)
	at net.ion.radon.repository.Workspace.createWorkspace(Workspace.java:64)
	at net.ion.radon.repository.Workspace.load(Workspace.java:43)
	at net.ion.radon.repository.Repository.getWorkspace(Repository.java:28)
	at net.ion.radon.repository.LocalSession.getCurrentWorkspace(LocalSession.java:147)
	at net.ion.radon.repository.LocalSession.dropWorkspace(LocalSession.java:76)
	at net.ion.radon.repository.TestBaseRepository.setUp(TestBaseRepository.java:17)
	at junit.framework.TestCase.runBare(TestCase.java:128)
	at junit.framework.TestResult$1.protect(TestResult.java:106)
	at junit.framework.TestResult.runProtected(TestResult.java:124)
	at junit.framework.TestResult.run(TestResult.java:109)
	at junit.framework.TestCase.run(TestCase.java:120)
	at junit.framework.TestSuite.runTest(TestSuite.java:230)
	at junit.framework.TestSuite.run(TestSuite.java:225)
	at junit.framework.TestSuite.runTest(TestSuite.java:230)
	at junit.framework.TestSuite.run(TestSuite.java:225)
	at junit.framework.TestSuite.runTest(TestSuite.java:230)
	at junit.framework.TestSuite.run(TestSuite.java:225)
	at junit.framework.TestSuite.runTest(TestSuite.java:230)
	at junit.framework.TestSuite.run(TestSuite.java:225)
	at org.apache.tools.ant.taskdefs.optional.junit.JUnitTestRunner.run(JUnitTestRunner.java:421)
	at org.apache.tools.ant.taskdefs.optional.junit.JUnitTestRunner.launch(JUnitTestRunner.java:912)
	at org.apache.tools.ant.taskdefs.optional.junit.JUnitTestRunner.main(JUnitTestRunner.java:766)
2011. 11. 17 오전 9:04:11 com.mongodb.DBPortPool gotError
경고: emptying DBPortPool to 61.250.201.78:27017 b/c of error
java.io.IOException: couldn't connect to [/61.250.201.78:27017] bc:java.net.ConnectException: Connection timed out: connect
	at com.mongodb.DBPort._open(DBPort.java:224)
	at com.mongodb.DBPort.go(DBPort.java:101)
	at com.mongodb.DBPort.go(DBPort.java:82)
	at com.mongodb.DBPort.say(DBPort.java:77)
	at com.mongodb.DBTCPConnector.say(DBTCPConnector.java:146)
	at com.mongodb.DBTCPConnector.say(DBTCPConnector.java:132)
	at com.mongodb.DBApiLayer$MyCollection.insert(DBApiLayer.java:262)
	at com.mongodb.DBApiLayer$MyCollection.createIndex(DBApiLayer.java:354)
	at com.mongodb.DBCollection.ensureIndex(DBCollection.java:444)
	at com.mongodb.DBCollection.ensureIndex(DBCollection.java:392)
	at net.ion.radon.repository.Workspace.createWorkspace(Workspace.java:64)
	at net.ion.radon.repository.Workspace.load(Workspace.java:43)
	at net.ion.radon.repository.Repository.getWorkspace(Repository.java:28)
	at net.ion.radon.repository.LocalSession.getCurrentWorkspace(LocalSession.java:147)
	at net.ion.radon.repository.LocalSession.dropWorkspace(LocalSession.java:76)
	at net.ion.radon.repository.TestBaseRepository.setUp(TestBaseRepository.java:17)
	at junit.framework.TestCase.runBare(TestCase.java:128)
	at junit.framework.TestResult$1.protect(TestResult.java:106)
	at junit.framework.TestResult.runProtected(TestResult.java:124)
	at junit.framework.TestResult.run(TestResult.java:109)
	at junit.framework.TestCase.run(TestCase.java:120)
	at junit.framework.TestSuite.runTest(TestSuite.java:230)
	at junit.framework.TestSuite.run(TestSuite.java:225)
	at junit.framework.TestSuite.runTest(TestSuite.java:230)
	at junit.framework.TestSuite.run(TestSuite.java:225)
	at junit.framework.TestSuite.runTest(TestSuite.java:230)
	at junit.framework.TestSuite.run(TestSuite.java:225)
	at junit.framework.TestSuite.runTest(TestSuite.java:230)
	at junit.framework.TestSuite.run(TestSuite.java:225)
	at org.apache.tools.ant.taskdefs.optional.junit.JUnitTestRunner.run(JUnitTestRunner.java:421)
	at org.apache.tools.ant.taskdefs.optional.junit.JUnitTestRunner.launch(JUnitTestRunner.java:912)
	at org.apache.tools.ant.taskdefs.optional.junit.JUnitTestRunner.main(JUnitTestRunner.java:766)
2011. 11. 17 오전 9:04:32 com.mongodb.DBTCPConnector fetchMaxBsonObjectSize
경고: Exception determining maxBSON size using0
java.io.IOException: couldn't connect to [/61.250.201.78:27017] bc:java.net.ConnectException: Connection timed out: connect
	at com.mongodb.DBPort._open(DBPort.java:224)
	at com.mongodb.DBPort.go(DBPort.java:101)
	at com.mongodb.DBPort.go(DBPort.java:82)
	at com.mongodb.DBPort.findOne(DBPort.java:142)
	at com.mongodb.DBPort.runCommand(DBPort.java:151)
	at com.mongodb.DBTCPConnector.fetchMaxBsonObjectSize(DBTCPConnector.java:429)
	at com.mongodb.Mongo.getMaxBsonObjectSize(Mongo.java:544)
	at com.mongodb.DBApiLayer$MyCollection.insert(DBApiLayer.java:244)
	at com.mongodb.DBApiLayer$MyCollection.createIndex(DBApiLayer.java:354)
	at com.mongodb.DBCollection.ensureIndex(DBCollection.java:444)
	at com.mongodb.DBCollection.ensureIndex(DBCollection.java:392)
	at net.ion.radon.repository.Workspace.createWorkspace(Workspace.java:64)
	at net.ion.radon.repository.Workspace.load(Workspace.java:43)
	at net.ion.radon.repository.Repository.getWorkspace(Repository.java:28)
	at net.ion.radon.repository.LocalSession.getCurrentWorkspace(LocalSession.java:147)
	at net.ion.radon.repository.LocalSession.dropWorkspace(LocalSession.java:76)
	at net.ion.radon.repository.TestBaseRepository.setUp(TestBaseRepository.java:17)
	at junit.framework.TestCase.runBare(TestCase.java:128)
	at junit.framework.TestResult$1.protect(TestResult.java:106)
	at junit.framework.TestResult.runProtected(TestResult.java:124)
	at junit.framework.TestResult.run(TestResult.java:109)
	at junit.framework.TestCase.run(TestCase.java:120)
	at junit.framework.TestSuite.runTest(TestSuite.java:230)
	at junit.framework.TestSuite.run(TestSuite.java:225)
	at junit.framework.TestSuite.runTest(TestSuite.java:230)
	at junit.framework.TestSuite.run(TestSuite.java:225)
	at junit.framework.TestSuite.runTest(TestSuite.java:230)
	at junit.framework.TestSuite.run(TestSuite.java:225)
	at junit.framework.TestSuite.runTest(TestSuite.java:230)
	at junit.framework.TestSuite.run(TestSuite.java:225)
	at org.apache.tools.ant.taskdefs.optional.junit.JUnitTestRunner.run(JUnitTestRunner.java:421)
	at org.apache.tools.ant.taskdefs.optional.junit.JUnitTestRunner.launch(JUnitTestRunner.java:912)
	at org.apache.tools.ant.taskdefs.optional.junit.JUnitTestRunner.main(JUnitTestRunner.java:766)
2011. 11. 17 오전 9:04:53 com.mongodb.DBTCPConnector fetchMaxBsonObjectSize
경고: Exception determining maxBSON size using0
java.io.IOException: couldn't connect to [/61.250.201.78:27017] bc:java.net.ConnectException: Connection timed out: connect
	at com.mongodb.DBPort._open(DBPort.java:224)
	at com.mongodb.DBPort.go(DBPort.java:101)
	at com.mongodb.DBPort.go(DBPort.java:82)
	at com.mongodb.DBPort.findOne(DBPort.java:142)
	at com.mongodb.DBPort.runCommand(DBPort.java:151)
	at com.mongodb.DBTCPConnector.fetchMaxBsonObjectSize(DBTCPConnector.java:429)
	at com.mongodb.DBTCPConnector.checkMaster(DBTCPConnector.java:416)
	at com.mongodb.DBTCPConnector.say(DBTCPConnector.java:139)
	at com.mongodb.DBTCPConnector.say(DBTCPConnector.java:132)
	at com.mongodb.DBApiLayer$MyCollection.insert(DBApiLayer.java:262)
	at com.mongodb.DBApiLayer$MyCollection.createIndex(DBApiLayer.java:354)
	at com.mongodb.DBCollection.ensureIndex(DBCollection.java:444)
	at com.mongodb.DBCollection.ensureIndex(DBCollection.java:392)
	at net.ion.radon.repository.Workspace.createWorkspace(Workspace.java:64)
	at net.ion.radon.repository.Workspace.load(Workspace.java:43)
	at net.ion.radon.repository.Repository.getWorkspace(Repository.java:28)
	at net.ion.radon.repository.LocalSession.getCurrentWorkspace(LocalSession.java:147)
	at net.ion.radon.repository.LocalSession.dropWorkspace(LocalSession.java:76)
	at net.ion.radon.repository.TestBaseRepository.setUp(TestBaseRepository.java:17)
	at junit.framework.TestCase.runBare(TestCase.java:128)
	at junit.framework.TestResult$1.protect(TestResult.java:106)
	at junit.framework.TestResult.runProtected(TestResult.java:124)
	at junit.framework.TestResult.run(TestResult.java:109)
	at junit.framework.TestCase.run(TestCase.java:120)
	at junit.framework.TestSuite.runTest(TestSuite.java:230)
	at junit.framework.TestSuite.run(TestSuite.java:225)
	at junit.framework.TestSuite.runTest(TestSuite.java:230)
	at junit.framework.TestSuite.run(TestSuite.java:225)
	at junit.framework.TestSuite.runTest(TestSuite.java:230)
	at junit.framework.TestSuite.run(TestSuite.java:225)
	at junit.framework.TestSuite.runTest(TestSuite.java:230)
	at junit.framework.TestSuite.run(TestSuite.java:225)
	at org.apache.tools.ant.taskdefs.optional.junit.JUnitTestRunner.run(JUnitTestRunner.java:421)
	at org.apache.tools.ant.taskdefs.optional.junit.JUnitTestRunner.launch(JUnitTestRunner.java:912)
	at org.apache.tools.ant.taskdefs.optional.junit.JUnitTestRunner.main(JUnitTestRunner.java:766)
2011. 11. 17 오전 9:05:14 com.mongodb.DBPortPool gotError
경고: emptying DBPortPool to 61.250.201.78:27017 b/c of error
java.io.IOException: couldn't connect to [/61.250.201.78:27017] bc:java.net.ConnectException: Connection timed out: connect
	at com.mongodb.DBPort._open(DBPort.java:224)
	at com.mongodb.DBPort.go(DBPort.java:101)
	at com.mongodb.DBPort.go(DBPort.java:82)
	at com.mongodb.DBPort.say(DBPort.java:77)
	at com.mongodb.DBTCPConnector.say(DBTCPConnector.java:146)
	at com.mongodb.DBTCPConnector.say(DBTCPConnector.java:132)
	at com.mongodb.DBApiLayer$MyCollection.insert(DBApiLayer.java:262)
	at com.mongodb.DBApiLayer$MyCollection.createIndex(DBApiLayer.java:354)
	at com.mongodb.DBCollection.ensureIndex(DBCollection.java:444)
	at com.mongodb.DBCollection.ensureIndex(DBCollection.java:392)
	at net.ion.radon.repository.Workspace.createWorkspace(Workspace.java:64)
	at net.ion.radon.repository.Workspace.load(Workspace.java:43)
	at net.ion.radon.repository.Repository.getWorkspace(Repository.java:28)
	at net.ion.radon.repository.LocalSession.getCurrentWorkspace(LocalSession.java:147)
	at net.ion.radon.repository.LocalSession.dropWorkspace(LocalSession.java:76)
	at net.ion.radon.repository.TestBaseRepository.setUp(TestBaseRepository.java:17)
	at junit.framework.TestCase.runBare(TestCase.java:128)
	at junit.framework.TestResult$1.protect(TestResult.java:106)
	at junit.framework.TestResult.runProtected(TestResult.java:124)
	at junit.framework.TestResult.run(TestResult.java:109)
	at junit.framework.TestCase.run(TestCase.java:120)
	at junit.framework.TestSuite.runTest(TestSuite.java:230)
	at junit.framework.TestSuite.run(TestSuite.java:225)
	at junit.framework.TestSuite.runTest(TestSuite.java:230)
	at junit.framework.TestSuite.run(TestSuite.java:225)
	at junit.framework.TestSuite.runTest(TestSuite.java:230)
	at junit.framework.TestSuite.run(TestSuite.java:225)
	at junit.framework.TestSuite.runTest(TestSuite.java:230)
	at junit.framework.TestSuite.run(TestSuite.java:225)
	at org.apache.tools.ant.taskdefs.optional.junit.JUnitTestRunner.run(JUnitTestRunner.java:421)
	at org.apache.tools.ant.taskdefs.optional.junit.JUnitTestRunner.launch(JUnitTestRunner.java:912)
	at org.apache.tools.ant.taskdefs.optional.junit.JUnitTestRunner.main(JUnitTestRunner.java:766)
2011. 11. 17 오전 9:05:35 com.mongodb.DBTCPConnector fetchMaxBsonObjectSize
경고: Exception determining maxBSON size using0
java.io.IOException: couldn't connect to [/61.250.201.78:27017] bc:java.net.ConnectException: Connection timed out: connect
	at com.mongodb.DBPort._open(DBPort.java:224)
	at com.mongodb.DBPort.go(DBPort.java:101)
	at com.mongodb.DBPort.go(DBPort.java:82)
	at com.mongodb.DBPort.findOne(DBPort.java:142)
	at com.mongodb.DBPort.runCommand(DBPort.java:151)
	at com.mongodb.DBTCPConnector.fetchMaxBsonObjectSize(DBTCPConnector.java:429)
	at com.mongodb.Mongo.getMaxBsonObjectSize(Mongo.java:544)
	at com.mongodb.DBApiLayer$MyCollection.insert(DBApiLayer.java:244)
	at com.mongodb.DBApiLayer$MyCollection.createIndex(DBApiLayer.java:354)
	at com.mongodb.DBCollection.ensureIndex(DBCollection.java:444)
	at com.mongodb.DBCollection.ensureIndex(DBCollection.java:392)
	at net.ion.radon.repository.Workspace.createWorkspace(Workspace.java:64)
	at net.ion.radon.repository.Workspace.load(Workspace.java:43)
	at net.ion.radon.repository.Repository.getWorkspace(Repository.java:28)
	at net.ion.radon.repository.LocalSession.getCurrentWorkspace(LocalSession.java:147)
	at net.ion.radon.repository.LocalSession.dropWorkspace(LocalSession.java:76)
	at net.ion.radon.repository.TestBaseRepository.setUp(TestBaseRepository.java:17)
	at junit.framework.TestCase.runBare(TestCase.java:128)
	at junit.framework.TestResult$1.protect(TestResult.java:106)
	at junit.framework.TestResult.runProtected(TestResult.java:124)
	at junit.framework.TestResult.run(TestResult.java:109)
	at junit.framework.TestCase.run(TestCase.java:120)
	at junit.framework.TestSuite.runTest(TestSuite.java:230)
	at junit.framework.TestSuite.run(TestSuite.java:225)
	at junit.framework.TestSuite.runTest(TestSuite.java:230)
	at junit.framework.TestSuite.run(TestSuite.java:225)
	at junit.framework.TestSuite.runTest(TestSuite.java:230)
	at junit.framework.TestSuite.run(TestSuite.java:225)
	at junit.framework.TestSuite.runTest(TestSuite.java:230)
	at junit.framework.TestSuite.run(TestSuite.java:225)
	at org.apache.tools.ant.taskdefs.optional.junit.JUnitTestRunner.run(JUnitTestRunner.java:421)
	at org.apache.tools.ant.taskdefs.optional.junit.JUnitTestRunner.launch(JUnitTestRunner.java:912)
	at org.apache.tools.ant.taskdefs.optional.junit.JUnitTestRunner.main(JUnitTestRunner.java:766)
2011. 11. 17 오전 9:05:56 com.mongodb.DBTCPConnector fetchMaxBsonObjectSize
경고: Exception determining maxBSON size using0
java.io.IOException: couldn't connect to [/61.250.201.78:27017] bc:java.net.ConnectException: Connection timed out: connect
	at com.mongodb.DBPort._open(DBPort.java:224)
	at com.mongodb.DBPort.go(DBPort.java:101)
	at com.mongodb.DBPort.go(DBPort.java:82)
	at com.mongodb.DBPort.findOne(DBPort.java:142)
	at com.mongodb.DBPort.runCommand(DBPort.java:151)
	at com.mongodb.DBTCPConnector.fetchMaxBsonObjectSize(DBTCPConnector.java:429)
	at com.mongodb.DBTCPConnector.checkMaster(DBTCPConnector.java:416)
	at com.mongodb.DBTCPConnector.say(DBTCPConnector.java:139)
	at com.mongodb.DBTCPConnector.say(DBTCPConnector.java:132)
	at com.mongodb.DBApiLayer$MyCollection.insert(DBApiLayer.java:262)
	at com.mongodb.DBApiLayer$MyCollection.createIndex(DBApiLayer.java:354)
	at com.mongodb.DBCollection.ensureIndex(DBCollection.java:444)
	at com.mongodb.DBCollection.ensureIndex(DBCollection.java:392)
	at net.ion.radon.repository.Workspace.createWorkspace(Workspace.java:64)
	at net.ion.radon.repository.Workspace.load(Workspace.java:43)
	at net.ion.radon.repository.Repository.getWorkspace(Repository.java:28)
	at net.ion.radon.repository.LocalSession.getCurrentWorkspace(LocalSession.java:147)
	at net.ion.radon.repository.LocalSession.dropWorkspace(LocalSession.java:76)
	at net.ion.radon.repository.TestBaseRepository.setUp(TestBaseRepository.java:17)
	at junit.framework.TestCase.runBare(TestCase.java:128)
	at junit.framework.TestResult$1.protect(TestResult.java:106)
	at junit.framework.TestResult.runProtected(TestResult.java:124)
	at junit.framework.TestResult.run(TestResult.java:109)
	at junit.framework.TestCase.run(TestCase.java:120)
	at junit.framework.TestSuite.runTest(TestSuite.java:230)
	at junit.framework.TestSuite.run(TestSuite.java:225)
	at junit.framework.TestSuite.runTest(TestSuite.java:230)
	at junit.framework.TestSuite.run(TestSuite.java:225)
	at junit.framework.TestSuite.runTest(TestSuite.java:230)
	at junit.framework.TestSuite.run(TestSuite.java:225)
	at junit.framework.TestSuite.runTest(TestSuite.java:230)
	at junit.framework.TestSuite.run(TestSuite.java:225)
	at org.apache.tools.ant.taskdefs.optional.junit.JUnitTestRunner.run(JUnitTestRunner.java:421)
	at org.apache.tools.ant.taskdefs.optional.junit.JUnitTestRunner.launch(JUnitTestRunner.java:912)
	at org.apache.tools.ant.taskdefs.optional.junit.JUnitTestRunner.main(JUnitTestRunner.java:766)
2011. 11. 17 오전 9:06:17 com.mongodb.DBPortPool gotError
경고: emptying DBPortPool to 61.250.201.78:27017 b/c of error
java.io.IOException: couldn't connect to [/61.250.201.78:27017] bc:java.net.ConnectException: Connection timed out: connect
	at com.mongodb.DBPort._open(DBPort.java:224)
	at com.mongodb.DBPort.go(DBPort.java:101)
	at com.mongodb.DBPort.go(DBPort.java:82)
	at com.mongodb.DBPort.say(DBPort.java:77)
	at com.mongodb.DBTCPConnector.say(DBTCPConnector.java:146)
	at com.mongodb.DBTCPConnector.say(DBTCPConnector.java:132)
	at com.mongodb.DBApiLayer$MyCollection.insert(DBApiLayer.java:262)
	at com.mongodb.DBApiLayer$MyCollection.createIndex(DBApiLayer.java:354)
	at com.mongodb.DBCollection.ensureIndex(DBCollection.java:444)
	at com.mongodb.DBCollection.ensureIndex(DBCollection.java:392)
	at net.ion.radon.repository.Workspace.createWorkspace(Workspace.java:64)
	at net.ion.radon.repository.Workspace.load(Workspace.java:43)
	at net.ion.radon.repository.Repository.getWorkspace(Repository.java:28)
	at net.ion.radon.repository.LocalSession.getCurrentWorkspace(LocalSession.java:147)
	at net.ion.radon.repository.LocalSession.dropWorkspace(LocalSession.java:76)
	at net.ion.radon.repository.TestBaseRepository.setUp(TestBaseRepository.java:17)
	at junit.framework.TestCase.runBare(TestCase.java:128)
	at junit.framework.TestResult$1.protect(TestResult.java:106)
	at junit.framework.TestResult.runProtected(TestResult.java:124)
	at junit.framework.TestResult.run(TestResult.java:109)
	at junit.framework.TestCase.run(TestCase.java:120)
	at junit.framework.TestSuite.runTest(TestSuite.java:230)
	at junit.framework.TestSuite.run(TestSuite.java:225)
	at junit.framework.TestSuite.runTest(TestSuite.java:230)
	at junit.framework.TestSuite.run(TestSuite.java:225)
	at junit.framework.TestSuite.runTest(TestSuite.java:230)
	at junit.framework.TestSuite.run(TestSuite.java:225)
	at junit.framework.TestSuite.runTest(TestSuite.java:230)
	at junit.framework.TestSuite.run(TestSuite.java:225)
	at org.apache.tools.ant.taskdefs.optional.junit.JUnitTestRunner.run(JUnitTestRunner.java:421)
	at org.apache.tools.ant.taskdefs.optional.junit.JUnitTestRunner.launch(JUnitTestRunner.java:912)
	at org.apache.tools.ant.taskdefs.optional.junit.JUnitTestRunner.main(JUnitTestRunner.java:766)
2011. 11. 17 오전 9:06:38 com.mongodb.DBTCPConnector fetchMaxBsonObjectSize
경고: Exception determining maxBSON size using0
java.io.IOException: couldn't connect to [/61.250.201.78:27017] bc:java.net.ConnectException: Connection timed out: connect
	at com.mongodb.DBPort._open(DBPort.java:224)
	at com.mongodb.DBPort.go(DBPort.java:101)
	at com.mongodb.DBPort.go(DBPort.java:82)
	at com.mongodb.DBPort.findOne(DBPort.java:142)
	at com.mongodb.DBPort.runCommand(DBPort.java:151)
	at com.mongodb.DBTCPConnector.fetchMaxBsonObjectSize(DBTCPConnector.java:429)
	at com.mongodb.Mongo.getMaxBsonObjectSize(Mongo.java:544)
	at com.mongodb.DBApiLayer$MyCollection.insert(DBApiLayer.java:244)
	at com.mongodb.DBApiLayer$MyCollection.createIndex(DBApiLayer.java:354)
	at com.mongodb.DBCollection.ensureIndex(DBCollection.java:444)
	at com.mongodb.DBCollection.ensureIndex(DBCollection.java:392)
	at net.ion.radon.repository.Workspace.createWorkspace(Workspace.java:64)
	at net.ion.radon.repository.Workspace.load(Workspace.java:43)
	at net.ion.radon.repository.Repository.getWorkspace(Repository.java:28)
	at net.ion.radon.repository.LocalSession.getCurrentWorkspace(LocalSession.java:147)
	at net.ion.radon.repository.LocalSession.dropWorkspace(LocalSession.java:76)
	at net.ion.radon.repository.TestBaseRepository.setUp(TestBaseRepository.java:17)
	at junit.framework.TestCase.runBare(TestCase.java:128)
	at junit.framework.TestResult$1.protect(TestResult.java:106)
	at junit.framework.TestResult.runProtected(TestResult.java:124)
	at junit.framework.TestResult.run(TestResult.java:109)
	at junit.framework.TestCase.run(TestCase.java:120)
	at junit.framework.TestSuite.runTest(TestSuite.java:230)
	at junit.framework.TestSuite.run(TestSuite.java:225)
	at junit.framework.TestSuite.runTest(TestSuite.java:230)
	at junit.framework.TestSuite.run(TestSuite.java:225)
	at junit.framework.TestSuite.runTest(TestSuite.java:230)
	at junit.framework.TestSuite.run(TestSuite.java:225)
	at junit.framework.TestSuite.runTest(TestSuite.java:230)
	at junit.framework.TestSuite.run(TestSuite.java:225)
	at org.apache.tools.ant.taskdefs.optional.junit.JUnitTestRunner.run(JUnitTestRunner.java:421)
	at org.apache.tools.ant.taskdefs.optional.junit.JUnitTestRunner.launch(JUnitTestRunner.java:912)
	at org.apache.tools.ant.taskdefs.optional.junit.JUnitTestRunner.main(JUnitTestRunner.java:766)
2011. 11. 17 오전 9:06:59 com.mongodb.DBTCPConnector fetchMaxBsonObjectSize
경고: Exception determining maxBSON size using0
java.io.IOException: couldn't connect to [/61.250.201.78:27017] bc:java.net.ConnectException: Connection timed out: connect
	at com.mongodb.DBPort._open(DBPort.java:224)
	at com.mongodb.DBPort.go(DBPort.java:101)
	at com.mongodb.DBPort.go(DBPort.java:82)
	at com.mongodb.DBPort.findOne(DBPort.java:142)
	at com.mongodb.DBPort.runCommand(DBPort.java:151)
	at com.mongodb.DBTCPConnector.fetchMaxBsonObjectSize(DBTCPConnector.java:429)
	at com.mongodb.DBTCPConnector.checkMaster(DBTCPConnector.java:416)
	at com.mongodb.DBTCPConnector.say(DBTCPConnector.java:139)
	at com.mongodb.DBTCPConnector.say(DBTCPConnector.java:132)
	at com.mongodb.DBApiLayer$MyCollection.insert(DBApiLayer.java:262)
	at com.mongodb.DBApiLayer$MyCollection.createIndex(DBApiLayer.java:354)
	at com.mongodb.DBCollection.ensureIndex(DBCollection.java:444)
	at com.mongodb.DBCollection.ensureIndex(DBCollection.java:392)
	at net.ion.radon.repository.Workspace.createWorkspace(Workspace.java:64)
	at net.ion.radon.repository.Workspace.load(Workspace.java:43)
	at net.ion.radon.repository.Repository.getWorkspace(Repository.java:28)
	at net.ion.radon.repository.LocalSession.getCurrentWorkspace(LocalSession.java:147)
	at net.ion.radon.repository.LocalSession.dropWorkspace(LocalSession.java:76)
	at net.ion.radon.repository.TestBaseRepository.setUp(TestBaseRepository.java:17)
	at junit.framework.TestCase.runBare(TestCase.java:128)
	at junit.framework.TestResult$1.protect(TestResult.java:106)
	at junit.framework.TestResult.runProtected(TestResult.java:124)
	at junit.framework.TestResult.run(TestResult.java:109)
	at junit.framework.TestCase.run(TestCase.java:120)
	at junit.framework.TestSuite.runTest(TestSuite.java:230)
	at junit.framework.TestSuite.run(TestSuite.java:225)
	at junit.framework.TestSuite.runTest(TestSuite.java:230)
	at junit.framework.TestSuite.run(TestSuite.java:225)
	at junit.framework.TestSuite.runTest(TestSuite.java:230)
	at junit.framework.TestSuite.run(TestSuite.java:225)
	at junit.framework.TestSuite.runTest(TestSuite.java:230)
	at junit.framework.TestSuite.run(TestSuite.java:225)
	at org.apache.tools.ant.taskdefs.optional.junit.JUnitTestRunner.run(JUnitTestRunner.java:421)
	at org.apache.tools.ant.taskdefs.optional.junit.JUnitTestRunner.launch(JUnitTestRunner.java:912)
	at org.apache.tools.ant.taskdefs.optional.junit.JUnitTestRunner.main(JUnitTestRunner.java:766)
2011. 11. 17 오전 9:07:20 com.mongodb.DBPortPool gotError
경고: emptying DBPortPool to 61.250.201.78:27017 b/c of error
java.io.IOException: couldn't connect to [/61.250.201.78:27017] bc:java.net.ConnectException: Connection timed out: connect
	at com.mongodb.DBPort._open(DBPort.java:224)
	at com.mongodb.DBPort.go(DBPort.java:101)
	at com.mongodb.DBPort.go(DBPort.java:82)
	at com.mongodb.DBPort.say(DBPort.java:77)
	at com.mongodb.DBTCPConnector.say(DBTCPConnector.java:146)
	at com.mongodb.DBTCPConnector.say(DBTCPConnector.java:132)
	at com.mongodb.DBApiLayer$MyCollection.insert(DBApiLayer.java:262)
	at com.mongodb.DBApiLayer$MyCollection.createIndex(DBApiLayer.java:354)
	at com.mongodb.DBCollection.ensureIndex(DBCollection.java:444)
	at com.mongodb.DBCollection.ensureIndex(DBCollection.java:392)
	at net.ion.radon.repository.Workspace.createWorkspace(Workspace.java:64)
	at net.ion.radon.repository.Workspace.load(Workspace.java:43)
	at net.ion.radon.repository.Repository.getWorkspace(Repository.java:28)
	at net.ion.radon.repository.LocalSession.getCurrentWorkspace(LocalSession.java:147)
	at net.ion.radon.repository.LocalSession.dropWorkspace(LocalSession.java:76)
	at net.ion.radon.repository.TestBaseRepository.setUp(TestBaseRepository.java:17)
	at junit.framework.TestCase.runBare(TestCase.java:128)
	at junit.framework.TestResult$1.protect(TestResult.java:106)
	at junit.framework.TestResult.runProtected(TestResult.java:124)
	at junit.framework.TestResult.run(TestResult.java:109)
	at junit.framework.TestCase.run(TestCase.java:120)
	at junit.framework.TestSuite.runTest(TestSuite.java:230)
	at junit.framework.TestSuite.run(TestSuite.java:225)
	at junit.framework.TestSuite.runTest(TestSuite.java:230)
	at junit.framework.TestSuite.run(TestSuite.java:225)
	at junit.framework.TestSuite.runTest(TestSuite.java:230)
	at junit.framework.TestSuite.run(TestSuite.java:225)
	at junit.framework.TestSuite.runTest(TestSuite.java:230)
	at junit.framework.TestSuite.run(TestSuite.java:225)
	at org.apache.tools.ant.taskdefs.optional.junit.JUnitTestRunner.run(JUnitTestRunner.java:421)
	at org.apache.tools.ant.taskdefs.optional.junit.JUnitTestRunner.launch(JUnitTestRunner.java:912)
	at org.apache.tools.ant.taskdefs.optional.junit.JUnitTestRunner.main(JUnitTestRunner.java:766)
2011. 11. 17 오전 9:07:41 com.mongodb.DBTCPConnector fetchMaxBsonObjectSize
경고: Exception determining maxBSON size using0
java.io.IOException: couldn't connect to [/61.250.201.78:27017] bc:java.net.ConnectException: Connection timed out: connect
	at com.mongodb.DBPort._open(DBPort.java:224)
	at com.mongodb.DBPort.go(DBPort.java:101)
	at com.mongodb.DBPort.go(DBPort.java:82)
	at com.mongodb.DBPort.findOne(DBPort.java:142)
	at com.mongodb.DBPort.runCommand(DBPort.java:151)
	at com.mongodb.DBTCPConnector.fetchMaxBsonObjectSize(DBTCPConnector.java:429)
	at com.mongodb.Mongo.getMaxBsonObjectSize(Mongo.java:544)
	at com.mongodb.DBApiLayer$MyCollection.insert(DBApiLayer.java:244)
	at com.mongodb.DBApiLayer$MyCollection.createIndex(DBApiLayer.java:354)
	at com.mongodb.DBCollection.ensureIndex(DBCollection.java:444)
	at com.mongodb.DBCollection.ensureIndex(DBCollection.java:392)
	at net.ion.radon.repository.Workspace.createWorkspace(Workspace.java:64)
	at net.ion.radon.repository.Workspace.load(Workspace.java:43)
	at net.ion.radon.repository.Repository.getWorkspace(Repository.java:28)
	at net.ion.radon.repository.LocalSession.getCurrentWorkspace(LocalSession.java:147)
	at net.ion.radon.repository.LocalSession.dropWorkspace(LocalSession.java:76)
	at net.ion.radon.repository.TestBaseRepository.setUp(TestBaseRepository.java:17)
	at junit.framework.TestCase.runBare(TestCase.java:128)
	at junit.framework.TestResult$1.protect(TestResult.java:106)
	at junit.framework.TestResult.runProtected(TestResult.java:124)
	at junit.framework.TestResult.run(TestResult.java:109)
	at junit.framework.TestCase.run(TestCase.java:120)
	at junit.framework.TestSuite.runTest(TestSuite.java:230)
	at junit.framework.TestSuite.run(TestSuite.java:225)
	at junit.framework.TestSuite.runTest(TestSuite.java:230)
	at junit.framework.TestSuite.run(TestSuite.java:225)
	at junit.framework.TestSuite.runTest(TestSuite.java:230)
	at junit.framework.TestSuite.run(TestSuite.java:225)
	at junit.framework.TestSuite.runTest(TestSuite.java:230)
	at junit.framework.TestSuite.run(TestSuite.java:225)
	at org.apache.tools.ant.taskdefs.optional.junit.JUnitTestRunner.run(JUnitTestRunner.java:421)
	at org.apache.tools.ant.taskdefs.optional.junit.JUnitTestRunner.launch(JUnitTestRunner.java:912)
	at org.apache.tools.ant.taskdefs.optional.junit.JUnitTestRunner.main(JUnitTestRunner.java:766)
2011. 11. 17 오전 9:08:02 com.mongodb.DBTCPConnector fetchMaxBsonObjectSize
경고: Exception determining maxBSON size using0
java.io.IOException: couldn't connect to [/61.250.201.78:27017] bc:java.net.ConnectException: Connection timed out: connect
	at com.mongodb.DBPort._open(DBPort.java:224)
	at com.mongodb.DBPort.go(DBPort.java:101)
	at com.mongodb.DBPort.go(DBPort.java:82)
	at com.mongodb.DBPort.findOne(DBPort.java:142)
	at com.mongodb.DBPort.runCommand(DBPort.java:151)
	at com.mongodb.DBTCPConnector.fetchMaxBsonObjectSize(DBTCPConnector.java:429)
	at com.mongodb.DBTCPConnector.checkMaster(DBTCPConnector.java:416)
	at com.mongodb.DBTCPConnector.say(DBTCPConnector.java:139)
	at com.mongodb.DBTCPConnector.say(DBTCPConnector.java:132)
	at com.mongodb.DBApiLayer$MyCollection.insert(DBApiLayer.java:262)
	at com.mongodb.DBApiLayer$MyCollection.createIndex(DBApiLayer.java:354)
	at com.mongodb.DBCollection.ensureIndex(DBCollection.java:444)
	at com.mongodb.DBCollection.ensureIndex(DBCollection.java:392)
	at net.ion.radon.repository.Workspace.createWorkspace(Workspace.java:64)
	at net.ion.radon.repository.Workspace.load(Workspace.java:43)
	at net.ion.radon.repository.Repository.getWorkspace(Repository.java:28)
	at net.ion.radon.repository.LocalSession.getCurrentWorkspace(LocalSession.java:147)
	at net.ion.radon.repository.LocalSession.dropWorkspace(LocalSession.java:76)
	at net.ion.radon.repository.TestBaseRepository.setUp(TestBaseRepository.java:17)
	at junit.framework.TestCase.runBare(TestCase.java:128)
	at junit.framework.TestResult$1.protect(TestResult.java:106)
	at junit.framework.TestResult.runProtected(TestResult.java:124)
	at junit.framework.TestResult.run(TestResult.java:109)
	at junit.framework.TestCase.run(TestCase.java:120)
	at junit.framework.TestSuite.runTest(TestSuite.java:230)
	at junit.framework.TestSuite.run(TestSuite.java:225)
	at junit.framework.TestSuite.runTest(TestSuite.java:230)
	at junit.framework.TestSuite.run(TestSuite.java:225)
	at junit.framework.TestSuite.runTest(TestSuite.java:230)
	at junit.framework.TestSuite.run(TestSuite.java:225)
	at junit.framework.TestSuite.runTest(TestSuite.java:230)
	at junit.framework.TestSuite.run(TestSuite.java:225)
	at org.apache.tools.ant.taskdefs.optional.junit.JUnitTestRunner.run(JUnitTestRunner.java:421)
	at org.apache.tools.ant.taskdefs.optional.junit.JUnitTestRunner.launch(JUnitTestRunner.java:912)
	at org.apache.tools.ant.taskdefs.optional.junit.JUnitTestRunner.main(JUnitTestRunner.java:766)
2011. 11. 17 오전 9:08:23 com.mongodb.DBPortPool gotError
경고: emptying DBPortPool to 61.250.201.78:27017 b/c of error
java.io.IOException: couldn't connect to [/61.250.201.78:27017] bc:java.net.ConnectException: Connection timed out: connect
	at com.mongodb.DBPort._open(DBPort.java:224)
	at com.mongodb.DBPort.go(DBPort.java:101)
	at com.mongodb.DBPort.go(DBPort.java:82)
	at com.mongodb.DBPort.say(DBPort.java:77)
	at com.mongodb.DBTCPConnector.say(DBTCPConnector.java:146)
	at com.mongodb.DBTCPConnector.say(DBTCPConnector.java:132)
	at com.mongodb.DBApiLayer$MyCollection.insert(DBApiLayer.java:262)
	at com.mongodb.DBApiLayer$MyCollection.createIndex(DBApiLayer.java:354)
	at com.mongodb.DBCollection.ensureIndex(DBCollection.java:444)
	at com.mongodb.DBCollection.ensureIndex(DBCollection.java:392)
	at net.ion.radon.repository.Workspace.createWorkspace(Workspace.java:64)
	at net.ion.radon.repository.Workspace.load(Workspace.java:43)
	at net.ion.radon.repository.Repository.getWorkspace(Repository.java:28)
	at net.ion.radon.repository.LocalSession.getCurrentWorkspace(LocalSession.java:147)
	at net.ion.radon.repository.LocalSession.dropWorkspace(LocalSession.java:76)
	at net.ion.radon.repository.TestBaseRepository.setUp(TestBaseRepository.java:17)
	at junit.framework.TestCase.runBare(TestCase.java:128)
	at junit.framework.TestResult$1.protect(TestResult.java:106)
	at junit.framework.TestResult.runProtected(TestResult.java:124)
	at junit.framework.TestResult.run(TestResult.java:109)
	at junit.framework.TestCase.run(TestCase.java:120)
	at junit.framework.TestSuite.runTest(TestSuite.java:230)
	at junit.framework.TestSuite.run(TestSuite.java:225)
	at junit.framework.TestSuite.runTest(TestSuite.java:230)
	at junit.framework.TestSuite.run(TestSuite.java:225)
	at junit.framework.TestSuite.runTest(TestSuite.java:230)
	at junit.framework.TestSuite.run(TestSuite.java:225)
	at junit.framework.TestSuite.runTest(TestSuite.java:230)
	at junit.framework.TestSuite.run(TestSuite.java:225)
	at org.apache.tools.ant.taskdefs.optional.junit.JUnitTestRunner.run(JUnitTestRunner.java:421)
	at org.apache.tools.ant.taskdefs.optional.junit.JUnitTestRunner.launch(JUnitTestRunner.java:912)
	at org.apache.tools.ant.taskdefs.optional.junit.JUnitTestRunner.main(JUnitTestRunner.java:766)
2011. 11. 17 오전 9:08:44 com.mongodb.DBTCPConnector fetchMaxBsonObjectSize
경고: Exception determining maxBSON size using0
java.io.IOException: couldn't connect to [/61.250.201.78:27017] bc:java.net.ConnectException: Connection timed out: connect
	at com.mongodb.DBPort._open(DBPort.java:224)
	at com.mongodb.DBPort.go(DBPort.java:101)
	at com.mongodb.DBPort.go(DBPort.java:82)
	at com.mongodb.DBPort.findOne(DBPort.java:142)
	at com.mongodb.DBPort.runCommand(DBPort.java:151)
	at com.mongodb.DBTCPConnector.fetchMaxBsonObjectSize(DBTCPConnector.java:429)
	at com.mongodb.Mongo.getMaxBsonObjectSize(Mongo.java:544)
	at com.mongodb.DBApiLayer$MyCollection.insert(DBApiLayer.java:244)
	at com.mongodb.DBApiLayer$MyCollection.createIndex(DBApiLayer.java:354)
	at com.mongodb.DBCollection.ensureIndex(DBCollection.java:444)
	at com.mongodb.DBCollection.ensureIndex(DBCollection.java:392)
	at net.ion.radon.repository.Workspace.createWorkspace(Workspace.java:64)
	at net.ion.radon.repository.Workspace.load(Workspace.java:43)
	at net.ion.radon.repository.Repository.getWorkspace(Repository.java:28)
	at net.ion.radon.repository.LocalSession.getCurrentWorkspace(LocalSession.java:147)
	at net.ion.radon.repository.LocalSession.dropWorkspace(LocalSession.java:76)
	at net.ion.radon.repository.TestBaseRepository.setUp(TestBaseRepository.java:17)
	at junit.framework.TestCase.runBare(TestCase.java:128)
	at junit.framework.TestResult$1.protect(TestResult.java:106)
	at junit.framework.TestResult.runProtected(TestResult.java:124)
	at junit.framework.TestResult.run(TestResult.java:109)
	at junit.framework.TestCase.run(TestCase.java:120)
	at junit.framework.TestSuite.runTest(TestSuite.java:230)
	at junit.framework.TestSuite.run(TestSuite.java:225)
	at junit.framework.TestSuite.runTest(TestSuite.java:230)
	at junit.framework.TestSuite.run(TestSuite.java:225)
	at junit.framework.TestSuite.runTest(TestSuite.java:230)
	at junit.framework.TestSuite.run(TestSuite.java:225)
	at junit.framework.TestSuite.runTest(TestSuite.java:230)
	at junit.framework.TestSuite.run(TestSuite.java:225)
	at org.apache.tools.ant.taskdefs.optional.junit.JUnitTestRunner.run(JUnitTestRunner.java:421)
	at org.apache.tools.ant.taskdefs.optional.junit.JUnitTestRunner.launch(JUnitTestRunner.java:912)
	at org.apache.tools.ant.taskdefs.optional.junit.JUnitTestRunner.main(JUnitTestRunner.java:766)
2011. 11. 17 오전 9:09:05 com.mongodb.DBTCPConnector fetchMaxBsonObjectSize
경고: Exception determining maxBSON size using0
java.io.IOException: couldn't connect to [/61.250.201.78:27017] bc:java.net.ConnectException: Connection timed out: connect
	at com.mongodb.DBPort._open(DBPort.java:224)
	at com.mongodb.DBPort.go(DBPort.java:101)
	at com.mongodb.DBPort.go(DBPort.java:82)
	at com.mongodb.DBPort.findOne(DBPort.java:142)
	at com.mongodb.DBPort.runCommand(DBPort.java:151)
	at com.mongodb.DBTCPConnector.fetchMaxBsonObjectSize(DBTCPConnector.java:429)
	at com.mongodb.DBTCPConnector.checkMaster(DBTCPConnector.java:416)
	at com.mongodb.DBTCPConnector.say(DBTCPConnector.java:139)
	at com.mongodb.DBTCPConnector.say(DBTCPConnector.java:132)
	at com.mongodb.DBApiLayer$MyCollection.insert(DBApiLayer.java:262)
	at com.mongodb.DBApiLayer$MyCollection.createIndex(DBApiLayer.java:354)
	at com.mongodb.DBCollection.ensureIndex(DBCollection.java:444)
	at com.mongodb.DBCollection.ensureIndex(DBCollection.java:392)
	at net.ion.radon.repository.Workspace.createWorkspace(Workspace.java:64)
	at net.ion.radon.repository.Workspace.load(Workspace.java:43)
	at net.ion.radon.repository.Repository.getWorkspace(Repository.java:28)
	at net.ion.radon.repository.LocalSession.getCurrentWorkspace(LocalSession.java:147)
	at net.ion.radon.repository.LocalSession.dropWorkspace(LocalSession.java:76)
	at net.ion.radon.repository.TestBaseRepository.setUp(TestBaseRepository.java:17)
	at junit.framework.TestCase.runBare(TestCase.java:128)
	at junit.framework.TestResult$1.protect(TestResult.java:106)
	at junit.framework.TestResult.runProtected(TestResult.java:124)
	at junit.framework.TestResult.run(TestResult.java:109)
	at junit.framework.TestCase.run(TestCase.java:120)
	at junit.framework.TestSuite.runTest(TestSuite.java:230)
	at junit.framework.TestSuite.run(TestSuite.java:225)
	at junit.framework.TestSuite.runTest(TestSuite.java:230)
	at junit.framework.TestSuite.run(TestSuite.java:225)
	at junit.framework.TestSuite.runTest(TestSuite.java:230)
	at junit.framework.TestSuite.run(TestSuite.java:225)
	at junit.framework.TestSuite.runTest(TestSuite.java:230)
	at junit.framework.TestSuite.run(TestSuite.java:225)
	at org.apache.tools.ant.taskdefs.optional.junit.JUnitTestRunner.run(JUnitTestRunner.java:421)
	at org.apache.tools.ant.taskdefs.optional.junit.JUnitTestRunner.launch(JUnitTestRunner.java:912)
	at org.apache.tools.ant.taskdefs.optional.junit.JUnitTestRunner.main(JUnitTestRunner.java:766)
2011. 11. 17 오전 9:09:26 com.mongodb.DBPortPool gotError
경고: emptying DBPortPool to 61.250.201.78:27017 b/c of error
java.io.IOException: couldn't connect to [/61.250.201.78:27017] bc:java.net.ConnectException: Connection timed out: connect
	at com.mongodb.DBPort._open(DBPort.java:224)
	at com.mongodb.DBPort.go(DBPort.java:101)
	at com.mongodb.DBPort.go(DBPort.java:82)
	at com.mongodb.DBPort.say(DBPort.java:77)
	at com.mongodb.DBTCPConnector.say(DBTCPConnector.java:146)
	at com.mongodb.DBTCPConnector.say(DBTCPConnector.java:132)
	at com.mongodb.DBApiLayer$MyCollection.insert(DBApiLayer.java:262)
	at com.mongodb.DBApiLayer$MyCollection.createIndex(DBApiLayer.java:354)
	at com.mongodb.DBCollection.ensureIndex(DBCollection.java:444)
	at com.mongodb.DBCollection.ensureIndex(DBCollection.java:392)
	at net.ion.radon.repository.Workspace.createWorkspace(Workspace.java:64)
	at net.ion.radon.repository.Workspace.load(Workspace.java:43)
	at net.ion.radon.repository.Repository.getWorkspace(Repository.java:28)
	at net.ion.radon.repository.LocalSession.getCurrentWorkspace(LocalSession.java:147)
	at net.ion.radon.repository.LocalSession.dropWorkspace(LocalSession.java:76)
	at net.ion.radon.repository.TestBaseRepository.setUp(TestBaseRepository.java:17)
	at junit.framework.TestCase.runBare(TestCase.java:128)
	at junit.framework.TestResult$1.protect(TestResult.java:106)
	at junit.framework.TestResult.runProtected(TestResult.java:124)
	at junit.framework.TestResult.run(TestResult.java:109)
	at junit.framework.TestCase.run(TestCase.java:120)
	at junit.framework.TestSuite.runTest(TestSuite.java:230)
	at junit.framework.TestSuite.run(TestSuite.java:225)
	at junit.framework.TestSuite.runTest(TestSuite.java:230)
	at junit.framework.TestSuite.run(TestSuite.java:225)
	at junit.framework.TestSuite.runTest(TestSuite.java:230)
	at junit.framework.TestSuite.run(TestSuite.java:225)
	at junit.framework.TestSuite.runTest(TestSuite.java:230)
	at junit.framework.TestSuite.run(TestSuite.java:225)
	at org.apache.tools.ant.taskdefs.optional.junit.JUnitTestRunner.run(JUnitTestRunner.java:421)
	at org.apache.tools.ant.taskdefs.optional.junit.JUnitTestRunner.launch(JUnitTestRunner.java:912)
	at org.apache.tools.ant.taskdefs.optional.junit.JUnitTestRunner.main(JUnitTestRunner.java:766)
2011. 11. 17 오전 9:09:47 com.mongodb.DBTCPConnector fetchMaxBsonObjectSize
경고: Exception determining maxBSON size using0
java.io.IOException: couldn't connect to [/61.250.201.78:27017] bc:java.net.ConnectException: Connection timed out: connect
	at com.mongodb.DBPort._open(DBPort.java:224)
	at com.mongodb.DBPort.go(DBPort.java:101)
	at com.mongodb.DBPort.go(DBPort.java:82)
	at com.mongodb.DBPort.findOne(DBPort.java:142)
	at com.mongodb.DBPort.runCommand(DBPort.java:151)
	at com.mongodb.DBTCPConnector.fetchMaxBsonObjectSize(DBTCPConnector.java:429)
	at com.mongodb.Mongo.getMaxBsonObjectSize(Mongo.java:544)
	at com.mongodb.DBApiLayer$MyCollection.insert(DBApiLayer.java:244)
	at com.mongodb.DBApiLayer$MyCollection.createIndex(DBApiLayer.java:354)
	at com.mongodb.DBCollection.ensureIndex(DBCollection.java:444)
	at com.mongodb.DBCollection.ensureIndex(DBCollection.java:392)
	at net.ion.radon.repository.Workspace.createWorkspace(Workspace.java:64)
	at net.ion.radon.repository.Workspace.load(Workspace.java:43)
	at net.ion.radon.repository.Repository.getWorkspace(Repository.java:28)
	at net.ion.radon.repository.LocalSession.getCurrentWorkspace(LocalSession.java:147)
	at net.ion.radon.repository.LocalSession.dropWorkspace(LocalSession.java:76)
	at net.ion.radon.repository.TestBaseRepository.setUp(TestBaseRepository.java:17)
	at junit.framework.TestCase.runBare(TestCase.java:128)
	at junit.framework.TestResult$1.protect(TestResult.java:106)
	at junit.framework.TestResult.runProtected(TestResult.java:124)
	at junit.framework.TestResult.run(TestResult.java:109)
	at junit.framework.TestCase.run(TestCase.java:120)
	at junit.framework.TestSuite.runTest(TestSuite.java:230)
	at junit.framework.TestSuite.run(TestSuite.java:225)
	at junit.framework.TestSuite.runTest(TestSuite.java:230)
	at junit.framework.TestSuite.run(TestSuite.java:225)
	at junit.framework.TestSuite.runTest(TestSuite.java:230)
	at junit.framework.TestSuite.run(TestSuite.java:225)
	at junit.framework.TestSuite.runTest(TestSuite.java:230)
	at junit.framework.TestSuite.run(TestSuite.java:225)
	at org.apache.tools.ant.taskdefs.optional.junit.JUnitTestRunner.run(JUnitTestRunner.java:421)
	at org.apache.tools.ant.taskdefs.optional.junit.JUnitTestRunner.launch(JUnitTestRunner.java:912)
	at org.apache.tools.ant.taskdefs.optional.junit.JUnitTestRunner.main(JUnitTestRunner.java:766)
2011. 11. 17 오전 9:10:08 com.mongodb.DBTCPConnector fetchMaxBsonObjectSize
경고: Exception determining maxBSON size using0
java.io.IOException: couldn't connect to [/61.250.201.78:27017] bc:java.net.ConnectException: Connection timed out: connect
	at com.mongodb.DBPort._open(DBPort.java:224)
	at com.mongodb.DBPort.go(DBPort.java:101)
	at com.mongodb.DBPort.go(DBPort.java:82)
	at com.mongodb.DBPort.findOne(DBPort.java:142)
	at com.mongodb.DBPort.runCommand(DBPort.java:151)
	at com.mongodb.DBTCPConnector.fetchMaxBsonObjectSize(DBTCPConnector.java:429)
	at com.mongodb.DBTCPConnector.checkMaster(DBTCPConnector.java:416)
	at com.mongodb.DBTCPConnector.say(DBTCPConnector.java:139)
	at com.mongodb.DBTCPConnector.say(DBTCPConnector.java:132)
	at com.mongodb.DBApiLayer$MyCollection.insert(DBApiLayer.java:262)
	at com.mongodb.DBApiLayer$MyCollection.createIndex(DBApiLayer.java:354)
	at com.mongodb.DBCollection.ensureIndex(DBCollection.java:444)
	at com.mongodb.DBCollection.ensureIndex(DBCollection.java:392)
	at net.ion.radon.repository.Workspace.createWorkspace(Workspace.java:64)
	at net.ion.radon.repository.Workspace.load(Workspace.java:43)
	at net.ion.radon.repository.Repository.getWorkspace(Repository.java:28)
	at net.ion.radon.repository.LocalSession.getCurrentWorkspace(LocalSession.java:147)
	at net.ion.radon.repository.LocalSession.dropWorkspace(LocalSession.java:76)
	at net.ion.radon.repository.TestBaseRepository.setUp(TestBaseRepository.java:17)
	at junit.framework.TestCase.runBare(TestCase.java:128)
	at junit.framework.TestResult$1.protect(TestResult.java:106)
	at junit.framework.TestResult.runProtected(TestResult.java:124)
	at junit.framework.TestResult.run(TestResult.java:109)
	at junit.framework.TestCase.run(TestCase.java:120)
	at junit.framework.TestSuite.runTest(TestSuite.java:230)
	at junit.framework.TestSuite.run(TestSuite.java:225)
	at junit.framework.TestSuite.runTest(TestSuite.java:230)
	at junit.framework.TestSuite.run(TestSuite.java:225)
	at junit.framework.TestSuite.runTest(TestSuite.java:230)
	at junit.framework.TestSuite.run(TestSuite.java:225)
	at junit.framework.TestSuite.runTest(TestSuite.java:230)
	at junit.framework.TestSuite.run(TestSuite.java:225)
	at org.apache.tools.ant.taskdefs.optional.junit.JUnitTestRunner.run(JUnitTestRunner.java:421)
	at org.apache.tools.ant.taskdefs.optional.junit.JUnitTestRunner.launch(JUnitTestRunner.java:912)
	at org.apache.tools.ant.taskdefs.optional.junit.JUnitTestRunner.main(JUnitTestRunner.java:766)
2011. 11. 17 오전 9:10:29 com.mongodb.DBPortPool gotError
경고: emptying DBPortPool to 61.250.201.78:27017 b/c of error
java.io.IOException: couldn't connect to [/61.250.201.78:27017] bc:java.net.ConnectException: Connection timed out: connect
	at com.mongodb.DBPort._open(DBPort.java:224)
	at com.mongodb.DBPort.go(DBPort.java:101)
	at com.mongodb.DBPort.go(DBPort.java:82)
	at com.mongodb.DBPort.say(DBPort.java:77)
	at com.mongodb.DBTCPConnector.say(DBTCPConnector.java:146)
	at com.mongodb.DBTCPConnector.say(DBTCPConnector.java:132)
	at com.mongodb.DBApiLayer$MyCollection.insert(DBApiLayer.java:262)
	at com.mongodb.DBApiLayer$MyCollection.createIndex(DBApiLayer.java:354)
	at com.mongodb.DBCollection.ensureIndex(DBCollection.java:444)
	at com.mongodb.DBCollection.ensureIndex(DBCollection.java:392)
	at net.ion.radon.repository.Workspace.createWorkspace(Workspace.java:64)
	at net.ion.radon.repository.Workspace.load(Workspace.java:43)
	at net.ion.radon.repository.Repository.getWorkspace(Repository.java:28)
	at net.ion.radon.repository.LocalSession.getCurrentWorkspace(LocalSession.java:147)
	at net.ion.radon.repository.LocalSession.dropWorkspace(LocalSession.java:76)
	at net.ion.radon.repository.TestBaseRepository.setUp(TestBaseRepository.java:17)
	at junit.framework.TestCase.runBare(TestCase.java:128)
	at junit.framework.TestResult$1.protect(TestResult.java:106)
	at junit.framework.TestResult.runProtected(TestResult.java:124)
	at junit.framework.TestResult.run(TestResult.java:109)
	at junit.framework.TestCase.run(TestCase.java:120)
	at junit.framework.TestSuite.runTest(TestSuite.java:230)
	at junit.framework.TestSuite.run(TestSuite.java:225)
	at junit.framework.TestSuite.runTest(TestSuite.java:230)
	at junit.framework.TestSuite.run(TestSuite.java:225)
	at junit.framework.TestSuite.runTest(TestSuite.java:230)
	at junit.framework.TestSuite.run(TestSuite.java:225)
	at junit.framework.TestSuite.runTest(TestSuite.java:230)
	at junit.framework.TestSuite.run(TestSuite.java:225)
	at org.apache.tools.ant.taskdefs.optional.junit.JUnitTestRunner.run(JUnitTestRunner.java:421)
	at org.apache.tools.ant.taskdefs.optional.junit.JUnitTestRunner.launch(JUnitTestRunner.java:912)
	at org.apache.tools.ant.taskdefs.optional.junit.JUnitTestRunner.main(JUnitTestRunner.java:766)
2011. 11. 17 오전 9:10:50 com.mongodb.DBTCPConnector fetchMaxBsonObjectSize
경고: Exception determining maxBSON size using0
java.io.IOException: couldn't connect to [/61.250.201.78:27017] bc:java.net.ConnectException: Connection timed out: connect
	at com.mongodb.DBPort._open(DBPort.java:224)
	at com.mongodb.DBPort.go(DBPort.java:101)
	at com.mongodb.DBPort.go(DBPort.java:82)
	at com.mongodb.DBPort.findOne(DBPort.java:142)
	at com.mongodb.DBPort.runCommand(DBPort.java:151)
	at com.mongodb.DBTCPConnector.fetchMaxBsonObjectSize(DBTCPConnector.java:429)
	at com.mongodb.Mongo.getMaxBsonObjectSize(Mongo.java:544)
	at com.mongodb.DBApiLayer$MyCollection.insert(DBApiLayer.java:244)
	at com.mongodb.DBApiLayer$MyCollection.createIndex(DBApiLayer.java:354)
	at com.mongodb.DBCollection.ensureIndex(DBCollection.java:444)
	at com.mongodb.DBCollection.ensureIndex(DBCollection.java:392)
	at net.ion.radon.repository.Workspace.createWorkspace(Workspace.java:64)
	at net.ion.radon.repository.Workspace.load(Workspace.java:43)
	at net.ion.radon.repository.Repository.getWorkspace(Repository.java:28)
	at net.ion.radon.repository.LocalSession.getCurrentWorkspace(LocalSession.java:147)
	at net.ion.radon.repository.LocalSession.dropWorkspace(LocalSession.java:76)
	at net.ion.radon.repository.TestBaseRepository.setUp(TestBaseRepository.java:17)
	at junit.framework.TestCase.runBare(TestCase.java:128)
	at junit.framework.TestResult$1.protect(TestResult.java:106)
	at junit.framework.TestResult.runProtected(TestResult.java:124)
	at junit.framework.TestResult.run(TestResult.java:109)
	at junit.framework.TestCase.run(TestCase.java:120)
	at junit.framework.TestSuite.runTest(TestSuite.java:230)
	at junit.framework.TestSuite.run(TestSuite.java:225)
	at junit.framework.TestSuite.runTest(TestSuite.java:230)
	at junit.framework.TestSuite.run(TestSuite.java:225)
	at junit.framework.TestSuite.runTest(TestSuite.java:230)
	at junit.framework.TestSuite.run(TestSuite.java:225)
	at junit.framework.TestSuite.runTest(TestSuite.java:230)
	at junit.framework.TestSuite.run(TestSuite.java:225)
	at org.apache.tools.ant.taskdefs.optional.junit.JUnitTestRunner.run(JUnitTestRunner.java:421)
	at org.apache.tools.ant.taskdefs.optional.junit.JUnitTestRunner.launch(JUnitTestRunner.java:912)
	at org.apache.tools.ant.taskdefs.optional.junit.JUnitTestRunner.main(JUnitTestRunner.java:766)
2011. 11. 17 오전 9:11:11 com.mongodb.DBTCPConnector fetchMaxBsonObjectSize
경고: Exception determining maxBSON size using0
java.io.IOException: couldn't connect to [/61.250.201.78:27017] bc:java.net.ConnectException: Connection timed out: connect
	at com.mongodb.DBPort._open(DBPort.java:224)
	at com.mongodb.DBPort.go(DBPort.java:101)
	at com.mongodb.DBPort.go(DBPort.java:82)
	at com.mongodb.DBPort.findOne(DBPort.java:142)
	at com.mongodb.DBPort.runCommand(DBPort.java:151)
	at com.mongodb.DBTCPConnector.fetchMaxBsonObjectSize(DBTCPConnector.java:429)
	at com.mongodb.DBTCPConnector.checkMaster(DBTCPConnector.java:416)
	at com.mongodb.DBTCPConnector.say(DBTCPConnector.java:139)
	at com.mongodb.DBTCPConnector.say(DBTCPConnector.java:132)
	at com.mongodb.DBApiLayer$MyCollection.insert(DBApiLayer.java:262)
	at com.mongodb.DBApiLayer$MyCollection.createIndex(DBApiLayer.java:354)
	at com.mongodb.DBCollection.ensureIndex(DBCollection.java:444)
	at com.mongodb.DBCollection.ensureIndex(DBCollection.java:392)
	at net.ion.radon.repository.Workspace.createWorkspace(Workspace.java:64)
	at net.ion.radon.repository.Workspace.load(Workspace.java:43)
	at net.ion.radon.repository.Repository.getWorkspace(Repository.java:28)
	at net.ion.radon.repository.LocalSession.getCurrentWorkspace(LocalSession.java:147)
	at net.ion.radon.repository.LocalSession.dropWorkspace(LocalSession.java:76)
	at net.ion.radon.repository.TestBaseRepository.setUp(TestBaseRepository.java:17)
	at junit.framework.TestCase.runBare(TestCase.java:128)
	at junit.framework.TestResult$1.protect(TestResult.java:106)
	at junit.framework.TestResult.runProtected(TestResult.java:124)
	at junit.framework.TestResult.run(TestResult.java:109)
	at junit.framework.TestCase.run(TestCase.java:120)
	at junit.framework.TestSuite.runTest(TestSuite.java:230)
	at junit.framework.TestSuite.run(TestSuite.java:225)
	at junit.framework.TestSuite.runTest(TestSuite.java:230)
	at junit.framework.TestSuite.run(TestSuite.java:225)
	at junit.framework.TestSuite.runTest(TestSuite.java:230)
	at junit.framework.TestSuite.run(TestSuite.java:225)
	at junit.framework.TestSuite.runTest(TestSuite.java:230)
	at junit.framework.TestSuite.run(TestSuite.java:225)
	at org.apache.tools.ant.taskdefs.optional.junit.JUnitTestRunner.run(JUnitTestRunner.java:421)
	at org.apache.tools.ant.taskdefs.optional.junit.JUnitTestRunner.launch(JUnitTestRunner.java:912)
	at org.apache.tools.ant.taskdefs.optional.junit.JUnitTestRunner.main(JUnitTestRunner.java:766)
2011. 11. 17 오전 9:11:32 com.mongodb.DBPortPool gotError
경고: emptying DBPortPool to 61.250.201.78:27017 b/c of error
java.io.IOException: couldn't connect to [/61.250.201.78:27017] bc:java.net.ConnectException: Connection timed out: connect
	at com.mongodb.DBPort._open(DBPort.java:224)
	at com.mongodb.DBPort.go(DBPort.java:101)
	at com.mongodb.DBPort.go(DBPort.java:82)
	at com.mongodb.DBPort.say(DBPort.java:77)
	at com.mongodb.DBTCPConnector.say(DBTCPConnector.java:146)
	at com.mongodb.DBTCPConnector.say(DBTCPConnector.java:132)
	at com.mongodb.DBApiLayer$MyCollection.insert(DBApiLayer.java:262)
	at com.mongodb.DBApiLayer$MyCollection.createIndex(DBApiLayer.java:354)
	at com.mongodb.DBCollection.ensureIndex(DBCollection.java:444)
	at com.mongodb.DBCollection.ensureIndex(DBCollection.java:392)
	at net.ion.radon.repository.Workspace.createWorkspace(Workspace.java:64)
	at net.ion.radon.repository.Workspace.load(Workspace.java:43)
	at net.ion.radon.repository.Repository.getWorkspace(Repository.java:28)
	at net.ion.radon.repository.LocalSession.getCurrentWorkspace(LocalSession.java:147)
	at net.ion.radon.repository.LocalSession.dropWorkspace(LocalSession.java:76)
	at net.ion.radon.repository.TestBaseRepository.setUp(TestBaseRepository.java:17)
	at junit.framework.TestCase.runBare(TestCase.java:128)
	at junit.framework.TestResult$1.protect(TestResult.java:106)
	at junit.framework.TestResult.runProtected(TestResult.java:124)
	at junit.framework.TestResult.run(TestResult.java:109)
	at junit.framework.TestCase.run(TestCase.java:120)
	at junit.framework.TestSuite.runTest(TestSuite.java:230)
	at junit.framework.TestSuite.run(TestSuite.java:225)
	at junit.framework.TestSuite.runTest(TestSuite.java:230)
	at junit.framework.TestSuite.run(TestSuite.java:225)
	at junit.framework.TestSuite.runTest(TestSuite.java:230)
	at junit.framework.TestSuite.run(TestSuite.java:225)
	at junit.framework.TestSuite.runTest(TestSuite.java:230)
	at junit.framework.TestSuite.run(TestSuite.java:225)
	at org.apache.tools.ant.taskdefs.optional.junit.JUnitTestRunner.run(JUnitTestRunner.java:421)
	at org.apache.tools.ant.taskdefs.optional.junit.JUnitTestRunner.launch(JUnitTestRunner.java:912)
	at org.apache.tools.ant.taskdefs.optional.junit.JUnitTestRunner.main(JUnitTestRunner.java:766)
2011. 11. 17 오전 9:11:53 com.mongodb.DBTCPConnector fetchMaxBsonObjectSize
경고: Exception determining maxBSON size using0
java.io.IOException: couldn't connect to [/61.250.201.78:27017] bc:java.net.ConnectException: Connection timed out: connect
	at com.mongodb.DBPort._open(DBPort.java:224)
	at com.mongodb.DBPort.go(DBPort.java:101)
	at com.mongodb.DBPort.go(DBPort.java:82)
	at com.mongodb.DBPort.findOne(DBPort.java:142)
	at com.mongodb.DBPort.runCommand(DBPort.java:151)
	at com.mongodb.DBTCPConnector.fetchMaxBsonObjectSize(DBTCPConnector.java:429)
	at com.mongodb.Mongo.getMaxBsonObjectSize(Mongo.java:544)
	at com.mongodb.DBApiLayer$MyCollection.insert(DBApiLayer.java:244)
	at com.mongodb.DBApiLayer$MyCollection.createIndex(DBApiLayer.java:354)
	at com.mongodb.DBCollection.ensureIndex(DBCollection.java:444)
	at com.mongodb.DBCollection.ensureIndex(DBCollection.java:392)
	at net.ion.radon.repository.Workspace.createWorkspace(Workspace.java:64)
	at net.ion.radon.repository.Workspace.load(Workspace.java:43)
	at net.ion.radon.repository.Repository.getWorkspace(Repository.java:28)
	at net.ion.radon.repository.LocalSession.getCurrentWorkspace(LocalSession.java:147)
	at net.ion.radon.repository.LocalSession.dropWorkspace(LocalSession.java:76)
	at net.ion.radon.repository.TestBaseRepository.setUp(TestBaseRepository.java:17)
	at junit.framework.TestCase.runBare(TestCase.java:128)
	at junit.framework.TestResult$1.protect(TestResult.java:106)
	at junit.framework.TestResult.runProtected(TestResult.java:124)
	at junit.framework.TestResult.run(TestResult.java:109)
	at junit.framework.TestCase.run(TestCase.java:120)
	at junit.framework.TestSuite.runTest(TestSuite.java:230)
	at junit.framework.TestSuite.run(TestSuite.java:225)
	at junit.framework.TestSuite.runTest(TestSuite.java:230)
	at junit.framework.TestSuite.run(TestSuite.java:225)
	at junit.framework.TestSuite.runTest(TestSuite.java:230)
	at junit.framework.TestSuite.run(TestSuite.java:225)
	at junit.framework.TestSuite.runTest(TestSuite.java:230)
	at junit.framework.TestSuite.run(TestSuite.java:225)
	at org.apache.tools.ant.taskdefs.optional.junit.JUnitTestRunner.run(JUnitTestRunner.java:421)
	at org.apache.tools.ant.taskdefs.optional.junit.JUnitTestRunner.launch(JUnitTestRunner.java:912)
	at org.apache.tools.ant.taskdefs.optional.junit.JUnitTestRunner.main(JUnitTestRunner.java:766)
2011. 11. 17 오전 9:12:14 com.mongodb.DBTCPConnector fetchMaxBsonObjectSize
경고: Exception determining maxBSON size using0
java.io.IOException: couldn't connect to [/61.250.201.78:27017] bc:java.net.ConnectException: Connection timed out: connect
	at com.mongodb.DBPort._open(DBPort.java:224)
	at com.mongodb.DBPort.go(DBPort.java:101)
	at com.mongodb.DBPort.go(DBPort.java:82)
	at com.mongodb.DBPort.findOne(DBPort.java:142)
	at com.mongodb.DBPort.runCommand(DBPort.java:151)
	at com.mongodb.DBTCPConnector.fetchMaxBsonObjectSize(DBTCPConnector.java:429)
	at com.mongodb.DBTCPConnector.checkMaster(DBTCPConnector.java:416)
	at com.mongodb.DBTCPConnector.say(DBTCPConnector.java:139)
	at com.mongodb.DBTCPConnector.say(DBTCPConnector.java:132)
	at com.mongodb.DBApiLayer$MyCollection.insert(DBApiLayer.java:262)
	at com.mongodb.DBApiLayer$MyCollection.createIndex(DBApiLayer.java:354)
	at com.mongodb.DBCollection.ensureIndex(DBCollection.java:444)
	at com.mongodb.DBCollection.ensureIndex(DBCollection.java:392)
	at net.ion.radon.repository.Workspace.createWorkspace(Workspace.java:64)
	at net.ion.radon.repository.Workspace.load(Workspace.java:43)
	at net.ion.radon.repository.Repository.getWorkspace(Repository.java:28)
	at net.ion.radon.repository.LocalSession.getCurrentWorkspace(LocalSession.java:147)
	at net.ion.radon.repository.LocalSession.dropWorkspace(LocalSession.java:76)
	at net.ion.radon.repository.TestBaseRepository.setUp(TestBaseRepository.java:17)
	at junit.framework.TestCase.runBare(TestCase.java:128)
	at junit.framework.TestResult$1.protect(TestResult.java:106)
	at junit.framework.TestResult.runProtected(TestResult.java:124)
	at junit.framework.TestResult.run(TestResult.java:109)
	at junit.framework.TestCase.run(TestCase.java:120)
	at junit.framework.TestSuite.runTest(TestSuite.java:230)
	at junit.framework.TestSuite.run(TestSuite.java:225)
	at junit.framework.TestSuite.runTest(TestSuite.java:230)
	at junit.framework.TestSuite.run(TestSuite.java:225)
	at junit.framework.TestSuite.runTest(TestSuite.java:230)
	at junit.framework.TestSuite.run(TestSuite.java:225)
	at junit.framework.TestSuite.runTest(TestSuite.java:230)
	at junit.framework.TestSuite.run(TestSuite.java:225)
	at org.apache.tools.ant.taskdefs.optional.junit.JUnitTestRunner.run(JUnitTestRunner.java:421)
	at org.apache.tools.ant.taskdefs.optional.junit.JUnitTestRunner.launch(JUnitTestRunner.java:912)
	at org.apache.tools.ant.taskdefs.optional.junit.JUnitTestRunner.main(JUnitTestRunner.java:766)
2011. 11. 17 오전 9:12:36 com.mongodb.DBPortPool gotError
경고: emptying DBPortPool to 61.250.201.78:27017 b/c of error
java.io.IOException: couldn't connect to [/61.250.201.78:27017] bc:java.net.ConnectException: Connection timed out: connect
	at com.mongodb.DBPort._open(DBPort.java:224)
	at com.mongodb.DBPort.go(DBPort.java:101)
	at com.mongodb.DBPort.go(DBPort.java:82)
	at com.mongodb.DBPort.say(DBPort.java:77)
	at com.mongodb.DBTCPConnector.say(DBTCPConnector.java:146)
	at com.mongodb.DBTCPConnector.say(DBTCPConnector.java:132)
	at com.mongodb.DBApiLayer$MyCollection.insert(DBApiLayer.java:262)
	at com.mongodb.DBApiLayer$MyCollection.createIndex(DBApiLayer.java:354)
	at com.mongodb.DBCollection.ensureIndex(DBCollection.java:444)
	at com.mongodb.DBCollection.ensureIndex(DBCollection.java:392)
	at net.ion.radon.repository.Workspace.createWorkspace(Workspace.java:64)
	at net.ion.radon.repository.Workspace.load(Workspace.java:43)
	at net.ion.radon.repository.Repository.getWorkspace(Repository.java:28)
	at net.ion.radon.repository.LocalSession.getCurrentWorkspace(LocalSession.java:147)
	at net.ion.radon.repository.LocalSession.dropWorkspace(LocalSession.java:76)
	at net.ion.radon.repository.TestBaseRepository.setUp(TestBaseRepository.java:17)
	at junit.framework.TestCase.runBare(TestCase.java:128)
	at junit.framework.TestResult$1.protect(TestResult.java:106)
	at junit.framework.TestResult.runProtected(TestResult.java:124)
	at junit.framework.TestResult.run(TestResult.java:109)
	at junit.framework.TestCase.run(TestCase.java:120)
	at junit.framework.TestSuite.runTest(TestSuite.java:230)
	at junit.framework.TestSuite.run(TestSuite.java:225)
	at junit.framework.TestSuite.runTest(TestSuite.java:230)
	at junit.framework.TestSuite.run(TestSuite.java:225)
	at junit.framework.TestSuite.runTest(TestSuite.java:230)
	at junit.framework.TestSuite.run(TestSuite.java:225)
	at junit.framework.TestSuite.runTest(TestSuite.java:230)
	at junit.framework.TestSuite.run(TestSuite.java:225)
	at org.apache.tools.ant.taskdefs.optional.junit.JUnitTestRunner.run(JUnitTestRunner.java:421)
	at org.apache.tools.ant.taskdefs.optional.junit.JUnitTestRunner.launch(JUnitTestRunner.java:912)
	at org.apache.tools.ant.taskdefs.optional.junit.JUnitTestRunner.main(JUnitTestRunner.java:766)
2011. 11. 17 오전 9:12:57 com.mongodb.DBTCPConnector fetchMaxBsonObjectSize
경고: Exception determining maxBSON size using0
java.io.IOException: couldn't connect to [/61.250.201.78:27017] bc:java.net.ConnectException: Connection timed out: connect
	at com.mongodb.DBPort._open(DBPort.java:224)
	at com.mongodb.DBPort.go(DBPort.java:101)
	at com.mongodb.DBPort.go(DBPort.java:82)
	at com.mongodb.DBPort.findOne(DBPort.java:142)
	at com.mongodb.DBPort.runCommand(DBPort.java:151)
	at com.mongodb.DBTCPConnector.fetchMaxBsonObjectSize(DBTCPConnector.java:429)
	at com.mongodb.Mongo.getMaxBsonObjectSize(Mongo.java:544)
	at com.mongodb.DBApiLayer$MyCollection.insert(DBApiLayer.java:244)
	at com.mongodb.DBApiLayer$MyCollection.createIndex(DBApiLayer.java:354)
	at com.mongodb.DBCollection.ensureIndex(DBCollection.java:444)
	at com.mongodb.DBCollection.ensureIndex(DBCollection.java:392)
	at net.ion.radon.repository.Workspace.createWorkspace(Workspace.java:64)
	at net.ion.radon.repository.Workspace.load(Workspace.java:43)
	at net.ion.radon.repository.Repository.getWorkspace(Repository.java:28)
	at net.ion.radon.repository.LocalSession.getCurrentWorkspace(LocalSession.java:147)
	at net.ion.radon.repository.LocalSession.dropWorkspace(LocalSession.java:76)
	at net.ion.radon.repository.TestBaseRepository.setUp(TestBaseRepository.java:17)
	at junit.framework.TestCase.runBare(TestCase.java:128)
	at junit.framework.TestResult$1.protect(TestResult.java:106)
	at junit.framework.TestResult.runProtected(TestResult.java:124)
	at junit.framework.TestResult.run(TestResult.java:109)
	at junit.framework.TestCase.run(TestCase.java:120)
	at junit.framework.TestSuite.runTest(TestSuite.java:230)
	at junit.framework.TestSuite.run(TestSuite.java:225)
	at junit.framework.TestSuite.runTest(TestSuite.java:230)
	at junit.framework.TestSuite.run(TestSuite.java:225)
	at junit.framework.TestSuite.runTest(TestSuite.java:230)
	at junit.framework.TestSuite.run(TestSuite.java:225)
	at junit.framework.TestSuite.runTest(TestSuite.java:230)
	at junit.framework.TestSuite.run(TestSuite.java:225)
	at org.apache.tools.ant.taskdefs.optional.junit.JUnitTestRunner.run(JUnitTestRunner.java:421)
	at org.apache.tools.ant.taskdefs.optional.junit.JUnitTestRunner.launch(JUnitTestRunner.java:912)
	at org.apache.tools.ant.taskdefs.optional.junit.JUnitTestRunner.main(JUnitTestRunner.java:766)
2011. 11. 17 오전 9:13:18 com.mongodb.DBTCPConnector fetchMaxBsonObjectSize
경고: Exception determining maxBSON size using0
java.io.IOException: couldn't connect to [/61.250.201.78:27017] bc:java.net.ConnectException: Connection timed out: connect
	at com.mongodb.DBPort._open(DBPort.java:224)
	at com.mongodb.DBPort.go(DBPort.java:101)
	at com.mongodb.DBPort.go(DBPort.java:82)
	at com.mongodb.DBPort.findOne(DBPort.java:142)
	at com.mongodb.DBPort.runCommand(DBPort.java:151)
	at com.mongodb.DBTCPConnector.fetchMaxBsonObjectSize(DBTCPConnector.java:429)
	at com.mongodb.DBTCPConnector.checkMaster(DBTCPConnector.java:416)
	at com.mongodb.DBTCPConnector.say(DBTCPConnector.java:139)
	at com.mongodb.DBTCPConnector.say(DBTCPConnector.java:132)
	at com.mongodb.DBApiLayer$MyCollection.insert(DBApiLayer.java:262)
	at com.mongodb.DBApiLayer$MyCollection.createIndex(DBApiLayer.java:354)
	at com.mongodb.DBCollection.ensureIndex(DBCollection.java:444)
	at com.mongodb.DBCollection.ensureIndex(DBCollection.java:392)
	at net.ion.radon.repository.Workspace.createWorkspace(Workspace.java:64)
	at net.ion.radon.repository.Workspace.load(Workspace.java:43)
	at net.ion.radon.repository.Repository.getWorkspace(Repository.java:28)
	at net.ion.radon.repository.LocalSession.getCurrentWorkspace(LocalSession.java:147)
	at net.ion.radon.repository.LocalSession.dropWorkspace(LocalSession.java:76)
	at net.ion.radon.repository.TestBaseRepository.setUp(TestBaseRepository.java:17)
	at junit.framework.TestCase.runBare(TestCase.java:128)
	at junit.framework.TestResult$1.protect(TestResult.java:106)
	at junit.framework.TestResult.runProtected(TestResult.java:124)
	at junit.framework.TestResult.run(TestResult.java:109)
	at junit.framework.TestCase.run(TestCase.java:120)
	at junit.framework.TestSuite.runTest(TestSuite.java:230)
	at junit.framework.TestSuite.run(TestSuite.java:225)
	at junit.framework.TestSuite.runTest(TestSuite.java:230)
	at junit.framework.TestSuite.run(TestSuite.java:225)
	at junit.framework.TestSuite.runTest(TestSuite.java:230)
	at junit.framework.TestSuite.run(TestSuite.java:225)
	at junit.framework.TestSuite.runTest(TestSuite.java:230)
	at junit.framework.TestSuite.run(TestSuite.java:225)
	at org.apache.tools.ant.taskdefs.optional.junit.JUnitTestRunner.run(JUnitTestRunner.java:421)
	at org.apache.tools.ant.taskdefs.optional.junit.JUnitTestRunner.launch(JUnitTestRunner.java:912)
	at org.apache.tools.ant.taskdefs.optional.junit.JUnitTestRunner.main(JUnitTestRunner.java:766)
2011. 11. 17 오전 9:13:39 com.mongodb.DBPortPool gotError
경고: emptying DBPortPool to 61.250.201.78:27017 b/c of error
java.io.IOException: couldn't connect to [/61.250.201.78:27017] bc:java.net.ConnectException: Connection timed out: connect
	at com.mongodb.DBPort._open(DBPort.java:224)
	at com.mongodb.DBPort.go(DBPort.java:101)
	at com.mongodb.DBPort.go(DBPort.java:82)
	at com.mongodb.DBPort.say(DBPort.java:77)
	at com.mongodb.DBTCPConnector.say(DBTCPConnector.java:146)
	at com.mongodb.DBTCPConnector.say(DBTCPConnector.java:132)
	at com.mongodb.DBApiLayer$MyCollection.insert(DBApiLayer.java:262)
	at com.mongodb.DBApiLayer$MyCollection.createIndex(DBApiLayer.java:354)
	at com.mongodb.DBCollection.ensureIndex(DBCollection.java:444)
	at com.mongodb.DBCollection.ensureIndex(DBCollection.java:392)
	at net.ion.radon.repository.Workspace.createWorkspace(Workspace.java:64)
	at net.ion.radon.repository.Workspace.load(Workspace.java:43)
	at net.ion.radon.repository.Repository.getWorkspace(Repository.java:28)
	at net.ion.radon.repository.LocalSession.getCurrentWorkspace(LocalSession.java:147)
	at net.ion.radon.repository.LocalSession.dropWorkspace(LocalSession.java:76)
	at net.ion.radon.repository.TestBaseRepository.setUp(TestBaseRepository.java:17)
	at junit.framework.TestCase.runBare(TestCase.java:128)
	at junit.framework.TestResult$1.protect(TestResult.java:106)
	at junit.framework.TestResult.runProtected(TestResult.java:124)
	at junit.framework.TestResult.run(TestResult.java:109)
	at junit.framework.TestCase.run(TestCase.java:120)
	at junit.framework.TestSuite.runTest(TestSuite.java:230)
	at junit.framework.TestSuite.run(TestSuite.java:225)
	at junit.framework.TestSuite.runTest(TestSuite.java:230)
	at junit.framework.TestSuite.run(TestSuite.java:225)
	at junit.framework.TestSuite.runTest(TestSuite.java:230)
	at junit.framework.TestSuite.run(TestSuite.java:225)
	at junit.framework.TestSuite.runTest(TestSuite.java:230)
	at junit.framework.TestSuite.run(TestSuite.java:225)
	at org.apache.tools.ant.taskdefs.optional.junit.JUnitTestRunner.run(JUnitTestRunner.java:421)
	at org.apache.tools.ant.taskdefs.optional.junit.JUnitTestRunner.launch(JUnitTestRunner.java:912)
	at org.apache.tools.ant.taskdefs.optional.junit.JUnitTestRunner.main(JUnitTestRunner.java:766)
2011. 11. 17 오전 9:14:00 com.mongodb.DBTCPConnector fetchMaxBsonObjectSize
경고: Exception determining maxBSON size using0
java.io.IOException: couldn't connect to [/61.250.201.78:27017] bc:java.net.ConnectException: Connection timed out: connect
	at com.mongodb.DBPort._open(DBPort.java:224)
	at com.mongodb.DBPort.go(DBPort.java:101)
	at com.mongodb.DBPort.go(DBPort.java:82)
	at com.mongodb.DBPort.findOne(DBPort.java:142)
	at com.mongodb.DBPort.runCommand(DBPort.java:151)
	at com.mongodb.DBTCPConnector.fetchMaxBsonObjectSize(DBTCPConnector.java:429)
	at com.mongodb.Mongo.getMaxBsonObjectSize(Mongo.java:544)
	at com.mongodb.DBApiLayer$MyCollection.insert(DBApiLayer.java:244)
	at com.mongodb.DBApiLayer$MyCollection.createIndex(DBApiLayer.java:354)
	at com.mongodb.DBCollection.ensureIndex(DBCollection.java:444)
	at com.mongodb.DBCollection.ensureIndex(DBCollection.java:392)
	at net.ion.radon.repository.Workspace.createWorkspace(Workspace.java:64)
	at net.ion.radon.repository.Workspace.load(Workspace.java:43)
	at net.ion.radon.repository.Repository.getWorkspace(Repository.java:28)
	at net.ion.radon.repository.LocalSession.getCurrentWorkspace(LocalSession.java:147)
	at net.ion.radon.repository.LocalSession.dropWorkspace(LocalSession.java:76)
	at net.ion.radon.repository.TestBaseRepository.setUp(TestBaseRepository.java:17)
	at junit.framework.TestCase.runBare(TestCase.java:128)
	at junit.framework.TestResult$1.protect(TestResult.java:106)
	at junit.framework.TestResult.runProtected(TestResult.java:124)
	at junit.framework.TestResult.run(TestResult.java:109)
	at junit.framework.TestCase.run(TestCase.java:120)
	at junit.framework.TestSuite.runTest(TestSuite.java:230)
	at junit.framework.TestSuite.run(TestSuite.java:225)
	at junit.framework.TestSuite.runTest(TestSuite.java:230)
	at junit.framework.TestSuite.run(TestSuite.java:225)
	at junit.framework.TestSuite.runTest(TestSuite.java:230)
	at junit.framework.TestSuite.run(TestSuite.java:225)
	at junit.framework.TestSuite.runTest(TestSuite.java:230)
	at junit.framework.TestSuite.run(TestSuite.java:225)
	at org.apache.tools.ant.taskdefs.optional.junit.JUnitTestRunner.run(JUnitTestRunner.java:421)
	at org.apache.tools.ant.taskdefs.optional.junit.JUnitTestRunner.launch(JUnitTestRunner.java:912)
	at org.apache.tools.ant.taskdefs.optional.junit.JUnitTestRunner.main(JUnitTestRunner.java:766)
2011. 11. 17 오전 9:14:21 com.mongodb.DBTCPConnector fetchMaxBsonObjectSize
경고: Exception determining maxBSON size using0
java.io.IOException: couldn't connect to [/61.250.201.78:27017] bc:java.net.ConnectException: Connection timed out: connect
	at com.mongodb.DBPort._open(DBPort.java:224)
	at com.mongodb.DBPort.go(DBPort.java:101)
	at com.mongodb.DBPort.go(DBPort.java:82)
	at com.mongodb.DBPort.findOne(DBPort.java:142)
	at com.mongodb.DBPort.runCommand(DBPort.java:151)
	at com.mongodb.DBTCPConnector.fetchMaxBsonObjectSize(DBTCPConnector.java:429)
	at com.mongodb.DBTCPConnector.checkMaster(DBTCPConnector.java:416)
	at com.mongodb.DBTCPConnector.say(DBTCPConnector.java:139)
	at com.mongodb.DBTCPConnector.say(DBTCPConnector.java:132)
	at com.mongodb.DBApiLayer$MyCollection.insert(DBApiLayer.java:262)
	at com.mongodb.DBApiLayer$MyCollection.createIndex(DBApiLayer.java:354)
	at com.mongodb.DBCollection.ensureIndex(DBCollection.java:444)
	at com.mongodb.DBCollection.ensureIndex(DBCollection.java:392)
	at net.ion.radon.repository.Workspace.createWorkspace(Workspace.java:64)
	at net.ion.radon.repository.Workspace.load(Workspace.java:43)
	at net.ion.radon.repository.Repository.getWorkspace(Repository.java:28)
	at net.ion.radon.repository.LocalSession.getCurrentWorkspace(LocalSession.java:147)
	at net.ion.radon.repository.LocalSession.dropWorkspace(LocalSession.java:76)
	at net.ion.radon.repository.TestBaseRepository.setUp(TestBaseRepository.java:17)
	at junit.framework.TestCase.runBare(TestCase.java:128)
	at junit.framework.TestResult$1.protect(TestResult.java:106)
	at junit.framework.TestResult.runProtected(TestResult.java:124)
	at junit.framework.TestResult.run(TestResult.java:109)
	at junit.framework.TestCase.run(TestCase.java:120)
	at junit.framework.TestSuite.runTest(TestSuite.java:230)
	at junit.framework.TestSuite.run(TestSuite.java:225)
	at junit.framework.TestSuite.runTest(TestSuite.java:230)
	at junit.framework.TestSuite.run(TestSuite.java:225)
	at junit.framework.TestSuite.runTest(TestSuite.java:230)
	at junit.framework.TestSuite.run(TestSuite.java:225)
	at junit.framework.TestSuite.runTest(TestSuite.java:230)
	at junit.framework.TestSuite.run(TestSuite.java:225)
	at org.apache.tools.ant.taskdefs.optional.junit.JUnitTestRunner.run(JUnitTestRunner.java:421)
	at org.apache.tools.ant.taskdefs.optional.junit.JUnitTestRunner.launch(JUnitTestRunner.java:912)
	at org.apache.tools.ant.taskdefs.optional.junit.JUnitTestRunner.main(JUnitTestRunner.java:766)
2011. 11. 17 오전 9:14:42 com.mongodb.DBPortPool gotError
경고: emptying DBPortPool to 61.250.201.78:27017 b/c of error
java.io.IOException: couldn't connect to [/61.250.201.78:27017] bc:java.net.ConnectException: Connection timed out: connect
	at com.mongodb.DBPort._open(DBPort.java:224)
	at com.mongodb.DBPort.go(DBPort.java:101)
	at com.mongodb.DBPort.go(DBPort.java:82)
	at com.mongodb.DBPort.say(DBPort.java:77)
	at com.mongodb.DBTCPConnector.say(DBTCPConnector.java:146)
	at com.mongodb.DBTCPConnector.say(DBTCPConnector.java:132)
	at com.mongodb.DBApiLayer$MyCollection.insert(DBApiLayer.java:262)
	at com.mongodb.DBApiLayer$MyCollection.createIndex(DBApiLayer.java:354)
	at com.mongodb.DBCollection.ensureIndex(DBCollection.java:444)
	at com.mongodb.DBCollection.ensureIndex(DBCollection.java:392)
	at net.ion.radon.repository.Workspace.createWorkspace(Workspace.java:64)
	at net.ion.radon.repository.Workspace.load(Workspace.java:43)
	at net.ion.radon.repository.Repository.getWorkspace(Repository.java:28)
	at net.ion.radon.repository.LocalSession.getCurrentWorkspace(LocalSession.java:147)
	at net.ion.radon.repository.LocalSession.dropWorkspace(LocalSession.java:76)
	at net.ion.radon.repository.TestBaseRepository.setUp(TestBaseRepository.java:17)
	at junit.framework.TestCase.runBare(TestCase.java:128)
	at junit.framework.TestResult$1.protect(TestResult.java:106)
	at junit.framework.TestResult.runProtected(TestResult.java:124)
	at junit.framework.TestResult.run(TestResult.java:109)
	at junit.framework.TestCase.run(TestCase.java:120)
	at junit.framework.TestSuite.runTest(TestSuite.java:230)
	at junit.framework.TestSuite.run(TestSuite.java:225)
	at junit.framework.TestSuite.runTest(TestSuite.java:230)
	at junit.framework.TestSuite.run(TestSuite.java:225)
	at junit.framework.TestSuite.runTest(TestSuite.java:230)
	at junit.framework.TestSuite.run(TestSuite.java:225)
	at junit.framework.TestSuite.runTest(TestSuite.java:230)
	at junit.framework.TestSuite.run(TestSuite.java:225)
	at org.apache.tools.ant.taskdefs.optional.junit.JUnitTestRunner.run(JUnitTestRunner.java:421)
	at org.apache.tools.ant.taskdefs.optional.junit.JUnitTestRunner.launch(JUnitTestRunner.java:912)
	at org.apache.tools.ant.taskdefs.optional.junit.JUnitTestRunner.main(JUnitTestRunner.java:766)
2011. 11. 17 오전 9:15:03 com.mongodb.DBTCPConnector fetchMaxBsonObjectSize
경고: Exception determining maxBSON size using0
java.io.IOException: couldn't connect to [/61.250.201.78:27017] bc:java.net.ConnectException: Connection timed out: connect
	at com.mongodb.DBPort._open(DBPort.java:224)
	at com.mongodb.DBPort.go(DBPort.java:101)
	at com.mongodb.DBPort.go(DBPort.java:82)
	at com.mongodb.DBPort.findOne(DBPort.java:142)
	at com.mongodb.DBPort.runCommand(DBPort.java:151)
	at com.mongodb.DBTCPConnector.fetchMaxBsonObjectSize(DBTCPConnector.java:429)
	at com.mongodb.Mongo.getMaxBsonObjectSize(Mongo.java:544)
	at com.mongodb.DBApiLayer$MyCollection.insert(DBApiLayer.java:244)
	at com.mongodb.DBApiLayer$MyCollection.createIndex(DBApiLayer.java:354)
	at com.mongodb.DBCollection.ensureIndex(DBCollection.java:444)
	at com.mongodb.DBCollection.ensureIndex(DBCollection.java:392)
	at net.ion.radon.repository.Workspace.createWorkspace(Workspace.java:64)
	at net.ion.radon.repository.Workspace.load(Workspace.java:43)
	at net.ion.radon.repository.Repository.getWorkspace(Repository.java:28)
	at net.ion.radon.repository.LocalSession.getCurrentWorkspace(LocalSession.java:147)
	at net.ion.radon.repository.LocalSession.dropWorkspace(LocalSession.java:76)
	at net.ion.radon.repository.TestBaseRepository.setUp(TestBaseRepository.java:17)
	at junit.framework.TestCase.runBare(TestCase.java:128)
	at junit.framework.TestResult$1.protect(TestResult.java:106)
	at junit.framework.TestResult.runProtected(TestResult.java:124)
	at junit.framework.TestResult.run(TestResult.java:109)
	at junit.framework.TestCase.run(TestCase.java:120)
	at junit.framework.TestSuite.runTest(TestSuite.java:230)
	at junit.framework.TestSuite.run(TestSuite.java:225)
	at junit.framework.TestSuite.runTest(TestSuite.java:230)
	at junit.framework.TestSuite.run(TestSuite.java:225)
	at junit.framework.TestSuite.runTest(TestSuite.java:230)
	at junit.framework.TestSuite.run(TestSuite.java:225)
	at junit.framework.TestSuite.runTest(TestSuite.java:230)
	at junit.framework.TestSuite.run(TestSuite.java:225)
	at org.apache.tools.ant.taskdefs.optional.junit.JUnitTestRunner.run(JUnitTestRunner.java:421)
	at org.apache.tools.ant.taskdefs.optional.junit.JUnitTestRunner.launch(JUnitTestRunner.java:912)
	at org.apache.tools.ant.taskdefs.optional.junit.JUnitTestRunner.main(JUnitTestRunner.java:766)
2011. 11. 17 오전 9:15:24 com.mongodb.DBTCPConnector fetchMaxBsonObjectSize
경고: Exception determining maxBSON size using0
java.io.IOException: couldn't connect to [/61.250.201.78:27017] bc:java.net.ConnectException: Connection timed out: connect
	at com.mongodb.DBPort._open(DBPort.java:224)
	at com.mongodb.DBPort.go(DBPort.java:101)
	at com.mongodb.DBPort.go(DBPort.java:82)
	at com.mongodb.DBPort.findOne(DBPort.java:142)
	at com.mongodb.DBPort.runCommand(DBPort.java:151)
	at com.mongodb.DBTCPConnector.fetchMaxBsonObjectSize(DBTCPConnector.java:429)
	at com.mongodb.DBTCPConnector.checkMaster(DBTCPConnector.java:416)
	at com.mongodb.DBTCPConnector.say(DBTCPConnector.java:139)
	at com.mongodb.DBTCPConnector.say(DBTCPConnector.java:132)
	at com.mongodb.DBApiLayer$MyCollection.insert(DBApiLayer.java:262)
	at com.mongodb.DBApiLayer$MyCollection.createIndex(DBApiLayer.java:354)
	at com.mongodb.DBCollection.ensureIndex(DBCollection.java:444)
	at com.mongodb.DBCollection.ensureIndex(DBCollection.java:392)
	at net.ion.radon.repository.Workspace.createWorkspace(Workspace.java:64)
	at net.ion.radon.repository.Workspace.load(Workspace.java:43)
	at net.ion.radon.repository.Repository.getWorkspace(Repository.java:28)
	at net.ion.radon.repository.LocalSession.getCurrentWorkspace(LocalSession.java:147)
	at net.ion.radon.repository.LocalSession.dropWorkspace(LocalSession.java:76)
	at net.ion.radon.repository.TestBaseRepository.setUp(TestBaseRepository.java:17)
	at junit.framework.TestCase.runBare(TestCase.java:128)
	at junit.framework.TestResult$1.protect(TestResult.java:106)
	at junit.framework.TestResult.runProtected(TestResult.java:124)
	at junit.framework.TestResult.run(TestResult.java:109)
	at junit.framework.TestCase.run(TestCase.java:120)
	at junit.framework.TestSuite.runTest(TestSuite.java:230)
	at junit.framework.TestSuite.run(TestSuite.java:225)
	at junit.framework.TestSuite.runTest(TestSuite.java:230)
	at junit.framework.TestSuite.run(TestSuite.java:225)
	at junit.framework.TestSuite.runTest(TestSuite.java:230)
	at junit.framework.TestSuite.run(TestSuite.java:225)
	at junit.framework.TestSuite.runTest(TestSuite.java:230)
	at junit.framework.TestSuite.run(TestSuite.java:225)
	at org.apache.tools.ant.taskdefs.optional.junit.JUnitTestRunner.run(JUnitTestRunner.java:421)
	at org.apache.tools.ant.taskdefs.optional.junit.JUnitTestRunner.launch(JUnitTestRunner.java:912)
	at org.apache.tools.ant.taskdefs.optional.junit.JUnitTestRunner.main(JUnitTestRunner.java:766)
2011. 11. 17 오전 9:15:45 com.mongodb.DBPortPool gotError
경고: emptying DBPortPool to 61.250.201.78:27017 b/c of error
java.io.IOException: couldn't connect to [/61.250.201.78:27017] bc:java.net.ConnectException: Connection timed out: connect
	at com.mongodb.DBPort._open(DBPort.java:224)
	at com.mongodb.DBPort.go(DBPort.java:101)
	at com.mongodb.DBPort.go(DBPort.java:82)
	at com.mongodb.DBPort.say(DBPort.java:77)
	at com.mongodb.DBTCPConnector.say(DBTCPConnector.java:146)
	at com.mongodb.DBTCPConnector.say(DBTCPConnector.java:132)
	at com.mongodb.DBApiLayer$MyCollection.insert(DBApiLayer.java:262)
	at com.mongodb.DBApiLayer$MyCollection.createIndex(DBApiLayer.java:354)
	at com.mongodb.DBCollection.ensureIndex(DBCollection.java:444)
	at com.mongodb.DBCollection.ensureIndex(DBCollection.java:392)
	at net.ion.radon.repository.Workspace.createWorkspace(Workspace.java:64)
	at net.ion.radon.repository.Workspace.load(Workspace.java:43)
	at net.ion.radon.repository.Repository.getWorkspace(Repository.java:28)
	at net.ion.radon.repository.LocalSession.getCurrentWorkspace(LocalSession.java:147)
	at net.ion.radon.repository.LocalSession.dropWorkspace(LocalSession.java:76)
	at net.ion.radon.repository.TestBaseRepository.setUp(TestBaseRepository.java:17)
	at junit.framework.TestCase.runBare(TestCase.java:128)
	at junit.framework.TestResult$1.protect(TestResult.java:106)
	at junit.framework.TestResult.runProtected(TestResult.java:124)
	at junit.framework.TestResult.run(TestResult.java:109)
	at junit.framework.TestCase.run(TestCase.java:120)
	at junit.framework.TestSuite.runTest(TestSuite.java:230)
	at junit.framework.TestSuite.run(TestSuite.java:225)
	at junit.framework.TestSuite.runTest(TestSuite.java:230)
	at junit.framework.TestSuite.run(TestSuite.java:225)
	at junit.framework.TestSuite.runTest(TestSuite.java:230)
	at junit.framework.TestSuite.run(TestSuite.java:225)
	at junit.framework.TestSuite.runTest(TestSuite.java:230)
	at junit.framework.TestSuite.run(TestSuite.java:225)
	at org.apache.tools.ant.taskdefs.optional.junit.JUnitTestRunner.run(JUnitTestRunner.java:421)
	at org.apache.tools.ant.taskdefs.optional.junit.JUnitTestRunner.launch(JUnitTestRunner.java:912)
	at org.apache.tools.ant.taskdefs.optional.junit.JUnitTestRunner.main(JUnitTestRunner.java:766)
2011. 11. 17 오전 9:16:06 com.mongodb.DBTCPConnector fetchMaxBsonObjectSize
경고: Exception determining maxBSON size using0
java.io.IOException: couldn't connect to [/61.250.201.78:27017] bc:java.net.ConnectException: Connection timed out: connect
	at com.mongodb.DBPort._open(DBPort.java:224)
	at com.mongodb.DBPort.go(DBPort.java:101)
	at com.mongodb.DBPort.go(DBPort.java:82)
	at com.mongodb.DBPort.findOne(DBPort.java:142)
	at com.mongodb.DBPort.runCommand(DBPort.java:151)
	at com.mongodb.DBTCPConnector.fetchMaxBsonObjectSize(DBTCPConnector.java:429)
	at com.mongodb.Mongo.getMaxBsonObjectSize(Mongo.java:544)
	at com.mongodb.DBApiLayer$MyCollection.insert(DBApiLayer.java:244)
	at com.mongodb.DBApiLayer$MyCollection.createIndex(DBApiLayer.java:354)
	at com.mongodb.DBCollection.ensureIndex(DBCollection.java:444)
	at com.mongodb.DBCollection.ensureIndex(DBCollection.java:392)
	at net.ion.radon.repository.Workspace.createWorkspace(Workspace.java:64)
	at net.ion.radon.repository.Workspace.load(Workspace.java:43)
	at net.ion.radon.repository.Repository.getWorkspace(Repository.java:28)
	at net.ion.radon.repository.LocalSession.getCurrentWorkspace(LocalSession.java:147)
	at net.ion.radon.repository.LocalSession.dropWorkspace(LocalSession.java:76)
	at net.ion.radon.repository.TestBaseRepository.setUp(TestBaseRepository.java:17)
	at junit.framework.TestCase.runBare(TestCase.java:128)
	at junit.framework.TestResult$1.protect(TestResult.java:106)
	at junit.framework.TestResult.runProtected(TestResult.java:124)
	at junit.framework.TestResult.run(TestResult.java:109)
	at junit.framework.TestCase.run(TestCase.java:120)
	at junit.framework.TestSuite.runTest(TestSuite.java:230)
	at junit.framework.TestSuite.run(TestSuite.java:225)
	at junit.framework.TestSuite.runTest(TestSuite.java:230)
	at junit.framework.TestSuite.run(TestSuite.java:225)
	at junit.framework.TestSuite.runTest(TestSuite.java:230)
	at junit.framework.TestSuite.run(TestSuite.java:225)
	at junit.framework.TestSuite.runTest(TestSuite.java:230)
	at junit.framework.TestSuite.run(TestSuite.java:225)
	at org.apache.tools.ant.taskdefs.optional.junit.JUnitTestRunner.run(JUnitTestRunner.java:421)
	at org.apache.tools.ant.taskdefs.optional.junit.JUnitTestRunner.launch(JUnitTestRunner.java:912)
	at org.apache.tools.ant.taskdefs.optional.junit.JUnitTestRunner.main(JUnitTestRunner.java:766)
2011. 11. 17 오전 9:16:27 com.mongodb.DBTCPConnector fetchMaxBsonObjectSize
경고: Exception determining maxBSON size using0
java.io.IOException: couldn't connect to [/61.250.201.78:27017] bc:java.net.ConnectException: Connection timed out: connect
	at com.mongodb.DBPort._open(DBPort.java:224)
	at com.mongodb.DBPort.go(DBPort.java:101)
	at com.mongodb.DBPort.go(DBPort.java:82)
	at com.mongodb.DBPort.findOne(DBPort.java:142)
	at com.mongodb.DBPort.runCommand(DBPort.java:151)
	at com.mongodb.DBTCPConnector.fetchMaxBsonObjectSize(DBTCPConnector.java:429)
	at com.mongodb.DBTCPConnector.checkMaster(DBTCPConnector.java:416)
	at com.mongodb.DBTCPConnector.say(DBTCPConnector.java:139)
	at com.mongodb.DBTCPConnector.say(DBTCPConnector.java:132)
	at com.mongodb.DBApiLayer$MyCollection.insert(DBApiLayer.java:262)
	at com.mongodb.DBApiLayer$MyCollection.createIndex(DBApiLayer.java:354)
	at com.mongodb.DBCollection.ensureIndex(DBCollection.java:444)
	at com.mongodb.DBCollection.ensureIndex(DBCollection.java:392)
	at net.ion.radon.repository.Workspace.createWorkspace(Workspace.java:64)
	at net.ion.radon.repository.Workspace.load(Workspace.java:43)
	at net.ion.radon.repository.Repository.getWorkspace(Repository.java:28)
	at net.ion.radon.repository.LocalSession.getCurrentWorkspace(LocalSession.java:147)
	at net.ion.radon.repository.LocalSession.dropWorkspace(LocalSession.java:76)
	at net.ion.radon.repository.TestBaseRepository.setUp(TestBaseRepository.java:17)
	at junit.framework.TestCase.runBare(TestCase.java:128)
	at junit.framework.TestResult$1.protect(TestResult.java:106)
	at junit.framework.TestResult.runProtected(TestResult.java:124)
	at junit.framework.TestResult.run(TestResult.java:109)
	at junit.framework.TestCase.run(TestCase.java:120)
	at junit.framework.TestSuite.runTest(TestSuite.java:230)
	at junit.framework.TestSuite.run(TestSuite.java:225)
	at junit.framework.TestSuite.runTest(TestSuite.java:230)
	at junit.framework.TestSuite.run(TestSuite.java:225)
	at junit.framework.TestSuite.runTest(TestSuite.java:230)
	at junit.framework.TestSuite.run(TestSuite.java:225)
	at junit.framework.TestSuite.runTest(TestSuite.java:230)
	at junit.framework.TestSuite.run(TestSuite.java:225)
	at org.apache.tools.ant.taskdefs.optional.junit.JUnitTestRunner.run(JUnitTestRunner.java:421)
	at org.apache.tools.ant.taskdefs.optional.junit.JUnitTestRunner.launch(JUnitTestRunner.java:912)
	at org.apache.tools.ant.taskdefs.optional.junit.JUnitTestRunner.main(JUnitTestRunner.java:766)
2011. 11. 17 오전 9:16:48 com.mongodb.DBPortPool gotError
경고: emptying DBPortPool to 61.250.201.78:27017 b/c of error
java.io.IOException: couldn't connect to [/61.250.201.78:27017] bc:java.net.ConnectException: Connection timed out: connect
	at com.mongodb.DBPort._open(DBPort.java:224)
	at com.mongodb.DBPort.go(DBPort.java:101)
	at com.mongodb.DBPort.go(DBPort.java:82)
	at com.mongodb.DBPort.say(DBPort.java:77)
	at com.mongodb.DBTCPConnector.say(DBTCPConnector.java:146)
	at com.mongodb.DBTCPConnector.say(DBTCPConnector.java:132)
	at com.mongodb.DBApiLayer$MyCollection.insert(DBApiLayer.java:262)
	at com.mongodb.DBApiLayer$MyCollection.createIndex(DBApiLayer.java:354)
	at com.mongodb.DBCollection.ensureIndex(DBCollection.java:444)
	at com.mongodb.DBCollection.ensureIndex(DBCollection.java:392)
	at net.ion.radon.repository.Workspace.createWorkspace(Workspace.java:64)
	at net.ion.radon.repository.Workspace.load(Workspace.java:43)
	at net.ion.radon.repository.Repository.getWorkspace(Repository.java:28)
	at net.ion.radon.repository.LocalSession.getCurrentWorkspace(LocalSession.java:147)
	at net.ion.radon.repository.LocalSession.dropWorkspace(LocalSession.java:76)
	at net.ion.radon.repository.TestBaseRepository.setUp(TestBaseRepository.java:17)
	at junit.framework.TestCase.runBare(TestCase.java:128)
	at junit.framework.TestResult$1.protect(TestResult.java:106)
	at junit.framework.TestResult.runProtected(TestResult.java:124)
	at junit.framework.TestResult.run(TestResult.java:109)
	at junit.framework.TestCase.run(TestCase.java:120)
	at junit.framework.TestSuite.runTest(TestSuite.java:230)
	at junit.framework.TestSuite.run(TestSuite.java:225)
	at junit.framework.TestSuite.runTest(TestSuite.java:230)
	at junit.framework.TestSuite.run(TestSuite.java:225)
	at junit.framework.TestSuite.runTest(TestSuite.java:230)
	at junit.framework.TestSuite.run(TestSuite.java:225)
	at junit.framework.TestSuite.runTest(TestSuite.java:230)
	at junit.framework.TestSuite.run(TestSuite.java:225)
	at org.apache.tools.ant.taskdefs.optional.junit.JUnitTestRunner.run(JUnitTestRunner.java:421)
	at org.apache.tools.ant.taskdefs.optional.junit.JUnitTestRunner.launch(JUnitTestRunner.java:912)
	at org.apache.tools.ant.taskdefs.optional.junit.JUnitTestRunner.main(JUnitTestRunner.java:766)
2011. 11. 17 오전 9:17:09 com.mongodb.DBTCPConnector fetchMaxBsonObjectSize
경고: Exception determining maxBSON size using0
java.io.IOException: couldn't connect to [/61.250.201.78:27017] bc:java.net.ConnectException: Connection timed out: connect
	at com.mongodb.DBPort._open(DBPort.java:224)
	at com.mongodb.DBPort.go(DBPort.java:101)
	at com.mongodb.DBPort.go(DBPort.java:82)
	at com.mongodb.DBPort.findOne(DBPort.java:142)
	at com.mongodb.DBPort.runCommand(DBPort.java:151)
	at com.mongodb.DBTCPConnector.fetchMaxBsonObjectSize(DBTCPConnector.java:429)
	at com.mongodb.Mongo.getMaxBsonObjectSize(Mongo.java:544)
	at com.mongodb.DBApiLayer$MyCollection.insert(DBApiLayer.java:244)
	at com.mongodb.DBApiLayer$MyCollection.createIndex(DBApiLayer.java:354)
	at com.mongodb.DBCollection.ensureIndex(DBCollection.java:444)
	at com.mongodb.DBCollection.ensureIndex(DBCollection.java:392)
	at net.ion.radon.repository.Workspace.createWorkspace(Workspace.java:64)
	at net.ion.radon.repository.Workspace.load(Workspace.java:43)
	at net.ion.radon.repository.Repository.getWorkspace(Repository.java:28)
	at net.ion.radon.repository.LocalSession.getCurrentWorkspace(LocalSession.java:147)
	at net.ion.radon.repository.LocalSession.dropWorkspace(LocalSession.java:76)
	at net.ion.radon.repository.TestBaseRepository.setUp(TestBaseRepository.java:17)
	at junit.framework.TestCase.runBare(TestCase.java:128)
	at junit.framework.TestResult$1.protect(TestResult.java:106)
	at junit.framework.TestResult.runProtected(TestResult.java:124)
	at junit.framework.TestResult.run(TestResult.java:109)
	at junit.framework.TestCase.run(TestCase.java:120)
	at junit.framework.TestSuite.runTest(TestSuite.java:230)
	at junit.framework.TestSuite.run(TestSuite.java:225)
	at junit.framework.TestSuite.runTest(TestSuite.java:230)
	at junit.framework.TestSuite.run(TestSuite.java:225)
	at junit.framework.TestSuite.runTest(TestSuite.java:230)
	at junit.framework.TestSuite.run(TestSuite.java:225)
	at junit.framework.TestSuite.runTest(TestSuite.java:230)
	at junit.framework.TestSuite.run(TestSuite.java:225)
	at org.apache.tools.ant.taskdefs.optional.junit.JUnitTestRunner.run(JUnitTestRunner.java:421)
	at org.apache.tools.ant.taskdefs.optional.junit.JUnitTestRunner.launch(JUnitTestRunner.java:912)
	at org.apache.tools.ant.taskdefs.optional.junit.JUnitTestRunner.main(JUnitTestRunner.java:766)
2011. 11. 17 오전 9:17:30 com.mongodb.DBTCPConnector fetchMaxBsonObjectSize
경고: Exception determining maxBSON size using0
java.io.IOException: couldn't connect to [/61.250.201.78:27017] bc:java.net.ConnectException: Connection timed out: connect
	at com.mongodb.DBPort._open(DBPort.java:224)
	at com.mongodb.DBPort.go(DBPort.java:101)
	at com.mongodb.DBPort.go(DBPort.java:82)
	at com.mongodb.DBPort.findOne(DBPort.java:142)
	at com.mongodb.DBPort.runCommand(DBPort.java:151)
	at com.mongodb.DBTCPConnector.fetchMaxBsonObjectSize(DBTCPConnector.java:429)
	at com.mongodb.DBTCPConnector.checkMaster(DBTCPConnector.java:416)
	at com.mongodb.DBTCPConnector.say(DBTCPConnector.java:139)
	at com.mongodb.DBTCPConnector.say(DBTCPConnector.java:132)
	at com.mongodb.DBApiLayer$MyCollection.insert(DBApiLayer.java:262)
	at com.mongodb.DBApiLayer$MyCollection.createIndex(DBApiLayer.java:354)
	at com.mongodb.DBCollection.ensureIndex(DBCollection.java:444)
	at com.mongodb.DBCollection.ensureIndex(DBCollection.java:392)
	at net.ion.radon.repository.Workspace.createWorkspace(Workspace.java:64)
	at net.ion.radon.repository.Workspace.load(Workspace.java:43)
	at net.ion.radon.repository.Repository.getWorkspace(Repository.java:28)
	at net.ion.radon.repository.LocalSession.getCurrentWorkspace(LocalSession.java:147)
	at net.ion.radon.repository.LocalSession.dropWorkspace(LocalSession.java:76)
	at net.ion.radon.repository.TestBaseRepository.setUp(TestBaseRepository.java:17)
	at junit.framework.TestCase.runBare(TestCase.java:128)
	at junit.framework.TestResult$1.protect(TestResult.java:106)
	at junit.framework.TestResult.runProtected(TestResult.java:124)
	at junit.framework.TestResult.run(TestResult.java:109)
	at junit.framework.TestCase.run(TestCase.java:120)
	at junit.framework.TestSuite.runTest(TestSuite.java:230)
	at junit.framework.TestSuite.run(TestSuite.java:225)
	at junit.framework.TestSuite.runTest(TestSuite.java:230)
	at junit.framework.TestSuite.run(TestSuite.java:225)
	at junit.framework.TestSuite.runTest(TestSuite.java:230)
	at junit.framework.TestSuite.run(TestSuite.java:225)
	at junit.framework.TestSuite.runTest(TestSuite.java:230)
	at junit.framework.TestSuite.run(TestSuite.java:225)
	at org.apache.tools.ant.taskdefs.optional.junit.JUnitTestRunner.run(JUnitTestRunner.java:421)
	at org.apache.tools.ant.taskdefs.optional.junit.JUnitTestRunner.launch(JUnitTestRunner.java:912)
	at org.apache.tools.ant.taskdefs.optional.junit.JUnitTestRunner.main(JUnitTestRunner.java:766)
2011. 11. 17 오전 9:17:51 com.mongodb.DBPortPool gotError
경고: emptying DBPortPool to 61.250.201.78:27017 b/c of error
java.io.IOException: couldn't connect to [/61.250.201.78:27017] bc:java.net.ConnectException: Connection timed out: connect
	at com.mongodb.DBPort._open(DBPort.java:224)
	at com.mongodb.DBPort.go(DBPort.java:101)
	at com.mongodb.DBPort.go(DBPort.java:82)
	at com.mongodb.DBPort.say(DBPort.java:77)
	at com.mongodb.DBTCPConnector.say(DBTCPConnector.java:146)
	at com.mongodb.DBTCPConnector.say(DBTCPConnector.java:132)
	at com.mongodb.DBApiLayer$MyCollection.insert(DBApiLayer.java:262)
	at com.mongodb.DBApiLayer$MyCollection.createIndex(DBApiLayer.java:354)
	at com.mongodb.DBCollection.ensureIndex(DBCollection.java:444)
	at com.mongodb.DBCollection.ensureIndex(DBCollection.java:392)
	at net.ion.radon.repository.Workspace.createWorkspace(Workspace.java:64)
	at net.ion.radon.repository.Workspace.load(Workspace.java:43)
	at net.ion.radon.repository.Repository.getWorkspace(Repository.java:28)
	at net.ion.radon.repository.LocalSession.getCurrentWorkspace(LocalSession.java:147)
	at net.ion.radon.repository.LocalSession.dropWorkspace(LocalSession.java:76)
	at net.ion.radon.repository.TestBaseRepository.setUp(TestBaseRepository.java:17)
	at junit.framework.TestCase.runBare(TestCase.java:128)
	at junit.framework.TestResult$1.protect(TestResult.java:106)
	at junit.framework.TestResult.runProtected(TestResult.java:124)
	at junit.framework.TestResult.run(TestResult.java:109)
	at junit.framework.TestCase.run(TestCase.java:120)
	at junit.framework.TestSuite.runTest(TestSuite.java:230)
	at junit.framework.TestSuite.run(TestSuite.java:225)
	at junit.framework.TestSuite.runTest(TestSuite.java:230)
	at junit.framework.TestSuite.run(TestSuite.java:225)
	at junit.framework.TestSuite.runTest(TestSuite.java:230)
	at junit.framework.TestSuite.run(TestSuite.java:225)
	at junit.framework.TestSuite.runTest(TestSuite.java:230)
	at junit.framework.TestSuite.run(TestSuite.java:225)
	at org.apache.tools.ant.taskdefs.optional.junit.JUnitTestRunner.run(JUnitTestRunner.java:421)
	at org.apache.tools.ant.taskdefs.optional.junit.JUnitTestRunner.launch(JUnitTestRunner.java:912)
	at org.apache.tools.ant.taskdefs.optional.junit.JUnitTestRunner.main(JUnitTestRunner.java:766)
2011. 11. 17 오전 9:18:12 com.mongodb.DBTCPConnector fetchMaxBsonObjectSize
경고: Exception determining maxBSON size using0
java.io.IOException: couldn't connect to [/61.250.201.78:27017] bc:java.net.ConnectException: Connection timed out: connect
	at com.mongodb.DBPort._open(DBPort.java:224)
	at com.mongodb.DBPort.go(DBPort.java:101)
	at com.mongodb.DBPort.go(DBPort.java:82)
	at com.mongodb.DBPort.findOne(DBPort.java:142)
	at com.mongodb.DBPort.runCommand(DBPort.java:151)
	at com.mongodb.DBTCPConnector.fetchMaxBsonObjectSize(DBTCPConnector.java:429)
	at com.mongodb.Mongo.getMaxBsonObjectSize(Mongo.java:544)
	at com.mongodb.DBApiLayer$MyCollection.insert(DBApiLayer.java:244)
	at com.mongodb.DBApiLayer$MyCollection.createIndex(DBApiLayer.java:354)
	at com.mongodb.DBCollection.ensureIndex(DBCollection.java:444)
	at com.mongodb.DBCollection.ensureIndex(DBCollection.java:392)
	at net.ion.radon.repository.Workspace.createWorkspace(Workspace.java:64)
	at net.ion.radon.repository.Workspace.load(Workspace.java:43)
	at net.ion.radon.repository.Repository.getWorkspace(Repository.java:28)
	at net.ion.radon.repository.LocalSession.getCurrentWorkspace(LocalSession.java:147)
	at net.ion.radon.repository.LocalSession.dropWorkspace(LocalSession.java:76)
	at net.ion.radon.repository.TestBaseRepository.setUp(TestBaseRepository.java:17)
	at junit.framework.TestCase.runBare(TestCase.java:128)
	at junit.framework.TestResult$1.protect(TestResult.java:106)
	at junit.framework.TestResult.runProtected(TestResult.java:124)
	at junit.framework.TestResult.run(TestResult.java:109)
	at junit.framework.TestCase.run(TestCase.java:120)
	at junit.framework.TestSuite.runTest(TestSuite.java:230)
	at junit.framework.TestSuite.run(TestSuite.java:225)
	at junit.framework.TestSuite.runTest(TestSuite.java:230)
	at junit.framework.TestSuite.run(TestSuite.java:225)
	at junit.framework.TestSuite.runTest(TestSuite.java:230)
	at junit.framework.TestSuite.run(TestSuite.java:225)
	at junit.framework.TestSuite.runTest(TestSuite.java:230)
	at junit.framework.TestSuite.run(TestSuite.java:225)
	at org.apache.tools.ant.taskdefs.optional.junit.JUnitTestRunner.run(JUnitTestRunner.java:421)
	at org.apache.tools.ant.taskdefs.optional.junit.JUnitTestRunner.launch(JUnitTestRunner.java:912)
	at org.apache.tools.ant.taskdefs.optional.junit.JUnitTestRunner.main(JUnitTestRunner.java:766)
2011. 11. 17 오전 9:18:33 com.mongodb.DBTCPConnector fetchMaxBsonObjectSize
경고: Exception determining maxBSON size using0
java.io.IOException: couldn't connect to [/61.250.201.78:27017] bc:java.net.ConnectException: Connection timed out: connect
	at com.mongodb.DBPort._open(DBPort.java:224)
	at com.mongodb.DBPort.go(DBPort.java:101)
	at com.mongodb.DBPort.go(DBPort.java:82)
	at com.mongodb.DBPort.findOne(DBPort.java:142)
	at com.mongodb.DBPort.runCommand(DBPort.java:151)
	at com.mongodb.DBTCPConnector.fetchMaxBsonObjectSize(DBTCPConnector.java:429)
	at com.mongodb.DBTCPConnector.checkMaster(DBTCPConnector.java:416)
	at com.mongodb.DBTCPConnector.say(DBTCPConnector.java:139)
	at com.mongodb.DBTCPConnector.say(DBTCPConnector.java:132)
	at com.mongodb.DBApiLayer$MyCollection.insert(DBApiLayer.java:262)
	at com.mongodb.DBApiLayer$MyCollection.createIndex(DBApiLayer.java:354)
	at com.mongodb.DBCollection.ensureIndex(DBCollection.java:444)
	at com.mongodb.DBCollection.ensureIndex(DBCollection.java:392)
	at net.ion.radon.repository.Workspace.createWorkspace(Workspace.java:64)
	at net.ion.radon.repository.Workspace.load(Workspace.java:43)
	at net.ion.radon.repository.Repository.getWorkspace(Repository.java:28)
	at net.ion.radon.repository.LocalSession.getCurrentWorkspace(LocalSession.java:147)
	at net.ion.radon.repository.LocalSession.dropWorkspace(LocalSession.java:76)
	at net.ion.radon.repository.TestBaseRepository.setUp(TestBaseRepository.java:17)
	at junit.framework.TestCase.runBare(TestCase.java:128)
	at junit.framework.TestResult$1.protect(TestResult.java:106)
	at junit.framework.TestResult.runProtected(TestResult.java:124)
	at junit.framework.TestResult.run(TestResult.java:109)
	at junit.framework.TestCase.run(TestCase.java:120)
	at junit.framework.TestSuite.runTest(TestSuite.java:230)
	at junit.framework.TestSuite.run(TestSuite.java:225)
	at junit.framework.TestSuite.runTest(TestSuite.java:230)
	at junit.framework.TestSuite.run(TestSuite.java:225)
	at junit.framework.TestSuite.runTest(TestSuite.java:230)
	at junit.framework.TestSuite.run(TestSuite.java:225)
	at junit.framework.TestSuite.runTest(TestSuite.java:230)
	at junit.framework.TestSuite.run(TestSuite.java:225)
	at org.apache.tools.ant.taskdefs.optional.junit.JUnitTestRunner.run(JUnitTestRunner.java:421)
	at org.apache.tools.ant.taskdefs.optional.junit.JUnitTestRunner.launch(JUnitTestRunner.java:912)
	at org.apache.tools.ant.taskdefs.optional.junit.JUnitTestRunner.main(JUnitTestRunner.java:766)
2011. 11. 17 오전 9:18:54 com.mongodb.DBPortPool gotError
경고: emptying DBPortPool to 61.250.201.78:27017 b/c of error
java.io.IOException: couldn't connect to [/61.250.201.78:27017] bc:java.net.ConnectException: Connection timed out: connect
	at com.mongodb.DBPort._open(DBPort.java:224)
	at com.mongodb.DBPort.go(DBPort.java:101)
	at com.mongodb.DBPort.go(DBPort.java:82)
	at com.mongodb.DBPort.say(DBPort.java:77)
	at com.mongodb.DBTCPConnector.say(DBTCPConnector.java:146)
	at com.mongodb.DBTCPConnector.say(DBTCPConnector.java:132)
	at com.mongodb.DBApiLayer$MyCollection.insert(DBApiLayer.java:262)
	at com.mongodb.DBApiLayer$MyCollection.createIndex(DBApiLayer.java:354)
	at com.mongodb.DBCollection.ensureIndex(DBCollection.java:444)
	at com.mongodb.DBCollection.ensureIndex(DBCollection.java:392)
	at net.ion.radon.repository.Workspace.createWorkspace(Workspace.java:64)
	at net.ion.radon.repository.Workspace.load(Workspace.java:43)
	at net.ion.radon.repository.Repository.getWorkspace(Repository.java:28)
	at net.ion.radon.repository.LocalSession.getCurrentWorkspace(LocalSession.java:147)
	at net.ion.radon.repository.LocalSession.dropWorkspace(LocalSession.java:76)
	at net.ion.radon.repository.TestBaseRepository.setUp(TestBaseRepository.java:17)
	at junit.framework.TestCase.runBare(TestCase.java:128)
	at junit.framework.TestResult$1.protect(TestResult.java:106)
	at junit.framework.TestResult.runProtected(TestResult.java:124)
	at junit.framework.TestResult.run(TestResult.java:109)
	at junit.framework.TestCase.run(TestCase.java:120)
	at junit.framework.TestSuite.runTest(TestSuite.java:230)
	at junit.framework.TestSuite.run(TestSuite.java:225)
	at junit.framework.TestSuite.runTest(TestSuite.java:230)
	at junit.framework.TestSuite.run(TestSuite.java:225)
	at junit.framework.TestSuite.runTest(TestSuite.java:230)
	at junit.framework.TestSuite.run(TestSuite.java:225)
	at junit.framework.TestSuite.runTest(TestSuite.java:230)
	at junit.framework.TestSuite.run(TestSuite.java:225)
	at org.apache.tools.ant.taskdefs.optional.junit.JUnitTestRunner.run(JUnitTestRunner.java:421)
	at org.apache.tools.ant.taskdefs.optional.junit.JUnitTestRunner.launch(JUnitTestRunner.java:912)
	at org.apache.tools.ant.taskdefs.optional.junit.JUnitTestRunner.main(JUnitTestRunner.java:766)
2011. 11. 17 오전 9:19:15 com.mongodb.DBTCPConnector fetchMaxBsonObjectSize
경고: Exception determining maxBSON size using0
java.io.IOException: couldn't connect to [/61.250.201.78:27017] bc:java.net.ConnectException: Connection timed out: connect
	at com.mongodb.DBPort._open(DBPort.java:224)
	at com.mongodb.DBPort.go(DBPort.java:101)
	at com.mongodb.DBPort.go(DBPort.java:82)
	at com.mongodb.DBPort.findOne(DBPort.java:142)
	at com.mongodb.DBPort.runCommand(DBPort.java:151)
	at com.mongodb.DBTCPConnector.fetchMaxBsonObjectSize(DBTCPConnector.java:429)
	at com.mongodb.Mongo.getMaxBsonObjectSize(Mongo.java:544)
	at com.mongodb.DBApiLayer$MyCollection.insert(DBApiLayer.java:244)
	at com.mongodb.DBApiLayer$MyCollection.createIndex(DBApiLayer.java:354)
	at com.mongodb.DBCollection.ensureIndex(DBCollection.java:444)
	at com.mongodb.DBCollection.ensureIndex(DBCollection.java:392)
	at net.ion.radon.repository.Workspace.createWorkspace(Workspace.java:64)
	at net.ion.radon.repository.Workspace.load(Workspace.java:43)
	at net.ion.radon.repository.Repository.getWorkspace(Repository.java:28)
	at net.ion.radon.repository.LocalSession.getCurrentWorkspace(LocalSession.java:147)
	at net.ion.radon.repository.LocalSession.dropWorkspace(LocalSession.java:76)
	at net.ion.radon.repository.TestBaseRepository.setUp(TestBaseRepository.java:17)
	at junit.framework.TestCase.runBare(TestCase.java:128)
	at junit.framework.TestResult$1.protect(TestResult.java:106)
	at junit.framework.TestResult.runProtected(TestResult.java:124)
	at junit.framework.TestResult.run(TestResult.java:109)
	at junit.framework.TestCase.run(TestCase.java:120)
	at junit.framework.TestSuite.runTest(TestSuite.java:230)
	at junit.framework.TestSuite.run(TestSuite.java:225)
	at junit.framework.TestSuite.runTest(TestSuite.java:230)
	at junit.framework.TestSuite.run(TestSuite.java:225)
	at junit.framework.TestSuite.runTest(TestSuite.java:230)
	at junit.framework.TestSuite.run(TestSuite.java:225)
	at junit.framework.TestSuite.runTest(TestSuite.java:230)
	at junit.framework.TestSuite.run(TestSuite.java:225)
	at org.apache.tools.ant.taskdefs.optional.junit.JUnitTestRunner.run(JUnitTestRunner.java:421)
	at org.apache.tools.ant.taskdefs.optional.junit.JUnitTestRunner.launch(JUnitTestRunner.java:912)
	at org.apache.tools.ant.taskdefs.optional.junit.JUnitTestRunner.main(JUnitTestRunner.java:766)
2011. 11. 17 오전 9:19:36 com.mongodb.DBTCPConnector fetchMaxBsonObjectSize
경고: Exception determining maxBSON size using0
java.io.IOException: couldn't connect to [/61.250.201.78:27017] bc:java.net.ConnectException: Connection timed out: connect
	at com.mongodb.DBPort._open(DBPort.java:224)
	at com.mongodb.DBPort.go(DBPort.java:101)
	at com.mongodb.DBPort.go(DBPort.java:82)
	at com.mongodb.DBPort.findOne(DBPort.java:142)
	at com.mongodb.DBPort.runCommand(DBPort.java:151)
	at com.mongodb.DBTCPConnector.fetchMaxBsonObjectSize(DBTCPConnector.java:429)
	at com.mongodb.DBTCPConnector.checkMaster(DBTCPConnector.java:416)
	at com.mongodb.DBTCPConnector.say(DBTCPConnector.java:139)
	at com.mongodb.DBTCPConnector.say(DBTCPConnector.java:132)
	at com.mongodb.DBApiLayer$MyCollection.insert(DBApiLayer.java:262)
	at com.mongodb.DBApiLayer$MyCollection.createIndex(DBApiLayer.java:354)
	at com.mongodb.DBCollection.ensureIndex(DBCollection.java:444)
	at com.mongodb.DBCollection.ensureIndex(DBCollection.java:392)
	at net.ion.radon.repository.Workspace.createWorkspace(Workspace.java:64)
	at net.ion.radon.repository.Workspace.load(Workspace.java:43)
	at net.ion.radon.repository.Repository.getWorkspace(Repository.java:28)
	at net.ion.radon.repository.LocalSession.getCurrentWorkspace(LocalSession.java:147)
	at net.ion.radon.repository.LocalSession.dropWorkspace(LocalSession.java:76)
	at net.ion.radon.repository.TestBaseRepository.setUp(TestBaseRepository.java:17)
	at junit.framework.TestCase.runBare(TestCase.java:128)
	at junit.framework.TestResult$1.protect(TestResult.java:106)
	at junit.framework.TestResult.runProtected(TestResult.java:124)
	at junit.framework.TestResult.run(TestResult.java:109)
	at junit.framework.TestCase.run(TestCase.java:120)
	at junit.framework.TestSuite.runTest(TestSuite.java:230)
	at junit.framework.TestSuite.run(TestSuite.java:225)
	at junit.framework.TestSuite.runTest(TestSuite.java:230)
	at junit.framework.TestSuite.run(TestSuite.java:225)
	at junit.framework.TestSuite.runTest(TestSuite.java:230)
	at junit.framework.TestSuite.run(TestSuite.java:225)
	at junit.framework.TestSuite.runTest(TestSuite.java:230)
	at junit.framework.TestSuite.run(TestSuite.java:225)
	at org.apache.tools.ant.taskdefs.optional.junit.JUnitTestRunner.run(JUnitTestRunner.java:421)
	at org.apache.tools.ant.taskdefs.optional.junit.JUnitTestRunner.launch(JUnitTestRunner.java:912)
	at org.apache.tools.ant.taskdefs.optional.junit.JUnitTestRunner.main(JUnitTestRunner.java:766)
2011. 11. 17 오전 9:19:57 com.mongodb.DBPortPool gotError
경고: emptying DBPortPool to 61.250.201.78:27017 b/c of error
java.io.IOException: couldn't connect to [/61.250.201.78:27017] bc:java.net.ConnectException: Connection timed out: connect
	at com.mongodb.DBPort._open(DBPort.java:224)
	at com.mongodb.DBPort.go(DBPort.java:101)
	at com.mongodb.DBPort.go(DBPort.java:82)
	at com.mongodb.DBPort.say(DBPort.java:77)
	at com.mongodb.DBTCPConnector.say(DBTCPConnector.java:146)
	at com.mongodb.DBTCPConnector.say(DBTCPConnector.java:132)
	at com.mongodb.DBApiLayer$MyCollection.insert(DBApiLayer.java:262)
	at com.mongodb.DBApiLayer$MyCollection.createIndex(DBApiLayer.java:354)
	at com.mongodb.DBCollection.ensureIndex(DBCollection.java:444)
	at com.mongodb.DBCollection.ensureIndex(DBCollection.java:392)
	at net.ion.radon.repository.Workspace.createWorkspace(Workspace.java:64)
	at net.ion.radon.repository.Workspace.load(Workspace.java:43)
	at net.ion.radon.repository.Repository.getWorkspace(Repository.java:28)
	at net.ion.radon.repository.LocalSession.getCurrentWorkspace(LocalSession.java:147)
	at net.ion.radon.repository.LocalSession.dropWorkspace(LocalSession.java:76)
	at net.ion.radon.repository.TestBaseRepository.setUp(TestBaseRepository.java:17)
	at junit.framework.TestCase.runBare(TestCase.java:128)
	at junit.framework.TestResult$1.protect(TestResult.java:106)
	at junit.framework.TestResult.runProtected(TestResult.java:124)
	at junit.framework.TestResult.run(TestResult.java:109)
	at junit.framework.TestCase.run(TestCase.java:120)
	at junit.framework.TestSuite.runTest(TestSuite.java:230)
	at junit.framework.TestSuite.run(TestSuite.java:225)
	at junit.framework.TestSuite.runTest(TestSuite.java:230)
	at junit.framework.TestSuite.run(TestSuite.java:225)
	at junit.framework.TestSuite.runTest(TestSuite.java:230)
	at junit.framework.TestSuite.run(TestSuite.java:225)
	at junit.framework.TestSuite.runTest(TestSuite.java:230)
	at junit.framework.TestSuite.run(TestSuite.java:225)
	at org.apache.tools.ant.taskdefs.optional.junit.JUnitTestRunner.run(JUnitTestRunner.java:421)
	at org.apache.tools.ant.taskdefs.optional.junit.JUnitTestRunner.launch(JUnitTestRunner.java:912)
	at org.apache.tools.ant.taskdefs.optional.junit.JUnitTestRunner.main(JUnitTestRunner.java:766)
2011. 11. 17 오전 9:20:18 com.mongodb.DBTCPConnector fetchMaxBsonObjectSize
경고: Exception determining maxBSON size using0
java.io.IOException: couldn't connect to [/61.250.201.78:27017] bc:java.net.ConnectException: Connection timed out: connect
	at com.mongodb.DBPort._open(DBPort.java:224)
	at com.mongodb.DBPort.go(DBPort.java:101)
	at com.mongodb.DBPort.go(DBPort.java:82)
	at com.mongodb.DBPort.findOne(DBPort.java:142)
	at com.mongodb.DBPort.runCommand(DBPort.java:151)
	at com.mongodb.DBTCPConnector.fetchMaxBsonObjectSize(DBTCPConnector.java:429)
	at com.mongodb.Mongo.getMaxBsonObjectSize(Mongo.java:544)
	at com.mongodb.DBApiLayer$MyCollection.insert(DBApiLayer.java:244)
	at com.mongodb.DBApiLayer$MyCollection.createIndex(DBApiLayer.java:354)
	at com.mongodb.DBCollection.ensureIndex(DBCollection.java:444)
	at com.mongodb.DBCollection.ensureIndex(DBCollection.java:392)
	at net.ion.radon.repository.Workspace.createWorkspace(Workspace.java:64)
	at net.ion.radon.repository.Workspace.load(Workspace.java:43)
	at net.ion.radon.repository.Repository.getWorkspace(Repository.java:28)
	at net.ion.radon.repository.LocalSession.getCurrentWorkspace(LocalSession.java:147)
	at net.ion.radon.repository.LocalSession.dropWorkspace(LocalSession.java:76)
	at net.ion.radon.repository.TestBaseRepository.setUp(TestBaseRepository.java:17)
	at junit.framework.TestCase.runBare(TestCase.java:128)
	at junit.framework.TestResult$1.protect(TestResult.java:106)
	at junit.framework.TestResult.runProtected(TestResult.java:124)
	at junit.framework.TestResult.run(TestResult.java:109)
	at junit.framework.TestCase.run(TestCase.java:120)
	at junit.framework.TestSuite.runTest(TestSuite.java:230)
	at junit.framework.TestSuite.run(TestSuite.java:225)
	at junit.framework.TestSuite.runTest(TestSuite.java:230)
	at junit.framework.TestSuite.run(TestSuite.java:225)
	at junit.framework.TestSuite.runTest(TestSuite.java:230)
	at junit.framework.TestSuite.run(TestSuite.java:225)
	at junit.framework.TestSuite.runTest(TestSuite.java:230)
	at junit.framework.TestSuite.run(TestSuite.java:225)
	at org.apache.tools.ant.taskdefs.optional.junit.JUnitTestRunner.run(JUnitTestRunner.java:421)
	at org.apache.tools.ant.taskdefs.optional.junit.JUnitTestRunner.launch(JUnitTestRunner.java:912)
	at org.apache.tools.ant.taskdefs.optional.junit.JUnitTestRunner.main(JUnitTestRunner.java:766)
2011. 11. 17 오전 9:20:39 com.mongodb.DBTCPConnector fetchMaxBsonObjectSize
경고: Exception determining maxBSON size using0
java.io.IOException: couldn't connect to [/61.250.201.78:27017] bc:java.net.ConnectException: Connection timed out: connect
	at com.mongodb.DBPort._open(DBPort.java:224)
	at com.mongodb.DBPort.go(DBPort.java:101)
	at com.mongodb.DBPort.go(DBPort.java:82)
	at com.mongodb.DBPort.findOne(DBPort.java:142)
	at com.mongodb.DBPort.runCommand(DBPort.java:151)
	at com.mongodb.DBTCPConnector.fetchMaxBsonObjectSize(DBTCPConnector.java:429)
	at com.mongodb.DBTCPConnector.checkMaster(DBTCPConnector.java:416)
	at com.mongodb.DBTCPConnector.say(DBTCPConnector.java:139)
	at com.mongodb.DBTCPConnector.say(DBTCPConnector.java:132)
	at com.mongodb.DBApiLayer$MyCollection.insert(DBApiLayer.java:262)
	at com.mongodb.DBApiLayer$MyCollection.createIndex(DBApiLayer.java:354)
	at com.mongodb.DBCollection.ensureIndex(DBCollection.java:444)
	at com.mongodb.DBCollection.ensureIndex(DBCollection.java:392)
	at net.ion.radon.repository.Workspace.createWorkspace(Workspace.java:64)
	at net.ion.radon.repository.Workspace.load(Workspace.java:43)
	at net.ion.radon.repository.Repository.getWorkspace(Repository.java:28)
	at net.ion.radon.repository.LocalSession.getCurrentWorkspace(LocalSession.java:147)
	at net.ion.radon.repository.LocalSession.dropWorkspace(LocalSession.java:76)
	at net.ion.radon.repository.TestBaseRepository.setUp(TestBaseRepository.java:17)
	at junit.framework.TestCase.runBare(TestCase.java:128)
	at junit.framework.TestResult$1.protect(TestResult.java:106)
	at junit.framework.TestResult.runProtected(TestResult.java:124)
	at junit.framework.TestResult.run(TestResult.java:109)
	at junit.framework.TestCase.run(TestCase.java:120)
	at junit.framework.TestSuite.runTest(TestSuite.java:230)
	at junit.framework.TestSuite.run(TestSuite.java:225)
	at junit.framework.TestSuite.runTest(TestSuite.java:230)
	at junit.framework.TestSuite.run(TestSuite.java:225)
	at junit.framework.TestSuite.runTest(TestSuite.java:230)
	at junit.framework.TestSuite.run(TestSuite.java:225)
	at junit.framework.TestSuite.runTest(TestSuite.java:230)
	at junit.framework.TestSuite.run(TestSuite.java:225)
	at org.apache.tools.ant.taskdefs.optional.junit.JUnitTestRunner.run(JUnitTestRunner.java:421)
	at org.apache.tools.ant.taskdefs.optional.junit.JUnitTestRunner.launch(JUnitTestRunner.java:912)
	at org.apache.tools.ant.taskdefs.optional.junit.JUnitTestRunner.main(JUnitTestRunner.java:766)
2011. 11. 17 오전 9:21:00 com.mongodb.DBPortPool gotError
경고: emptying DBPortPool to 61.250.201.78:27017 b/c of error
java.io.IOException: couldn't connect to [/61.250.201.78:27017] bc:java.net.ConnectException: Connection timed out: connect
	at com.mongodb.DBPort._open(DBPort.java:224)
	at com.mongodb.DBPort.go(DBPort.java:101)
	at com.mongodb.DBPort.go(DBPort.java:82)
	at com.mongodb.DBPort.say(DBPort.java:77)
	at com.mongodb.DBTCPConnector.say(DBTCPConnector.java:146)
	at com.mongodb.DBTCPConnector.say(DBTCPConnector.java:132)
	at com.mongodb.DBApiLayer$MyCollection.insert(DBApiLayer.java:262)
	at com.mongodb.DBApiLayer$MyCollection.createIndex(DBApiLayer.java:354)
	at com.mongodb.DBCollection.ensureIndex(DBCollection.java:444)
	at com.mongodb.DBCollection.ensureIndex(DBCollection.java:392)
	at net.ion.radon.repository.Workspace.createWorkspace(Workspace.java:64)
	at net.ion.radon.repository.Workspace.load(Workspace.java:43)
	at net.ion.radon.repository.Repository.getWorkspace(Repository.java:28)
	at net.ion.radon.repository.LocalSession.getCurrentWorkspace(LocalSession.java:147)
	at net.ion.radon.repository.LocalSession.dropWorkspace(LocalSession.java:76)
	at net.ion.radon.repository.TestBaseRepository.setUp(TestBaseRepository.java:17)
	at junit.framework.TestCase.runBare(TestCase.java:128)
	at junit.framework.TestResult$1.protect(TestResult.java:106)
	at junit.framework.TestResult.runProtected(TestResult.java:124)
	at junit.framework.TestResult.run(TestResult.java:109)
	at junit.framework.TestCase.run(TestCase.java:120)
	at junit.framework.TestSuite.runTest(TestSuite.java:230)
	at junit.framework.TestSuite.run(TestSuite.java:225)
	at junit.framework.TestSuite.runTest(TestSuite.java:230)
	at junit.framework.TestSuite.run(TestSuite.java:225)
	at junit.framework.TestSuite.runTest(TestSuite.java:230)
	at junit.framework.TestSuite.run(TestSuite.java:225)
	at junit.framework.TestSuite.runTest(TestSuite.java:230)
	at junit.framework.TestSuite.run(TestSuite.java:225)
	at org.apache.tools.ant.taskdefs.optional.junit.JUnitTestRunner.run(JUnitTestRunner.java:421)
	at org.apache.tools.ant.taskdefs.optional.junit.JUnitTestRunner.launch(JUnitTestRunner.java:912)
	at org.apache.tools.ant.taskdefs.optional.junit.JUnitTestRunner.main(JUnitTestRunner.java:766)
2011. 11. 17 오전 9:21:21 com.mongodb.DBTCPConnector fetchMaxBsonObjectSize
경고: Exception determining maxBSON size using0
java.io.IOException: couldn't connect to [/61.250.201.78:27017] bc:java.net.ConnectException: Connection timed out: connect
	at com.mongodb.DBPort._open(DBPort.java:224)
	at com.mongodb.DBPort.go(DBPort.java:101)
	at com.mongodb.DBPort.go(DBPort.java:82)
	at com.mongodb.DBPort.findOne(DBPort.java:142)
	at com.mongodb.DBPort.runCommand(DBPort.java:151)
	at com.mongodb.DBTCPConnector.fetchMaxBsonObjectSize(DBTCPConnector.java:429)
	at com.mongodb.Mongo.getMaxBsonObjectSize(Mongo.java:544)
	at com.mongodb.DBApiLayer$MyCollection.insert(DBApiLayer.java:244)
	at com.mongodb.DBApiLayer$MyCollection.createIndex(DBApiLayer.java:354)
	at com.mongodb.DBCollection.ensureIndex(DBCollection.java:444)
	at com.mongodb.DBCollection.ensureIndex(DBCollection.java:392)
	at net.ion.radon.repository.Workspace.createWorkspace(Workspace.java:64)
	at net.ion.radon.repository.Workspace.load(Workspace.java:43)
	at net.ion.radon.repository.Repository.getWorkspace(Repository.java:28)
	at net.ion.radon.repository.LocalSession.getCurrentWorkspace(LocalSession.java:147)
	at net.ion.radon.repository.LocalSession.dropWorkspace(LocalSession.java:76)
	at net.ion.radon.repository.TestBaseRepository.setUp(TestBaseRepository.java:17)
	at junit.framework.TestCase.runBare(TestCase.java:128)
	at junit.framework.TestResult$1.protect(TestResult.java:106)
	at junit.framework.TestResult.runProtected(TestResult.java:124)
	at junit.framework.TestResult.run(TestResult.java:109)
	at junit.framework.TestCase.run(TestCase.java:120)
	at junit.framework.TestSuite.runTest(TestSuite.java:230)
	at junit.framework.TestSuite.run(TestSuite.java:225)
	at junit.framework.TestSuite.runTest(TestSuite.java:230)
	at junit.framework.TestSuite.run(TestSuite.java:225)
	at junit.framework.TestSuite.runTest(TestSuite.java:230)
	at junit.framework.TestSuite.run(TestSuite.java:225)
	at junit.framework.TestSuite.runTest(TestSuite.java:230)
	at junit.framework.TestSuite.run(TestSuite.java:225)
	at org.apache.tools.ant.taskdefs.optional.junit.JUnitTestRunner.run(JUnitTestRunner.java:421)
	at org.apache.tools.ant.taskdefs.optional.junit.JUnitTestRunner.launch(JUnitTestRunner.java:912)
	at org.apache.tools.ant.taskdefs.optional.junit.JUnitTestRunner.main(JUnitTestRunner.java:766)
2011. 11. 17 오전 9:21:42 com.mongodb.DBTCPConnector fetchMaxBsonObjectSize
경고: Exception determining maxBSON size using0
java.io.IOException: couldn't connect to [/61.250.201.78:27017] bc:java.net.ConnectException: Connection timed out: connect
	at com.mongodb.DBPort._open(DBPort.java:224)
	at com.mongodb.DBPort.go(DBPort.java:101)
	at com.mongodb.DBPort.go(DBPort.java:82)
	at com.mongodb.DBPort.findOne(DBPort.java:142)
	at com.mongodb.DBPort.runCommand(DBPort.java:151)
	at com.mongodb.DBTCPConnector.fetchMaxBsonObjectSize(DBTCPConnector.java:429)
	at com.mongodb.DBTCPConnector.checkMaster(DBTCPConnector.java:416)
	at com.mongodb.DBTCPConnector.say(DBTCPConnector.java:139)
	at com.mongodb.DBTCPConnector.say(DBTCPConnector.java:132)
	at com.mongodb.DBApiLayer$MyCollection.insert(DBApiLayer.java:262)
	at com.mongodb.DBApiLayer$MyCollection.createIndex(DBApiLayer.java:354)
	at com.mongodb.DBCollection.ensureIndex(DBCollection.java:444)
	at com.mongodb.DBCollection.ensureIndex(DBCollection.java:392)
	at net.ion.radon.repository.Workspace.createWorkspace(Workspace.java:64)
	at net.ion.radon.repository.Workspace.load(Workspace.java:43)
	at net.ion.radon.repository.Repository.getWorkspace(Repository.java:28)
	at net.ion.radon.repository.LocalSession.getCurrentWorkspace(LocalSession.java:147)
	at net.ion.radon.repository.LocalSession.dropWorkspace(LocalSession.java:76)
	at net.ion.radon.repository.TestBaseRepository.setUp(TestBaseRepository.java:17)
	at junit.framework.TestCase.runBare(TestCase.java:128)
	at junit.framework.TestResult$1.protect(TestResult.java:106)
	at junit.framework.TestResult.runProtected(TestResult.java:124)
	at junit.framework.TestResult.run(TestResult.java:109)
	at junit.framework.TestCase.run(TestCase.java:120)
	at junit.framework.TestSuite.runTest(TestSuite.java:230)
	at junit.framework.TestSuite.run(TestSuite.java:225)
	at junit.framework.TestSuite.runTest(TestSuite.java:230)
	at junit.framework.TestSuite.run(TestSuite.java:225)
	at junit.framework.TestSuite.runTest(TestSuite.java:230)
	at junit.framework.TestSuite.run(TestSuite.java:225)
	at junit.framework.TestSuite.runTest(TestSuite.java:230)
	at junit.framework.TestSuite.run(TestSuite.java:225)
	at org.apache.tools.ant.taskdefs.optional.junit.JUnitTestRunner.run(JUnitTestRunner.java:421)
	at org.apache.tools.ant.taskdefs.optional.junit.JUnitTestRunner.launch(JUnitTestRunner.java:912)
	at org.apache.tools.ant.taskdefs.optional.junit.JUnitTestRunner.main(JUnitTestRunner.java:766)
2011. 11. 17 오전 9:22:03 com.mongodb.DBPortPool gotError
경고: emptying DBPortPool to 61.250.201.78:27017 b/c of error
java.io.IOException: couldn't connect to [/61.250.201.78:27017] bc:java.net.ConnectException: Connection timed out: connect
	at com.mongodb.DBPort._open(DBPort.java:224)
	at com.mongodb.DBPort.go(DBPort.java:101)
	at com.mongodb.DBPort.go(DBPort.java:82)
	at com.mongodb.DBPort.say(DBPort.java:77)
	at com.mongodb.DBTCPConnector.say(DBTCPConnector.java:146)
	at com.mongodb.DBTCPConnector.say(DBTCPConnector.java:132)
	at com.mongodb.DBApiLayer$MyCollection.insert(DBApiLayer.java:262)
	at com.mongodb.DBApiLayer$MyCollection.createIndex(DBApiLayer.java:354)
	at com.mongodb.DBCollection.ensureIndex(DBCollection.java:444)
	at com.mongodb.DBCollection.ensureIndex(DBCollection.java:392)
	at net.ion.radon.repository.Workspace.createWorkspace(Workspace.java:64)
	at net.ion.radon.repository.Workspace.load(Workspace.java:43)
	at net.ion.radon.repository.Repository.getWorkspace(Repository.java:28)
	at net.ion.radon.repository.LocalSession.getCurrentWorkspace(LocalSession.java:147)
	at net.ion.radon.repository.LocalSession.dropWorkspace(LocalSession.java:76)
	at net.ion.radon.repository.TestBaseRepository.setUp(TestBaseRepository.java:17)
	at junit.framework.TestCase.runBare(TestCase.java:128)
	at junit.framework.TestResult$1.protect(TestResult.java:106)
	at junit.framework.TestResult.runProtected(TestResult.java:124)
	at junit.framework.TestResult.run(TestResult.java:109)
	at junit.framework.TestCase.run(TestCase.java:120)
	at junit.framework.TestSuite.runTest(TestSuite.java:230)
	at junit.framework.TestSuite.run(TestSuite.java:225)
	at junit.framework.TestSuite.runTest(TestSuite.java:230)
	at junit.framework.TestSuite.run(TestSuite.java:225)
	at junit.framework.TestSuite.runTest(TestSuite.java:230)
	at junit.framework.TestSuite.run(TestSuite.java:225)
	at junit.framework.TestSuite.runTest(TestSuite.java:230)
	at junit.framework.TestSuite.run(TestSuite.java:225)
	at org.apache.tools.ant.taskdefs.optional.junit.JUnitTestRunner.run(JUnitTestRunner.java:421)
	at org.apache.tools.ant.taskdefs.optional.junit.JUnitTestRunner.launch(JUnitTestRunner.java:912)
	at org.apache.tools.ant.taskdefs.optional.junit.JUnitTestRunner.main(JUnitTestRunner.java:766)
2011. 11. 17 오전 9:22:24 com.mongodb.DBTCPConnector fetchMaxBsonObjectSize
경고: Exception determining maxBSON size using0
java.io.IOException: couldn't connect to [/61.250.201.78:27017] bc:java.net.ConnectException: Connection timed out: connect
	at com.mongodb.DBPort._open(DBPort.java:224)
	at com.mongodb.DBPort.go(DBPort.java:101)
	at com.mongodb.DBPort.go(DBPort.java:82)
	at com.mongodb.DBPort.findOne(DBPort.java:142)
	at com.mongodb.DBPort.runCommand(DBPort.java:151)
	at com.mongodb.DBTCPConnector.fetchMaxBsonObjectSize(DBTCPConnector.java:429)
	at com.mongodb.Mongo.getMaxBsonObjectSize(Mongo.java:544)
	at com.mongodb.DBApiLayer$MyCollection.insert(DBApiLayer.java:244)
	at com.mongodb.DBApiLayer$MyCollection.createIndex(DBApiLayer.java:354)
	at com.mongodb.DBCollection.ensureIndex(DBCollection.java:444)
	at com.mongodb.DBCollection.ensureIndex(DBCollection.java:392)
	at net.ion.radon.repository.Workspace.createWorkspace(Workspace.java:64)
	at net.ion.radon.repository.Workspace.load(Workspace.java:43)
	at net.ion.radon.repository.Repository.getWorkspace(Repository.java:28)
	at net.ion.radon.repository.LocalSession.getCurrentWorkspace(LocalSession.java:147)
	at net.ion.radon.repository.LocalSession.dropWorkspace(LocalSession.java:76)
	at net.ion.radon.repository.TestBaseRepository.setUp(TestBaseRepository.java:17)
	at junit.framework.TestCase.runBare(TestCase.java:128)
	at junit.framework.TestResult$1.protect(TestResult.java:106)
	at junit.framework.TestResult.runProtected(TestResult.java:124)
	at junit.framework.TestResult.run(TestResult.java:109)
	at junit.framework.TestCase.run(TestCase.java:120)
	at junit.framework.TestSuite.runTest(TestSuite.java:230)
	at junit.framework.TestSuite.run(TestSuite.java:225)
	at junit.framework.TestSuite.runTest(TestSuite.java:230)
	at junit.framework.TestSuite.run(TestSuite.java:225)
	at junit.framework.TestSuite.runTest(TestSuite.java:230)
	at junit.framework.TestSuite.run(TestSuite.java:225)
	at junit.framework.TestSuite.runTest(TestSuite.java:230)
	at junit.framework.TestSuite.run(TestSuite.java:225)
	at org.apache.tools.ant.taskdefs.optional.junit.JUnitTestRunner.run(JUnitTestRunner.java:421)
	at org.apache.tools.ant.taskdefs.optional.junit.JUnitTestRunner.launch(JUnitTestRunner.java:912)
	at org.apache.tools.ant.taskdefs.optional.junit.JUnitTestRunner.main(JUnitTestRunner.java:766)
2011. 11. 17 오전 9:22:45 com.mongodb.DBTCPConnector fetchMaxBsonObjectSize
경고: Exception determining maxBSON size using0
java.io.IOException: couldn't connect to [/61.250.201.78:27017] bc:java.net.ConnectException: Connection timed out: connect
	at com.mongodb.DBPort._open(DBPort.java:224)
	at com.mongodb.DBPort.go(DBPort.java:101)
	at com.mongodb.DBPort.go(DBPort.java:82)
	at com.mongodb.DBPort.findOne(DBPort.java:142)
	at com.mongodb.DBPort.runCommand(DBPort.java:151)
	at com.mongodb.DBTCPConnector.fetchMaxBsonObjectSize(DBTCPConnector.java:429)
	at com.mongodb.DBTCPConnector.checkMaster(DBTCPConnector.java:416)
	at com.mongodb.DBTCPConnector.say(DBTCPConnector.java:139)
	at com.mongodb.DBTCPConnector.say(DBTCPConnector.java:132)
	at com.mongodb.DBApiLayer$MyCollection.insert(DBApiLayer.java:262)
	at com.mongodb.DBApiLayer$MyCollection.createIndex(DBApiLayer.java:354)
	at com.mongodb.DBCollection.ensureIndex(DBCollection.java:444)
	at com.mongodb.DBCollection.ensureIndex(DBCollection.java:392)
	at net.ion.radon.repository.Workspace.createWorkspace(Workspace.java:64)
	at net.ion.radon.repository.Workspace.load(Workspace.java:43)
	at net.ion.radon.repository.Repository.getWorkspace(Repository.java:28)
	at net.ion.radon.repository.LocalSession.getCurrentWorkspace(LocalSession.java:147)
	at net.ion.radon.repository.LocalSession.dropWorkspace(LocalSession.java:76)
	at net.ion.radon.repository.TestBaseRepository.setUp(TestBaseRepository.java:17)
	at junit.framework.TestCase.runBare(TestCase.java:128)
	at junit.framework.TestResult$1.protect(TestResult.java:106)
	at junit.framework.TestResult.runProtected(TestResult.java:124)
	at junit.framework.TestResult.run(TestResult.java:109)
	at junit.framework.TestCase.run(TestCase.java:120)
	at junit.framework.TestSuite.runTest(TestSuite.java:230)
	at junit.framework.TestSuite.run(TestSuite.java:225)
	at junit.framework.TestSuite.runTest(TestSuite.java:230)
	at junit.framework.TestSuite.run(TestSuite.java:225)
	at junit.framework.TestSuite.runTest(TestSuite.java:230)
	at junit.framework.TestSuite.run(TestSuite.java:225)
	at junit.framework.TestSuite.runTest(TestSuite.java:230)
	at junit.framework.TestSuite.run(TestSuite.java:225)
	at org.apache.tools.ant.taskdefs.optional.junit.JUnitTestRunner.run(JUnitTestRunner.java:421)
	at org.apache.tools.ant.taskdefs.optional.junit.JUnitTestRunner.launch(JUnitTestRunner.java:912)
	at org.apache.tools.ant.taskdefs.optional.junit.JUnitTestRunner.main(JUnitTestRunner.java:766)
2011. 11. 17 오전 9:23:06 com.mongodb.DBPortPool gotError
경고: emptying DBPortPool to 61.250.201.78:27017 b/c of error
java.io.IOException: couldn't connect to [/61.250.201.78:27017] bc:java.net.ConnectException: Connection timed out: connect
	at com.mongodb.DBPort._open(DBPort.java:224)
	at com.mongodb.DBPort.go(DBPort.java:101)
	at com.mongodb.DBPort.go(DBPort.java:82)
	at com.mongodb.DBPort.say(DBPort.java:77)
	at com.mongodb.DBTCPConnector.say(DBTCPConnector.java:146)
	at com.mongodb.DBTCPConnector.say(DBTCPConnector.java:132)
	at com.mongodb.DBApiLayer$MyCollection.insert(DBApiLayer.java:262)
	at com.mongodb.DBApiLayer$MyCollection.createIndex(DBApiLayer.java:354)
	at com.mongodb.DBCollection.ensureIndex(DBCollection.java:444)
	at com.mongodb.DBCollection.ensureIndex(DBCollection.java:392)
	at net.ion.radon.repository.Workspace.createWorkspace(Workspace.java:64)
	at net.ion.radon.repository.Workspace.load(Workspace.java:43)
	at net.ion.radon.repository.Repository.getWorkspace(Repository.java:28)
	at net.ion.radon.repository.LocalSession.getCurrentWorkspace(LocalSession.java:147)
	at net.ion.radon.repository.LocalSession.dropWorkspace(LocalSession.java:76)
	at net.ion.radon.repository.TestBaseRepository.setUp(TestBaseRepository.java:17)
	at junit.framework.TestCase.runBare(TestCase.java:128)
	at junit.framework.TestResult$1.protect(TestResult.java:106)
	at junit.framework.TestResult.runProtected(TestResult.java:124)
	at junit.framework.TestResult.run(TestResult.java:109)
	at junit.framework.TestCase.run(TestCase.java:120)
	at junit.framework.TestSuite.runTest(TestSuite.java:230)
	at junit.framework.TestSuite.run(TestSuite.java:225)
	at junit.framework.TestSuite.runTest(TestSuite.java:230)
	at junit.framework.TestSuite.run(TestSuite.java:225)
	at junit.framework.TestSuite.runTest(TestSuite.java:230)
	at junit.framework.TestSuite.run(TestSuite.java:225)
	at junit.framework.TestSuite.runTest(TestSuite.java:230)
	at junit.framework.TestSuite.run(TestSuite.java:225)
	at org.apache.tools.ant.taskdefs.optional.junit.JUnitTestRunner.run(JUnitTestRunner.java:421)
	at org.apache.tools.ant.taskdefs.optional.junit.JUnitTestRunner.launch(JUnitTestRunner.java:912)
	at org.apache.tools.ant.taskdefs.optional.junit.JUnitTestRunner.main(JUnitTestRunner.java:766)
2011. 11. 17 오전 9:23:27 com.mongodb.DBTCPConnector fetchMaxBsonObjectSize
경고: Exception determining maxBSON size using0
java.io.IOException: couldn't connect to [/61.250.201.78:27017] bc:java.net.ConnectException: Connection timed out: connect
	at com.mongodb.DBPort._open(DBPort.java:224)
	at com.mongodb.DBPort.go(DBPort.java:101)
	at com.mongodb.DBPort.go(DBPort.java:82)
	at com.mongodb.DBPort.findOne(DBPort.java:142)
	at com.mongodb.DBPort.runCommand(DBPort.java:151)
	at com.mongodb.DBTCPConnector.fetchMaxBsonObjectSize(DBTCPConnector.java:429)
	at com.mongodb.Mongo.getMaxBsonObjectSize(Mongo.java:544)
	at com.mongodb.DBApiLayer$MyCollection.insert(DBApiLayer.java:244)
	at com.mongodb.DBApiLayer$MyCollection.createIndex(DBApiLayer.java:354)
	at com.mongodb.DBCollection.ensureIndex(DBCollection.java:444)
	at com.mongodb.DBCollection.ensureIndex(DBCollection.java:392)
	at net.ion.radon.repository.Workspace.createWorkspace(Workspace.java:64)
	at net.ion.radon.repository.Workspace.load(Workspace.java:43)
	at net.ion.radon.repository.Repository.getWorkspace(Repository.java:28)
	at net.ion.radon.repository.LocalSession.getCurrentWorkspace(LocalSession.java:147)
	at net.ion.radon.repository.LocalSession.dropWorkspace(LocalSession.java:76)
	at net.ion.radon.repository.TestBaseRepository.setUp(TestBaseRepository.java:17)
	at junit.framework.TestCase.runBare(TestCase.java:128)
	at junit.framework.TestResult$1.protect(TestResult.java:106)
	at junit.framework.TestResult.runProtected(TestResult.java:124)
	at junit.framework.TestResult.run(TestResult.java:109)
	at junit.framework.TestCase.run(TestCase.java:120)
	at junit.framework.TestSuite.runTest(TestSuite.java:230)
	at junit.framework.TestSuite.run(TestSuite.java:225)
	at junit.framework.TestSuite.runTest(TestSuite.java:230)
	at junit.framework.TestSuite.run(TestSuite.java:225)
	at junit.framework.TestSuite.runTest(TestSuite.java:230)
	at junit.framework.TestSuite.run(TestSuite.java:225)
	at junit.framework.TestSuite.runTest(TestSuite.java:230)
	at junit.framework.TestSuite.run(TestSuite.java:225)
	at org.apache.tools.ant.taskdefs.optional.junit.JUnitTestRunner.run(JUnitTestRunner.java:421)
	at org.apache.tools.ant.taskdefs.optional.junit.JUnitTestRunner.launch(JUnitTestRunner.java:912)
	at org.apache.tools.ant.taskdefs.optional.junit.JUnitTestRunner.main(JUnitTestRunner.java:766)
2011. 11. 17 오전 9:23:49 com.mongodb.DBTCPConnector fetchMaxBsonObjectSize
경고: Exception determining maxBSON size using0
java.io.IOException: couldn't connect to [/61.250.201.78:27017] bc:java.net.ConnectException: Connection timed out: connect
	at com.mongodb.DBPort._open(DBPort.java:224)
	at com.mongodb.DBPort.go(DBPort.java:101)
	at com.mongodb.DBPort.go(DBPort.java:82)
	at com.mongodb.DBPort.findOne(DBPort.java:142)
	at com.mongodb.DBPort.runCommand(DBPort.java:151)
	at com.mongodb.DBTCPConnector.fetchMaxBsonObjectSize(DBTCPConnector.java:429)
	at com.mongodb.DBTCPConnector.checkMaster(DBTCPConnector.java:416)
	at com.mongodb.DBTCPConnector.say(DBTCPConnector.java:139)
	at com.mongodb.DBTCPConnector.say(DBTCPConnector.java:132)
	at com.mongodb.DBApiLayer$MyCollection.insert(DBApiLayer.java:262)
	at com.mongodb.DBApiLayer$MyCollection.createIndex(DBApiLayer.java:354)
	at com.mongodb.DBCollection.ensureIndex(DBCollection.java:444)
	at com.mongodb.DBCollection.ensureIndex(DBCollection.java:392)
	at net.ion.radon.repository.Workspace.createWorkspace(Workspace.java:64)
	at net.ion.radon.repository.Workspace.load(Workspace.java:43)
	at net.ion.radon.repository.Repository.getWorkspace(Repository.java:28)
	at net.ion.radon.repository.LocalSession.getCurrentWorkspace(LocalSession.java:147)
	at net.ion.radon.repository.LocalSession.dropWorkspace(LocalSession.java:76)
	at net.ion.radon.repository.TestBaseRepository.setUp(TestBaseRepository.java:17)
	at junit.framework.TestCase.runBare(TestCase.java:128)
	at junit.framework.TestResult$1.protect(TestResult.java:106)
	at junit.framework.TestResult.runProtected(TestResult.java:124)
	at junit.framework.TestResult.run(TestResult.java:109)
	at junit.framework.TestCase.run(TestCase.java:120)
	at junit.framework.TestSuite.runTest(TestSuite.java:230)
	at junit.framework.TestSuite.run(TestSuite.java:225)
	at junit.framework.TestSuite.runTest(TestSuite.java:230)
	at junit.framework.TestSuite.run(TestSuite.java:225)
	at junit.framework.TestSuite.runTest(TestSuite.java:230)
	at junit.framework.TestSuite.run(TestSuite.java:225)
	at junit.framework.TestSuite.runTest(TestSuite.java:230)
	at junit.framework.TestSuite.run(TestSuite.java:225)
	at org.apache.tools.ant.taskdefs.optional.junit.JUnitTestRunner.run(JUnitTestRunner.java:421)
	at org.apache.tools.ant.taskdefs.optional.junit.JUnitTestRunner.launch(JUnitTestRunner.java:912)
	at org.apache.tools.ant.taskdefs.optional.junit.JUnitTestRunner.main(JUnitTestRunner.java:766)
2011. 11. 17 오전 9:24:10 com.mongodb.DBPortPool gotError
경고: emptying DBPortPool to 61.250.201.78:27017 b/c of error
java.io.IOException: couldn't connect to [/61.250.201.78:27017] bc:java.net.ConnectException: Connection timed out: connect
	at com.mongodb.DBPort._open(DBPort.java:224)
	at com.mongodb.DBPort.go(DBPort.java:101)
	at com.mongodb.DBPort.go(DBPort.java:82)
	at com.mongodb.DBPort.say(DBPort.java:77)
	at com.mongodb.DBTCPConnector.say(DBTCPConnector.java:146)
	at com.mongodb.DBTCPConnector.say(DBTCPConnector.java:132)
	at com.mongodb.DBApiLayer$MyCollection.insert(DBApiLayer.java:262)
	at com.mongodb.DBApiLayer$MyCollection.createIndex(DBApiLayer.java:354)
	at com.mongodb.DBCollection.ensureIndex(DBCollection.java:444)
	at com.mongodb.DBCollection.ensureIndex(DBCollection.java:392)
	at net.ion.radon.repository.Workspace.createWorkspace(Workspace.java:64)
	at net.ion.radon.repository.Workspace.load(Workspace.java:43)
	at net.ion.radon.repository.Repository.getWorkspace(Repository.java:28)
	at net.ion.radon.repository.LocalSession.getCurrentWorkspace(LocalSession.java:147)
	at net.ion.radon.repository.LocalSession.dropWorkspace(LocalSession.java:76)
	at net.ion.radon.repository.TestBaseRepository.setUp(TestBaseRepository.java:17)
	at junit.framework.TestCase.runBare(TestCase.java:128)
	at junit.framework.TestResult$1.protect(TestResult.java:106)
	at junit.framework.TestResult.runProtected(TestResult.java:124)
	at junit.framework.TestResult.run(TestResult.java:109)
	at junit.framework.TestCase.run(TestCase.java:120)
	at junit.framework.TestSuite.runTest(TestSuite.java:230)
	at junit.framework.TestSuite.run(TestSuite.java:225)
	at junit.framework.TestSuite.runTest(TestSuite.java:230)
	at junit.framework.TestSuite.run(TestSuite.java:225)
	at junit.framework.TestSuite.runTest(TestSuite.java:230)
	at junit.framework.TestSuite.run(TestSuite.java:225)
	at junit.framework.TestSuite.runTest(TestSuite.java:230)
	at junit.framework.TestSuite.run(TestSuite.java:225)
	at org.apache.tools.ant.taskdefs.optional.junit.JUnitTestRunner.run(JUnitTestRunner.java:421)
	at org.apache.tools.ant.taskdefs.optional.junit.JUnitTestRunner.launch(JUnitTestRunner.java:912)
	at org.apache.tools.ant.taskdefs.optional.junit.JUnitTestRunner.main(JUnitTestRunner.java:766)
2011. 11. 17 오전 9:24:31 com.mongodb.DBTCPConnector fetchMaxBsonObjectSize
경고: Exception determining maxBSON size using0
java.io.IOException: couldn't connect to [/61.250.201.78:27017] bc:java.net.ConnectException: Connection timed out: connect
	at com.mongodb.DBPort._open(DBPort.java:224)
	at com.mongodb.DBPort.go(DBPort.java:101)
	at com.mongodb.DBPort.go(DBPort.java:82)
	at com.mongodb.DBPort.findOne(DBPort.java:142)
	at com.mongodb.DBPort.runCommand(DBPort.java:151)
	at com.mongodb.DBTCPConnector.fetchMaxBsonObjectSize(DBTCPConnector.java:429)
	at com.mongodb.Mongo.getMaxBsonObjectSize(Mongo.java:544)
	at com.mongodb.DBApiLayer$MyCollection.insert(DBApiLayer.java:244)
	at com.mongodb.DBApiLayer$MyCollection.createIndex(DBApiLayer.java:354)
	at com.mongodb.DBCollection.ensureIndex(DBCollection.java:444)
	at com.mongodb.DBCollection.ensureIndex(DBCollection.java:392)
	at net.ion.radon.repository.Workspace.createWorkspace(Workspace.java:64)
	at net.ion.radon.repository.Workspace.load(Workspace.java:43)
	at net.ion.radon.repository.Repository.getWorkspace(Repository.java:28)
	at net.ion.radon.repository.LocalSession.getCurrentWorkspace(LocalSession.java:147)
	at net.ion.radon.repository.LocalSession.dropWorkspace(LocalSession.java:76)
	at net.ion.radon.repository.TestBaseRepository.setUp(TestBaseRepository.java:17)
	at junit.framework.TestCase.runBare(TestCase.java:128)
	at junit.framework.TestResult$1.protect(TestResult.java:106)
	at junit.framework.TestResult.runProtected(TestResult.java:124)
	at junit.framework.TestResult.run(TestResult.java:109)
	at junit.framework.TestCase.run(TestCase.java:120)
	at junit.framework.TestSuite.runTest(TestSuite.java:230)
	at junit.framework.TestSuite.run(TestSuite.java:225)
	at junit.framework.TestSuite.runTest(TestSuite.java:230)
	at junit.framework.TestSuite.run(TestSuite.java:225)
	at junit.framework.TestSuite.runTest(TestSuite.java:230)
	at junit.framework.TestSuite.run(TestSuite.java:225)
	at junit.framework.TestSuite.runTest(TestSuite.java:230)
	at junit.framework.TestSuite.run(TestSuite.java:225)
	at org.apache.tools.ant.taskdefs.optional.junit.JUnitTestRunner.run(JUnitTestRunner.java:421)
	at org.apache.tools.ant.taskdefs.optional.junit.JUnitTestRunner.launch(JUnitTestRunner.java:912)
	at org.apache.tools.ant.taskdefs.optional.junit.JUnitTestRunner.main(JUnitTestRunner.java:766)
2011. 11. 17 오전 9:24:52 com.mongodb.DBTCPConnector fetchMaxBsonObjectSize
경고: Exception determining maxBSON size using0
java.io.IOException: couldn't connect to [/61.250.201.78:27017] bc:java.net.ConnectException: Connection timed out: connect
	at com.mongodb.DBPort._open(DBPort.java:224)
	at com.mongodb.DBPort.go(DBPort.java:101)
	at com.mongodb.DBPort.go(DBPort.java:82)
	at com.mongodb.DBPort.findOne(DBPort.java:142)
	at com.mongodb.DBPort.runCommand(DBPort.java:151)
	at com.mongodb.DBTCPConnector.fetchMaxBsonObjectSize(DBTCPConnector.java:429)
	at com.mongodb.DBTCPConnector.checkMaster(DBTCPConnector.java:416)
	at com.mongodb.DBTCPConnector.say(DBTCPConnector.java:139)
	at com.mongodb.DBTCPConnector.say(DBTCPConnector.java:132)
	at com.mongodb.DBApiLayer$MyCollection.insert(DBApiLayer.java:262)
	at com.mongodb.DBApiLayer$MyCollection.createIndex(DBApiLayer.java:354)
	at com.mongodb.DBCollection.ensureIndex(DBCollection.java:444)
	at com.mongodb.DBCollection.ensureIndex(DBCollection.java:392)
	at net.ion.radon.repository.Workspace.createWorkspace(Workspace.java:64)
	at net.ion.radon.repository.Workspace.load(Workspace.java:43)
	at net.ion.radon.repository.Repository.getWorkspace(Repository.java:28)
	at net.ion.radon.repository.LocalSession.getCurrentWorkspace(LocalSession.java:147)
	at net.ion.radon.repository.LocalSession.dropWorkspace(LocalSession.java:76)
	at net.ion.radon.repository.TestBaseRepository.setUp(TestBaseRepository.java:17)
	at junit.framework.TestCase.runBare(TestCase.java:128)
	at junit.framework.TestResult$1.protect(TestResult.java:106)
	at junit.framework.TestResult.runProtected(TestResult.java:124)
	at junit.framework.TestResult.run(TestResult.java:109)
	at junit.framework.TestCase.run(TestCase.java:120)
	at junit.framework.TestSuite.runTest(TestSuite.java:230)
	at junit.framework.TestSuite.run(TestSuite.java:225)
	at junit.framework.TestSuite.runTest(TestSuite.java:230)
	at junit.framework.TestSuite.run(TestSuite.java:225)
	at junit.framework.TestSuite.runTest(TestSuite.java:230)
	at junit.framework.TestSuite.run(TestSuite.java:225)
	at junit.framework.TestSuite.runTest(TestSuite.java:230)
	at junit.framework.TestSuite.run(TestSuite.java:225)
	at org.apache.tools.ant.taskdefs.optional.junit.JUnitTestRunner.run(JUnitTestRunner.java:421)
	at org.apache.tools.ant.taskdefs.optional.junit.JUnitTestRunner.launch(JUnitTestRunner.java:912)
	at org.apache.tools.ant.taskdefs.optional.junit.JUnitTestRunner.main(JUnitTestRunner.java:766)
2011. 11. 17 오전 9:25:13 com.mongodb.DBPortPool gotError
경고: emptying DBPortPool to 61.250.201.78:27017 b/c of error
java.io.IOException: couldn't connect to [/61.250.201.78:27017] bc:java.net.ConnectException: Connection timed out: connect
	at com.mongodb.DBPort._open(DBPort.java:224)
	at com.mongodb.DBPort.go(DBPort.java:101)
	at com.mongodb.DBPort.go(DBPort.java:82)
	at com.mongodb.DBPort.say(DBPort.java:77)
	at com.mongodb.DBTCPConnector.say(DBTCPConnector.java:146)
	at com.mongodb.DBTCPConnector.say(DBTCPConnector.java:132)
	at com.mongodb.DBApiLayer$MyCollection.insert(DBApiLayer.java:262)
	at com.mongodb.DBApiLayer$MyCollection.createIndex(DBApiLayer.java:354)
	at com.mongodb.DBCollection.ensureIndex(DBCollection.java:444)
	at com.mongodb.DBCollection.ensureIndex(DBCollection.java:392)
	at net.ion.radon.repository.Workspace.createWorkspace(Workspace.java:64)
	at net.ion.radon.repository.Workspace.load(Workspace.java:43)
	at net.ion.radon.repository.Repository.getWorkspace(Repository.java:28)
	at net.ion.radon.repository.LocalSession.getCurrentWorkspace(LocalSession.java:147)
	at net.ion.radon.repository.LocalSession.dropWorkspace(LocalSession.java:76)
	at net.ion.radon.repository.TestBaseRepository.setUp(TestBaseRepository.java:17)
	at junit.framework.TestCase.runBare(TestCase.java:128)
	at junit.framework.TestResult$1.protect(TestResult.java:106)
	at junit.framework.TestResult.runProtected(TestResult.java:124)
	at junit.framework.TestResult.run(TestResult.java:109)
	at junit.framework.TestCase.run(TestCase.java:120)
	at junit.framework.TestSuite.runTest(TestSuite.java:230)
	at junit.framework.TestSuite.run(TestSuite.java:225)
	at junit.framework.TestSuite.runTest(TestSuite.java:230)
	at junit.framework.TestSuite.run(TestSuite.java:225)
	at junit.framework.TestSuite.runTest(TestSuite.java:230)
	at junit.framework.TestSuite.run(TestSuite.java:225)
	at junit.framework.TestSuite.runTest(TestSuite.java:230)
	at junit.framework.TestSuite.run(TestSuite.java:225)
	at org.apache.tools.ant.taskdefs.optional.junit.JUnitTestRunner.run(JUnitTestRunner.java:421)
	at org.apache.tools.ant.taskdefs.optional.junit.JUnitTestRunner.launch(JUnitTestRunner.java:912)
	at org.apache.tools.ant.taskdefs.optional.junit.JUnitTestRunner.main(JUnitTestRunner.java:766)
2011. 11. 17 오전 9:25:34 com.mongodb.DBTCPConnector fetchMaxBsonObjectSize
경고: Exception determining maxBSON size using0
java.io.IOException: couldn't connect to [/61.250.201.78:27017] bc:java.net.ConnectException: Connection timed out: connect
	at com.mongodb.DBPort._open(DBPort.java:224)
	at com.mongodb.DBPort.go(DBPort.java:101)
	at com.mongodb.DBPort.go(DBPort.java:82)
	at com.mongodb.DBPort.findOne(DBPort.java:142)
	at com.mongodb.DBPort.runCommand(DBPort.java:151)
	at com.mongodb.DBTCPConnector.fetchMaxBsonObjectSize(DBTCPConnector.java:429)
	at com.mongodb.Mongo.getMaxBsonObjectSize(Mongo.java:544)
	at com.mongodb.DBApiLayer$MyCollection.insert(DBApiLayer.java:244)
	at com.mongodb.DBApiLayer$MyCollection.createIndex(DBApiLayer.java:354)
	at com.mongodb.DBCollection.ensureIndex(DBCollection.java:444)
	at com.mongodb.DBCollection.ensureIndex(DBCollection.java:392)
	at net.ion.radon.repository.Workspace.createWorkspace(Workspace.java:64)
	at net.ion.radon.repository.Workspace.load(Workspace.java:43)
	at net.ion.radon.repository.Repository.getWorkspace(Repository.java:28)
	at net.ion.radon.repository.LocalSession.getCurrentWorkspace(LocalSession.java:147)
	at net.ion.radon.repository.LocalSession.dropWorkspace(LocalSession.java:76)
	at net.ion.radon.repository.TestBaseRepository.setUp(TestBaseRepository.java:17)
	at junit.framework.TestCase.runBare(TestCase.java:128)
	at junit.framework.TestResult$1.protect(TestResult.java:106)
	at junit.framework.TestResult.runProtected(TestResult.java:124)
	at junit.framework.TestResult.run(TestResult.java:109)
	at junit.framework.TestCase.run(TestCase.java:120)
	at junit.framework.TestSuite.runTest(TestSuite.java:230)
	at junit.framework.TestSuite.run(TestSuite.java:225)
	at junit.framework.TestSuite.runTest(TestSuite.java:230)
	at junit.framework.TestSuite.run(TestSuite.java:225)
	at junit.framework.TestSuite.runTest(TestSuite.java:230)
	at junit.framework.TestSuite.run(TestSuite.java:225)
	at junit.framework.TestSuite.runTest(TestSuite.java:230)
	at junit.framework.TestSuite.run(TestSuite.java:225)
	at org.apache.tools.ant.taskdefs.optional.junit.JUnitTestRunner.run(JUnitTestRunner.java:421)
	at org.apache.tools.ant.taskdefs.optional.junit.JUnitTestRunner.launch(JUnitTestRunner.java:912)
	at org.apache.tools.ant.taskdefs.optional.junit.JUnitTestRunner.main(JUnitTestRunner.java:766)
2011. 11. 17 오전 9:25:55 com.mongodb.DBTCPConnector fetchMaxBsonObjectSize
경고: Exception determining maxBSON size using0
java.io.IOException: couldn't connect to [/61.250.201.78:27017] bc:java.net.ConnectException: Connection timed out: connect
	at com.mongodb.DBPort._open(DBPort.java:224)
	at com.mongodb.DBPort.go(DBPort.java:101)
	at com.mongodb.DBPort.go(DBPort.java:82)
	at com.mongodb.DBPort.findOne(DBPort.java:142)
	at com.mongodb.DBPort.runCommand(DBPort.java:151)
	at com.mongodb.DBTCPConnector.fetchMaxBsonObjectSize(DBTCPConnector.java:429)
	at com.mongodb.DBTCPConnector.checkMaster(DBTCPConnector.java:416)
	at com.mongodb.DBTCPConnector.say(DBTCPConnector.java:139)
	at com.mongodb.DBTCPConnector.say(DBTCPConnector.java:132)
	at com.mongodb.DBApiLayer$MyCollection.insert(DBApiLayer.java:262)
	at com.mongodb.DBApiLayer$MyCollection.createIndex(DBApiLayer.java:354)
	at com.mongodb.DBCollection.ensureIndex(DBCollection.java:444)
	at com.mongodb.DBCollection.ensureIndex(DBCollection.java:392)
	at net.ion.radon.repository.Workspace.createWorkspace(Workspace.java:64)
	at net.ion.radon.repository.Workspace.load(Workspace.java:43)
	at net.ion.radon.repository.Repository.getWorkspace(Repository.java:28)
	at net.ion.radon.repository.LocalSession.getCurrentWorkspace(LocalSession.java:147)
	at net.ion.radon.repository.LocalSession.dropWorkspace(LocalSession.java:76)
	at net.ion.radon.repository.TestBaseRepository.setUp(TestBaseRepository.java:17)
	at junit.framework.TestCase.runBare(TestCase.java:128)
	at junit.framework.TestResult$1.protect(TestResult.java:106)
	at junit.framework.TestResult.runProtected(TestResult.java:124)
	at junit.framework.TestResult.run(TestResult.java:109)
	at junit.framework.TestCase.run(TestCase.java:120)
	at junit.framework.TestSuite.runTest(TestSuite.java:230)
	at junit.framework.TestSuite.run(TestSuite.java:225)
	at junit.framework.TestSuite.runTest(TestSuite.java:230)
	at junit.framework.TestSuite.run(TestSuite.java:225)
	at junit.framework.TestSuite.runTest(TestSuite.java:230)
	at junit.framework.TestSuite.run(TestSuite.java:225)
	at junit.framework.TestSuite.runTest(TestSuite.java:230)
	at junit.framework.TestSuite.run(TestSuite.java:225)
	at org.apache.tools.ant.taskdefs.optional.junit.JUnitTestRunner.run(JUnitTestRunner.java:421)
	at org.apache.tools.ant.taskdefs.optional.junit.JUnitTestRunner.launch(JUnitTestRunner.java:912)
	at org.apache.tools.ant.taskdefs.optional.junit.JUnitTestRunner.main(JUnitTestRunner.java:766)
2011. 11. 17 오전 9:26:16 com.mongodb.DBPortPool gotError
경고: emptying DBPortPool to 61.250.201.78:27017 b/c of error
java.io.IOException: couldn't connect to [/61.250.201.78:27017] bc:java.net.ConnectException: Connection timed out: connect
	at com.mongodb.DBPort._open(DBPort.java:224)
	at com.mongodb.DBPort.go(DBPort.java:101)
	at com.mongodb.DBPort.go(DBPort.java:82)
	at com.mongodb.DBPort.say(DBPort.java:77)
	at com.mongodb.DBTCPConnector.say(DBTCPConnector.java:146)
	at com.mongodb.DBTCPConnector.say(DBTCPConnector.java:132)
	at com.mongodb.DBApiLayer$MyCollection.insert(DBApiLayer.java:262)
	at com.mongodb.DBApiLayer$MyCollection.createIndex(DBApiLayer.java:354)
	at com.mongodb.DBCollection.ensureIndex(DBCollection.java:444)
	at com.mongodb.DBCollection.ensureIndex(DBCollection.java:392)
	at net.ion.radon.repository.Workspace.createWorkspace(Workspace.java:64)
	at net.ion.radon.repository.Workspace.load(Workspace.java:43)
	at net.ion.radon.repository.Repository.getWorkspace(Repository.java:28)
	at net.ion.radon.repository.LocalSession.getCurrentWorkspace(LocalSession.java:147)
	at net.ion.radon.repository.LocalSession.dropWorkspace(LocalSession.java:76)
	at net.ion.radon.repository.TestBaseRepository.setUp(TestBaseRepository.java:17)
	at junit.framework.TestCase.runBare(TestCase.java:128)
	at junit.framework.TestResult$1.protect(TestResult.java:106)
	at junit.framework.TestResult.runProtected(TestResult.java:124)
	at junit.framework.TestResult.run(TestResult.java:109)
	at junit.framework.TestCase.run(TestCase.java:120)
	at junit.framework.TestSuite.runTest(TestSuite.java:230)
	at junit.framework.TestSuite.run(TestSuite.java:225)
	at junit.framework.TestSuite.runTest(TestSuite.java:230)
	at junit.framework.TestSuite.run(TestSuite.java:225)
	at junit.framework.TestSuite.runTest(TestSuite.java:230)
	at junit.framework.TestSuite.run(TestSuite.java:225)
	at junit.framework.TestSuite.runTest(TestSuite.java:230)
	at junit.framework.TestSuite.run(TestSuite.java:225)
	at org.apache.tools.ant.taskdefs.optional.junit.JUnitTestRunner.run(JUnitTestRunner.java:421)
	at org.apache.tools.ant.taskdefs.optional.junit.JUnitTestRunner.launch(JUnitTestRunner.java:912)
	at org.apache.tools.ant.taskdefs.optional.junit.JUnitTestRunner.main(JUnitTestRunner.java:766)
2011. 11. 17 오전 9:26:37 com.mongodb.DBTCPConnector fetchMaxBsonObjectSize
경고: Exception determining maxBSON size using0
java.io.IOException: couldn't connect to [/61.250.201.78:27017] bc:java.net.ConnectException: Connection timed out: connect
	at com.mongodb.DBPort._open(DBPort.java:224)
	at com.mongodb.DBPort.go(DBPort.java:101)
	at com.mongodb.DBPort.go(DBPort.java:82)
	at com.mongodb.DBPort.findOne(DBPort.java:142)
	at com.mongodb.DBPort.runCommand(DBPort.java:151)
	at com.mongodb.DBTCPConnector.fetchMaxBsonObjectSize(DBTCPConnector.java:429)
	at com.mongodb.Mongo.getMaxBsonObjectSize(Mongo.java:544)
	at com.mongodb.DBApiLayer$MyCollection.insert(DBApiLayer.java:244)
	at com.mongodb.DBApiLayer$MyCollection.createIndex(DBApiLayer.java:354)
	at com.mongodb.DBCollection.ensureIndex(DBCollection.java:444)
	at com.mongodb.DBCollection.ensureIndex(DBCollection.java:392)
	at net.ion.radon.repository.Workspace.createWorkspace(Workspace.java:64)
	at net.ion.radon.repository.Workspace.load(Workspace.java:43)
	at net.ion.radon.repository.Repository.getWorkspace(Repository.java:28)
	at net.ion.radon.repository.LocalSession.getCurrentWorkspace(LocalSession.java:147)
	at net.ion.radon.repository.LocalSession.dropWorkspace(LocalSession.java:76)
	at net.ion.radon.repository.TestBaseRepository.setUp(TestBaseRepository.java:17)
	at junit.framework.TestCase.runBare(TestCase.java:128)
	at junit.framework.TestResult$1.protect(TestResult.java:106)
	at junit.framework.TestResult.runProtected(TestResult.java:124)
	at junit.framework.TestResult.run(TestResult.java:109)
	at junit.framework.TestCase.run(TestCase.java:120)
	at junit.framework.TestSuite.runTest(TestSuite.java:230)
	at junit.framework.TestSuite.run(TestSuite.java:225)
	at junit.framework.TestSuite.runTest(TestSuite.java:230)
	at junit.framework.TestSuite.run(TestSuite.java:225)
	at junit.framework.TestSuite.runTest(TestSuite.java:230)
	at junit.framework.TestSuite.run(TestSuite.java:225)
	at junit.framework.TestSuite.runTest(TestSuite.java:230)
	at junit.framework.TestSuite.run(TestSuite.java:225)
	at org.apache.tools.ant.taskdefs.optional.junit.JUnitTestRunner.run(JUnitTestRunner.java:421)
	at org.apache.tools.ant.taskdefs.optional.junit.JUnitTestRunner.launch(JUnitTestRunner.java:912)
	at org.apache.tools.ant.taskdefs.optional.junit.JUnitTestRunner.main(JUnitTestRunner.java:766)
2011. 11. 17 오전 9:26:58 com.mongodb.DBTCPConnector fetchMaxBsonObjectSize
경고: Exception determining maxBSON size using0
java.io.IOException: couldn't connect to [/61.250.201.78:27017] bc:java.net.ConnectException: Connection timed out: connect
	at com.mongodb.DBPort._open(DBPort.java:224)
	at com.mongodb.DBPort.go(DBPort.java:101)
	at com.mongodb.DBPort.go(DBPort.java:82)
	at com.mongodb.DBPort.findOne(DBPort.java:142)
	at com.mongodb.DBPort.runCommand(DBPort.java:151)
	at com.mongodb.DBTCPConnector.fetchMaxBsonObjectSize(DBTCPConnector.java:429)
	at com.mongodb.DBTCPConnector.checkMaster(DBTCPConnector.java:416)
	at com.mongodb.DBTCPConnector.say(DBTCPConnector.java:139)
	at com.mongodb.DBTCPConnector.say(DBTCPConnector.java:132)
	at com.mongodb.DBApiLayer$MyCollection.insert(DBApiLayer.java:262)
	at com.mongodb.DBApiLayer$MyCollection.createIndex(DBApiLayer.java:354)
	at com.mongodb.DBCollection.ensureIndex(DBCollection.java:444)
	at com.mongodb.DBCollection.ensureIndex(DBCollection.java:392)
	at net.ion.radon.repository.Workspace.createWorkspace(Workspace.java:64)
	at net.ion.radon.repository.Workspace.load(Workspace.java:43)
	at net.ion.radon.repository.Repository.getWorkspace(Repository.java:28)
	at net.ion.radon.repository.LocalSession.getCurrentWorkspace(LocalSession.java:147)
	at net.ion.radon.repository.LocalSession.dropWorkspace(LocalSession.java:76)
	at net.ion.radon.repository.TestBaseRepository.setUp(TestBaseRepository.java:17)
	at junit.framework.TestCase.runBare(TestCase.java:128)
	at junit.framework.TestResult$1.protect(TestResult.java:106)
	at junit.framework.TestResult.runProtected(TestResult.java:124)
	at junit.framework.TestResult.run(TestResult.java:109)
	at junit.framework.TestCase.run(TestCase.java:120)
	at junit.framework.TestSuite.runTest(TestSuite.java:230)
	at junit.framework.TestSuite.run(TestSuite.java:225)
	at junit.framework.TestSuite.runTest(TestSuite.java:230)
	at junit.framework.TestSuite.run(TestSuite.java:225)
	at junit.framework.TestSuite.runTest(TestSuite.java:230)
	at junit.framework.TestSuite.run(TestSuite.java:225)
	at junit.framework.TestSuite.runTest(TestSuite.java:230)
	at junit.framework.TestSuite.run(TestSuite.java:225)
	at org.apache.tools.ant.taskdefs.optional.junit.JUnitTestRunner.run(JUnitTestRunner.java:421)
	at org.apache.tools.ant.taskdefs.optional.junit.JUnitTestRunner.launch(JUnitTestRunner.java:912)
	at org.apache.tools.ant.taskdefs.optional.junit.JUnitTestRunner.main(JUnitTestRunner.java:766)
2011. 11. 17 오전 9:27:19 com.mongodb.DBPortPool gotError
경고: emptying DBPortPool to 61.250.201.78:27017 b/c of error
java.io.IOException: couldn't connect to [/61.250.201.78:27017] bc:java.net.ConnectException: Connection timed out: connect
	at com.mongodb.DBPort._open(DBPort.java:224)
	at com.mongodb.DBPort.go(DBPort.java:101)
	at com.mongodb.DBPort.go(DBPort.java:82)
	at com.mongodb.DBPort.say(DBPort.java:77)
	at com.mongodb.DBTCPConnector.say(DBTCPConnector.java:146)
	at com.mongodb.DBTCPConnector.say(DBTCPConnector.java:132)
	at com.mongodb.DBApiLayer$MyCollection.insert(DBApiLayer.java:262)
	at com.mongodb.DBApiLayer$MyCollection.createIndex(DBApiLayer.java:354)
	at com.mongodb.DBCollection.ensureIndex(DBCollection.java:444)
	at com.mongodb.DBCollection.ensureIndex(DBCollection.java:392)
	at net.ion.radon.repository.Workspace.createWorkspace(Workspace.java:64)
	at net.ion.radon.repository.Workspace.load(Workspace.java:43)
	at net.ion.radon.repository.Repository.getWorkspace(Repository.java:28)
	at net.ion.radon.repository.LocalSession.getCurrentWorkspace(LocalSession.java:147)
	at net.ion.radon.repository.LocalSession.dropWorkspace(LocalSession.java:76)
	at net.ion.radon.repository.TestBaseRepository.setUp(TestBaseRepository.java:17)
	at junit.framework.TestCase.runBare(TestCase.java:128)
	at junit.framework.TestResult$1.protect(TestResult.java:106)
	at junit.framework.TestResult.runProtected(TestResult.java:124)
	at junit.framework.TestResult.run(TestResult.java:109)
	at junit.framework.TestCase.run(TestCase.java:120)
	at junit.framework.TestSuite.runTest(TestSuite.java:230)
	at junit.framework.TestSuite.run(TestSuite.java:225)
	at junit.framework.TestSuite.runTest(TestSuite.java:230)
	at junit.framework.TestSuite.run(TestSuite.java:225)
	at junit.framework.TestSuite.runTest(TestSuite.java:230)
	at junit.framework.TestSuite.run(TestSuite.java:225)
	at junit.framework.TestSuite.runTest(TestSuite.java:230)
	at junit.framework.TestSuite.run(TestSuite.java:225)
	at org.apache.tools.ant.taskdefs.optional.junit.JUnitTestRunner.run(JUnitTestRunner.java:421)
	at org.apache.tools.ant.taskdefs.optional.junit.JUnitTestRunner.launch(JUnitTestRunner.java:912)
	at org.apache.tools.ant.taskdefs.optional.junit.JUnitTestRunner.main(JUnitTestRunner.java:766)
2011. 11. 17 오전 9:27:40 com.mongodb.DBTCPConnector fetchMaxBsonObjectSize
경고: Exception determining maxBSON size using0
java.io.IOException: couldn't connect to [/61.250.201.78:27017] bc:java.net.ConnectException: Connection timed out: connect
	at com.mongodb.DBPort._open(DBPort.java:224)
	at com.mongodb.DBPort.go(DBPort.java:101)
	at com.mongodb.DBPort.go(DBPort.java:82)
	at com.mongodb.DBPort.findOne(DBPort.java:142)
	at com.mongodb.DBPort.runCommand(DBPort.java:151)
	at com.mongodb.DBTCPConnector.fetchMaxBsonObjectSize(DBTCPConnector.java:429)
	at com.mongodb.Mongo.getMaxBsonObjectSize(Mongo.java:544)
	at com.mongodb.DBApiLayer$MyCollection.insert(DBApiLayer.java:244)
	at com.mongodb.DBApiLayer$MyCollection.createIndex(DBApiLayer.java:354)
	at com.mongodb.DBCollection.ensureIndex(DBCollection.java:444)
	at com.mongodb.DBCollection.ensureIndex(DBCollection.java:392)
	at net.ion.radon.repository.Workspace.createWorkspace(Workspace.java:64)
	at net.ion.radon.repository.Workspace.load(Workspace.java:43)
	at net.ion.radon.repository.Repository.getWorkspace(Repository.java:28)
	at net.ion.radon.repository.LocalSession.getCurrentWorkspace(LocalSession.java:147)
	at net.ion.radon.repository.LocalSession.dropWorkspace(LocalSession.java:76)
	at net.ion.radon.repository.TestBaseRepository.setUp(TestBaseRepository.java:17)
	at junit.framework.TestCase.runBare(TestCase.java:128)
	at junit.framework.TestResult$1.protect(TestResult.java:106)
	at junit.framework.TestResult.runProtected(TestResult.java:124)
	at junit.framework.TestResult.run(TestResult.java:109)
	at junit.framework.TestCase.run(TestCase.java:120)
	at junit.framework.TestSuite.runTest(TestSuite.java:230)
	at junit.framework.TestSuite.run(TestSuite.java:225)
	at junit.framework.TestSuite.runTest(TestSuite.java:230)
	at junit.framework.TestSuite.run(TestSuite.java:225)
	at junit.framework.TestSuite.runTest(TestSuite.java:230)
	at junit.framework.TestSuite.run(TestSuite.java:225)
	at junit.framework.TestSuite.runTest(TestSuite.java:230)
	at junit.framework.TestSuite.run(TestSuite.java:225)
	at org.apache.tools.ant.taskdefs.optional.junit.JUnitTestRunner.run(JUnitTestRunner.java:421)
	at org.apache.tools.ant.taskdefs.optional.junit.JUnitTestRunner.launch(JUnitTestRunner.java:912)
	at org.apache.tools.ant.taskdefs.optional.junit.JUnitTestRunner.main(JUnitTestRunner.java:766)
2011. 11. 17 오전 9:28:01 com.mongodb.DBTCPConnector fetchMaxBsonObjectSize
경고: Exception determining maxBSON size using0
java.io.IOException: couldn't connect to [/61.250.201.78:27017] bc:java.net.ConnectException: Connection timed out: connect
	at com.mongodb.DBPort._open(DBPort.java:224)
	at com.mongodb.DBPort.go(DBPort.java:101)
	at com.mongodb.DBPort.go(DBPort.java:82)
	at com.mongodb.DBPort.findOne(DBPort.java:142)
	at com.mongodb.DBPort.runCommand(DBPort.java:151)
	at com.mongodb.DBTCPConnector.fetchMaxBsonObjectSize(DBTCPConnector.java:429)
	at com.mongodb.DBTCPConnector.checkMaster(DBTCPConnector.java:416)
	at com.mongodb.DBTCPConnector.say(DBTCPConnector.java:139)
	at com.mongodb.DBTCPConnector.say(DBTCPConnector.java:132)
	at com.mongodb.DBApiLayer$MyCollection.insert(DBApiLayer.java:262)
	at com.mongodb.DBApiLayer$MyCollection.createIndex(DBApiLayer.java:354)
	at com.mongodb.DBCollection.ensureIndex(DBCollection.java:444)
	at com.mongodb.DBCollection.ensureIndex(DBCollection.java:392)
	at net.ion.radon.repository.Workspace.createWorkspace(Workspace.java:64)
	at net.ion.radon.repository.Workspace.load(Workspace.java:43)
	at net.ion.radon.repository.Repository.getWorkspace(Repository.java:28)
	at net.ion.radon.repository.LocalSession.getCurrentWorkspace(LocalSession.java:147)
	at net.ion.radon.repository.LocalSession.dropWorkspace(LocalSession.java:76)
	at net.ion.radon.repository.TestBaseRepository.setUp(TestBaseRepository.java:17)
	at junit.framework.TestCase.runBare(TestCase.java:128)
	at junit.framework.TestResult$1.protect(TestResult.java:106)
	at junit.framework.TestResult.runProtected(TestResult.java:124)
	at junit.framework.TestResult.run(TestResult.java:109)
	at junit.framework.TestCase.run(TestCase.java:120)
	at junit.framework.TestSuite.runTest(TestSuite.java:230)
	at junit.framework.TestSuite.run(TestSuite.java:225)
	at junit.framework.TestSuite.runTest(TestSuite.java:230)
	at junit.framework.TestSuite.run(TestSuite.java:225)
	at junit.framework.TestSuite.runTest(TestSuite.java:230)
	at junit.framework.TestSuite.run(TestSuite.java:225)
	at junit.framework.TestSuite.runTest(TestSuite.java:230)
	at junit.framework.TestSuite.run(TestSuite.java:225)
	at org.apache.tools.ant.taskdefs.optional.junit.JUnitTestRunner.run(JUnitTestRunner.java:421)
	at org.apache.tools.ant.taskdefs.optional.junit.JUnitTestRunner.launch(JUnitTestRunner.java:912)
	at org.apache.tools.ant.taskdefs.optional.junit.JUnitTestRunner.main(JUnitTestRunner.java:766)
2011. 11. 17 오전 9:28:22 com.mongodb.DBPortPool gotError
경고: emptying DBPortPool to 61.250.201.78:27017 b/c of error
java.io.IOException: couldn't connect to [/61.250.201.78:27017] bc:java.net.ConnectException: Connection timed out: connect
	at com.mongodb.DBPort._open(DBPort.java:224)
	at com.mongodb.DBPort.go(DBPort.java:101)
	at com.mongodb.DBPort.go(DBPort.java:82)
	at com.mongodb.DBPort.say(DBPort.java:77)
	at com.mongodb.DBTCPConnector.say(DBTCPConnector.java:146)
	at com.mongodb.DBTCPConnector.say(DBTCPConnector.java:132)
	at com.mongodb.DBApiLayer$MyCollection.insert(DBApiLayer.java:262)
	at com.mongodb.DBApiLayer$MyCollection.createIndex(DBApiLayer.java:354)
	at com.mongodb.DBCollection.ensureIndex(DBCollection.java:444)
	at com.mongodb.DBCollection.ensureIndex(DBCollection.java:392)
	at net.ion.radon.repository.Workspace.createWorkspace(Workspace.java:64)
	at net.ion.radon.repository.Workspace.load(Workspace.java:43)
	at net.ion.radon.repository.Repository.getWorkspace(Repository.java:28)
	at net.ion.radon.repository.LocalSession.getCurrentWorkspace(LocalSession.java:147)
	at net.ion.radon.repository.LocalSession.dropWorkspace(LocalSession.java:76)
	at net.ion.radon.repository.TestBaseRepository.setUp(TestBaseRepository.java:17)
	at junit.framework.TestCase.runBare(TestCase.java:128)
	at junit.framework.TestResult$1.protect(TestResult.java:106)
	at junit.framework.TestResult.runProtected(TestResult.java:124)
	at junit.framework.TestResult.run(TestResult.java:109)
	at junit.framework.TestCase.run(TestCase.java:120)
	at junit.framework.TestSuite.runTest(TestSuite.java:230)
	at junit.framework.TestSuite.run(TestSuite.java:225)
	at junit.framework.TestSuite.runTest(TestSuite.java:230)
	at junit.framework.TestSuite.run(TestSuite.java:225)
	at junit.framework.TestSuite.runTest(TestSuite.java:230)
	at junit.framework.TestSuite.run(TestSuite.java:225)
	at junit.framework.TestSuite.runTest(TestSuite.java:230)
	at junit.framework.TestSuite.run(TestSuite.java:225)
	at org.apache.tools.ant.taskdefs.optional.junit.JUnitTestRunner.run(JUnitTestRunner.java:421)
	at org.apache.tools.ant.taskdefs.optional.junit.JUnitTestRunner.launch(JUnitTestRunner.java:912)
	at org.apache.tools.ant.taskdefs.optional.junit.JUnitTestRunner.main(JUnitTestRunner.java:766)
2011. 11. 17 오전 9:28:43 com.mongodb.DBTCPConnector fetchMaxBsonObjectSize
경고: Exception determining maxBSON size using0
java.io.IOException: couldn't connect to [/61.250.201.78:27017] bc:java.net.ConnectException: Connection timed out: connect
	at com.mongodb.DBPort._open(DBPort.java:224)
	at com.mongodb.DBPort.go(DBPort.java:101)
	at com.mongodb.DBPort.go(DBPort.java:82)
	at com.mongodb.DBPort.findOne(DBPort.java:142)
	at com.mongodb.DBPort.runCommand(DBPort.java:151)
	at com.mongodb.DBTCPConnector.fetchMaxBsonObjectSize(DBTCPConnector.java:429)
	at com.mongodb.Mongo.getMaxBsonObjectSize(Mongo.java:544)
	at com.mongodb.DBApiLayer$MyCollection.insert(DBApiLayer.java:244)
	at com.mongodb.DBApiLayer$MyCollection.createIndex(DBApiLayer.java:354)
	at com.mongodb.DBCollection.ensureIndex(DBCollection.java:444)
	at com.mongodb.DBCollection.ensureIndex(DBCollection.java:392)
	at net.ion.radon.repository.Workspace.createWorkspace(Workspace.java:64)
	at net.ion.radon.repository.Workspace.load(Workspace.java:43)
	at net.ion.radon.repository.Repository.getWorkspace(Repository.java:28)
	at net.ion.radon.repository.LocalSession.getCurrentWorkspace(LocalSession.java:147)
	at net.ion.radon.repository.LocalSession.dropWorkspace(LocalSession.java:76)
	at net.ion.radon.repository.TestBaseRepository.setUp(TestBaseRepository.java:17)
	at junit.framework.TestCase.runBare(TestCase.java:128)
	at junit.framework.TestResult$1.protect(TestResult.java:106)
	at junit.framework.TestResult.runProtected(TestResult.java:124)
	at junit.framework.TestResult.run(TestResult.java:109)
	at junit.framework.TestCase.run(TestCase.java:120)
	at junit.framework.TestSuite.runTest(TestSuite.java:230)
	at junit.framework.TestSuite.run(TestSuite.java:225)
	at junit.framework.TestSuite.runTest(TestSuite.java:230)
	at junit.framework.TestSuite.run(TestSuite.java:225)
	at junit.framework.TestSuite.runTest(TestSuite.java:230)
	at junit.framework.TestSuite.run(TestSuite.java:225)
	at junit.framework.TestSuite.runTest(TestSuite.java:230)
	at junit.framework.TestSuite.run(TestSuite.java:225)
	at org.apache.tools.ant.taskdefs.optional.junit.JUnitTestRunner.run(JUnitTestRunner.java:421)
	at org.apache.tools.ant.taskdefs.optional.junit.JUnitTestRunner.launch(JUnitTestRunner.java:912)
	at org.apache.tools.ant.taskdefs.optional.junit.JUnitTestRunner.main(JUnitTestRunner.java:766)
2011. 11. 17 오전 9:29:04 com.mongodb.DBTCPConnector fetchMaxBsonObjectSize
경고: Exception determining maxBSON size using0
java.io.IOException: couldn't connect to [/61.250.201.78:27017] bc:java.net.ConnectException: Connection timed out: connect
	at com.mongodb.DBPort._open(DBPort.java:224)
	at com.mongodb.DBPort.go(DBPort.java:101)
	at com.mongodb.DBPort.go(DBPort.java:82)
	at com.mongodb.DBPort.findOne(DBPort.java:142)
	at com.mongodb.DBPort.runCommand(DBPort.java:151)
	at com.mongodb.DBTCPConnector.fetchMaxBsonObjectSize(DBTCPConnector.java:429)
	at com.mongodb.DBTCPConnector.checkMaster(DBTCPConnector.java:416)
	at com.mongodb.DBTCPConnector.say(DBTCPConnector.java:139)
	at com.mongodb.DBTCPConnector.say(DBTCPConnector.java:132)
	at com.mongodb.DBApiLayer$MyCollection.insert(DBApiLayer.java:262)
	at com.mongodb.DBApiLayer$MyCollection.createIndex(DBApiLayer.java:354)
	at com.mongodb.DBCollection.ensureIndex(DBCollection.java:444)
	at com.mongodb.DBCollection.ensureIndex(DBCollection.java:392)
	at net.ion.radon.repository.Workspace.createWorkspace(Workspace.java:64)
	at net.ion.radon.repository.Workspace.load(Workspace.java:43)
	at net.ion.radon.repository.Repository.getWorkspace(Repository.java:28)
	at net.ion.radon.repository.LocalSession.getCurrentWorkspace(LocalSession.java:147)
	at net.ion.radon.repository.LocalSession.dropWorkspace(LocalSession.java:76)
	at net.ion.radon.repository.TestBaseRepository.setUp(TestBaseRepository.java:17)
	at junit.framework.TestCase.runBare(TestCase.java:128)
	at junit.framework.TestResult$1.protect(TestResult.java:106)
	at junit.framework.TestResult.runProtected(TestResult.java:124)
	at junit.framework.TestResult.run(TestResult.java:109)
	at junit.framework.TestCase.run(TestCase.java:120)
	at junit.framework.TestSuite.runTest(TestSuite.java:230)
	at junit.framework.TestSuite.run(TestSuite.java:225)
	at junit.framework.TestSuite.runTest(TestSuite.java:230)
	at junit.framework.TestSuite.run(TestSuite.java:225)
	at junit.framework.TestSuite.runTest(TestSuite.java:230)
	at junit.framework.TestSuite.run(TestSuite.java:225)
	at junit.framework.TestSuite.runTest(TestSuite.java:230)
	at junit.framework.TestSuite.run(TestSuite.java:225)
	at org.apache.tools.ant.taskdefs.optional.junit.JUnitTestRunner.run(JUnitTestRunner.java:421)
	at org.apache.tools.ant.taskdefs.optional.junit.JUnitTestRunner.launch(JUnitTestRunner.java:912)
	at org.apache.tools.ant.taskdefs.optional.junit.JUnitTestRunner.main(JUnitTestRunner.java:766)
2011. 11. 17 오전 9:29:25 com.mongodb.DBPortPool gotError
경고: emptying DBPortPool to 61.250.201.78:27017 b/c of error
java.io.IOException: couldn't connect to [/61.250.201.78:27017] bc:java.net.ConnectException: Connection timed out: connect
	at com.mongodb.DBPort._open(DBPort.java:224)
	at com.mongodb.DBPort.go(DBPort.java:101)
	at com.mongodb.DBPort.go(DBPort.java:82)
	at com.mongodb.DBPort.say(DBPort.java:77)
	at com.mongodb.DBTCPConnector.say(DBTCPConnector.java:146)
	at com.mongodb.DBTCPConnector.say(DBTCPConnector.java:132)
	at com.mongodb.DBApiLayer$MyCollection.insert(DBApiLayer.java:262)
	at com.mongodb.DBApiLayer$MyCollection.createIndex(DBApiLayer.java:354)
	at com.mongodb.DBCollection.ensureIndex(DBCollection.java:444)
	at com.mongodb.DBCollection.ensureIndex(DBCollection.java:392)
	at net.ion.radon.repository.Workspace.createWorkspace(Workspace.java:64)
	at net.ion.radon.repository.Workspace.load(Workspace.java:43)
	at net.ion.radon.repository.Repository.getWorkspace(Repository.java:28)
	at net.ion.radon.repository.LocalSession.getCurrentWorkspace(LocalSession.java:147)
	at net.ion.radon.repository.LocalSession.dropWorkspace(LocalSession.java:76)
	at net.ion.radon.repository.TestBaseRepository.setUp(TestBaseRepository.java:17)
	at junit.framework.TestCase.runBare(TestCase.java:128)
	at junit.framework.TestResult$1.protect(TestResult.java:106)
	at junit.framework.TestResult.runProtected(TestResult.java:124)
	at junit.framework.TestResult.run(TestResult.java:109)
	at junit.framework.TestCase.run(TestCase.java:120)
	at junit.framework.TestSuite.runTest(TestSuite.java:230)
	at junit.framework.TestSuite.run(TestSuite.java:225)
	at junit.framework.TestSuite.runTest(TestSuite.java:230)
	at junit.framework.TestSuite.run(TestSuite.java:225)
	at junit.framework.TestSuite.runTest(TestSuite.java:230)
	at junit.framework.TestSuite.run(TestSuite.java:225)
	at junit.framework.TestSuite.runTest(TestSuite.java:230)
	at junit.framework.TestSuite.run(TestSuite.java:225)
	at org.apache.tools.ant.taskdefs.optional.junit.JUnitTestRunner.run(JUnitTestRunner.java:421)
	at org.apache.tools.ant.taskdefs.optional.junit.JUnitTestRunner.launch(JUnitTestRunner.java:912)
	at org.apache.tools.ant.taskdefs.optional.junit.JUnitTestRunner.main(JUnitTestRunner.java:766)
2011. 11. 17 오전 9:29:46 com.mongodb.DBTCPConnector fetchMaxBsonObjectSize
경고: Exception determining maxBSON size using0
java.io.IOException: couldn't connect to [/61.250.201.78:27017] bc:java.net.ConnectException: Connection timed out: connect
	at com.mongodb.DBPort._open(DBPort.java:224)
	at com.mongodb.DBPort.go(DBPort.java:101)
	at com.mongodb.DBPort.go(DBPort.java:82)
	at com.mongodb.DBPort.findOne(DBPort.java:142)
	at com.mongodb.DBPort.runCommand(DBPort.java:151)
	at com.mongodb.DBTCPConnector.fetchMaxBsonObjectSize(DBTCPConnector.java:429)
	at com.mongodb.Mongo.getMaxBsonObjectSize(Mongo.java:544)
	at com.mongodb.DBApiLayer$MyCollection.insert(DBApiLayer.java:244)
	at com.mongodb.DBApiLayer$MyCollection.createIndex(DBApiLayer.java:354)
	at com.mongodb.DBCollection.ensureIndex(DBCollection.java:444)
	at com.mongodb.DBCollection.ensureIndex(DBCollection.java:392)
	at net.ion.radon.repository.Workspace.createWorkspace(Workspace.java:64)
	at net.ion.radon.repository.Workspace.load(Workspace.java:43)
	at net.ion.radon.repository.Repository.getWorkspace(Repository.java:28)
	at net.ion.radon.repository.LocalSession.getCurrentWorkspace(LocalSession.java:147)
	at net.ion.radon.repository.LocalSession.dropWorkspace(LocalSession.java:76)
	at net.ion.radon.repository.TestBaseRepository.setUp(TestBaseRepository.java:17)
	at junit.framework.TestCase.runBare(TestCase.java:128)
	at junit.framework.TestResult$1.protect(TestResult.java:106)
	at junit.framework.TestResult.runProtected(TestResult.java:124)
	at junit.framework.TestResult.run(TestResult.java:109)
	at junit.framework.TestCase.run(TestCase.java:120)
	at junit.framework.TestSuite.runTest(TestSuite.java:230)
	at junit.framework.TestSuite.run(TestSuite.java:225)
	at junit.framework.TestSuite.runTest(TestSuite.java:230)
	at junit.framework.TestSuite.run(TestSuite.java:225)
	at junit.framework.TestSuite.runTest(TestSuite.java:230)
	at junit.framework.TestSuite.run(TestSuite.java:225)
	at junit.framework.TestSuite.runTest(TestSuite.java:230)
	at junit.framework.TestSuite.run(TestSuite.java:225)
	at org.apache.tools.ant.taskdefs.optional.junit.JUnitTestRunner.run(JUnitTestRunner.java:421)
	at org.apache.tools.ant.taskdefs.optional.junit.JUnitTestRunner.launch(JUnitTestRunner.java:912)
	at org.apache.tools.ant.taskdefs.optional.junit.JUnitTestRunner.main(JUnitTestRunner.java:766)
2011. 11. 17 오전 9:30:07 com.mongodb.DBTCPConnector fetchMaxBsonObjectSize
경고: Exception determining maxBSON size using0
java.io.IOException: couldn't connect to [/61.250.201.78:27017] bc:java.net.ConnectException: Connection timed out: connect
	at com.mongodb.DBPort._open(DBPort.java:224)
	at com.mongodb.DBPort.go(DBPort.java:101)
	at com.mongodb.DBPort.go(DBPort.java:82)
	at com.mongodb.DBPort.findOne(DBPort.java:142)
	at com.mongodb.DBPort.runCommand(DBPort.java:151)
	at com.mongodb.DBTCPConnector.fetchMaxBsonObjectSize(DBTCPConnector.java:429)
	at com.mongodb.DBTCPConnector.checkMaster(DBTCPConnector.java:416)
	at com.mongodb.DBTCPConnector.say(DBTCPConnector.java:139)
	at com.mongodb.DBTCPConnector.say(DBTCPConnector.java:132)
	at com.mongodb.DBApiLayer$MyCollection.insert(DBApiLayer.java:262)
	at com.mongodb.DBApiLayer$MyCollection.createIndex(DBApiLayer.java:354)
	at com.mongodb.DBCollection.ensureIndex(DBCollection.java:444)
	at com.mongodb.DBCollection.ensureIndex(DBCollection.java:392)
	at net.ion.radon.repository.Workspace.createWorkspace(Workspace.java:64)
	at net.ion.radon.repository.Workspace.load(Workspace.java:43)
	at net.ion.radon.repository.Repository.getWorkspace(Repository.java:28)
	at net.ion.radon.repository.LocalSession.getCurrentWorkspace(LocalSession.java:147)
	at net.ion.radon.repository.LocalSession.dropWorkspace(LocalSession.java:76)
	at net.ion.radon.repository.TestBaseRepository.setUp(TestBaseRepository.java:17)
	at junit.framework.TestCase.runBare(TestCase.java:128)
	at junit.framework.TestResult$1.protect(TestResult.java:106)
	at junit.framework.TestResult.runProtected(TestResult.java:124)
	at junit.framework.TestResult.run(TestResult.java:109)
	at junit.framework.TestCase.run(TestCase.java:120)
	at junit.framework.TestSuite.runTest(TestSuite.java:230)
	at junit.framework.TestSuite.run(TestSuite.java:225)
	at junit.framework.TestSuite.runTest(TestSuite.java:230)
	at junit.framework.TestSuite.run(TestSuite.java:225)
	at junit.framework.TestSuite.runTest(TestSuite.java:230)
	at junit.framework.TestSuite.run(TestSuite.java:225)
	at junit.framework.TestSuite.runTest(TestSuite.java:230)
	at junit.framework.TestSuite.run(TestSuite.java:225)
	at org.apache.tools.ant.taskdefs.optional.junit.JUnitTestRunner.run(JUnitTestRunner.java:421)
	at org.apache.tools.ant.taskdefs.optional.junit.JUnitTestRunner.launch(JUnitTestRunner.java:912)
	at org.apache.tools.ant.taskdefs.optional.junit.JUnitTestRunner.main(JUnitTestRunner.java:766)
2011. 11. 17 오전 9:30:28 com.mongodb.DBPortPool gotError
경고: emptying DBPortPool to 61.250.201.78:27017 b/c of error
java.io.IOException: couldn't connect to [/61.250.201.78:27017] bc:java.net.ConnectException: Connection timed out: connect
	at com.mongodb.DBPort._open(DBPort.java:224)
	at com.mongodb.DBPort.go(DBPort.java:101)
	at com.mongodb.DBPort.go(DBPort.java:82)
	at com.mongodb.DBPort.say(DBPort.java:77)
	at com.mongodb.DBTCPConnector.say(DBTCPConnector.java:146)
	at com.mongodb.DBTCPConnector.say(DBTCPConnector.java:132)
	at com.mongodb.DBApiLayer$MyCollection.insert(DBApiLayer.java:262)
	at com.mongodb.DBApiLayer$MyCollection.createIndex(DBApiLayer.java:354)
	at com.mongodb.DBCollection.ensureIndex(DBCollection.java:444)
	at com.mongodb.DBCollection.ensureIndex(DBCollection.java:392)
	at net.ion.radon.repository.Workspace.createWorkspace(Workspace.java:64)
	at net.ion.radon.repository.Workspace.load(Workspace.java:43)
	at net.ion.radon.repository.Repository.getWorkspace(Repository.java:28)
	at net.ion.radon.repository.LocalSession.getCurrentWorkspace(LocalSession.java:147)
	at net.ion.radon.repository.LocalSession.dropWorkspace(LocalSession.java:76)
	at net.ion.radon.repository.TestBaseRepository.setUp(TestBaseRepository.java:17)
	at junit.framework.TestCase.runBare(TestCase.java:128)
	at junit.framework.TestResult$1.protect(TestResult.java:106)
	at junit.framework.TestResult.runProtected(TestResult.java:124)
	at junit.framework.TestResult.run(TestResult.java:109)
	at junit.framework.TestCase.run(TestCase.java:120)
	at junit.framework.TestSuite.runTest(TestSuite.java:230)
	at junit.framework.TestSuite.run(TestSuite.java:225)
	at junit.framework.TestSuite.runTest(TestSuite.java:230)
	at junit.framework.TestSuite.run(TestSuite.java:225)
	at junit.framework.TestSuite.runTest(TestSuite.java:230)
	at junit.framework.TestSuite.run(TestSuite.java:225)
	at junit.framework.TestSuite.runTest(TestSuite.java:230)
	at junit.framework.TestSuite.run(TestSuite.java:225)
	at org.apache.tools.ant.taskdefs.optional.junit.JUnitTestRunner.run(JUnitTestRunner.java:421)
	at org.apache.tools.ant.taskdefs.optional.junit.JUnitTestRunner.launch(JUnitTestRunner.java:912)
	at org.apache.tools.ant.taskdefs.optional.junit.JUnitTestRunner.main(JUnitTestRunner.java:766)
2011. 11. 17 오전 9:30:49 com.mongodb.DBTCPConnector fetchMaxBsonObjectSize
경고: Exception determining maxBSON size using0
java.io.IOException: couldn't connect to [/61.250.201.78:27017] bc:java.net.ConnectException: Connection timed out: connect
	at com.mongodb.DBPort._open(DBPort.java:224)
	at com.mongodb.DBPort.go(DBPort.java:101)
	at com.mongodb.DBPort.go(DBPort.java:82)
	at com.mongodb.DBPort.findOne(DBPort.java:142)
	at com.mongodb.DBPort.runCommand(DBPort.java:151)
	at com.mongodb.DBTCPConnector.fetchMaxBsonObjectSize(DBTCPConnector.java:429)
	at com.mongodb.Mongo.getMaxBsonObjectSize(Mongo.java:544)
	at com.mongodb.DBApiLayer$MyCollection.insert(DBApiLayer.java:244)
	at com.mongodb.DBApiLayer$MyCollection.createIndex(DBApiLayer.java:354)
	at com.mongodb.DBCollection.ensureIndex(DBCollection.java:444)
	at com.mongodb.DBCollection.ensureIndex(DBCollection.java:392)
	at net.ion.radon.repository.Workspace.createWorkspace(Workspace.java:64)
	at net.ion.radon.repository.Workspace.load(Workspace.java:43)
	at net.ion.radon.repository.Repository.getWorkspace(Repository.java:28)
	at net.ion.radon.repository.LocalSession.getCurrentWorkspace(LocalSession.java:147)
	at net.ion.radon.repository.LocalSession.dropWorkspace(LocalSession.java:76)
	at net.ion.radon.repository.TestBaseRepository.setUp(TestBaseRepository.java:17)
	at junit.framework.TestCase.runBare(TestCase.java:128)
	at junit.framework.TestResult$1.protect(TestResult.java:106)
	at junit.framework.TestResult.runProtected(TestResult.java:124)
	at junit.framework.TestResult.run(TestResult.java:109)
	at junit.framework.TestCase.run(TestCase.java:120)
	at junit.framework.TestSuite.runTest(TestSuite.java:230)
	at junit.framework.TestSuite.run(TestSuite.java:225)
	at junit.framework.TestSuite.runTest(TestSuite.java:230)
	at junit.framework.TestSuite.run(TestSuite.java:225)
	at junit.framework.TestSuite.runTest(TestSuite.java:230)
	at junit.framework.TestSuite.run(TestSuite.java:225)
	at junit.framework.TestSuite.runTest(TestSuite.java:230)
	at junit.framework.TestSuite.run(TestSuite.java:225)
	at org.apache.tools.ant.taskdefs.optional.junit.JUnitTestRunner.run(JUnitTestRunner.java:421)
	at org.apache.tools.ant.taskdefs.optional.junit.JUnitTestRunner.launch(JUnitTestRunner.java:912)
	at org.apache.tools.ant.taskdefs.optional.junit.JUnitTestRunner.main(JUnitTestRunner.java:766)
2011. 11. 17 오전 9:31:10 com.mongodb.DBTCPConnector fetchMaxBsonObjectSize
경고: Exception determining maxBSON size using0
java.io.IOException: couldn't connect to [/61.250.201.78:27017] bc:java.net.ConnectException: Connection timed out: connect
	at com.mongodb.DBPort._open(DBPort.java:224)
	at com.mongodb.DBPort.go(DBPort.java:101)
	at com.mongodb.DBPort.go(DBPort.java:82)
	at com.mongodb.DBPort.findOne(DBPort.java:142)
	at com.mongodb.DBPort.runCommand(DBPort.java:151)
	at com.mongodb.DBTCPConnector.fetchMaxBsonObjectSize(DBTCPConnector.java:429)
	at com.mongodb.DBTCPConnector.checkMaster(DBTCPConnector.java:416)
	at com.mongodb.DBTCPConnector.say(DBTCPConnector.java:139)
	at com.mongodb.DBTCPConnector.say(DBTCPConnector.java:132)
	at com.mongodb.DBApiLayer$MyCollection.insert(DBApiLayer.java:262)
	at com.mongodb.DBApiLayer$MyCollection.createIndex(DBApiLayer.java:354)
	at com.mongodb.DBCollection.ensureIndex(DBCollection.java:444)
	at com.mongodb.DBCollection.ensureIndex(DBCollection.java:392)
	at net.ion.radon.repository.Workspace.createWorkspace(Workspace.java:64)
	at net.ion.radon.repository.Workspace.load(Workspace.java:43)
	at net.ion.radon.repository.Repository.getWorkspace(Repository.java:28)
	at net.ion.radon.repository.LocalSession.getCurrentWorkspace(LocalSession.java:147)
	at net.ion.radon.repository.LocalSession.dropWorkspace(LocalSession.java:76)
	at net.ion.radon.repository.TestBaseRepository.setUp(TestBaseRepository.java:17)
	at junit.framework.TestCase.runBare(TestCase.java:128)
	at junit.framework.TestResult$1.protect(TestResult.java:106)
	at junit.framework.TestResult.runProtected(TestResult.java:124)
	at junit.framework.TestResult.run(TestResult.java:109)
	at junit.framework.TestCase.run(TestCase.java:120)
	at junit.framework.TestSuite.runTest(TestSuite.java:230)
	at junit.framework.TestSuite.run(TestSuite.java:225)
	at junit.framework.TestSuite.runTest(TestSuite.java:230)
	at junit.framework.TestSuite.run(TestSuite.java:225)
	at junit.framework.TestSuite.runTest(TestSuite.java:230)
	at junit.framework.TestSuite.run(TestSuite.java:225)
	at junit.framework.TestSuite.runTest(TestSuite.java:230)
	at junit.framework.TestSuite.run(TestSuite.java:225)
	at org.apache.tools.ant.taskdefs.optional.junit.JUnitTestRunner.run(JUnitTestRunner.java:421)
	at org.apache.tools.ant.taskdefs.optional.junit.JUnitTestRunner.launch(JUnitTestRunner.java:912)
	at org.apache.tools.ant.taskdefs.optional.junit.JUnitTestRunner.main(JUnitTestRunner.java:766)
2011. 11. 17 오전 9:31:31 com.mongodb.DBPortPool gotError
경고: emptying DBPortPool to 61.250.201.78:27017 b/c of error
java.io.IOException: couldn't connect to [/61.250.201.78:27017] bc:java.net.ConnectException: Connection timed out: connect
	at com.mongodb.DBPort._open(DBPort.java:224)
	at com.mongodb.DBPort.go(DBPort.java:101)
	at com.mongodb.DBPort.go(DBPort.java:82)
	at com.mongodb.DBPort.say(DBPort.java:77)
	at com.mongodb.DBTCPConnector.say(DBTCPConnector.java:146)
	at com.mongodb.DBTCPConnector.say(DBTCPConnector.java:132)
	at com.mongodb.DBApiLayer$MyCollection.insert(DBApiLayer.java:262)
	at com.mongodb.DBApiLayer$MyCollection.createIndex(DBApiLayer.java:354)
	at com.mongodb.DBCollection.ensureIndex(DBCollection.java:444)
	at com.mongodb.DBCollection.ensureIndex(DBCollection.java:392)
	at net.ion.radon.repository.Workspace.createWorkspace(Workspace.java:64)
	at net.ion.radon.repository.Workspace.load(Workspace.java:43)
	at net.ion.radon.repository.Repository.getWorkspace(Repository.java:28)
	at net.ion.radon.repository.LocalSession.getCurrentWorkspace(LocalSession.java:147)
	at net.ion.radon.repository.LocalSession.dropWorkspace(LocalSession.java:76)
	at net.ion.radon.repository.TestBaseRepository.setUp(TestBaseRepository.java:17)
	at junit.framework.TestCase.runBare(TestCase.java:128)
	at junit.framework.TestResult$1.protect(TestResult.java:106)
	at junit.framework.TestResult.runProtected(TestResult.java:124)
	at junit.framework.TestResult.run(TestResult.java:109)
	at junit.framework.TestCase.run(TestCase.java:120)
	at junit.framework.TestSuite.runTest(TestSuite.java:230)
	at junit.framework.TestSuite.run(TestSuite.java:225)
	at junit.framework.TestSuite.runTest(TestSuite.java:230)
	at junit.framework.TestSuite.run(TestSuite.java:225)
	at junit.framework.TestSuite.runTest(TestSuite.java:230)
	at junit.framework.TestSuite.run(TestSuite.java:225)
	at junit.framework.TestSuite.runTest(TestSuite.java:230)
	at junit.framework.TestSuite.run(TestSuite.java:225)
	at org.apache.tools.ant.taskdefs.optional.junit.JUnitTestRunner.run(JUnitTestRunner.java:421)
	at org.apache.tools.ant.taskdefs.optional.junit.JUnitTestRunner.launch(JUnitTestRunner.java:912)
	at org.apache.tools.ant.taskdefs.optional.junit.JUnitTestRunner.main(JUnitTestRunner.java:766)
2011. 11. 17 오전 9:31:52 com.mongodb.DBTCPConnector fetchMaxBsonObjectSize
경고: Exception determining maxBSON size using0
java.io.IOException: couldn't connect to [/61.250.201.78:27017] bc:java.net.ConnectException: Connection timed out: connect
	at com.mongodb.DBPort._open(DBPort.java:224)
	at com.mongodb.DBPort.go(DBPort.java:101)
	at com.mongodb.DBPort.go(DBPort.java:82)
	at com.mongodb.DBPort.findOne(DBPort.java:142)
	at com.mongodb.DBPort.runCommand(DBPort.java:151)
	at com.mongodb.DBTCPConnector.fetchMaxBsonObjectSize(DBTCPConnector.java:429)
	at com.mongodb.Mongo.getMaxBsonObjectSize(Mongo.java:544)
	at com.mongodb.DBApiLayer$MyCollection.insert(DBApiLayer.java:244)
	at com.mongodb.DBApiLayer$MyCollection.createIndex(DBApiLayer.java:354)
	at com.mongodb.DBCollection.ensureIndex(DBCollection.java:444)
	at com.mongodb.DBCollection.ensureIndex(DBCollection.java:392)
	at net.ion.radon.repository.Workspace.createWorkspace(Workspace.java:64)
	at net.ion.radon.repository.Workspace.load(Workspace.java:43)
	at net.ion.radon.repository.Repository.getWorkspace(Repository.java:28)
	at net.ion.radon.repository.LocalSession.getCurrentWorkspace(LocalSession.java:147)
	at net.ion.radon.repository.LocalSession.dropWorkspace(LocalSession.java:76)
	at net.ion.radon.repository.TestBaseRepository.setUp(TestBaseRepository.java:17)
	at junit.framework.TestCase.runBare(TestCase.java:128)
	at junit.framework.TestResult$1.protect(TestResult.java:106)
	at junit.framework.TestResult.runProtected(TestResult.java:124)
	at junit.framework.TestResult.run(TestResult.java:109)
	at junit.framework.TestCase.run(TestCase.java:120)
	at junit.framework.TestSuite.runTest(TestSuite.java:230)
	at junit.framework.TestSuite.run(TestSuite.java:225)
	at junit.framework.TestSuite.runTest(TestSuite.java:230)
	at junit.framework.TestSuite.run(TestSuite.java:225)
	at junit.framework.TestSuite.runTest(TestSuite.java:230)
	at junit.framework.TestSuite.run(TestSuite.java:225)
	at junit.framework.TestSuite.runTest(TestSuite.java:230)
	at junit.framework.TestSuite.run(TestSuite.java:225)
	at org.apache.tools.ant.taskdefs.optional.junit.JUnitTestRunner.run(JUnitTestRunner.java:421)
	at org.apache.tools.ant.taskdefs.optional.junit.JUnitTestRunner.launch(JUnitTestRunner.java:912)
	at org.apache.tools.ant.taskdefs.optional.junit.JUnitTestRunner.main(JUnitTestRunner.java:766)
2011. 11. 17 오전 9:32:13 com.mongodb.DBTCPConnector fetchMaxBsonObjectSize
경고: Exception determining maxBSON size using0
java.io.IOException: couldn't connect to [/61.250.201.78:27017] bc:java.net.ConnectException: Connection timed out: connect
	at com.mongodb.DBPort._open(DBPort.java:224)
	at com.mongodb.DBPort.go(DBPort.java:101)
	at com.mongodb.DBPort.go(DBPort.java:82)
	at com.mongodb.DBPort.findOne(DBPort.java:142)
	at com.mongodb.DBPort.runCommand(DBPort.java:151)
	at com.mongodb.DBTCPConnector.fetchMaxBsonObjectSize(DBTCPConnector.java:429)
	at com.mongodb.DBTCPConnector.checkMaster(DBTCPConnector.java:416)
	at com.mongodb.DBTCPConnector.say(DBTCPConnector.java:139)
	at com.mongodb.DBTCPConnector.say(DBTCPConnector.java:132)
	at com.mongodb.DBApiLayer$MyCollection.insert(DBApiLayer.java:262)
	at com.mongodb.DBApiLayer$MyCollection.createIndex(DBApiLayer.java:354)
	at com.mongodb.DBCollection.ensureIndex(DBCollection.java:444)
	at com.mongodb.DBCollection.ensureIndex(DBCollection.java:392)
	at net.ion.radon.repository.Workspace.createWorkspace(Workspace.java:64)
	at net.ion.radon.repository.Workspace.load(Workspace.java:43)
	at net.ion.radon.repository.Repository.getWorkspace(Repository.java:28)
	at net.ion.radon.repository.LocalSession.getCurrentWorkspace(LocalSession.java:147)
	at net.ion.radon.repository.LocalSession.dropWorkspace(LocalSession.java:76)
	at net.ion.radon.repository.TestBaseRepository.setUp(TestBaseRepository.java:17)
	at junit.framework.TestCase.runBare(TestCase.java:128)
	at junit.framework.TestResult$1.protect(TestResult.java:106)
	at junit.framework.TestResult.runProtected(TestResult.java:124)
	at junit.framework.TestResult.run(TestResult.java:109)
	at junit.framework.TestCase.run(TestCase.java:120)
	at junit.framework.TestSuite.runTest(TestSuite.java:230)
	at junit.framework.TestSuite.run(TestSuite.java:225)
	at junit.framework.TestSuite.runTest(TestSuite.java:230)
	at junit.framework.TestSuite.run(TestSuite.java:225)
	at junit.framework.TestSuite.runTest(TestSuite.java:230)
	at junit.framework.TestSuite.run(TestSuite.java:225)
	at junit.framework.TestSuite.runTest(TestSuite.java:230)
	at junit.framework.TestSuite.run(TestSuite.java:225)
	at org.apache.tools.ant.taskdefs.optional.junit.JUnitTestRunner.run(JUnitTestRunner.java:421)
	at org.apache.tools.ant.taskdefs.optional.junit.JUnitTestRunner.launch(JUnitTestRunner.java:912)
	at org.apache.tools.ant.taskdefs.optional.junit.JUnitTestRunner.main(JUnitTestRunner.java:766)
2011. 11. 17 오전 9:32:34 com.mongodb.DBPortPool gotError
경고: emptying DBPortPool to 61.250.201.78:27017 b/c of error
java.io.IOException: couldn't connect to [/61.250.201.78:27017] bc:java.net.ConnectException: Connection timed out: connect
	at com.mongodb.DBPort._open(DBPort.java:224)
	at com.mongodb.DBPort.go(DBPort.java:101)
	at com.mongodb.DBPort.go(DBPort.java:82)
	at com.mongodb.DBPort.say(DBPort.java:77)
	at com.mongodb.DBTCPConnector.say(DBTCPConnector.java:146)
	at com.mongodb.DBTCPConnector.say(DBTCPConnector.java:132)
	at com.mongodb.DBApiLayer$MyCollection.insert(DBApiLayer.java:262)
	at com.mongodb.DBApiLayer$MyCollection.createIndex(DBApiLayer.java:354)
	at com.mongodb.DBCollection.ensureIndex(DBCollection.java:444)
	at com.mongodb.DBCollection.ensureIndex(DBCollection.java:392)
	at net.ion.radon.repository.Workspace.createWorkspace(Workspace.java:64)
	at net.ion.radon.repository.Workspace.load(Workspace.java:43)
	at net.ion.radon.repository.Repository.getWorkspace(Repository.java:28)
	at net.ion.radon.repository.LocalSession.getCurrentWorkspace(LocalSession.java:147)
	at net.ion.radon.repository.LocalSession.dropWorkspace(LocalSession.java:76)
	at net.ion.radon.repository.TestBaseRepository.setUp(TestBaseRepository.java:17)
	at junit.framework.TestCase.runBare(TestCase.java:128)
	at junit.framework.TestResult$1.protect(TestResult.java:106)
	at junit.framework.TestResult.runProtected(TestResult.java:124)
	at junit.framework.TestResult.run(TestResult.java:109)
	at junit.framework.TestCase.run(TestCase.java:120)
	at junit.framework.TestSuite.runTest(TestSuite.java:230)
	at junit.framework.TestSuite.run(TestSuite.java:225)
	at junit.framework.TestSuite.runTest(TestSuite.java:230)
	at junit.framework.TestSuite.run(TestSuite.java:225)
	at junit.framework.TestSuite.runTest(TestSuite.java:230)
	at junit.framework.TestSuite.run(TestSuite.java:225)
	at junit.framework.TestSuite.runTest(TestSuite.java:230)
	at junit.framework.TestSuite.run(TestSuite.java:225)
	at org.apache.tools.ant.taskdefs.optional.junit.JUnitTestRunner.run(JUnitTestRunner.java:421)
	at org.apache.tools.ant.taskdefs.optional.junit.JUnitTestRunner.launch(JUnitTestRunner.java:912)
	at org.apache.tools.ant.taskdefs.optional.junit.JUnitTestRunner.main(JUnitTestRunner.java:766)
2011. 11. 17 오전 9:32:56 com.mongodb.DBTCPConnector fetchMaxBsonObjectSize
경고: Exception determining maxBSON size using0
java.io.IOException: couldn't connect to [/61.250.201.78:27017] bc:java.net.ConnectException: Connection timed out: connect
	at com.mongodb.DBPort._open(DBPort.java:224)
	at com.mongodb.DBPort.go(DBPort.java:101)
	at com.mongodb.DBPort.go(DBPort.java:82)
	at com.mongodb.DBPort.findOne(DBPort.java:142)
	at com.mongodb.DBPort.runCommand(DBPort.java:151)
	at com.mongodb.DBTCPConnector.fetchMaxBsonObjectSize(DBTCPConnector.java:429)
	at com.mongodb.Mongo.getMaxBsonObjectSize(Mongo.java:544)
	at com.mongodb.DBApiLayer$MyCollection.insert(DBApiLayer.java:244)
	at com.mongodb.DBApiLayer$MyCollection.createIndex(DBApiLayer.java:354)
	at com.mongodb.DBCollection.ensureIndex(DBCollection.java:444)
	at com.mongodb.DBCollection.ensureIndex(DBCollection.java:392)
	at net.ion.radon.repository.Workspace.createWorkspace(Workspace.java:64)
	at net.ion.radon.repository.Workspace.load(Workspace.java:43)
	at net.ion.radon.repository.Repository.getWorkspace(Repository.java:28)
	at net.ion.radon.repository.LocalSession.getCurrentWorkspace(LocalSession.java:147)
	at net.ion.radon.repository.LocalSession.dropWorkspace(LocalSession.java:76)
	at net.ion.radon.repository.TestBaseRepository.setUp(TestBaseRepository.java:17)
	at junit.framework.TestCase.runBare(TestCase.java:128)
	at junit.framework.TestResult$1.protect(TestResult.java:106)
	at junit.framework.TestResult.runProtected(TestResult.java:124)
	at junit.framework.TestResult.run(TestResult.java:109)
	at junit.framework.TestCase.run(TestCase.java:120)
	at junit.framework.TestSuite.runTest(TestSuite.java:230)
	at junit.framework.TestSuite.run(TestSuite.java:225)
	at junit.framework.TestSuite.runTest(TestSuite.java:230)
	at junit.framework.TestSuite.run(TestSuite.java:225)
	at junit.framework.TestSuite.runTest(TestSuite.java:230)
	at junit.framework.TestSuite.run(TestSuite.java:225)
	at junit.framework.TestSuite.runTest(TestSuite.java:230)
	at junit.framework.TestSuite.run(TestSuite.java:225)
	at org.apache.tools.ant.taskdefs.optional.junit.JUnitTestRunner.run(JUnitTestRunner.java:421)
	at org.apache.tools.ant.taskdefs.optional.junit.JUnitTestRunner.launch(JUnitTestRunner.java:912)
	at org.apache.tools.ant.taskdefs.optional.junit.JUnitTestRunner.main(JUnitTestRunner.java:766)
2011. 11. 17 오전 9:33:17 com.mongodb.DBTCPConnector fetchMaxBsonObjectSize
경고: Exception determining maxBSON size using0
java.io.IOException: couldn't connect to [/61.250.201.78:27017] bc:java.net.ConnectException: Connection timed out: connect
	at com.mongodb.DBPort._open(DBPort.java:224)
	at com.mongodb.DBPort.go(DBPort.java:101)
	at com.mongodb.DBPort.go(DBPort.java:82)
	at com.mongodb.DBPort.findOne(DBPort.java:142)
	at com.mongodb.DBPort.runCommand(DBPort.java:151)
	at com.mongodb.DBTCPConnector.fetchMaxBsonObjectSize(DBTCPConnector.java:429)
	at com.mongodb.DBTCPConnector.checkMaster(DBTCPConnector.java:416)
	at com.mongodb.DBTCPConnector.say(DBTCPConnector.java:139)
	at com.mongodb.DBTCPConnector.say(DBTCPConnector.java:132)
	at com.mongodb.DBApiLayer$MyCollection.insert(DBApiLayer.java:262)
	at com.mongodb.DBApiLayer$MyCollection.createIndex(DBApiLayer.java:354)
	at com.mongodb.DBCollection.ensureIndex(DBCollection.java:444)
	at com.mongodb.DBCollection.ensureIndex(DBCollection.java:392)
	at net.ion.radon.repository.Workspace.createWorkspace(Workspace.java:64)
	at net.ion.radon.repository.Workspace.load(Workspace.java:43)
	at net.ion.radon.repository.Repository.getWorkspace(Repository.java:28)
	at net.ion.radon.repository.LocalSession.getCurrentWorkspace(LocalSession.java:147)
	at net.ion.radon.repository.LocalSession.dropWorkspace(LocalSession.java:76)
	at net.ion.radon.repository.TestBaseRepository.setUp(TestBaseRepository.java:17)
	at junit.framework.TestCase.runBare(TestCase.java:128)
	at junit.framework.TestResult$1.protect(TestResult.java:106)
	at junit.framework.TestResult.runProtected(TestResult.java:124)
	at junit.framework.TestResult.run(TestResult.java:109)
	at junit.framework.TestCase.run(TestCase.java:120)
	at junit.framework.TestSuite.runTest(TestSuite.java:230)
	at junit.framework.TestSuite.run(TestSuite.java:225)
	at junit.framework.TestSuite.runTest(TestSuite.java:230)
	at junit.framework.TestSuite.run(TestSuite.java:225)
	at junit.framework.TestSuite.runTest(TestSuite.java:230)
	at junit.framework.TestSuite.run(TestSuite.java:225)
	at junit.framework.TestSuite.runTest(TestSuite.java:230)
	at junit.framework.TestSuite.run(TestSuite.java:225)
	at org.apache.tools.ant.taskdefs.optional.junit.JUnitTestRunner.run(JUnitTestRunner.java:421)
	at org.apache.tools.ant.taskdefs.optional.junit.JUnitTestRunner.launch(JUnitTestRunner.java:912)
	at org.apache.tools.ant.taskdefs.optional.junit.JUnitTestRunner.main(JUnitTestRunner.java:766)
2011. 11. 17 오전 9:33:38 com.mongodb.DBPortPool gotError
경고: emptying DBPortPool to 61.250.201.78:27017 b/c of error
java.io.IOException: couldn't connect to [/61.250.201.78:27017] bc:java.net.ConnectException: Connection timed out: connect
	at com.mongodb.DBPort._open(DBPort.java:224)
	at com.mongodb.DBPort.go(DBPort.java:101)
	at com.mongodb.DBPort.go(DBPort.java:82)
	at com.mongodb.DBPort.say(DBPort.java:77)
	at com.mongodb.DBTCPConnector.say(DBTCPConnector.java:146)
	at com.mongodb.DBTCPConnector.say(DBTCPConnector.java:132)
	at com.mongodb.DBApiLayer$MyCollection.insert(DBApiLayer.java:262)
	at com.mongodb.DBApiLayer$MyCollection.createIndex(DBApiLayer.java:354)
	at com.mongodb.DBCollection.ensureIndex(DBCollection.java:444)
	at com.mongodb.DBCollection.ensureIndex(DBCollection.java:392)
	at net.ion.radon.repository.Workspace.createWorkspace(Workspace.java:64)
	at net.ion.radon.repository.Workspace.load(Workspace.java:43)
	at net.ion.radon.repository.Repository.getWorkspace(Repository.java:28)
	at net.ion.radon.repository.LocalSession.getCurrentWorkspace(LocalSession.java:147)
	at net.ion.radon.repository.LocalSession.dropWorkspace(LocalSession.java:76)
	at net.ion.radon.repository.TestBaseRepository.setUp(TestBaseRepository.java:17)
	at junit.framework.TestCase.runBare(TestCase.java:128)
	at junit.framework.TestResult$1.protect(TestResult.java:106)
	at junit.framework.TestResult.runProtected(TestResult.java:124)
	at junit.framework.TestResult.run(TestResult.java:109)
	at junit.framework.TestCase.run(TestCase.java:120)
	at junit.framework.TestSuite.runTest(TestSuite.java:230)
	at junit.framework.TestSuite.run(TestSuite.java:225)
	at junit.framework.TestSuite.runTest(TestSuite.java:230)
	at junit.framework.TestSuite.run(TestSuite.java:225)
	at junit.framework.TestSuite.runTest(TestSuite.java:230)
	at junit.framework.TestSuite.run(TestSuite.java:225)
	at junit.framework.TestSuite.runTest(TestSuite.java:230)
	at junit.framework.TestSuite.run(TestSuite.java:225)
	at org.apache.tools.ant.taskdefs.optional.junit.JUnitTestRunner.run(JUnitTestRunner.java:421)
	at org.apache.tools.ant.taskdefs.optional.junit.JUnitTestRunner.launch(JUnitTestRunner.java:912)
	at org.apache.tools.ant.taskdefs.optional.junit.JUnitTestRunner.main(JUnitTestRunner.java:766)
2011. 11. 17 오전 9:33:59 com.mongodb.DBTCPConnector fetchMaxBsonObjectSize
경고: Exception determining maxBSON size using0
java.io.IOException: couldn't connect to [/61.250.201.78:27017] bc:java.net.ConnectException: Connection timed out: connect
	at com.mongodb.DBPort._open(DBPort.java:224)
	at com.mongodb.DBPort.go(DBPort.java:101)
	at com.mongodb.DBPort.go(DBPort.java:82)
	at com.mongodb.DBPort.findOne(DBPort.java:142)
	at com.mongodb.DBPort.runCommand(DBPort.java:151)
	at com.mongodb.DBTCPConnector.fetchMaxBsonObjectSize(DBTCPConnector.java:429)
	at com.mongodb.Mongo.getMaxBsonObjectSize(Mongo.java:544)
	at com.mongodb.DBApiLayer$MyCollection.insert(DBApiLayer.java:244)
	at com.mongodb.DBApiLayer$MyCollection.createIndex(DBApiLayer.java:354)
	at com.mongodb.DBCollection.ensureIndex(DBCollection.java:444)
	at com.mongodb.DBCollection.ensureIndex(DBCollection.java:392)
	at net.ion.radon.repository.Workspace.createWorkspace(Workspace.java:64)
	at net.ion.radon.repository.Workspace.load(Workspace.java:43)
	at net.ion.radon.repository.Repository.getWorkspace(Repository.java:28)
	at net.ion.radon.repository.LocalSession.getCurrentWorkspace(LocalSession.java:147)
	at net.ion.radon.repository.LocalSession.dropWorkspace(LocalSession.java:76)
	at net.ion.radon.repository.TestBaseRepository.setUp(TestBaseRepository.java:17)
	at junit.framework.TestCase.runBare(TestCase.java:128)
	at junit.framework.TestResult$1.protect(TestResult.java:106)
	at junit.framework.TestResult.runProtected(TestResult.java:124)
	at junit.framework.TestResult.run(TestResult.java:109)
	at junit.framework.TestCase.run(TestCase.java:120)
	at junit.framework.TestSuite.runTest(TestSuite.java:230)
	at junit.framework.TestSuite.run(TestSuite.java:225)
	at junit.framework.TestSuite.runTest(TestSuite.java:230)
	at junit.framework.TestSuite.run(TestSuite.java:225)
	at junit.framework.TestSuite.runTest(TestSuite.java:230)
	at junit.framework.TestSuite.run(TestSuite.java:225)
	at junit.framework.TestSuite.runTest(TestSuite.java:230)
	at junit.framework.TestSuite.run(TestSuite.java:225)
	at org.apache.tools.ant.taskdefs.optional.junit.JUnitTestRunner.run(JUnitTestRunner.java:421)
	at org.apache.tools.ant.taskdefs.optional.junit.JUnitTestRunner.launch(JUnitTestRunner.java:912)
	at org.apache.tools.ant.taskdefs.optional.junit.JUnitTestRunner.main(JUnitTestRunner.java:766)
2011. 11. 17 오전 9:34:20 com.mongodb.DBTCPConnector fetchMaxBsonObjectSize
경고: Exception determining maxBSON size using0
java.io.IOException: couldn't connect to [/61.250.201.78:27017] bc:java.net.ConnectException: Connection timed out: connect
	at com.mongodb.DBPort._open(DBPort.java:224)
	at com.mongodb.DBPort.go(DBPort.java:101)
	at com.mongodb.DBPort.go(DBPort.java:82)
	at com.mongodb.DBPort.findOne(DBPort.java:142)
	at com.mongodb.DBPort.runCommand(DBPort.java:151)
	at com.mongodb.DBTCPConnector.fetchMaxBsonObjectSize(DBTCPConnector.java:429)
	at com.mongodb.DBTCPConnector.checkMaster(DBTCPConnector.java:416)
	at com.mongodb.DBTCPConnector.say(DBTCPConnector.java:139)
	at com.mongodb.DBTCPConnector.say(DBTCPConnector.java:132)
	at com.mongodb.DBApiLayer$MyCollection.insert(DBApiLayer.java:262)
	at com.mongodb.DBApiLayer$MyCollection.createIndex(DBApiLayer.java:354)
	at com.mongodb.DBCollection.ensureIndex(DBCollection.java:444)
	at com.mongodb.DBCollection.ensureIndex(DBCollection.java:392)
	at net.ion.radon.repository.Workspace.createWorkspace(Workspace.java:64)
	at net.ion.radon.repository.Workspace.load(Workspace.java:43)
	at net.ion.radon.repository.Repository.getWorkspace(Repository.java:28)
	at net.ion.radon.repository.LocalSession.getCurrentWorkspace(LocalSession.java:147)
	at net.ion.radon.repository.LocalSession.dropWorkspace(LocalSession.java:76)
	at net.ion.radon.repository.TestBaseRepository.setUp(TestBaseRepository.java:17)
	at junit.framework.TestCase.runBare(TestCase.java:128)
	at junit.framework.TestResult$1.protect(TestResult.java:106)
	at junit.framework.TestResult.runProtected(TestResult.java:124)
	at junit.framework.TestResult.run(TestResult.java:109)
	at junit.framework.TestCase.run(TestCase.java:120)
	at junit.framework.TestSuite.runTest(TestSuite.java:230)
	at junit.framework.TestSuite.run(TestSuite.java:225)
	at junit.framework.TestSuite.runTest(TestSuite.java:230)
	at junit.framework.TestSuite.run(TestSuite.java:225)
	at junit.framework.TestSuite.runTest(TestSuite.java:230)
	at junit.framework.TestSuite.run(TestSuite.java:225)
	at junit.framework.TestSuite.runTest(TestSuite.java:230)
	at junit.framework.TestSuite.run(TestSuite.java:225)
	at org.apache.tools.ant.taskdefs.optional.junit.JUnitTestRunner.run(JUnitTestRunner.java:421)
	at org.apache.tools.ant.taskdefs.optional.junit.JUnitTestRunner.launch(JUnitTestRunner.java:912)
	at org.apache.tools.ant.taskdefs.optional.junit.JUnitTestRunner.main(JUnitTestRunner.java:766)
2011. 11. 17 오전 9:34:41 com.mongodb.DBPortPool gotError
경고: emptying DBPortPool to 61.250.201.78:27017 b/c of error
java.io.IOException: couldn't connect to [/61.250.201.78:27017] bc:java.net.ConnectException: Connection timed out: connect
	at com.mongodb.DBPort._open(DBPort.java:224)
	at com.mongodb.DBPort.go(DBPort.java:101)
	at com.mongodb.DBPort.go(DBPort.java:82)
	at com.mongodb.DBPort.say(DBPort.java:77)
	at com.mongodb.DBTCPConnector.say(DBTCPConnector.java:146)
	at com.mongodb.DBTCPConnector.say(DBTCPConnector.java:132)
	at com.mongodb.DBApiLayer$MyCollection.insert(DBApiLayer.java:262)
	at com.mongodb.DBApiLayer$MyCollection.createIndex(DBApiLayer.java:354)
	at com.mongodb.DBCollection.ensureIndex(DBCollection.java:444)
	at com.mongodb.DBCollection.ensureIndex(DBCollection.java:392)
	at net.ion.radon.repository.Workspace.createWorkspace(Workspace.java:64)
	at net.ion.radon.repository.Workspace.load(Workspace.java:43)
	at net.ion.radon.repository.Repository.getWorkspace(Repository.java:28)
	at net.ion.radon.repository.LocalSession.getCurrentWorkspace(LocalSession.java:147)
	at net.ion.radon.repository.LocalSession.dropWorkspace(LocalSession.java:76)
	at net.ion.radon.repository.TestBaseRepository.setUp(TestBaseRepository.java:17)
	at junit.framework.TestCase.runBare(TestCase.java:128)
	at junit.framework.TestResult$1.protect(TestResult.java:106)
	at junit.framework.TestResult.runProtected(TestResult.java:124)
	at junit.framework.TestResult.run(TestResult.java:109)
	at junit.framework.TestCase.run(TestCase.java:120)
	at junit.framework.TestSuite.runTest(TestSuite.java:230)
	at junit.framework.TestSuite.run(TestSuite.java:225)
	at junit.framework.TestSuite.runTest(TestSuite.java:230)
	at junit.framework.TestSuite.run(TestSuite.java:225)
	at junit.framework.TestSuite.runTest(TestSuite.java:230)
	at junit.framework.TestSuite.run(TestSuite.java:225)
	at junit.framework.TestSuite.runTest(TestSuite.java:230)
	at junit.framework.TestSuite.run(TestSuite.java:225)
	at org.apache.tools.ant.taskdefs.optional.junit.JUnitTestRunner.run(JUnitTestRunner.java:421)
	at org.apache.tools.ant.taskdefs.optional.junit.JUnitTestRunner.launch(JUnitTestRunner.java:912)
	at org.apache.tools.ant.taskdefs.optional.junit.JUnitTestRunner.main(JUnitTestRunner.java:766)
2011. 11. 17 오전 9:35:02 com.mongodb.DBTCPConnector fetchMaxBsonObjectSize
경고: Exception determining maxBSON size using0
java.io.IOException: couldn't connect to [/61.250.201.78:27017] bc:java.net.ConnectException: Connection timed out: connect
	at com.mongodb.DBPort._open(DBPort.java:224)
	at com.mongodb.DBPort.go(DBPort.java:101)
	at com.mongodb.DBPort.go(DBPort.java:82)
	at com.mongodb.DBPort.findOne(DBPort.java:142)
	at com.mongodb.DBPort.runCommand(DBPort.java:151)
	at com.mongodb.DBTCPConnector.fetchMaxBsonObjectSize(DBTCPConnector.java:429)
	at com.mongodb.Mongo.getMaxBsonObjectSize(Mongo.java:544)
	at com.mongodb.DBApiLayer$MyCollection.insert(DBApiLayer.java:244)
	at com.mongodb.DBApiLayer$MyCollection.createIndex(DBApiLayer.java:354)
	at com.mongodb.DBCollection.ensureIndex(DBCollection.java:444)
	at com.mongodb.DBCollection.ensureIndex(DBCollection.java:392)
	at net.ion.radon.repository.Workspace.createWorkspace(Workspace.java:64)
	at net.ion.radon.repository.Workspace.load(Workspace.java:43)
	at net.ion.radon.repository.Repository.getWorkspace(Repository.java:28)
	at net.ion.radon.repository.LocalSession.getCurrentWorkspace(LocalSession.java:147)
	at net.ion.radon.repository.LocalSession.dropWorkspace(LocalSession.java:76)
	at net.ion.radon.repository.TestBaseRepository.setUp(TestBaseRepository.java:17)
	at junit.framework.TestCase.runBare(TestCase.java:128)
	at junit.framework.TestResult$1.protect(TestResult.java:106)
	at junit.framework.TestResult.runProtected(TestResult.java:124)
	at junit.framework.TestResult.run(TestResult.java:109)
	at junit.framework.TestCase.run(TestCase.java:120)
	at junit.framework.TestSuite.runTest(TestSuite.java:230)
	at junit.framework.TestSuite.run(TestSuite.java:225)
	at junit.framework.TestSuite.runTest(TestSuite.java:230)
	at junit.framework.TestSuite.run(TestSuite.java:225)
	at junit.framework.TestSuite.runTest(TestSuite.java:230)
	at junit.framework.TestSuite.run(TestSuite.java:225)
	at junit.framework.TestSuite.runTest(TestSuite.java:230)
	at junit.framework.TestSuite.run(TestSuite.java:225)
	at org.apache.tools.ant.taskdefs.optional.junit.JUnitTestRunner.run(JUnitTestRunner.java:421)
	at org.apache.tools.ant.taskdefs.optional.junit.JUnitTestRunner.launch(JUnitTestRunner.java:912)
	at org.apache.tools.ant.taskdefs.optional.junit.JUnitTestRunner.main(JUnitTestRunner.java:766)
2011. 11. 17 오전 9:35:23 com.mongodb.DBTCPConnector fetchMaxBsonObjectSize
경고: Exception determining maxBSON size using0
java.io.IOException: couldn't connect to [/61.250.201.78:27017] bc:java.net.ConnectException: Connection timed out: connect
	at com.mongodb.DBPort._open(DBPort.java:224)
	at com.mongodb.DBPort.go(DBPort.java:101)
	at com.mongodb.DBPort.go(DBPort.java:82)
	at com.mongodb.DBPort.findOne(DBPort.java:142)
	at com.mongodb.DBPort.runCommand(DBPort.java:151)
	at com.mongodb.DBTCPConnector.fetchMaxBsonObjectSize(DBTCPConnector.java:429)
	at com.mongodb.DBTCPConnector.checkMaster(DBTCPConnector.java:416)
	at com.mongodb.DBTCPConnector.say(DBTCPConnector.java:139)
	at com.mongodb.DBTCPConnector.say(DBTCPConnector.java:132)
	at com.mongodb.DBApiLayer$MyCollection.insert(DBApiLayer.java:262)
	at com.mongodb.DBApiLayer$MyCollection.createIndex(DBApiLayer.java:354)
	at com.mongodb.DBCollection.ensureIndex(DBCollection.java:444)
	at com.mongodb.DBCollection.ensureIndex(DBCollection.java:392)
	at net.ion.radon.repository.Workspace.createWorkspace(Workspace.java:64)
	at net.ion.radon.repository.Workspace.load(Workspace.java:43)
	at net.ion.radon.repository.Repository.getWorkspace(Repository.java:28)
	at net.ion.radon.repository.LocalSession.getCurrentWorkspace(LocalSession.java:147)
	at net.ion.radon.repository.LocalSession.dropWorkspace(LocalSession.java:76)
	at net.ion.radon.repository.TestBaseRepository.setUp(TestBaseRepository.java:17)
	at junit.framework.TestCase.runBare(TestCase.java:128)
	at junit.framework.TestResult$1.protect(TestResult.java:106)
	at junit.framework.TestResult.runProtected(TestResult.java:124)
	at junit.framework.TestResult.run(TestResult.java:109)
	at junit.framework.TestCase.run(TestCase.java:120)
	at junit.framework.TestSuite.runTest(TestSuite.java:230)
	at junit.framework.TestSuite.run(TestSuite.java:225)
	at junit.framework.TestSuite.runTest(TestSuite.java:230)
	at junit.framework.TestSuite.run(TestSuite.java:225)
	at junit.framework.TestSuite.runTest(TestSuite.java:230)
	at junit.framework.TestSuite.run(TestSuite.java:225)
	at junit.framework.TestSuite.runTest(TestSuite.java:230)
	at junit.framework.TestSuite.run(TestSuite.java:225)
	at org.apache.tools.ant.taskdefs.optional.junit.JUnitTestRunner.run(JUnitTestRunner.java:421)
	at org.apache.tools.ant.taskdefs.optional.junit.JUnitTestRunner.launch(JUnitTestRunner.java:912)
	at org.apache.tools.ant.taskdefs.optional.junit.JUnitTestRunner.main(JUnitTestRunner.java:766)
2011. 11. 17 오전 9:35:44 com.mongodb.DBPortPool gotError
경고: emptying DBPortPool to 61.250.201.78:27017 b/c of error
java.io.IOException: couldn't connect to [/61.250.201.78:27017] bc:java.net.ConnectException: Connection timed out: connect
	at com.mongodb.DBPort._open(DBPort.java:224)
	at com.mongodb.DBPort.go(DBPort.java:101)
	at com.mongodb.DBPort.go(DBPort.java:82)
	at com.mongodb.DBPort.say(DBPort.java:77)
	at com.mongodb.DBTCPConnector.say(DBTCPConnector.java:146)
	at com.mongodb.DBTCPConnector.say(DBTCPConnector.java:132)
	at com.mongodb.DBApiLayer$MyCollection.insert(DBApiLayer.java:262)
	at com.mongodb.DBApiLayer$MyCollection.createIndex(DBApiLayer.java:354)
	at com.mongodb.DBCollection.ensureIndex(DBCollection.java:444)
	at com.mongodb.DBCollection.ensureIndex(DBCollection.java:392)
	at net.ion.radon.repository.Workspace.createWorkspace(Workspace.java:64)
	at net.ion.radon.repository.Workspace.load(Workspace.java:43)
	at net.ion.radon.repository.Repository.getWorkspace(Repository.java:28)
	at net.ion.radon.repository.LocalSession.getCurrentWorkspace(LocalSession.java:147)
	at net.ion.radon.repository.LocalSession.dropWorkspace(LocalSession.java:76)
	at net.ion.radon.repository.TestBaseRepository.setUp(TestBaseRepository.java:17)
	at junit.framework.TestCase.runBare(TestCase.java:128)
	at junit.framework.TestResult$1.protect(TestResult.java:106)
	at junit.framework.TestResult.runProtected(TestResult.java:124)
	at junit.framework.TestResult.run(TestResult.java:109)
	at junit.framework.TestCase.run(TestCase.java:120)
	at junit.framework.TestSuite.runTest(TestSuite.java:230)
	at junit.framework.TestSuite.run(TestSuite.java:225)
	at junit.framework.TestSuite.runTest(TestSuite.java:230)
	at junit.framework.TestSuite.run(TestSuite.java:225)
	at junit.framework.TestSuite.runTest(TestSuite.java:230)
	at junit.framework.TestSuite.run(TestSuite.java:225)
	at junit.framework.TestSuite.runTest(TestSuite.java:230)
	at junit.framework.TestSuite.run(TestSuite.java:225)
	at org.apache.tools.ant.taskdefs.optional.junit.JUnitTestRunner.run(JUnitTestRunner.java:421)
	at org.apache.tools.ant.taskdefs.optional.junit.JUnitTestRunner.launch(JUnitTestRunner.java:912)
	at org.apache.tools.ant.taskdefs.optional.junit.JUnitTestRunner.main(JUnitTestRunner.java:766)
2011. 11. 17 오전 9:36:05 com.mongodb.DBTCPConnector fetchMaxBsonObjectSize
경고: Exception determining maxBSON size using0
java.io.IOException: couldn't connect to [/61.250.201.78:27017] bc:java.net.ConnectException: Connection timed out: connect
	at com.mongodb.DBPort._open(DBPort.java:224)
	at com.mongodb.DBPort.go(DBPort.java:101)
	at com.mongodb.DBPort.go(DBPort.java:82)
	at com.mongodb.DBPort.findOne(DBPort.java:142)
	at com.mongodb.DBPort.runCommand(DBPort.java:151)
	at com.mongodb.DBTCPConnector.fetchMaxBsonObjectSize(DBTCPConnector.java:429)
	at com.mongodb.Mongo.getMaxBsonObjectSize(Mongo.java:544)
	at com.mongodb.DBApiLayer$MyCollection.insert(DBApiLayer.java:244)
	at com.mongodb.DBApiLayer$MyCollection.createIndex(DBApiLayer.java:354)
	at com.mongodb.DBCollection.ensureIndex(DBCollection.java:444)
	at com.mongodb.DBCollection.ensureIndex(DBCollection.java:392)
	at net.ion.radon.repository.Workspace.createWorkspace(Workspace.java:64)
	at net.ion.radon.repository.Workspace.load(Workspace.java:43)
	at net.ion.radon.repository.Repository.getWorkspace(Repository.java:28)
	at net.ion.radon.repository.LocalSession.getCurrentWorkspace(LocalSession.java:147)
	at net.ion.radon.repository.LocalSession.dropWorkspace(LocalSession.java:76)
	at net.ion.radon.repository.TestBaseRepository.setUp(TestBaseRepository.java:17)
	at junit.framework.TestCase.runBare(TestCase.java:128)
	at junit.framework.TestResult$1.protect(TestResult.java:106)
	at junit.framework.TestResult.runProtected(TestResult.java:124)
	at junit.framework.TestResult.run(TestResult.java:109)
	at junit.framework.TestCase.run(TestCase.java:120)
	at junit.framework.TestSuite.runTest(TestSuite.java:230)
	at junit.framework.TestSuite.run(TestSuite.java:225)
	at junit.framework.TestSuite.runTest(TestSuite.java:230)
	at junit.framework.TestSuite.run(TestSuite.java:225)
	at junit.framework.TestSuite.runTest(TestSuite.java:230)
	at junit.framework.TestSuite.run(TestSuite.java:225)
	at junit.framework.TestSuite.runTest(TestSuite.java:230)
	at junit.framework.TestSuite.run(TestSuite.java:225)
	at org.apache.tools.ant.taskdefs.optional.junit.JUnitTestRunner.run(JUnitTestRunner.java:421)
	at org.apache.tools.ant.taskdefs.optional.junit.JUnitTestRunner.launch(JUnitTestRunner.java:912)
	at org.apache.tools.ant.taskdefs.optional.junit.JUnitTestRunner.main(JUnitTestRunner.java:766)
2011. 11. 17 오전 9:36:26 com.mongodb.DBTCPConnector fetchMaxBsonObjectSize
경고: Exception determining maxBSON size using0
java.io.IOException: couldn't connect to [/61.250.201.78:27017] bc:java.net.ConnectException: Connection timed out: connect
	at com.mongodb.DBPort._open(DBPort.java:224)
	at com.mongodb.DBPort.go(DBPort.java:101)
	at com.mongodb.DBPort.go(DBPort.java:82)
	at com.mongodb.DBPort.findOne(DBPort.java:142)
	at com.mongodb.DBPort.runCommand(DBPort.java:151)
	at com.mongodb.DBTCPConnector.fetchMaxBsonObjectSize(DBTCPConnector.java:429)
	at com.mongodb.DBTCPConnector.checkMaster(DBTCPConnector.java:416)
	at com.mongodb.DBTCPConnector.say(DBTCPConnector.java:139)
	at com.mongodb.DBTCPConnector.say(DBTCPConnector.java:132)
	at com.mongodb.DBApiLayer$MyCollection.insert(DBApiLayer.java:262)
	at com.mongodb.DBApiLayer$MyCollection.createIndex(DBApiLayer.java:354)
	at com.mongodb.DBCollection.ensureIndex(DBCollection.java:444)
	at com.mongodb.DBCollection.ensureIndex(DBCollection.java:392)
	at net.ion.radon.repository.Workspace.createWorkspace(Workspace.java:64)
	at net.ion.radon.repository.Workspace.load(Workspace.java:43)
	at net.ion.radon.repository.Repository.getWorkspace(Repository.java:28)
	at net.ion.radon.repository.LocalSession.getCurrentWorkspace(LocalSession.java:147)
	at net.ion.radon.repository.LocalSession.dropWorkspace(LocalSession.java:76)
	at net.ion.radon.repository.TestBaseRepository.setUp(TestBaseRepository.java:17)
	at junit.framework.TestCase.runBare(TestCase.java:128)
	at junit.framework.TestResult$1.protect(TestResult.java:106)
	at junit.framework.TestResult.runProtected(TestResult.java:124)
	at junit.framework.TestResult.run(TestResult.java:109)
	at junit.framework.TestCase.run(TestCase.java:120)
	at junit.framework.TestSuite.runTest(TestSuite.java:230)
	at junit.framework.TestSuite.run(TestSuite.java:225)
	at junit.framework.TestSuite.runTest(TestSuite.java:230)
	at junit.framework.TestSuite.run(TestSuite.java:225)
	at junit.framework.TestSuite.runTest(TestSuite.java:230)
	at junit.framework.TestSuite.run(TestSuite.java:225)
	at junit.framework.TestSuite.runTest(TestSuite.java:230)
	at junit.framework.TestSuite.run(TestSuite.java:225)
	at org.apache.tools.ant.taskdefs.optional.junit.JUnitTestRunner.run(JUnitTestRunner.java:421)
	at org.apache.tools.ant.taskdefs.optional.junit.JUnitTestRunner.launch(JUnitTestRunner.java:912)
	at org.apache.tools.ant.taskdefs.optional.junit.JUnitTestRunner.main(JUnitTestRunner.java:766)
2011. 11. 17 오전 9:36:47 com.mongodb.DBPortPool gotError
경고: emptying DBPortPool to 61.250.201.78:27017 b/c of error
java.io.IOException: couldn't connect to [/61.250.201.78:27017] bc:java.net.ConnectException: Connection timed out: connect
	at com.mongodb.DBPort._open(DBPort.java:224)
	at com.mongodb.DBPort.go(DBPort.java:101)
	at com.mongodb.DBPort.go(DBPort.java:82)
	at com.mongodb.DBPort.say(DBPort.java:77)
	at com.mongodb.DBTCPConnector.say(DBTCPConnector.java:146)
	at com.mongodb.DBTCPConnector.say(DBTCPConnector.java:132)
	at com.mongodb.DBApiLayer$MyCollection.insert(DBApiLayer.java:262)
	at com.mongodb.DBApiLayer$MyCollection.createIndex(DBApiLayer.java:354)
	at com.mongodb.DBCollection.ensureIndex(DBCollection.java:444)
	at com.mongodb.DBCollection.ensureIndex(DBCollection.java:392)
	at net.ion.radon.repository.Workspace.createWorkspace(Workspace.java:64)
	at net.ion.radon.repository.Workspace.load(Workspace.java:43)
	at net.ion.radon.repository.Repository.getWorkspace(Repository.java:28)
	at net.ion.radon.repository.LocalSession.getCurrentWorkspace(LocalSession.java:147)
	at net.ion.radon.repository.LocalSession.dropWorkspace(LocalSession.java:76)
	at net.ion.radon.repository.TestBaseRepository.setUp(TestBaseRepository.java:17)
	at junit.framework.TestCase.runBare(TestCase.java:128)
	at junit.framework.TestResult$1.protect(TestResult.java:106)
	at junit.framework.TestResult.runProtected(TestResult.java:124)
	at junit.framework.TestResult.run(TestResult.java:109)
	at junit.framework.TestCase.run(TestCase.java:120)
	at junit.framework.TestSuite.runTest(TestSuite.java:230)
	at junit.framework.TestSuite.run(TestSuite.java:225)
	at junit.framework.TestSuite.runTest(TestSuite.java:230)
	at junit.framework.TestSuite.run(TestSuite.java:225)
	at junit.framework.TestSuite.runTest(TestSuite.java:230)
	at junit.framework.TestSuite.run(TestSuite.java:225)
	at junit.framework.TestSuite.runTest(TestSuite.java:230)
	at junit.framework.TestSuite.run(TestSuite.java:225)
	at org.apache.tools.ant.taskdefs.optional.junit.JUnitTestRunner.run(JUnitTestRunner.java:421)
	at org.apache.tools.ant.taskdefs.optional.junit.JUnitTestRunner.launch(JUnitTestRunner.java:912)
	at org.apache.tools.ant.taskdefs.optional.junit.JUnitTestRunner.main(JUnitTestRunner.java:766)
2011. 11. 17 오전 9:37:08 com.mongodb.DBTCPConnector fetchMaxBsonObjectSize
경고: Exception determining maxBSON size using0
java.io.IOException: couldn't connect to [/61.250.201.78:27017] bc:java.net.ConnectException: Connection timed out: connect
	at com.mongodb.DBPort._open(DBPort.java:224)
	at com.mongodb.DBPort.go(DBPort.java:101)
	at com.mongodb.DBPort.go(DBPort.java:82)
	at com.mongodb.DBPort.findOne(DBPort.java:142)
	at com.mongodb.DBPort.runCommand(DBPort.java:151)
	at com.mongodb.DBTCPConnector.fetchMaxBsonObjectSize(DBTCPConnector.java:429)
	at com.mongodb.Mongo.getMaxBsonObjectSize(Mongo.java:544)
	at com.mongodb.DBApiLayer$MyCollection.insert(DBApiLayer.java:244)
	at com.mongodb.DBApiLayer$MyCollection.createIndex(DBApiLayer.java:354)
	at com.mongodb.DBCollection.ensureIndex(DBCollection.java:444)
	at com.mongodb.DBCollection.ensureIndex(DBCollection.java:392)
	at net.ion.radon.repository.Workspace.createWorkspace(Workspace.java:64)
	at net.ion.radon.repository.Workspace.load(Workspace.java:43)
	at net.ion.radon.repository.Repository.getWorkspace(Repository.java:28)
	at net.ion.radon.repository.LocalSession.getCurrentWorkspace(LocalSession.java:147)
	at net.ion.radon.repository.LocalSession.dropWorkspace(LocalSession.java:76)
	at net.ion.radon.repository.TestBaseRepository.setUp(TestBaseRepository.java:17)
	at junit.framework.TestCase.runBare(TestCase.java:128)
	at junit.framework.TestResult$1.protect(TestResult.java:106)
	at junit.framework.TestResult.runProtected(TestResult.java:124)
	at junit.framework.TestResult.run(TestResult.java:109)
	at junit.framework.TestCase.run(TestCase.java:120)
	at junit.framework.TestSuite.runTest(TestSuite.java:230)
	at junit.framework.TestSuite.run(TestSuite.java:225)
	at junit.framework.TestSuite.runTest(TestSuite.java:230)
	at junit.framework.TestSuite.run(TestSuite.java:225)
	at junit.framework.TestSuite.runTest(TestSuite.java:230)
	at junit.framework.TestSuite.run(TestSuite.java:225)
	at junit.framework.TestSuite.runTest(TestSuite.java:230)
	at junit.framework.TestSuite.run(TestSuite.java:225)
	at org.apache.tools.ant.taskdefs.optional.junit.JUnitTestRunner.run(JUnitTestRunner.java:421)
	at org.apache.tools.ant.taskdefs.optional.junit.JUnitTestRunner.launch(JUnitTestRunner.java:912)
	at org.apache.tools.ant.taskdefs.optional.junit.JUnitTestRunner.main(JUnitTestRunner.java:766)
2011. 11. 17 오전 9:37:29 com.mongodb.DBTCPConnector fetchMaxBsonObjectSize
경고: Exception determining maxBSON size using0
java.io.IOException: couldn't connect to [/61.250.201.78:27017] bc:java.net.ConnectException: Connection timed out: connect
	at com.mongodb.DBPort._open(DBPort.java:224)
	at com.mongodb.DBPort.go(DBPort.java:101)
	at com.mongodb.DBPort.go(DBPort.java:82)
	at com.mongodb.DBPort.findOne(DBPort.java:142)
	at com.mongodb.DBPort.runCommand(DBPort.java:151)
	at com.mongodb.DBTCPConnector.fetchMaxBsonObjectSize(DBTCPConnector.java:429)
	at com.mongodb.DBTCPConnector.checkMaster(DBTCPConnector.java:416)
	at com.mongodb.DBTCPConnector.say(DBTCPConnector.java:139)
	at com.mongodb.DBTCPConnector.say(DBTCPConnector.java:132)
	at com.mongodb.DBApiLayer$MyCollection.insert(DBApiLayer.java:262)
	at com.mongodb.DBApiLayer$MyCollection.createIndex(DBApiLayer.java:354)
	at com.mongodb.DBCollection.ensureIndex(DBCollection.java:444)
	at com.mongodb.DBCollection.ensureIndex(DBCollection.java:392)
	at net.ion.radon.repository.Workspace.createWorkspace(Workspace.java:64)
	at net.ion.radon.repository.Workspace.load(Workspace.java:43)
	at net.ion.radon.repository.Repository.getWorkspace(Repository.java:28)
	at net.ion.radon.repository.LocalSession.getCurrentWorkspace(LocalSession.java:147)
	at net.ion.radon.repository.LocalSession.dropWorkspace(LocalSession.java:76)
	at net.ion.radon.repository.TestBaseRepository.setUp(TestBaseRepository.java:17)
	at junit.framework.TestCase.runBare(TestCase.java:128)
	at junit.framework.TestResult$1.protect(TestResult.java:106)
	at junit.framework.TestResult.runProtected(TestResult.java:124)
	at junit.framework.TestResult.run(TestResult.java:109)
	at junit.framework.TestCase.run(TestCase.java:120)
	at junit.framework.TestSuite.runTest(TestSuite.java:230)
	at junit.framework.TestSuite.run(TestSuite.java:225)
	at junit.framework.TestSuite.runTest(TestSuite.java:230)
	at junit.framework.TestSuite.run(TestSuite.java:225)
	at junit.framework.TestSuite.runTest(TestSuite.java:230)
	at junit.framework.TestSuite.run(TestSuite.java:225)
	at junit.framework.TestSuite.runTest(TestSuite.java:230)
	at junit.framework.TestSuite.run(TestSuite.java:225)
	at org.apache.tools.ant.taskdefs.optional.junit.JUnitTestRunner.run(JUnitTestRunner.java:421)
	at org.apache.tools.ant.taskdefs.optional.junit.JUnitTestRunner.launch(JUnitTestRunner.java:912)
	at org.apache.tools.ant.taskdefs.optional.junit.JUnitTestRunner.main(JUnitTestRunner.java:766)
2011. 11. 17 오전 9:37:50 com.mongodb.DBPortPool gotError
경고: emptying DBPortPool to 61.250.201.78:27017 b/c of error
java.io.IOException: couldn't connect to [/61.250.201.78:27017] bc:java.net.ConnectException: Connection timed out: connect
	at com.mongodb.DBPort._open(DBPort.java:224)
	at com.mongodb.DBPort.go(DBPort.java:101)
	at com.mongodb.DBPort.go(DBPort.java:82)
	at com.mongodb.DBPort.say(DBPort.java:77)
	at com.mongodb.DBTCPConnector.say(DBTCPConnector.java:146)
	at com.mongodb.DBTCPConnector.say(DBTCPConnector.java:132)
	at com.mongodb.DBApiLayer$MyCollection.insert(DBApiLayer.java:262)
	at com.mongodb.DBApiLayer$MyCollection.createIndex(DBApiLayer.java:354)
	at com.mongodb.DBCollection.ensureIndex(DBCollection.java:444)
	at com.mongodb.DBCollection.ensureIndex(DBCollection.java:392)
	at net.ion.radon.repository.Workspace.createWorkspace(Workspace.java:64)
	at net.ion.radon.repository.Workspace.load(Workspace.java:43)
	at net.ion.radon.repository.Repository.getWorkspace(Repository.java:28)
	at net.ion.radon.repository.LocalSession.getCurrentWorkspace(LocalSession.java:147)
	at net.ion.radon.repository.LocalSession.dropWorkspace(LocalSession.java:76)
	at net.ion.radon.repository.TestBaseRepository.setUp(TestBaseRepository.java:17)
	at junit.framework.TestCase.runBare(TestCase.java:128)
	at junit.framework.TestResult$1.protect(TestResult.java:106)
	at junit.framework.TestResult.runProtected(TestResult.java:124)
	at junit.framework.TestResult.run(TestResult.java:109)
	at junit.framework.TestCase.run(TestCase.java:120)
	at junit.framework.TestSuite.runTest(TestSuite.java:230)
	at junit.framework.TestSuite.run(TestSuite.java:225)
	at junit.framework.TestSuite.runTest(TestSuite.java:230)
	at junit.framework.TestSuite.run(TestSuite.java:225)
	at junit.framework.TestSuite.runTest(TestSuite.java:230)
	at junit.framework.TestSuite.run(TestSuite.java:225)
	at junit.framework.TestSuite.runTest(TestSuite.java:230)
	at junit.framework.TestSuite.run(TestSuite.java:225)
	at org.apache.tools.ant.taskdefs.optional.junit.JUnitTestRunner.run(JUnitTestRunner.java:421)
	at org.apache.tools.ant.taskdefs.optional.junit.JUnitTestRunner.launch(JUnitTestRunner.java:912)
	at org.apache.tools.ant.taskdefs.optional.junit.JUnitTestRunner.main(JUnitTestRunner.java:766)
2011. 11. 17 오전 9:38:11 com.mongodb.DBTCPConnector fetchMaxBsonObjectSize
경고: Exception determining maxBSON size using0
java.io.IOException: couldn't connect to [/61.250.201.78:27017] bc:java.net.ConnectException: Connection timed out: connect
	at com.mongodb.DBPort._open(DBPort.java:224)
	at com.mongodb.DBPort.go(DBPort.java:101)
	at com.mongodb.DBPort.go(DBPort.java:82)
	at com.mongodb.DBPort.findOne(DBPort.java:142)
	at com.mongodb.DBPort.runCommand(DBPort.java:151)
	at com.mongodb.DBTCPConnector.fetchMaxBsonObjectSize(DBTCPConnector.java:429)
	at com.mongodb.Mongo.getMaxBsonObjectSize(Mongo.java:544)
	at com.mongodb.DBApiLayer$MyCollection.insert(DBApiLayer.java:244)
	at com.mongodb.DBApiLayer$MyCollection.createIndex(DBApiLayer.java:354)
	at com.mongodb.DBCollection.ensureIndex(DBCollection.java:444)
	at com.mongodb.DBCollection.ensureIndex(DBCollection.java:392)
	at net.ion.radon.repository.Workspace.createWorkspace(Workspace.java:64)
	at net.ion.radon.repository.Workspace.load(Workspace.java:43)
	at net.ion.radon.repository.Repository.getWorkspace(Repository.java:28)
	at net.ion.radon.repository.LocalSession.getCurrentWorkspace(LocalSession.java:147)
	at net.ion.radon.repository.LocalSession.dropWorkspace(LocalSession.java:76)
	at net.ion.radon.repository.TestBaseRepository.setUp(TestBaseRepository.java:17)
	at junit.framework.TestCase.runBare(TestCase.java:128)
	at junit.framework.TestResult$1.protect(TestResult.java:106)
	at junit.framework.TestResult.runProtected(TestResult.java:124)
	at junit.framework.TestResult.run(TestResult.java:109)
	at junit.framework.TestCase.run(TestCase.java:120)
	at junit.framework.TestSuite.runTest(TestSuite.java:230)
	at junit.framework.TestSuite.run(TestSuite.java:225)
	at junit.framework.TestSuite.runTest(TestSuite.java:230)
	at junit.framework.TestSuite.run(TestSuite.java:225)
	at junit.framework.TestSuite.runTest(TestSuite.java:230)
	at junit.framework.TestSuite.run(TestSuite.java:225)
	at junit.framework.TestSuite.runTest(TestSuite.java:230)
	at junit.framework.TestSuite.run(TestSuite.java:225)
	at org.apache.tools.ant.taskdefs.optional.junit.JUnitTestRunner.run(JUnitTestRunner.java:421)
	at org.apache.tools.ant.taskdefs.optional.junit.JUnitTestRunner.launch(JUnitTestRunner.java:912)
	at org.apache.tools.ant.taskdefs.optional.junit.JUnitTestRunner.main(JUnitTestRunner.java:766)
2011. 11. 17 오전 9:38:32 com.mongodb.DBTCPConnector fetchMaxBsonObjectSize
경고: Exception determining maxBSON size using0
java.io.IOException: couldn't connect to [/61.250.201.78:27017] bc:java.net.ConnectException: Connection timed out: connect
	at com.mongodb.DBPort._open(DBPort.java:224)
	at com.mongodb.DBPort.go(DBPort.java:101)
	at com.mongodb.DBPort.go(DBPort.java:82)
	at com.mongodb.DBPort.findOne(DBPort.java:142)
	at com.mongodb.DBPort.runCommand(DBPort.java:151)
	at com.mongodb.DBTCPConnector.fetchMaxBsonObjectSize(DBTCPConnector.java:429)
	at com.mongodb.DBTCPConnector.checkMaster(DBTCPConnector.java:416)
	at com.mongodb.DBTCPConnector.say(DBTCPConnector.java:139)
	at com.mongodb.DBTCPConnector.say(DBTCPConnector.java:132)
	at com.mongodb.DBApiLayer$MyCollection.insert(DBApiLayer.java:262)
	at com.mongodb.DBApiLayer$MyCollection.createIndex(DBApiLayer.java:354)
	at com.mongodb.DBCollection.ensureIndex(DBCollection.java:444)
	at com.mongodb.DBCollection.ensureIndex(DBCollection.java:392)
	at net.ion.radon.repository.Workspace.createWorkspace(Workspace.java:64)
	at net.ion.radon.repository.Workspace.load(Workspace.java:43)
	at net.ion.radon.repository.Repository.getWorkspace(Repository.java:28)
	at net.ion.radon.repository.LocalSession.getCurrentWorkspace(LocalSession.java:147)
	at net.ion.radon.repository.LocalSession.dropWorkspace(LocalSession.java:76)
	at net.ion.radon.repository.TestBaseRepository.setUp(TestBaseRepository.java:17)
	at junit.framework.TestCase.runBare(TestCase.java:128)
	at junit.framework.TestResult$1.protect(TestResult.java:106)
	at junit.framework.TestResult.runProtected(TestResult.java:124)
	at junit.framework.TestResult.run(TestResult.java:109)
	at junit.framework.TestCase.run(TestCase.java:120)
	at junit.framework.TestSuite.runTest(TestSuite.java:230)
	at junit.framework.TestSuite.run(TestSuite.java:225)
	at junit.framework.TestSuite.runTest(TestSuite.java:230)
	at junit.framework.TestSuite.run(TestSuite.java:225)
	at junit.framework.TestSuite.runTest(TestSuite.java:230)
	at junit.framework.TestSuite.run(TestSuite.java:225)
	at junit.framework.TestSuite.runTest(TestSuite.java:230)
	at junit.framework.TestSuite.run(TestSuite.java:225)
	at org.apache.tools.ant.taskdefs.optional.junit.JUnitTestRunner.run(JUnitTestRunner.java:421)
	at org.apache.tools.ant.taskdefs.optional.junit.JUnitTestRunner.launch(JUnitTestRunner.java:912)
	at org.apache.tools.ant.taskdefs.optional.junit.JUnitTestRunner.main(JUnitTestRunner.java:766)
2011. 11. 17 오전 9:38:53 com.mongodb.DBPortPool gotError
경고: emptying DBPortPool to 61.250.201.78:27017 b/c of error
java.io.IOException: couldn't connect to [/61.250.201.78:27017] bc:java.net.ConnectException: Connection timed out: connect
	at com.mongodb.DBPort._open(DBPort.java:224)
	at com.mongodb.DBPort.go(DBPort.java:101)
	at com.mongodb.DBPort.go(DBPort.java:82)
	at com.mongodb.DBPort.say(DBPort.java:77)
	at com.mongodb.DBTCPConnector.say(DBTCPConnector.java:146)
	at com.mongodb.DBTCPConnector.say(DBTCPConnector.java:132)
	at com.mongodb.DBApiLayer$MyCollection.insert(DBApiLayer.java:262)
	at com.mongodb.DBApiLayer$MyCollection.createIndex(DBApiLayer.java:354)
	at com.mongodb.DBCollection.ensureIndex(DBCollection.java:444)
	at com.mongodb.DBCollection.ensureIndex(DBCollection.java:392)
	at net.ion.radon.repository.Workspace.createWorkspace(Workspace.java:64)
	at net.ion.radon.repository.Workspace.load(Workspace.java:43)
	at net.ion.radon.repository.Repository.getWorkspace(Repository.java:28)
	at net.ion.radon.repository.LocalSession.getCurrentWorkspace(LocalSession.java:147)
	at net.ion.radon.repository.LocalSession.dropWorkspace(LocalSession.java:76)
	at net.ion.radon.repository.TestBaseRepository.setUp(TestBaseRepository.java:17)
	at junit.framework.TestCase.runBare(TestCase.java:128)
	at junit.framework.TestResult$1.protect(TestResult.java:106)
	at junit.framework.TestResult.runProtected(TestResult.java:124)
	at junit.framework.TestResult.run(TestResult.java:109)
	at junit.framework.TestCase.run(TestCase.java:120)
	at junit.framework.TestSuite.runTest(TestSuite.java:230)
	at junit.framework.TestSuite.run(TestSuite.java:225)
	at junit.framework.TestSuite.runTest(TestSuite.java:230)
	at junit.framework.TestSuite.run(TestSuite.java:225)
	at junit.framework.TestSuite.runTest(TestSuite.java:230)
	at junit.framework.TestSuite.run(TestSuite.java:225)
	at junit.framework.TestSuite.runTest(TestSuite.java:230)
	at junit.framework.TestSuite.run(TestSuite.java:225)
	at org.apache.tools.ant.taskdefs.optional.junit.JUnitTestRunner.run(JUnitTestRunner.java:421)
	at org.apache.tools.ant.taskdefs.optional.junit.JUnitTestRunner.launch(JUnitTestRunner.java:912)
	at org.apache.tools.ant.taskdefs.optional.junit.JUnitTestRunner.main(JUnitTestRunner.java:766)
2011. 11. 17 오전 9:39:14 com.mongodb.DBTCPConnector fetchMaxBsonObjectSize
경고: Exception determining maxBSON size using0
java.io.IOException: couldn't connect to [/61.250.201.78:27017] bc:java.net.ConnectException: Connection timed out: connect
	at com.mongodb.DBPort._open(DBPort.java:224)
	at com.mongodb.DBPort.go(DBPort.java:101)
	at com.mongodb.DBPort.go(DBPort.java:82)
	at com.mongodb.DBPort.findOne(DBPort.java:142)
	at com.mongodb.DBPort.runCommand(DBPort.java:151)
	at com.mongodb.DBTCPConnector.fetchMaxBsonObjectSize(DBTCPConnector.java:429)
	at com.mongodb.Mongo.getMaxBsonObjectSize(Mongo.java:544)
	at com.mongodb.DBApiLayer$MyCollection.insert(DBApiLayer.java:244)
	at com.mongodb.DBApiLayer$MyCollection.createIndex(DBApiLayer.java:354)
	at com.mongodb.DBCollection.ensureIndex(DBCollection.java:444)
	at com.mongodb.DBCollection.ensureIndex(DBCollection.java:392)
	at net.ion.radon.repository.Workspace.createWorkspace(Workspace.java:64)
	at net.ion.radon.repository.Workspace.load(Workspace.java:43)
	at net.ion.radon.repository.Repository.getWorkspace(Repository.java:28)
	at net.ion.radon.repository.LocalSession.getCurrentWorkspace(LocalSession.java:147)
	at net.ion.radon.repository.LocalSession.dropWorkspace(LocalSession.java:76)
	at net.ion.radon.repository.TestBaseRepository.setUp(TestBaseRepository.java:17)
	at junit.framework.TestCase.runBare(TestCase.java:128)
	at junit.framework.TestResult$1.protect(TestResult.java:106)
	at junit.framework.TestResult.runProtected(TestResult.java:124)
	at junit.framework.TestResult.run(TestResult.java:109)
	at junit.framework.TestCase.run(TestCase.java:120)
	at junit.framework.TestSuite.runTest(TestSuite.java:230)
	at junit.framework.TestSuite.run(TestSuite.java:225)
	at junit.framework.TestSuite.runTest(TestSuite.java:230)
	at junit.framework.TestSuite.run(TestSuite.java:225)
	at junit.framework.TestSuite.runTest(TestSuite.java:230)
	at junit.framework.TestSuite.run(TestSuite.java:225)
	at junit.framework.TestSuite.runTest(TestSuite.java:230)
	at junit.framework.TestSuite.run(TestSuite.java:225)
	at org.apache.tools.ant.taskdefs.optional.junit.JUnitTestRunner.run(JUnitTestRunner.java:421)
	at org.apache.tools.ant.taskdefs.optional.junit.JUnitTestRunner.launch(JUnitTestRunner.java:912)
	at org.apache.tools.ant.taskdefs.optional.junit.JUnitTestRunner.main(JUnitTestRunner.java:766)
2011. 11. 17 오전 9:39:35 com.mongodb.DBTCPConnector fetchMaxBsonObjectSize
경고: Exception determining maxBSON size using0
java.io.IOException: couldn't connect to [/61.250.201.78:27017] bc:java.net.ConnectException: Connection timed out: connect
	at com.mongodb.DBPort._open(DBPort.java:224)
	at com.mongodb.DBPort.go(DBPort.java:101)
	at com.mongodb.DBPort.go(DBPort.java:82)
	at com.mongodb.DBPort.findOne(DBPort.java:142)
	at com.mongodb.DBPort.runCommand(DBPort.java:151)
	at com.mongodb.DBTCPConnector.fetchMaxBsonObjectSize(DBTCPConnector.java:429)
	at com.mongodb.DBTCPConnector.checkMaster(DBTCPConnector.java:416)
	at com.mongodb.DBTCPConnector.say(DBTCPConnector.java:139)
	at com.mongodb.DBTCPConnector.say(DBTCPConnector.java:132)
	at com.mongodb.DBApiLayer$MyCollection.insert(DBApiLayer.java:262)
	at com.mongodb.DBApiLayer$MyCollection.createIndex(DBApiLayer.java:354)
	at com.mongodb.DBCollection.ensureIndex(DBCollection.java:444)
	at com.mongodb.DBCollection.ensureIndex(DBCollection.java:392)
	at net.ion.radon.repository.Workspace.createWorkspace(Workspace.java:64)
	at net.ion.radon.repository.Workspace.load(Workspace.java:43)
	at net.ion.radon.repository.Repository.getWorkspace(Repository.java:28)
	at net.ion.radon.repository.LocalSession.getCurrentWorkspace(LocalSession.java:147)
	at net.ion.radon.repository.LocalSession.dropWorkspace(LocalSession.java:76)
	at net.ion.radon.repository.TestBaseRepository.setUp(TestBaseRepository.java:17)
	at junit.framework.TestCase.runBare(TestCase.java:128)
	at junit.framework.TestResult$1.protect(TestResult.java:106)
	at junit.framework.TestResult.runProtected(TestResult.java:124)
	at junit.framework.TestResult.run(TestResult.java:109)
	at junit.framework.TestCase.run(TestCase.java:120)
	at junit.framework.TestSuite.runTest(TestSuite.java:230)
	at junit.framework.TestSuite.run(TestSuite.java:225)
	at junit.framework.TestSuite.runTest(TestSuite.java:230)
	at junit.framework.TestSuite.run(TestSuite.java:225)
	at junit.framework.TestSuite.runTest(TestSuite.java:230)
	at junit.framework.TestSuite.run(TestSuite.java:225)
	at junit.framework.TestSuite.runTest(TestSuite.java:230)
	at junit.framework.TestSuite.run(TestSuite.java:225)
	at org.apache.tools.ant.taskdefs.optional.junit.JUnitTestRunner.run(JUnitTestRunner.java:421)
	at org.apache.tools.ant.taskdefs.optional.junit.JUnitTestRunner.launch(JUnitTestRunner.java:912)
	at org.apache.tools.ant.taskdefs.optional.junit.JUnitTestRunner.main(JUnitTestRunner.java:766)
2011. 11. 17 오전 9:39:56 com.mongodb.DBPortPool gotError
경고: emptying DBPortPool to 61.250.201.78:27017 b/c of error
java.io.IOException: couldn't connect to [/61.250.201.78:27017] bc:java.net.ConnectException: Connection timed out: connect
	at com.mongodb.DBPort._open(DBPort.java:224)
	at com.mongodb.DBPort.go(DBPort.java:101)
	at com.mongodb.DBPort.go(DBPort.java:82)
	at com.mongodb.DBPort.say(DBPort.java:77)
	at com.mongodb.DBTCPConnector.say(DBTCPConnector.java:146)
	at com.mongodb.DBTCPConnector.say(DBTCPConnector.java:132)
	at com.mongodb.DBApiLayer$MyCollection.insert(DBApiLayer.java:262)
	at com.mongodb.DBApiLayer$MyCollection.createIndex(DBApiLayer.java:354)
	at com.mongodb.DBCollection.ensureIndex(DBCollection.java:444)
	at com.mongodb.DBCollection.ensureIndex(DBCollection.java:392)
	at net.ion.radon.repository.Workspace.createWorkspace(Workspace.java:64)
	at net.ion.radon.repository.Workspace.load(Workspace.java:43)
	at net.ion.radon.repository.Repository.getWorkspace(Repository.java:28)
	at net.ion.radon.repository.LocalSession.getCurrentWorkspace(LocalSession.java:147)
	at net.ion.radon.repository.LocalSession.dropWorkspace(LocalSession.java:76)
	at net.ion.radon.repository.TestBaseRepository.setUp(TestBaseRepository.java:17)
	at junit.framework.TestCase.runBare(TestCase.java:128)
	at junit.framework.TestResult$1.protect(TestResult.java:106)
	at junit.framework.TestResult.runProtected(TestResult.java:124)
	at junit.framework.TestResult.run(TestResult.java:109)
	at junit.framework.TestCase.run(TestCase.java:120)
	at junit.framework.TestSuite.runTest(TestSuite.java:230)
	at junit.framework.TestSuite.run(TestSuite.java:225)
	at junit.framework.TestSuite.runTest(TestSuite.java:230)
	at junit.framework.TestSuite.run(TestSuite.java:225)
	at junit.framework.TestSuite.runTest(TestSuite.java:230)
	at junit.framework.TestSuite.run(TestSuite.java:225)
	at junit.framework.TestSuite.runTest(TestSuite.java:230)
	at junit.framework.TestSuite.run(TestSuite.java:225)
	at org.apache.tools.ant.taskdefs.optional.junit.JUnitTestRunner.run(JUnitTestRunner.java:421)
	at org.apache.tools.ant.taskdefs.optional.junit.JUnitTestRunner.launch(JUnitTestRunner.java:912)
	at org.apache.tools.ant.taskdefs.optional.junit.JUnitTestRunner.main(JUnitTestRunner.java:766)
2011. 11. 17 오전 9:40:17 com.mongodb.DBTCPConnector fetchMaxBsonObjectSize
경고: Exception determining maxBSON size using0
java.io.IOException: couldn't connect to [/61.250.201.78:27017] bc:java.net.ConnectException: Connection timed out: connect
	at com.mongodb.DBPort._open(DBPort.java:224)
	at com.mongodb.DBPort.go(DBPort.java:101)
	at com.mongodb.DBPort.go(DBPort.java:82)
	at com.mongodb.DBPort.findOne(DBPort.java:142)
	at com.mongodb.DBPort.runCommand(DBPort.java:151)
	at com.mongodb.DBTCPConnector.fetchMaxBsonObjectSize(DBTCPConnector.java:429)
	at com.mongodb.Mongo.getMaxBsonObjectSize(Mongo.java:544)
	at com.mongodb.DBApiLayer$MyCollection.insert(DBApiLayer.java:244)
	at com.mongodb.DBApiLayer$MyCollection.createIndex(DBApiLayer.java:354)
	at com.mongodb.DBCollection.ensureIndex(DBCollection.java:444)
	at com.mongodb.DBCollection.ensureIndex(DBCollection.java:392)
	at net.ion.radon.repository.Workspace.createWorkspace(Workspace.java:64)
	at net.ion.radon.repository.Workspace.load(Workspace.java:43)
	at net.ion.radon.repository.Repository.getWorkspace(Repository.java:28)
	at net.ion.radon.repository.LocalSession.getCurrentWorkspace(LocalSession.java:147)
	at net.ion.radon.repository.LocalSession.dropWorkspace(LocalSession.java:76)
	at net.ion.radon.repository.TestBaseRepository.setUp(TestBaseRepository.java:17)
	at junit.framework.TestCase.runBare(TestCase.java:128)
	at junit.framework.TestResult$1.protect(TestResult.java:106)
	at junit.framework.TestResult.runProtected(TestResult.java:124)
	at junit.framework.TestResult.run(TestResult.java:109)
	at junit.framework.TestCase.run(TestCase.java:120)
	at junit.framework.TestSuite.runTest(TestSuite.java:230)
	at junit.framework.TestSuite.run(TestSuite.java:225)
	at junit.framework.TestSuite.runTest(TestSuite.java:230)
	at junit.framework.TestSuite.run(TestSuite.java:225)
	at junit.framework.TestSuite.runTest(TestSuite.java:230)
	at junit.framework.TestSuite.run(TestSuite.java:225)
	at junit.framework.TestSuite.runTest(TestSuite.java:230)
	at junit.framework.TestSuite.run(TestSuite.java:225)
	at org.apache.tools.ant.taskdefs.optional.junit.JUnitTestRunner.run(JUnitTestRunner.java:421)
	at org.apache.tools.ant.taskdefs.optional.junit.JUnitTestRunner.launch(JUnitTestRunner.java:912)
	at org.apache.tools.ant.taskdefs.optional.junit.JUnitTestRunner.main(JUnitTestRunner.java:766)
2011. 11. 17 오전 9:40:38 com.mongodb.DBTCPConnector fetchMaxBsonObjectSize
경고: Exception determining maxBSON size using0
java.io.IOException: couldn't connect to [/61.250.201.78:27017] bc:java.net.ConnectException: Connection timed out: connect
	at com.mongodb.DBPort._open(DBPort.java:224)
	at com.mongodb.DBPort.go(DBPort.java:101)
	at com.mongodb.DBPort.go(DBPort.java:82)
	at com.mongodb.DBPort.findOne(DBPort.java:142)
	at com.mongodb.DBPort.runCommand(DBPort.java:151)
	at com.mongodb.DBTCPConnector.fetchMaxBsonObjectSize(DBTCPConnector.java:429)
	at com.mongodb.DBTCPConnector.checkMaster(DBTCPConnector.java:416)
	at com.mongodb.DBTCPConnector.say(DBTCPConnector.java:139)
	at com.mongodb.DBTCPConnector.say(DBTCPConnector.java:132)
	at com.mongodb.DBApiLayer$MyCollection.insert(DBApiLayer.java:262)
	at com.mongodb.DBApiLayer$MyCollection.createIndex(DBApiLayer.java:354)
	at com.mongodb.DBCollection.ensureIndex(DBCollection.java:444)
	at com.mongodb.DBCollection.ensureIndex(DBCollection.java:392)
	at net.ion.radon.repository.Workspace.createWorkspace(Workspace.java:64)
	at net.ion.radon.repository.Workspace.load(Workspace.java:43)
	at net.ion.radon.repository.Repository.getWorkspace(Repository.java:28)
	at net.ion.radon.repository.LocalSession.getCurrentWorkspace(LocalSession.java:147)
	at net.ion.radon.repository.LocalSession.dropWorkspace(LocalSession.java:76)
	at net.ion.radon.repository.TestBaseRepository.setUp(TestBaseRepository.java:17)
	at junit.framework.TestCase.runBare(TestCase.java:128)
	at junit.framework.TestResult$1.protect(TestResult.java:106)
	at junit.framework.TestResult.runProtected(TestResult.java:124)
	at junit.framework.TestResult.run(TestResult.java:109)
	at junit.framework.TestCase.run(TestCase.java:120)
	at junit.framework.TestSuite.runTest(TestSuite.java:230)
	at junit.framework.TestSuite.run(TestSuite.java:225)
	at junit.framework.TestSuite.runTest(TestSuite.java:230)
	at junit.framework.TestSuite.run(TestSuite.java:225)
	at junit.framework.TestSuite.runTest(TestSuite.java:230)
	at junit.framework.TestSuite.run(TestSuite.java:225)
	at junit.framework.TestSuite.runTest(TestSuite.java:230)
	at junit.framework.TestSuite.run(TestSuite.java:225)
	at org.apache.tools.ant.taskdefs.optional.junit.JUnitTestRunner.run(JUnitTestRunner.java:421)
	at org.apache.tools.ant.taskdefs.optional.junit.JUnitTestRunner.launch(JUnitTestRunner.java:912)
	at org.apache.tools.ant.taskdefs.optional.junit.JUnitTestRunner.main(JUnitTestRunner.java:766)
2011. 11. 17 오전 9:40:59 com.mongodb.DBPortPool gotError
경고: emptying DBPortPool to 61.250.201.78:27017 b/c of error
java.io.IOException: couldn't connect to [/61.250.201.78:27017] bc:java.net.ConnectException: Connection timed out: connect
	at com.mongodb.DBPort._open(DBPort.java:224)
	at com.mongodb.DBPort.go(DBPort.java:101)
	at com.mongodb.DBPort.go(DBPort.java:82)
	at com.mongodb.DBPort.say(DBPort.java:77)
	at com.mongodb.DBTCPConnector.say(DBTCPConnector.java:146)
	at com.mongodb.DBTCPConnector.say(DBTCPConnector.java:132)
	at com.mongodb.DBApiLayer$MyCollection.insert(DBApiLayer.java:262)
	at com.mongodb.DBApiLayer$MyCollection.createIndex(DBApiLayer.java:354)
	at com.mongodb.DBCollection.ensureIndex(DBCollection.java:444)
	at com.mongodb.DBCollection.ensureIndex(DBCollection.java:392)
	at net.ion.radon.repository.Workspace.createWorkspace(Workspace.java:64)
	at net.ion.radon.repository.Workspace.load(Workspace.java:43)
	at net.ion.radon.repository.Repository.getWorkspace(Repository.java:28)
	at net.ion.radon.repository.LocalSession.getCurrentWorkspace(LocalSession.java:147)
	at net.ion.radon.repository.LocalSession.dropWorkspace(LocalSession.java:76)
	at net.ion.radon.repository.TestBaseRepository.setUp(TestBaseRepository.java:17)
	at junit.framework.TestCase.runBare(TestCase.java:128)
	at junit.framework.TestResult$1.protect(TestResult.java:106)
	at junit.framework.TestResult.runProtected(TestResult.java:124)
	at junit.framework.TestResult.run(TestResult.java:109)
	at junit.framework.TestCase.run(TestCase.java:120)
	at junit.framework.TestSuite.runTest(TestSuite.java:230)
	at junit.framework.TestSuite.run(TestSuite.java:225)
	at junit.framework.TestSuite.runTest(TestSuite.java:230)
	at junit.framework.TestSuite.run(TestSuite.java:225)
	at junit.framework.TestSuite.runTest(TestSuite.java:230)
	at junit.framework.TestSuite.run(TestSuite.java:225)
	at junit.framework.TestSuite.runTest(TestSuite.java:230)
	at junit.framework.TestSuite.run(TestSuite.java:225)
	at org.apache.tools.ant.taskdefs.optional.junit.JUnitTestRunner.run(JUnitTestRunner.java:421)
	at org.apache.tools.ant.taskdefs.optional.junit.JUnitTestRunner.launch(JUnitTestRunner.java:912)
	at org.apache.tools.ant.taskdefs.optional.junit.JUnitTestRunner.main(JUnitTestRunner.java:766)
2011. 11. 17 오전 9:41:20 com.mongodb.DBTCPConnector fetchMaxBsonObjectSize
경고: Exception determining maxBSON size using0
java.io.IOException: couldn't connect to [/61.250.201.78:27017] bc:java.net.ConnectException: Connection timed out: connect
	at com.mongodb.DBPort._open(DBPort.java:224)
	at com.mongodb.DBPort.go(DBPort.java:101)
	at com.mongodb.DBPort.go(DBPort.java:82)
	at com.mongodb.DBPort.findOne(DBPort.java:142)
	at com.mongodb.DBPort.runCommand(DBPort.java:151)
	at com.mongodb.DBTCPConnector.fetchMaxBsonObjectSize(DBTCPConnector.java:429)
	at com.mongodb.Mongo.getMaxBsonObjectSize(Mongo.java:544)
	at com.mongodb.DBApiLayer$MyCollection.insert(DBApiLayer.java:244)
	at com.mongodb.DBApiLayer$MyCollection.createIndex(DBApiLayer.java:354)
	at com.mongodb.DBCollection.ensureIndex(DBCollection.java:444)
	at com.mongodb.DBCollection.ensureIndex(DBCollection.java:392)
	at net.ion.radon.repository.Workspace.createWorkspace(Workspace.java:64)
	at net.ion.radon.repository.Workspace.load(Workspace.java:43)
	at net.ion.radon.repository.Repository.getWorkspace(Repository.java:28)
	at net.ion.radon.repository.LocalSession.getCurrentWorkspace(LocalSession.java:147)
	at net.ion.radon.repository.LocalSession.dropWorkspace(LocalSession.java:76)
	at net.ion.radon.repository.TestBaseRepository.setUp(TestBaseRepository.java:17)
	at junit.framework.TestCase.runBare(TestCase.java:128)
	at junit.framework.TestResult$1.protect(TestResult.java:106)
	at junit.framework.TestResult.runProtected(TestResult.java:124)
	at junit.framework.TestResult.run(TestResult.java:109)
	at junit.framework.TestCase.run(TestCase.java:120)
	at junit.framework.TestSuite.runTest(TestSuite.java:230)
	at junit.framework.TestSuite.run(TestSuite.java:225)
	at junit.framework.TestSuite.runTest(TestSuite.java:230)
	at junit.framework.TestSuite.run(TestSuite.java:225)
	at junit.framework.TestSuite.runTest(TestSuite.java:230)
	at junit.framework.TestSuite.run(TestSuite.java:225)
	at junit.framework.TestSuite.runTest(TestSuite.java:230)
	at junit.framework.TestSuite.run(TestSuite.java:225)
	at org.apache.tools.ant.taskdefs.optional.junit.JUnitTestRunner.run(JUnitTestRunner.java:421)
	at org.apache.tools.ant.taskdefs.optional.junit.JUnitTestRunner.launch(JUnitTestRunner.java:912)
	at org.apache.tools.ant.taskdefs.optional.junit.JUnitTestRunner.main(JUnitTestRunner.java:766)
2011. 11. 17 오전 9:41:41 com.mongodb.DBTCPConnector fetchMaxBsonObjectSize
경고: Exception determining maxBSON size using0
java.io.IOException: couldn't connect to [/61.250.201.78:27017] bc:java.net.ConnectException: Connection timed out: connect
	at com.mongodb.DBPort._open(DBPort.java:224)
	at com.mongodb.DBPort.go(DBPort.java:101)
	at com.mongodb.DBPort.go(DBPort.java:82)
	at com.mongodb.DBPort.findOne(DBPort.java:142)
	at com.mongodb.DBPort.runCommand(DBPort.java:151)
	at com.mongodb.DBTCPConnector.fetchMaxBsonObjectSize(DBTCPConnector.java:429)
	at com.mongodb.DBTCPConnector.checkMaster(DBTCPConnector.java:416)
	at com.mongodb.DBTCPConnector.say(DBTCPConnector.java:139)
	at com.mongodb.DBTCPConnector.say(DBTCPConnector.java:132)
	at com.mongodb.DBApiLayer$MyCollection.insert(DBApiLayer.java:262)
	at com.mongodb.DBApiLayer$MyCollection.createIndex(DBApiLayer.java:354)
	at com.mongodb.DBCollection.ensureIndex(DBCollection.java:444)
	at com.mongodb.DBCollection.ensureIndex(DBCollection.java:392)
	at net.ion.radon.repository.Workspace.createWorkspace(Workspace.java:64)
	at net.ion.radon.repository.Workspace.load(Workspace.java:43)
	at net.ion.radon.repository.Repository.getWorkspace(Repository.java:28)
	at net.ion.radon.repository.LocalSession.getCurrentWorkspace(LocalSession.java:147)
	at net.ion.radon.repository.LocalSession.dropWorkspace(LocalSession.java:76)
	at net.ion.radon.repository.TestBaseRepository.setUp(TestBaseRepository.java:17)
	at junit.framework.TestCase.runBare(TestCase.java:128)
	at junit.framework.TestResult$1.protect(TestResult.java:106)
	at junit.framework.TestResult.runProtected(TestResult.java:124)
	at junit.framework.TestResult.run(TestResult.java:109)
	at junit.framework.TestCase.run(TestCase.java:120)
	at junit.framework.TestSuite.runTest(TestSuite.java:230)
	at junit.framework.TestSuite.run(TestSuite.java:225)
	at junit.framework.TestSuite.runTest(TestSuite.java:230)
	at junit.framework.TestSuite.run(TestSuite.java:225)
	at junit.framework.TestSuite.runTest(TestSuite.java:230)
	at junit.framework.TestSuite.run(TestSuite.java:225)
	at junit.framework.TestSuite.runTest(TestSuite.java:230)
	at junit.framework.TestSuite.run(TestSuite.java:225)
	at org.apache.tools.ant.taskdefs.optional.junit.JUnitTestRunner.run(JUnitTestRunner.java:421)
	at org.apache.tools.ant.taskdefs.optional.junit.JUnitTestRunner.launch(JUnitTestRunner.java:912)
	at org.apache.tools.ant.taskdefs.optional.junit.JUnitTestRunner.main(JUnitTestRunner.java:766)
2011. 11. 17 오전 9:42:02 com.mongodb.DBPortPool gotError
경고: emptying DBPortPool to 61.250.201.78:27017 b/c of error
java.io.IOException: couldn't connect to [/61.250.201.78:27017] bc:java.net.ConnectException: Connection timed out: connect
	at com.mongodb.DBPort._open(DBPort.java:224)
	at com.mongodb.DBPort.go(DBPort.java:101)
	at com.mongodb.DBPort.go(DBPort.java:82)
	at com.mongodb.DBPort.say(DBPort.java:77)
	at com.mongodb.DBTCPConnector.say(DBTCPConnector.java:146)
	at com.mongodb.DBTCPConnector.say(DBTCPConnector.java:132)
	at com.mongodb.DBApiLayer$MyCollection.insert(DBApiLayer.java:262)
	at com.mongodb.DBApiLayer$MyCollection.createIndex(DBApiLayer.java:354)
	at com.mongodb.DBCollection.ensureIndex(DBCollection.java:444)
	at com.mongodb.DBCollection.ensureIndex(DBCollection.java:392)
	at net.ion.radon.repository.Workspace.createWorkspace(Workspace.java:64)
	at net.ion.radon.repository.Workspace.load(Workspace.java:43)
	at net.ion.radon.repository.Repository.getWorkspace(Repository.java:28)
	at net.ion.radon.repository.LocalSession.getCurrentWorkspace(LocalSession.java:147)
	at net.ion.radon.repository.LocalSession.dropWorkspace(LocalSession.java:76)
	at net.ion.radon.repository.TestBaseRepository.setUp(TestBaseRepository.java:17)
	at junit.framework.TestCase.runBare(TestCase.java:128)
	at junit.framework.TestResult$1.protect(TestResult.java:106)
	at junit.framework.TestResult.runProtected(TestResult.java:124)
	at junit.framework.TestResult.run(TestResult.java:109)
	at junit.framework.TestCase.run(TestCase.java:120)
	at junit.framework.TestSuite.runTest(TestSuite.java:230)
	at junit.framework.TestSuite.run(TestSuite.java:225)
	at junit.framework.TestSuite.runTest(TestSuite.java:230)
	at junit.framework.TestSuite.run(TestSuite.java:225)
	at junit.framework.TestSuite.runTest(TestSuite.java:230)
	at junit.framework.TestSuite.run(TestSuite.java:225)
	at junit.framework.TestSuite.runTest(TestSuite.java:230)
	at junit.framework.TestSuite.run(TestSuite.java:225)
	at org.apache.tools.ant.taskdefs.optional.junit.JUnitTestRunner.run(JUnitTestRunner.java:421)
	at org.apache.tools.ant.taskdefs.optional.junit.JUnitTestRunner.launch(JUnitTestRunner.java:912)
	at org.apache.tools.ant.taskdefs.optional.junit.JUnitTestRunner.main(JUnitTestRunner.java:766)
2011. 11. 17 오전 9:42:24 com.mongodb.DBTCPConnector fetchMaxBsonObjectSize
경고: Exception determining maxBSON size using0
java.io.IOException: couldn't connect to [/61.250.201.78:27017] bc:java.net.ConnectException: Connection timed out: connect
	at com.mongodb.DBPort._open(DBPort.java:224)
	at com.mongodb.DBPort.go(DBPort.java:101)
	at com.mongodb.DBPort.go(DBPort.java:82)
	at com.mongodb.DBPort.findOne(DBPort.java:142)
	at com.mongodb.DBPort.runCommand(DBPort.java:151)
	at com.mongodb.DBTCPConnector.fetchMaxBsonObjectSize(DBTCPConnector.java:429)
	at com.mongodb.Mongo.getMaxBsonObjectSize(Mongo.java:544)
	at com.mongodb.DBApiLayer$MyCollection.insert(DBApiLayer.java:244)
	at com.mongodb.DBApiLayer$MyCollection.createIndex(DBApiLayer.java:354)
	at com.mongodb.DBCollection.ensureIndex(DBCollection.java:444)
	at com.mongodb.DBCollection.ensureIndex(DBCollection.java:392)
	at net.ion.radon.repository.Workspace.createWorkspace(Workspace.java:64)
	at net.ion.radon.repository.Workspace.load(Workspace.java:43)
	at net.ion.radon.repository.Repository.getWorkspace(Repository.java:28)
	at net.ion.radon.repository.LocalSession.getCurrentWorkspace(LocalSession.java:147)
	at net.ion.radon.repository.LocalSession.dropWorkspace(LocalSession.java:76)
	at net.ion.radon.repository.TestBaseRepository.setUp(TestBaseRepository.java:17)
	at junit.framework.TestCase.runBare(TestCase.java:128)
	at junit.framework.TestResult$1.protect(TestResult.java:106)
	at junit.framework.TestResult.runProtected(TestResult.java:124)
	at junit.framework.TestResult.run(TestResult.java:109)
	at junit.framework.TestCase.run(TestCase.java:120)
	at junit.framework.TestSuite.runTest(TestSuite.java:230)
	at junit.framework.TestSuite.run(TestSuite.java:225)
	at junit.framework.TestSuite.runTest(TestSuite.java:230)
	at junit.framework.TestSuite.run(TestSuite.java:225)
	at junit.framework.TestSuite.runTest(TestSuite.java:230)
	at junit.framework.TestSuite.run(TestSuite.java:225)
	at junit.framework.TestSuite.runTest(TestSuite.java:230)
	at junit.framework.TestSuite.run(TestSuite.java:225)
	at org.apache.tools.ant.taskdefs.optional.junit.JUnitTestRunner.run(JUnitTestRunner.java:421)
	at org.apache.tools.ant.taskdefs.optional.junit.JUnitTestRunner.launch(JUnitTestRunner.java:912)
	at org.apache.tools.ant.taskdefs.optional.junit.JUnitTestRunner.main(JUnitTestRunner.java:766)
2011. 11. 17 오전 9:42:45 com.mongodb.DBTCPConnector fetchMaxBsonObjectSize
경고: Exception determining maxBSON size using0
java.io.IOException: couldn't connect to [/61.250.201.78:27017] bc:java.net.ConnectException: Connection timed out: connect
	at com.mongodb.DBPort._open(DBPort.java:224)
	at com.mongodb.DBPort.go(DBPort.java:101)
	at com.mongodb.DBPort.go(DBPort.java:82)
	at com.mongodb.DBPort.findOne(DBPort.java:142)
	at com.mongodb.DBPort.runCommand(DBPort.java:151)
	at com.mongodb.DBTCPConnector.fetchMaxBsonObjectSize(DBTCPConnector.java:429)
	at com.mongodb.DBTCPConnector.checkMaster(DBTCPConnector.java:416)
	at com.mongodb.DBTCPConnector.say(DBTCPConnector.java:139)
	at com.mongodb.DBTCPConnector.say(DBTCPConnector.java:132)
	at com.mongodb.DBApiLayer$MyCollection.insert(DBApiLayer.java:262)
	at com.mongodb.DBApiLayer$MyCollection.createIndex(DBApiLayer.java:354)
	at com.mongodb.DBCollection.ensureIndex(DBCollection.java:444)
	at com.mongodb.DBCollection.ensureIndex(DBCollection.java:392)
	at net.ion.radon.repository.Workspace.createWorkspace(Workspace.java:64)
	at net.ion.radon.repository.Workspace.load(Workspace.java:43)
	at net.ion.radon.repository.Repository.getWorkspace(Repository.java:28)
	at net.ion.radon.repository.LocalSession.getCurrentWorkspace(LocalSession.java:147)
	at net.ion.radon.repository.LocalSession.dropWorkspace(LocalSession.java:76)
	at net.ion.radon.repository.TestBaseRepository.setUp(TestBaseRepository.java:17)
	at junit.framework.TestCase.runBare(TestCase.java:128)
	at junit.framework.TestResult$1.protect(TestResult.java:106)
	at junit.framework.TestResult.runProtected(TestResult.java:124)
	at junit.framework.TestResult.run(TestResult.java:109)
	at junit.framework.TestCase.run(TestCase.java:120)
	at junit.framework.TestSuite.runTest(TestSuite.java:230)
	at junit.framework.TestSuite.run(TestSuite.java:225)
	at junit.framework.TestSuite.runTest(TestSuite.java:230)
	at junit.framework.TestSuite.run(TestSuite.java:225)
	at junit.framework.TestSuite.runTest(TestSuite.java:230)
	at junit.framework.TestSuite.run(TestSuite.java:225)
	at junit.framework.TestSuite.runTest(TestSuite.java:230)
	at junit.framework.TestSuite.run(TestSuite.java:225)
	at org.apache.tools.ant.taskdefs.optional.junit.JUnitTestRunner.run(JUnitTestRunner.java:421)
	at org.apache.tools.ant.taskdefs.optional.junit.JUnitTestRunner.launch(JUnitTestRunner.java:912)
	at org.apache.tools.ant.taskdefs.optional.junit.JUnitTestRunner.main(JUnitTestRunner.java:766)
2011. 11. 17 오전 9:43:06 com.mongodb.DBPortPool gotError
경고: emptying DBPortPool to 61.250.201.78:27017 b/c of error
java.io.IOException: couldn't connect to [/61.250.201.78:27017] bc:java.net.ConnectException: Connection timed out: connect
	at com.mongodb.DBPort._open(DBPort.java:224)
	at com.mongodb.DBPort.go(DBPort.java:101)
	at com.mongodb.DBPort.go(DBPort.java:82)
	at com.mongodb.DBPort.say(DBPort.java:77)
	at com.mongodb.DBTCPConnector.say(DBTCPConnector.java:146)
	at com.mongodb.DBTCPConnector.say(DBTCPConnector.java:132)
	at com.mongodb.DBApiLayer$MyCollection.insert(DBApiLayer.java:262)
	at com.mongodb.DBApiLayer$MyCollection.createIndex(DBApiLayer.java:354)
	at com.mongodb.DBCollection.ensureIndex(DBCollection.java:444)
	at com.mongodb.DBCollection.ensureIndex(DBCollection.java:392)
	at net.ion.radon.repository.Workspace.createWorkspace(Workspace.java:64)
	at net.ion.radon.repository.Workspace.load(Workspace.java:43)
	at net.ion.radon.repository.Repository.getWorkspace(Repository.java:28)
	at net.ion.radon.repository.LocalSession.getCurrentWorkspace(LocalSession.java:147)
	at net.ion.radon.repository.LocalSession.dropWorkspace(LocalSession.java:76)
	at net.ion.radon.repository.TestBaseRepository.setUp(TestBaseRepository.java:17)
	at junit.framework.TestCase.runBare(TestCase.java:128)
	at junit.framework.TestResult$1.protect(TestResult.java:106)
	at junit.framework.TestResult.runProtected(TestResult.java:124)
	at junit.framework.TestResult.run(TestResult.java:109)
	at junit.framework.TestCase.run(TestCase.java:120)
	at junit.framework.TestSuite.runTest(TestSuite.java:230)
	at junit.framework.TestSuite.run(TestSuite.java:225)
	at junit.framework.TestSuite.runTest(TestSuite.java:230)
	at junit.framework.TestSuite.run(TestSuite.java:225)
	at junit.framework.TestSuite.runTest(TestSuite.java:230)
	at junit.framework.TestSuite.run(TestSuite.java:225)
	at junit.framework.TestSuite.runTest(TestSuite.java:230)
	at junit.framework.TestSuite.run(TestSuite.java:225)
	at org.apache.tools.ant.taskdefs.optional.junit.JUnitTestRunner.run(JUnitTestRunner.java:421)
	at org.apache.tools.ant.taskdefs.optional.junit.JUnitTestRunner.launch(JUnitTestRunner.java:912)
	at org.apache.tools.ant.taskdefs.optional.junit.JUnitTestRunner.main(JUnitTestRunner.java:766)
2011. 11. 17 오전 9:43:27 com.mongodb.DBTCPConnector fetchMaxBsonObjectSize
경고: Exception determining maxBSON size using0
java.io.IOException: couldn't connect to [/61.250.201.78:27017] bc:java.net.ConnectException: Connection timed out: connect
	at com.mongodb.DBPort._open(DBPort.java:224)
	at com.mongodb.DBPort.go(DBPort.java:101)
	at com.mongodb.DBPort.go(DBPort.java:82)
	at com.mongodb.DBPort.findOne(DBPort.java:142)
	at com.mongodb.DBPort.runCommand(DBPort.java:151)
	at com.mongodb.DBTCPConnector.fetchMaxBsonObjectSize(DBTCPConnector.java:429)
	at com.mongodb.Mongo.getMaxBsonObjectSize(Mongo.java:544)
	at com.mongodb.DBApiLayer$MyCollection.insert(DBApiLayer.java:244)
	at com.mongodb.DBApiLayer$MyCollection.createIndex(DBApiLayer.java:354)
	at com.mongodb.DBCollection.ensureIndex(DBCollection.java:444)
	at com.mongodb.DBCollection.ensureIndex(DBCollection.java:392)
	at net.ion.radon.repository.Workspace.createWorkspace(Workspace.java:64)
	at net.ion.radon.repository.Workspace.load(Workspace.java:43)
	at net.ion.radon.repository.Repository.getWorkspace(Repository.java:28)
	at net.ion.radon.repository.LocalSession.getCurrentWorkspace(LocalSession.java:147)
	at net.ion.radon.repository.LocalSession.dropWorkspace(LocalSession.java:76)
	at net.ion.radon.repository.TestBaseRepository.setUp(TestBaseRepository.java:17)
	at junit.framework.TestCase.runBare(TestCase.java:128)
	at junit.framework.TestResult$1.protect(TestResult.java:106)
	at junit.framework.TestResult.runProtected(TestResult.java:124)
	at junit.framework.TestResult.run(TestResult.java:109)
	at junit.framework.TestCase.run(TestCase.java:120)
	at junit.framework.TestSuite.runTest(TestSuite.java:230)
	at junit.framework.TestSuite.run(TestSuite.java:225)
	at junit.framework.TestSuite.runTest(TestSuite.java:230)
	at junit.framework.TestSuite.run(TestSuite.java:225)
	at junit.framework.TestSuite.runTest(TestSuite.java:230)
	at junit.framework.TestSuite.run(TestSuite.java:225)
	at junit.framework.TestSuite.runTest(TestSuite.java:230)
	at junit.framework.TestSuite.run(TestSuite.java:225)
	at org.apache.tools.ant.taskdefs.optional.junit.JUnitTestRunner.run(JUnitTestRunner.java:421)
	at org.apache.tools.ant.taskdefs.optional.junit.JUnitTestRunner.launch(JUnitTestRunner.java:912)
	at org.apache.tools.ant.taskdefs.optional.junit.JUnitTestRunner.main(JUnitTestRunner.java:766)
2011. 11. 17 오전 9:43:48 com.mongodb.DBTCPConnector fetchMaxBsonObjectSize
경고: Exception determining maxBSON size using0
java.io.IOException: couldn't connect to [/61.250.201.78:27017] bc:java.net.ConnectException: Connection timed out: connect
	at com.mongodb.DBPort._open(DBPort.java:224)
	at com.mongodb.DBPort.go(DBPort.java:101)
	at com.mongodb.DBPort.go(DBPort.java:82)
	at com.mongodb.DBPort.findOne(DBPort.java:142)
	at com.mongodb.DBPort.runCommand(DBPort.java:151)
	at com.mongodb.DBTCPConnector.fetchMaxBsonObjectSize(DBTCPConnector.java:429)
	at com.mongodb.DBTCPConnector.checkMaster(DBTCPConnector.java:416)
	at com.mongodb.DBTCPConnector.say(DBTCPConnector.java:139)
	at com.mongodb.DBTCPConnector.say(DBTCPConnector.java:132)
	at com.mongodb.DBApiLayer$MyCollection.insert(DBApiLayer.java:262)
	at com.mongodb.DBApiLayer$MyCollection.createIndex(DBApiLayer.java:354)
	at com.mongodb.DBCollection.ensureIndex(DBCollection.java:444)
	at com.mongodb.DBCollection.ensureIndex(DBCollection.java:392)
	at net.ion.radon.repository.Workspace.createWorkspace(Workspace.java:64)
	at net.ion.radon.repository.Workspace.load(Workspace.java:43)
	at net.ion.radon.repository.Repository.getWorkspace(Repository.java:28)
	at net.ion.radon.repository.LocalSession.getCurrentWorkspace(LocalSession.java:147)
	at net.ion.radon.repository.LocalSession.dropWorkspace(LocalSession.java:76)
	at net.ion.radon.repository.TestBaseRepository.setUp(TestBaseRepository.java:17)
	at junit.framework.TestCase.runBare(TestCase.java:128)
	at junit.framework.TestResult$1.protect(TestResult.java:106)
	at junit.framework.TestResult.runProtected(TestResult.java:124)
	at junit.framework.TestResult.run(TestResult.java:109)
	at junit.framework.TestCase.run(TestCase.java:120)
	at junit.framework.TestSuite.runTest(TestSuite.java:230)
	at junit.framework.TestSuite.run(TestSuite.java:225)
	at junit.framework.TestSuite.runTest(TestSuite.java:230)
	at junit.framework.TestSuite.run(TestSuite.java:225)
	at junit.framework.TestSuite.runTest(TestSuite.java:230)
	at junit.framework.TestSuite.run(TestSuite.java:225)
	at junit.framework.TestSuite.runTest(TestSuite.java:230)
	at junit.framework.TestSuite.run(TestSuite.java:225)
	at org.apache.tools.ant.taskdefs.optional.junit.JUnitTestRunner.run(JUnitTestRunner.java:421)
	at org.apache.tools.ant.taskdefs.optional.junit.JUnitTestRunner.launch(JUnitTestRunner.java:912)
	at org.apache.tools.ant.taskdefs.optional.junit.JUnitTestRunner.main(JUnitTestRunner.java:766)
2011. 11. 17 오전 9:44:09 com.mongodb.DBPortPool gotError
경고: emptying DBPortPool to 61.250.201.78:27017 b/c of error
java.io.IOException: couldn't connect to [/61.250.201.78:27017] bc:java.net.ConnectException: Connection timed out: connect
	at com.mongodb.DBPort._open(DBPort.java:224)
	at com.mongodb.DBPort.go(DBPort.java:101)
	at com.mongodb.DBPort.go(DBPort.java:82)
	at com.mongodb.DBPort.say(DBPort.java:77)
	at com.mongodb.DBTCPConnector.say(DBTCPConnector.java:146)
	at com.mongodb.DBTCPConnector.say(DBTCPConnector.java:132)
	at com.mongodb.DBApiLayer$MyCollection.insert(DBApiLayer.java:262)
	at com.mongodb.DBApiLayer$MyCollection.createIndex(DBApiLayer.java:354)
	at com.mongodb.DBCollection.ensureIndex(DBCollection.java:444)
	at com.mongodb.DBCollection.ensureIndex(DBCollection.java:392)
	at net.ion.radon.repository.Workspace.createWorkspace(Workspace.java:64)
	at net.ion.radon.repository.Workspace.load(Workspace.java:43)
	at net.ion.radon.repository.Repository.getWorkspace(Repository.java:28)
	at net.ion.radon.repository.LocalSession.getCurrentWorkspace(LocalSession.java:147)
	at net.ion.radon.repository.LocalSession.dropWorkspace(LocalSession.java:76)
	at net.ion.radon.repository.TestBaseRepository.setUp(TestBaseRepository.java:17)
	at junit.framework.TestCase.runBare(TestCase.java:128)
	at junit.framework.TestResult$1.protect(TestResult.java:106)
	at junit.framework.TestResult.runProtected(TestResult.java:124)
	at junit.framework.TestResult.run(TestResult.java:109)
	at junit.framework.TestCase.run(TestCase.java:120)
	at junit.framework.TestSuite.runTest(TestSuite.java:230)
	at junit.framework.TestSuite.run(TestSuite.java:225)
	at junit.framework.TestSuite.runTest(TestSuite.java:230)
	at junit.framework.TestSuite.run(TestSuite.java:225)
	at junit.framework.TestSuite.runTest(TestSuite.java:230)
	at junit.framework.TestSuite.run(TestSuite.java:225)
	at junit.framework.TestSuite.runTest(TestSuite.java:230)
	at junit.framework.TestSuite.run(TestSuite.java:225)
	at org.apache.tools.ant.taskdefs.optional.junit.JUnitTestRunner.run(JUnitTestRunner.java:421)
	at org.apache.tools.ant.taskdefs.optional.junit.JUnitTestRunner.launch(JUnitTestRunner.java:912)
	at org.apache.tools.ant.taskdefs.optional.junit.JUnitTestRunner.main(JUnitTestRunner.java:766)
2011. 11. 17 오전 9:44:30 com.mongodb.DBTCPConnector fetchMaxBsonObjectSize
경고: Exception determining maxBSON size using0
java.io.IOException: couldn't connect to [/61.250.201.78:27017] bc:java.net.ConnectException: Connection timed out: connect
	at com.mongodb.DBPort._open(DBPort.java:224)
	at com.mongodb.DBPort.go(DBPort.java:101)
	at com.mongodb.DBPort.go(DBPort.java:82)
	at com.mongodb.DBPort.findOne(DBPort.java:142)
	at com.mongodb.DBPort.runCommand(DBPort.java:151)
	at com.mongodb.DBTCPConnector.fetchMaxBsonObjectSize(DBTCPConnector.java:429)
	at com.mongodb.Mongo.getMaxBsonObjectSize(Mongo.java:544)
	at com.mongodb.DBApiLayer$MyCollection.insert(DBApiLayer.java:244)
	at com.mongodb.DBApiLayer$MyCollection.createIndex(DBApiLayer.java:354)
	at com.mongodb.DBCollection.ensureIndex(DBCollection.java:444)
	at com.mongodb.DBCollection.ensureIndex(DBCollection.java:392)
	at net.ion.radon.repository.Workspace.createWorkspace(Workspace.java:64)
	at net.ion.radon.repository.Workspace.load(Workspace.java:43)
	at net.ion.radon.repository.Repository.getWorkspace(Repository.java:28)
	at net.ion.radon.repository.LocalSession.getCurrentWorkspace(LocalSession.java:147)
	at net.ion.radon.repository.LocalSession.dropWorkspace(LocalSession.java:76)
	at net.ion.radon.repository.TestBaseRepository.setUp(TestBaseRepository.java:17)
	at junit.framework.TestCase.runBare(TestCase.java:128)
	at junit.framework.TestResult$1.protect(TestResult.java:106)
	at junit.framework.TestResult.runProtected(TestResult.java:124)
	at junit.framework.TestResult.run(TestResult.java:109)
	at junit.framework.TestCase.run(TestCase.java:120)
	at junit.framework.TestSuite.runTest(TestSuite.java:230)
	at junit.framework.TestSuite.run(TestSuite.java:225)
	at junit.framework.TestSuite.runTest(TestSuite.java:230)
	at junit.framework.TestSuite.run(TestSuite.java:225)
	at junit.framework.TestSuite.runTest(TestSuite.java:230)
	at junit.framework.TestSuite.run(TestSuite.java:225)
	at junit.framework.TestSuite.runTest(TestSuite.java:230)
	at junit.framework.TestSuite.run(TestSuite.java:225)
	at org.apache.tools.ant.taskdefs.optional.junit.JUnitTestRunner.run(JUnitTestRunner.java:421)
	at org.apache.tools.ant.taskdefs.optional.junit.JUnitTestRunner.launch(JUnitTestRunner.java:912)
	at org.apache.tools.ant.taskdefs.optional.junit.JUnitTestRunner.main(JUnitTestRunner.java:766)
2011. 11. 17 오전 9:44:51 com.mongodb.DBTCPConnector fetchMaxBsonObjectSize
경고: Exception determining maxBSON size using0
java.io.IOException: couldn't connect to [/61.250.201.78:27017] bc:java.net.ConnectException: Connection timed out: connect
	at com.mongodb.DBPort._open(DBPort.java:224)
	at com.mongodb.DBPort.go(DBPort.java:101)
	at com.mongodb.DBPort.go(DBPort.java:82)
	at com.mongodb.DBPort.findOne(DBPort.java:142)
	at com.mongodb.DBPort.runCommand(DBPort.java:151)
	at com.mongodb.DBTCPConnector.fetchMaxBsonObjectSize(DBTCPConnector.java:429)
	at com.mongodb.DBTCPConnector.checkMaster(DBTCPConnector.java:416)
	at com.mongodb.DBTCPConnector.say(DBTCPConnector.java:139)
	at com.mongodb.DBTCPConnector.say(DBTCPConnector.java:132)
	at com.mongodb.DBApiLayer$MyCollection.insert(DBApiLayer.java:262)
	at com.mongodb.DBApiLayer$MyCollection.createIndex(DBApiLayer.java:354)
	at com.mongodb.DBCollection.ensureIndex(DBCollection.java:444)
	at com.mongodb.DBCollection.ensureIndex(DBCollection.java:392)
	at net.ion.radon.repository.Workspace.createWorkspace(Workspace.java:64)
	at net.ion.radon.repository.Workspace.load(Workspace.java:43)
	at net.ion.radon.repository.Repository.getWorkspace(Repository.java:28)
	at net.ion.radon.repository.LocalSession.getCurrentWorkspace(LocalSession.java:147)
	at net.ion.radon.repository.LocalSession.dropWorkspace(LocalSession.java:76)
	at net.ion.radon.repository.TestBaseRepository.setUp(TestBaseRepository.java:17)
	at junit.framework.TestCase.runBare(TestCase.java:128)
	at junit.framework.TestResult$1.protect(TestResult.java:106)
	at junit.framework.TestResult.runProtected(TestResult.java:124)
	at junit.framework.TestResult.run(TestResult.java:109)
	at junit.framework.TestCase.run(TestCase.java:120)
	at junit.framework.TestSuite.runTest(TestSuite.java:230)
	at junit.framework.TestSuite.run(TestSuite.java:225)
	at junit.framework.TestSuite.runTest(TestSuite.java:230)
	at junit.framework.TestSuite.run(TestSuite.java:225)
	at junit.framework.TestSuite.runTest(TestSuite.java:230)
	at junit.framework.TestSuite.run(TestSuite.java:225)
	at junit.framework.TestSuite.runTest(TestSuite.java:230)
	at junit.framework.TestSuite.run(TestSuite.java:225)
	at org.apache.tools.ant.taskdefs.optional.junit.JUnitTestRunner.run(JUnitTestRunner.java:421)
	at org.apache.tools.ant.taskdefs.optional.junit.JUnitTestRunner.launch(JUnitTestRunner.java:912)
	at org.apache.tools.ant.taskdefs.optional.junit.JUnitTestRunner.main(JUnitTestRunner.java:766)
2011. 11. 17 오전 9:45:12 com.mongodb.DBPortPool gotError
경고: emptying DBPortPool to 61.250.201.78:27017 b/c of error
java.io.IOException: couldn't connect to [/61.250.201.78:27017] bc:java.net.ConnectException: Connection timed out: connect
	at com.mongodb.DBPort._open(DBPort.java:224)
	at com.mongodb.DBPort.go(DBPort.java:101)
	at com.mongodb.DBPort.go(DBPort.java:82)
	at com.mongodb.DBPort.say(DBPort.java:77)
	at com.mongodb.DBTCPConnector.say(DBTCPConnector.java:146)
	at com.mongodb.DBTCPConnector.say(DBTCPConnector.java:132)
	at com.mongodb.DBApiLayer$MyCollection.insert(DBApiLayer.java:262)
	at com.mongodb.DBApiLayer$MyCollection.createIndex(DBApiLayer.java:354)
	at com.mongodb.DBCollection.ensureIndex(DBCollection.java:444)
	at com.mongodb.DBCollection.ensureIndex(DBCollection.java:392)
	at net.ion.radon.repository.Workspace.createWorkspace(Workspace.java:64)
	at net.ion.radon.repository.Workspace.load(Workspace.java:43)
	at net.ion.radon.repository.Repository.getWorkspace(Repository.java:28)
	at net.ion.radon.repository.LocalSession.getCurrentWorkspace(LocalSession.java:147)
	at net.ion.radon.repository.LocalSession.dropWorkspace(LocalSession.java:76)
	at net.ion.radon.repository.TestBaseRepository.setUp(TestBaseRepository.java:17)
	at junit.framework.TestCase.runBare(TestCase.java:128)
	at junit.framework.TestResult$1.protect(TestResult.java:106)
	at junit.framework.TestResult.runProtected(TestResult.java:124)
	at junit.framework.TestResult.run(TestResult.java:109)
	at junit.framework.TestCase.run(TestCase.java:120)
	at junit.framework.TestSuite.runTest(TestSuite.java:230)
	at junit.framework.TestSuite.run(TestSuite.java:225)
	at junit.framework.TestSuite.runTest(TestSuite.java:230)
	at junit.framework.TestSuite.run(TestSuite.java:225)
	at junit.framework.TestSuite.runTest(TestSuite.java:230)
	at junit.framework.TestSuite.run(TestSuite.java:225)
	at junit.framework.TestSuite.runTest(TestSuite.java:230)
	at junit.framework.TestSuite.run(TestSuite.java:225)
	at org.apache.tools.ant.taskdefs.optional.junit.JUnitTestRunner.run(JUnitTestRunner.java:421)
	at org.apache.tools.ant.taskdefs.optional.junit.JUnitTestRunner.launch(JUnitTestRunner.java:912)
	at org.apache.tools.ant.taskdefs.optional.junit.JUnitTestRunner.main(JUnitTestRunner.java:766)
2011. 11. 17 오전 9:45:33 com.mongodb.DBTCPConnector fetchMaxBsonObjectSize
경고: Exception determining maxBSON size using0
java.io.IOException: couldn't connect to [/61.250.201.78:27017] bc:java.net.ConnectException: Connection timed out: connect
	at com.mongodb.DBPort._open(DBPort.java:224)
	at com.mongodb.DBPort.go(DBPort.java:101)
	at com.mongodb.DBPort.go(DBPort.java:82)
	at com.mongodb.DBPort.findOne(DBPort.java:142)
	at com.mongodb.DBPort.runCommand(DBPort.java:151)
	at com.mongodb.DBTCPConnector.fetchMaxBsonObjectSize(DBTCPConnector.java:429)
	at com.mongodb.Mongo.getMaxBsonObjectSize(Mongo.java:544)
	at com.mongodb.DBApiLayer$MyCollection.insert(DBApiLayer.java:244)
	at com.mongodb.DBApiLayer$MyCollection.createIndex(DBApiLayer.java:354)
	at com.mongodb.DBCollection.ensureIndex(DBCollection.java:444)
	at com.mongodb.DBCollection.ensureIndex(DBCollection.java:392)
	at net.ion.radon.repository.Workspace.createWorkspace(Workspace.java:64)
	at net.ion.radon.repository.Workspace.load(Workspace.java:43)
	at net.ion.radon.repository.Repository.getWorkspace(Repository.java:28)
	at net.ion.radon.repository.LocalSession.getCurrentWorkspace(LocalSession.java:147)
	at net.ion.radon.repository.LocalSession.dropWorkspace(LocalSession.java:76)
	at net.ion.radon.repository.TestBaseRepository.setUp(TestBaseRepository.java:17)
	at junit.framework.TestCase.runBare(TestCase.java:128)
	at junit.framework.TestResult$1.protect(TestResult.java:106)
	at junit.framework.TestResult.runProtected(TestResult.java:124)
	at junit.framework.TestResult.run(TestResult.java:109)
	at junit.framework.TestCase.run(TestCase.java:120)
	at junit.framework.TestSuite.runTest(TestSuite.java:230)
	at junit.framework.TestSuite.run(TestSuite.java:225)
	at junit.framework.TestSuite.runTest(TestSuite.java:230)
	at junit.framework.TestSuite.run(TestSuite.java:225)
	at junit.framework.TestSuite.runTest(TestSuite.java:230)
	at junit.framework.TestSuite.run(TestSuite.java:225)
	at junit.framework.TestSuite.runTest(TestSuite.java:230)
	at junit.framework.TestSuite.run(TestSuite.java:225)
	at org.apache.tools.ant.taskdefs.optional.junit.JUnitTestRunner.run(JUnitTestRunner.java:421)
	at org.apache.tools.ant.taskdefs.optional.junit.JUnitTestRunner.launch(JUnitTestRunner.java:912)
	at org.apache.tools.ant.taskdefs.optional.junit.JUnitTestRunner.main(JUnitTestRunner.java:766)
2011. 11. 17 오전 9:45:54 com.mongodb.DBTCPConnector fetchMaxBsonObjectSize
경고: Exception determining maxBSON size using0
java.io.IOException: couldn't connect to [/61.250.201.78:27017] bc:java.net.ConnectException: Connection timed out: connect
	at com.mongodb.DBPort._open(DBPort.java:224)
	at com.mongodb.DBPort.go(DBPort.java:101)
	at com.mongodb.DBPort.go(DBPort.java:82)
	at com.mongodb.DBPort.findOne(DBPort.java:142)
	at com.mongodb.DBPort.runCommand(DBPort.java:151)
	at com.mongodb.DBTCPConnector.fetchMaxBsonObjectSize(DBTCPConnector.java:429)
	at com.mongodb.DBTCPConnector.checkMaster(DBTCPConnector.java:416)
	at com.mongodb.DBTCPConnector.say(DBTCPConnector.java:139)
	at com.mongodb.DBTCPConnector.say(DBTCPConnector.java:132)
	at com.mongodb.DBApiLayer$MyCollection.insert(DBApiLayer.java:262)
	at com.mongodb.DBApiLayer$MyCollection.createIndex(DBApiLayer.java:354)
	at com.mongodb.DBCollection.ensureIndex(DBCollection.java:444)
	at com.mongodb.DBCollection.ensureIndex(DBCollection.java:392)
	at net.ion.radon.repository.Workspace.createWorkspace(Workspace.java:64)
	at net.ion.radon.repository.Workspace.load(Workspace.java:43)
	at net.ion.radon.repository.Repository.getWorkspace(Repository.java:28)
	at net.ion.radon.repository.LocalSession.getCurrentWorkspace(LocalSession.java:147)
	at net.ion.radon.repository.LocalSession.dropWorkspace(LocalSession.java:76)
	at net.ion.radon.repository.TestBaseRepository.setUp(TestBaseRepository.java:17)
	at junit.framework.TestCase.runBare(TestCase.java:128)
	at junit.framework.TestResult$1.protect(TestResult.java:106)
	at junit.framework.TestResult.runProtected(TestResult.java:124)
	at junit.framework.TestResult.run(TestResult.java:109)
	at junit.framework.TestCase.run(TestCase.java:120)
	at junit.framework.TestSuite.runTest(TestSuite.java:230)
	at junit.framework.TestSuite.run(TestSuite.java:225)
	at junit.framework.TestSuite.runTest(TestSuite.java:230)
	at junit.framework.TestSuite.run(TestSuite.java:225)
	at junit.framework.TestSuite.runTest(TestSuite.java:230)
	at junit.framework.TestSuite.run(TestSuite.java:225)
	at junit.framework.TestSuite.runTest(TestSuite.java:230)
	at junit.framework.TestSuite.run(TestSuite.java:225)
	at org.apache.tools.ant.taskdefs.optional.junit.JUnitTestRunner.run(JUnitTestRunner.java:421)
	at org.apache.tools.ant.taskdefs.optional.junit.JUnitTestRunner.launch(JUnitTestRunner.java:912)
	at org.apache.tools.ant.taskdefs.optional.junit.JUnitTestRunner.main(JUnitTestRunner.java:766)
2011. 11. 17 오전 9:46:15 com.mongodb.DBPortPool gotError
경고: emptying DBPortPool to 61.250.201.78:27017 b/c of error
java.io.IOException: couldn't connect to [/61.250.201.78:27017] bc:java.net.ConnectException: Connection timed out: connect
	at com.mongodb.DBPort._open(DBPort.java:224)
	at com.mongodb.DBPort.go(DBPort.java:101)
	at com.mongodb.DBPort.go(DBPort.java:82)
	at com.mongodb.DBPort.say(DBPort.java:77)
	at com.mongodb.DBTCPConnector.say(DBTCPConnector.java:146)
	at com.mongodb.DBTCPConnector.say(DBTCPConnector.java:132)
	at com.mongodb.DBApiLayer$MyCollection.insert(DBApiLayer.java:262)
	at com.mongodb.DBApiLayer$MyCollection.createIndex(DBApiLayer.java:354)
	at com.mongodb.DBCollection.ensureIndex(DBCollection.java:444)
	at com.mongodb.DBCollection.ensureIndex(DBCollection.java:392)
	at net.ion.radon.repository.Workspace.createWorkspace(Workspace.java:64)
	at net.ion.radon.repository.Workspace.load(Workspace.java:43)
	at net.ion.radon.repository.Repository.getWorkspace(Repository.java:28)
	at net.ion.radon.repository.LocalSession.getCurrentWorkspace(LocalSession.java:147)
	at net.ion.radon.repository.LocalSession.dropWorkspace(LocalSession.java:76)
	at net.ion.radon.repository.TestBaseRepository.setUp(TestBaseRepository.java:17)
	at junit.framework.TestCase.runBare(TestCase.java:128)
	at junit.framework.TestResult$1.protect(TestResult.java:106)
	at junit.framework.TestResult.runProtected(TestResult.java:124)
	at junit.framework.TestResult.run(TestResult.java:109)
	at junit.framework.TestCase.run(TestCase.java:120)
	at junit.framework.TestSuite.runTest(TestSuite.java:230)
	at junit.framework.TestSuite.run(TestSuite.java:225)
	at junit.framework.TestSuite.runTest(TestSuite.java:230)
	at junit.framework.TestSuite.run(TestSuite.java:225)
	at junit.framework.TestSuite.runTest(TestSuite.java:230)
	at junit.framework.TestSuite.run(TestSuite.java:225)
	at junit.framework.TestSuite.runTest(TestSuite.java:230)
	at junit.framework.TestSuite.run(TestSuite.java:225)
	at org.apache.tools.ant.taskdefs.optional.junit.JUnitTestRunner.run(JUnitTestRunner.java:421)
	at org.apache.tools.ant.taskdefs.optional.junit.JUnitTestRunner.launch(JUnitTestRunner.java:912)
	at org.apache.tools.ant.taskdefs.optional.junit.JUnitTestRunner.main(JUnitTestRunner.java:766)
2011. 11. 17 오전 9:46:36 com.mongodb.DBTCPConnector fetchMaxBsonObjectSize
경고: Exception determining maxBSON size using0
java.io.IOException: couldn't connect to [/61.250.201.78:27017] bc:java.net.ConnectException: Connection timed out: connect
	at com.mongodb.DBPort._open(DBPort.java:224)
	at com.mongodb.DBPort.go(DBPort.java:101)
	at com.mongodb.DBPort.go(DBPort.java:82)
	at com.mongodb.DBPort.findOne(DBPort.java:142)
	at com.mongodb.DBPort.runCommand(DBPort.java:151)
	at com.mongodb.DBTCPConnector.fetchMaxBsonObjectSize(DBTCPConnector.java:429)
	at com.mongodb.Mongo.getMaxBsonObjectSize(Mongo.java:544)
	at com.mongodb.DBApiLayer$MyCollection.insert(DBApiLayer.java:244)
	at com.mongodb.DBApiLayer$MyCollection.createIndex(DBApiLayer.java:354)
	at com.mongodb.DBCollection.ensureIndex(DBCollection.java:444)
	at com.mongodb.DBCollection.ensureIndex(DBCollection.java:392)
	at net.ion.radon.repository.Workspace.createWorkspace(Workspace.java:64)
	at net.ion.radon.repository.Workspace.load(Workspace.java:43)
	at net.ion.radon.repository.Repository.getWorkspace(Repository.java:28)
	at net.ion.radon.repository.LocalSession.getCurrentWorkspace(LocalSession.java:147)
	at net.ion.radon.repository.LocalSession.dropWorkspace(LocalSession.java:76)
	at net.ion.radon.repository.TestBaseRepository.setUp(TestBaseRepository.java:17)
	at junit.framework.TestCase.runBare(TestCase.java:128)
	at junit.framework.TestResult$1.protect(TestResult.java:106)
	at junit.framework.TestResult.runProtected(TestResult.java:124)
	at junit.framework.TestResult.run(TestResult.java:109)
	at junit.framework.TestCase.run(TestCase.java:120)
	at junit.framework.TestSuite.runTest(TestSuite.java:230)
	at junit.framework.TestSuite.run(TestSuite.java:225)
	at junit.framework.TestSuite.runTest(TestSuite.java:230)
	at junit.framework.TestSuite.run(TestSuite.java:225)
	at junit.framework.TestSuite.runTest(TestSuite.java:230)
	at junit.framework.TestSuite.run(TestSuite.java:225)
	at junit.framework.TestSuite.runTest(TestSuite.java:230)
	at junit.framework.TestSuite.run(TestSuite.java:225)
	at org.apache.tools.ant.taskdefs.optional.junit.JUnitTestRunner.run(JUnitTestRunner.java:421)
	at org.apache.tools.ant.taskdefs.optional.junit.JUnitTestRunner.launch(JUnitTestRunner.java:912)
	at org.apache.tools.ant.taskdefs.optional.junit.JUnitTestRunner.main(JUnitTestRunner.java:766)
2011. 11. 17 오전 9:46:57 com.mongodb.DBTCPConnector fetchMaxBsonObjectSize
경고: Exception determining maxBSON size using0
java.io.IOException: couldn't connect to [/61.250.201.78:27017] bc:java.net.ConnectException: Connection timed out: connect
	at com.mongodb.DBPort._open(DBPort.java:224)
	at com.mongodb.DBPort.go(DBPort.java:101)
	at com.mongodb.DBPort.go(DBPort.java:82)
	at com.mongodb.DBPort.findOne(DBPort.java:142)
	at com.mongodb.DBPort.runCommand(DBPort.java:151)
	at com.mongodb.DBTCPConnector.fetchMaxBsonObjectSize(DBTCPConnector.java:429)
	at com.mongodb.DBTCPConnector.checkMaster(DBTCPConnector.java:416)
	at com.mongodb.DBTCPConnector.say(DBTCPConnector.java:139)
	at com.mongodb.DBTCPConnector.say(DBTCPConnector.java:132)
	at com.mongodb.DBApiLayer$MyCollection.insert(DBApiLayer.java:262)
	at com.mongodb.DBApiLayer$MyCollection.createIndex(DBApiLayer.java:354)
	at com.mongodb.DBCollection.ensureIndex(DBCollection.java:444)
	at com.mongodb.DBCollection.ensureIndex(DBCollection.java:392)
	at net.ion.radon.repository.Workspace.createWorkspace(Workspace.java:64)
	at net.ion.radon.repository.Workspace.load(Workspace.java:43)
	at net.ion.radon.repository.Repository.getWorkspace(Repository.java:28)
	at net.ion.radon.repository.LocalSession.getCurrentWorkspace(LocalSession.java:147)
	at net.ion.radon.repository.LocalSession.dropWorkspace(LocalSession.java:76)
	at net.ion.radon.repository.TestBaseRepository.setUp(TestBaseRepository.java:17)
	at junit.framework.TestCase.runBare(TestCase.java:128)
	at junit.framework.TestResult$1.protect(TestResult.java:106)
	at junit.framework.TestResult.runProtected(TestResult.java:124)
	at junit.framework.TestResult.run(TestResult.java:109)
	at junit.framework.TestCase.run(TestCase.java:120)
	at junit.framework.TestSuite.runTest(TestSuite.java:230)
	at junit.framework.TestSuite.run(TestSuite.java:225)
	at junit.framework.TestSuite.runTest(TestSuite.java:230)
	at junit.framework.TestSuite.run(TestSuite.java:225)
	at junit.framework.TestSuite.runTest(TestSuite.java:230)
	at junit.framework.TestSuite.run(TestSuite.java:225)
	at junit.framework.TestSuite.runTest(TestSuite.java:230)
	at junit.framework.TestSuite.run(TestSuite.java:225)
	at org.apache.tools.ant.taskdefs.optional.junit.JUnitTestRunner.run(JUnitTestRunner.java:421)
	at org.apache.tools.ant.taskdefs.optional.junit.JUnitTestRunner.launch(JUnitTestRunner.java:912)
	at org.apache.tools.ant.taskdefs.optional.junit.JUnitTestRunner.main(JUnitTestRunner.java:766)
2011. 11. 17 오전 9:47:18 com.mongodb.DBPortPool gotError
경고: emptying DBPortPool to 61.250.201.78:27017 b/c of error
java.io.IOException: couldn't connect to [/61.250.201.78:27017] bc:java.net.ConnectException: Connection timed out: connect
	at com.mongodb.DBPort._open(DBPort.java:224)
	at com.mongodb.DBPort.go(DBPort.java:101)
	at com.mongodb.DBPort.go(DBPort.java:82)
	at com.mongodb.DBPort.say(DBPort.java:77)
	at com.mongodb.DBTCPConnector.say(DBTCPConnector.java:146)
	at com.mongodb.DBTCPConnector.say(DBTCPConnector.java:132)
	at com.mongodb.DBApiLayer$MyCollection.insert(DBApiLayer.java:262)
	at com.mongodb.DBApiLayer$MyCollection.createIndex(DBApiLayer.java:354)
	at com.mongodb.DBCollection.ensureIndex(DBCollection.java:444)
	at com.mongodb.DBCollection.ensureIndex(DBCollection.java:392)
	at net.ion.radon.repository.Workspace.createWorkspace(Workspace.java:64)
	at net.ion.radon.repository.Workspace.load(Workspace.java:43)
	at net.ion.radon.repository.Repository.getWorkspace(Repository.java:28)
	at net.ion.radon.repository.LocalSession.getCurrentWorkspace(LocalSession.java:147)
	at net.ion.radon.repository.LocalSession.dropWorkspace(LocalSession.java:76)
	at net.ion.radon.repository.TestBaseRepository.setUp(TestBaseRepository.java:17)
	at junit.framework.TestCase.runBare(TestCase.java:128)
	at junit.framework.TestResult$1.protect(TestResult.java:106)
	at junit.framework.TestResult.runProtected(TestResult.java:124)
	at junit.framework.TestResult.run(TestResult.java:109)
	at junit.framework.TestCase.run(TestCase.java:120)
	at junit.framework.TestSuite.runTest(TestSuite.java:230)
	at junit.framework.TestSuite.run(TestSuite.java:225)
	at junit.framework.TestSuite.runTest(TestSuite.java:230)
	at junit.framework.TestSuite.run(TestSuite.java:225)
	at junit.framework.TestSuite.runTest(TestSuite.java:230)
	at junit.framework.TestSuite.run(TestSuite.java:225)
	at junit.framework.TestSuite.runTest(TestSuite.java:230)
	at junit.framework.TestSuite.run(TestSuite.java:225)
	at org.apache.tools.ant.taskdefs.optional.junit.JUnitTestRunner.run(JUnitTestRunner.java:421)
	at org.apache.tools.ant.taskdefs.optional.junit.JUnitTestRunner.launch(JUnitTestRunner.java:912)
	at org.apache.tools.ant.taskdefs.optional.junit.JUnitTestRunner.main(JUnitTestRunner.java:766)
2011. 11. 17 오전 9:47:39 com.mongodb.DBTCPConnector fetchMaxBsonObjectSize
경고: Exception determining maxBSON size using0
java.io.IOException: couldn't connect to [/61.250.201.78:27017] bc:java.net.ConnectException: Connection timed out: connect
	at com.mongodb.DBPort._open(DBPort.java:224)
	at com.mongodb.DBPort.go(DBPort.java:101)
	at com.mongodb.DBPort.go(DBPort.java:82)
	at com.mongodb.DBPort.findOne(DBPort.java:142)
	at com.mongodb.DBPort.runCommand(DBPort.java:151)
	at com.mongodb.DBTCPConnector.fetchMaxBsonObjectSize(DBTCPConnector.java:429)
	at com.mongodb.Mongo.getMaxBsonObjectSize(Mongo.java:544)
	at com.mongodb.DBApiLayer$MyCollection.insert(DBApiLayer.java:244)
	at com.mongodb.DBApiLayer$MyCollection.createIndex(DBApiLayer.java:354)
	at com.mongodb.DBCollection.ensureIndex(DBCollection.java:444)
	at com.mongodb.DBCollection.ensureIndex(DBCollection.java:392)
	at net.ion.radon.repository.Workspace.createWorkspace(Workspace.java:64)
	at net.ion.radon.repository.Workspace.load(Workspace.java:43)
	at net.ion.radon.repository.Repository.getWorkspace(Repository.java:28)
	at net.ion.radon.repository.LocalSession.getCurrentWorkspace(LocalSession.java:147)
	at net.ion.radon.repository.LocalSession.dropWorkspace(LocalSession.java:76)
	at net.ion.radon.repository.TestBaseRepository.setUp(TestBaseRepository.java:17)
	at junit.framework.TestCase.runBare(TestCase.java:128)
	at junit.framework.TestResult$1.protect(TestResult.java:106)
	at junit.framework.TestResult.runProtected(TestResult.java:124)
	at junit.framework.TestResult.run(TestResult.java:109)
	at junit.framework.TestCase.run(TestCase.java:120)
	at junit.framework.TestSuite.runTest(TestSuite.java:230)
	at junit.framework.TestSuite.run(TestSuite.java:225)
	at junit.framework.TestSuite.runTest(TestSuite.java:230)
	at junit.framework.TestSuite.run(TestSuite.java:225)
	at junit.framework.TestSuite.runTest(TestSuite.java:230)
	at junit.framework.TestSuite.run(TestSuite.java:225)
	at junit.framework.TestSuite.runTest(TestSuite.java:230)
	at junit.framework.TestSuite.run(TestSuite.java:225)
	at org.apache.tools.ant.taskdefs.optional.junit.JUnitTestRunner.run(JUnitTestRunner.java:421)
	at org.apache.tools.ant.taskdefs.optional.junit.JUnitTestRunner.launch(JUnitTestRunner.java:912)
	at org.apache.tools.ant.taskdefs.optional.junit.JUnitTestRunner.main(JUnitTestRunner.java:766)
2011. 11. 17 오전 9:48:00 com.mongodb.DBTCPConnector fetchMaxBsonObjectSize
경고: Exception determining maxBSON size using0
java.io.IOException: couldn't connect to [/61.250.201.78:27017] bc:java.net.ConnectException: Connection timed out: connect
	at com.mongodb.DBPort._open(DBPort.java:224)
	at com.mongodb.DBPort.go(DBPort.java:101)
	at com.mongodb.DBPort.go(DBPort.java:82)
	at com.mongodb.DBPort.findOne(DBPort.java:142)
	at com.mongodb.DBPort.runCommand(DBPort.java:151)
	at com.mongodb.DBTCPConnector.fetchMaxBsonObjectSize(DBTCPConnector.java:429)
	at com.mongodb.DBTCPConnector.checkMaster(DBTCPConnector.java:416)
	at com.mongodb.DBTCPConnector.say(DBTCPConnector.java:139)
	at com.mongodb.DBTCPConnector.say(DBTCPConnector.java:132)
	at com.mongodb.DBApiLayer$MyCollection.insert(DBApiLayer.java:262)
	at com.mongodb.DBApiLayer$MyCollection.createIndex(DBApiLayer.java:354)
	at com.mongodb.DBCollection.ensureIndex(DBCollection.java:444)
	at com.mongodb.DBCollection.ensureIndex(DBCollection.java:392)
	at net.ion.radon.repository.Workspace.createWorkspace(Workspace.java:64)
	at net.ion.radon.repository.Workspace.load(Workspace.java:43)
	at net.ion.radon.repository.Repository.getWorkspace(Repository.java:28)
	at net.ion.radon.repository.LocalSession.getCurrentWorkspace(LocalSession.java:147)
	at net.ion.radon.repository.LocalSession.dropWorkspace(LocalSession.java:76)
	at net.ion.radon.repository.TestBaseRepository.setUp(TestBaseRepository.java:17)
	at junit.framework.TestCase.runBare(TestCase.java:128)
	at junit.framework.TestResult$1.protect(TestResult.java:106)
	at junit.framework.TestResult.runProtected(TestResult.java:124)
	at junit.framework.TestResult.run(TestResult.java:109)
	at junit.framework.TestCase.run(TestCase.java:120)
	at junit.framework.TestSuite.runTest(TestSuite.java:230)
	at junit.framework.TestSuite.run(TestSuite.java:225)
	at junit.framework.TestSuite.runTest(TestSuite.java:230)
	at junit.framework.TestSuite.run(TestSuite.java:225)
	at junit.framework.TestSuite.runTest(TestSuite.java:230)
	at junit.framework.TestSuite.run(TestSuite.java:225)
	at junit.framework.TestSuite.runTest(TestSuite.java:230)
	at junit.framework.TestSuite.run(TestSuite.java:225)
	at org.apache.tools.ant.taskdefs.optional.junit.JUnitTestRunner.run(JUnitTestRunner.java:421)
	at org.apache.tools.ant.taskdefs.optional.junit.JUnitTestRunner.launch(JUnitTestRunner.java:912)
	at org.apache.tools.ant.taskdefs.optional.junit.JUnitTestRunner.main(JUnitTestRunner.java:766)
2011. 11. 17 오전 9:48:21 com.mongodb.DBPortPool gotError
경고: emptying DBPortPool to 61.250.201.78:27017 b/c of error
java.io.IOException: couldn't connect to [/61.250.201.78:27017] bc:java.net.ConnectException: Connection timed out: connect
	at com.mongodb.DBPort._open(DBPort.java:224)
	at com.mongodb.DBPort.go(DBPort.java:101)
	at com.mongodb.DBPort.go(DBPort.java:82)
	at com.mongodb.DBPort.say(DBPort.java:77)
	at com.mongodb.DBTCPConnector.say(DBTCPConnector.java:146)
	at com.mongodb.DBTCPConnector.say(DBTCPConnector.java:132)
	at com.mongodb.DBApiLayer$MyCollection.insert(DBApiLayer.java:262)
	at com.mongodb.DBApiLayer$MyCollection.createIndex(DBApiLayer.java:354)
	at com.mongodb.DBCollection.ensureIndex(DBCollection.java:444)
	at com.mongodb.DBCollection.ensureIndex(DBCollection.java:392)
	at net.ion.radon.repository.Workspace.createWorkspace(Workspace.java:64)
	at net.ion.radon.repository.Workspace.load(Workspace.java:43)
	at net.ion.radon.repository.Repository.getWorkspace(Repository.java:28)
	at net.ion.radon.repository.LocalSession.getCurrentWorkspace(LocalSession.java:147)
	at net.ion.radon.repository.LocalSession.dropWorkspace(LocalSession.java:76)
	at net.ion.radon.repository.TestBaseRepository.setUp(TestBaseRepository.java:17)
	at junit.framework.TestCase.runBare(TestCase.java:128)
	at junit.framework.TestResult$1.protect(TestResult.java:106)
	at junit.framework.TestResult.runProtected(TestResult.java:124)
	at junit.framework.TestResult.run(TestResult.java:109)
	at junit.framework.TestCase.run(TestCase.java:120)
	at junit.framework.TestSuite.runTest(TestSuite.java:230)
	at junit.framework.TestSuite.run(TestSuite.java:225)
	at junit.framework.TestSuite.runTest(TestSuite.java:230)
	at junit.framework.TestSuite.run(TestSuite.java:225)
	at junit.framework.TestSuite.runTest(TestSuite.java:230)
	at junit.framework.TestSuite.run(TestSuite.java:225)
	at junit.framework.TestSuite.runTest(TestSuite.java:230)
	at junit.framework.TestSuite.run(TestSuite.java:225)
	at org.apache.tools.ant.taskdefs.optional.junit.JUnitTestRunner.run(JUnitTestRunner.java:421)
	at org.apache.tools.ant.taskdefs.optional.junit.JUnitTestRunner.launch(JUnitTestRunner.java:912)
	at org.apache.tools.ant.taskdefs.optional.junit.JUnitTestRunner.main(JUnitTestRunner.java:766)
2011. 11. 17 오전 9:48:42 com.mongodb.DBTCPConnector fetchMaxBsonObjectSize
경고: Exception determining maxBSON size using0
java.io.IOException: couldn't connect to [/61.250.201.78:27017] bc:java.net.ConnectException: Connection timed out: connect
	at com.mongodb.DBPort._open(DBPort.java:224)
	at com.mongodb.DBPort.go(DBPort.java:101)
	at com.mongodb.DBPort.go(DBPort.java:82)
	at com.mongodb.DBPort.findOne(DBPort.java:142)
	at com.mongodb.DBPort.runCommand(DBPort.java:151)
	at com.mongodb.DBTCPConnector.fetchMaxBsonObjectSize(DBTCPConnector.java:429)
	at com.mongodb.Mongo.getMaxBsonObjectSize(Mongo.java:544)
	at com.mongodb.DBApiLayer$MyCollection.insert(DBApiLayer.java:244)
	at com.mongodb.DBApiLayer$MyCollection.createIndex(DBApiLayer.java:354)
	at com.mongodb.DBCollection.ensureIndex(DBCollection.java:444)
	at com.mongodb.DBCollection.ensureIndex(DBCollection.java:392)
	at net.ion.radon.repository.Workspace.createWorkspace(Workspace.java:64)
	at net.ion.radon.repository.Workspace.load(Workspace.java:43)
	at net.ion.radon.repository.Repository.getWorkspace(Repository.java:28)
	at net.ion.radon.repository.LocalSession.getCurrentWorkspace(LocalSession.java:147)
	at net.ion.radon.repository.LocalSession.dropWorkspace(LocalSession.java:76)
	at net.ion.radon.repository.TestBaseRepository.setUp(TestBaseRepository.java:17)
	at junit.framework.TestCase.runBare(TestCase.java:128)
	at junit.framework.TestResult$1.protect(TestResult.java:106)
	at junit.framework.TestResult.runProtected(TestResult.java:124)
	at junit.framework.TestResult.run(TestResult.java:109)
	at junit.framework.TestCase.run(TestCase.java:120)
	at junit.framework.TestSuite.runTest(TestSuite.java:230)
	at junit.framework.TestSuite.run(TestSuite.java:225)
	at junit.framework.TestSuite.runTest(TestSuite.java:230)
	at junit.framework.TestSuite.run(TestSuite.java:225)
	at junit.framework.TestSuite.runTest(TestSuite.java:230)
	at junit.framework.TestSuite.run(TestSuite.java:225)
	at junit.framework.TestSuite.runTest(TestSuite.java:230)
	at junit.framework.TestSuite.run(TestSuite.java:225)
	at org.apache.tools.ant.taskdefs.optional.junit.JUnitTestRunner.run(JUnitTestRunner.java:421)
	at org.apache.tools.ant.taskdefs.optional.junit.JUnitTestRunner.launch(JUnitTestRunner.java:912)
	at org.apache.tools.ant.taskdefs.optional.junit.JUnitTestRunner.main(JUnitTestRunner.java:766)
2011. 11. 17 오전 9:49:03 com.mongodb.DBTCPConnector fetchMaxBsonObjectSize
경고: Exception determining maxBSON size using0
java.io.IOException: couldn't connect to [/61.250.201.78:27017] bc:java.net.ConnectException: Connection timed out: connect
	at com.mongodb.DBPort._open(DBPort.java:224)
	at com.mongodb.DBPort.go(DBPort.java:101)
	at com.mongodb.DBPort.go(DBPort.java:82)
	at com.mongodb.DBPort.findOne(DBPort.java:142)
	at com.mongodb.DBPort.runCommand(DBPort.java:151)
	at com.mongodb.DBTCPConnector.fetchMaxBsonObjectSize(DBTCPConnector.java:429)
	at com.mongodb.DBTCPConnector.checkMaster(DBTCPConnector.java:416)
	at com.mongodb.DBTCPConnector.say(DBTCPConnector.java:139)
	at com.mongodb.DBTCPConnector.say(DBTCPConnector.java:132)
	at com.mongodb.DBApiLayer$MyCollection.insert(DBApiLayer.java:262)
	at com.mongodb.DBApiLayer$MyCollection.createIndex(DBApiLayer.java:354)
	at com.mongodb.DBCollection.ensureIndex(DBCollection.java:444)
	at com.mongodb.DBCollection.ensureIndex(DBCollection.java:392)
	at net.ion.radon.repository.Workspace.createWorkspace(Workspace.java:64)
	at net.ion.radon.repository.Workspace.load(Workspace.java:43)
	at net.ion.radon.repository.Repository.getWorkspace(Repository.java:28)
	at net.ion.radon.repository.LocalSession.getCurrentWorkspace(LocalSession.java:147)
	at net.ion.radon.repository.LocalSession.dropWorkspace(LocalSession.java:76)
	at net.ion.radon.repository.TestBaseRepository.setUp(TestBaseRepository.java:17)
	at junit.framework.TestCase.runBare(TestCase.java:128)
	at junit.framework.TestResult$1.protect(TestResult.java:106)
	at junit.framework.TestResult.runProtected(TestResult.java:124)
	at junit.framework.TestResult.run(TestResult.java:109)
	at junit.framework.TestCase.run(TestCase.java:120)
	at junit.framework.TestSuite.runTest(TestSuite.java:230)
	at junit.framework.TestSuite.run(TestSuite.java:225)
	at junit.framework.TestSuite.runTest(TestSuite.java:230)
	at junit.framework.TestSuite.run(TestSuite.java:225)
	at junit.framework.TestSuite.runTest(TestSuite.java:230)
	at junit.framework.TestSuite.run(TestSuite.java:225)
	at junit.framework.TestSuite.runTest(TestSuite.java:230)
	at junit.framework.TestSuite.run(TestSuite.java:225)
	at org.apache.tools.ant.taskdefs.optional.junit.JUnitTestRunner.run(JUnitTestRunner.java:421)
	at org.apache.tools.ant.taskdefs.optional.junit.JUnitTestRunner.launch(JUnitTestRunner.java:912)
	at org.apache.tools.ant.taskdefs.optional.junit.JUnitTestRunner.main(JUnitTestRunner.java:766)
2011. 11. 17 오전 9:49:24 com.mongodb.DBPortPool gotError
경고: emptying DBPortPool to 61.250.201.78:27017 b/c of error
java.io.IOException: couldn't connect to [/61.250.201.78:27017] bc:java.net.ConnectException: Connection timed out: connect
	at com.mongodb.DBPort._open(DBPort.java:224)
	at com.mongodb.DBPort.go(DBPort.java:101)
	at com.mongodb.DBPort.go(DBPort.java:82)
	at com.mongodb.DBPort.say(DBPort.java:77)
	at com.mongodb.DBTCPConnector.say(DBTCPConnector.java:146)
	at com.mongodb.DBTCPConnector.say(DBTCPConnector.java:132)
	at com.mongodb.DBApiLayer$MyCollection.insert(DBApiLayer.java:262)
	at com.mongodb.DBApiLayer$MyCollection.createIndex(DBApiLayer.java:354)
	at com.mongodb.DBCollection.ensureIndex(DBCollection.java:444)
	at com.mongodb.DBCollection.ensureIndex(DBCollection.java:392)
	at net.ion.radon.repository.Workspace.createWorkspace(Workspace.java:64)
	at net.ion.radon.repository.Workspace.load(Workspace.java:43)
	at net.ion.radon.repository.Repository.getWorkspace(Repository.java:28)
	at net.ion.radon.repository.LocalSession.getCurrentWorkspace(LocalSession.java:147)
	at net.ion.radon.repository.LocalSession.dropWorkspace(LocalSession.java:76)
	at net.ion.radon.repository.TestBaseRepository.setUp(TestBaseRepository.java:17)
	at junit.framework.TestCase.runBare(TestCase.java:128)
	at junit.framework.TestResult$1.protect(TestResult.java:106)
	at junit.framework.TestResult.runProtected(TestResult.java:124)
	at junit.framework.TestResult.run(TestResult.java:109)
	at junit.framework.TestCase.run(TestCase.java:120)
	at junit.framework.TestSuite.runTest(TestSuite.java:230)
	at junit.framework.TestSuite.run(TestSuite.java:225)
	at junit.framework.TestSuite.runTest(TestSuite.java:230)
	at junit.framework.TestSuite.run(TestSuite.java:225)
	at junit.framework.TestSuite.runTest(TestSuite.java:230)
	at junit.framework.TestSuite.run(TestSuite.java:225)
	at junit.framework.TestSuite.runTest(TestSuite.java:230)
	at junit.framework.TestSuite.run(TestSuite.java:225)
	at org.apache.tools.ant.taskdefs.optional.junit.JUnitTestRunner.run(JUnitTestRunner.java:421)
	at org.apache.tools.ant.taskdefs.optional.junit.JUnitTestRunner.launch(JUnitTestRunner.java:912)
	at org.apache.tools.ant.taskdefs.optional.junit.JUnitTestRunner.main(JUnitTestRunner.java:766)
2011. 11. 17 오전 9:49:45 com.mongodb.DBTCPConnector fetchMaxBsonObjectSize
경고: Exception determining maxBSON size using0
java.io.IOException: couldn't connect to [/61.250.201.78:27017] bc:java.net.ConnectException: Connection timed out: connect
	at com.mongodb.DBPort._open(DBPort.java:224)
	at com.mongodb.DBPort.go(DBPort.java:101)
	at com.mongodb.DBPort.go(DBPort.java:82)
	at com.mongodb.DBPort.findOne(DBPort.java:142)
	at com.mongodb.DBPort.runCommand(DBPort.java:151)
	at com.mongodb.DBTCPConnector.fetchMaxBsonObjectSize(DBTCPConnector.java:429)
	at com.mongodb.Mongo.getMaxBsonObjectSize(Mongo.java:544)
	at com.mongodb.DBApiLayer$MyCollection.insert(DBApiLayer.java:244)
	at com.mongodb.DBApiLayer$MyCollection.createIndex(DBApiLayer.java:354)
	at com.mongodb.DBCollection.ensureIndex(DBCollection.java:444)
	at com.mongodb.DBCollection.ensureIndex(DBCollection.java:392)
	at net.ion.radon.repository.Workspace.createWorkspace(Workspace.java:64)
	at net.ion.radon.repository.Workspace.load(Workspace.java:43)
	at net.ion.radon.repository.Repository.getWorkspace(Repository.java:28)
	at net.ion.radon.repository.LocalSession.getCurrentWorkspace(LocalSession.java:147)
	at net.ion.radon.repository.LocalSession.dropWorkspace(LocalSession.java:76)
	at net.ion.radon.repository.TestBaseRepository.setUp(TestBaseRepository.java:17)
	at junit.framework.TestCase.runBare(TestCase.java:128)
	at junit.framework.TestResult$1.protect(TestResult.java:106)
	at junit.framework.TestResult.runProtected(TestResult.java:124)
	at junit.framework.TestResult.run(TestResult.java:109)
	at junit.framework.TestCase.run(TestCase.java:120)
	at junit.framework.TestSuite.runTest(TestSuite.java:230)
	at junit.framework.TestSuite.run(TestSuite.java:225)
	at junit.framework.TestSuite.runTest(TestSuite.java:230)
	at junit.framework.TestSuite.run(TestSuite.java:225)
	at junit.framework.TestSuite.runTest(TestSuite.java:230)
	at junit.framework.TestSuite.run(TestSuite.java:225)
	at junit.framework.TestSuite.runTest(TestSuite.java:230)
	at junit.framework.TestSuite.run(TestSuite.java:225)
	at org.apache.tools.ant.taskdefs.optional.junit.JUnitTestRunner.run(JUnitTestRunner.java:421)
	at org.apache.tools.ant.taskdefs.optional.junit.JUnitTestRunner.launch(JUnitTestRunner.java:912)
	at org.apache.tools.ant.taskdefs.optional.junit.JUnitTestRunner.main(JUnitTestRunner.java:766)
2011. 11. 17 오전 9:50:06 com.mongodb.DBTCPConnector fetchMaxBsonObjectSize
경고: Exception determining maxBSON size using0
java.io.IOException: couldn't connect to [/61.250.201.78:27017] bc:java.net.ConnectException: Connection timed out: connect
	at com.mongodb.DBPort._open(DBPort.java:224)
	at com.mongodb.DBPort.go(DBPort.java:101)
	at com.mongodb.DBPort.go(DBPort.java:82)
	at com.mongodb.DBPort.findOne(DBPort.java:142)
	at com.mongodb.DBPort.runCommand(DBPort.java:151)
	at com.mongodb.DBTCPConnector.fetchMaxBsonObjectSize(DBTCPConnector.java:429)
	at com.mongodb.DBTCPConnector.checkMaster(DBTCPConnector.java:416)
	at com.mongodb.DBTCPConnector.say(DBTCPConnector.java:139)
	at com.mongodb.DBTCPConnector.say(DBTCPConnector.java:132)
	at com.mongodb.DBApiLayer$MyCollection.insert(DBApiLayer.java:262)
	at com.mongodb.DBApiLayer$MyCollection.createIndex(DBApiLayer.java:354)
	at com.mongodb.DBCollection.ensureIndex(DBCollection.java:444)
	at com.mongodb.DBCollection.ensureIndex(DBCollection.java:392)
	at net.ion.radon.repository.Workspace.createWorkspace(Workspace.java:64)
	at net.ion.radon.repository.Workspace.load(Workspace.java:43)
	at net.ion.radon.repository.Repository.getWorkspace(Repository.java:28)
	at net.ion.radon.repository.LocalSession.getCurrentWorkspace(LocalSession.java:147)
	at net.ion.radon.repository.LocalSession.dropWorkspace(LocalSession.java:76)
	at net.ion.radon.repository.TestBaseRepository.setUp(TestBaseRepository.java:17)
	at junit.framework.TestCase.runBare(TestCase.java:128)
	at junit.framework.TestResult$1.protect(TestResult.java:106)
	at junit.framework.TestResult.runProtected(TestResult.java:124)
	at junit.framework.TestResult.run(TestResult.java:109)
	at junit.framework.TestCase.run(TestCase.java:120)
	at junit.framework.TestSuite.runTest(TestSuite.java:230)
	at junit.framework.TestSuite.run(TestSuite.java:225)
	at junit.framework.TestSuite.runTest(TestSuite.java:230)
	at junit.framework.TestSuite.run(TestSuite.java:225)
	at junit.framework.TestSuite.runTest(TestSuite.java:230)
	at junit.framework.TestSuite.run(TestSuite.java:225)
	at junit.framework.TestSuite.runTest(TestSuite.java:230)
	at junit.framework.TestSuite.run(TestSuite.java:225)
	at org.apache.tools.ant.taskdefs.optional.junit.JUnitTestRunner.run(JUnitTestRunner.java:421)
	at org.apache.tools.ant.taskdefs.optional.junit.JUnitTestRunner.launch(JUnitTestRunner.java:912)
	at org.apache.tools.ant.taskdefs.optional.junit.JUnitTestRunner.main(JUnitTestRunner.java:766)
2011. 11. 17 오전 9:50:27 com.mongodb.DBPortPool gotError
경고: emptying DBPortPool to 61.250.201.78:27017 b/c of error
java.io.IOException: couldn't connect to [/61.250.201.78:27017] bc:java.net.ConnectException: Connection timed out: connect
	at com.mongodb.DBPort._open(DBPort.java:224)
	at com.mongodb.DBPort.go(DBPort.java:101)
	at com.mongodb.DBPort.go(DBPort.java:82)
	at com.mongodb.DBPort.say(DBPort.java:77)
	at com.mongodb.DBTCPConnector.say(DBTCPConnector.java:146)
	at com.mongodb.DBTCPConnector.say(DBTCPConnector.java:132)
	at com.mongodb.DBApiLayer$MyCollection.insert(DBApiLayer.java:262)
	at com.mongodb.DBApiLayer$MyCollection.createIndex(DBApiLayer.java:354)
	at com.mongodb.DBCollection.ensureIndex(DBCollection.java:444)
	at com.mongodb.DBCollection.ensureIndex(DBCollection.java:392)
	at net.ion.radon.repository.Workspace.createWorkspace(Workspace.java:64)
	at net.ion.radon.repository.Workspace.load(Workspace.java:43)
	at net.ion.radon.repository.Repository.getWorkspace(Repository.java:28)
	at net.ion.radon.repository.LocalSession.getCurrentWorkspace(LocalSession.java:147)
	at net.ion.radon.repository.LocalSession.dropWorkspace(LocalSession.java:76)
	at net.ion.radon.repository.TestBaseRepository.setUp(TestBaseRepository.java:17)
	at junit.framework.TestCase.runBare(TestCase.java:128)
	at junit.framework.TestResult$1.protect(TestResult.java:106)
	at junit.framework.TestResult.runProtected(TestResult.java:124)
	at junit.framework.TestResult.run(TestResult.java:109)
	at junit.framework.TestCase.run(TestCase.java:120)
	at junit.framework.TestSuite.runTest(TestSuite.java:230)
	at junit.framework.TestSuite.run(TestSuite.java:225)
	at junit.framework.TestSuite.runTest(TestSuite.java:230)
	at junit.framework.TestSuite.run(TestSuite.java:225)
	at junit.framework.TestSuite.runTest(TestSuite.java:230)
	at junit.framework.TestSuite.run(TestSuite.java:225)
	at junit.framework.TestSuite.runTest(TestSuite.java:230)
	at junit.framework.TestSuite.run(TestSuite.java:225)
	at org.apache.tools.ant.taskdefs.optional.junit.JUnitTestRunner.run(JUnitTestRunner.java:421)
	at org.apache.tools.ant.taskdefs.optional.junit.JUnitTestRunner.launch(JUnitTestRunner.java:912)
	at org.apache.tools.ant.taskdefs.optional.junit.JUnitTestRunner.main(JUnitTestRunner.java:766)
2011. 11. 17 오전 9:50:48 com.mongodb.DBTCPConnector fetchMaxBsonObjectSize
경고: Exception determining maxBSON size using0
java.io.IOException: couldn't connect to [/61.250.201.78:27017] bc:java.net.ConnectException: Connection timed out: connect
	at com.mongodb.DBPort._open(DBPort.java:224)
	at com.mongodb.DBPort.go(DBPort.java:101)
	at com.mongodb.DBPort.go(DBPort.java:82)
	at com.mongodb.DBPort.findOne(DBPort.java:142)
	at com.mongodb.DBPort.runCommand(DBPort.java:151)
	at com.mongodb.DBTCPConnector.fetchMaxBsonObjectSize(DBTCPConnector.java:429)
	at com.mongodb.Mongo.getMaxBsonObjectSize(Mongo.java:544)
	at com.mongodb.DBApiLayer$MyCollection.insert(DBApiLayer.java:244)
	at com.mongodb.DBApiLayer$MyCollection.createIndex(DBApiLayer.java:354)
	at com.mongodb.DBCollection.ensureIndex(DBCollection.java:444)
	at com.mongodb.DBCollection.ensureIndex(DBCollection.java:392)
	at net.ion.radon.repository.Workspace.createWorkspace(Workspace.java:64)
	at net.ion.radon.repository.Workspace.load(Workspace.java:43)
	at net.ion.radon.repository.Repository.getWorkspace(Repository.java:28)
	at net.ion.radon.repository.LocalSession.getCurrentWorkspace(LocalSession.java:147)
	at net.ion.radon.repository.LocalSession.dropWorkspace(LocalSession.java:76)
	at net.ion.radon.repository.TestBaseRepository.setUp(TestBaseRepository.java:17)
	at junit.framework.TestCase.runBare(TestCase.java:128)
	at junit.framework.TestResult$1.protect(TestResult.java:106)
	at junit.framework.TestResult.runProtected(TestResult.java:124)
	at junit.framework.TestResult.run(TestResult.java:109)
	at junit.framework.TestCase.run(TestCase.java:120)
	at junit.framework.TestSuite.runTest(TestSuite.java:230)
	at junit.framework.TestSuite.run(TestSuite.java:225)
	at junit.framework.TestSuite.runTest(TestSuite.java:230)
	at junit.framework.TestSuite.run(TestSuite.java:225)
	at junit.framework.TestSuite.runTest(TestSuite.java:230)
	at junit.framework.TestSuite.run(TestSuite.java:225)
	at junit.framework.TestSuite.runTest(TestSuite.java:230)
	at junit.framework.TestSuite.run(TestSuite.java:225)
	at org.apache.tools.ant.taskdefs.optional.junit.JUnitTestRunner.run(JUnitTestRunner.java:421)
	at org.apache.tools.ant.taskdefs.optional.junit.JUnitTestRunner.launch(JUnitTestRunner.java:912)
	at org.apache.tools.ant.taskdefs.optional.junit.JUnitTestRunner.main(JUnitTestRunner.java:766)
2011. 11. 17 오전 9:51:09 com.mongodb.DBTCPConnector fetchMaxBsonObjectSize
경고: Exception determining maxBSON size using0
java.io.IOException: couldn't connect to [/61.250.201.78:27017] bc:java.net.ConnectException: Connection timed out: connect
	at com.mongodb.DBPort._open(DBPort.java:224)
	at com.mongodb.DBPort.go(DBPort.java:101)
	at com.mongodb.DBPort.go(DBPort.java:82)
	at com.mongodb.DBPort.findOne(DBPort.java:142)
	at com.mongodb.DBPort.runCommand(DBPort.java:151)
	at com.mongodb.DBTCPConnector.fetchMaxBsonObjectSize(DBTCPConnector.java:429)
	at com.mongodb.DBTCPConnector.checkMaster(DBTCPConnector.java:416)
	at com.mongodb.DBTCPConnector.say(DBTCPConnector.java:139)
	at com.mongodb.DBTCPConnector.say(DBTCPConnector.java:132)
	at com.mongodb.DBApiLayer$MyCollection.insert(DBApiLayer.java:262)
	at com.mongodb.DBApiLayer$MyCollection.createIndex(DBApiLayer.java:354)
	at com.mongodb.DBCollection.ensureIndex(DBCollection.java:444)
	at com.mongodb.DBCollection.ensureIndex(DBCollection.java:392)
	at net.ion.radon.repository.Workspace.createWorkspace(Workspace.java:64)
	at net.ion.radon.repository.Workspace.load(Workspace.java:43)
	at net.ion.radon.repository.Repository.getWorkspace(Repository.java:28)
	at net.ion.radon.repository.LocalSession.getCurrentWorkspace(LocalSession.java:147)
	at net.ion.radon.repository.LocalSession.dropWorkspace(LocalSession.java:76)
	at net.ion.radon.repository.TestBaseRepository.setUp(TestBaseRepository.java:17)
	at junit.framework.TestCase.runBare(TestCase.java:128)
	at junit.framework.TestResult$1.protect(TestResult.java:106)
	at junit.framework.TestResult.runProtected(TestResult.java:124)
	at junit.framework.TestResult.run(TestResult.java:109)
	at junit.framework.TestCase.run(TestCase.java:120)
	at junit.framework.TestSuite.runTest(TestSuite.java:230)
	at junit.framework.TestSuite.run(TestSuite.java:225)
	at junit.framework.TestSuite.runTest(TestSuite.java:230)
	at junit.framework.TestSuite.run(TestSuite.java:225)
	at junit.framework.TestSuite.runTest(TestSuite.java:230)
	at junit.framework.TestSuite.run(TestSuite.java:225)
	at junit.framework.TestSuite.runTest(TestSuite.java:230)
	at junit.framework.TestSuite.run(TestSuite.java:225)
	at org.apache.tools.ant.taskdefs.optional.junit.JUnitTestRunner.run(JUnitTestRunner.java:421)
	at org.apache.tools.ant.taskdefs.optional.junit.JUnitTestRunner.launch(JUnitTestRunner.java:912)
	at org.apache.tools.ant.taskdefs.optional.junit.JUnitTestRunner.main(JUnitTestRunner.java:766)
2011. 11. 17 오전 9:51:30 com.mongodb.DBPortPool gotError
경고: emptying DBPortPool to 61.250.201.78:27017 b/c of error
java.io.IOException: couldn't connect to [/61.250.201.78:27017] bc:java.net.ConnectException: Connection timed out: connect
	at com.mongodb.DBPort._open(DBPort.java:224)
	at com.mongodb.DBPort.go(DBPort.java:101)
	at com.mongodb.DBPort.go(DBPort.java:82)
	at com.mongodb.DBPort.say(DBPort.java:77)
	at com.mongodb.DBTCPConnector.say(DBTCPConnector.java:146)
	at com.mongodb.DBTCPConnector.say(DBTCPConnector.java:132)
	at com.mongodb.DBApiLayer$MyCollection.insert(DBApiLayer.java:262)
	at com.mongodb.DBApiLayer$MyCollection.createIndex(DBApiLayer.java:354)
	at com.mongodb.DBCollection.ensureIndex(DBCollection.java:444)
	at com.mongodb.DBCollection.ensureIndex(DBCollection.java:392)
	at net.ion.radon.repository.Workspace.createWorkspace(Workspace.java:64)
	at net.ion.radon.repository.Workspace.load(Workspace.java:43)
	at net.ion.radon.repository.Repository.getWorkspace(Repository.java:28)
	at net.ion.radon.repository.LocalSession.getCurrentWorkspace(LocalSession.java:147)
	at net.ion.radon.repository.LocalSession.dropWorkspace(LocalSession.java:76)
	at net.ion.radon.repository.TestBaseRepository.setUp(TestBaseRepository.java:17)
	at junit.framework.TestCase.runBare(TestCase.java:128)
	at junit.framework.TestResult$1.protect(TestResult.java:106)
	at junit.framework.TestResult.runProtected(TestResult.java:124)
	at junit.framework.TestResult.run(TestResult.java:109)
	at junit.framework.TestCase.run(TestCase.java:120)
	at junit.framework.TestSuite.runTest(TestSuite.java:230)
	at junit.framework.TestSuite.run(TestSuite.java:225)
	at junit.framework.TestSuite.runTest(TestSuite.java:230)
	at junit.framework.TestSuite.run(TestSuite.java:225)
	at junit.framework.TestSuite.runTest(TestSuite.java:230)
	at junit.framework.TestSuite.run(TestSuite.java:225)
	at junit.framework.TestSuite.runTest(TestSuite.java:230)
	at junit.framework.TestSuite.run(TestSuite.java:225)
	at org.apache.tools.ant.taskdefs.optional.junit.JUnitTestRunner.run(JUnitTestRunner.java:421)
	at org.apache.tools.ant.taskdefs.optional.junit.JUnitTestRunner.launch(JUnitTestRunner.java:912)
	at org.apache.tools.ant.taskdefs.optional.junit.JUnitTestRunner.main(JUnitTestRunner.java:766)
2011. 11. 17 오전 9:51:51 com.mongodb.DBTCPConnector fetchMaxBsonObjectSize
경고: Exception determining maxBSON size using0
java.io.IOException: couldn't connect to [/61.250.201.78:27017] bc:java.net.ConnectException: Connection timed out: connect
	at com.mongodb.DBPort._open(DBPort.java:224)
	at com.mongodb.DBPort.go(DBPort.java:101)
	at com.mongodb.DBPort.go(DBPort.java:82)
	at com.mongodb.DBPort.findOne(DBPort.java:142)
	at com.mongodb.DBPort.runCommand(DBPort.java:151)
	at com.mongodb.DBTCPConnector.fetchMaxBsonObjectSize(DBTCPConnector.java:429)
	at com.mongodb.Mongo.getMaxBsonObjectSize(Mongo.java:544)
	at com.mongodb.DBApiLayer$MyCollection.insert(DBApiLayer.java:244)
	at com.mongodb.DBApiLayer$MyCollection.createIndex(DBApiLayer.java:354)
	at com.mongodb.DBCollection.ensureIndex(DBCollection.java:444)
	at com.mongodb.DBCollection.ensureIndex(DBCollection.java:392)
	at net.ion.radon.repository.Workspace.createWorkspace(Workspace.java:64)
	at net.ion.radon.repository.Workspace.load(Workspace.java:43)
	at net.ion.radon.repository.Repository.getWorkspace(Repository.java:28)
	at net.ion.radon.repository.LocalSession.getCurrentWorkspace(LocalSession.java:147)
	at net.ion.radon.repository.LocalSession.dropWorkspace(LocalSession.java:76)
	at net.ion.radon.repository.TestBaseRepository.setUp(TestBaseRepository.java:17)
	at junit.framework.TestCase.runBare(TestCase.java:128)
	at junit.framework.TestResult$1.protect(TestResult.java:106)
	at junit.framework.TestResult.runProtected(TestResult.java:124)
	at junit.framework.TestResult.run(TestResult.java:109)
	at junit.framework.TestCase.run(TestCase.java:120)
	at junit.framework.TestSuite.runTest(TestSuite.java:230)
	at junit.framework.TestSuite.run(TestSuite.java:225)
	at junit.framework.TestSuite.runTest(TestSuite.java:230)
	at junit.framework.TestSuite.run(TestSuite.java:225)
	at junit.framework.TestSuite.runTest(TestSuite.java:230)
	at junit.framework.TestSuite.run(TestSuite.java:225)
	at junit.framework.TestSuite.runTest(TestSuite.java:230)
	at junit.framework.TestSuite.run(TestSuite.java:225)
	at org.apache.tools.ant.taskdefs.optional.junit.JUnitTestRunner.run(JUnitTestRunner.java:421)
	at org.apache.tools.ant.taskdefs.optional.junit.JUnitTestRunner.launch(JUnitTestRunner.java:912)
	at org.apache.tools.ant.taskdefs.optional.junit.JUnitTestRunner.main(JUnitTestRunner.java:766)
2011. 11. 17 오전 9:52:13 com.mongodb.DBTCPConnector fetchMaxBsonObjectSize
경고: Exception determining maxBSON size using0
java.io.IOException: couldn't connect to [/61.250.201.78:27017] bc:java.net.ConnectException: Connection timed out: connect
	at com.mongodb.DBPort._open(DBPort.java:224)
	at com.mongodb.DBPort.go(DBPort.java:101)
	at com.mongodb.DBPort.go(DBPort.java:82)
	at com.mongodb.DBPort.findOne(DBPort.java:142)
	at com.mongodb.DBPort.runCommand(DBPort.java:151)
	at com.mongodb.DBTCPConnector.fetchMaxBsonObjectSize(DBTCPConnector.java:429)
	at com.mongodb.DBTCPConnector.checkMaster(DBTCPConnector.java:416)
	at com.mongodb.DBTCPConnector.say(DBTCPConnector.java:139)
	at com.mongodb.DBTCPConnector.say(DBTCPConnector.java:132)
	at com.mongodb.DBApiLayer$MyCollection.insert(DBApiLayer.java:262)
	at com.mongodb.DBApiLayer$MyCollection.createIndex(DBApiLayer.java:354)
	at com.mongodb.DBCollection.ensureIndex(DBCollection.java:444)
	at com.mongodb.DBCollection.ensureIndex(DBCollection.java:392)
	at net.ion.radon.repository.Workspace.createWorkspace(Workspace.java:64)
	at net.ion.radon.repository.Workspace.load(Workspace.java:43)
	at net.ion.radon.repository.Repository.getWorkspace(Repository.java:28)
	at net.ion.radon.repository.LocalSession.getCurrentWorkspace(LocalSession.java:147)
	at net.ion.radon.repository.LocalSession.dropWorkspace(LocalSession.java:76)
	at net.ion.radon.repository.TestBaseRepository.setUp(TestBaseRepository.java:17)
	at junit.framework.TestCase.runBare(TestCase.java:128)
	at junit.framework.TestResult$1.protect(TestResult.java:106)
	at junit.framework.TestResult.runProtected(TestResult.java:124)
	at junit.framework.TestResult.run(TestResult.java:109)
	at junit.framework.TestCase.run(TestCase.java:120)
	at junit.framework.TestSuite.runTest(TestSuite.java:230)
	at junit.framework.TestSuite.run(TestSuite.java:225)
	at junit.framework.TestSuite.runTest(TestSuite.java:230)
	at junit.framework.TestSuite.run(TestSuite.java:225)
	at junit.framework.TestSuite.runTest(TestSuite.java:230)
	at junit.framework.TestSuite.run(TestSuite.java:225)
	at junit.framework.TestSuite.runTest(TestSuite.java:230)
	at junit.framework.TestSuite.run(TestSuite.java:225)
	at org.apache.tools.ant.taskdefs.optional.junit.JUnitTestRunner.run(JUnitTestRunner.java:421)
	at org.apache.tools.ant.taskdefs.optional.junit.JUnitTestRunner.launch(JUnitTestRunner.java:912)
	at org.apache.tools.ant.taskdefs.optional.junit.JUnitTestRunner.main(JUnitTestRunner.java:766)
2011. 11. 17 오전 9:52:34 com.mongodb.DBPortPool gotError
경고: emptying DBPortPool to 61.250.201.78:27017 b/c of error
java.io.IOException: couldn't connect to [/61.250.201.78:27017] bc:java.net.ConnectException: Connection timed out: connect
	at com.mongodb.DBPort._open(DBPort.java:224)
	at com.mongodb.DBPort.go(DBPort.java:101)
	at com.mongodb.DBPort.go(DBPort.java:82)
	at com.mongodb.DBPort.say(DBPort.java:77)
	at com.mongodb.DBTCPConnector.say(DBTCPConnector.java:146)
	at com.mongodb.DBTCPConnector.say(DBTCPConnector.java:132)
	at com.mongodb.DBApiLayer$MyCollection.insert(DBApiLayer.java:262)
	at com.mongodb.DBApiLayer$MyCollection.createIndex(DBApiLayer.java:354)
	at com.mongodb.DBCollection.ensureIndex(DBCollection.java:444)
	at com.mongodb.DBCollection.ensureIndex(DBCollection.java:392)
	at net.ion.radon.repository.Workspace.createWorkspace(Workspace.java:64)
	at net.ion.radon.repository.Workspace.load(Workspace.java:43)
	at net.ion.radon.repository.Repository.getWorkspace(Repository.java:28)
	at net.ion.radon.repository.LocalSession.getCurrentWorkspace(LocalSession.java:147)
	at net.ion.radon.repository.LocalSession.dropWorkspace(LocalSession.java:76)
	at net.ion.radon.repository.TestBaseRepository.setUp(TestBaseRepository.java:17)
	at junit.framework.TestCase.runBare(TestCase.java:128)
	at junit.framework.TestResult$1.protect(TestResult.java:106)
	at junit.framework.TestResult.runProtected(TestResult.java:124)
	at junit.framework.TestResult.run(TestResult.java:109)
	at junit.framework.TestCase.run(TestCase.java:120)
	at junit.framework.TestSuite.runTest(TestSuite.java:230)
	at junit.framework.TestSuite.run(TestSuite.java:225)
	at junit.framework.TestSuite.runTest(TestSuite.java:230)
	at junit.framework.TestSuite.run(TestSuite.java:225)
	at junit.framework.TestSuite.runTest(TestSuite.java:230)
	at junit.framework.TestSuite.run(TestSuite.java:225)
	at junit.framework.TestSuite.runTest(TestSuite.java:230)
	at junit.framework.TestSuite.run(TestSuite.java:225)
	at org.apache.tools.ant.taskdefs.optional.junit.JUnitTestRunner.run(JUnitTestRunner.java:421)
	at org.apache.tools.ant.taskdefs.optional.junit.JUnitTestRunner.launch(JUnitTestRunner.java:912)
	at org.apache.tools.ant.taskdefs.optional.junit.JUnitTestRunner.main(JUnitTestRunner.java:766)
2011. 11. 17 오전 9:52:55 com.mongodb.DBTCPConnector fetchMaxBsonObjectSize
경고: Exception determining maxBSON size using0
java.io.IOException: couldn't connect to [/61.250.201.78:27017] bc:java.net.ConnectException: Connection timed out: connect
	at com.mongodb.DBPort._open(DBPort.java:224)
	at com.mongodb.DBPort.go(DBPort.java:101)
	at com.mongodb.DBPort.go(DBPort.java:82)
	at com.mongodb.DBPort.findOne(DBPort.java:142)
	at com.mongodb.DBPort.runCommand(DBPort.java:151)
	at com.mongodb.DBTCPConnector.fetchMaxBsonObjectSize(DBTCPConnector.java:429)
	at com.mongodb.Mongo.getMaxBsonObjectSize(Mongo.java:544)
	at com.mongodb.DBApiLayer$MyCollection.insert(DBApiLayer.java:244)
	at com.mongodb.DBApiLayer$MyCollection.createIndex(DBApiLayer.java:354)
	at com.mongodb.DBCollection.ensureIndex(DBCollection.java:444)
	at com.mongodb.DBCollection.ensureIndex(DBCollection.java:392)
	at net.ion.radon.repository.Workspace.createWorkspace(Workspace.java:64)
	at net.ion.radon.repository.Workspace.load(Workspace.java:43)
	at net.ion.radon.repository.Repository.getWorkspace(Repository.java:28)
	at net.ion.radon.repository.LocalSession.getCurrentWorkspace(LocalSession.java:147)
	at net.ion.radon.repository.LocalSession.dropWorkspace(LocalSession.java:76)
	at net.ion.radon.repository.TestBaseRepository.setUp(TestBaseRepository.java:17)
	at junit.framework.TestCase.runBare(TestCase.java:128)
	at junit.framework.TestResult$1.protect(TestResult.java:106)
	at junit.framework.TestResult.runProtected(TestResult.java:124)
	at junit.framework.TestResult.run(TestResult.java:109)
	at junit.framework.TestCase.run(TestCase.java:120)
	at junit.framework.TestSuite.runTest(TestSuite.java:230)
	at junit.framework.TestSuite.run(TestSuite.java:225)
	at junit.framework.TestSuite.runTest(TestSuite.java:230)
	at junit.framework.TestSuite.run(TestSuite.java:225)
	at junit.framework.TestSuite.runTest(TestSuite.java:230)
	at junit.framework.TestSuite.run(TestSuite.java:225)
	at junit.framework.TestSuite.runTest(TestSuite.java:230)
	at junit.framework.TestSuite.run(TestSuite.java:225)
	at org.apache.tools.ant.taskdefs.optional.junit.JUnitTestRunner.run(JUnitTestRunner.java:421)
	at org.apache.tools.ant.taskdefs.optional.junit.JUnitTestRunner.launch(JUnitTestRunner.java:912)
	at org.apache.tools.ant.taskdefs.optional.junit.JUnitTestRunner.main(JUnitTestRunner.java:766)
2011. 11. 17 오전 9:53:16 com.mongodb.DBTCPConnector fetchMaxBsonObjectSize
경고: Exception determining maxBSON size using0
java.io.IOException: couldn't connect to [/61.250.201.78:27017] bc:java.net.ConnectException: Connection timed out: connect
	at com.mongodb.DBPort._open(DBPort.java:224)
	at com.mongodb.DBPort.go(DBPort.java:101)
	at com.mongodb.DBPort.go(DBPort.java:82)
	at com.mongodb.DBPort.findOne(DBPort.java:142)
	at com.mongodb.DBPort.runCommand(DBPort.java:151)
	at com.mongodb.DBTCPConnector.fetchMaxBsonObjectSize(DBTCPConnector.java:429)
	at com.mongodb.DBTCPConnector.checkMaster(DBTCPConnector.java:416)
	at com.mongodb.DBTCPConnector.say(DBTCPConnector.java:139)
	at com.mongodb.DBTCPConnector.say(DBTCPConnector.java:132)
	at com.mongodb.DBApiLayer$MyCollection.insert(DBApiLayer.java:262)
	at com.mongodb.DBApiLayer$MyCollection.createIndex(DBApiLayer.java:354)
	at com.mongodb.DBCollection.ensureIndex(DBCollection.java:444)
	at com.mongodb.DBCollection.ensureIndex(DBCollection.java:392)
	at net.ion.radon.repository.Workspace.createWorkspace(Workspace.java:64)
	at net.ion.radon.repository.Workspace.load(Workspace.java:43)
	at net.ion.radon.repository.Repository.getWorkspace(Repository.java:28)
	at net.ion.radon.repository.LocalSession.getCurrentWorkspace(LocalSession.java:147)
	at net.ion.radon.repository.LocalSession.dropWorkspace(LocalSession.java:76)
	at net.ion.radon.repository.TestBaseRepository.setUp(TestBaseRepository.java:17)
	at junit.framework.TestCase.runBare(TestCase.java:128)
	at junit.framework.TestResult$1.protect(TestResult.java:106)
	at junit.framework.TestResult.runProtected(TestResult.java:124)
	at junit.framework.TestResult.run(TestResult.java:109)
	at junit.framework.TestCase.run(TestCase.java:120)
	at junit.framework.TestSuite.runTest(TestSuite.java:230)
	at junit.framework.TestSuite.run(TestSuite.java:225)
	at junit.framework.TestSuite.runTest(TestSuite.java:230)
	at junit.framework.TestSuite.run(TestSuite.java:225)
	at junit.framework.TestSuite.runTest(TestSuite.java:230)
	at junit.framework.TestSuite.run(TestSuite.java:225)
	at junit.framework.TestSuite.runTest(TestSuite.java:230)
	at junit.framework.TestSuite.run(TestSuite.java:225)
	at org.apache.tools.ant.taskdefs.optional.junit.JUnitTestRunner.run(JUnitTestRunner.java:421)
	at org.apache.tools.ant.taskdefs.optional.junit.JUnitTestRunner.launch(JUnitTestRunner.java:912)
	at org.apache.tools.ant.taskdefs.optional.junit.JUnitTestRunner.main(JUnitTestRunner.java:766)
2011. 11. 17 오전 9:53:37 com.mongodb.DBPortPool gotError
경고: emptying DBPortPool to 61.250.201.78:27017 b/c of error
java.io.IOException: couldn't connect to [/61.250.201.78:27017] bc:java.net.ConnectException: Connection timed out: connect
	at com.mongodb.DBPort._open(DBPort.java:224)
	at com.mongodb.DBPort.go(DBPort.java:101)
	at com.mongodb.DBPort.go(DBPort.java:82)
	at com.mongodb.DBPort.say(DBPort.java:77)
	at com.mongodb.DBTCPConnector.say(DBTCPConnector.java:146)
	at com.mongodb.DBTCPConnector.say(DBTCPConnector.java:132)
	at com.mongodb.DBApiLayer$MyCollection.insert(DBApiLayer.java:262)
	at com.mongodb.DBApiLayer$MyCollection.createIndex(DBApiLayer.java:354)
	at com.mongodb.DBCollection.ensureIndex(DBCollection.java:444)
	at com.mongodb.DBCollection.ensureIndex(DBCollection.java:392)
	at net.ion.radon.repository.Workspace.createWorkspace(Workspace.java:64)
	at net.ion.radon.repository.Workspace.load(Workspace.java:43)
	at net.ion.radon.repository.Repository.getWorkspace(Repository.java:28)
	at net.ion.radon.repository.LocalSession.getCurrentWorkspace(LocalSession.java:147)
	at net.ion.radon.repository.LocalSession.dropWorkspace(LocalSession.java:76)
	at net.ion.radon.repository.TestBaseRepository.setUp(TestBaseRepository.java:17)
	at junit.framework.TestCase.runBare(TestCase.java:128)
	at junit.framework.TestResult$1.protect(TestResult.java:106)
	at junit.framework.TestResult.runProtected(TestResult.java:124)
	at junit.framework.TestResult.run(TestResult.java:109)
	at junit.framework.TestCase.run(TestCase.java:120)
	at junit.framework.TestSuite.runTest(TestSuite.java:230)
	at junit.framework.TestSuite.run(TestSuite.java:225)
	at junit.framework.TestSuite.runTest(TestSuite.java:230)
	at junit.framework.TestSuite.run(TestSuite.java:225)
	at junit.framework.TestSuite.runTest(TestSuite.java:230)
	at junit.framework.TestSuite.run(TestSuite.java:225)
	at junit.framework.TestSuite.runTest(TestSuite.java:230)
	at junit.framework.TestSuite.run(TestSuite.java:225)
	at org.apache.tools.ant.taskdefs.optional.junit.JUnitTestRunner.run(JUnitTestRunner.java:421)
	at org.apache.tools.ant.taskdefs.optional.junit.JUnitTestRunner.launch(JUnitTestRunner.java:912)
	at org.apache.tools.ant.taskdefs.optional.junit.JUnitTestRunner.main(JUnitTestRunner.java:766)
2011. 11. 17 오전 9:53:58 com.mongodb.DBTCPConnector fetchMaxBsonObjectSize
경고: Exception determining maxBSON size using0
java.io.IOException: couldn't connect to [/61.250.201.78:27017] bc:java.net.ConnectException: Connection timed out: connect
	at com.mongodb.DBPort._open(DBPort.java:224)
	at com.mongodb.DBPort.go(DBPort.java:101)
	at com.mongodb.DBPort.go(DBPort.java:82)
	at com.mongodb.DBPort.findOne(DBPort.java:142)
	at com.mongodb.DBPort.runCommand(DBPort.java:151)
	at com.mongodb.DBTCPConnector.fetchMaxBsonObjectSize(DBTCPConnector.java:429)
	at com.mongodb.Mongo.getMaxBsonObjectSize(Mongo.java:544)
	at com.mongodb.DBApiLayer$MyCollection.insert(DBApiLayer.java:244)
	at com.mongodb.DBApiLayer$MyCollection.createIndex(DBApiLayer.java:354)
	at com.mongodb.DBCollection.ensureIndex(DBCollection.java:444)
	at com.mongodb.DBCollection.ensureIndex(DBCollection.java:392)
	at net.ion.radon.repository.Workspace.createWorkspace(Workspace.java:64)
	at net.ion.radon.repository.Workspace.load(Workspace.java:43)
	at net.ion.radon.repository.Repository.getWorkspace(Repository.java:28)
	at net.ion.radon.repository.LocalSession.getCurrentWorkspace(LocalSession.java:147)
	at net.ion.radon.repository.LocalSession.dropWorkspace(LocalSession.java:76)
	at net.ion.radon.repository.TestBaseRepository.setUp(TestBaseRepository.java:17)
	at junit.framework.TestCase.runBare(TestCase.java:128)
	at junit.framework.TestResult$1.protect(TestResult.java:106)
	at junit.framework.TestResult.runProtected(TestResult.java:124)
	at junit.framework.TestResult.run(TestResult.java:109)
	at junit.framework.TestCase.run(TestCase.java:120)
	at junit.framework.TestSuite.runTest(TestSuite.java:230)
	at junit.framework.TestSuite.run(TestSuite.java:225)
	at junit.framework.TestSuite.runTest(TestSuite.java:230)
	at junit.framework.TestSuite.run(TestSuite.java:225)
	at junit.framework.TestSuite.runTest(TestSuite.java:230)
	at junit.framework.TestSuite.run(TestSuite.java:225)
	at junit.framework.TestSuite.runTest(TestSuite.java:230)
	at junit.framework.TestSuite.run(TestSuite.java:225)
	at org.apache.tools.ant.taskdefs.optional.junit.JUnitTestRunner.run(JUnitTestRunner.java:421)
	at org.apache.tools.ant.taskdefs.optional.junit.JUnitTestRunner.launch(JUnitTestRunner.java:912)
	at org.apache.tools.ant.taskdefs.optional.junit.JUnitTestRunner.main(JUnitTestRunner.java:766)
2011. 11. 17 오전 9:54:19 com.mongodb.DBTCPConnector fetchMaxBsonObjectSize
경고: Exception determining maxBSON size using0
java.io.IOException: couldn't connect to [/61.250.201.78:27017] bc:java.net.ConnectException: Connection timed out: connect
	at com.mongodb.DBPort._open(DBPort.java:224)
	at com.mongodb.DBPort.go(DBPort.java:101)
	at com.mongodb.DBPort.go(DBPort.java:82)
	at com.mongodb.DBPort.findOne(DBPort.java:142)
	at com.mongodb.DBPort.runCommand(DBPort.java:151)
	at com.mongodb.DBTCPConnector.fetchMaxBsonObjectSize(DBTCPConnector.java:429)
	at com.mongodb.DBTCPConnector.checkMaster(DBTCPConnector.java:416)
	at com.mongodb.DBTCPConnector.say(DBTCPConnector.java:139)
	at com.mongodb.DBTCPConnector.say(DBTCPConnector.java:132)
	at com.mongodb.DBApiLayer$MyCollection.insert(DBApiLayer.java:262)
	at com.mongodb.DBApiLayer$MyCollection.createIndex(DBApiLayer.java:354)
	at com.mongodb.DBCollection.ensureIndex(DBCollection.java:444)
	at com.mongodb.DBCollection.ensureIndex(DBCollection.java:392)
	at net.ion.radon.repository.Workspace.createWorkspace(Workspace.java:64)
	at net.ion.radon.repository.Workspace.load(Workspace.java:43)
	at net.ion.radon.repository.Repository.getWorkspace(Repository.java:28)
	at net.ion.radon.repository.LocalSession.getCurrentWorkspace(LocalSession.java:147)
	at net.ion.radon.repository.LocalSession.dropWorkspace(LocalSession.java:76)
	at net.ion.radon.repository.TestBaseRepository.setUp(TestBaseRepository.java:17)
	at junit.framework.TestCase.runBare(TestCase.java:128)
	at junit.framework.TestResult$1.protect(TestResult.java:106)
	at junit.framework.TestResult.runProtected(TestResult.java:124)
	at junit.framework.TestResult.run(TestResult.java:109)
	at junit.framework.TestCase.run(TestCase.java:120)
	at junit.framework.TestSuite.runTest(TestSuite.java:230)
	at junit.framework.TestSuite.run(TestSuite.java:225)
	at junit.framework.TestSuite.runTest(TestSuite.java:230)
	at junit.framework.TestSuite.run(TestSuite.java:225)
	at junit.framework.TestSuite.runTest(TestSuite.java:230)
	at junit.framework.TestSuite.run(TestSuite.java:225)
	at junit.framework.TestSuite.runTest(TestSuite.java:230)
	at junit.framework.TestSuite.run(TestSuite.java:225)
	at org.apache.tools.ant.taskdefs.optional.junit.JUnitTestRunner.run(JUnitTestRunner.java:421)
	at org.apache.tools.ant.taskdefs.optional.junit.JUnitTestRunner.launch(JUnitTestRunner.java:912)
	at org.apache.tools.ant.taskdefs.optional.junit.JUnitTestRunner.main(JUnitTestRunner.java:766)
2011. 11. 17 오전 9:54:40 com.mongodb.DBPortPool gotError
경고: emptying DBPortPool to 61.250.201.78:27017 b/c of error
java.io.IOException: couldn't connect to [/61.250.201.78:27017] bc:java.net.ConnectException: Connection timed out: connect
	at com.mongodb.DBPort._open(DBPort.java:224)
	at com.mongodb.DBPort.go(DBPort.java:101)
	at com.mongodb.DBPort.go(DBPort.java:82)
	at com.mongodb.DBPort.say(DBPort.java:77)
	at com.mongodb.DBTCPConnector.say(DBTCPConnector.java:146)
	at com.mongodb.DBTCPConnector.say(DBTCPConnector.java:132)
	at com.mongodb.DBApiLayer$MyCollection.insert(DBApiLayer.java:262)
	at com.mongodb.DBApiLayer$MyCollection.createIndex(DBApiLayer.java:354)
	at com.mongodb.DBCollection.ensureIndex(DBCollection.java:444)
	at com.mongodb.DBCollection.ensureIndex(DBCollection.java:392)
	at net.ion.radon.repository.Workspace.createWorkspace(Workspace.java:64)
	at net.ion.radon.repository.Workspace.load(Workspace.java:43)
	at net.ion.radon.repository.Repository.getWorkspace(Repository.java:28)
	at net.ion.radon.repository.LocalSession.getCurrentWorkspace(LocalSession.java:147)
	at net.ion.radon.repository.LocalSession.dropWorkspace(LocalSession.java:76)
	at net.ion.radon.repository.TestBaseRepository.setUp(TestBaseRepository.java:17)
	at junit.framework.TestCase.runBare(TestCase.java:128)
	at junit.framework.TestResult$1.protect(TestResult.java:106)
	at junit.framework.TestResult.runProtected(TestResult.java:124)
	at junit.framework.TestResult.run(TestResult.java:109)
	at junit.framework.TestCase.run(TestCase.java:120)
	at junit.framework.TestSuite.runTest(TestSuite.java:230)
	at junit.framework.TestSuite.run(TestSuite.java:225)
	at junit.framework.TestSuite.runTest(TestSuite.java:230)
	at junit.framework.TestSuite.run(TestSuite.java:225)
	at junit.framework.TestSuite.runTest(TestSuite.java:230)
	at junit.framework.TestSuite.run(TestSuite.java:225)
	at junit.framework.TestSuite.runTest(TestSuite.java:230)
	at junit.framework.TestSuite.run(TestSuite.java:225)
	at org.apache.tools.ant.taskdefs.optional.junit.JUnitTestRunner.run(JUnitTestRunner.java:421)
	at org.apache.tools.ant.taskdefs.optional.junit.JUnitTestRunner.launch(JUnitTestRunner.java:912)
	at org.apache.tools.ant.taskdefs.optional.junit.JUnitTestRunner.main(JUnitTestRunner.java:766)
2011. 11. 17 오전 9:55:01 com.mongodb.DBTCPConnector fetchMaxBsonObjectSize
경고: Exception determining maxBSON size using0
java.io.IOException: couldn't connect to [/61.250.201.78:27017] bc:java.net.ConnectException: Connection timed out: connect
	at com.mongodb.DBPort._open(DBPort.java:224)
	at com.mongodb.DBPort.go(DBPort.java:101)
	at com.mongodb.DBPort.go(DBPort.java:82)
	at com.mongodb.DBPort.findOne(DBPort.java:142)
	at com.mongodb.DBPort.runCommand(DBPort.java:151)
	at com.mongodb.DBTCPConnector.fetchMaxBsonObjectSize(DBTCPConnector.java:429)
	at com.mongodb.Mongo.getMaxBsonObjectSize(Mongo.java:544)
	at com.mongodb.DBApiLayer$MyCollection.insert(DBApiLayer.java:244)
	at com.mongodb.DBApiLayer$MyCollection.createIndex(DBApiLayer.java:354)
	at com.mongodb.DBCollection.ensureIndex(DBCollection.java:444)
	at com.mongodb.DBCollection.ensureIndex(DBCollection.java:392)
	at net.ion.radon.repository.Workspace.createWorkspace(Workspace.java:64)
	at net.ion.radon.repository.Workspace.load(Workspace.java:43)
	at net.ion.radon.repository.Repository.getWorkspace(Repository.java:28)
	at net.ion.radon.repository.LocalSession.getCurrentWorkspace(LocalSession.java:147)
	at net.ion.radon.repository.LocalSession.dropWorkspace(LocalSession.java:76)
	at net.ion.radon.repository.TestBaseRepository.setUp(TestBaseRepository.java:17)
	at junit.framework.TestCase.runBare(TestCase.java:128)
	at junit.framework.TestResult$1.protect(TestResult.java:106)
	at junit.framework.TestResult.runProtected(TestResult.java:124)
	at junit.framework.TestResult.run(TestResult.java:109)
	at junit.framework.TestCase.run(TestCase.java:120)
	at junit.framework.TestSuite.runTest(TestSuite.java:230)
	at junit.framework.TestSuite.run(TestSuite.java:225)
	at junit.framework.TestSuite.runTest(TestSuite.java:230)
	at junit.framework.TestSuite.run(TestSuite.java:225)
	at junit.framework.TestSuite.runTest(TestSuite.java:230)
	at junit.framework.TestSuite.run(TestSuite.java:225)
	at junit.framework.TestSuite.runTest(TestSuite.java:230)
	at junit.framework.TestSuite.run(TestSuite.java:225)
	at org.apache.tools.ant.taskdefs.optional.junit.JUnitTestRunner.run(JUnitTestRunner.java:421)
	at org.apache.tools.ant.taskdefs.optional.junit.JUnitTestRunner.launch(JUnitTestRunner.java:912)
	at org.apache.tools.ant.taskdefs.optional.junit.JUnitTestRunner.main(JUnitTestRunner.java:766)
2011. 11. 17 오전 9:55:22 com.mongodb.DBTCPConnector fetchMaxBsonObjectSize
경고: Exception determining maxBSON size using0
java.io.IOException: couldn't connect to [/61.250.201.78:27017] bc:java.net.ConnectException: Connection timed out: connect
	at com.mongodb.DBPort._open(DBPort.java:224)
	at com.mongodb.DBPort.go(DBPort.java:101)
	at com.mongodb.DBPort.go(DBPort.java:82)
	at com.mongodb.DBPort.findOne(DBPort.java:142)
	at com.mongodb.DBPort.runCommand(DBPort.java:151)
	at com.mongodb.DBTCPConnector.fetchMaxBsonObjectSize(DBTCPConnector.java:429)
	at com.mongodb.DBTCPConnector.checkMaster(DBTCPConnector.java:416)
	at com.mongodb.DBTCPConnector.say(DBTCPConnector.java:139)
	at com.mongodb.DBTCPConnector.say(DBTCPConnector.java:132)
	at com.mongodb.DBApiLayer$MyCollection.insert(DBApiLayer.java:262)
	at com.mongodb.DBApiLayer$MyCollection.createIndex(DBApiLayer.java:354)
	at com.mongodb.DBCollection.ensureIndex(DBCollection.java:444)
	at com.mongodb.DBCollection.ensureIndex(DBCollection.java:392)
	at net.ion.radon.repository.Workspace.createWorkspace(Workspace.java:64)
	at net.ion.radon.repository.Workspace.load(Workspace.java:43)
	at net.ion.radon.repository.Repository.getWorkspace(Repository.java:28)
	at net.ion.radon.repository.LocalSession.getCurrentWorkspace(LocalSession.java:147)
	at net.ion.radon.repository.LocalSession.dropWorkspace(LocalSession.java:76)
	at net.ion.radon.repository.TestBaseRepository.setUp(TestBaseRepository.java:17)
	at junit.framework.TestCase.runBare(TestCase.java:128)
	at junit.framework.TestResult$1.protect(TestResult.java:106)
	at junit.framework.TestResult.runProtected(TestResult.java:124)
	at junit.framework.TestResult.run(TestResult.java:109)
	at junit.framework.TestCase.run(TestCase.java:120)
	at junit.framework.TestSuite.runTest(TestSuite.java:230)
	at junit.framework.TestSuite.run(TestSuite.java:225)
	at junit.framework.TestSuite.runTest(TestSuite.java:230)
	at junit.framework.TestSuite.run(TestSuite.java:225)
	at junit.framework.TestSuite.runTest(TestSuite.java:230)
	at junit.framework.TestSuite.run(TestSuite.java:225)
	at junit.framework.TestSuite.runTest(TestSuite.java:230)
	at junit.framework.TestSuite.run(TestSuite.java:225)
	at org.apache.tools.ant.taskdefs.optional.junit.JUnitTestRunner.run(JUnitTestRunner.java:421)
	at org.apache.tools.ant.taskdefs.optional.junit.JUnitTestRunner.launch(JUnitTestRunner.java:912)
	at org.apache.tools.ant.taskdefs.optional.junit.JUnitTestRunner.main(JUnitTestRunner.java:766)
2011. 11. 17 오전 9:55:43 com.mongodb.DBPortPool gotError
경고: emptying DBPortPool to 61.250.201.78:27017 b/c of error
java.io.IOException: couldn't connect to [/61.250.201.78:27017] bc:java.net.ConnectException: Connection timed out: connect
	at com.mongodb.DBPort._open(DBPort.java:224)
	at com.mongodb.DBPort.go(DBPort.java:101)
	at com.mongodb.DBPort.go(DBPort.java:82)
	at com.mongodb.DBPort.say(DBPort.java:77)
	at com.mongodb.DBTCPConnector.say(DBTCPConnector.java:146)
	at com.mongodb.DBTCPConnector.say(DBTCPConnector.java:132)
	at com.mongodb.DBApiLayer$MyCollection.insert(DBApiLayer.java:262)
	at com.mongodb.DBApiLayer$MyCollection.createIndex(DBApiLayer.java:354)
	at com.mongodb.DBCollection.ensureIndex(DBCollection.java:444)
	at com.mongodb.DBCollection.ensureIndex(DBCollection.java:392)
	at net.ion.radon.repository.Workspace.createWorkspace(Workspace.java:64)
	at net.ion.radon.repository.Workspace.load(Workspace.java:43)
	at net.ion.radon.repository.Repository.getWorkspace(Repository.java:28)
	at net.ion.radon.repository.LocalSession.getCurrentWorkspace(LocalSession.java:147)
	at net.ion.radon.repository.LocalSession.dropWorkspace(LocalSession.java:76)
	at net.ion.radon.repository.TestBaseRepository.setUp(TestBaseRepository.java:17)
	at junit.framework.TestCase.runBare(TestCase.java:128)
	at junit.framework.TestResult$1.protect(TestResult.java:106)
	at junit.framework.TestResult.runProtected(TestResult.java:124)
	at junit.framework.TestResult.run(TestResult.java:109)
	at junit.framework.TestCase.run(TestCase.java:120)
	at junit.framework.TestSuite.runTest(TestSuite.java:230)
	at junit.framework.TestSuite.run(TestSuite.java:225)
	at junit.framework.TestSuite.runTest(TestSuite.java:230)
	at junit.framework.TestSuite.run(TestSuite.java:225)
	at junit.framework.TestSuite.runTest(TestSuite.java:230)
	at junit.framework.TestSuite.run(TestSuite.java:225)
	at junit.framework.TestSuite.runTest(TestSuite.java:230)
	at junit.framework.TestSuite.run(TestSuite.java:225)
	at org.apache.tools.ant.taskdefs.optional.junit.JUnitTestRunner.run(JUnitTestRunner.java:421)
	at org.apache.tools.ant.taskdefs.optional.junit.JUnitTestRunner.launch(JUnitTestRunner.java:912)
	at org.apache.tools.ant.taskdefs.optional.junit.JUnitTestRunner.main(JUnitTestRunner.java:766)
2011. 11. 17 오전 9:56:04 com.mongodb.DBTCPConnector fetchMaxBsonObjectSize
경고: Exception determining maxBSON size using0
java.io.IOException: couldn't connect to [/61.250.201.78:27017] bc:java.net.ConnectException: Connection timed out: connect
	at com.mongodb.DBPort._open(DBPort.java:224)
	at com.mongodb.DBPort.go(DBPort.java:101)
	at com.mongodb.DBPort.go(DBPort.java:82)
	at com.mongodb.DBPort.findOne(DBPort.java:142)
	at com.mongodb.DBPort.runCommand(DBPort.java:151)
	at com.mongodb.DBTCPConnector.fetchMaxBsonObjectSize(DBTCPConnector.java:429)
	at com.mongodb.Mongo.getMaxBsonObjectSize(Mongo.java:544)
	at com.mongodb.DBApiLayer$MyCollection.insert(DBApiLayer.java:244)
	at com.mongodb.DBApiLayer$MyCollection.createIndex(DBApiLayer.java:354)
	at com.mongodb.DBCollection.ensureIndex(DBCollection.java:444)
	at com.mongodb.DBCollection.ensureIndex(DBCollection.java:392)
	at net.ion.radon.repository.Workspace.createWorkspace(Workspace.java:64)
	at net.ion.radon.repository.Workspace.load(Workspace.java:43)
	at net.ion.radon.repository.Repository.getWorkspace(Repository.java:28)
	at net.ion.radon.repository.LocalSession.getCurrentWorkspace(LocalSession.java:147)
	at net.ion.radon.repository.LocalSession.dropWorkspace(LocalSession.java:76)
	at net.ion.radon.repository.TestBaseRepository.setUp(TestBaseRepository.java:17)
	at junit.framework.TestCase.runBare(TestCase.java:128)
	at junit.framework.TestResult$1.protect(TestResult.java:106)
	at junit.framework.TestResult.runProtected(TestResult.java:124)
	at junit.framework.TestResult.run(TestResult.java:109)
	at junit.framework.TestCase.run(TestCase.java:120)
	at junit.framework.TestSuite.runTest(TestSuite.java:230)
	at junit.framework.TestSuite.run(TestSuite.java:225)
	at junit.framework.TestSuite.runTest(TestSuite.java:230)
	at junit.framework.TestSuite.run(TestSuite.java:225)
	at junit.framework.TestSuite.runTest(TestSuite.java:230)
	at junit.framework.TestSuite.run(TestSuite.java:225)
	at junit.framework.TestSuite.runTest(TestSuite.java:230)
	at junit.framework.TestSuite.run(TestSuite.java:225)
	at org.apache.tools.ant.taskdefs.optional.junit.JUnitTestRunner.run(JUnitTestRunner.java:421)
	at org.apache.tools.ant.taskdefs.optional.junit.JUnitTestRunner.launch(JUnitTestRunner.java:912)
	at org.apache.tools.ant.taskdefs.optional.junit.JUnitTestRunner.main(JUnitTestRunner.java:766)
2011. 11. 17 오전 9:56:25 com.mongodb.DBTCPConnector fetchMaxBsonObjectSize
경고: Exception determining maxBSON size using0
java.io.IOException: couldn't connect to [/61.250.201.78:27017] bc:java.net.ConnectException: Connection timed out: connect
	at com.mongodb.DBPort._open(DBPort.java:224)
	at com.mongodb.DBPort.go(DBPort.java:101)
	at com.mongodb.DBPort.go(DBPort.java:82)
	at com.mongodb.DBPort.findOne(DBPort.java:142)
	at com.mongodb.DBPort.runCommand(DBPort.java:151)
	at com.mongodb.DBTCPConnector.fetchMaxBsonObjectSize(DBTCPConnector.java:429)
	at com.mongodb.DBTCPConnector.checkMaster(DBTCPConnector.java:416)
	at com.mongodb.DBTCPConnector.say(DBTCPConnector.java:139)
	at com.mongodb.DBTCPConnector.say(DBTCPConnector.java:132)
	at com.mongodb.DBApiLayer$MyCollection.insert(DBApiLayer.java:262)
	at com.mongodb.DBApiLayer$MyCollection.createIndex(DBApiLayer.java:354)
	at com.mongodb.DBCollection.ensureIndex(DBCollection.java:444)
	at com.mongodb.DBCollection.ensureIndex(DBCollection.java:392)
	at net.ion.radon.repository.Workspace.createWorkspace(Workspace.java:64)
	at net.ion.radon.repository.Workspace.load(Workspace.java:43)
	at net.ion.radon.repository.Repository.getWorkspace(Repository.java:28)
	at net.ion.radon.repository.LocalSession.getCurrentWorkspace(LocalSession.java:147)
	at net.ion.radon.repository.LocalSession.dropWorkspace(LocalSession.java:76)
	at net.ion.radon.repository.TestBaseRepository.setUp(TestBaseRepository.java:17)
	at junit.framework.TestCase.runBare(TestCase.java:128)
	at junit.framework.TestResult$1.protect(TestResult.java:106)
	at junit.framework.TestResult.runProtected(TestResult.java:124)
	at junit.framework.TestResult.run(TestResult.java:109)
	at junit.framework.TestCase.run(TestCase.java:120)
	at junit.framework.TestSuite.runTest(TestSuite.java:230)
	at junit.framework.TestSuite.run(TestSuite.java:225)
	at junit.framework.TestSuite.runTest(TestSuite.java:230)
	at junit.framework.TestSuite.run(TestSuite.java:225)
	at junit.framework.TestSuite.runTest(TestSuite.java:230)
	at junit.framework.TestSuite.run(TestSuite.java:225)
	at junit.framework.TestSuite.runTest(TestSuite.java:230)
	at junit.framework.TestSuite.run(TestSuite.java:225)
	at org.apache.tools.ant.taskdefs.optional.junit.JUnitTestRunner.run(JUnitTestRunner.java:421)
	at org.apache.tools.ant.taskdefs.optional.junit.JUnitTestRunner.launch(JUnitTestRunner.java:912)
	at org.apache.tools.ant.taskdefs.optional.junit.JUnitTestRunner.main(JUnitTestRunner.java:766)
2011. 11. 17 오전 9:56:46 com.mongodb.DBPortPool gotError
경고: emptying DBPortPool to 61.250.201.78:27017 b/c of error
java.io.IOException: couldn't connect to [/61.250.201.78:27017] bc:java.net.ConnectException: Connection timed out: connect
	at com.mongodb.DBPort._open(DBPort.java:224)
	at com.mongodb.DBPort.go(DBPort.java:101)
	at com.mongodb.DBPort.go(DBPort.java:82)
	at com.mongodb.DBPort.say(DBPort.java:77)
	at com.mongodb.DBTCPConnector.say(DBTCPConnector.java:146)
	at com.mongodb.DBTCPConnector.say(DBTCPConnector.java:132)
	at com.mongodb.DBApiLayer$MyCollection.insert(DBApiLayer.java:262)
	at com.mongodb.DBApiLayer$MyCollection.createIndex(DBApiLayer.java:354)
	at com.mongodb.DBCollection.ensureIndex(DBCollection.java:444)
	at com.mongodb.DBCollection.ensureIndex(DBCollection.java:392)
	at net.ion.radon.repository.Workspace.createWorkspace(Workspace.java:64)
	at net.ion.radon.repository.Workspace.load(Workspace.java:43)
	at net.ion.radon.repository.Repository.getWorkspace(Repository.java:28)
	at net.ion.radon.repository.LocalSession.getCurrentWorkspace(LocalSession.java:147)
	at net.ion.radon.repository.LocalSession.dropWorkspace(LocalSession.java:76)
	at net.ion.radon.repository.TestBaseRepository.setUp(TestBaseRepository.java:17)
	at junit.framework.TestCase.runBare(TestCase.java:128)
	at junit.framework.TestResult$1.protect(TestResult.java:106)
	at junit.framework.TestResult.runProtected(TestResult.java:124)
	at junit.framework.TestResult.run(TestResult.java:109)
	at junit.framework.TestCase.run(TestCase.java:120)
	at junit.framework.TestSuite.runTest(TestSuite.java:230)
	at junit.framework.TestSuite.run(TestSuite.java:225)
	at junit.framework.TestSuite.runTest(TestSuite.java:230)
	at junit.framework.TestSuite.run(TestSuite.java:225)
	at junit.framework.TestSuite.runTest(TestSuite.java:230)
	at junit.framework.TestSuite.run(TestSuite.java:225)
	at junit.framework.TestSuite.runTest(TestSuite.java:230)
	at junit.framework.TestSuite.run(TestSuite.java:225)
	at org.apache.tools.ant.taskdefs.optional.junit.JUnitTestRunner.run(JUnitTestRunner.java:421)
	at org.apache.tools.ant.taskdefs.optional.junit.JUnitTestRunner.launch(JUnitTestRunner.java:912)
	at org.apache.tools.ant.taskdefs.optional.junit.JUnitTestRunner.main(JUnitTestRunner.java:766)
2011. 11. 17 오전 9:57:07 com.mongodb.DBTCPConnector fetchMaxBsonObjectSize
경고: Exception determining maxBSON size using0
java.io.IOException: couldn't connect to [/61.250.201.78:27017] bc:java.net.ConnectException: Connection timed out: connect
	at com.mongodb.DBPort._open(DBPort.java:224)
	at com.mongodb.DBPort.go(DBPort.java:101)
	at com.mongodb.DBPort.go(DBPort.java:82)
	at com.mongodb.DBPort.findOne(DBPort.java:142)
	at com.mongodb.DBPort.runCommand(DBPort.java:151)
	at com.mongodb.DBTCPConnector.fetchMaxBsonObjectSize(DBTCPConnector.java:429)
	at com.mongodb.Mongo.getMaxBsonObjectSize(Mongo.java:544)
	at com.mongodb.DBApiLayer$MyCollection.insert(DBApiLayer.java:244)
	at com.mongodb.DBApiLayer$MyCollection.createIndex(DBApiLayer.java:354)
	at com.mongodb.DBCollection.ensureIndex(DBCollection.java:444)
	at com.mongodb.DBCollection.ensureIndex(DBCollection.java:392)
	at net.ion.radon.repository.Workspace.createWorkspace(Workspace.java:64)
	at net.ion.radon.repository.Workspace.load(Workspace.java:43)
	at net.ion.radon.repository.Repository.getWorkspace(Repository.java:28)
	at net.ion.radon.repository.LocalSession.getCurrentWorkspace(LocalSession.java:147)
	at net.ion.radon.repository.LocalSession.dropWorkspace(LocalSession.java:76)
	at net.ion.radon.repository.TestBaseRepository.setUp(TestBaseRepository.java:17)
	at junit.framework.TestCase.runBare(TestCase.java:128)
	at junit.framework.TestResult$1.protect(TestResult.java:106)
	at junit.framework.TestResult.runProtected(TestResult.java:124)
	at junit.framework.TestResult.run(TestResult.java:109)
	at junit.framework.TestCase.run(TestCase.java:120)
	at junit.framework.TestSuite.runTest(TestSuite.java:230)
	at junit.framework.TestSuite.run(TestSuite.java:225)
	at junit.framework.TestSuite.runTest(TestSuite.java:230)
	at junit.framework.TestSuite.run(TestSuite.java:225)
	at junit.framework.TestSuite.runTest(TestSuite.java:230)
	at junit.framework.TestSuite.run(TestSuite.java:225)
	at junit.framework.TestSuite.runTest(TestSuite.java:230)
	at junit.framework.TestSuite.run(TestSuite.java:225)
	at org.apache.tools.ant.taskdefs.optional.junit.JUnitTestRunner.run(JUnitTestRunner.java:421)
	at org.apache.tools.ant.taskdefs.optional.junit.JUnitTestRunner.launch(JUnitTestRunner.java:912)
	at org.apache.tools.ant.taskdefs.optional.junit.JUnitTestRunner.main(JUnitTestRunner.java:766)
2011. 11. 17 오전 9:57:28 com.mongodb.DBTCPConnector fetchMaxBsonObjectSize
경고: Exception determining maxBSON size using0
java.io.IOException: couldn't connect to [/61.250.201.78:27017] bc:java.net.ConnectException: Connection timed out: connect
	at com.mongodb.DBPort._open(DBPort.java:224)
	at com.mongodb.DBPort.go(DBPort.java:101)
	at com.mongodb.DBPort.go(DBPort.java:82)
	at com.mongodb.DBPort.findOne(DBPort.java:142)
	at com.mongodb.DBPort.runCommand(DBPort.java:151)
	at com.mongodb.DBTCPConnector.fetchMaxBsonObjectSize(DBTCPConnector.java:429)
	at com.mongodb.DBTCPConnector.checkMaster(DBTCPConnector.java:416)
	at com.mongodb.DBTCPConnector.say(DBTCPConnector.java:139)
	at com.mongodb.DBTCPConnector.say(DBTCPConnector.java:132)
	at com.mongodb.DBApiLayer$MyCollection.insert(DBApiLayer.java:262)
	at com.mongodb.DBApiLayer$MyCollection.createIndex(DBApiLayer.java:354)
	at com.mongodb.DBCollection.ensureIndex(DBCollection.java:444)
	at com.mongodb.DBCollection.ensureIndex(DBCollection.java:392)
	at net.ion.radon.repository.Workspace.createWorkspace(Workspace.java:64)
	at net.ion.radon.repository.Workspace.load(Workspace.java:43)
	at net.ion.radon.repository.Repository.getWorkspace(Repository.java:28)
	at net.ion.radon.repository.LocalSession.getCurrentWorkspace(LocalSession.java:147)
	at net.ion.radon.repository.LocalSession.dropWorkspace(LocalSession.java:76)
	at net.ion.radon.repository.TestBaseRepository.setUp(TestBaseRepository.java:17)
	at junit.framework.TestCase.runBare(TestCase.java:128)
	at junit.framework.TestResult$1.protect(TestResult.java:106)
	at junit.framework.TestResult.runProtected(TestResult.java:124)
	at junit.framework.TestResult.run(TestResult.java:109)
	at junit.framework.TestCase.run(TestCase.java:120)
	at junit.framework.TestSuite.runTest(TestSuite.java:230)
	at junit.framework.TestSuite.run(TestSuite.java:225)
	at junit.framework.TestSuite.runTest(TestSuite.java:230)
	at junit.framework.TestSuite.run(TestSuite.java:225)
	at junit.framework.TestSuite.runTest(TestSuite.java:230)
	at junit.framework.TestSuite.run(TestSuite.java:225)
	at junit.framework.TestSuite.runTest(TestSuite.java:230)
	at junit.framework.TestSuite.run(TestSuite.java:225)
	at org.apache.tools.ant.taskdefs.optional.junit.JUnitTestRunner.run(JUnitTestRunner.java:421)
	at org.apache.tools.ant.taskdefs.optional.junit.JUnitTestRunner.launch(JUnitTestRunner.java:912)
	at org.apache.tools.ant.taskdefs.optional.junit.JUnitTestRunner.main(JUnitTestRunner.java:766)
2011. 11. 17 오전 9:57:49 com.mongodb.DBPortPool gotError
경고: emptying DBPortPool to 61.250.201.78:27017 b/c of error
java.io.IOException: couldn't connect to [/61.250.201.78:27017] bc:java.net.ConnectException: Connection timed out: connect
	at com.mongodb.DBPort._open(DBPort.java:224)
	at com.mongodb.DBPort.go(DBPort.java:101)
	at com.mongodb.DBPort.go(DBPort.java:82)
	at com.mongodb.DBPort.say(DBPort.java:77)
	at com.mongodb.DBTCPConnector.say(DBTCPConnector.java:146)
	at com.mongodb.DBTCPConnector.say(DBTCPConnector.java:132)
	at com.mongodb.DBApiLayer$MyCollection.insert(DBApiLayer.java:262)
	at com.mongodb.DBApiLayer$MyCollection.createIndex(DBApiLayer.java:354)
	at com.mongodb.DBCollection.ensureIndex(DBCollection.java:444)
	at com.mongodb.DBCollection.ensureIndex(DBCollection.java:392)
	at net.ion.radon.repository.Workspace.createWorkspace(Workspace.java:64)
	at net.ion.radon.repository.Workspace.load(Workspace.java:43)
	at net.ion.radon.repository.Repository.getWorkspace(Repository.java:28)
	at net.ion.radon.repository.LocalSession.getCurrentWorkspace(LocalSession.java:147)
	at net.ion.radon.repository.LocalSession.dropWorkspace(LocalSession.java:76)
	at net.ion.radon.repository.TestBaseRepository.setUp(TestBaseRepository.java:17)
	at junit.framework.TestCase.runBare(TestCase.java:128)
	at junit.framework.TestResult$1.protect(TestResult.java:106)
	at junit.framework.TestResult.runProtected(TestResult.java:124)
	at junit.framework.TestResult.run(TestResult.java:109)
	at junit.framework.TestCase.run(TestCase.java:120)
	at junit.framework.TestSuite.runTest(TestSuite.java:230)
	at junit.framework.TestSuite.run(TestSuite.java:225)
	at junit.framework.TestSuite.runTest(TestSuite.java:230)
	at junit.framework.TestSuite.run(TestSuite.java:225)
	at junit.framework.TestSuite.runTest(TestSuite.java:230)
	at junit.framework.TestSuite.run(TestSuite.java:225)
	at junit.framework.TestSuite.runTest(TestSuite.java:230)
	at junit.framework.TestSuite.run(TestSuite.java:225)
	at org.apache.tools.ant.taskdefs.optional.junit.JUnitTestRunner.run(JUnitTestRunner.java:421)
	at org.apache.tools.ant.taskdefs.optional.junit.JUnitTestRunner.launch(JUnitTestRunner.java:912)
	at org.apache.tools.ant.taskdefs.optional.junit.JUnitTestRunner.main(JUnitTestRunner.java:766)
2011. 11. 17 오전 9:58:10 com.mongodb.DBTCPConnector fetchMaxBsonObjectSize
경고: Exception determining maxBSON size using0
java.io.IOException: couldn't connect to [/61.250.201.78:27017] bc:java.net.ConnectException: Connection timed out: connect
	at com.mongodb.DBPort._open(DBPort.java:224)
	at com.mongodb.DBPort.go(DBPort.java:101)
	at com.mongodb.DBPort.go(DBPort.java:82)
	at com.mongodb.DBPort.findOne(DBPort.java:142)
	at com.mongodb.DBPort.runCommand(DBPort.java:151)
	at com.mongodb.DBTCPConnector.fetchMaxBsonObjectSize(DBTCPConnector.java:429)
	at com.mongodb.Mongo.getMaxBsonObjectSize(Mongo.java:544)
	at com.mongodb.DBApiLayer$MyCollection.insert(DBApiLayer.java:244)
	at com.mongodb.DBApiLayer$MyCollection.createIndex(DBApiLayer.java:354)
	at com.mongodb.DBCollection.ensureIndex(DBCollection.java:444)
	at com.mongodb.DBCollection.ensureIndex(DBCollection.java:392)
	at net.ion.radon.repository.Workspace.createWorkspace(Workspace.java:64)
	at net.ion.radon.repository.Workspace.load(Workspace.java:43)
	at net.ion.radon.repository.Repository.getWorkspace(Repository.java:28)
	at net.ion.radon.repository.LocalSession.getCurrentWorkspace(LocalSession.java:147)
	at net.ion.radon.repository.LocalSession.dropWorkspace(LocalSession.java:76)
	at net.ion.radon.repository.TestBaseRepository.setUp(TestBaseRepository.java:17)
	at junit.framework.TestCase.runBare(TestCase.java:128)
	at junit.framework.TestResult$1.protect(TestResult.java:106)
	at junit.framework.TestResult.runProtected(TestResult.java:124)
	at junit.framework.TestResult.run(TestResult.java:109)
	at junit.framework.TestCase.run(TestCase.java:120)
	at junit.framework.TestSuite.runTest(TestSuite.java:230)
	at junit.framework.TestSuite.run(TestSuite.java:225)
	at junit.framework.TestSuite.runTest(TestSuite.java:230)
	at junit.framework.TestSuite.run(TestSuite.java:225)
	at junit.framework.TestSuite.runTest(TestSuite.java:230)
	at junit.framework.TestSuite.run(TestSuite.java:225)
	at junit.framework.TestSuite.runTest(TestSuite.java:230)
	at junit.framework.TestSuite.run(TestSuite.java:225)
	at org.apache.tools.ant.taskdefs.optional.junit.JUnitTestRunner.run(JUnitTestRunner.java:421)
	at org.apache.tools.ant.taskdefs.optional.junit.JUnitTestRunner.launch(JUnitTestRunner.java:912)
	at org.apache.tools.ant.taskdefs.optional.junit.JUnitTestRunner.main(JUnitTestRunner.java:766)
2011. 11. 17 오전 9:58:31 com.mongodb.DBTCPConnector fetchMaxBsonObjectSize
경고: Exception determining maxBSON size using0
java.io.IOException: couldn't connect to [/61.250.201.78:27017] bc:java.net.ConnectException: Connection timed out: connect
	at com.mongodb.DBPort._open(DBPort.java:224)
	at com.mongodb.DBPort.go(DBPort.java:101)
	at com.mongodb.DBPort.go(DBPort.java:82)
	at com.mongodb.DBPort.findOne(DBPort.java:142)
	at com.mongodb.DBPort.runCommand(DBPort.java:151)
	at com.mongodb.DBTCPConnector.fetchMaxBsonObjectSize(DBTCPConnector.java:429)
	at com.mongodb.DBTCPConnector.checkMaster(DBTCPConnector.java:416)
	at com.mongodb.DBTCPConnector.say(DBTCPConnector.java:139)
	at com.mongodb.DBTCPConnector.say(DBTCPConnector.java:132)
	at com.mongodb.DBApiLayer$MyCollection.insert(DBApiLayer.java:262)
	at com.mongodb.DBApiLayer$MyCollection.createIndex(DBApiLayer.java:354)
	at com.mongodb.DBCollection.ensureIndex(DBCollection.java:444)
	at com.mongodb.DBCollection.ensureIndex(DBCollection.java:392)
	at net.ion.radon.repository.Workspace.createWorkspace(Workspace.java:64)
	at net.ion.radon.repository.Workspace.load(Workspace.java:43)
	at net.ion.radon.repository.Repository.getWorkspace(Repository.java:28)
	at net.ion.radon.repository.LocalSession.getCurrentWorkspace(LocalSession.java:147)
	at net.ion.radon.repository.LocalSession.dropWorkspace(LocalSession.java:76)
	at net.ion.radon.repository.TestBaseRepository.setUp(TestBaseRepository.java:17)
	at junit.framework.TestCase.runBare(TestCase.java:128)
	at junit.framework.TestResult$1.protect(TestResult.java:106)
	at junit.framework.TestResult.runProtected(TestResult.java:124)
	at junit.framework.TestResult.run(TestResult.java:109)
	at junit.framework.TestCase.run(TestCase.java:120)
	at junit.framework.TestSuite.runTest(TestSuite.java:230)
	at junit.framework.TestSuite.run(TestSuite.java:225)
	at junit.framework.TestSuite.runTest(TestSuite.java:230)
	at junit.framework.TestSuite.run(TestSuite.java:225)
	at junit.framework.TestSuite.runTest(TestSuite.java:230)
	at junit.framework.TestSuite.run(TestSuite.java:225)
	at junit.framework.TestSuite.runTest(TestSuite.java:230)
	at junit.framework.TestSuite.run(TestSuite.java:225)
	at org.apache.tools.ant.taskdefs.optional.junit.JUnitTestRunner.run(JUnitTestRunner.java:421)
	at org.apache.tools.ant.taskdefs.optional.junit.JUnitTestRunner.launch(JUnitTestRunner.java:912)
	at org.apache.tools.ant.taskdefs.optional.junit.JUnitTestRunner.main(JUnitTestRunner.java:766)
2011. 11. 17 오전 9:58:52 com.mongodb.DBPortPool gotError
경고: emptying DBPortPool to 61.250.201.78:27017 b/c of error
java.io.IOException: couldn't connect to [/61.250.201.78:27017] bc:java.net.ConnectException: Connection timed out: connect
	at com.mongodb.DBPort._open(DBPort.java:224)
	at com.mongodb.DBPort.go(DBPort.java:101)
	at com.mongodb.DBPort.go(DBPort.java:82)
	at com.mongodb.DBPort.say(DBPort.java:77)
	at com.mongodb.DBTCPConnector.say(DBTCPConnector.java:146)
	at com.mongodb.DBTCPConnector.say(DBTCPConnector.java:132)
	at com.mongodb.DBApiLayer$MyCollection.insert(DBApiLayer.java:262)
	at com.mongodb.DBApiLayer$MyCollection.createIndex(DBApiLayer.java:354)
	at com.mongodb.DBCollection.ensureIndex(DBCollection.java:444)
	at com.mongodb.DBCollection.ensureIndex(DBCollection.java:392)
	at net.ion.radon.repository.Workspace.createWorkspace(Workspace.java:64)
	at net.ion.radon.repository.Workspace.load(Workspace.java:43)
	at net.ion.radon.repository.Repository.getWorkspace(Repository.java:28)
	at net.ion.radon.repository.LocalSession.getCurrentWorkspace(LocalSession.java:147)
	at net.ion.radon.repository.LocalSession.dropWorkspace(LocalSession.java:76)
	at net.ion.radon.repository.TestBaseRepository.setUp(TestBaseRepository.java:17)
	at junit.framework.TestCase.runBare(TestCase.java:128)
	at junit.framework.TestResult$1.protect(TestResult.java:106)
	at junit.framework.TestResult.runProtected(TestResult.java:124)
	at junit.framework.TestResult.run(TestResult.java:109)
	at junit.framework.TestCase.run(TestCase.java:120)
	at junit.framework.TestSuite.runTest(TestSuite.java:230)
	at junit.framework.TestSuite.run(TestSuite.java:225)
	at junit.framework.TestSuite.runTest(TestSuite.java:230)
	at junit.framework.TestSuite.run(TestSuite.java:225)
	at junit.framework.TestSuite.runTest(TestSuite.java:230)
	at junit.framework.TestSuite.run(TestSuite.java:225)
	at junit.framework.TestSuite.runTest(TestSuite.java:230)
	at junit.framework.TestSuite.run(TestSuite.java:225)
	at org.apache.tools.ant.taskdefs.optional.junit.JUnitTestRunner.run(JUnitTestRunner.java:421)
	at org.apache.tools.ant.taskdefs.optional.junit.JUnitTestRunner.launch(JUnitTestRunner.java:912)
	at org.apache.tools.ant.taskdefs.optional.junit.JUnitTestRunner.main(JUnitTestRunner.java:766)
2011. 11. 17 오전 9:59:13 com.mongodb.DBTCPConnector fetchMaxBsonObjectSize
경고: Exception determining maxBSON size using0
java.io.IOException: couldn't connect to [/61.250.201.78:27017] bc:java.net.ConnectException: Connection timed out: connect
	at com.mongodb.DBPort._open(DBPort.java:224)
	at com.mongodb.DBPort.go(DBPort.java:101)
	at com.mongodb.DBPort.go(DBPort.java:82)
	at com.mongodb.DBPort.findOne(DBPort.java:142)
	at com.mongodb.DBPort.runCommand(DBPort.java:151)
	at com.mongodb.DBTCPConnector.fetchMaxBsonObjectSize(DBTCPConnector.java:429)
	at com.mongodb.Mongo.getMaxBsonObjectSize(Mongo.java:544)
	at com.mongodb.DBApiLayer$MyCollection.insert(DBApiLayer.java:244)
	at com.mongodb.DBApiLayer$MyCollection.createIndex(DBApiLayer.java:354)
	at com.mongodb.DBCollection.ensureIndex(DBCollection.java:444)
	at com.mongodb.DBCollection.ensureIndex(DBCollection.java:392)
	at net.ion.radon.repository.Workspace.createWorkspace(Workspace.java:64)
	at net.ion.radon.repository.Workspace.load(Workspace.java:43)
	at net.ion.radon.repository.Repository.getWorkspace(Repository.java:28)
	at net.ion.radon.repository.LocalSession.getCurrentWorkspace(LocalSession.java:147)
	at net.ion.radon.repository.LocalSession.dropWorkspace(LocalSession.java:76)
	at net.ion.radon.repository.TestBaseRepository.setUp(TestBaseRepository.java:17)
	at junit.framework.TestCase.runBare(TestCase.java:128)
	at junit.framework.TestResult$1.protect(TestResult.java:106)
	at junit.framework.TestResult.runProtected(TestResult.java:124)
	at junit.framework.TestResult.run(TestResult.java:109)
	at junit.framework.TestCase.run(TestCase.java:120)
	at junit.framework.TestSuite.runTest(TestSuite.java:230)
	at junit.framework.TestSuite.run(TestSuite.java:225)
	at junit.framework.TestSuite.runTest(TestSuite.java:230)
	at junit.framework.TestSuite.run(TestSuite.java:225)
	at junit.framework.TestSuite.runTest(TestSuite.java:230)
	at junit.framework.TestSuite.run(TestSuite.java:225)
	at junit.framework.TestSuite.runTest(TestSuite.java:230)
	at junit.framework.TestSuite.run(TestSuite.java:225)
	at org.apache.tools.ant.taskdefs.optional.junit.JUnitTestRunner.run(JUnitTestRunner.java:421)
	at org.apache.tools.ant.taskdefs.optional.junit.JUnitTestRunner.launch(JUnitTestRunner.java:912)
	at org.apache.tools.ant.taskdefs.optional.junit.JUnitTestRunner.main(JUnitTestRunner.java:766)
2011. 11. 17 오전 9:59:34 com.mongodb.DBTCPConnector fetchMaxBsonObjectSize
경고: Exception determining maxBSON size using0
java.io.IOException: couldn't connect to [/61.250.201.78:27017] bc:java.net.ConnectException: Connection timed out: connect
	at com.mongodb.DBPort._open(DBPort.java:224)
	at com.mongodb.DBPort.go(DBPort.java:101)
	at com.mongodb.DBPort.go(DBPort.java:82)
	at com.mongodb.DBPort.findOne(DBPort.java:142)
	at com.mongodb.DBPort.runCommand(DBPort.java:151)
	at com.mongodb.DBTCPConnector.fetchMaxBsonObjectSize(DBTCPConnector.java:429)
	at com.mongodb.DBTCPConnector.checkMaster(DBTCPConnector.java:416)
	at com.mongodb.DBTCPConnector.say(DBTCPConnector.java:139)
	at com.mongodb.DBTCPConnector.say(DBTCPConnector.java:132)
	at com.mongodb.DBApiLayer$MyCollection.insert(DBApiLayer.java:262)
	at com.mongodb.DBApiLayer$MyCollection.createIndex(DBApiLayer.java:354)
	at com.mongodb.DBCollection.ensureIndex(DBCollection.java:444)
	at com.mongodb.DBCollection.ensureIndex(DBCollection.java:392)
	at net.ion.radon.repository.Workspace.createWorkspace(Workspace.java:64)
	at net.ion.radon.repository.Workspace.load(Workspace.java:43)
	at net.ion.radon.repository.Repository.getWorkspace(Repository.java:28)
	at net.ion.radon.repository.LocalSession.getCurrentWorkspace(LocalSession.java:147)
	at net.ion.radon.repository.LocalSession.dropWorkspace(LocalSession.java:76)
	at net.ion.radon.repository.TestBaseRepository.setUp(TestBaseRepository.java:17)
	at junit.framework.TestCase.runBare(TestCase.java:128)
	at junit.framework.TestResult$1.protect(TestResult.java:106)
	at junit.framework.TestResult.runProtected(TestResult.java:124)
	at junit.framework.TestResult.run(TestResult.java:109)
	at junit.framework.TestCase.run(TestCase.java:120)
	at junit.framework.TestSuite.runTest(TestSuite.java:230)
	at junit.framework.TestSuite.run(TestSuite.java:225)
	at junit.framework.TestSuite.runTest(TestSuite.java:230)
	at junit.framework.TestSuite.run(TestSuite.java:225)
	at junit.framework.TestSuite.runTest(TestSuite.java:230)
	at junit.framework.TestSuite.run(TestSuite.java:225)
	at junit.framework.TestSuite.runTest(TestSuite.java:230)
	at junit.framework.TestSuite.run(TestSuite.java:225)
	at org.apache.tools.ant.taskdefs.optional.junit.JUnitTestRunner.run(JUnitTestRunner.java:421)
	at org.apache.tools.ant.taskdefs.optional.junit.JUnitTestRunner.launch(JUnitTestRunner.java:912)
	at org.apache.tools.ant.taskdefs.optional.junit.JUnitTestRunner.main(JUnitTestRunner.java:766)
2011. 11. 17 오전 9:59:55 com.mongodb.DBPortPool gotError
경고: emptying DBPortPool to 61.250.201.78:27017 b/c of error
java.io.IOException: couldn't connect to [/61.250.201.78:27017] bc:java.net.ConnectException: Connection timed out: connect
	at com.mongodb.DBPort._open(DBPort.java:224)
	at com.mongodb.DBPort.go(DBPort.java:101)
	at com.mongodb.DBPort.go(DBPort.java:82)
	at com.mongodb.DBPort.say(DBPort.java:77)
	at com.mongodb.DBTCPConnector.say(DBTCPConnector.java:146)
	at com.mongodb.DBTCPConnector.say(DBTCPConnector.java:132)
	at com.mongodb.DBApiLayer$MyCollection.insert(DBApiLayer.java:262)
	at com.mongodb.DBApiLayer$MyCollection.createIndex(DBApiLayer.java:354)
	at com.mongodb.DBCollection.ensureIndex(DBCollection.java:444)
	at com.mongodb.DBCollection.ensureIndex(DBCollection.java:392)
	at net.ion.radon.repository.Workspace.createWorkspace(Workspace.java:64)
	at net.ion.radon.repository.Workspace.load(Workspace.java:43)
	at net.ion.radon.repository.Repository.getWorkspace(Repository.java:28)
	at net.ion.radon.repository.LocalSession.getCurrentWorkspace(LocalSession.java:147)
	at net.ion.radon.repository.LocalSession.dropWorkspace(LocalSession.java:76)
	at net.ion.radon.repository.TestBaseRepository.setUp(TestBaseRepository.java:17)
	at junit.framework.TestCase.runBare(TestCase.java:128)
	at junit.framework.TestResult$1.protect(TestResult.java:106)
	at junit.framework.TestResult.runProtected(TestResult.java:124)
	at junit.framework.TestResult.run(TestResult.java:109)
	at junit.framework.TestCase.run(TestCase.java:120)
	at junit.framework.TestSuite.runTest(TestSuite.java:230)
	at junit.framework.TestSuite.run(TestSuite.java:225)
	at junit.framework.TestSuite.runTest(TestSuite.java:230)
	at junit.framework.TestSuite.run(TestSuite.java:225)
	at junit.framework.TestSuite.runTest(TestSuite.java:230)
	at junit.framework.TestSuite.run(TestSuite.java:225)
	at junit.framework.TestSuite.runTest(TestSuite.java:230)
	at junit.framework.TestSuite.run(TestSuite.java:225)
	at org.apache.tools.ant.taskdefs.optional.junit.JUnitTestRunner.run(JUnitTestRunner.java:421)
	at org.apache.tools.ant.taskdefs.optional.junit.JUnitTestRunner.launch(JUnitTestRunner.java:912)
	at org.apache.tools.ant.taskdefs.optional.junit.JUnitTestRunner.main(JUnitTestRunner.java:766)
2011. 11. 17 오전 10:00:16 com.mongodb.DBTCPConnector fetchMaxBsonObjectSize
경고: Exception determining maxBSON size using0
java.io.IOException: couldn't connect to [/61.250.201.78:27017] bc:java.net.ConnectException: Connection timed out: connect
	at com.mongodb.DBPort._open(DBPort.java:224)
	at com.mongodb.DBPort.go(DBPort.java:101)
	at com.mongodb.DBPort.go(DBPort.java:82)
	at com.mongodb.DBPort.findOne(DBPort.java:142)
	at com.mongodb.DBPort.runCommand(DBPort.java:151)
	at com.mongodb.DBTCPConnector.fetchMaxBsonObjectSize(DBTCPConnector.java:429)
	at com.mongodb.Mongo.getMaxBsonObjectSize(Mongo.java:544)
	at com.mongodb.DBApiLayer$MyCollection.insert(DBApiLayer.java:244)
	at com.mongodb.DBApiLayer$MyCollection.createIndex(DBApiLayer.java:354)
	at com.mongodb.DBCollection.ensureIndex(DBCollection.java:444)
	at com.mongodb.DBCollection.ensureIndex(DBCollection.java:392)
	at net.ion.radon.repository.Workspace.createWorkspace(Workspace.java:64)
	at net.ion.radon.repository.Workspace.load(Workspace.java:43)
	at net.ion.radon.repository.Repository.getWorkspace(Repository.java:28)
	at net.ion.radon.repository.LocalSession.getCurrentWorkspace(LocalSession.java:147)
	at net.ion.radon.repository.LocalSession.dropWorkspace(LocalSession.java:76)
	at net.ion.radon.repository.TestBaseRepository.setUp(TestBaseRepository.java:17)
	at junit.framework.TestCase.runBare(TestCase.java:128)
	at junit.framework.TestResult$1.protect(TestResult.java:106)
	at junit.framework.TestResult.runProtected(TestResult.java:124)
	at junit.framework.TestResult.run(TestResult.java:109)
	at junit.framework.TestCase.run(TestCase.java:120)
	at junit.framework.TestSuite.runTest(TestSuite.java:230)
	at junit.framework.TestSuite.run(TestSuite.java:225)
	at junit.framework.TestSuite.runTest(TestSuite.java:230)
	at junit.framework.TestSuite.run(TestSuite.java:225)
	at junit.framework.TestSuite.runTest(TestSuite.java:230)
	at junit.framework.TestSuite.run(TestSuite.java:225)
	at junit.framework.TestSuite.runTest(TestSuite.java:230)
	at junit.framework.TestSuite.run(TestSuite.java:225)
	at org.apache.tools.ant.taskdefs.optional.junit.JUnitTestRunner.run(JUnitTestRunner.java:421)
	at org.apache.tools.ant.taskdefs.optional.junit.JUnitTestRunner.launch(JUnitTestRunner.java:912)
	at org.apache.tools.ant.taskdefs.optional.junit.JUnitTestRunner.main(JUnitTestRunner.java:766)
2011. 11. 17 오전 10:00:37 com.mongodb.DBTCPConnector fetchMaxBsonObjectSize
경고: Exception determining maxBSON size using0
java.io.IOException: couldn't connect to [/61.250.201.78:27017] bc:java.net.ConnectException: Connection timed out: connect
	at com.mongodb.DBPort._open(DBPort.java:224)
	at com.mongodb.DBPort.go(DBPort.java:101)
	at com.mongodb.DBPort.go(DBPort.java:82)
	at com.mongodb.DBPort.findOne(DBPort.java:142)
	at com.mongodb.DBPort.runCommand(DBPort.java:151)
	at com.mongodb.DBTCPConnector.fetchMaxBsonObjectSize(DBTCPConnector.java:429)
	at com.mongodb.DBTCPConnector.checkMaster(DBTCPConnector.java:416)
	at com.mongodb.DBTCPConnector.say(DBTCPConnector.java:139)
	at com.mongodb.DBTCPConnector.say(DBTCPConnector.java:132)
	at com.mongodb.DBApiLayer$MyCollection.insert(DBApiLayer.java:262)
	at com.mongodb.DBApiLayer$MyCollection.createIndex(DBApiLayer.java:354)
	at com.mongodb.DBCollection.ensureIndex(DBCollection.java:444)
	at com.mongodb.DBCollection.ensureIndex(DBCollection.java:392)
	at net.ion.radon.repository.Workspace.createWorkspace(Workspace.java:64)
	at net.ion.radon.repository.Workspace.load(Workspace.java:43)
	at net.ion.radon.repository.Repository.getWorkspace(Repository.java:28)
	at net.ion.radon.repository.LocalSession.getCurrentWorkspace(LocalSession.java:147)
	at net.ion.radon.repository.LocalSession.dropWorkspace(LocalSession.java:76)
	at net.ion.radon.repository.TestBaseRepository.setUp(TestBaseRepository.java:17)
	at junit.framework.TestCase.runBare(TestCase.java:128)
	at junit.framework.TestResult$1.protect(TestResult.java:106)
	at junit.framework.TestResult.runProtected(TestResult.java:124)
	at junit.framework.TestResult.run(TestResult.java:109)
	at junit.framework.TestCase.run(TestCase.java:120)
	at junit.framework.TestSuite.runTest(TestSuite.java:230)
	at junit.framework.TestSuite.run(TestSuite.java:225)
	at junit.framework.TestSuite.runTest(TestSuite.java:230)
	at junit.framework.TestSuite.run(TestSuite.java:225)
	at junit.framework.TestSuite.runTest(TestSuite.java:230)
	at junit.framework.TestSuite.run(TestSuite.java:225)
	at junit.framework.TestSuite.runTest(TestSuite.java:230)
	at junit.framework.TestSuite.run(TestSuite.java:225)
	at org.apache.tools.ant.taskdefs.optional.junit.JUnitTestRunner.run(JUnitTestRunner.java:421)
	at org.apache.tools.ant.taskdefs.optional.junit.JUnitTestRunner.launch(JUnitTestRunner.java:912)
	at org.apache.tools.ant.taskdefs.optional.junit.JUnitTestRunner.main(JUnitTestRunner.java:766)
2011. 11. 17 오전 10:00:59 com.mongodb.DBPortPool gotError
경고: emptying DBPortPool to 61.250.201.78:27017 b/c of error
java.io.IOException: couldn't connect to [/61.250.201.78:27017] bc:java.net.ConnectException: Connection timed out: connect
	at com.mongodb.DBPort._open(DBPort.java:224)
	at com.mongodb.DBPort.go(DBPort.java:101)
	at com.mongodb.DBPort.go(DBPort.java:82)
	at com.mongodb.DBPort.say(DBPort.java:77)
	at com.mongodb.DBTCPConnector.say(DBTCPConnector.java:146)
	at com.mongodb.DBTCPConnector.say(DBTCPConnector.java:132)
	at com.mongodb.DBApiLayer$MyCollection.insert(DBApiLayer.java:262)
	at com.mongodb.DBApiLayer$MyCollection.createIndex(DBApiLayer.java:354)
	at com.mongodb.DBCollection.ensureIndex(DBCollection.java:444)
	at com.mongodb.DBCollection.ensureIndex(DBCollection.java:392)
	at net.ion.radon.repository.Workspace.createWorkspace(Workspace.java:64)
	at net.ion.radon.repository.Workspace.load(Workspace.java:43)
	at net.ion.radon.repository.Repository.getWorkspace(Repository.java:28)
	at net.ion.radon.repository.LocalSession.getCurrentWorkspace(LocalSession.java:147)
	at net.ion.radon.repository.LocalSession.dropWorkspace(LocalSession.java:76)
	at net.ion.radon.repository.TestBaseRepository.setUp(TestBaseRepository.java:17)
	at junit.framework.TestCase.runBare(TestCase.java:128)
	at junit.framework.TestResult$1.protect(TestResult.java:106)
	at junit.framework.TestResult.runProtected(TestResult.java:124)
	at junit.framework.TestResult.run(TestResult.java:109)
	at junit.framework.TestCase.run(TestCase.java:120)
	at junit.framework.TestSuite.runTest(TestSuite.java:230)
	at junit.framework.TestSuite.run(TestSuite.java:225)
	at junit.framework.TestSuite.runTest(TestSuite.java:230)
	at junit.framework.TestSuite.run(TestSuite.java:225)
	at junit.framework.TestSuite.runTest(TestSuite.java:230)
	at junit.framework.TestSuite.run(TestSuite.java:225)
	at junit.framework.TestSuite.runTest(TestSuite.java:230)
	at junit.framework.TestSuite.run(TestSuite.java:225)
	at org.apache.tools.ant.taskdefs.optional.junit.JUnitTestRunner.run(JUnitTestRunner.java:421)
	at org.apache.tools.ant.taskdefs.optional.junit.JUnitTestRunner.launch(JUnitTestRunner.java:912)
	at org.apache.tools.ant.taskdefs.optional.junit.JUnitTestRunner.main(JUnitTestRunner.java:766)
2011. 11. 17 오전 10:01:20 com.mongodb.DBTCPConnector fetchMaxBsonObjectSize
경고: Exception determining maxBSON size using0
java.io.IOException: couldn't connect to [/61.250.201.78:27017] bc:java.net.ConnectException: Connection timed out: connect
	at com.mongodb.DBPort._open(DBPort.java:224)
	at com.mongodb.DBPort.go(DBPort.java:101)
	at com.mongodb.DBPort.go(DBPort.java:82)
	at com.mongodb.DBPort.findOne(DBPort.java:142)
	at com.mongodb.DBPort.runCommand(DBPort.java:151)
	at com.mongodb.DBTCPConnector.fetchMaxBsonObjectSize(DBTCPConnector.java:429)
	at com.mongodb.Mongo.getMaxBsonObjectSize(Mongo.java:544)
	at com.mongodb.DBApiLayer$MyCollection.insert(DBApiLayer.java:244)
	at com.mongodb.DBApiLayer$MyCollection.createIndex(DBApiLayer.java:354)
	at com.mongodb.DBCollection.ensureIndex(DBCollection.java:444)
	at com.mongodb.DBCollection.ensureIndex(DBCollection.java:392)
	at net.ion.radon.repository.Workspace.createWorkspace(Workspace.java:64)
	at net.ion.radon.repository.Workspace.load(Workspace.java:43)
	at net.ion.radon.repository.Repository.getWorkspace(Repository.java:28)
	at net.ion.radon.repository.LocalSession.getCurrentWorkspace(LocalSession.java:147)
	at net.ion.radon.repository.LocalSession.dropWorkspace(LocalSession.java:76)
	at net.ion.radon.repository.TestBaseRepository.setUp(TestBaseRepository.java:17)
	at junit.framework.TestCase.runBare(TestCase.java:128)
	at junit.framework.TestResult$1.protect(TestResult.java:106)
	at junit.framework.TestResult.runProtected(TestResult.java:124)
	at junit.framework.TestResult.run(TestResult.java:109)
	at junit.framework.TestCase.run(TestCase.java:120)
	at junit.framework.TestSuite.runTest(TestSuite.java:230)
	at junit.framework.TestSuite.run(TestSuite.java:225)
	at junit.framework.TestSuite.runTest(TestSuite.java:230)
	at junit.framework.TestSuite.run(TestSuite.java:225)
	at junit.framework.TestSuite.runTest(TestSuite.java:230)
	at junit.framework.TestSuite.run(TestSuite.java:225)
	at junit.framework.TestSuite.runTest(TestSuite.java:230)
	at junit.framework.TestSuite.run(TestSuite.java:225)
	at org.apache.tools.ant.taskdefs.optional.junit.JUnitTestRunner.run(JUnitTestRunner.java:421)
	at org.apache.tools.ant.taskdefs.optional.junit.JUnitTestRunner.launch(JUnitTestRunner.java:912)
	at org.apache.tools.ant.taskdefs.optional.junit.JUnitTestRunner.main(JUnitTestRunner.java:766)
2011. 11. 17 오전 10:01:41 com.mongodb.DBTCPConnector fetchMaxBsonObjectSize
경고: Exception determining maxBSON size using0
java.io.IOException: couldn't connect to [/61.250.201.78:27017] bc:java.net.ConnectException: Connection timed out: connect
	at com.mongodb.DBPort._open(DBPort.java:224)
	at com.mongodb.DBPort.go(DBPort.java:101)
	at com.mongodb.DBPort.go(DBPort.java:82)
	at com.mongodb.DBPort.findOne(DBPort.java:142)
	at com.mongodb.DBPort.runCommand(DBPort.java:151)
	at com.mongodb.DBTCPConnector.fetchMaxBsonObjectSize(DBTCPConnector.java:429)
	at com.mongodb.DBTCPConnector.checkMaster(DBTCPConnector.java:416)
	at com.mongodb.DBTCPConnector.say(DBTCPConnector.java:139)
	at com.mongodb.DBTCPConnector.say(DBTCPConnector.java:132)
	at com.mongodb.DBApiLayer$MyCollection.insert(DBApiLayer.java:262)
	at com.mongodb.DBApiLayer$MyCollection.createIndex(DBApiLayer.java:354)
	at com.mongodb.DBCollection.ensureIndex(DBCollection.java:444)
	at com.mongodb.DBCollection.ensureIndex(DBCollection.java:392)
	at net.ion.radon.repository.Workspace.createWorkspace(Workspace.java:64)
	at net.ion.radon.repository.Workspace.load(Workspace.java:43)
	at net.ion.radon.repository.Repository.getWorkspace(Repository.java:28)
	at net.ion.radon.repository.LocalSession.getCurrentWorkspace(LocalSession.java:147)
	at net.ion.radon.repository.LocalSession.dropWorkspace(LocalSession.java:76)
	at net.ion.radon.repository.TestBaseRepository.setUp(TestBaseRepository.java:17)
	at junit.framework.TestCase.runBare(TestCase.java:128)
	at junit.framework.TestResult$1.protect(TestResult.java:106)
	at junit.framework.TestResult.runProtected(TestResult.java:124)
	at junit.framework.TestResult.run(TestResult.java:109)
	at junit.framework.TestCase.run(TestCase.java:120)
	at junit.framework.TestSuite.runTest(TestSuite.java:230)
	at junit.framework.TestSuite.run(TestSuite.java:225)
	at junit.framework.TestSuite.runTest(TestSuite.java:230)
	at junit.framework.TestSuite.run(TestSuite.java:225)
	at junit.framework.TestSuite.runTest(TestSuite.java:230)
	at junit.framework.TestSuite.run(TestSuite.java:225)
	at junit.framework.TestSuite.runTest(TestSuite.java:230)
	at junit.framework.TestSuite.run(TestSuite.java:225)
	at org.apache.tools.ant.taskdefs.optional.junit.JUnitTestRunner.run(JUnitTestRunner.java:421)
	at org.apache.tools.ant.taskdefs.optional.junit.JUnitTestRunner.launch(JUnitTestRunner.java:912)
	at org.apache.tools.ant.taskdefs.optional.junit.JUnitTestRunner.main(JUnitTestRunner.java:766)
2011. 11. 17 오전 10:02:02 com.mongodb.DBPortPool gotError
경고: emptying DBPortPool to 61.250.201.78:27017 b/c of error
java.io.IOException: couldn't connect to [/61.250.201.78:27017] bc:java.net.ConnectException: Connection timed out: connect
	at com.mongodb.DBPort._open(DBPort.java:224)
	at com.mongodb.DBPort.go(DBPort.java:101)
	at com.mongodb.DBPort.go(DBPort.java:82)
	at com.mongodb.DBPort.say(DBPort.java:77)
	at com.mongodb.DBTCPConnector.say(DBTCPConnector.java:146)
	at com.mongodb.DBTCPConnector.say(DBTCPConnector.java:132)
	at com.mongodb.DBApiLayer$MyCollection.insert(DBApiLayer.java:262)
	at com.mongodb.DBApiLayer$MyCollection.createIndex(DBApiLayer.java:354)
	at com.mongodb.DBCollection.ensureIndex(DBCollection.java:444)
	at com.mongodb.DBCollection.ensureIndex(DBCollection.java:392)
	at net.ion.radon.repository.Workspace.createWorkspace(Workspace.java:64)
	at net.ion.radon.repository.Workspace.load(Workspace.java:43)
	at net.ion.radon.repository.Repository.getWorkspace(Repository.java:28)
	at net.ion.radon.repository.LocalSession.getCurrentWorkspace(LocalSession.java:147)
	at net.ion.radon.repository.LocalSession.dropWorkspace(LocalSession.java:76)
	at net.ion.radon.repository.TestBaseRepository.setUp(TestBaseRepository.java:17)
	at junit.framework.TestCase.runBare(TestCase.java:128)
	at junit.framework.TestResult$1.protect(TestResult.java:106)
	at junit.framework.TestResult.runProtected(TestResult.java:124)
	at junit.framework.TestResult.run(TestResult.java:109)
	at junit.framework.TestCase.run(TestCase.java:120)
	at junit.framework.TestSuite.runTest(TestSuite.java:230)
	at junit.framework.TestSuite.run(TestSuite.java:225)
	at junit.framework.TestSuite.runTest(TestSuite.java:230)
	at junit.framework.TestSuite.run(TestSuite.java:225)
	at junit.framework.TestSuite.runTest(TestSuite.java:230)
	at junit.framework.TestSuite.run(TestSuite.java:225)
	at junit.framework.TestSuite.runTest(TestSuite.java:230)
	at junit.framework.TestSuite.run(TestSuite.java:225)
	at org.apache.tools.ant.taskdefs.optional.junit.JUnitTestRunner.run(JUnitTestRunner.java:421)
	at org.apache.tools.ant.taskdefs.optional.junit.JUnitTestRunner.launch(JUnitTestRunner.java:912)
	at org.apache.tools.ant.taskdefs.optional.junit.JUnitTestRunner.main(JUnitTestRunner.java:766)
2011. 11. 17 오전 10:02:23 com.mongodb.DBTCPConnector fetchMaxBsonObjectSize
경고: Exception determining maxBSON size using0
java.io.IOException: couldn't connect to [/61.250.201.78:27017] bc:java.net.ConnectException: Connection timed out: connect
	at com.mongodb.DBPort._open(DBPort.java:224)
	at com.mongodb.DBPort.go(DBPort.java:101)
	at com.mongodb.DBPort.go(DBPort.java:82)
	at com.mongodb.DBPort.findOne(DBPort.java:142)
	at com.mongodb.DBPort.runCommand(DBPort.java:151)
	at com.mongodb.DBTCPConnector.fetchMaxBsonObjectSize(DBTCPConnector.java:429)
	at com.mongodb.Mongo.getMaxBsonObjectSize(Mongo.java:544)
	at com.mongodb.DBApiLayer$MyCollection.insert(DBApiLayer.java:244)
	at com.mongodb.DBApiLayer$MyCollection.createIndex(DBApiLayer.java:354)
	at com.mongodb.DBCollection.ensureIndex(DBCollection.java:444)
	at com.mongodb.DBCollection.ensureIndex(DBCollection.java:392)
	at net.ion.radon.repository.Workspace.createWorkspace(Workspace.java:64)
	at net.ion.radon.repository.Workspace.load(Workspace.java:43)
	at net.ion.radon.repository.Repository.getWorkspace(Repository.java:28)
	at net.ion.radon.repository.LocalSession.getCurrentWorkspace(LocalSession.java:147)
	at net.ion.radon.repository.LocalSession.dropWorkspace(LocalSession.java:76)
	at net.ion.radon.repository.TestBaseRepository.setUp(TestBaseRepository.java:17)
	at junit.framework.TestCase.runBare(TestCase.java:128)
	at junit.framework.TestResult$1.protect(TestResult.java:106)
	at junit.framework.TestResult.runProtected(TestResult.java:124)
	at junit.framework.TestResult.run(TestResult.java:109)
	at junit.framework.TestCase.run(TestCase.java:120)
	at junit.framework.TestSuite.runTest(TestSuite.java:230)
	at junit.framework.TestSuite.run(TestSuite.java:225)
	at junit.framework.TestSuite.runTest(TestSuite.java:230)
	at junit.framework.TestSuite.run(TestSuite.java:225)
	at junit.framework.TestSuite.runTest(TestSuite.java:230)
	at junit.framework.TestSuite.run(TestSuite.java:225)
	at junit.framework.TestSuite.runTest(TestSuite.java:230)
	at junit.framework.TestSuite.run(TestSuite.java:225)
	at org.apache.tools.ant.taskdefs.optional.junit.JUnitTestRunner.run(JUnitTestRunner.java:421)
	at org.apache.tools.ant.taskdefs.optional.junit.JUnitTestRunner.launch(JUnitTestRunner.java:912)
	at org.apache.tools.ant.taskdefs.optional.junit.JUnitTestRunner.main(JUnitTestRunner.java:766)
2011. 11. 17 오전 10:02:44 com.mongodb.DBTCPConnector fetchMaxBsonObjectSize
경고: Exception determining maxBSON size using0
java.io.IOException: couldn't connect to [/61.250.201.78:27017] bc:java.net.ConnectException: Connection timed out: connect
	at com.mongodb.DBPort._open(DBPort.java:224)
	at com.mongodb.DBPort.go(DBPort.java:101)
	at com.mongodb.DBPort.go(DBPort.java:82)
	at com.mongodb.DBPort.findOne(DBPort.java:142)
	at com.mongodb.DBPort.runCommand(DBPort.java:151)
	at com.mongodb.DBTCPConnector.fetchMaxBsonObjectSize(DBTCPConnector.java:429)
	at com.mongodb.DBTCPConnector.checkMaster(DBTCPConnector.java:416)
	at com.mongodb.DBTCPConnector.say(DBTCPConnector.java:139)
	at com.mongodb.DBTCPConnector.say(DBTCPConnector.java:132)
	at com.mongodb.DBApiLayer$MyCollection.insert(DBApiLayer.java:262)
	at com.mongodb.DBApiLayer$MyCollection.createIndex(DBApiLayer.java:354)
	at com.mongodb.DBCollection.ensureIndex(DBCollection.java:444)
	at com.mongodb.DBCollection.ensureIndex(DBCollection.java:392)
	at net.ion.radon.repository.Workspace.createWorkspace(Workspace.java:64)
	at net.ion.radon.repository.Workspace.load(Workspace.java:43)
	at net.ion.radon.repository.Repository.getWorkspace(Repository.java:28)
	at net.ion.radon.repository.LocalSession.getCurrentWorkspace(LocalSession.java:147)
	at net.ion.radon.repository.LocalSession.dropWorkspace(LocalSession.java:76)
	at net.ion.radon.repository.TestBaseRepository.setUp(TestBaseRepository.java:17)
	at junit.framework.TestCase.runBare(TestCase.java:128)
	at junit.framework.TestResult$1.protect(TestResult.java:106)
	at junit.framework.TestResult.runProtected(TestResult.java:124)
	at junit.framework.TestResult.run(TestResult.java:109)
	at junit.framework.TestCase.run(TestCase.java:120)
	at junit.framework.TestSuite.runTest(TestSuite.java:230)
	at junit.framework.TestSuite.run(TestSuite.java:225)
	at junit.framework.TestSuite.runTest(TestSuite.java:230)
	at junit.framework.TestSuite.run(TestSuite.java:225)
	at junit.framework.TestSuite.runTest(TestSuite.java:230)
	at junit.framework.TestSuite.run(TestSuite.java:225)
	at junit.framework.TestSuite.runTest(TestSuite.java:230)
	at junit.framework.TestSuite.run(TestSuite.java:225)
	at org.apache.tools.ant.taskdefs.optional.junit.JUnitTestRunner.run(JUnitTestRunner.java:421)
	at org.apache.tools.ant.taskdefs.optional.junit.JUnitTestRunner.launch(JUnitTestRunner.java:912)
	at org.apache.tools.ant.taskdefs.optional.junit.JUnitTestRunner.main(JUnitTestRunner.java:766)
2011. 11. 17 오전 10:03:05 com.mongodb.DBPortPool gotError
경고: emptying DBPortPool to 61.250.201.78:27017 b/c of error
java.io.IOException: couldn't connect to [/61.250.201.78:27017] bc:java.net.ConnectException: Connection timed out: connect
	at com.mongodb.DBPort._open(DBPort.java:224)
	at com.mongodb.DBPort.go(DBPort.java:101)
	at com.mongodb.DBPort.go(DBPort.java:82)
	at com.mongodb.DBPort.say(DBPort.java:77)
	at com.mongodb.DBTCPConnector.say(DBTCPConnector.java:146)
	at com.mongodb.DBTCPConnector.say(DBTCPConnector.java:132)
	at com.mongodb.DBApiLayer$MyCollection.insert(DBApiLayer.java:262)
	at com.mongodb.DBApiLayer$MyCollection.createIndex(DBApiLayer.java:354)
	at com.mongodb.DBCollection.ensureIndex(DBCollection.java:444)
	at com.mongodb.DBCollection.ensureIndex(DBCollection.java:392)
	at net.ion.radon.repository.Workspace.createWorkspace(Workspace.java:64)
	at net.ion.radon.repository.Workspace.load(Workspace.java:43)
	at net.ion.radon.repository.Repository.getWorkspace(Repository.java:28)
	at net.ion.radon.repository.LocalSession.getCurrentWorkspace(LocalSession.java:147)
	at net.ion.radon.repository.LocalSession.dropWorkspace(LocalSession.java:76)
	at net.ion.radon.repository.TestBaseRepository.setUp(TestBaseRepository.java:17)
	at junit.framework.TestCase.runBare(TestCase.java:128)
	at junit.framework.TestResult$1.protect(TestResult.java:106)
	at junit.framework.TestResult.runProtected(TestResult.java:124)
	at junit.framework.TestResult.run(TestResult.java:109)
	at junit.framework.TestCase.run(TestCase.java:120)
	at junit.framework.TestSuite.runTest(TestSuite.java:230)
	at junit.framework.TestSuite.run(TestSuite.java:225)
	at junit.framework.TestSuite.runTest(TestSuite.java:230)
	at junit.framework.TestSuite.run(TestSuite.java:225)
	at junit.framework.TestSuite.runTest(TestSuite.java:230)
	at junit.framework.TestSuite.run(TestSuite.java:225)
	at junit.framework.TestSuite.runTest(TestSuite.java:230)
	at junit.framework.TestSuite.run(TestSuite.java:225)
	at org.apache.tools.ant.taskdefs.optional.junit.JUnitTestRunner.run(JUnitTestRunner.java:421)
	at org.apache.tools.ant.taskdefs.optional.junit.JUnitTestRunner.launch(JUnitTestRunner.java:912)
	at org.apache.tools.ant.taskdefs.optional.junit.JUnitTestRunner.main(JUnitTestRunner.java:766)
2011. 11. 17 오전 10:03:26 com.mongodb.DBTCPConnector fetchMaxBsonObjectSize
경고: Exception determining maxBSON size using0
java.io.IOException: couldn't connect to [/61.250.201.78:27017] bc:java.net.ConnectException: Connection timed out: connect
	at com.mongodb.DBPort._open(DBPort.java:224)
	at com.mongodb.DBPort.go(DBPort.java:101)
	at com.mongodb.DBPort.go(DBPort.java:82)
	at com.mongodb.DBPort.findOne(DBPort.java:142)
	at com.mongodb.DBPort.runCommand(DBPort.java:151)
	at com.mongodb.DBTCPConnector.fetchMaxBsonObjectSize(DBTCPConnector.java:429)
	at com.mongodb.Mongo.getMaxBsonObjectSize(Mongo.java:544)
	at com.mongodb.DBApiLayer$MyCollection.insert(DBApiLayer.java:244)
	at com.mongodb.DBApiLayer$MyCollection.createIndex(DBApiLayer.java:354)
	at com.mongodb.DBCollection.ensureIndex(DBCollection.java:444)
	at com.mongodb.DBCollection.ensureIndex(DBCollection.java:392)
	at net.ion.radon.repository.Workspace.createWorkspace(Workspace.java:64)
	at net.ion.radon.repository.Workspace.load(Workspace.java:43)
	at net.ion.radon.repository.Repository.getWorkspace(Repository.java:28)
	at net.ion.radon.repository.LocalSession.getCurrentWorkspace(LocalSession.java:147)
	at net.ion.radon.repository.LocalSession.dropWorkspace(LocalSession.java:76)
	at net.ion.radon.repository.TestBaseRepository.setUp(TestBaseRepository.java:17)
	at junit.framework.TestCase.runBare(TestCase.java:128)
	at junit.framework.TestResult$1.protect(TestResult.java:106)
	at junit.framework.TestResult.runProtected(TestResult.java:124)
	at junit.framework.TestResult.run(TestResult.java:109)
	at junit.framework.TestCase.run(TestCase.java:120)
	at junit.framework.TestSuite.runTest(TestSuite.java:230)
	at junit.framework.TestSuite.run(TestSuite.java:225)
	at junit.framework.TestSuite.runTest(TestSuite.java:230)
	at junit.framework.TestSuite.run(TestSuite.java:225)
	at junit.framework.TestSuite.runTest(TestSuite.java:230)
	at junit.framework.TestSuite.run(TestSuite.java:225)
	at junit.framework.TestSuite.runTest(TestSuite.java:230)
	at junit.framework.TestSuite.run(TestSuite.java:225)
	at org.apache.tools.ant.taskdefs.optional.junit.JUnitTestRunner.run(JUnitTestRunner.java:421)
	at org.apache.tools.ant.taskdefs.optional.junit.JUnitTestRunner.launch(JUnitTestRunner.java:912)
	at org.apache.tools.ant.taskdefs.optional.junit.JUnitTestRunner.main(JUnitTestRunner.java:766)
2011. 11. 17 오전 10:03:47 com.mongodb.DBTCPConnector fetchMaxBsonObjectSize
경고: Exception determining maxBSON size using0
java.io.IOException: couldn't connect to [/61.250.201.78:27017] bc:java.net.ConnectException: Connection timed out: connect
	at com.mongodb.DBPort._open(DBPort.java:224)
	at com.mongodb.DBPort.go(DBPort.java:101)
	at com.mongodb.DBPort.go(DBPort.java:82)
	at com.mongodb.DBPort.findOne(DBPort.java:142)
	at com.mongodb.DBPort.runCommand(DBPort.java:151)
	at com.mongodb.DBTCPConnector.fetchMaxBsonObjectSize(DBTCPConnector.java:429)
	at com.mongodb.DBTCPConnector.checkMaster(DBTCPConnector.java:416)
	at com.mongodb.DBTCPConnector.say(DBTCPConnector.java:139)
	at com.mongodb.DBTCPConnector.say(DBTCPConnector.java:132)
	at com.mongodb.DBApiLayer$MyCollection.insert(DBApiLayer.java:262)
	at com.mongodb.DBApiLayer$MyCollection.createIndex(DBApiLayer.java:354)
	at com.mongodb.DBCollection.ensureIndex(DBCollection.java:444)
	at com.mongodb.DBCollection.ensureIndex(DBCollection.java:392)
	at net.ion.radon.repository.Workspace.createWorkspace(Workspace.java:64)
	at net.ion.radon.repository.Workspace.load(Workspace.java:43)
	at net.ion.radon.repository.Repository.getWorkspace(Repository.java:28)
	at net.ion.radon.repository.LocalSession.getCurrentWorkspace(LocalSession.java:147)
	at net.ion.radon.repository.LocalSession.dropWorkspace(LocalSession.java:76)
	at net.ion.radon.repository.TestBaseRepository.setUp(TestBaseRepository.java:17)
	at junit.framework.TestCase.runBare(TestCase.java:128)
	at junit.framework.TestResult$1.protect(TestResult.java:106)
	at junit.framework.TestResult.runProtected(TestResult.java:124)
	at junit.framework.TestResult.run(TestResult.java:109)
	at junit.framework.TestCase.run(TestCase.java:120)
	at junit.framework.TestSuite.runTest(TestSuite.java:230)
	at junit.framework.TestSuite.run(TestSuite.java:225)
	at junit.framework.TestSuite.runTest(TestSuite.java:230)
	at junit.framework.TestSuite.run(TestSuite.java:225)
	at junit.framework.TestSuite.runTest(TestSuite.java:230)
	at junit.framework.TestSuite.run(TestSuite.java:225)
	at junit.framework.TestSuite.runTest(TestSuite.java:230)
	at junit.framework.TestSuite.run(TestSuite.java:225)
	at org.apache.tools.ant.taskdefs.optional.junit.JUnitTestRunner.run(JUnitTestRunner.java:421)
	at org.apache.tools.ant.taskdefs.optional.junit.JUnitTestRunner.launch(JUnitTestRunner.java:912)
	at org.apache.tools.ant.taskdefs.optional.junit.JUnitTestRunner.main(JUnitTestRunner.java:766)
2011. 11. 17 오전 10:04:08 com.mongodb.DBPortPool gotError
경고: emptying DBPortPool to 61.250.201.78:27017 b/c of error
java.io.IOException: couldn't connect to [/61.250.201.78:27017] bc:java.net.ConnectException: Connection timed out: connect
	at com.mongodb.DBPort._open(DBPort.java:224)
	at com.mongodb.DBPort.go(DBPort.java:101)
	at com.mongodb.DBPort.go(DBPort.java:82)
	at com.mongodb.DBPort.say(DBPort.java:77)
	at com.mongodb.DBTCPConnector.say(DBTCPConnector.java:146)
	at com.mongodb.DBTCPConnector.say(DBTCPConnector.java:132)
	at com.mongodb.DBApiLayer$MyCollection.insert(DBApiLayer.java:262)
	at com.mongodb.DBApiLayer$MyCollection.createIndex(DBApiLayer.java:354)
	at com.mongodb.DBCollection.ensureIndex(DBCollection.java:444)
	at com.mongodb.DBCollection.ensureIndex(DBCollection.java:392)
	at net.ion.radon.repository.Workspace.createWorkspace(Workspace.java:64)
	at net.ion.radon.repository.Workspace.load(Workspace.java:43)
	at net.ion.radon.repository.Repository.getWorkspace(Repository.java:28)
	at net.ion.radon.repository.LocalSession.getCurrentWorkspace(LocalSession.java:147)
	at net.ion.radon.repository.LocalSession.dropWorkspace(LocalSession.java:76)
	at net.ion.radon.repository.TestBaseRepository.setUp(TestBaseRepository.java:17)
	at junit.framework.TestCase.runBare(TestCase.java:128)
	at junit.framework.TestResult$1.protect(TestResult.java:106)
	at junit.framework.TestResult.runProtected(TestResult.java:124)
	at junit.framework.TestResult.run(TestResult.java:109)
	at junit.framework.TestCase.run(TestCase.java:120)
	at junit.framework.TestSuite.runTest(TestSuite.java:230)
	at junit.framework.TestSuite.run(TestSuite.java:225)
	at junit.framework.TestSuite.runTest(TestSuite.java:230)
	at junit.framework.TestSuite.run(TestSuite.java:225)
	at junit.framework.TestSuite.runTest(TestSuite.java:230)
	at junit.framework.TestSuite.run(TestSuite.java:225)
	at junit.framework.TestSuite.runTest(TestSuite.java:230)
	at junit.framework.TestSuite.run(TestSuite.java:225)
	at org.apache.tools.ant.taskdefs.optional.junit.JUnitTestRunner.run(JUnitTestRunner.java:421)
	at org.apache.tools.ant.taskdefs.optional.junit.JUnitTestRunner.launch(JUnitTestRunner.java:912)
	at org.apache.tools.ant.taskdefs.optional.junit.JUnitTestRunner.main(JUnitTestRunner.java:766)
2011. 11. 17 오전 10:04:29 com.mongodb.DBTCPConnector fetchMaxBsonObjectSize
경고: Exception determining maxBSON size using0
java.io.IOException: couldn't connect to [/61.250.201.78:27017] bc:java.net.ConnectException: Connection timed out: connect
	at com.mongodb.DBPort._open(DBPort.java:224)
	at com.mongodb.DBPort.go(DBPort.java:101)
	at com.mongodb.DBPort.go(DBPort.java:82)
	at com.mongodb.DBPort.findOne(DBPort.java:142)
	at com.mongodb.DBPort.runCommand(DBPort.java:151)
	at com.mongodb.DBTCPConnector.fetchMaxBsonObjectSize(DBTCPConnector.java:429)
	at com.mongodb.Mongo.getMaxBsonObjectSize(Mongo.java:544)
	at com.mongodb.DBApiLayer$MyCollection.insert(DBApiLayer.java:244)
	at com.mongodb.DBApiLayer$MyCollection.createIndex(DBApiLayer.java:354)
	at com.mongodb.DBCollection.ensureIndex(DBCollection.java:444)
	at com.mongodb.DBCollection.ensureIndex(DBCollection.java:392)
	at net.ion.radon.repository.Workspace.createWorkspace(Workspace.java:64)
	at net.ion.radon.repository.Workspace.load(Workspace.java:43)
	at net.ion.radon.repository.Repository.getWorkspace(Repository.java:28)
	at net.ion.radon.repository.LocalSession.getCurrentWorkspace(LocalSession.java:147)
	at net.ion.radon.repository.LocalSession.dropWorkspace(LocalSession.java:76)
	at net.ion.radon.repository.TestBaseRepository.setUp(TestBaseRepository.java:17)
	at junit.framework.TestCase.runBare(TestCase.java:128)
	at junit.framework.TestResult$1.protect(TestResult.java:106)
	at junit.framework.TestResult.runProtected(TestResult.java:124)
	at junit.framework.TestResult.run(TestResult.java:109)
	at junit.framework.TestCase.run(TestCase.java:120)
	at junit.framework.TestSuite.runTest(TestSuite.java:230)
	at junit.framework.TestSuite.run(TestSuite.java:225)
	at junit.framework.TestSuite.runTest(TestSuite.java:230)
	at junit.framework.TestSuite.run(TestSuite.java:225)
	at junit.framework.TestSuite.runTest(TestSuite.java:230)
	at junit.framework.TestSuite.run(TestSuite.java:225)
	at junit.framework.TestSuite.runTest(TestSuite.java:230)
	at junit.framework.TestSuite.run(TestSuite.java:225)
	at org.apache.tools.ant.taskdefs.optional.junit.JUnitTestRunner.run(JUnitTestRunner.java:421)
	at org.apache.tools.ant.taskdefs.optional.junit.JUnitTestRunner.launch(JUnitTestRunner.java:912)
	at org.apache.tools.ant.taskdefs.optional.junit.JUnitTestRunner.main(JUnitTestRunner.java:766)
2011. 11. 17 오전 10:04:50 com.mongodb.DBTCPConnector fetchMaxBsonObjectSize
경고: Exception determining maxBSON size using0
java.io.IOException: couldn't connect to [/61.250.201.78:27017] bc:java.net.ConnectException: Connection timed out: connect
	at com.mongodb.DBPort._open(DBPort.java:224)
	at com.mongodb.DBPort.go(DBPort.java:101)
	at com.mongodb.DBPort.go(DBPort.java:82)
	at com.mongodb.DBPort.findOne(DBPort.java:142)
	at com.mongodb.DBPort.runCommand(DBPort.java:151)
	at com.mongodb.DBTCPConnector.fetchMaxBsonObjectSize(DBTCPConnector.java:429)
	at com.mongodb.DBTCPConnector.checkMaster(DBTCPConnector.java:416)
	at com.mongodb.DBTCPConnector.say(DBTCPConnector.java:139)
	at com.mongodb.DBTCPConnector.say(DBTCPConnector.java:132)
	at com.mongodb.DBApiLayer$MyCollection.insert(DBApiLayer.java:262)
	at com.mongodb.DBApiLayer$MyCollection.createIndex(DBApiLayer.java:354)
	at com.mongodb.DBCollection.ensureIndex(DBCollection.java:444)
	at com.mongodb.DBCollection.ensureIndex(DBCollection.java:392)
	at net.ion.radon.repository.Workspace.createWorkspace(Workspace.java:64)
	at net.ion.radon.repository.Workspace.load(Workspace.java:43)
	at net.ion.radon.repository.Repository.getWorkspace(Repository.java:28)
	at net.ion.radon.repository.LocalSession.getCurrentWorkspace(LocalSession.java:147)
	at net.ion.radon.repository.LocalSession.dropWorkspace(LocalSession.java:76)
	at net.ion.radon.repository.TestBaseRepository.setUp(TestBaseRepository.java:17)
	at junit.framework.TestCase.runBare(TestCase.java:128)
	at junit.framework.TestResult$1.protect(TestResult.java:106)
	at junit.framework.TestResult.runProtected(TestResult.java:124)
	at junit.framework.TestResult.run(TestResult.java:109)
	at junit.framework.TestCase.run(TestCase.java:120)
	at junit.framework.TestSuite.runTest(TestSuite.java:230)
	at junit.framework.TestSuite.run(TestSuite.java:225)
	at junit.framework.TestSuite.runTest(TestSuite.java:230)
	at junit.framework.TestSuite.run(TestSuite.java:225)
	at junit.framework.TestSuite.runTest(TestSuite.java:230)
	at junit.framework.TestSuite.run(TestSuite.java:225)
	at junit.framework.TestSuite.runTest(TestSuite.java:230)
	at junit.framework.TestSuite.run(TestSuite.java:225)
	at org.apache.tools.ant.taskdefs.optional.junit.JUnitTestRunner.run(JUnitTestRunner.java:421)
	at org.apache.tools.ant.taskdefs.optional.junit.JUnitTestRunner.launch(JUnitTestRunner.java:912)
	at org.apache.tools.ant.taskdefs.optional.junit.JUnitTestRunner.main(JUnitTestRunner.java:766)
2011. 11. 17 오전 10:05:11 com.mongodb.DBPortPool gotError
경고: emptying DBPortPool to 61.250.201.78:27017 b/c of error
java.io.IOException: couldn't connect to [/61.250.201.78:27017] bc:java.net.ConnectException: Connection timed out: connect
	at com.mongodb.DBPort._open(DBPort.java:224)
	at com.mongodb.DBPort.go(DBPort.java:101)
	at com.mongodb.DBPort.go(DBPort.java:82)
	at com.mongodb.DBPort.say(DBPort.java:77)
	at com.mongodb.DBTCPConnector.say(DBTCPConnector.java:146)
	at com.mongodb.DBTCPConnector.say(DBTCPConnector.java:132)
	at com.mongodb.DBApiLayer$MyCollection.insert(DBApiLayer.java:262)
	at com.mongodb.DBApiLayer$MyCollection.createIndex(DBApiLayer.java:354)
	at com.mongodb.DBCollection.ensureIndex(DBCollection.java:444)
	at com.mongodb.DBCollection.ensureIndex(DBCollection.java:392)
	at net.ion.radon.repository.Workspace.createWorkspace(Workspace.java:64)
	at net.ion.radon.repository.Workspace.load(Workspace.java:43)
	at net.ion.radon.repository.Repository.getWorkspace(Repository.java:28)
	at net.ion.radon.repository.LocalSession.getCurrentWorkspace(LocalSession.java:147)
	at net.ion.radon.repository.LocalSession.dropWorkspace(LocalSession.java:76)
	at net.ion.radon.repository.TestBaseRepository.setUp(TestBaseRepository.java:17)
	at junit.framework.TestCase.runBare(TestCase.java:128)
	at junit.framework.TestResult$1.protect(TestResult.java:106)
	at junit.framework.TestResult.runProtected(TestResult.java:124)
	at junit.framework.TestResult.run(TestResult.java:109)
	at junit.framework.TestCase.run(TestCase.java:120)
	at junit.framework.TestSuite.runTest(TestSuite.java:230)
	at junit.framework.TestSuite.run(TestSuite.java:225)
	at junit.framework.TestSuite.runTest(TestSuite.java:230)
	at junit.framework.TestSuite.run(TestSuite.java:225)
	at junit.framework.TestSuite.runTest(TestSuite.java:230)
	at junit.framework.TestSuite.run(TestSuite.java:225)
	at junit.framework.TestSuite.runTest(TestSuite.java:230)
	at junit.framework.TestSuite.run(TestSuite.java:225)
	at org.apache.tools.ant.taskdefs.optional.junit.JUnitTestRunner.run(JUnitTestRunner.java:421)
	at org.apache.tools.ant.taskdefs.optional.junit.JUnitTestRunner.launch(JUnitTestRunner.java:912)
	at org.apache.tools.ant.taskdefs.optional.junit.JUnitTestRunner.main(JUnitTestRunner.java:766)
2011. 11. 17 오전 10:05:32 com.mongodb.DBTCPConnector fetchMaxBsonObjectSize
경고: Exception determining maxBSON size using0
java.io.IOException: couldn't connect to [/61.250.201.78:27017] bc:java.net.ConnectException: Connection timed out: connect
	at com.mongodb.DBPort._open(DBPort.java:224)
	at com.mongodb.DBPort.go(DBPort.java:101)
	at com.mongodb.DBPort.go(DBPort.java:82)
	at com.mongodb.DBPort.findOne(DBPort.java:142)
	at com.mongodb.DBPort.runCommand(DBPort.java:151)
	at com.mongodb.DBTCPConnector.fetchMaxBsonObjectSize(DBTCPConnector.java:429)
	at com.mongodb.Mongo.getMaxBsonObjectSize(Mongo.java:544)
	at com.mongodb.DBApiLayer$MyCollection.insert(DBApiLayer.java:244)
	at com.mongodb.DBApiLayer$MyCollection.createIndex(DBApiLayer.java:354)
	at com.mongodb.DBCollection.ensureIndex(DBCollection.java:444)
	at com.mongodb.DBCollection.ensureIndex(DBCollection.java:392)
	at net.ion.radon.repository.Workspace.createWorkspace(Workspace.java:64)
	at net.ion.radon.repository.Workspace.load(Workspace.java:43)
	at net.ion.radon.repository.Repository.getWorkspace(Repository.java:28)
	at net.ion.radon.repository.LocalSession.getCurrentWorkspace(LocalSession.java:147)
	at net.ion.radon.repository.LocalSession.dropWorkspace(LocalSession.java:76)
	at net.ion.radon.repository.TestBaseRepository.setUp(TestBaseRepository.java:17)
	at junit.framework.TestCase.runBare(TestCase.java:128)
	at junit.framework.TestResult$1.protect(TestResult.java:106)
	at junit.framework.TestResult.runProtected(TestResult.java:124)
	at junit.framework.TestResult.run(TestResult.java:109)
	at junit.framework.TestCase.run(TestCase.java:120)
	at junit.framework.TestSuite.runTest(TestSuite.java:230)
	at junit.framework.TestSuite.run(TestSuite.java:225)
	at junit.framework.TestSuite.runTest(TestSuite.java:230)
	at junit.framework.TestSuite.run(TestSuite.java:225)
	at junit.framework.TestSuite.runTest(TestSuite.java:230)
	at junit.framework.TestSuite.run(TestSuite.java:225)
	at junit.framework.TestSuite.runTest(TestSuite.java:230)
	at junit.framework.TestSuite.run(TestSuite.java:225)
	at org.apache.tools.ant.taskdefs.optional.junit.JUnitTestRunner.run(JUnitTestRunner.java:421)
	at org.apache.tools.ant.taskdefs.optional.junit.JUnitTestRunner.launch(JUnitTestRunner.java:912)
	at org.apache.tools.ant.taskdefs.optional.junit.JUnitTestRunner.main(JUnitTestRunner.java:766)
2011. 11. 17 오전 10:05:53 com.mongodb.DBTCPConnector fetchMaxBsonObjectSize
경고: Exception determining maxBSON size using0
java.io.IOException: couldn't connect to [/61.250.201.78:27017] bc:java.net.ConnectException: Connection timed out: connect
	at com.mongodb.DBPort._open(DBPort.java:224)
	at com.mongodb.DBPort.go(DBPort.java:101)
	at com.mongodb.DBPort.go(DBPort.java:82)
	at com.mongodb.DBPort.findOne(DBPort.java:142)
	at com.mongodb.DBPort.runCommand(DBPort.java:151)
	at com.mongodb.DBTCPConnector.fetchMaxBsonObjectSize(DBTCPConnector.java:429)
	at com.mongodb.DBTCPConnector.checkMaster(DBTCPConnector.java:416)
	at com.mongodb.DBTCPConnector.say(DBTCPConnector.java:139)
	at com.mongodb.DBTCPConnector.say(DBTCPConnector.java:132)
	at com.mongodb.DBApiLayer$MyCollection.insert(DBApiLayer.java:262)
	at com.mongodb.DBApiLayer$MyCollection.createIndex(DBApiLayer.java:354)
	at com.mongodb.DBCollection.ensureIndex(DBCollection.java:444)
	at com.mongodb.DBCollection.ensureIndex(DBCollection.java:392)
	at net.ion.radon.repository.Workspace.createWorkspace(Workspace.java:64)
	at net.ion.radon.repository.Workspace.load(Workspace.java:43)
	at net.ion.radon.repository.Repository.getWorkspace(Repository.java:28)
	at net.ion.radon.repository.LocalSession.getCurrentWorkspace(LocalSession.java:147)
	at net.ion.radon.repository.LocalSession.dropWorkspace(LocalSession.java:76)
	at net.ion.radon.repository.TestBaseRepository.setUp(TestBaseRepository.java:17)
	at junit.framework.TestCase.runBare(TestCase.java:128)
	at junit.framework.TestResult$1.protect(TestResult.java:106)
	at junit.framework.TestResult.runProtected(TestResult.java:124)
	at junit.framework.TestResult.run(TestResult.java:109)
	at junit.framework.TestCase.run(TestCase.java:120)
	at junit.framework.TestSuite.runTest(TestSuite.java:230)
	at junit.framework.TestSuite.run(TestSuite.java:225)
	at junit.framework.TestSuite.runTest(TestSuite.java:230)
	at junit.framework.TestSuite.run(TestSuite.java:225)
	at junit.framework.TestSuite.runTest(TestSuite.java:230)
	at junit.framework.TestSuite.run(TestSuite.java:225)
	at junit.framework.TestSuite.runTest(TestSuite.java:230)
	at junit.framework.TestSuite.run(TestSuite.java:225)
	at org.apache.tools.ant.taskdefs.optional.junit.JUnitTestRunner.run(JUnitTestRunner.java:421)
	at org.apache.tools.ant.taskdefs.optional.junit.JUnitTestRunner.launch(JUnitTestRunner.java:912)
	at org.apache.tools.ant.taskdefs.optional.junit.JUnitTestRunner.main(JUnitTestRunner.java:766)
2011. 11. 17 오전 10:06:14 com.mongodb.DBPortPool gotError
경고: emptying DBPortPool to 61.250.201.78:27017 b/c of error
java.io.IOException: couldn't connect to [/61.250.201.78:27017] bc:java.net.ConnectException: Connection timed out: connect
	at com.mongodb.DBPort._open(DBPort.java:224)
	at com.mongodb.DBPort.go(DBPort.java:101)
	at com.mongodb.DBPort.go(DBPort.java:82)
	at com.mongodb.DBPort.say(DBPort.java:77)
	at com.mongodb.DBTCPConnector.say(DBTCPConnector.java:146)
	at com.mongodb.DBTCPConnector.say(DBTCPConnector.java:132)
	at com.mongodb.DBApiLayer$MyCollection.insert(DBApiLayer.java:262)
	at com.mongodb.DBApiLayer$MyCollection.createIndex(DBApiLayer.java:354)
	at com.mongodb.DBCollection.ensureIndex(DBCollection.java:444)
	at com.mongodb.DBCollection.ensureIndex(DBCollection.java:392)
	at net.ion.radon.repository.Workspace.createWorkspace(Workspace.java:64)
	at net.ion.radon.repository.Workspace.load(Workspace.java:43)
	at net.ion.radon.repository.Repository.getWorkspace(Repository.java:28)
	at net.ion.radon.repository.LocalSession.getCurrentWorkspace(LocalSession.java:147)
	at net.ion.radon.repository.LocalSession.dropWorkspace(LocalSession.java:76)
	at net.ion.radon.repository.TestBaseRepository.setUp(TestBaseRepository.java:17)
	at junit.framework.TestCase.runBare(TestCase.java:128)
	at junit.framework.TestResult$1.protect(TestResult.java:106)
	at junit.framework.TestResult.runProtected(TestResult.java:124)
	at junit.framework.TestResult.run(TestResult.java:109)
	at junit.framework.TestCase.run(TestCase.java:120)
	at junit.framework.TestSuite.runTest(TestSuite.java:230)
	at junit.framework.TestSuite.run(TestSuite.java:225)
	at junit.framework.TestSuite.runTest(TestSuite.java:230)
	at junit.framework.TestSuite.run(TestSuite.java:225)
	at junit.framework.TestSuite.runTest(TestSuite.java:230)
	at junit.framework.TestSuite.run(TestSuite.java:225)
	at junit.framework.TestSuite.runTest(TestSuite.java:230)
	at junit.framework.TestSuite.run(TestSuite.java:225)
	at org.apache.tools.ant.taskdefs.optional.junit.JUnitTestRunner.run(JUnitTestRunner.java:421)
	at org.apache.tools.ant.taskdefs.optional.junit.JUnitTestRunner.launch(JUnitTestRunner.java:912)
	at org.apache.tools.ant.taskdefs.optional.junit.JUnitTestRunner.main(JUnitTestRunner.java:766)
2011. 11. 17 오전 10:06:35 com.mongodb.DBTCPConnector fetchMaxBsonObjectSize
경고: Exception determining maxBSON size using0
java.io.IOException: couldn't connect to [/61.250.201.78:27017] bc:java.net.ConnectException: Connection timed out: connect
	at com.mongodb.DBPort._open(DBPort.java:224)
	at com.mongodb.DBPort.go(DBPort.java:101)
	at com.mongodb.DBPort.go(DBPort.java:82)
	at com.mongodb.DBPort.findOne(DBPort.java:142)
	at com.mongodb.DBPort.runCommand(DBPort.java:151)
	at com.mongodb.DBTCPConnector.fetchMaxBsonObjectSize(DBTCPConnector.java:429)
	at com.mongodb.Mongo.getMaxBsonObjectSize(Mongo.java:544)
	at com.mongodb.DBApiLayer$MyCollection.insert(DBApiLayer.java:244)
	at com.mongodb.DBApiLayer$MyCollection.createIndex(DBApiLayer.java:354)
	at com.mongodb.DBCollection.ensureIndex(DBCollection.java:444)
	at com.mongodb.DBCollection.ensureIndex(DBCollection.java:392)
	at net.ion.radon.repository.Workspace.createWorkspace(Workspace.java:64)
	at net.ion.radon.repository.Workspace.load(Workspace.java:43)
	at net.ion.radon.repository.Repository.getWorkspace(Repository.java:28)
	at net.ion.radon.repository.LocalSession.getCurrentWorkspace(LocalSession.java:147)
	at net.ion.radon.repository.LocalSession.dropWorkspace(LocalSession.java:76)
	at net.ion.radon.repository.TestBaseRepository.setUp(TestBaseRepository.java:17)
	at junit.framework.TestCase.runBare(TestCase.java:128)
	at junit.framework.TestResult$1.protect(TestResult.java:106)
	at junit.framework.TestResult.runProtected(TestResult.java:124)
	at junit.framework.TestResult.run(TestResult.java:109)
	at junit.framework.TestCase.run(TestCase.java:120)
	at junit.framework.TestSuite.runTest(TestSuite.java:230)
	at junit.framework.TestSuite.run(TestSuite.java:225)
	at junit.framework.TestSuite.runTest(TestSuite.java:230)
	at junit.framework.TestSuite.run(TestSuite.java:225)
	at junit.framework.TestSuite.runTest(TestSuite.java:230)
	at junit.framework.TestSuite.run(TestSuite.java:225)
	at junit.framework.TestSuite.runTest(TestSuite.java:230)
	at junit.framework.TestSuite.run(TestSuite.java:225)
	at org.apache.tools.ant.taskdefs.optional.junit.JUnitTestRunner.run(JUnitTestRunner.java:421)
	at org.apache.tools.ant.taskdefs.optional.junit.JUnitTestRunner.launch(JUnitTestRunner.java:912)
	at org.apache.tools.ant.taskdefs.optional.junit.JUnitTestRunner.main(JUnitTestRunner.java:766)
2011. 11. 17 오전 10:06:56 com.mongodb.DBTCPConnector fetchMaxBsonObjectSize
경고: Exception determining maxBSON size using0
java.io.IOException: couldn't connect to [/61.250.201.78:27017] bc:java.net.ConnectException: Connection timed out: connect
	at com.mongodb.DBPort._open(DBPort.java:224)
	at com.mongodb.DBPort.go(DBPort.java:101)
	at com.mongodb.DBPort.go(DBPort.java:82)
	at com.mongodb.DBPort.findOne(DBPort.java:142)
	at com.mongodb.DBPort.runCommand(DBPort.java:151)
	at com.mongodb.DBTCPConnector.fetchMaxBsonObjectSize(DBTCPConnector.java:429)
	at com.mongodb.DBTCPConnector.checkMaster(DBTCPConnector.java:416)
	at com.mongodb.DBTCPConnector.say(DBTCPConnector.java:139)
	at com.mongodb.DBTCPConnector.say(DBTCPConnector.java:132)
	at com.mongodb.DBApiLayer$MyCollection.insert(DBApiLayer.java:262)
	at com.mongodb.DBApiLayer$MyCollection.createIndex(DBApiLayer.java:354)
	at com.mongodb.DBCollection.ensureIndex(DBCollection.java:444)
	at com.mongodb.DBCollection.ensureIndex(DBCollection.java:392)
	at net.ion.radon.repository.Workspace.createWorkspace(Workspace.java:64)
	at net.ion.radon.repository.Workspace.load(Workspace.java:43)
	at net.ion.radon.repository.Repository.getWorkspace(Repository.java:28)
	at net.ion.radon.repository.LocalSession.getCurrentWorkspace(LocalSession.java:147)
	at net.ion.radon.repository.LocalSession.dropWorkspace(LocalSession.java:76)
	at net.ion.radon.repository.TestBaseRepository.setUp(TestBaseRepository.java:17)
	at junit.framework.TestCase.runBare(TestCase.java:128)
	at junit.framework.TestResult$1.protect(TestResult.java:106)
	at junit.framework.TestResult.runProtected(TestResult.java:124)
	at junit.framework.TestResult.run(TestResult.java:109)
	at junit.framework.TestCase.run(TestCase.java:120)
	at junit.framework.TestSuite.runTest(TestSuite.java:230)
	at junit.framework.TestSuite.run(TestSuite.java:225)
	at junit.framework.TestSuite.runTest(TestSuite.java:230)
	at junit.framework.TestSuite.run(TestSuite.java:225)
	at junit.framework.TestSuite.runTest(TestSuite.java:230)
	at junit.framework.TestSuite.run(TestSuite.java:225)
	at junit.framework.TestSuite.runTest(TestSuite.java:230)
	at junit.framework.TestSuite.run(TestSuite.java:225)
	at org.apache.tools.ant.taskdefs.optional.junit.JUnitTestRunner.run(JUnitTestRunner.java:421)
	at org.apache.tools.ant.taskdefs.optional.junit.JUnitTestRunner.launch(JUnitTestRunner.java:912)
	at org.apache.tools.ant.taskdefs.optional.junit.JUnitTestRunner.main(JUnitTestRunner.java:766)
2011. 11. 17 오전 10:07:18 com.mongodb.DBPortPool gotError
경고: emptying DBPortPool to 61.250.201.78:27017 b/c of error
java.io.IOException: couldn't connect to [/61.250.201.78:27017] bc:java.net.ConnectException: Connection timed out: connect
	at com.mongodb.DBPort._open(DBPort.java:224)
	at com.mongodb.DBPort.go(DBPort.java:101)
	at com.mongodb.DBPort.go(DBPort.java:82)
	at com.mongodb.DBPort.say(DBPort.java:77)
	at com.mongodb.DBTCPConnector.say(DBTCPConnector.java:146)
	at com.mongodb.DBTCPConnector.say(DBTCPConnector.java:132)
	at com.mongodb.DBApiLayer$MyCollection.insert(DBApiLayer.java:262)
	at com.mongodb.DBApiLayer$MyCollection.createIndex(DBApiLayer.java:354)
	at com.mongodb.DBCollection.ensureIndex(DBCollection.java:444)
	at com.mongodb.DBCollection.ensureIndex(DBCollection.java:392)
	at net.ion.radon.repository.Workspace.createWorkspace(Workspace.java:64)
	at net.ion.radon.repository.Workspace.load(Workspace.java:43)
	at net.ion.radon.repository.Repository.getWorkspace(Repository.java:28)
	at net.ion.radon.repository.LocalSession.getCurrentWorkspace(LocalSession.java:147)
	at net.ion.radon.repository.LocalSession.dropWorkspace(LocalSession.java:76)
	at net.ion.radon.repository.TestBaseRepository.setUp(TestBaseRepository.java:17)
	at junit.framework.TestCase.runBare(TestCase.java:128)
	at junit.framework.TestResult$1.protect(TestResult.java:106)
	at junit.framework.TestResult.runProtected(TestResult.java:124)
	at junit.framework.TestResult.run(TestResult.java:109)
	at junit.framework.TestCase.run(TestCase.java:120)
	at junit.framework.TestSuite.runTest(TestSuite.java:230)
	at junit.framework.TestSuite.run(TestSuite.java:225)
	at junit.framework.TestSuite.runTest(TestSuite.java:230)
	at junit.framework.TestSuite.run(TestSuite.java:225)
	at junit.framework.TestSuite.runTest(TestSuite.java:230)
	at junit.framework.TestSuite.run(TestSuite.java:225)
	at junit.framework.TestSuite.runTest(TestSuite.java:230)
	at junit.framework.TestSuite.run(TestSuite.java:225)
	at org.apache.tools.ant.taskdefs.optional.junit.JUnitTestRunner.run(JUnitTestRunner.java:421)
	at org.apache.tools.ant.taskdefs.optional.junit.JUnitTestRunner.launch(JUnitTestRunner.java:912)
	at org.apache.tools.ant.taskdefs.optional.junit.JUnitTestRunner.main(JUnitTestRunner.java:766)
2011. 11. 17 오전 10:07:39 com.mongodb.DBTCPConnector fetchMaxBsonObjectSize
경고: Exception determining maxBSON size using0
java.io.IOException: couldn't connect to [/61.250.201.78:27017] bc:java.net.ConnectException: Connection timed out: connect
	at com.mongodb.DBPort._open(DBPort.java:224)
	at com.mongodb.DBPort.go(DBPort.java:101)
	at com.mongodb.DBPort.go(DBPort.java:82)
	at com.mongodb.DBPort.findOne(DBPort.java:142)
	at com.mongodb.DBPort.runCommand(DBPort.java:151)
	at com.mongodb.DBTCPConnector.fetchMaxBsonObjectSize(DBTCPConnector.java:429)
	at com.mongodb.Mongo.getMaxBsonObjectSize(Mongo.java:544)
	at com.mongodb.DBApiLayer$MyCollection.insert(DBApiLayer.java:244)
	at com.mongodb.DBApiLayer$MyCollection.createIndex(DBApiLayer.java:354)
	at com.mongodb.DBCollection.ensureIndex(DBCollection.java:444)
	at com.mongodb.DBCollection.ensureIndex(DBCollection.java:392)
	at net.ion.radon.repository.Workspace.createWorkspace(Workspace.java:64)
	at net.ion.radon.repository.Workspace.load(Workspace.java:43)
	at net.ion.radon.repository.Repository.getWorkspace(Repository.java:28)
	at net.ion.radon.repository.LocalSession.getCurrentWorkspace(LocalSession.java:147)
	at net.ion.radon.repository.LocalSession.dropWorkspace(LocalSession.java:76)
	at net.ion.radon.repository.TestBaseRepository.setUp(TestBaseRepository.java:17)
	at junit.framework.TestCase.runBare(TestCase.java:128)
	at junit.framework.TestResult$1.protect(TestResult.java:106)
	at junit.framework.TestResult.runProtected(TestResult.java:124)
	at junit.framework.TestResult.run(TestResult.java:109)
	at junit.framework.TestCase.run(TestCase.java:120)
	at junit.framework.TestSuite.runTest(TestSuite.java:230)
	at junit.framework.TestSuite.run(TestSuite.java:225)
	at junit.framework.TestSuite.runTest(TestSuite.java:230)
	at junit.framework.TestSuite.run(TestSuite.java:225)
	at junit.framework.TestSuite.runTest(TestSuite.java:230)
	at junit.framework.TestSuite.run(TestSuite.java:225)
	at junit.framework.TestSuite.runTest(TestSuite.java:230)
	at junit.framework.TestSuite.run(TestSuite.java:225)
	at org.apache.tools.ant.taskdefs.optional.junit.JUnitTestRunner.run(JUnitTestRunner.java:421)
	at org.apache.tools.ant.taskdefs.optional.junit.JUnitTestRunner.launch(JUnitTestRunner.java:912)
	at org.apache.tools.ant.taskdefs.optional.junit.JUnitTestRunner.main(JUnitTestRunner.java:766)
2011. 11. 17 오전 10:08:00 com.mongodb.DBTCPConnector fetchMaxBsonObjectSize
경고: Exception determining maxBSON size using0
java.io.IOException: couldn't connect to [/61.250.201.78:27017] bc:java.net.ConnectException: Connection timed out: connect
	at com.mongodb.DBPort._open(DBPort.java:224)
	at com.mongodb.DBPort.go(DBPort.java:101)
	at com.mongodb.DBPort.go(DBPort.java:82)
	at com.mongodb.DBPort.findOne(DBPort.java:142)
	at com.mongodb.DBPort.runCommand(DBPort.java:151)
	at com.mongodb.DBTCPConnector.fetchMaxBsonObjectSize(DBTCPConnector.java:429)
	at com.mongodb.DBTCPConnector.checkMaster(DBTCPConnector.java:416)
	at com.mongodb.DBTCPConnector.say(DBTCPConnector.java:139)
	at com.mongodb.DBTCPConnector.say(DBTCPConnector.java:132)
	at com.mongodb.DBApiLayer$MyCollection.insert(DBApiLayer.java:262)
	at com.mongodb.DBApiLayer$MyCollection.createIndex(DBApiLayer.java:354)
	at com.mongodb.DBCollection.ensureIndex(DBCollection.java:444)
	at com.mongodb.DBCollection.ensureIndex(DBCollection.java:392)
	at net.ion.radon.repository.Workspace.createWorkspace(Workspace.java:64)
	at net.ion.radon.repository.Workspace.load(Workspace.java:43)
	at net.ion.radon.repository.Repository.getWorkspace(Repository.java:28)
	at net.ion.radon.repository.LocalSession.getCurrentWorkspace(LocalSession.java:147)
	at net.ion.radon.repository.LocalSession.dropWorkspace(LocalSession.java:76)
	at net.ion.radon.repository.TestBaseRepository.setUp(TestBaseRepository.java:17)
	at junit.framework.TestCase.runBare(TestCase.java:128)
	at junit.framework.TestResult$1.protect(TestResult.java:106)
	at junit.framework.TestResult.runProtected(TestResult.java:124)
	at junit.framework.TestResult.run(TestResult.java:109)
	at junit.framework.TestCase.run(TestCase.java:120)
	at junit.framework.TestSuite.runTest(TestSuite.java:230)
	at junit.framework.TestSuite.run(TestSuite.java:225)
	at junit.framework.TestSuite.runTest(TestSuite.java:230)
	at junit.framework.TestSuite.run(TestSuite.java:225)
	at junit.framework.TestSuite.runTest(TestSuite.java:230)
	at junit.framework.TestSuite.run(TestSuite.java:225)
	at junit.framework.TestSuite.runTest(TestSuite.java:230)
	at junit.framework.TestSuite.run(TestSuite.java:225)
	at org.apache.tools.ant.taskdefs.optional.junit.JUnitTestRunner.run(JUnitTestRunner.java:421)
	at org.apache.tools.ant.taskdefs.optional.junit.JUnitTestRunner.launch(JUnitTestRunner.java:912)
	at org.apache.tools.ant.taskdefs.optional.junit.JUnitTestRunner.main(JUnitTestRunner.java:766)
2011. 11. 17 오전 10:08:21 com.mongodb.DBPortPool gotError
경고: emptying DBPortPool to 61.250.201.78:27017 b/c of error
java.io.IOException: couldn't connect to [/61.250.201.78:27017] bc:java.net.ConnectException: Connection timed out: connect
	at com.mongodb.DBPort._open(DBPort.java:224)
	at com.mongodb.DBPort.go(DBPort.java:101)
	at com.mongodb.DBPort.go(DBPort.java:82)
	at com.mongodb.DBPort.say(DBPort.java:77)
	at com.mongodb.DBTCPConnector.say(DBTCPConnector.java:146)
	at com.mongodb.DBTCPConnector.say(DBTCPConnector.java:132)
	at com.mongodb.DBApiLayer$MyCollection.insert(DBApiLayer.java:262)
	at com.mongodb.DBApiLayer$MyCollection.createIndex(DBApiLayer.java:354)
	at com.mongodb.DBCollection.ensureIndex(DBCollection.java:444)
	at com.mongodb.DBCollection.ensureIndex(DBCollection.java:392)
	at net.ion.radon.repository.Workspace.createWorkspace(Workspace.java:64)
	at net.ion.radon.repository.Workspace.load(Workspace.java:43)
	at net.ion.radon.repository.Repository.getWorkspace(Repository.java:28)
	at net.ion.radon.repository.LocalSession.getCurrentWorkspace(LocalSession.java:147)
	at net.ion.radon.repository.LocalSession.dropWorkspace(LocalSession.java:76)
	at net.ion.radon.repository.TestBaseRepository.setUp(TestBaseRepository.java:17)
	at junit.framework.TestCase.runBare(TestCase.java:128)
	at junit.framework.TestResult$1.protect(TestResult.java:106)
	at junit.framework.TestResult.runProtected(TestResult.java:124)
	at junit.framework.TestResult.run(TestResult.java:109)
	at junit.framework.TestCase.run(TestCase.java:120)
	at junit.framework.TestSuite.runTest(TestSuite.java:230)
	at junit.framework.TestSuite.run(TestSuite.java:225)
	at junit.framework.TestSuite.runTest(TestSuite.java:230)
	at junit.framework.TestSuite.run(TestSuite.java:225)
	at junit.framework.TestSuite.runTest(TestSuite.java:230)
	at junit.framework.TestSuite.run(TestSuite.java:225)
	at junit.framework.TestSuite.runTest(TestSuite.java:230)
	at junit.framework.TestSuite.run(TestSuite.java:225)
	at org.apache.tools.ant.taskdefs.optional.junit.JUnitTestRunner.run(JUnitTestRunner.java:421)
	at org.apache.tools.ant.taskdefs.optional.junit.JUnitTestRunner.launch(JUnitTestRunner.java:912)
	at org.apache.tools.ant.taskdefs.optional.junit.JUnitTestRunner.main(JUnitTestRunner.java:766)
2011. 11. 17 오전 10:08:42 com.mongodb.DBTCPConnector fetchMaxBsonObjectSize
경고: Exception determining maxBSON size using0
java.io.IOException: couldn't connect to [/61.250.201.78:27017] bc:java.net.ConnectException: Connection timed out: connect
	at com.mongodb.DBPort._open(DBPort.java:224)
	at com.mongodb.DBPort.go(DBPort.java:101)
	at com.mongodb.DBPort.go(DBPort.java:82)
	at com.mongodb.DBPort.findOne(DBPort.java:142)
	at com.mongodb.DBPort.runCommand(DBPort.java:151)
	at com.mongodb.DBTCPConnector.fetchMaxBsonObjectSize(DBTCPConnector.java:429)
	at com.mongodb.Mongo.getMaxBsonObjectSize(Mongo.java:544)
	at com.mongodb.DBApiLayer$MyCollection.insert(DBApiLayer.java:244)
	at com.mongodb.DBApiLayer$MyCollection.createIndex(DBApiLayer.java:354)
	at com.mongodb.DBCollection.ensureIndex(DBCollection.java:444)
	at com.mongodb.DBCollection.ensureIndex(DBCollection.java:392)
	at net.ion.radon.repository.Workspace.createWorkspace(Workspace.java:64)
	at net.ion.radon.repository.Workspace.load(Workspace.java:43)
	at net.ion.radon.repository.Repository.getWorkspace(Repository.java:28)
	at net.ion.radon.repository.LocalSession.getCurrentWorkspace(LocalSession.java:147)
	at net.ion.radon.repository.LocalSession.dropWorkspace(LocalSession.java:76)
	at net.ion.radon.repository.TestBaseRepository.setUp(TestBaseRepository.java:17)
	at junit.framework.TestCase.runBare(TestCase.java:128)
	at junit.framework.TestResult$1.protect(TestResult.java:106)
	at junit.framework.TestResult.runProtected(TestResult.java:124)
	at junit.framework.TestResult.run(TestResult.java:109)
	at junit.framework.TestCase.run(TestCase.java:120)
	at junit.framework.TestSuite.runTest(TestSuite.java:230)
	at junit.framework.TestSuite.run(TestSuite.java:225)
	at junit.framework.TestSuite.runTest(TestSuite.java:230)
	at junit.framework.TestSuite.run(TestSuite.java:225)
	at junit.framework.TestSuite.runTest(TestSuite.java:230)
	at junit.framework.TestSuite.run(TestSuite.java:225)
	at junit.framework.TestSuite.runTest(TestSuite.java:230)
	at junit.framework.TestSuite.run(TestSuite.java:225)
	at org.apache.tools.ant.taskdefs.optional.junit.JUnitTestRunner.run(JUnitTestRunner.java:421)
	at org.apache.tools.ant.taskdefs.optional.junit.JUnitTestRunner.launch(JUnitTestRunner.java:912)
	at org.apache.tools.ant.taskdefs.optional.junit.JUnitTestRunner.main(JUnitTestRunner.java:766)
2011. 11. 17 오전 10:09:03 com.mongodb.DBTCPConnector fetchMaxBsonObjectSize
경고: Exception determining maxBSON size using0
java.io.IOException: couldn't connect to [/61.250.201.78:27017] bc:java.net.ConnectException: Connection timed out: connect
	at com.mongodb.DBPort._open(DBPort.java:224)
	at com.mongodb.DBPort.go(DBPort.java:101)
	at com.mongodb.DBPort.go(DBPort.java:82)
	at com.mongodb.DBPort.findOne(DBPort.java:142)
	at com.mongodb.DBPort.runCommand(DBPort.java:151)
	at com.mongodb.DBTCPConnector.fetchMaxBsonObjectSize(DBTCPConnector.java:429)
	at com.mongodb.DBTCPConnector.checkMaster(DBTCPConnector.java:416)
	at com.mongodb.DBTCPConnector.say(DBTCPConnector.java:139)
	at com.mongodb.DBTCPConnector.say(DBTCPConnector.java:132)
	at com.mongodb.DBApiLayer$MyCollection.insert(DBApiLayer.java:262)
	at com.mongodb.DBApiLayer$MyCollection.createIndex(DBApiLayer.java:354)
	at com.mongodb.DBCollection.ensureIndex(DBCollection.java:444)
	at com.mongodb.DBCollection.ensureIndex(DBCollection.java:392)
	at net.ion.radon.repository.Workspace.createWorkspace(Workspace.java:64)
	at net.ion.radon.repository.Workspace.load(Workspace.java:43)
	at net.ion.radon.repository.Repository.getWorkspace(Repository.java:28)
	at net.ion.radon.repository.LocalSession.getCurrentWorkspace(LocalSession.java:147)
	at net.ion.radon.repository.LocalSession.dropWorkspace(LocalSession.java:76)
	at net.ion.radon.repository.TestBaseRepository.setUp(TestBaseRepository.java:17)
	at junit.framework.TestCase.runBare(TestCase.java:128)
	at junit.framework.TestResult$1.protect(TestResult.java:106)
	at junit.framework.TestResult.runProtected(TestResult.java:124)
	at junit.framework.TestResult.run(TestResult.java:109)
	at junit.framework.TestCase.run(TestCase.java:120)
	at junit.framework.TestSuite.runTest(TestSuite.java:230)
	at junit.framework.TestSuite.run(TestSuite.java:225)
	at junit.framework.TestSuite.runTest(TestSuite.java:230)
	at junit.framework.TestSuite.run(TestSuite.java:225)
	at junit.framework.TestSuite.runTest(TestSuite.java:230)
	at junit.framework.TestSuite.run(TestSuite.java:225)
	at junit.framework.TestSuite.runTest(TestSuite.java:230)
	at junit.framework.TestSuite.run(TestSuite.java:225)
	at org.apache.tools.ant.taskdefs.optional.junit.JUnitTestRunner.run(JUnitTestRunner.java:421)
	at org.apache.tools.ant.taskdefs.optional.junit.JUnitTestRunner.launch(JUnitTestRunner.java:912)
	at org.apache.tools.ant.taskdefs.optional.junit.JUnitTestRunner.main(JUnitTestRunner.java:766)
2011. 11. 17 오전 10:09:24 com.mongodb.DBPortPool gotError
경고: emptying DBPortPool to 61.250.201.78:27017 b/c of error
java.io.IOException: couldn't connect to [/61.250.201.78:27017] bc:java.net.ConnectException: Connection timed out: connect
	at com.mongodb.DBPort._open(DBPort.java:224)
	at com.mongodb.DBPort.go(DBPort.java:101)
	at com.mongodb.DBPort.go(DBPort.java:82)
	at com.mongodb.DBPort.say(DBPort.java:77)
	at com.mongodb.DBTCPConnector.say(DBTCPConnector.java:146)
	at com.mongodb.DBTCPConnector.say(DBTCPConnector.java:132)
	at com.mongodb.DBApiLayer$MyCollection.insert(DBApiLayer.java:262)
	at com.mongodb.DBApiLayer$MyCollection.createIndex(DBApiLayer.java:354)
	at com.mongodb.DBCollection.ensureIndex(DBCollection.java:444)
	at com.mongodb.DBCollection.ensureIndex(DBCollection.java:392)
	at net.ion.radon.repository.Workspace.createWorkspace(Workspace.java:64)
	at net.ion.radon.repository.Workspace.load(Workspace.java:43)
	at net.ion.radon.repository.Repository.getWorkspace(Repository.java:28)
	at net.ion.radon.repository.LocalSession.getCurrentWorkspace(LocalSession.java:147)
	at net.ion.radon.repository.LocalSession.dropWorkspace(LocalSession.java:76)
	at net.ion.radon.repository.TestBaseRepository.setUp(TestBaseRepository.java:17)
	at junit.framework.TestCase.runBare(TestCase.java:128)
	at junit.framework.TestResult$1.protect(TestResult.java:106)
	at junit.framework.TestResult.runProtected(TestResult.java:124)
	at junit.framework.TestResult.run(TestResult.java:109)
	at junit.framework.TestCase.run(TestCase.java:120)
	at junit.framework.TestSuite.runTest(TestSuite.java:230)
	at junit.framework.TestSuite.run(TestSuite.java:225)
	at junit.framework.TestSuite.runTest(TestSuite.java:230)
	at junit.framework.TestSuite.run(TestSuite.java:225)
	at junit.framework.TestSuite.runTest(TestSuite.java:230)
	at junit.framework.TestSuite.run(TestSuite.java:225)
	at junit.framework.TestSuite.runTest(TestSuite.java:230)
	at junit.framework.TestSuite.run(TestSuite.java:225)
	at org.apache.tools.ant.taskdefs.optional.junit.JUnitTestRunner.run(JUnitTestRunner.java:421)
	at org.apache.tools.ant.taskdefs.optional.junit.JUnitTestRunner.launch(JUnitTestRunner.java:912)
	at org.apache.tools.ant.taskdefs.optional.junit.JUnitTestRunner.main(JUnitTestRunner.java:766)
2011. 11. 17 오전 10:09:45 com.mongodb.DBTCPConnector fetchMaxBsonObjectSize
경고: Exception determining maxBSON size using0
java.io.IOException: couldn't connect to [/61.250.201.78:27017] bc:java.net.ConnectException: Connection timed out: connect
	at com.mongodb.DBPort._open(DBPort.java:224)
	at com.mongodb.DBPort.go(DBPort.java:101)
	at com.mongodb.DBPort.go(DBPort.java:82)
	at com.mongodb.DBPort.findOne(DBPort.java:142)
	at com.mongodb.DBPort.runCommand(DBPort.java:151)
	at com.mongodb.DBTCPConnector.fetchMaxBsonObjectSize(DBTCPConnector.java:429)
	at com.mongodb.Mongo.getMaxBsonObjectSize(Mongo.java:544)
	at com.mongodb.DBApiLayer$MyCollection.insert(DBApiLayer.java:244)
	at com.mongodb.DBApiLayer$MyCollection.createIndex(DBApiLayer.java:354)
	at com.mongodb.DBCollection.ensureIndex(DBCollection.java:444)
	at com.mongodb.DBCollection.ensureIndex(DBCollection.java:392)
	at net.ion.radon.repository.Workspace.createWorkspace(Workspace.java:64)
	at net.ion.radon.repository.Workspace.load(Workspace.java:43)
	at net.ion.radon.repository.Repository.getWorkspace(Repository.java:28)
	at net.ion.radon.repository.LocalSession.getCurrentWorkspace(LocalSession.java:147)
	at net.ion.radon.repository.LocalSession.dropWorkspace(LocalSession.java:76)
	at net.ion.radon.repository.TestBaseRepository.setUp(TestBaseRepository.java:17)
	at junit.framework.TestCase.runBare(TestCase.java:128)
	at junit.framework.TestResult$1.protect(TestResult.java:106)
	at junit.framework.TestResult.runProtected(TestResult.java:124)
	at junit.framework.TestResult.run(TestResult.java:109)
	at junit.framework.TestCase.run(TestCase.java:120)
	at junit.framework.TestSuite.runTest(TestSuite.java:230)
	at junit.framework.TestSuite.run(TestSuite.java:225)
	at junit.framework.TestSuite.runTest(TestSuite.java:230)
	at junit.framework.TestSuite.run(TestSuite.java:225)
	at junit.framework.TestSuite.runTest(TestSuite.java:230)
	at junit.framework.TestSuite.run(TestSuite.java:225)
	at junit.framework.TestSuite.runTest(TestSuite.java:230)
	at junit.framework.TestSuite.run(TestSuite.java:225)
	at org.apache.tools.ant.taskdefs.optional.junit.JUnitTestRunner.run(JUnitTestRunner.java:421)
	at org.apache.tools.ant.taskdefs.optional.junit.JUnitTestRunner.launch(JUnitTestRunner.java:912)
	at org.apache.tools.ant.taskdefs.optional.junit.JUnitTestRunner.main(JUnitTestRunner.java:766)
2011. 11. 17 오전 10:10:06 com.mongodb.DBTCPConnector fetchMaxBsonObjectSize
경고: Exception determining maxBSON size using0
java.io.IOException: couldn't connect to [/61.250.201.78:27017] bc:java.net.ConnectException: Connection timed out: connect
	at com.mongodb.DBPort._open(DBPort.java:224)
	at com.mongodb.DBPort.go(DBPort.java:101)
	at com.mongodb.DBPort.go(DBPort.java:82)
	at com.mongodb.DBPort.findOne(DBPort.java:142)
	at com.mongodb.DBPort.runCommand(DBPort.java:151)
	at com.mongodb.DBTCPConnector.fetchMaxBsonObjectSize(DBTCPConnector.java:429)
	at com.mongodb.DBTCPConnector.checkMaster(DBTCPConnector.java:416)
	at com.mongodb.DBTCPConnector.say(DBTCPConnector.java:139)
	at com.mongodb.DBTCPConnector.say(DBTCPConnector.java:132)
	at com.mongodb.DBApiLayer$MyCollection.insert(DBApiLayer.java:262)
	at com.mongodb.DBApiLayer$MyCollection.createIndex(DBApiLayer.java:354)
	at com.mongodb.DBCollection.ensureIndex(DBCollection.java:444)
	at com.mongodb.DBCollection.ensureIndex(DBCollection.java:392)
	at net.ion.radon.repository.Workspace.createWorkspace(Workspace.java:64)
	at net.ion.radon.repository.Workspace.load(Workspace.java:43)
	at net.ion.radon.repository.Repository.getWorkspace(Repository.java:28)
	at net.ion.radon.repository.LocalSession.getCurrentWorkspace(LocalSession.java:147)
	at net.ion.radon.repository.LocalSession.dropWorkspace(LocalSession.java:76)
	at net.ion.radon.repository.TestBaseRepository.setUp(TestBaseRepository.java:17)
	at junit.framework.TestCase.runBare(TestCase.java:128)
	at junit.framework.TestResult$1.protect(TestResult.java:106)
	at junit.framework.TestResult.runProtected(TestResult.java:124)
	at junit.framework.TestResult.run(TestResult.java:109)
	at junit.framework.TestCase.run(TestCase.java:120)
	at junit.framework.TestSuite.runTest(TestSuite.java:230)
	at junit.framework.TestSuite.run(TestSuite.java:225)
	at junit.framework.TestSuite.runTest(TestSuite.java:230)
	at junit.framework.TestSuite.run(TestSuite.java:225)
	at junit.framework.TestSuite.runTest(TestSuite.java:230)
	at junit.framework.TestSuite.run(TestSuite.java:225)
	at junit.framework.TestSuite.runTest(TestSuite.java:230)
	at junit.framework.TestSuite.run(TestSuite.java:225)
	at org.apache.tools.ant.taskdefs.optional.junit.JUnitTestRunner.run(JUnitTestRunner.java:421)
	at org.apache.tools.ant.taskdefs.optional.junit.JUnitTestRunner.launch(JUnitTestRunner.java:912)
	at org.apache.tools.ant.taskdefs.optional.junit.JUnitTestRunner.main(JUnitTestRunner.java:766)
2011. 11. 17 오전 10:10:27 com.mongodb.DBPortPool gotError
경고: emptying DBPortPool to 61.250.201.78:27017 b/c of error
java.io.IOException: couldn't connect to [/61.250.201.78:27017] bc:java.net.ConnectException: Connection timed out: connect
	at com.mongodb.DBPort._open(DBPort.java:224)
	at com.mongodb.DBPort.go(DBPort.java:101)
	at com.mongodb.DBPort.go(DBPort.java:82)
	at com.mongodb.DBPort.say(DBPort.java:77)
	at com.mongodb.DBTCPConnector.say(DBTCPConnector.java:146)
	at com.mongodb.DBTCPConnector.say(DBTCPConnector.java:132)
	at com.mongodb.DBApiLayer$MyCollection.insert(DBApiLayer.java:262)
	at com.mongodb.DBApiLayer$MyCollection.createIndex(DBApiLayer.java:354)
	at com.mongodb.DBCollection.ensureIndex(DBCollection.java:444)
	at com.mongodb.DBCollection.ensureIndex(DBCollection.java:392)
	at net.ion.radon.repository.Workspace.createWorkspace(Workspace.java:64)
	at net.ion.radon.repository.Workspace.load(Workspace.java:43)
	at net.ion.radon.repository.Repository.getWorkspace(Repository.java:28)
	at net.ion.radon.repository.LocalSession.getCurrentWorkspace(LocalSession.java:147)
	at net.ion.radon.repository.LocalSession.dropWorkspace(LocalSession.java:76)
	at net.ion.radon.repository.TestBaseRepository.setUp(TestBaseRepository.java:17)
	at junit.framework.TestCase.runBare(TestCase.java:128)
	at junit.framework.TestResult$1.protect(TestResult.java:106)
	at junit.framework.TestResult.runProtected(TestResult.java:124)
	at junit.framework.TestResult.run(TestResult.java:109)
	at junit.framework.TestCase.run(TestCase.java:120)
	at junit.framework.TestSuite.runTest(TestSuite.java:230)
	at junit.framework.TestSuite.run(TestSuite.java:225)
	at junit.framework.TestSuite.runTest(TestSuite.java:230)
	at junit.framework.TestSuite.run(TestSuite.java:225)
	at junit.framework.TestSuite.runTest(TestSuite.java:230)
	at junit.framework.TestSuite.run(TestSuite.java:225)
	at junit.framework.TestSuite.runTest(TestSuite.java:230)
	at junit.framework.TestSuite.run(TestSuite.java:225)
	at org.apache.tools.ant.taskdefs.optional.junit.JUnitTestRunner.run(JUnitTestRunner.java:421)
	at org.apache.tools.ant.taskdefs.optional.junit.JUnitTestRunner.launch(JUnitTestRunner.java:912)
	at org.apache.tools.ant.taskdefs.optional.junit.JUnitTestRunner.main(JUnitTestRunner.java:766)
2011. 11. 17 오전 10:10:48 com.mongodb.DBTCPConnector fetchMaxBsonObjectSize
경고: Exception determining maxBSON size using0
java.io.IOException: couldn't connect to [/61.250.201.78:27017] bc:java.net.ConnectException: Connection timed out: connect
	at com.mongodb.DBPort._open(DBPort.java:224)
	at com.mongodb.DBPort.go(DBPort.java:101)
	at com.mongodb.DBPort.go(DBPort.java:82)
	at com.mongodb.DBPort.findOne(DBPort.java:142)
	at com.mongodb.DBPort.runCommand(DBPort.java:151)
	at com.mongodb.DBTCPConnector.fetchMaxBsonObjectSize(DBTCPConnector.java:429)
	at com.mongodb.Mongo.getMaxBsonObjectSize(Mongo.java:544)
	at com.mongodb.DBApiLayer$MyCollection.insert(DBApiLayer.java:244)
	at com.mongodb.DBApiLayer$MyCollection.createIndex(DBApiLayer.java:354)
	at com.mongodb.DBCollection.ensureIndex(DBCollection.java:444)
	at com.mongodb.DBCollection.ensureIndex(DBCollection.java:392)
	at net.ion.radon.repository.Workspace.createWorkspace(Workspace.java:64)
	at net.ion.radon.repository.Workspace.load(Workspace.java:43)
	at net.ion.radon.repository.Repository.getWorkspace(Repository.java:28)
	at net.ion.radon.repository.LocalSession.getCurrentWorkspace(LocalSession.java:147)
	at net.ion.radon.repository.LocalSession.dropWorkspace(LocalSession.java:76)
	at net.ion.radon.repository.TestBaseRepository.setUp(TestBaseRepository.java:17)
	at junit.framework.TestCase.runBare(TestCase.java:128)
	at junit.framework.TestResult$1.protect(TestResult.java:106)
	at junit.framework.TestResult.runProtected(TestResult.java:124)
	at junit.framework.TestResult.run(TestResult.java:109)
	at junit.framework.TestCase.run(TestCase.java:120)
	at junit.framework.TestSuite.runTest(TestSuite.java:230)
	at junit.framework.TestSuite.run(TestSuite.java:225)
	at junit.framework.TestSuite.runTest(TestSuite.java:230)
	at junit.framework.TestSuite.run(TestSuite.java:225)
	at junit.framework.TestSuite.runTest(TestSuite.java:230)
	at junit.framework.TestSuite.run(TestSuite.java:225)
	at junit.framework.TestSuite.runTest(TestSuite.java:230)
	at junit.framework.TestSuite.run(TestSuite.java:225)
	at org.apache.tools.ant.taskdefs.optional.junit.JUnitTestRunner.run(JUnitTestRunner.java:421)
	at org.apache.tools.ant.taskdefs.optional.junit.JUnitTestRunner.launch(JUnitTestRunner.java:912)
	at org.apache.tools.ant.taskdefs.optional.junit.JUnitTestRunner.main(JUnitTestRunner.java:766)
2011. 11. 17 오전 10:11:09 com.mongodb.DBTCPConnector fetchMaxBsonObjectSize
경고: Exception determining maxBSON size using0
java.io.IOException: couldn't connect to [/61.250.201.78:27017] bc:java.net.ConnectException: Connection timed out: connect
	at com.mongodb.DBPort._open(DBPort.java:224)
	at com.mongodb.DBPort.go(DBPort.java:101)
	at com.mongodb.DBPort.go(DBPort.java:82)
	at com.mongodb.DBPort.findOne(DBPort.java:142)
	at com.mongodb.DBPort.runCommand(DBPort.java:151)
	at com.mongodb.DBTCPConnector.fetchMaxBsonObjectSize(DBTCPConnector.java:429)
	at com.mongodb.DBTCPConnector.checkMaster(DBTCPConnector.java:416)
	at com.mongodb.DBTCPConnector.say(DBTCPConnector.java:139)
	at com.mongodb.DBTCPConnector.say(DBTCPConnector.java:132)
	at com.mongodb.DBApiLayer$MyCollection.insert(DBApiLayer.java:262)
	at com.mongodb.DBApiLayer$MyCollection.createIndex(DBApiLayer.java:354)
	at com.mongodb.DBCollection.ensureIndex(DBCollection.java:444)
	at com.mongodb.DBCollection.ensureIndex(DBCollection.java:392)
	at net.ion.radon.repository.Workspace.createWorkspace(Workspace.java:64)
	at net.ion.radon.repository.Workspace.load(Workspace.java:43)
	at net.ion.radon.repository.Repository.getWorkspace(Repository.java:28)
	at net.ion.radon.repository.LocalSession.getCurrentWorkspace(LocalSession.java:147)
	at net.ion.radon.repository.LocalSession.dropWorkspace(LocalSession.java:76)
	at net.ion.radon.repository.TestBaseRepository.setUp(TestBaseRepository.java:17)
	at junit.framework.TestCase.runBare(TestCase.java:128)
	at junit.framework.TestResult$1.protect(TestResult.java:106)
	at junit.framework.TestResult.runProtected(TestResult.java:124)
	at junit.framework.TestResult.run(TestResult.java:109)
	at junit.framework.TestCase.run(TestCase.java:120)
	at junit.framework.TestSuite.runTest(TestSuite.java:230)
	at junit.framework.TestSuite.run(TestSuite.java:225)
	at junit.framework.TestSuite.runTest(TestSuite.java:230)
	at junit.framework.TestSuite.run(TestSuite.java:225)
	at junit.framework.TestSuite.runTest(TestSuite.java:230)
	at junit.framework.TestSuite.run(TestSuite.java:225)
	at junit.framework.TestSuite.runTest(TestSuite.java:230)
	at junit.framework.TestSuite.run(TestSuite.java:225)
	at org.apache.tools.ant.taskdefs.optional.junit.JUnitTestRunner.run(JUnitTestRunner.java:421)
	at org.apache.tools.ant.taskdefs.optional.junit.JUnitTestRunner.launch(JUnitTestRunner.java:912)
	at org.apache.tools.ant.taskdefs.optional.junit.JUnitTestRunner.main(JUnitTestRunner.java:766)
2011. 11. 17 오전 10:11:30 com.mongodb.DBPortPool gotError
경고: emptying DBPortPool to 61.250.201.78:27017 b/c of error
java.io.IOException: couldn't connect to [/61.250.201.78:27017] bc:java.net.ConnectException: Connection timed out: connect
	at com.mongodb.DBPort._open(DBPort.java:224)
	at com.mongodb.DBPort.go(DBPort.java:101)
	at com.mongodb.DBPort.go(DBPort.java:82)
	at com.mongodb.DBPort.say(DBPort.java:77)
	at com.mongodb.DBTCPConnector.say(DBTCPConnector.java:146)
	at com.mongodb.DBTCPConnector.say(DBTCPConnector.java:132)
	at com.mongodb.DBApiLayer$MyCollection.insert(DBApiLayer.java:262)
	at com.mongodb.DBApiLayer$MyCollection.createIndex(DBApiLayer.java:354)
	at com.mongodb.DBCollection.ensureIndex(DBCollection.java:444)
	at com.mongodb.DBCollection.ensureIndex(DBCollection.java:392)
	at net.ion.radon.repository.Workspace.createWorkspace(Workspace.java:64)
	at net.ion.radon.repository.Workspace.load(Workspace.java:43)
	at net.ion.radon.repository.Repository.getWorkspace(Repository.java:28)
	at net.ion.radon.repository.LocalSession.getCurrentWorkspace(LocalSession.java:147)
	at net.ion.radon.repository.LocalSession.dropWorkspace(LocalSession.java:76)
	at net.ion.radon.repository.TestBaseRepository.setUp(TestBaseRepository.java:17)
	at junit.framework.TestCase.runBare(TestCase.java:128)
	at junit.framework.TestResult$1.protect(TestResult.java:106)
	at junit.framework.TestResult.runProtected(TestResult.java:124)
	at junit.framework.TestResult.run(TestResult.java:109)
	at junit.framework.TestCase.run(TestCase.java:120)
	at junit.framework.TestSuite.runTest(TestSuite.java:230)
	at junit.framework.TestSuite.run(TestSuite.java:225)
	at junit.framework.TestSuite.runTest(TestSuite.java:230)
	at junit.framework.TestSuite.run(TestSuite.java:225)
	at junit.framework.TestSuite.runTest(TestSuite.java:230)
	at junit.framework.TestSuite.run(TestSuite.java:225)
	at junit.framework.TestSuite.runTest(TestSuite.java:230)
	at junit.framework.TestSuite.run(TestSuite.java:225)
	at org.apache.tools.ant.taskdefs.optional.junit.JUnitTestRunner.run(JUnitTestRunner.java:421)
	at org.apache.tools.ant.taskdefs.optional.junit.JUnitTestRunner.launch(JUnitTestRunner.java:912)
	at org.apache.tools.ant.taskdefs.optional.junit.JUnitTestRunner.main(JUnitTestRunner.java:766)
2011. 11. 17 오전 10:11:51 com.mongodb.DBTCPConnector fetchMaxBsonObjectSize
경고: Exception determining maxBSON size using0
java.io.IOException: couldn't connect to [/61.250.201.78:27017] bc:java.net.ConnectException: Connection timed out: connect
	at com.mongodb.DBPort._open(DBPort.java:224)
	at com.mongodb.DBPort.go(DBPort.java:101)
	at com.mongodb.DBPort.go(DBPort.java:82)
	at com.mongodb.DBPort.findOne(DBPort.java:142)
	at com.mongodb.DBPort.runCommand(DBPort.java:151)
	at com.mongodb.DBTCPConnector.fetchMaxBsonObjectSize(DBTCPConnector.java:429)
	at com.mongodb.Mongo.getMaxBsonObjectSize(Mongo.java:544)
	at com.mongodb.DBApiLayer$MyCollection.insert(DBApiLayer.java:244)
	at com.mongodb.DBApiLayer$MyCollection.createIndex(DBApiLayer.java:354)
	at com.mongodb.DBCollection.ensureIndex(DBCollection.java:444)
	at com.mongodb.DBCollection.ensureIndex(DBCollection.java:392)
	at net.ion.radon.repository.Workspace.createWorkspace(Workspace.java:64)
	at net.ion.radon.repository.Workspace.load(Workspace.java:43)
	at net.ion.radon.repository.Repository.getWorkspace(Repository.java:28)
	at net.ion.radon.repository.LocalSession.getCurrentWorkspace(LocalSession.java:147)
	at net.ion.radon.repository.LocalSession.dropWorkspace(LocalSession.java:76)
	at net.ion.radon.repository.TestBaseRepository.setUp(TestBaseRepository.java:17)
	at junit.framework.TestCase.runBare(TestCase.java:128)
	at junit.framework.TestResult$1.protect(TestResult.java:106)
	at junit.framework.TestResult.runProtected(TestResult.java:124)
	at junit.framework.TestResult.run(TestResult.java:109)
	at junit.framework.TestCase.run(TestCase.java:120)
	at junit.framework.TestSuite.runTest(TestSuite.java:230)
	at junit.framework.TestSuite.run(TestSuite.java:225)
	at junit.framework.TestSuite.runTest(TestSuite.java:230)
	at junit.framework.TestSuite.run(TestSuite.java:225)
	at junit.framework.TestSuite.runTest(TestSuite.java:230)
	at junit.framework.TestSuite.run(TestSuite.java:225)
	at junit.framework.TestSuite.runTest(TestSuite.java:230)
	at junit.framework.TestSuite.run(TestSuite.java:225)
	at org.apache.tools.ant.taskdefs.optional.junit.JUnitTestRunner.run(JUnitTestRunner.java:421)
	at org.apache.tools.ant.taskdefs.optional.junit.JUnitTestRunner.launch(JUnitTestRunner.java:912)
	at org.apache.tools.ant.taskdefs.optional.junit.JUnitTestRunner.main(JUnitTestRunner.java:766)
2011. 11. 17 오전 10:12:12 com.mongodb.DBTCPConnector fetchMaxBsonObjectSize
경고: Exception determining maxBSON size using0
java.io.IOException: couldn't connect to [/61.250.201.78:27017] bc:java.net.ConnectException: Connection timed out: connect
	at com.mongodb.DBPort._open(DBPort.java:224)
	at com.mongodb.DBPort.go(DBPort.java:101)
	at com.mongodb.DBPort.go(DBPort.java:82)
	at com.mongodb.DBPort.findOne(DBPort.java:142)
	at com.mongodb.DBPort.runCommand(DBPort.java:151)
	at com.mongodb.DBTCPConnector.fetchMaxBsonObjectSize(DBTCPConnector.java:429)
	at com.mongodb.DBTCPConnector.checkMaster(DBTCPConnector.java:416)
	at com.mongodb.DBTCPConnector.say(DBTCPConnector.java:139)
	at com.mongodb.DBTCPConnector.say(DBTCPConnector.java:132)
	at com.mongodb.DBApiLayer$MyCollection.insert(DBApiLayer.java:262)
	at com.mongodb.DBApiLayer$MyCollection.createIndex(DBApiLayer.java:354)
	at com.mongodb.DBCollection.ensureIndex(DBCollection.java:444)
	at com.mongodb.DBCollection.ensureIndex(DBCollection.java:392)
	at net.ion.radon.repository.Workspace.createWorkspace(Workspace.java:64)
	at net.ion.radon.repository.Workspace.load(Workspace.java:43)
	at net.ion.radon.repository.Repository.getWorkspace(Repository.java:28)
	at net.ion.radon.repository.LocalSession.getCurrentWorkspace(LocalSession.java:147)
	at net.ion.radon.repository.LocalSession.dropWorkspace(LocalSession.java:76)
	at net.ion.radon.repository.TestBaseRepository.setUp(TestBaseRepository.java:17)
	at junit.framework.TestCase.runBare(TestCase.java:128)
	at junit.framework.TestResult$1.protect(TestResult.java:106)
	at junit.framework.TestResult.runProtected(TestResult.java:124)
	at junit.framework.TestResult.run(TestResult.java:109)
	at junit.framework.TestCase.run(TestCase.java:120)
	at junit.framework.TestSuite.runTest(TestSuite.java:230)
	at junit.framework.TestSuite.run(TestSuite.java:225)
	at junit.framework.TestSuite.runTest(TestSuite.java:230)
	at junit.framework.TestSuite.run(TestSuite.java:225)
	at junit.framework.TestSuite.runTest(TestSuite.java:230)
	at junit.framework.TestSuite.run(TestSuite.java:225)
	at junit.framework.TestSuite.runTest(TestSuite.java:230)
	at junit.framework.TestSuite.run(TestSuite.java:225)
	at org.apache.tools.ant.taskdefs.optional.junit.JUnitTestRunner.run(JUnitTestRunner.java:421)
	at org.apache.tools.ant.taskdefs.optional.junit.JUnitTestRunner.launch(JUnitTestRunner.java:912)
	at org.apache.tools.ant.taskdefs.optional.junit.JUnitTestRunner.main(JUnitTestRunner.java:766)
2011. 11. 17 오전 10:12:33 com.mongodb.DBPortPool gotError
경고: emptying DBPortPool to 61.250.201.78:27017 b/c of error
java.io.IOException: couldn't connect to [/61.250.201.78:27017] bc:java.net.ConnectException: Connection timed out: connect
	at com.mongodb.DBPort._open(DBPort.java:224)
	at com.mongodb.DBPort.go(DBPort.java:101)
	at com.mongodb.DBPort.go(DBPort.java:82)
	at com.mongodb.DBPort.say(DBPort.java:77)
	at com.mongodb.DBTCPConnector.say(DBTCPConnector.java:146)
	at com.mongodb.DBTCPConnector.say(DBTCPConnector.java:132)
	at com.mongodb.DBApiLayer$MyCollection.insert(DBApiLayer.java:262)
	at com.mongodb.DBApiLayer$MyCollection.createIndex(DBApiLayer.java:354)
	at com.mongodb.DBCollection.ensureIndex(DBCollection.java:444)
	at com.mongodb.DBCollection.ensureIndex(DBCollection.java:392)
	at net.ion.radon.repository.Workspace.createWorkspace(Workspace.java:64)
	at net.ion.radon.repository.Workspace.load(Workspace.java:43)
	at net.ion.radon.repository.Repository.getWorkspace(Repository.java:28)
	at net.ion.radon.repository.LocalSession.getCurrentWorkspace(LocalSession.java:147)
	at net.ion.radon.repository.LocalSession.dropWorkspace(LocalSession.java:76)
	at net.ion.radon.repository.TestBaseRepository.setUp(TestBaseRepository.java:17)
	at junit.framework.TestCase.runBare(TestCase.java:128)
	at junit.framework.TestResult$1.protect(TestResult.java:106)
	at junit.framework.TestResult.runProtected(TestResult.java:124)
	at junit.framework.TestResult.run(TestResult.java:109)
	at junit.framework.TestCase.run(TestCase.java:120)
	at junit.framework.TestSuite.runTest(TestSuite.java:230)
	at junit.framework.TestSuite.run(TestSuite.java:225)
	at junit.framework.TestSuite.runTest(TestSuite.java:230)
	at junit.framework.TestSuite.run(TestSuite.java:225)
	at junit.framework.TestSuite.runTest(TestSuite.java:230)
	at junit.framework.TestSuite.run(TestSuite.java:225)
	at junit.framework.TestSuite.runTest(TestSuite.java:230)
	at junit.framework.TestSuite.run(TestSuite.java:225)
	at org.apache.tools.ant.taskdefs.optional.junit.JUnitTestRunner.run(JUnitTestRunner.java:421)
	at org.apache.tools.ant.taskdefs.optional.junit.JUnitTestRunner.launch(JUnitTestRunner.java:912)
	at org.apache.tools.ant.taskdefs.optional.junit.JUnitTestRunner.main(JUnitTestRunner.java:766)
2011. 11. 17 오전 10:12:54 com.mongodb.DBTCPConnector fetchMaxBsonObjectSize
경고: Exception determining maxBSON size using0
java.io.IOException: couldn't connect to [/61.250.201.78:27017] bc:java.net.ConnectException: Connection timed out: connect
	at com.mongodb.DBPort._open(DBPort.java:224)
	at com.mongodb.DBPort.go(DBPort.java:101)
	at com.mongodb.DBPort.go(DBPort.java:82)
	at com.mongodb.DBPort.findOne(DBPort.java:142)
	at com.mongodb.DBPort.runCommand(DBPort.java:151)
	at com.mongodb.DBTCPConnector.fetchMaxBsonObjectSize(DBTCPConnector.java:429)
	at com.mongodb.Mongo.getMaxBsonObjectSize(Mongo.java:544)
	at com.mongodb.DBApiLayer$MyCollection.insert(DBApiLayer.java:244)
	at com.mongodb.DBApiLayer$MyCollection.createIndex(DBApiLayer.java:354)
	at com.mongodb.DBCollection.ensureIndex(DBCollection.java:444)
	at com.mongodb.DBCollection.ensureIndex(DBCollection.java:392)
	at net.ion.radon.repository.Workspace.createWorkspace(Workspace.java:64)
	at net.ion.radon.repository.Workspace.load(Workspace.java:43)
	at net.ion.radon.repository.Repository.getWorkspace(Repository.java:28)
	at net.ion.radon.repository.LocalSession.getCurrentWorkspace(LocalSession.java:147)
	at net.ion.radon.repository.LocalSession.dropWorkspace(LocalSession.java:76)
	at net.ion.radon.repository.TestBaseRepository.setUp(TestBaseRepository.java:17)
	at junit.framework.TestCase.runBare(TestCase.java:128)
	at junit.framework.TestResult$1.protect(TestResult.java:106)
	at junit.framework.TestResult.runProtected(TestResult.java:124)
	at junit.framework.TestResult.run(TestResult.java:109)
	at junit.framework.TestCase.run(TestCase.java:120)
	at junit.framework.TestSuite.runTest(TestSuite.java:230)
	at junit.framework.TestSuite.run(TestSuite.java:225)
	at junit.framework.TestSuite.runTest(TestSuite.java:230)
	at junit.framework.TestSuite.run(TestSuite.java:225)
	at junit.framework.TestSuite.runTest(TestSuite.java:230)
	at junit.framework.TestSuite.run(TestSuite.java:225)
	at junit.framework.TestSuite.runTest(TestSuite.java:230)
	at junit.framework.TestSuite.run(TestSuite.java:225)
	at org.apache.tools.ant.taskdefs.optional.junit.JUnitTestRunner.run(JUnitTestRunner.java:421)
	at org.apache.tools.ant.taskdefs.optional.junit.JUnitTestRunner.launch(JUnitTestRunner.java:912)
	at org.apache.tools.ant.taskdefs.optional.junit.JUnitTestRunner.main(JUnitTestRunner.java:766)
2011. 11. 17 오전 10:13:15 com.mongodb.DBTCPConnector fetchMaxBsonObjectSize
경고: Exception determining maxBSON size using0
java.io.IOException: couldn't connect to [/61.250.201.78:27017] bc:java.net.ConnectException: Connection timed out: connect
	at com.mongodb.DBPort._open(DBPort.java:224)
	at com.mongodb.DBPort.go(DBPort.java:101)
	at com.mongodb.DBPort.go(DBPort.java:82)
	at com.mongodb.DBPort.findOne(DBPort.java:142)
	at com.mongodb.DBPort.runCommand(DBPort.java:151)
	at com.mongodb.DBTCPConnector.fetchMaxBsonObjectSize(DBTCPConnector.java:429)
	at com.mongodb.DBTCPConnector.checkMaster(DBTCPConnector.java:416)
	at com.mongodb.DBTCPConnector.say(DBTCPConnector.java:139)
	at com.mongodb.DBTCPConnector.say(DBTCPConnector.java:132)
	at com.mongodb.DBApiLayer$MyCollection.insert(DBApiLayer.java:262)
	at com.mongodb.DBApiLayer$MyCollection.createIndex(DBApiLayer.java:354)
	at com.mongodb.DBCollection.ensureIndex(DBCollection.java:444)
	at com.mongodb.DBCollection.ensureIndex(DBCollection.java:392)
	at net.ion.radon.repository.Workspace.createWorkspace(Workspace.java:64)
	at net.ion.radon.repository.Workspace.load(Workspace.java:43)
	at net.ion.radon.repository.Repository.getWorkspace(Repository.java:28)
	at net.ion.radon.repository.LocalSession.getCurrentWorkspace(LocalSession.java:147)
	at net.ion.radon.repository.LocalSession.dropWorkspace(LocalSession.java:76)
	at net.ion.radon.repository.TestBaseRepository.setUp(TestBaseRepository.java:17)
	at junit.framework.TestCase.runBare(TestCase.java:128)
	at junit.framework.TestResult$1.protect(TestResult.java:106)
	at junit.framework.TestResult.runProtected(TestResult.java:124)
	at junit.framework.TestResult.run(TestResult.java:109)
	at junit.framework.TestCase.run(TestCase.java:120)
	at junit.framework.TestSuite.runTest(TestSuite.java:230)
	at junit.framework.TestSuite.run(TestSuite.java:225)
	at junit.framework.TestSuite.runTest(TestSuite.java:230)
	at junit.framework.TestSuite.run(TestSuite.java:225)
	at junit.framework.TestSuite.runTest(TestSuite.java:230)
	at junit.framework.TestSuite.run(TestSuite.java:225)
	at junit.framework.TestSuite.runTest(TestSuite.java:230)
	at junit.framework.TestSuite.run(TestSuite.java:225)
	at org.apache.tools.ant.taskdefs.optional.junit.JUnitTestRunner.run(JUnitTestRunner.java:421)
	at org.apache.tools.ant.taskdefs.optional.junit.JUnitTestRunner.launch(JUnitTestRunner.java:912)
	at org.apache.tools.ant.taskdefs.optional.junit.JUnitTestRunner.main(JUnitTestRunner.java:766)
2011. 11. 17 오전 10:13:37 com.mongodb.DBPortPool gotError
경고: emptying DBPortPool to 61.250.201.78:27017 b/c of error
java.io.IOException: couldn't connect to [/61.250.201.78:27017] bc:java.net.ConnectException: Connection timed out: connect
	at com.mongodb.DBPort._open(DBPort.java:224)
	at com.mongodb.DBPort.go(DBPort.java:101)
	at com.mongodb.DBPort.go(DBPort.java:82)
	at com.mongodb.DBPort.say(DBPort.java:77)
	at com.mongodb.DBTCPConnector.say(DBTCPConnector.java:146)
	at com.mongodb.DBTCPConnector.say(DBTCPConnector.java:132)
	at com.mongodb.DBApiLayer$MyCollection.insert(DBApiLayer.java:262)
	at com.mongodb.DBApiLayer$MyCollection.createIndex(DBApiLayer.java:354)
	at com.mongodb.DBCollection.ensureIndex(DBCollection.java:444)
	at com.mongodb.DBCollection.ensureIndex(DBCollection.java:392)
	at net.ion.radon.repository.Workspace.createWorkspace(Workspace.java:64)
	at net.ion.radon.repository.Workspace.load(Workspace.java:43)
	at net.ion.radon.repository.Repository.getWorkspace(Repository.java:28)
	at net.ion.radon.repository.LocalSession.getCurrentWorkspace(LocalSession.java:147)
	at net.ion.radon.repository.LocalSession.dropWorkspace(LocalSession.java:76)
	at net.ion.radon.repository.TestBaseRepository.setUp(TestBaseRepository.java:17)
	at junit.framework.TestCase.runBare(TestCase.java:128)
	at junit.framework.TestResult$1.protect(TestResult.java:106)
	at junit.framework.TestResult.runProtected(TestResult.java:124)
	at junit.framework.TestResult.run(TestResult.java:109)
	at junit.framework.TestCase.run(TestCase.java:120)
	at junit.framework.TestSuite.runTest(TestSuite.java:230)
	at junit.framework.TestSuite.run(TestSuite.java:225)
	at junit.framework.TestSuite.runTest(TestSuite.java:230)
	at junit.framework.TestSuite.run(TestSuite.java:225)
	at junit.framework.TestSuite.runTest(TestSuite.java:230)
	at junit.framework.TestSuite.run(TestSuite.java:225)
	at junit.framework.TestSuite.runTest(TestSuite.java:230)
	at junit.framework.TestSuite.run(TestSuite.java:225)
	at org.apache.tools.ant.taskdefs.optional.junit.JUnitTestRunner.run(JUnitTestRunner.java:421)
	at org.apache.tools.ant.taskdefs.optional.junit.JUnitTestRunner.launch(JUnitTestRunner.java:912)
	at org.apache.tools.ant.taskdefs.optional.junit.JUnitTestRunner.main(JUnitTestRunner.java:766)
2011. 11. 17 오전 10:13:58 com.mongodb.DBTCPConnector fetchMaxBsonObjectSize
경고: Exception determining maxBSON size using0
java.io.IOException: couldn't connect to [/61.250.201.78:27017] bc:java.net.ConnectException: Connection timed out: connect
	at com.mongodb.DBPort._open(DBPort.java:224)
	at com.mongodb.DBPort.go(DBPort.java:101)
	at com.mongodb.DBPort.go(DBPort.java:82)
	at com.mongodb.DBPort.findOne(DBPort.java:142)
	at com.mongodb.DBPort.runCommand(DBPort.java:151)
	at com.mongodb.DBTCPConnector.fetchMaxBsonObjectSize(DBTCPConnector.java:429)
	at com.mongodb.Mongo.getMaxBsonObjectSize(Mongo.java:544)
	at com.mongodb.DBApiLayer$MyCollection.insert(DBApiLayer.java:244)
	at com.mongodb.DBApiLayer$MyCollection.createIndex(DBApiLayer.java:354)
	at com.mongodb.DBCollection.ensureIndex(DBCollection.java:444)
	at com.mongodb.DBCollection.ensureIndex(DBCollection.java:392)
	at net.ion.radon.repository.Workspace.createWorkspace(Workspace.java:64)
	at net.ion.radon.repository.Workspace.load(Workspace.java:43)
	at net.ion.radon.repository.Repository.getWorkspace(Repository.java:28)
	at net.ion.radon.repository.LocalSession.getCurrentWorkspace(LocalSession.java:147)
	at net.ion.radon.repository.LocalSession.dropWorkspace(LocalSession.java:76)
	at net.ion.radon.repository.TestBaseRepository.setUp(TestBaseRepository.java:17)
	at junit.framework.TestCase.runBare(TestCase.java:128)
	at junit.framework.TestResult$1.protect(TestResult.java:106)
	at junit.framework.TestResult.runProtected(TestResult.java:124)
	at junit.framework.TestResult.run(TestResult.java:109)
	at junit.framework.TestCase.run(TestCase.java:120)
	at junit.framework.TestSuite.runTest(TestSuite.java:230)
	at junit.framework.TestSuite.run(TestSuite.java:225)
	at junit.framework.TestSuite.runTest(TestSuite.java:230)
	at junit.framework.TestSuite.run(TestSuite.java:225)
	at junit.framework.TestSuite.runTest(TestSuite.java:230)
	at junit.framework.TestSuite.run(TestSuite.java:225)
	at junit.framework.TestSuite.runTest(TestSuite.java:230)
	at junit.framework.TestSuite.run(TestSuite.java:225)
	at org.apache.tools.ant.taskdefs.optional.junit.JUnitTestRunner.run(JUnitTestRunner.java:421)
	at org.apache.tools.ant.taskdefs.optional.junit.JUnitTestRunner.launch(JUnitTestRunner.java:912)
	at org.apache.tools.ant.taskdefs.optional.junit.JUnitTestRunner.main(JUnitTestRunner.java:766)
2011. 11. 17 오전 10:14:19 com.mongodb.DBTCPConnector fetchMaxBsonObjectSize
경고: Exception determining maxBSON size using0
java.io.IOException: couldn't connect to [/61.250.201.78:27017] bc:java.net.ConnectException: Connection timed out: connect
	at com.mongodb.DBPort._open(DBPort.java:224)
	at com.mongodb.DBPort.go(DBPort.java:101)
	at com.mongodb.DBPort.go(DBPort.java:82)
	at com.mongodb.DBPort.findOne(DBPort.java:142)
	at com.mongodb.DBPort.runCommand(DBPort.java:151)
	at com.mongodb.DBTCPConnector.fetchMaxBsonObjectSize(DBTCPConnector.java:429)
	at com.mongodb.DBTCPConnector.checkMaster(DBTCPConnector.java:416)
	at com.mongodb.DBTCPConnector.say(DBTCPConnector.java:139)
	at com.mongodb.DBTCPConnector.say(DBTCPConnector.java:132)
	at com.mongodb.DBApiLayer$MyCollection.insert(DBApiLayer.java:262)
	at com.mongodb.DBApiLayer$MyCollection.createIndex(DBApiLayer.java:354)
	at com.mongodb.DBCollection.ensureIndex(DBCollection.java:444)
	at com.mongodb.DBCollection.ensureIndex(DBCollection.java:392)
	at net.ion.radon.repository.Workspace.createWorkspace(Workspace.java:64)
	at net.ion.radon.repository.Workspace.load(Workspace.java:43)
	at net.ion.radon.repository.Repository.getWorkspace(Repository.java:28)
	at net.ion.radon.repository.LocalSession.getCurrentWorkspace(LocalSession.java:147)
	at net.ion.radon.repository.LocalSession.dropWorkspace(LocalSession.java:76)
	at net.ion.radon.repository.TestBaseRepository.setUp(TestBaseRepository.java:17)
	at junit.framework.TestCase.runBare(TestCase.java:128)
	at junit.framework.TestResult$1.protect(TestResult.java:106)
	at junit.framework.TestResult.runProtected(TestResult.java:124)
	at junit.framework.TestResult.run(TestResult.java:109)
	at junit.framework.TestCase.run(TestCase.java:120)
	at junit.framework.TestSuite.runTest(TestSuite.java:230)
	at junit.framework.TestSuite.run(TestSuite.java:225)
	at junit.framework.TestSuite.runTest(TestSuite.java:230)
	at junit.framework.TestSuite.run(TestSuite.java:225)
	at junit.framework.TestSuite.runTest(TestSuite.java:230)
	at junit.framework.TestSuite.run(TestSuite.java:225)
	at junit.framework.TestSuite.runTest(TestSuite.java:230)
	at junit.framework.TestSuite.run(TestSuite.java:225)
	at org.apache.tools.ant.taskdefs.optional.junit.JUnitTestRunner.run(JUnitTestRunner.java:421)
	at org.apache.tools.ant.taskdefs.optional.junit.JUnitTestRunner.launch(JUnitTestRunner.java:912)
	at org.apache.tools.ant.taskdefs.optional.junit.JUnitTestRunner.main(JUnitTestRunner.java:766)
2011. 11. 17 오전 10:14:40 com.mongodb.DBPortPool gotError
경고: emptying DBPortPool to 61.250.201.78:27017 b/c of error
java.io.IOException: couldn't connect to [/61.250.201.78:27017] bc:java.net.ConnectException: Connection timed out: connect
	at com.mongodb.DBPort._open(DBPort.java:224)
	at com.mongodb.DBPort.go(DBPort.java:101)
	at com.mongodb.DBPort.go(DBPort.java:82)
	at com.mongodb.DBPort.say(DBPort.java:77)
	at com.mongodb.DBTCPConnector.say(DBTCPConnector.java:146)
	at com.mongodb.DBTCPConnector.say(DBTCPConnector.java:132)
	at com.mongodb.DBApiLayer$MyCollection.insert(DBApiLayer.java:262)
	at com.mongodb.DBApiLayer$MyCollection.createIndex(DBApiLayer.java:354)
	at com.mongodb.DBCollection.ensureIndex(DBCollection.java:444)
	at com.mongodb.DBCollection.ensureIndex(DBCollection.java:392)
	at net.ion.radon.repository.Workspace.createWorkspace(Workspace.java:64)
	at net.ion.radon.repository.Workspace.load(Workspace.java:43)
	at net.ion.radon.repository.Repository.getWorkspace(Repository.java:28)
	at net.ion.radon.repository.LocalSession.getCurrentWorkspace(LocalSession.java:147)
	at net.ion.radon.repository.LocalSession.dropWorkspace(LocalSession.java:76)
	at net.ion.radon.repository.TestBaseRepository.setUp(TestBaseRepository.java:17)
	at junit.framework.TestCase.runBare(TestCase.java:128)
	at junit.framework.TestResult$1.protect(TestResult.java:106)
	at junit.framework.TestResult.runProtected(TestResult.java:124)
	at junit.framework.TestResult.run(TestResult.java:109)
	at junit.framework.TestCase.run(TestCase.java:120)
	at junit.framework.TestSuite.runTest(TestSuite.java:230)
	at junit.framework.TestSuite.run(TestSuite.java:225)
	at junit.framework.TestSuite.runTest(TestSuite.java:230)
	at junit.framework.TestSuite.run(TestSuite.java:225)
	at junit.framework.TestSuite.runTest(TestSuite.java:230)
	at junit.framework.TestSuite.run(TestSuite.java:225)
	at junit.framework.TestSuite.runTest(TestSuite.java:230)
	at junit.framework.TestSuite.run(TestSuite.java:225)
	at org.apache.tools.ant.taskdefs.optional.junit.JUnitTestRunner.run(JUnitTestRunner.java:421)
	at org.apache.tools.ant.taskdefs.optional.junit.JUnitTestRunner.launch(JUnitTestRunner.java:912)
	at org.apache.tools.ant.taskdefs.optional.junit.JUnitTestRunner.main(JUnitTestRunner.java:766)
2011. 11. 17 오전 10:15:01 com.mongodb.DBTCPConnector fetchMaxBsonObjectSize
경고: Exception determining maxBSON size using0
java.io.IOException: couldn't connect to [/61.250.201.78:27017] bc:java.net.ConnectException: Connection timed out: connect
	at com.mongodb.DBPort._open(DBPort.java:224)
	at com.mongodb.DBPort.go(DBPort.java:101)
	at com.mongodb.DBPort.go(DBPort.java:82)
	at com.mongodb.DBPort.findOne(DBPort.java:142)
	at com.mongodb.DBPort.runCommand(DBPort.java:151)
	at com.mongodb.DBTCPConnector.fetchMaxBsonObjectSize(DBTCPConnector.java:429)
	at com.mongodb.Mongo.getMaxBsonObjectSize(Mongo.java:544)
	at com.mongodb.DBApiLayer$MyCollection.insert(DBApiLayer.java:244)
	at com.mongodb.DBApiLayer$MyCollection.createIndex(DBApiLayer.java:354)
	at com.mongodb.DBCollection.ensureIndex(DBCollection.java:444)
	at com.mongodb.DBCollection.ensureIndex(DBCollection.java:392)
	at net.ion.radon.repository.Workspace.createWorkspace(Workspace.java:64)
	at net.ion.radon.repository.Workspace.load(Workspace.java:43)
	at net.ion.radon.repository.Repository.getWorkspace(Repository.java:28)
	at net.ion.radon.repository.LocalSession.getCurrentWorkspace(LocalSession.java:147)
	at net.ion.radon.repository.LocalSession.dropWorkspace(LocalSession.java:76)
	at net.ion.radon.repository.TestBaseRepository.setUp(TestBaseRepository.java:17)
	at junit.framework.TestCase.runBare(TestCase.java:128)
	at junit.framework.TestResult$1.protect(TestResult.java:106)
	at junit.framework.TestResult.runProtected(TestResult.java:124)
	at junit.framework.TestResult.run(TestResult.java:109)
	at junit.framework.TestCase.run(TestCase.java:120)
	at junit.framework.TestSuite.runTest(TestSuite.java:230)
	at junit.framework.TestSuite.run(TestSuite.java:225)
	at junit.framework.TestSuite.runTest(TestSuite.java:230)
	at junit.framework.TestSuite.run(TestSuite.java:225)
	at junit.framework.TestSuite.runTest(TestSuite.java:230)
	at junit.framework.TestSuite.run(TestSuite.java:225)
	at junit.framework.TestSuite.runTest(TestSuite.java:230)
	at junit.framework.TestSuite.run(TestSuite.java:225)
	at org.apache.tools.ant.taskdefs.optional.junit.JUnitTestRunner.run(JUnitTestRunner.java:421)
	at org.apache.tools.ant.taskdefs.optional.junit.JUnitTestRunner.launch(JUnitTestRunner.java:912)
	at org.apache.tools.ant.taskdefs.optional.junit.JUnitTestRunner.main(JUnitTestRunner.java:766)
2011. 11. 17 오전 10:15:22 com.mongodb.DBTCPConnector fetchMaxBsonObjectSize
경고: Exception determining maxBSON size using0
java.io.IOException: couldn't connect to [/61.250.201.78:27017] bc:java.net.ConnectException: Connection timed out: connect
	at com.mongodb.DBPort._open(DBPort.java:224)
	at com.mongodb.DBPort.go(DBPort.java:101)
	at com.mongodb.DBPort.go(DBPort.java:82)
	at com.mongodb.DBPort.findOne(DBPort.java:142)
	at com.mongodb.DBPort.runCommand(DBPort.java:151)
	at com.mongodb.DBTCPConnector.fetchMaxBsonObjectSize(DBTCPConnector.java:429)
	at com.mongodb.DBTCPConnector.checkMaster(DBTCPConnector.java:416)
	at com.mongodb.DBTCPConnector.say(DBTCPConnector.java:139)
	at com.mongodb.DBTCPConnector.say(DBTCPConnector.java:132)
	at com.mongodb.DBApiLayer$MyCollection.insert(DBApiLayer.java:262)
	at com.mongodb.DBApiLayer$MyCollection.createIndex(DBApiLayer.java:354)
	at com.mongodb.DBCollection.ensureIndex(DBCollection.java:444)
	at com.mongodb.DBCollection.ensureIndex(DBCollection.java:392)
	at net.ion.radon.repository.Workspace.createWorkspace(Workspace.java:64)
	at net.ion.radon.repository.Workspace.load(Workspace.java:43)
	at net.ion.radon.repository.Repository.getWorkspace(Repository.java:28)
	at net.ion.radon.repository.LocalSession.getCurrentWorkspace(LocalSession.java:147)
	at net.ion.radon.repository.LocalSession.dropWorkspace(LocalSession.java:76)
	at net.ion.radon.repository.TestBaseRepository.setUp(TestBaseRepository.java:17)
	at junit.framework.TestCase.runBare(TestCase.java:128)
	at junit.framework.TestResult$1.protect(TestResult.java:106)
	at junit.framework.TestResult.runProtected(TestResult.java:124)
	at junit.framework.TestResult.run(TestResult.java:109)
	at junit.framework.TestCase.run(TestCase.java:120)
	at junit.framework.TestSuite.runTest(TestSuite.java:230)
	at junit.framework.TestSuite.run(TestSuite.java:225)
	at junit.framework.TestSuite.runTest(TestSuite.java:230)
	at junit.framework.TestSuite.run(TestSuite.java:225)
	at junit.framework.TestSuite.runTest(TestSuite.java:230)
	at junit.framework.TestSuite.run(TestSuite.java:225)
	at junit.framework.TestSuite.runTest(TestSuite.java:230)
	at junit.framework.TestSuite.run(TestSuite.java:225)
	at org.apache.tools.ant.taskdefs.optional.junit.JUnitTestRunner.run(JUnitTestRunner.java:421)
	at org.apache.tools.ant.taskdefs.optional.junit.JUnitTestRunner.launch(JUnitTestRunner.java:912)
	at org.apache.tools.ant.taskdefs.optional.junit.JUnitTestRunner.main(JUnitTestRunner.java:766)
2011. 11. 17 오전 10:15:43 com.mongodb.DBPortPool gotError
경고: emptying DBPortPool to 61.250.201.78:27017 b/c of error
java.io.IOException: couldn't connect to [/61.250.201.78:27017] bc:java.net.ConnectException: Connection timed out: connect
	at com.mongodb.DBPort._open(DBPort.java:224)
	at com.mongodb.DBPort.go(DBPort.java:101)
	at com.mongodb.DBPort.go(DBPort.java:82)
	at com.mongodb.DBPort.say(DBPort.java:77)
	at com.mongodb.DBTCPConnector.say(DBTCPConnector.java:146)
	at com.mongodb.DBTCPConnector.say(DBTCPConnector.java:132)
	at com.mongodb.DBApiLayer$MyCollection.insert(DBApiLayer.java:262)
	at com.mongodb.DBApiLayer$MyCollection.createIndex(DBApiLayer.java:354)
	at com.mongodb.DBCollection.ensureIndex(DBCollection.java:444)
	at com.mongodb.DBCollection.ensureIndex(DBCollection.java:392)
	at net.ion.radon.repository.Workspace.createWorkspace(Workspace.java:64)
	at net.ion.radon.repository.Workspace.load(Workspace.java:43)
	at net.ion.radon.repository.Repository.getWorkspace(Repository.java:28)
	at net.ion.radon.repository.LocalSession.getCurrentWorkspace(LocalSession.java:147)
	at net.ion.radon.repository.LocalSession.dropWorkspace(LocalSession.java:76)
	at net.ion.radon.repository.TestBaseRepository.setUp(TestBaseRepository.java:17)
	at junit.framework.TestCase.runBare(TestCase.java:128)
	at junit.framework.TestResult$1.protect(TestResult.java:106)
	at junit.framework.TestResult.runProtected(TestResult.java:124)
	at junit.framework.TestResult.run(TestResult.java:109)
	at junit.framework.TestCase.run(TestCase.java:120)
	at junit.framework.TestSuite.runTest(TestSuite.java:230)
	at junit.framework.TestSuite.run(TestSuite.java:225)
	at junit.framework.TestSuite.runTest(TestSuite.java:230)
	at junit.framework.TestSuite.run(TestSuite.java:225)
	at junit.framework.TestSuite.runTest(TestSuite.java:230)
	at junit.framework.TestSuite.run(TestSuite.java:225)
	at junit.framework.TestSuite.runTest(TestSuite.java:230)
	at junit.framework.TestSuite.run(TestSuite.java:225)
	at org.apache.tools.ant.taskdefs.optional.junit.JUnitTestRunner.run(JUnitTestRunner.java:421)
	at org.apache.tools.ant.taskdefs.optional.junit.JUnitTestRunner.launch(JUnitTestRunner.java:912)
	at org.apache.tools.ant.taskdefs.optional.junit.JUnitTestRunner.main(JUnitTestRunner.java:766)
2011. 11. 17 오전 10:16:04 com.mongodb.DBTCPConnector fetchMaxBsonObjectSize
경고: Exception determining maxBSON size using0
java.io.IOException: couldn't connect to [/61.250.201.78:27017] bc:java.net.ConnectException: Connection timed out: connect
	at com.mongodb.DBPort._open(DBPort.java:224)
	at com.mongodb.DBPort.go(DBPort.java:101)
	at com.mongodb.DBPort.go(DBPort.java:82)
	at com.mongodb.DBPort.findOne(DBPort.java:142)
	at com.mongodb.DBPort.runCommand(DBPort.java:151)
	at com.mongodb.DBTCPConnector.fetchMaxBsonObjectSize(DBTCPConnector.java:429)
	at com.mongodb.Mongo.getMaxBsonObjectSize(Mongo.java:544)
	at com.mongodb.DBApiLayer$MyCollection.insert(DBApiLayer.java:244)
	at com.mongodb.DBApiLayer$MyCollection.createIndex(DBApiLayer.java:354)
	at com.mongodb.DBCollection.ensureIndex(DBCollection.java:444)
	at com.mongodb.DBCollection.ensureIndex(DBCollection.java:392)
	at net.ion.radon.repository.Workspace.createWorkspace(Workspace.java:64)
	at net.ion.radon.repository.Workspace.load(Workspace.java:43)
	at net.ion.radon.repository.Repository.getWorkspace(Repository.java:28)
	at net.ion.radon.repository.LocalSession.getCurrentWorkspace(LocalSession.java:147)
	at net.ion.radon.repository.LocalSession.dropWorkspace(LocalSession.java:76)
	at net.ion.radon.repository.TestBaseRepository.setUp(TestBaseRepository.java:17)
	at junit.framework.TestCase.runBare(TestCase.java:128)
	at junit.framework.TestResult$1.protect(TestResult.java:106)
	at junit.framework.TestResult.runProtected(TestResult.java:124)
	at junit.framework.TestResult.run(TestResult.java:109)
	at junit.framework.TestCase.run(TestCase.java:120)
	at junit.framework.TestSuite.runTest(TestSuite.java:230)
	at junit.framework.TestSuite.run(TestSuite.java:225)
	at junit.framework.TestSuite.runTest(TestSuite.java:230)
	at junit.framework.TestSuite.run(TestSuite.java:225)
	at junit.framework.TestSuite.runTest(TestSuite.java:230)
	at junit.framework.TestSuite.run(TestSuite.java:225)
	at junit.framework.TestSuite.runTest(TestSuite.java:230)
	at junit.framework.TestSuite.run(TestSuite.java:225)
	at org.apache.tools.ant.taskdefs.optional.junit.JUnitTestRunner.run(JUnitTestRunner.java:421)
	at org.apache.tools.ant.taskdefs.optional.junit.JUnitTestRunner.launch(JUnitTestRunner.java:912)
	at org.apache.tools.ant.taskdefs.optional.junit.JUnitTestRunner.main(JUnitTestRunner.java:766)
2011. 11. 17 오전 10:16:25 com.mongodb.DBTCPConnector fetchMaxBsonObjectSize
경고: Exception determining maxBSON size using0
java.io.IOException: couldn't connect to [/61.250.201.78:27017] bc:java.net.ConnectException: Connection timed out: connect
	at com.mongodb.DBPort._open(DBPort.java:224)
	at com.mongodb.DBPort.go(DBPort.java:101)
	at com.mongodb.DBPort.go(DBPort.java:82)
	at com.mongodb.DBPort.findOne(DBPort.java:142)
	at com.mongodb.DBPort.runCommand(DBPort.java:151)
	at com.mongodb.DBTCPConnector.fetchMaxBsonObjectSize(DBTCPConnector.java:429)
	at com.mongodb.DBTCPConnector.checkMaster(DBTCPConnector.java:416)
	at com.mongodb.DBTCPConnector.say(DBTCPConnector.java:139)
	at com.mongodb.DBTCPConnector.say(DBTCPConnector.java:132)
	at com.mongodb.DBApiLayer$MyCollection.insert(DBApiLayer.java:262)
	at com.mongodb.DBApiLayer$MyCollection.createIndex(DBApiLayer.java:354)
	at com.mongodb.DBCollection.ensureIndex(DBCollection.java:444)
	at com.mongodb.DBCollection.ensureIndex(DBCollection.java:392)
	at net.ion.radon.repository.Workspace.createWorkspace(Workspace.java:64)
	at net.ion.radon.repository.Workspace.load(Workspace.java:43)
	at net.ion.radon.repository.Repository.getWorkspace(Repository.java:28)
	at net.ion.radon.repository.LocalSession.getCurrentWorkspace(LocalSession.java:147)
	at net.ion.radon.repository.LocalSession.dropWorkspace(LocalSession.java:76)
	at net.ion.radon.repository.TestBaseRepository.setUp(TestBaseRepository.java:17)
	at junit.framework.TestCase.runBare(TestCase.java:128)
	at junit.framework.TestResult$1.protect(TestResult.java:106)
	at junit.framework.TestResult.runProtected(TestResult.java:124)
	at junit.framework.TestResult.run(TestResult.java:109)
	at junit.framework.TestCase.run(TestCase.java:120)
	at junit.framework.TestSuite.runTest(TestSuite.java:230)
	at junit.framework.TestSuite.run(TestSuite.java:225)
	at junit.framework.TestSuite.runTest(TestSuite.java:230)
	at junit.framework.TestSuite.run(TestSuite.java:225)
	at junit.framework.TestSuite.runTest(TestSuite.java:230)
	at junit.framework.TestSuite.run(TestSuite.java:225)
	at junit.framework.TestSuite.runTest(TestSuite.java:230)
	at junit.framework.TestSuite.run(TestSuite.java:225)
	at org.apache.tools.ant.taskdefs.optional.junit.JUnitTestRunner.run(JUnitTestRunner.java:421)
	at org.apache.tools.ant.taskdefs.optional.junit.JUnitTestRunner.launch(JUnitTestRunner.java:912)
	at org.apache.tools.ant.taskdefs.optional.junit.JUnitTestRunner.main(JUnitTestRunner.java:766)
2011. 11. 17 오전 10:16:46 com.mongodb.DBPortPool gotError
경고: emptying DBPortPool to 61.250.201.78:27017 b/c of error
java.io.IOException: couldn't connect to [/61.250.201.78:27017] bc:java.net.ConnectException: Connection timed out: connect
	at com.mongodb.DBPort._open(DBPort.java:224)
	at com.mongodb.DBPort.go(DBPort.java:101)
	at com.mongodb.DBPort.go(DBPort.java:82)
	at com.mongodb.DBPort.say(DBPort.java:77)
	at com.mongodb.DBTCPConnector.say(DBTCPConnector.java:146)
	at com.mongodb.DBTCPConnector.say(DBTCPConnector.java:132)
	at com.mongodb.DBApiLayer$MyCollection.insert(DBApiLayer.java:262)
	at com.mongodb.DBApiLayer$MyCollection.createIndex(DBApiLayer.java:354)
	at com.mongodb.DBCollection.ensureIndex(DBCollection.java:444)
	at com.mongodb.DBCollection.ensureIndex(DBCollection.java:392)
	at net.ion.radon.repository.Workspace.createWorkspace(Workspace.java:64)
	at net.ion.radon.repository.Workspace.load(Workspace.java:43)
	at net.ion.radon.repository.Repository.getWorkspace(Repository.java:28)
	at net.ion.radon.repository.LocalSession.getCurrentWorkspace(LocalSession.java:147)
	at net.ion.radon.repository.LocalSession.dropWorkspace(LocalSession.java:76)
	at net.ion.radon.repository.TestBaseRepository.setUp(TestBaseRepository.java:17)
	at junit.framework.TestCase.runBare(TestCase.java:128)
	at junit.framework.TestResult$1.protect(TestResult.java:106)
	at junit.framework.TestResult.runProtected(TestResult.java:124)
	at junit.framework.TestResult.run(TestResult.java:109)
	at junit.framework.TestCase.run(TestCase.java:120)
	at junit.framework.TestSuite.runTest(TestSuite.java:230)
	at junit.framework.TestSuite.run(TestSuite.java:225)
	at junit.framework.TestSuite.runTest(TestSuite.java:230)
	at junit.framework.TestSuite.run(TestSuite.java:225)
	at junit.framework.TestSuite.runTest(TestSuite.java:230)
	at junit.framework.TestSuite.run(TestSuite.java:225)
	at junit.framework.TestSuite.runTest(TestSuite.java:230)
	at junit.framework.TestSuite.run(TestSuite.java:225)
	at org.apache.tools.ant.taskdefs.optional.junit.JUnitTestRunner.run(JUnitTestRunner.java:421)
	at org.apache.tools.ant.taskdefs.optional.junit.JUnitTestRunner.launch(JUnitTestRunner.java:912)
	at org.apache.tools.ant.taskdefs.optional.junit.JUnitTestRunner.main(JUnitTestRunner.java:766)
2011. 11. 17 오전 10:17:07 com.mongodb.DBTCPConnector fetchMaxBsonObjectSize
경고: Exception determining maxBSON size using0
java.io.IOException: couldn't connect to [/61.250.201.78:27017] bc:java.net.ConnectException: Connection timed out: connect
	at com.mongodb.DBPort._open(DBPort.java:224)
	at com.mongodb.DBPort.go(DBPort.java:101)
	at com.mongodb.DBPort.go(DBPort.java:82)
	at com.mongodb.DBPort.findOne(DBPort.java:142)
	at com.mongodb.DBPort.runCommand(DBPort.java:151)
	at com.mongodb.DBTCPConnector.fetchMaxBsonObjectSize(DBTCPConnector.java:429)
	at com.mongodb.Mongo.getMaxBsonObjectSize(Mongo.java:544)
	at com.mongodb.DBApiLayer$MyCollection.insert(DBApiLayer.java:244)
	at com.mongodb.DBApiLayer$MyCollection.createIndex(DBApiLayer.java:354)
	at com.mongodb.DBCollection.ensureIndex(DBCollection.java:444)
	at com.mongodb.DBCollection.ensureIndex(DBCollection.java:392)
	at net.ion.radon.repository.Workspace.createWorkspace(Workspace.java:64)
	at net.ion.radon.repository.Workspace.load(Workspace.java:43)
	at net.ion.radon.repository.Repository.getWorkspace(Repository.java:28)
	at net.ion.radon.repository.LocalSession.getCurrentWorkspace(LocalSession.java:147)
	at net.ion.radon.repository.LocalSession.dropWorkspace(LocalSession.java:76)
	at net.ion.radon.repository.TestBaseRepository.setUp(TestBaseRepository.java:17)
	at junit.framework.TestCase.runBare(TestCase.java:128)
	at junit.framework.TestResult$1.protect(TestResult.java:106)
	at junit.framework.TestResult.runProtected(TestResult.java:124)
	at junit.framework.TestResult.run(TestResult.java:109)
	at junit.framework.TestCase.run(TestCase.java:120)
	at junit.framework.TestSuite.runTest(TestSuite.java:230)
	at junit.framework.TestSuite.run(TestSuite.java:225)
	at junit.framework.TestSuite.runTest(TestSuite.java:230)
	at junit.framework.TestSuite.run(TestSuite.java:225)
	at junit.framework.TestSuite.runTest(TestSuite.java:230)
	at junit.framework.TestSuite.run(TestSuite.java:225)
	at junit.framework.TestSuite.runTest(TestSuite.java:230)
	at junit.framework.TestSuite.run(TestSuite.java:225)
	at org.apache.tools.ant.taskdefs.optional.junit.JUnitTestRunner.run(JUnitTestRunner.java:421)
	at org.apache.tools.ant.taskdefs.optional.junit.JUnitTestRunner.launch(JUnitTestRunner.java:912)
	at org.apache.tools.ant.taskdefs.optional.junit.JUnitTestRunner.main(JUnitTestRunner.java:766)
2011. 11. 17 오전 10:17:28 com.mongodb.DBTCPConnector fetchMaxBsonObjectSize
경고: Exception determining maxBSON size using0
java.io.IOException: couldn't connect to [/61.250.201.78:27017] bc:java.net.ConnectException: Connection timed out: connect
	at com.mongodb.DBPort._open(DBPort.java:224)
	at com.mongodb.DBPort.go(DBPort.java:101)
	at com.mongodb.DBPort.go(DBPort.java:82)
	at com.mongodb.DBPort.findOne(DBPort.java:142)
	at com.mongodb.DBPort.runCommand(DBPort.java:151)
	at com.mongodb.DBTCPConnector.fetchMaxBsonObjectSize(DBTCPConnector.java:429)
	at com.mongodb.DBTCPConnector.checkMaster(DBTCPConnector.java:416)
	at com.mongodb.DBTCPConnector.say(DBTCPConnector.java:139)
	at com.mongodb.DBTCPConnector.say(DBTCPConnector.java:132)
	at com.mongodb.DBApiLayer$MyCollection.insert(DBApiLayer.java:262)
	at com.mongodb.DBApiLayer$MyCollection.createIndex(DBApiLayer.java:354)
	at com.mongodb.DBCollection.ensureIndex(DBCollection.java:444)
	at com.mongodb.DBCollection.ensureIndex(DBCollection.java:392)
	at net.ion.radon.repository.Workspace.createWorkspace(Workspace.java:64)
	at net.ion.radon.repository.Workspace.load(Workspace.java:43)
	at net.ion.radon.repository.Repository.getWorkspace(Repository.java:28)
	at net.ion.radon.repository.LocalSession.getCurrentWorkspace(LocalSession.java:147)
	at net.ion.radon.repository.LocalSession.dropWorkspace(LocalSession.java:76)
	at net.ion.radon.repository.TestBaseRepository.setUp(TestBaseRepository.java:17)
	at junit.framework.TestCase.runBare(TestCase.java:128)
	at junit.framework.TestResult$1.protect(TestResult.java:106)
	at junit.framework.TestResult.runProtected(TestResult.java:124)
	at junit.framework.TestResult.run(TestResult.java:109)
	at junit.framework.TestCase.run(TestCase.java:120)
	at junit.framework.TestSuite.runTest(TestSuite.java:230)
	at junit.framework.TestSuite.run(TestSuite.java:225)
	at junit.framework.TestSuite.runTest(TestSuite.java:230)
	at junit.framework.TestSuite.run(TestSuite.java:225)
	at junit.framework.TestSuite.runTest(TestSuite.java:230)
	at junit.framework.TestSuite.run(TestSuite.java:225)
	at junit.framework.TestSuite.runTest(TestSuite.java:230)
	at junit.framework.TestSuite.run(TestSuite.java:225)
	at org.apache.tools.ant.taskdefs.optional.junit.JUnitTestRunner.run(JUnitTestRunner.java:421)
	at org.apache.tools.ant.taskdefs.optional.junit.JUnitTestRunner.launch(JUnitTestRunner.java:912)
	at org.apache.tools.ant.taskdefs.optional.junit.JUnitTestRunner.main(JUnitTestRunner.java:766)
2011. 11. 17 오전 10:17:49 com.mongodb.DBPortPool gotError
경고: emptying DBPortPool to 61.250.201.78:27017 b/c of error
java.io.IOException: couldn't connect to [/61.250.201.78:27017] bc:java.net.ConnectException: Connection timed out: connect
	at com.mongodb.DBPort._open(DBPort.java:224)
	at com.mongodb.DBPort.go(DBPort.java:101)
	at com.mongodb.DBPort.go(DBPort.java:82)
	at com.mongodb.DBPort.say(DBPort.java:77)
	at com.mongodb.DBTCPConnector.say(DBTCPConnector.java:146)
	at com.mongodb.DBTCPConnector.say(DBTCPConnector.java:132)
	at com.mongodb.DBApiLayer$MyCollection.insert(DBApiLayer.java:262)
	at com.mongodb.DBApiLayer$MyCollection.createIndex(DBApiLayer.java:354)
	at com.mongodb.DBCollection.ensureIndex(DBCollection.java:444)
	at com.mongodb.DBCollection.ensureIndex(DBCollection.java:392)
	at net.ion.radon.repository.Workspace.createWorkspace(Workspace.java:64)
	at net.ion.radon.repository.Workspace.load(Workspace.java:43)
	at net.ion.radon.repository.Repository.getWorkspace(Repository.java:28)
	at net.ion.radon.repository.LocalSession.getCurrentWorkspace(LocalSession.java:147)
	at net.ion.radon.repository.LocalSession.dropWorkspace(LocalSession.java:76)
	at net.ion.radon.repository.TestBaseRepository.setUp(TestBaseRepository.java:17)
	at junit.framework.TestCase.runBare(TestCase.java:128)
	at junit.framework.TestResult$1.protect(TestResult.java:106)
	at junit.framework.TestResult.runProtected(TestResult.java:124)
	at junit.framework.TestResult.run(TestResult.java:109)
	at junit.framework.TestCase.run(TestCase.java:120)
	at junit.framework.TestSuite.runTest(TestSuite.java:230)
	at junit.framework.TestSuite.run(TestSuite.java:225)
	at junit.framework.TestSuite.runTest(TestSuite.java:230)
	at junit.framework.TestSuite.run(TestSuite.java:225)
	at junit.framework.TestSuite.runTest(TestSuite.java:230)
	at junit.framework.TestSuite.run(TestSuite.java:225)
	at junit.framework.TestSuite.runTest(TestSuite.java:230)
	at junit.framework.TestSuite.run(TestSuite.java:225)
	at org.apache.tools.ant.taskdefs.optional.junit.JUnitTestRunner.run(JUnitTestRunner.java:421)
	at org.apache.tools.ant.taskdefs.optional.junit.JUnitTestRunner.launch(JUnitTestRunner.java:912)
	at org.apache.tools.ant.taskdefs.optional.junit.JUnitTestRunner.main(JUnitTestRunner.java:766)
2011. 11. 17 오전 10:18:10 com.mongodb.DBTCPConnector fetchMaxBsonObjectSize
경고: Exception determining maxBSON size using0
java.io.IOException: couldn't connect to [/61.250.201.78:27017] bc:java.net.ConnectException: Connection timed out: connect
	at com.mongodb.DBPort._open(DBPort.java:224)
	at com.mongodb.DBPort.go(DBPort.java:101)
	at com.mongodb.DBPort.go(DBPort.java:82)
	at com.mongodb.DBPort.findOne(DBPort.java:142)
	at com.mongodb.DBPort.runCommand(DBPort.java:151)
	at com.mongodb.DBTCPConnector.fetchMaxBsonObjectSize(DBTCPConnector.java:429)
	at com.mongodb.Mongo.getMaxBsonObjectSize(Mongo.java:544)
	at com.mongodb.DBApiLayer$MyCollection.insert(DBApiLayer.java:244)
	at com.mongodb.DBApiLayer$MyCollection.createIndex(DBApiLayer.java:354)
	at com.mongodb.DBCollection.ensureIndex(DBCollection.java:444)
	at com.mongodb.DBCollection.ensureIndex(DBCollection.java:392)
	at net.ion.radon.repository.Workspace.createWorkspace(Workspace.java:64)
	at net.ion.radon.repository.Workspace.load(Workspace.java:43)
	at net.ion.radon.repository.Repository.getWorkspace(Repository.java:28)
	at net.ion.radon.repository.LocalSession.getCurrentWorkspace(LocalSession.java:147)
	at net.ion.radon.repository.LocalSession.dropWorkspace(LocalSession.java:76)
	at net.ion.radon.repository.TestBaseRepository.setUp(TestBaseRepository.java:17)
	at junit.framework.TestCase.runBare(TestCase.java:128)
	at junit.framework.TestResult$1.protect(TestResult.java:106)
	at junit.framework.TestResult.runProtected(TestResult.java:124)
	at junit.framework.TestResult.run(TestResult.java:109)
	at junit.framework.TestCase.run(TestCase.java:120)
	at junit.framework.TestSuite.runTest(TestSuite.java:230)
	at junit.framework.TestSuite.run(TestSuite.java:225)
	at junit.framework.TestSuite.runTest(TestSuite.java:230)
	at junit.framework.TestSuite.run(TestSuite.java:225)
	at junit.framework.TestSuite.runTest(TestSuite.java:230)
	at junit.framework.TestSuite.run(TestSuite.java:225)
	at junit.framework.TestSuite.runTest(TestSuite.java:230)
	at junit.framework.TestSuite.run(TestSuite.java:225)
	at org.apache.tools.ant.taskdefs.optional.junit.JUnitTestRunner.run(JUnitTestRunner.java:421)
	at org.apache.tools.ant.taskdefs.optional.junit.JUnitTestRunner.launch(JUnitTestRunner.java:912)
	at org.apache.tools.ant.taskdefs.optional.junit.JUnitTestRunner.main(JUnitTestRunner.java:766)
2011. 11. 17 오전 10:18:31 com.mongodb.DBTCPConnector fetchMaxBsonObjectSize
경고: Exception determining maxBSON size using0
java.io.IOException: couldn't connect to [/61.250.201.78:27017] bc:java.net.ConnectException: Connection timed out: connect
	at com.mongodb.DBPort._open(DBPort.java:224)
	at com.mongodb.DBPort.go(DBPort.java:101)
	at com.mongodb.DBPort.go(DBPort.java:82)
	at com.mongodb.DBPort.findOne(DBPort.java:142)
	at com.mongodb.DBPort.runCommand(DBPort.java:151)
	at com.mongodb.DBTCPConnector.fetchMaxBsonObjectSize(DBTCPConnector.java:429)
	at com.mongodb.DBTCPConnector.checkMaster(DBTCPConnector.java:416)
	at com.mongodb.DBTCPConnector.say(DBTCPConnector.java:139)
	at com.mongodb.DBTCPConnector.say(DBTCPConnector.java:132)
	at com.mongodb.DBApiLayer$MyCollection.insert(DBApiLayer.java:262)
	at com.mongodb.DBApiLayer$MyCollection.createIndex(DBApiLayer.java:354)
	at com.mongodb.DBCollection.ensureIndex(DBCollection.java:444)
	at com.mongodb.DBCollection.ensureIndex(DBCollection.java:392)
	at net.ion.radon.repository.Workspace.createWorkspace(Workspace.java:64)
	at net.ion.radon.repository.Workspace.load(Workspace.java:43)
	at net.ion.radon.repository.Repository.getWorkspace(Repository.java:28)
	at net.ion.radon.repository.LocalSession.getCurrentWorkspace(LocalSession.java:147)
	at net.ion.radon.repository.LocalSession.dropWorkspace(LocalSession.java:76)
	at net.ion.radon.repository.TestBaseRepository.setUp(TestBaseRepository.java:17)
	at junit.framework.TestCase.runBare(TestCase.java:128)
	at junit.framework.TestResult$1.protect(TestResult.java:106)
	at junit.framework.TestResult.runProtected(TestResult.java:124)
	at junit.framework.TestResult.run(TestResult.java:109)
	at junit.framework.TestCase.run(TestCase.java:120)
	at junit.framework.TestSuite.runTest(TestSuite.java:230)
	at junit.framework.TestSuite.run(TestSuite.java:225)
	at junit.framework.TestSuite.runTest(TestSuite.java:230)
	at junit.framework.TestSuite.run(TestSuite.java:225)
	at junit.framework.TestSuite.runTest(TestSuite.java:230)
	at junit.framework.TestSuite.run(TestSuite.java:225)
	at junit.framework.TestSuite.runTest(TestSuite.java:230)
	at junit.framework.TestSuite.run(TestSuite.java:225)
	at org.apache.tools.ant.taskdefs.optional.junit.JUnitTestRunner.run(JUnitTestRunner.java:421)
	at org.apache.tools.ant.taskdefs.optional.junit.JUnitTestRunner.launch(JUnitTestRunner.java:912)
	at org.apache.tools.ant.taskdefs.optional.junit.JUnitTestRunner.main(JUnitTestRunner.java:766)
2011. 11. 17 오전 10:18:52 com.mongodb.DBPortPool gotError
경고: emptying DBPortPool to 61.250.201.78:27017 b/c of error
java.io.IOException: couldn't connect to [/61.250.201.78:27017] bc:java.net.ConnectException: Connection timed out: connect
	at com.mongodb.DBPort._open(DBPort.java:224)
	at com.mongodb.DBPort.go(DBPort.java:101)
	at com.mongodb.DBPort.go(DBPort.java:82)
	at com.mongodb.DBPort.say(DBPort.java:77)
	at com.mongodb.DBTCPConnector.say(DBTCPConnector.java:146)
	at com.mongodb.DBTCPConnector.say(DBTCPConnector.java:132)
	at com.mongodb.DBApiLayer$MyCollection.insert(DBApiLayer.java:262)
	at com.mongodb.DBApiLayer$MyCollection.createIndex(DBApiLayer.java:354)
	at com.mongodb.DBCollection.ensureIndex(DBCollection.java:444)
	at com.mongodb.DBCollection.ensureIndex(DBCollection.java:392)
	at net.ion.radon.repository.Workspace.createWorkspace(Workspace.java:64)
	at net.ion.radon.repository.Workspace.load(Workspace.java:43)
	at net.ion.radon.repository.Repository.getWorkspace(Repository.java:28)
	at net.ion.radon.repository.LocalSession.getCurrentWorkspace(LocalSession.java:147)
	at net.ion.radon.repository.LocalSession.dropWorkspace(LocalSession.java:76)
	at net.ion.radon.repository.TestBaseRepository.setUp(TestBaseRepository.java:17)
	at junit.framework.TestCase.runBare(TestCase.java:128)
	at junit.framework.TestResult$1.protect(TestResult.java:106)
	at junit.framework.TestResult.runProtected(TestResult.java:124)
	at junit.framework.TestResult.run(TestResult.java:109)
	at junit.framework.TestCase.run(TestCase.java:120)
	at junit.framework.TestSuite.runTest(TestSuite.java:230)
	at junit.framework.TestSuite.run(TestSuite.java:225)
	at junit.framework.TestSuite.runTest(TestSuite.java:230)
	at junit.framework.TestSuite.run(TestSuite.java:225)
	at junit.framework.TestSuite.runTest(TestSuite.java:230)
	at junit.framework.TestSuite.run(TestSuite.java:225)
	at junit.framework.TestSuite.runTest(TestSuite.java:230)
	at junit.framework.TestSuite.run(TestSuite.java:225)
	at org.apache.tools.ant.taskdefs.optional.junit.JUnitTestRunner.run(JUnitTestRunner.java:421)
	at org.apache.tools.ant.taskdefs.optional.junit.JUnitTestRunner.launch(JUnitTestRunner.java:912)
	at org.apache.tools.ant.taskdefs.optional.junit.JUnitTestRunner.main(JUnitTestRunner.java:766)
2011. 11. 17 오전 10:19:13 com.mongodb.DBTCPConnector fetchMaxBsonObjectSize
경고: Exception determining maxBSON size using0
java.io.IOException: couldn't connect to [/61.250.201.78:27017] bc:java.net.ConnectException: Connection timed out: connect
	at com.mongodb.DBPort._open(DBPort.java:224)
	at com.mongodb.DBPort.go(DBPort.java:101)
	at com.mongodb.DBPort.go(DBPort.java:82)
	at com.mongodb.DBPort.findOne(DBPort.java:142)
	at com.mongodb.DBPort.runCommand(DBPort.java:151)
	at com.mongodb.DBTCPConnector.fetchMaxBsonObjectSize(DBTCPConnector.java:429)
	at com.mongodb.Mongo.getMaxBsonObjectSize(Mongo.java:544)
	at com.mongodb.DBApiLayer$MyCollection.insert(DBApiLayer.java:244)
	at com.mongodb.DBApiLayer$MyCollection.createIndex(DBApiLayer.java:354)
	at com.mongodb.DBCollection.ensureIndex(DBCollection.java:444)
	at com.mongodb.DBCollection.ensureIndex(DBCollection.java:392)
	at net.ion.radon.repository.Workspace.createWorkspace(Workspace.java:64)
	at net.ion.radon.repository.Workspace.load(Workspace.java:43)
	at net.ion.radon.repository.Repository.getWorkspace(Repository.java:28)
	at net.ion.radon.repository.LocalSession.getCurrentWorkspace(LocalSession.java:147)
	at net.ion.radon.repository.LocalSession.dropWorkspace(LocalSession.java:76)
	at net.ion.radon.repository.TestBaseRepository.setUp(TestBaseRepository.java:17)
	at junit.framework.TestCase.runBare(TestCase.java:128)
	at junit.framework.TestResult$1.protect(TestResult.java:106)
	at junit.framework.TestResult.runProtected(TestResult.java:124)
	at junit.framework.TestResult.run(TestResult.java:109)
	at junit.framework.TestCase.run(TestCase.java:120)
	at junit.framework.TestSuite.runTest(TestSuite.java:230)
	at junit.framework.TestSuite.run(TestSuite.java:225)
	at junit.framework.TestSuite.runTest(TestSuite.java:230)
	at junit.framework.TestSuite.run(TestSuite.java:225)
	at junit.framework.TestSuite.runTest(TestSuite.java:230)
	at junit.framework.TestSuite.run(TestSuite.java:225)
	at junit.framework.TestSuite.runTest(TestSuite.java:230)
	at junit.framework.TestSuite.run(TestSuite.java:225)
	at org.apache.tools.ant.taskdefs.optional.junit.JUnitTestRunner.run(JUnitTestRunner.java:421)
	at org.apache.tools.ant.taskdefs.optional.junit.JUnitTestRunner.launch(JUnitTestRunner.java:912)
	at org.apache.tools.ant.taskdefs.optional.junit.JUnitTestRunner.main(JUnitTestRunner.java:766)
2011. 11. 17 오전 10:19:34 com.mongodb.DBTCPConnector fetchMaxBsonObjectSize
경고: Exception determining maxBSON size using0
java.io.IOException: couldn't connect to [/61.250.201.78:27017] bc:java.net.ConnectException: Connection timed out: connect
	at com.mongodb.DBPort._open(DBPort.java:224)
	at com.mongodb.DBPort.go(DBPort.java:101)
	at com.mongodb.DBPort.go(DBPort.java:82)
	at com.mongodb.DBPort.findOne(DBPort.java:142)
	at com.mongodb.DBPort.runCommand(DBPort.java:151)
	at com.mongodb.DBTCPConnector.fetchMaxBsonObjectSize(DBTCPConnector.java:429)
	at com.mongodb.DBTCPConnector.checkMaster(DBTCPConnector.java:416)
	at com.mongodb.DBTCPConnector.say(DBTCPConnector.java:139)
	at com.mongodb.DBTCPConnector.say(DBTCPConnector.java:132)
	at com.mongodb.DBApiLayer$MyCollection.insert(DBApiLayer.java:262)
	at com.mongodb.DBApiLayer$MyCollection.createIndex(DBApiLayer.java:354)
	at com.mongodb.DBCollection.ensureIndex(DBCollection.java:444)
	at com.mongodb.DBCollection.ensureIndex(DBCollection.java:392)
	at net.ion.radon.repository.Workspace.createWorkspace(Workspace.java:64)
	at net.ion.radon.repository.Workspace.load(Workspace.java:43)
	at net.ion.radon.repository.Repository.getWorkspace(Repository.java:28)
	at net.ion.radon.repository.LocalSession.getCurrentWorkspace(LocalSession.java:147)
	at net.ion.radon.repository.LocalSession.dropWorkspace(LocalSession.java:76)
	at net.ion.radon.repository.TestBaseRepository.setUp(TestBaseRepository.java:17)
	at junit.framework.TestCase.runBare(TestCase.java:128)
	at junit.framework.TestResult$1.protect(TestResult.java:106)
	at junit.framework.TestResult.runProtected(TestResult.java:124)
	at junit.framework.TestResult.run(TestResult.java:109)
	at junit.framework.TestCase.run(TestCase.java:120)
	at junit.framework.TestSuite.runTest(TestSuite.java:230)
	at junit.framework.TestSuite.run(TestSuite.java:225)
	at junit.framework.TestSuite.runTest(TestSuite.java:230)
	at junit.framework.TestSuite.run(TestSuite.java:225)
	at junit.framework.TestSuite.runTest(TestSuite.java:230)
	at junit.framework.TestSuite.run(TestSuite.java:225)
	at junit.framework.TestSuite.runTest(TestSuite.java:230)
	at junit.framework.TestSuite.run(TestSuite.java:225)
	at org.apache.tools.ant.taskdefs.optional.junit.JUnitTestRunner.run(JUnitTestRunner.java:421)
	at org.apache.tools.ant.taskdefs.optional.junit.JUnitTestRunner.launch(JUnitTestRunner.java:912)
	at org.apache.tools.ant.taskdefs.optional.junit.JUnitTestRunner.main(JUnitTestRunner.java:766)
2011. 11. 17 오전 10:19:55 com.mongodb.DBPortPool gotError
경고: emptying DBPortPool to 61.250.201.78:27017 b/c of error
java.io.IOException: couldn't connect to [/61.250.201.78:27017] bc:java.net.ConnectException: Connection timed out: connect
	at com.mongodb.DBPort._open(DBPort.java:224)
	at com.mongodb.DBPort.go(DBPort.java:101)
	at com.mongodb.DBPort.go(DBPort.java:82)
	at com.mongodb.DBPort.say(DBPort.java:77)
	at com.mongodb.DBTCPConnector.say(DBTCPConnector.java:146)
	at com.mongodb.DBTCPConnector.say(DBTCPConnector.java:132)
	at com.mongodb.DBApiLayer$MyCollection.insert(DBApiLayer.java:262)
	at com.mongodb.DBApiLayer$MyCollection.createIndex(DBApiLayer.java:354)
	at com.mongodb.DBCollection.ensureIndex(DBCollection.java:444)
	at com.mongodb.DBCollection.ensureIndex(DBCollection.java:392)
	at net.ion.radon.repository.Workspace.createWorkspace(Workspace.java:64)
	at net.ion.radon.repository.Workspace.load(Workspace.java:43)
	at net.ion.radon.repository.Repository.getWorkspace(Repository.java:28)
	at net.ion.radon.repository.LocalSession.getCurrentWorkspace(LocalSession.java:147)
	at net.ion.radon.repository.LocalSession.dropWorkspace(LocalSession.java:76)
	at net.ion.radon.repository.TestBaseRepository.setUp(TestBaseRepository.java:17)
	at junit.framework.TestCase.runBare(TestCase.java:128)
	at junit.framework.TestResult$1.protect(TestResult.java:106)
	at junit.framework.TestResult.runProtected(TestResult.java:124)
	at junit.framework.TestResult.run(TestResult.java:109)
	at junit.framework.TestCase.run(TestCase.java:120)
	at junit.framework.TestSuite.runTest(TestSuite.java:230)
	at junit.framework.TestSuite.run(TestSuite.java:225)
	at junit.framework.TestSuite.runTest(TestSuite.java:230)
	at junit.framework.TestSuite.run(TestSuite.java:225)
	at junit.framework.TestSuite.runTest(TestSuite.java:230)
	at junit.framework.TestSuite.run(TestSuite.java:225)
	at junit.framework.TestSuite.runTest(TestSuite.java:230)
	at junit.framework.TestSuite.run(TestSuite.java:225)
	at org.apache.tools.ant.taskdefs.optional.junit.JUnitTestRunner.run(JUnitTestRunner.java:421)
	at org.apache.tools.ant.taskdefs.optional.junit.JUnitTestRunner.launch(JUnitTestRunner.java:912)
	at org.apache.tools.ant.taskdefs.optional.junit.JUnitTestRunner.main(JUnitTestRunner.java:766)
]]></system-err>
</testsuite>
